

Starting Toontown Online...
Current time: Mon Oct 24 15:43:44 2022 Eastern Standard Time
sys.path =  ['', 'C:\\Toontown-Last-Laff-Workspace-10-21-2022\\src\\Panda3D-1.11.0-x64\\python\\python27.zip', 'C:\\Panda3D-1.11.0-x64', 'C:\\Toontown-Last-Laff-Workspace-10-21-2022\\src\\Panda3D-1.11.0-x64\\python\\DLLs', 'C:\\Toontown-Last-Laff-Workspace-10-21-2022\\src\\Panda3D-1.11.0-x64\\python\\lib', 'C:\\Toontown-Last-Laff-Workspace-10-21-2022\\src\\Panda3D-1.11.0-x64\\python\\lib\\plat-win', 'C:\\Toontown-Last-Laff-Workspace-10-21-2022\\src\\Panda3D-1.11.0-x64\\python\\lib\\lib-tk', 'C:\\Toontown-Last-Laff-Workspace-10-21-2022\\src\\Panda3D-1.11.0-x64\\python', 'C:\\Toontown-Last-Laff-Workspace-10-21-2022\\src\\Panda3D-1.11.0-x64', 'C:\\Toontown-Last-Laff-Workspace-10-21-2022\\src\\Panda3D-1.11.0-x64\\bin', 'C:\\Toontown-Last-Laff-Workspace-10-21-2022\\src\\Panda3D-1.11.0-x64\\python\\lib\\site-packages']
sys.argv =  ['C:\\Toontown-Last-Laff-Workspace-10-21-2022\\src\\toontown\\launcher\\TTOffQuickStartLauncher.py']
generating standard configrc
os.environ =  {'TMP': 'C:\\Users\\Philip\\AppData\\Local\\Temp', 'COMPUTERNAME': 'PHILIP-JR', 'USERDOMAIN': 'PHILIP-JR', 'NEKO_INSTPATH': 'C:\\HaxeToolkit\\neko', 'PSMODULEPATH': 'C:\\WINDOWS\\system32\\WindowsPowerShell\\v1.0\\Modules\\', 'DOKANLIBRARY1': 'C:\\Program Files\\Dokan\\Dokan Library-1.4.1\\', 'ADSK_3DSMAX_X64_2021': 'C:\\Program Files\\Autodesk\\3ds Max 2021\\', 'PROCESSOR_IDENTIFIER': 'Intel64 Family 6 Model 45 Stepping 7, GenuineIntel', 'VBOX_MSI_INSTALL_PATH': 'C:\\Program Files\\Oracle\\VirtualBox\\', 'PROGRAMFILES': 'C:\\Program Files', 'PROCESSOR_REVISION': '2d07', 'PATH': 'C:\\Panda3D-1.11.0-x64\\panda3d\\..\\bin;C:\\Program Files (x86)\\Common Files\\Oracle\\Java\\javapath;C:\\Windows\\system32;C:\\Windows;C:\\Windows\\System32\\Wbem;C:\\Windows\\System32\\WindowsPowerShell\\v1.0\\;C:\\Program Files (x86)\\NVIDIA Corporation\\PhysX\\Common;C:\\Program Files\\Git\\cmd;C:\\WINDOWS\\system32;C:\\WINDOWS;C:\\WINDOWS\\System32\\Wbem;C:\\WINDOWS\\System32\\WindowsPowerShell\\v1.0\\;C:\\Program Files\\dotnet\\;C:\\Program Files\\Common Files\\Autodesk Shared\\;C:\\Program Files\\Microsoft SQL Server\\120\\Tools\\Binn\\;C:\\HaxeToolkit\\haxe;C:\\HaxeToolkit\\neko;C:\\Program Files\\Animation Paper\\gstreamer\\bin;C:\\Program Files\\PuTTY\\;C:\\Program Files\\NVIDIA Corporation\\NVIDIA NvDLISR;C:\\Program Files (x86)\\Windows Live\\Shared;C:\\HaxeToolkit\\haxe;C:\\HaxeToolkit\\neko;C:\\Program Files (x86)\\Windows Kits\\8.1\\Windows Performance Toolkit\\;C:\\Users\\Philip\\anaconda3;C:\\Users\\Philip\\anaconda3\\Library\\mingw-w64\\bin;C:\\Users\\Philip\\anaconda3\\Library\\usr\\bin;C:\\Users\\Philip\\anaconda3\\Library\\bin;C:\\Users\\Philip\\anaconda3\\Scripts;C:\\Program Files\\MySQL\\MySQL Shell 8.0\\bin\\;C:\\Panda3D-1.10.02\\python;C:\\Panda3D-1.10.02\\python\\Scripts;C:\\Panda3D-1.10.02\\bin;C:\\Panda3D-1.11.0-x64-py2\\python;C:\\Panda3D-1.11.0-x64-py2\\python\\Scripts;C:\\Panda3D-1.11.0-x64-py2\\bin;C:\\Users\\Philip\\AppData\\Local\\GitHubDesktop\\bin;C:\\Panda3D-1.9.0\\python;C:\\Panda3D-1.9.0\\python\\Scripts;C:\\Panda3D-1.9.0\\bin;C:\\Panda3D-1.10.0-x64\\python;C:\\Panda3D-1.10.0-x64\\python\\Scripts;C:\\Panda3D-1.10.0-x64\\bin;C:\\Users\\Philip\\AppData\\Local\\atom\\bin;C:\\Panda3D-1.10.0\\python;C:\\Panda3D-1.10.0\\python\\Scripts;C:\\Panda3D-1.10.0\\bin;C:\\Panda3D-1.11.0-x64-astron\\python;C:\\Panda3D-1.11.0-x64-astron\\python\\Scripts;C:\\Panda3D-1.11.0-x64-astron\\bin;C:\\Panda3D-1.11.0-x64\\python;C:\\Panda3D-1.11.0-x64\\python\\Scripts;C:\\Panda3D-1.11.0-x64\\bin;C:\\Panda3D-1.10.9-x64\\python;C:\\Panda3D-1.10.9-x64\\python\\Scrip;C:\\Users\\Philip\\AppData\\Local\\Programs\\Microsoft VS Code\\bin;C:\\Users\\Philip\\.dotnet\\tools;%C:\\Program Files (x86)\\Windows Kits\\8.1\\bin\\x86\\rc.exe%;%C:\\Program Files (x86)\\Microsoft Visual Studio\\2019\\BuildTools\\Common7\\IDE%;C:\\Program Files\\JetBrains\\PyCharm Community Edition 2022.2.3\\bin;', 'SYSTEMROOT': 'C:\\WINDOWS', 'NUMBER_OF_PROCESSORS': '8', 'PROGRAMFILES(X86)': 'C:\\Program Files (x86)', 'COMSPEC': 'C:\\WINDOWS\\system32\\cmd.exe', 'KMP_BLOCKTIME': '0', 'PPYTHON_PATH': '"Panda3D-1.11.0-x64\\python\\ppython.exe"', 'PYCHARM COMMUNITY EDITION': 'C:\\Program Files\\JetBrains\\PyCharm Community Edition 2022.2.3\\bin;', 'COMMONPROGRAMFILES(X86)': 'C:\\Program Files (x86)\\Common Files', 'PROCESSOR_ARCHITECTURE': 'AMD64', 'DOKANLIBRARY1_LIBRARYPATH_X64': 'C:\\Program Files\\Dokan\\Dokan Library-1.4.1\\lib\\', 'ALLUSERSPROFILE': 'C:\\ProgramData', 'LOCALAPPDATA': 'C:\\Users\\Philip\\AppData\\Local', 'HOMEPATH': '\\Users\\Philip', 'USERDOMAIN_ROAMINGPROFILE': 'PHILIP-JR', 'PROGRAMW6432': 'C:\\Program Files', 'USERNAME': 'Philip', 'FP_NO_HOST_CHECK': 'NO', 'DOKANLIBRARY1_LIBRARYPATH_X86': 'C:\\Program Files\\Dokan\\Dokan Library-1.4.1\\x86\\lib\\', 'LOGONSERVER': '\\\\MicrosoftAccount', 'PROMPT': '$P$G', 'SESSIONNAME': 'Console', 'PROGRAMDATA': 'C:\\ProgramData', 'COMMONPROGRAMFILES': 'C:\\Program Files\\Common Files', 'TEMP': 'C:\\Users\\Philip\\AppData\\Local\\Temp', 'HAXEPATH': 'C:\\HaxeToolkit\\haxe', 'PATHEXT': '.COM;.EXE;.BAT;.CMD;.VBS;.VBE;.JS;.JSE;.WSF;.WSH;.MSC', 'TTOFF_LOGIN_TOKEN': 'dev', 'VS160COMCOMNTOOLS': 'C:\\Program Files (x86)\\Microsoft Visual Studio\\2019\\Community\\Common7\\Tools\\', 'WINDIR': 'C:\\WINDOWS', 'OMP_WAIT_POLICY': 'PASSIVE', 'MONGO': 'C:\\mongodb-win32-x86_64-windows-4.4.4/bin', 'HOMEDRIVE': 'C:', 'SYSTEMDRIVE': 'C:', 'PUBLIC': 'C:\\Users\\Public', 'APPDATA': 'C:\\Users\\Philip\\AppData\\Roaming', 'PROCESSOR_LEVEL': '6', 'CIOENGINE': 'C:\\cio-panda3d', 'COMMONPROGRAMW6432': 'C:\\Program Files\\Common Files', 'OS': 'Windows_NT', 'ADSK_CLM_WPAD_PROXY_CHECK': 'FALSE', 'USERPROFILE': 'C:\\Users\\Philip'}
:10-24-2022 15:43:44 TTOffLauncher: isTestServer: 0
:10-24-2022 15:43:44 TTOffLauncher: Game Server 127.0.0.1
:10-24-2022 15:43:44 TTOffLauncher: Starting Toontown Online... 
:10-24-2022 15:43:44 TTOffLauncher: foreground: Launcher now operating in foreground
useTTOffSpecificLogin=True
:10-24-2022 15:43:44 TTOffLauncher: maybeStartGame: starting game
:10-24-2022 15:43:44 TTOffLauncher: Starting Toontown Online...
:10-24-2022 15:43:44 TTOffLauncher: background: Launcher now operating in background
ToontownStart: Polling for game2 to finish...
ToontownStart: Game2 is finished.
ToontownStart: Starting the game.
ToontownStart: setting default font
:10-24-2022 15:43:44 TTOffLauncher: setting panda error code to 7
Known pipe types:
  wglGraphicsPipe
(all display modules loaded.)
:10-24-2022 15:43:44 ToonBase: Default graphics pipe is wglGraphicsPipe (OpenGL).
:10-24-2022 15:43:45 :display(warning): FrameBufferProperties available less than requested.
  requested: depth_bits=24 color_bits=3 red_bits=1 green_bits=1 blue_bits=1 alpha_bits=1 multisamples=70 back_buffers=1 force_hardware 
  got: depth_bits=24 color_bits=24 red_bits=8 green_bits=8 blue_bits=8 alpha_bits=8 accum_bits=64 multisamples=16 back_buffers=1 force_hardware 
:10-24-2022 15:43:45 ToonBase: Successfully opened window of type wglGraphicsWindow (OpenGL)
:10-24-2022 15:43:45 ShowBase: __dev__ == False
:10-24-2022 15:43:45 TTOffLauncher: setting panda error code to 11
:10-24-2022 15:43:45 TTOffLauncher: setting panda error code to 0
ToontownStart: Loading default gui sounds
ToontownStart: serverVersion:  tto-dev
:10-24-2022 15:43:45 Loader: starting bulk load of block 'init'
:10-24-2022 15:43:46 :nativenet(error): Buffered_DatagramConnection Constructor rbufsize = 4096000 wbufsize = 4096000 write_flush_point = 1400
:10-24-2022 15:43:46 OTPClientRepository: Using connect method 'http'
:10-24-2022 15:43:47 TTOffLauncher: getRegistry ('DEPLOYMENT', None)
:10-24-2022 15:43:47 TTOffLauncher: checking env
:10-24-2022 15:43:47 TTOffLauncher: getRegistry ('GAME_DEPLOYMENT', None)
:10-24-2022 15:43:47 TTOffLauncher: checking env
:10-24-2022 15:43:47 OTPClientRepository: reg_deployment=
:10-24-2022 15:43:47 OTPClientRepository: required-login auto.
:10-24-2022 15:43:47 OTPClientRepository: loginInterface: LoginTTOffAccount
:10-24-2022 15:43:47 TTOffLauncher: getNeedPwForSecretKey using ttoff-specific-login
:10-24-2022 15:43:47 Loader: At end of block 'init', expected 138, loaded 7, duration=1.51322252718
:10-24-2022 15:43:47 OTPClientRepository: Connecting to gameserver directly (no proxy).
:10-24-2022 15:43:47 OTPClientRepository: Connecting to //127.0.0.1:7198 via HTTP interface.
:10-24-2022 15:43:47 TTOffLauncher: Stopping mini task manager.
:10-24-2022 15:43:47 OTPClientRepository: Successfully connected to //127.0.0.1:7198.
:10-24-2022 15:43:47 TTOffLauncher: Setting Disconnect Details normal
{402000001: <toontown.distributed.ToontownDistrict.ToontownDistrict instance at 0x000000001709AC48>}
:10-24-2022 15:43:49 StateData: AvatarChooser.enter
:10-24-2022 15:43:49 DisplayOptions: settingsFullScreen = False, embedded = False width=800 height=600
:10-24-2022 15:43:49 StateData: calling self.displayOptions.restrictToEmbedded(False)
:10-24-2022 15:43:50 OTPClientRepository: ================
:10-24-2022 15:43:50 OTPClientRepository: Chose avatar id: 100000001
:10-24-2022 15:43:50 OTPClientRepository: Chose avatar name: Wittybumble
:10-24-2022 15:43:50 OTPClientRepository: Chose avatar dna: ('dss', 'ms', 'm', 'm', 6, 0, 6, 6, 1, 9, 1, 9, 1, 18)
:10-24-2022 15:43:50 OTPClientRepository: Chose avatar position: 1
:10-24-2022 15:43:50 OTPClientRepository: isPaid: 1
:10-24-2022 15:43:50 OTPClientRepository: freeTimeLeft: 0
:10-24-2022 15:43:50 OTPClientRepository: allowSecretChat: True
:10-24-2022 15:43:50 OTPClientRepository: ================
:10-24-2022 15:43:51 Loader: starting bulk load of block 'localAvatarPlayGame'
:10-24-2022 15:43:51 ToontownTimeManager(warning): error parsing date string=
:10-24-2022 15:43:51 Actor(warning): no part named head-front*!
local
:10-24-2022 15:43:51 NewsPageButtonManager(warning): Should not get here. NewsPageButtonManager.exitOff
:10-24-2022 15:43:52 :pnmimage:png(warning): iCCP: known incorrect sRGB profile
:10-24-2022 15:43:54 Actor(warning): no part named head-front*!
:10-24-2022 15:43:54 OTPClientRepository: Entering shard 402000001
:10-24-2022 15:43:54 StreetSign: Street sign url is https://ttoffline.com/images/
:10-24-2022 15:43:55 TimeManager: Clock sync: TimeManager.announceGenerate
:10-24-2022 15:43:55 NewsManager: setHolidayId: Starting Holiday 26
:10-24-2022 15:43:55 NewsManager: setHolidayId: Starting Holiday 14
:10-24-2022 15:43:55 InGameNewsMgr: latestIssue=2013-08-22 16:49:46.000003-07:00
cpu info: GenuineIntel|        Intel(R) Core(TM) i7-3820 CPU @ 3.60GHz|132823|0|3.601,3.601|4,8 cpus
:10-24-2022 15:43:56 OTPClientRepository: No sync from TimeManager.
:10-24-2022 15:43:56 OTPClientRepository: gotTimeSync
:10-24-2022 15:43:56 Loader: At end of block 'localAvatarPlayGame', expected 400, loaded 22, duration=5.87556906602
:10-24-2022 15:43:56 TimeManager: Clock sync roundtrip took 1161.756 ms
:10-24-2022 15:43:56 TimeManager: AI time delta is -0:01 from server delta
:10-24-2022 15:43:56 TimeManager: Local clock uncertainty +/- 0.581 s
:10-24-2022 15:43:56 PlayGame: QA-REGRESSION: NEIGHBORHOODS: Visit Sellbot HQ
:10-24-2022 15:43:56 Loader: starting bulk load of block 'hood'
:10-24-2022 15:43:57 OTPClientRepository: Sending heartbeat mid-frame.
:10-24-2022 15:43:57 TownBattleSuitPanel: Loading Suit Battle Panel!
:10-24-2022 15:43:57 TownBattleSuitPanel: Loading Suit Battle Panel!
:10-24-2022 15:43:57 TownBattleSuitPanel: Loading Suit Battle Panel!
:10-24-2022 15:43:57 TownBattleSuitPanel: Loading Suit Battle Panel!
:10-24-2022 15:43:57 TownBattleSuitPanel: Loading Suit Battle Panel!
:10-24-2022 15:43:57 TownBattleSuitPanel: Loading Suit Battle Panel!
:10-24-2022 15:43:57 TownBattleSuitPanel: Loading Suit Battle Panel!
:10-24-2022 15:43:57 TownBattleSuitPanel: Loading Suit Battle Panel!
:10-24-2022 15:43:58 SellbotCogHQLoader: loadPlaceGeom: 11000
:10-24-2022 15:43:58 DistributedObject: DistributedSuitPlanner 402002946: generating
:10-24-2022 15:43:58 DistributedToon: calling LocalAvatar.startchat
:10-24-2022 15:43:58 :loader(error): Couldn't load file phase_4/models/questmap/cog_hq_sellbot_maps.bam: not found on model path (currently: "/;/c/Toontown-Last-Laff-Workspace-10-21-2022/src/toontown/launcher;/c/Panda3D-1.11.0-x64/etc/..;/c/Panda3D-1.11.0-x64/etc/../models")
:10-24-2022 15:43:58 Loader: At end of block 'hood', expected 43, loaded 7, duration=1.67995968858
:10-24-2022 15:43:59 Teleport(debug): teleportInDone: walk
:10-24-2022 15:43:59 :loader(error): Couldn't load file phase_4/models/questmap/cog_hq_sellbot_maps.bam: not found on model path (currently: "/;/c/Toontown-Last-Laff-Workspace-10-21-2022/src/toontown/launcher;/c/Panda3D-1.11.0-x64/etc/..;/c/Panda3D-1.11.0-x64/etc/../models")
:10-24-2022 15:44:25 SellbotHQExterior: QA-REGRESSION: COGBATTLE: Enter Battle
Battle Event localtoon-battle-event-3
:10-24-2022 15:44:42 ClassicFSM(warning): [DistributedSuit]: no transition exists from Walk to FromCogHQ
:10-24-2022 15:44:51 :loader(error): Couldn't load file phase_4/models/questmap/cog_hq_sellbot_maps.bam: not found on model path (currently: "/;/c/Toontown-Last-Laff-Workspace-10-21-2022/src/toontown/launcher;/c/Panda3D-1.11.0-x64/etc/..;/c/Panda3D-1.11.0-x64/etc/../models")
:10-24-2022 15:45:19 ClassicFSM(warning): [DistributedSuit]: no transition exists from Walk to FromCogHQ
:10-24-2022 15:45:29 ClassicFSM(warning): [DistributedSuit]: no transition exists from Walk to FromCogHQ
:10-24-2022 15:45:52 ClassicFSM(warning): [DistributedSuit]: no transition exists from Walk to FromCogHQ
:10-24-2022 15:46:03 ClassicFSM(warning): [DistributedSuit]: no transition exists from Walk to FromCogHQ
:10-24-2022 15:46:29 ClassicFSM(warning): [DistributedSuit]: no transition exists from Walk to FromCogHQ
:10-24-2022 15:47:05 ClassicFSM(warning): [DistributedSuit]: no transition exists from Walk to FromCogHQ
:10-24-2022 15:47:18 ClassicFSM(warning): [DistributedSuit]: no transition exists from Walk to FromCogHQ
:10-24-2022 15:47:42 ClassicFSM(warning): [DistributedSuit]: no transition exists from Walk to FromCogHQ
:10-24-2022 15:47:46 ClassicFSM(warning): [DistributedSuit]: no transition exists from Walk to FromCogHQ
:10-24-2022 15:48:01 ClassicFSM(warning): [DistributedSuit]: no transition exists from Walk to FromCogHQ
:10-24-2022 15:48:05 ClassicFSM(warning): [DistributedSuit]: no transition exists from Walk to FromCogHQ
:10-24-2022 15:48:33 ClassicFSM(warning): [DistributedSuit]: no transition exists from Walk to FromCogHQ
adding timeout task
adding timeout task
frame rate: 115.0 fps|0.004d|8 avs||309|309||0x0000|0x0000|681.7MB|666.0MB|16302.1MB|678|nt.2.6.2|3.601,3.601|4,8 cpus|OpenGL
:10-24-2022 15:49:13 ClassicFSM(warning): [DistributedSuit]: no transition exists from Walk to FromCogHQ
:10-24-2022 15:49:39 ClassicFSM(warning): [DistributedSuit]: no transition exists from Walk to FromCogHQ
:10-24-2022 15:49:53 ClassicFSM(warning): [DistributedSuit]: no transition exists from Walk to FromCogHQ
:10-24-2022 15:50:14 ClassicFSM(warning): [DistributedSuit]: no transition exists from Walk to FromCogHQ
:10-24-2022 15:50:38 ClassicFSM(warning): [DistributedSuit]: no transition exists from Walk to FromCogHQ
:10-24-2022 15:50:51 ClassicFSM(warning): [DistributedSuit]: no transition exists from Walk to FromCogHQ
:10-24-2022 15:51:06 ClassicFSM(warning): [DistributedSuit]: no transition exists from Walk to FromCogHQ
:10-24-2022 15:51:10 ClassicFSM(warning): [DistributedSuit]: no transition exists from Walk to FromCogHQ
:10-24-2022 15:51:33 ClassicFSM(warning): [DistributedSuit]: no transition exists from Walk to FromCogHQ
:10-24-2022 15:51:40 ClassicFSM(warning): [DistributedSuit]: no transition exists from Walk to FromCogHQ
:10-24-2022 15:52:37 ClassicFSM(warning): [DistributedSuit]: no transition exists from Walk to FromCogHQ
:10-24-2022 15:52:47 ClassicFSM(warning): [DistributedSuit]: no transition exists from Walk to FromCogHQ
:10-24-2022 15:52:59 ClassicFSM(warning): [DistributedSuit]: no transition exists from Walk to FromCogHQ
:10-24-2022 15:53:08 OTPClientRepository: Sending heartbeat mid-frame.
:10-24-2022 15:53:08 ClassicFSM(warning): [DistributedSuit]: no transition exists from Walk to FromCogHQ
:10-24-2022 15:53:26 ClassicFSM(warning): [DistributedSuit]: no transition exists from Walk to FromCogHQ
:10-24-2022 15:53:35 ClassicFSM(warning): [DistributedSuit]: no transition exists from Walk to FromCogHQ
:10-24-2022 15:53:46 ClassicFSM(warning): [DistributedSuit]: no transition exists from Walk to FromCogHQ
:10-24-2022 15:53:46 ClassicFSM(warning): [DistributedSuit]: no transition exists from Walk to FromCogHQ
frame rate: 127.4 fps|0.002d|8 avs||609|609||0x0000|0x0000|716.8MB|701.1MB|16302.1MB|687|nt.2.6.2|3.601,3.601|4,8 cpus|OpenGL
:10-24-2022 15:54:11 ClassicFSM(warning): [DistributedSuit]: no transition exists from Walk to FromCogHQ
:10-24-2022 15:54:30 ClassicFSM(warning): [DistributedSuit]: no transition exists from Walk to FromCogHQ
:10-24-2022 15:55:01 ClassicFSM(warning): [DistributedSuit]: no transition exists from Walk to FromCogHQ
:10-24-2022 15:55:13 ClassicFSM(warning): [DistributedSuit]: no transition exists from Walk to FromCogHQ
:10-24-2022 15:55:32 ClassicFSM(warning): [DistributedSuit]: no transition exists from Walk to FromCogHQ
:10-24-2022 15:56:26 ClassicFSM(warning): [DistributedSuit]: no transition exists from Walk to FromCogHQ
:10-24-2022 15:56:57 ClassicFSM(warning): [DistributedSuit]: no transition exists from Walk to FromCogHQ
:10-24-2022 15:57:00 ClassicFSM(warning): [DistributedSuit]: no transition exists from Walk to FromCogHQ
:10-24-2022 15:58:02 ClassicFSM(warning): [DistributedSuit]: no transition exists from Walk to FromCogHQ
:10-24-2022 15:58:33 ClassicFSM(warning): [DistributedSuit]: no transition exists from Walk to FromCogHQ
handling timeout
:10-24-2022 15:58:41 ClassicFSM(warning): [DistributedSuit]: no transition exists from Walk to FromCogHQ
:10-24-2022 15:58:43 DistributedToon: closing shard...
:10-24-2022 15:58:43 SellbotHQExterior: Unloading Place (11004). Fsm in final
:10-24-2022 15:58:43 OTPClientRepository: Exiting shard
:10-24-2022 15:58:43 DistributedObject: DistributedSuitPlanner 402002946: disabling
ignoring InputState-forward
:10-24-2022 15:58:43 OTPClientRepository: sending clientLogout
Assertion failed: _error_type != ET_not_found at line 592 of panda/src/pgraph/nodePath.cxx
Traceback (most recent call last):
  File "C:\Panda3D-1.11.0-x64\direct\distributed\ConnectionRepository.py", line 609, in readerPollUntilEmpty
    while self.readerPollOnce():
  File "C:\Panda3D-1.11.0-x64\direct\distributed\ConnectionRepository.py", line 616, in readerPollOnce
    self.handleDatagram(self.private__di)
  File "otp\distributed\OTPClientRepository.py", line 1838, in handleDatagram
    self.handler(msgType, di)
  File "toontown\distributed\ToontownClientRepository.py", line 528, in handleCloseShard
    self.handleMessageType(msgType, di)
  File "otp\distributed\OTPClientRepository.py", line 1732, in handleMessageType
    self.gotInterestDoneMessage(di)
  File "otp\distributed\OTPClientRepository.py", line 1759, in gotInterestDoneMessage
    self.handleInterestDoneMessage(di)
  File "C:\Panda3D-1.11.0-x64\direct\distributed\DoInterestManager.py", line 621, in handleInterestDoneMessage
    messenger.send(event)
  File "C:\Panda3D-1.11.0-x64\direct\showbase\Messenger.py", line 333, in send
    self.__dispatch(acceptorDict, event, sentArgs, foundWatch)
  File "C:\Panda3D-1.11.0-x64\direct\showbase\Messenger.py", line 418, in __dispatch
    result = method (*(extraArgs + sentArgs))
  File "C:\Panda3D-1.11.0-x64\direct\showbase\PythonUtil.py", line 124, in _do__call__
    return self._function(*(self._args + args), **_kargs)
  File "toontown\distributed\ToontownClientRepository.py", line 613, in _tcrRemoveShardInterestDone
    callback()
  File "otp\otpbase\PythonUtil.py", line 122, in _do__call__
    return self._function(*(self._args + args), **_kargs)
  File "otp\distributed\OTPClientRepository.py", line 1329, in _removeShardInterestComplete
    self._callRemoveShardInterestCallback(callback, None)
  File "otp\distributed\OTPClientRepository.py", line 1334, in _callRemoveShardInterestCallback
    callback()
  File "otp\otpbase\PythonUtil.py", line 122, in _do__call__
    return self._function(*(self._args + args), **_kargs)
  File "C:\Panda3D-1.11.0-x64\direct\fsm\ClassicFSM.py", line 281, in request
    exitArgList)
  File "C:\Panda3D-1.11.0-x64\direct\fsm\ClassicFSM.py", line 227, in __transition
    self.__exitCurrent(exitArgList)
  File "C:\Panda3D-1.11.0-x64\direct\fsm\ClassicFSM.py", line 185, in __exitCurrent
    self.__currentState.exit(argList)
  File "C:\Panda3D-1.11.0-x64\direct\fsm\State.py", line 213, in exit
    self.__exitFunc(*argList)
  File "toontown\distributed\ToontownClientRepository.py", line 430, in exitPlayingGame
    base.localAvatar.deleteOrDelay()
  File "C:\Panda3D-1.11.0-x64\direct\distributed\DistributedObject.py", line 201, in deleteOrDelay
    self.disableAnnounceAndDelete()
  File "C:\Panda3D-1.11.0-x64\direct\distributed\DistributedObject.py", line 204, in disableAnnounceAndDelete
    self.disableAndAnnounce()
  File "C:\Panda3D-1.11.0-x64\direct\distributed\DistributedObject.py", line 230, in disableAndAnnounce
    self.disable()
  File "toontown\toon\LocalToon.py", line 256, in disable
    self.book.unload()
  File "toontown\shtiker\ShtikerBook.py", line 150, in unload
    page.unload()
  File "toontown\shtiker\SuitPage.py", line 240, in unload
    shadow.removeNode()
AssertionError: _error_type != ET_not_found at line 592 of panda/src/pgraph/nodePath.cxx
:10-24-2022 15:58:43 :task(error): Exception occurred in PythonTask readerPollTask-86734000
:10-24-2022 15:58:43 TTOffLauncher: setting panda error code to 12
:10-24-2022 15:58:43 TTOffLauncher(warning): Handling Python exception.
:10-24-2022 15:58:43 OTPClientRepository: Sent disconnect message to server
:10-24-2022 15:58:43 OTPClientRepository: Closing connection to server.
:10-24-2022 15:58:43 TTOffLauncher: Exception exit.

Traceback (most recent call last):
  File "otp\launcher\LauncherBase.py", line 1081, in mainLoop
    self._runTaskManager()
  File "otp\launcher\LauncherBase.py", line 1052, in _runTaskManager
    taskMgr.run()
  File "C:\Panda3D-1.11.0-x64\direct\task\Task.py", line 528, in run
    self.step()
  File "C:\Panda3D-1.11.0-x64\direct\task\Task.py", line 482, in step
    self.mgr.poll()
  File "C:\Panda3D-1.11.0-x64\direct\distributed\ConnectionRepository.py", line 609, in readerPollUntilEmpty
    while self.readerPollOnce():
  File "C:\Panda3D-1.11.0-x64\direct\distributed\ConnectionRepository.py", line 616, in readerPollOnce
    self.handleDatagram(self.private__di)
  File "otp\distributed\OTPClientRepository.py", line 1838, in handleDatagram
    self.handler(msgType, di)
  File "toontown\distributed\ToontownClientRepository.py", line 528, in handleCloseShard
    self.handleMessageType(msgType, di)
  File "otp\distributed\OTPClientRepository.py", line 1732, in handleMessageType
    self.gotInterestDoneMessage(di)
  File "otp\distributed\OTPClientRepository.py", line 1759, in gotInterestDoneMessage
    self.handleInterestDoneMessage(di)
  File "C:\Panda3D-1.11.0-x64\direct\distributed\DoInterestManager.py", line 621, in handleInterestDoneMessage
    messenger.send(event)
  File "C:\Panda3D-1.11.0-x64\direct\showbase\Messenger.py", line 333, in send
    self.__dispatch(acceptorDict, event, sentArgs, foundWatch)
  File "C:\Panda3D-1.11.0-x64\direct\showbase\Messenger.py", line 418, in __dispatch
    result = method (*(extraArgs + sentArgs))
  File "C:\Panda3D-1.11.0-x64\direct\showbase\PythonUtil.py", line 124, in _do__call__
    return self._function(*(self._args + args), **_kargs)
  File "toontown\distributed\ToontownClientRepository.py", line 613, in _tcrRemoveShardInterestDone
    callback()
  File "otp\otpbase\PythonUtil.py", line 122, in _do__call__
    return self._function(*(self._args + args), **_kargs)
  File "otp\distributed\OTPClientRepository.py", line 1329, in _removeShardInterestComplete
    self._callRemoveShardInterestCallback(callback, None)
  File "otp\distributed\OTPClientRepository.py", line 1334, in _callRemoveShardInterestCallback
    callback()
  File "otp\otpbase\PythonUtil.py", line 122, in _do__call__
    return self._function(*(self._args + args), **_kargs)
  File "C:\Panda3D-1.11.0-x64\direct\fsm\ClassicFSM.py", line 281, in request
    exitArgList)
  File "C:\Panda3D-1.11.0-x64\direct\fsm\ClassicFSM.py", line 227, in __transition
    self.__exitCurrent(exitArgList)
  File "C:\Panda3D-1.11.0-x64\direct\fsm\ClassicFSM.py", line 185, in __exitCurrent
    self.__currentState.exit(argList)
  File "C:\Panda3D-1.11.0-x64\direct\fsm\State.py", line 213, in exit
    self.__exitFunc(*argList)
  File "toontown\distributed\ToontownClientRepository.py", line 430, in exitPlayingGame
    base.localAvatar.deleteOrDelay()
  File "C:\Panda3D-1.11.0-x64\direct\distributed\DistributedObject.py", line 201, in deleteOrDelay
    self.disableAnnounceAndDelete()
  File "C:\Panda3D-1.11.0-x64\direct\distributed\DistributedObject.py", line 204, in disableAnnounceAndDelete
    self.disableAndAnnounce()
  File "C:\Panda3D-1.11.0-x64\direct\distributed\DistributedObject.py", line 230, in disableAndAnnounce
    self.disable()
  File "toontown\toon\LocalToon.py", line 256, in disable
    self.book.unload()
  File "toontown\shtiker\ShtikerBook.py", line 150, in unload
    page.unload()
  File "toontown\shtiker\SuitPage.py", line 240, in unload
    shadow.removeNode()
AssertionError: _error_type != ET_not_found at line 592 of panda/src/pgraph/nodePath.cxx
