

Starting Toontown Online...
Current time: Tue Sep 20 20:02:37 2022 Eastern Standard Time
sys.path =  ['', 'C:\\Toontown-Last-Laff-Workspace\\src\\Panda3D-1.11.0-x64\\python\\python27.zip', 'C:\\Panda3D-1.11.0-x64', 'C:\\Toontown-Last-Laff-Workspace\\src\\Panda3D-1.11.0-x64\\python\\DLLs', 'C:\\Toontown-Last-Laff-Workspace\\src\\Panda3D-1.11.0-x64\\python\\lib', 'C:\\Toontown-Last-Laff-Workspace\\src\\Panda3D-1.11.0-x64\\python\\lib\\plat-win', 'C:\\Toontown-Last-Laff-Workspace\\src\\Panda3D-1.11.0-x64\\python\\lib\\lib-tk', 'C:\\Toontown-Last-Laff-Workspace\\src\\Panda3D-1.11.0-x64\\python', 'C:\\Toontown-Last-Laff-Workspace\\src\\Panda3D-1.11.0-x64', 'C:\\Toontown-Last-Laff-Workspace\\src\\Panda3D-1.11.0-x64\\bin', 'C:\\Toontown-Last-Laff-Workspace\\src\\Panda3D-1.11.0-x64\\python\\lib\\site-packages']
sys.argv =  ['C:\\Toontown-Last-Laff-Workspace\\src\\toontown\\launcher\\TTOffQuickStartLauncher.py']
generating standard configrc
os.environ =  {'TMP': 'C:\\Users\\theph\\AppData\\Local\\Temp', 'COMPUTERNAME': 'DESKTOP-7054VC9', 'USERDOMAIN': 'DESKTOP-7054VC9', 'NEKO_INSTPATH': 'C:\\HaxeToolkit\\neko', 'INTEL_DEV_REDIST': 'C:\\Program Files (x86)\\Common Files\\Intel\\Shared Libraries\\', 'PSMODULEPATH': 'C:\\Program Files\\WindowsPowerShell\\Modules;C:\\WINDOWS\\system32\\WindowsPowerShell\\v1.0\\Modules', 'COMMONPROGRAMFILES': 'C:\\Program Files\\Common Files', 'PROCESSOR_IDENTIFIER': 'Intel64 Family 6 Model 158 Stepping 13, GenuineIntel', 'PROGRAMFILES': 'C:\\Program Files', 'PROCESSOR_REVISION': '9e0d', 'PATH': 'C:\\Panda3D-1.11.0-x64\\panda3d\\..\\bin;C:\\Program Files (x86)\\Common Files\\Intel\\Shared Libraries\\redist\\intel64_win\\compiler;C:\\Program Files (x86)\\NVIDIA Corporation\\PhysX\\Common;C:\\Program Files\\Python38\\Scripts\\;C:\\Program Files\\Python38\\;C:\\WINDOWS\\system32;C:\\WINDOWS;C:\\WINDOWS\\System32\\Wbem;C:\\WINDOWS\\System32\\WindowsPowerShell\\v1.0\\;C:\\WINDOWS\\System32\\OpenSSH\\;C:\\Program Files\\NVIDIA Corporation\\NVIDIA NvDLISR;C:\\Program Files\\dotnet\\;C:\\Users\\theph\\AppData\\Local\\Programs\\Python\\Python39;C:\\Users\\theph\\AppData\\Local\\Programs\\Python\\Python39\\Scripts;C:\\Program Files\\Common Files\\Autodesk Shared\\;C:\\Program Files\\Git\\cmd;C:\\Program Files (x86)\\Windows Live\\Shared;C:\\HaxeToolkit\\haxe;C:\\HaxeToolkit\\neko;C:\\Program Files\\Microsoft SQL Server\\150\\Tools\\Binn\\;C:\\Program Files\\Microsoft SQL Server\\Client SDK\\ODBC\\170\\Tools\\Binn\\;C:\\Users\\theph\\AppData\\Local\\Microsoft\\WindowsApps;C:\\Users\\theph\\.dotnet\\tools;C:\\Program Files\\JetBrains\\PyCharm Community Edition 2020.3.3\\bin;C:\\Users\\theph\\AppData\\Local\\atom\\bin;C:\\Users\\theph\\AppData\\Local\\GitHubDesktop\\bin;C:\\Panda3D-1.9.0-x64\\python;C:\\Panda3D-1.9.0-x64\\python\\Scripts;C:\\Panda3D-1.9.0-x64\\bin;C:\\Panda3D-1.9.0\\python;C:\\Panda3D-1.9.0\\python\\Scripts;C:\\Panda3D-1.9.0\\bin;C:\\Panda3D-1.10.0\\python;C:\\Panda3D-1.10.0\\python\\Scripts;C:\\Panda3D-1.10.0\\bin;C:\\Program Files\\JetBrains\\PyCharm Community Edition 2022.1\\bin;;C:\\Users\\theph\\AppData\\Local\\Programs\\Microsoft VS Code\\bin;C:\\Panda3D-1.11.0\\python;C:\\Panda3D-1.11.0\\python\\Scripts;C:\\Panda3D-1.11.0\\bin;C:\\Users\\theph\\.dotnet\\tools;C:\\Panda3D-1.10.11-x64\\python;C:\\Panda3D-1.10.11-x64\\python\\Scripts;C:\\Panda3D-1.10.11-x64\\bin;C:\\Panda3D-1.11.0-x64\\python;C:\\Panda3D-1.11.0-x64\\python\\Scripts;C:\\Panda3D-1.11.0-x64\\bin;C:\\EventHorizon-battle-ng-teaser\\dependencies\\panda\\python;C:\\EventHorizon-battle-ng-teaser\\dependencies\\panda\\python\\Scripts;C:\\EventHorizon-battle-ng-teaser\\depe', 'SYSTEMROOT': 'C:\\WINDOWS', 'PROGRAMFILES(X86)': 'C:\\Program Files (x86)', 'COMSPEC': 'C:\\WINDOWS\\system32\\cmd.exe', 'DRIVERDATA': 'C:\\Windows\\System32\\Drivers\\DriverData', 'PPYTHON_PATH': '"Panda3D-1.11.0-x64\\python\\ppython.exe"', 'TEMP': 'C:\\Users\\theph\\AppData\\Local\\Temp', 'FPS_BROWSER_APP_PROFILE_STRING': 'Internet Explorer', 'COMMONPROGRAMFILES(X86)': 'C:\\Program Files (x86)\\Common Files', 'PROCESSOR_ARCHITECTURE': 'AMD64', 'ALLUSERSPROFILE': 'C:\\ProgramData', 'LOCALAPPDATA': 'C:\\Users\\theph\\AppData\\Local', 'FPS_BROWSER_USER_PROFILE_STRING': 'Default', 'HOMEPATH': '\\Users\\theph', 'USERDOMAIN_ROAMINGPROFILE': 'DESKTOP-7054VC9', 'PROGRAMW6432': 'C:\\Program Files', 'USERNAME': 'theph', 'LOGONSERVER': '\\\\DESKTOP-7054VC9', 'PROMPT': '$P$G', 'SESSIONNAME': 'Console', 'PROGRAMDATA': 'C:\\ProgramData', 'ONEDRIVE': 'C:\\Users\\theph\\OneDrive', 'ADSK_3DSMAX_X64_2019': 'C:\\Program Files\\Autodesk\\3ds Max 2019\\', 'ZES_ENABLE_SYSMAN': '1', 'HAXEPATH': 'C:\\HaxeToolkit\\haxe', 'PATHEXT': '.COM;.EXE;.BAT;.CMD;.VBS;.VBE;.JS;.JSE;.WSF;.WSH;.MSC;.PY;.PYW', 'TTOFF_LOGIN_TOKEN': 'dev', 'WINDIR': 'C:\\WINDOWS', 'PYCHARM COMMUNITY EDITION': 'C:\\Program Files\\JetBrains\\PyCharm Community Edition 2022.1\\bin;', 'HOMEDRIVE': 'C:', 'SYSTEMDRIVE': 'C:', 'PUBLIC': 'C:\\Users\\Public', 'NUMBER_OF_PROCESSORS': '16', 'APPDATA': 'C:\\Users\\theph\\AppData\\Roaming', 'PROCESSOR_LEVEL': '6', 'COMMONPROGRAMW6432': 'C:\\Program Files\\Common Files', 'OS': 'Windows_NT', 'ADSK_CLM_WPAD_PROXY_CHECK': 'FALSE', 'USERPROFILE': 'C:\\Users\\theph'}
:09-20-2022 20:02:37 TTOffLauncher: isTestServer: 0
:09-20-2022 20:02:37 TTOffLauncher: Game Server 127.0.0.1
:09-20-2022 20:02:37 TTOffLauncher: Starting Toontown Online... 
:09-20-2022 20:02:37 TTOffLauncher: foreground: Launcher now operating in foreground
useTTOffSpecificLogin=True
:09-20-2022 20:02:37 TTOffLauncher: maybeStartGame: starting game
:09-20-2022 20:02:37 TTOffLauncher: Starting Toontown Online...
:09-20-2022 20:02:37 TTOffLauncher: background: Launcher now operating in background
ToontownStart: Polling for game2 to finish...
ToontownStart: Game2 is finished.
ToontownStart: Starting the game.
ToontownStart: setting default font
:09-20-2022 20:02:37 TTOffLauncher: setting panda error code to 7
Known pipe types:
  wglGraphicsPipe
(all display modules loaded.)
:09-20-2022 20:02:37 ToonBase: Default graphics pipe is wglGraphicsPipe (OpenGL).
:09-20-2022 20:02:37 ToonBase: Successfully opened window of type wglGraphicsWindow (OpenGL)
:09-20-2022 20:02:37 ShowBase: __dev__ == False
:09-20-2022 20:02:37 TTOffLauncher: setting panda error code to 11
:09-20-2022 20:02:37 TTOffLauncher: setting panda error code to 0
ToontownStart: Loading default gui sounds
ToontownStart: serverVersion:  tto-dev
:09-20-2022 20:02:38 Loader: starting bulk load of block 'init'
:09-20-2022 20:02:38 :nativenet(error): Buffered_DatagramConnection Constructor rbufsize = 4096000 wbufsize = 4096000 write_flush_point = 1400
:09-20-2022 20:02:38 OTPClientRepository: Using connect method 'http'
:09-20-2022 20:02:39 TTOffLauncher: getRegistry ('DEPLOYMENT', None)
:09-20-2022 20:02:39 TTOffLauncher: checking env
:09-20-2022 20:02:39 TTOffLauncher: getRegistry ('GAME_DEPLOYMENT', None)
:09-20-2022 20:02:39 TTOffLauncher: checking env
:09-20-2022 20:02:39 OTPClientRepository: reg_deployment=
:09-20-2022 20:02:39 OTPClientRepository: required-login auto.
:09-20-2022 20:02:39 OTPClientRepository: loginInterface: LoginTTOffAccount
:09-20-2022 20:02:39 TTOffLauncher: getNeedPwForSecretKey using ttoff-specific-login
:09-20-2022 20:02:39 Loader: At end of block 'init', expected 138, loaded 5, duration=1.0789196
:09-20-2022 20:02:39 OTPClientRepository: Connecting to gameserver directly (no proxy).
:09-20-2022 20:02:39 OTPClientRepository: Connecting to //127.0.0.1:7198 via HTTP interface.
:09-20-2022 20:02:39 TTOffLauncher: Stopping mini task manager.
:09-20-2022 20:02:39 OTPClientRepository: Successfully connected to //127.0.0.1:7198.
:09-20-2022 20:02:39 TTOffLauncher: Setting Disconnect Details normal
{401000001: <toontown.distributed.ToontownDistrict.ToontownDistrict instance at 0x000000001CB0F048>}
:09-20-2022 20:02:40 StateData: AvatarChooser.enter
:09-20-2022 20:02:40 DisplayOptions: settingsFullScreen = False, embedded = False width=800 height=600
:09-20-2022 20:02:40 StateData: calling self.displayOptions.restrictToEmbedded(False)
:09-20-2022 20:02:41 OTPClientRepository: ================
:09-20-2022 20:02:41 OTPClientRepository: Chose avatar id: 100000002
:09-20-2022 20:02:41 OTPClientRepository: Chose avatar name: Prince Bert Whiskerfuddy
:09-20-2022 20:02:41 OTPClientRepository: Chose avatar dna: ('dls', 'ls', 'l', 'm', 20, 0, 20, 20, 1, 0, 1, 0, 1, 14)
:09-20-2022 20:02:41 OTPClientRepository: Chose avatar position: 4
:09-20-2022 20:02:41 OTPClientRepository: isPaid: 1
:09-20-2022 20:02:41 OTPClientRepository: freeTimeLeft: 0
:09-20-2022 20:02:41 OTPClientRepository: allowSecretChat: True
:09-20-2022 20:02:41 OTPClientRepository: ================
:09-20-2022 20:02:41 Loader: starting bulk load of block 'localAvatarPlayGame'
:09-20-2022 20:02:42 ToontownTimeManager(warning): error parsing date string=
local
:09-20-2022 20:02:42 NewsPageButtonManager(warning): Should not get here. NewsPageButtonManager.exitOff
:09-20-2022 20:02:42 :pnmimage:png(warning): iCCP: known incorrect sRGB profile
:09-20-2022 20:02:43 OTPClientRepository: Entering shard 401000001
:09-20-2022 20:02:43 StreetSign: Street sign url is https://ttoffline.com/images/
:09-20-2022 20:02:44 TimeManager: Clock sync: TimeManager.announceGenerate
:09-20-2022 20:02:44 NewsManager: setHolidayId: Starting Holiday 26
:09-20-2022 20:02:44 InGameNewsMgr: latestIssue=2013-08-22 16:49:46.000003-07:00
cpu info: GenuineIntel|Intel(R) Core(TM) i9-9900K CPU @ 3.60GHz|591597|0|3.600,3.600|8,16 cpus
:09-20-2022 20:02:45 OTPClientRepository: No sync from TimeManager.
:09-20-2022 20:02:45 OTPClientRepository: gotTimeSync
:09-20-2022 20:02:46 Loader: At end of block 'localAvatarPlayGame', expected 400, loaded 14, duration=4.1649889
:09-20-2022 20:02:46 TimeManager: Clock sync roundtrip took 1134.250 ms
:09-20-2022 20:02:46 TimeManager: AI time delta is -0:02 from server delta
:09-20-2022 20:02:46 TimeManager: Local clock uncertainty +/- 0.567 s
:09-20-2022 20:02:46 PlayGame: QA-REGRESSION: NEIGHBORHOODS: Visit Lawbot HQ
:09-20-2022 20:02:46 Loader: starting bulk load of block 'hood'
:09-20-2022 20:02:46 LawbotCogHQLoader: loadPlaceGeom: 13000
:09-20-2022 20:02:46 NewsManager: setInvasionStatus: msgType: 3 cogType: b, numRemaining: 1000000, skeleton: 0
:09-20-2022 20:02:46 DistributedObject: DistributedSuitPlanner 401002971: generating
:09-20-2022 20:02:46 DistributedToon: calling LocalAvatar.startchat
:09-20-2022 20:02:46 :loader(error): Couldn't load file phase_4/models/questmap/cog_hq_lawbot_maps.bam: not found on model path (currently: "/;/c/Toontown-Last-Laff-Workspace/src/toontown/launcher;/c/Panda3D-1.11.0-x64/etc/..;/c/Panda3D-1.11.0-x64/etc/../models")
:09-20-2022 20:02:47 Loader: At end of block 'hood', expected 2, loaded 4, duration=0.9831082
:09-20-2022 20:02:48 Teleport(debug): teleportInDone: walk
:09-20-2022 20:02:48 :loader(error): Couldn't load file phase_4/models/questmap/cog_hq_lawbot_maps.bam: not found on model path (currently: "/;/c/Toontown-Last-Laff-Workspace/src/toontown/launcher;/c/Panda3D-1.11.0-x64/etc/..;/c/Panda3D-1.11.0-x64/etc/../models")
:09-20-2022 20:02:53 TTOffMagicWordManager: Run mode has been toggled.
:09-20-2022 20:03:02 LawbotCogHQLoader: loadPlaceGeom: 13200
:09-20-2022 20:03:02 LawbotHQExterior: Unloading Place (13000). Fsm in final
:09-20-2022 20:03:02 DistributedObject: DistributedSuitPlanner 401002971: disabling
:09-20-2022 20:03:02 DistributedToon: calling LocalAvatar.startchat
:09-20-2022 20:03:02 :loader(error): Couldn't load file phase_4/models/questmap/cog_hq_lawbot_maps.bam: not found on model path (currently: "/;/c/Toontown-Last-Laff-Workspace/src/toontown/launcher;/c/Panda3D-1.11.0-x64/etc/..;/c/Panda3D-1.11.0-x64/etc/../models")
:09-20-2022 20:03:04 :loader(error): Couldn't load file phase_4/models/questmap/cog_hq_lawbot_maps.bam: not found on model path (currently: "/;/c/Toontown-Last-Laff-Workspace/src/toontown/launcher;/c/Panda3D-1.11.0-x64/etc/..;/c/Panda3D-1.11.0-x64/etc/../models")
:09-20-2022 20:03:27 LawbotCogHQLoader: loadPlaceGeom: 61000
:09-20-2022 20:03:27 LawbotCogHQLoader(warning): loadPlaceGeom: unclassified zone 61000
:09-20-2022 20:03:27 LawbotOfficeExterior: Unloading Place (13200). Fsm in final
:09-20-2022 20:03:27 DistributedElevatorFloor: Setting latch
:09-20-2022 20:03:27 DistributedElevatorFloor: Setting latch in announce generate
:09-20-2022 20:03:27 DistributedElevatorFloor: Setting latch
:09-20-2022 20:03:27 TimeManager: Clock sync: DistributedLevel.generate
:09-20-2022 20:03:27 Loader: loader.loadModelCopy() is deprecated; use loader.loadModel() instead.
:09-20-2022 20:03:27 Loader: loader.loadModelCopy() is deprecated; use loader.loadModel() instead.
:09-20-2022 20:03:27 Loader: loader.loadModelCopy() is deprecated; use loader.loadModel() instead.
:09-20-2022 20:03:27 Loader: loader.loadModelCopy() is deprecated; use loader.loadModel() instead.
:09-20-2022 20:03:27 Loader: loader.loadModelCopy() is deprecated; use loader.loadModel() instead.
:09-20-2022 20:03:27 Loader: loader.loadModelCopy() is deprecated; use loader.loadModel() instead.
:09-20-2022 20:03:27 Loader: loader.loadModelCopy() is deprecated; use loader.loadModel() instead.
:09-20-2022 20:03:27 Loader: loader.loadModelCopy() is deprecated; use loader.loadModel() instead.
:09-20-2022 20:03:27 Loader: loader.loadModelCopy() is deprecated; use loader.loadModel() instead.
:09-20-2022 20:03:27 Loader: loader.loadModelCopy() is deprecated; use loader.loadModel() instead.
:09-20-2022 20:03:27 Loader: loader.loadModelCopy() is deprecated; use loader.loadModel() instead.
:09-20-2022 20:03:27 Loader: loader.loadModelCopy() is deprecated; use loader.loadModel() instead.
:09-20-2022 20:03:27 Loader: loader.loadModelCopy() is deprecated; use loader.loadModel() instead.
:09-20-2022 20:03:27 Loader: loader.loadModelCopy() is deprecated; use loader.loadModel() instead.
:09-20-2022 20:03:27 Loader: loader.loadModelCopy() is deprecated; use loader.loadModel() instead.
:09-20-2022 20:03:27 Loader: loader.loadModelCopy() is deprecated; use loader.loadModel() instead.
:09-20-2022 20:03:27 Loader: loader.loadModelCopy() is deprecated; use loader.loadModel() instead.
:09-20-2022 20:03:27 Loader: loader.loadModelCopy() is deprecated; use loader.loadModel() instead.
:09-20-2022 20:03:27 Loader: loader.loadModelCopy() is deprecated; use loader.loadModel() instead.
:09-20-2022 20:03:27 Loader: loader.loadModelCopy() is deprecated; use loader.loadModel() instead.
:09-20-2022 20:03:27 Loader: loader.loadModelCopy() is deprecated; use loader.loadModel() instead.
:09-20-2022 20:03:27 Loader: loader.loadModelCopy() is deprecated; use loader.loadModel() instead.
:09-20-2022 20:03:27 Loader: loader.loadModelCopy() is deprecated; use loader.loadModel() instead.
:09-20-2022 20:03:27 Loader: loader.loadModelCopy() is deprecated; use loader.loadModel() instead.
:09-20-2022 20:03:27 Loader: loader.loadModelCopy() is deprecated; use loader.loadModel() instead.
:09-20-2022 20:03:27 Loader: loader.loadModelCopy() is deprecated; use loader.loadModel() instead.
:09-20-2022 20:03:27 Loader: loader.loadModelCopy() is deprecated; use loader.loadModel() instead.
:09-20-2022 20:03:27 Loader: loader.loadModelCopy() is deprecated; use loader.loadModel() instead.
:09-20-2022 20:03:27 Loader: loader.loadModelCopy() is deprecated; use loader.loadModel() instead.
:09-20-2022 20:03:27 Loader: loader.loadModelCopy() is deprecated; use loader.loadModel() instead.
:09-20-2022 20:03:27 Loader: loader.loadModelCopy() is deprecated; use loader.loadModel() instead.
:09-20-2022 20:03:27 Loader: loader.loadModelCopy() is deprecated; use loader.loadModel() instead.
:09-20-2022 20:03:27 Loader: loader.loadModelCopy() is deprecated; use loader.loadModel() instead.
:09-20-2022 20:03:27 Loader: loader.loadModelCopy() is deprecated; use loader.loadModel() instead.
:09-20-2022 20:03:27 Loader: loader.loadModelCopy() is deprecated; use loader.loadModel() instead.
:09-20-2022 20:03:27 Loader: loader.loadModelCopy() is deprecated; use loader.loadModel() instead.
:09-20-2022 20:03:27 Loader: loader.loadModelCopy() is deprecated; use loader.loadModel() instead.
:09-20-2022 20:03:27 Loader: loader.loadModelCopy() is deprecated; use loader.loadModel() instead.
:09-20-2022 20:03:27 Loader: loader.loadModelCopy() is deprecated; use loader.loadModel() instead.
:09-20-2022 20:03:27 Loader: loader.loadModelCopy() is deprecated; use loader.loadModel() instead.
:09-20-2022 20:03:27 Loader: loader.loadModelCopy() is deprecated; use loader.loadModel() instead.
:09-20-2022 20:03:27 Loader: loader.loadModelCopy() is deprecated; use loader.loadModel() instead.
:09-20-2022 20:03:27 Loader: loader.loadModelCopy() is deprecated; use loader.loadModel() instead.
:09-20-2022 20:03:27 Loader: loader.loadModelCopy() is deprecated; use loader.loadModel() instead.
:09-20-2022 20:03:27 Loader: loader.loadModelCopy() is deprecated; use loader.loadModel() instead.
:09-20-2022 20:03:27 Loader: loader.loadModelCopy() is deprecated; use loader.loadModel() instead.
:09-20-2022 20:03:27 Loader: loader.loadModelCopy() is deprecated; use loader.loadModel() instead.
:09-20-2022 20:03:27 Loader: loader.loadModelCopy() is deprecated; use loader.loadModel() instead.
:09-20-2022 20:03:27 Loader: loader.loadModelCopy() is deprecated; use loader.loadModel() instead.
:09-20-2022 20:03:27 Loader: loader.loadModelCopy() is deprecated; use loader.loadModel() instead.
:09-20-2022 20:03:27 Loader: loader.loadModelCopy() is deprecated; use loader.loadModel() instead.
:09-20-2022 20:03:27 Loader: loader.loadModelCopy() is deprecated; use loader.loadModel() instead.
:09-20-2022 20:03:27 Loader: loader.loadModelCopy() is deprecated; use loader.loadModel() instead.
:09-20-2022 20:03:27 Loader: loader.loadModelCopy() is deprecated; use loader.loadModel() instead.
:09-20-2022 20:03:27 Loader: loader.loadModelCopy() is deprecated; use loader.loadModel() instead.
:09-20-2022 20:03:27 Loader: loader.loadModelCopy() is deprecated; use loader.loadModel() instead.
:09-20-2022 20:03:27 DistributedStage: stageId 13400, floor 0, [100000002]
:09-20-2022 20:03:27 Loader: loader.loadModelCopy() is deprecated; use loader.loadModel() instead.
:09-20-2022 20:03:27 Loader: loader.loadModelCopy() is deprecated; use loader.loadModel() instead.
:09-20-2022 20:03:27 Loader: loader.loadModelCopy() is deprecated; use loader.loadModel() instead.
:09-20-2022 20:03:27 Loader: loader.loadModelCopy() is deprecated; use loader.loadModel() instead.
:09-20-2022 20:03:27 DistributedStage: CAMENTERROOM doID401004064 num0
:09-20-2022 20:03:27 DistributedStage: av: LPoint3f(0, -2, 0), cam: LPoint3f(0, -16, 5.5)
:09-20-2022 20:03:27 DistributedToon: calling LocalAvatar.startchat
:09-20-2022 20:03:27 TimeManager: Clock sync roundtrip took 267.149 ms
:09-20-2022 20:03:27 TimeManager: AI time delta is -0:00 from server delta
:09-20-2022 20:03:27 ClockDelta: previous delta at -0.768 s, +/- 0.579 s.
:09-20-2022 20:03:27 ClockDelta: new delta at -1.207 s, +/- 0.134 s.
:09-20-2022 20:03:27 ClockDelta: intersection at -1.207 s, +/- 0.134 s.
:09-20-2022 20:03:27 TimeManager: Local clock uncertainty +/- 0.134 s
Laser Field initCollisionGeom
Laser Field initCollisionGeom
:09-20-2022 20:03:27 DistributedStage: CAMENTERROOM doID401004064 num0
:09-20-2022 20:03:27 DistributedStage: av: LPoint3f(0, -2, 0), cam: LPoint3f(0, -15, 5)
:09-20-2022 20:03:27 :pgraph(warning): No bin named default; creating default bin.
:09-20-2022 20:03:27 DistributedStage: CAMENTERROOM doID401004064 num0
:09-20-2022 20:03:27 DistributedStage: av: LPoint3f(0, -2, -0.0108887), cam: LPoint3f(0, -15, 5)
CollisionEntry:
  from render/Prince Bert Whiskerfuddy-100000002/camFloorRayNode/ccRay2Node
  into render/stage401004064/ZoneEntity-0/-PandaNode/Z03a_ALL/Collsion/stageFloorColl0 []
  at 0 -16.2 -0.0291567
  normal 0 0 1
  respect_prev_transform = 1


:09-20-2022 20:03:44 DistributedStage: CAMENTERROOM doID401004064 num1
:09-20-2022 20:03:44 DistributedStage: av: LPoint3f(0, 52.6828, 5.77233), cam: LPoint3f(0, -15, 4.47369)
CollisionEntry:
  from render/Prince Bert Whiskerfuddy-100000002/camFloorRayNode/ccRay2Node
  into render/stage401004064/LB_connector_7cubeLR.egg/-PandaNode/connector_7cubeL/collison/stageFloorColl1 []
  at -0.350564 38.4871 0.0924501
  normal 0 0 1
  respect_prev_transform = 1


:09-20-2022 20:03:44 DistributedStage: CAMENTERROOM doID401004064 num1
:09-20-2022 20:03:44 DistributedStage: av: LPoint3f(0.216057, 57.4355, 6.37802), cam: LPoint3f(0, -15, 5)
CollisionEntry:
  from render/Prince Bert Whiskerfuddy-100000002/camFloorRayNode/ccRay2Node
  into render/stage401004064/LB_connector_7cubeLR.egg/-PandaNode/connector_7cubeL/collison/stageFloorColl1 []
  at -3.76527 43.8051 -0.0470181
  normal 0 0 1
  respect_prev_transform = 1


:09-20-2022 20:03:45 DistributedStage: CAMENTERROOM doID401004064 num1
:09-20-2022 20:03:45 DistributedStage: av: LPoint3f(3.00325, 64.1125, 6.61733), cam: LPoint3f(0, -15, 5)
CollisionEntry:
  from render/Prince Bert Whiskerfuddy-100000002/camFloorRayNode/ccRay2Node
  into render/stage401004064/LB_connector_7cubeLR.egg/-PandaNode/connector_7cubeL/collison/stageFloorColl1 []
  at -2.84792 51.174 4.95173
  normal 0 0 1
  respect_prev_transform = 1


:09-20-2022 20:03:45 DistributedStage: CAMENTERROOM doID401004064 num1
:09-20-2022 20:03:45 DistributedStage: av: LPoint3f(31.5327, 109.011, 8.45165), cam: LPoint3f(0, -14.9058, 5.02503)
CollisionEntry:
  from render/Prince Bert Whiskerfuddy-100000002/camFloorRayNode/ccRay2Node
  into render/stage401004064/LB_connector_7cubeLR.egg/-PandaNode/connector_7cubeL/collison/stageFloorColl1 []
  at 35.8001 95.5661 4.95722
  normal 0 0 1
  respect_prev_transform = 1


:09-20-2022 20:03:46 DistributedStage: CAMENTERROOM doID401004064 num2
:09-20-2022 20:03:46 DistributedStage: av: LPoint3f(26.5506, 124.707, 4.97565), cam: LPoint3f(0, -15, 5)
CollisionEntry:
  from render/Prince Bert Whiskerfuddy-100000002/camFloorRayNode/ccRay2Node
  into render/stage401004064/ZoneEntity-0/-PandaNode/Z04a_ALL/Z04/lobby/collision_lobby/stageFloorColl2 []
  at 30.8465 111.173 4.95065
  normal 0 0 1
  respect_prev_transform = 1


:09-20-2022 20:03:59 OTPClientRepository: Sending heartbeat mid-frame.
:09-20-2022 20:04:03 DistributedStage: CAMENTERROOM doID401004064 num2
:09-20-2022 20:04:03 DistributedStage: av: LPoint3f(-0.403429, 190, 4.97565), cam: LPoint3f(0, -33.261, 13.2603)
CollisionEntry:
  from render/Prince Bert Whiskerfuddy-100000002/camFloorRayNode/ccRay2Node
  into render/stage401004064/ZoneEntity-0/-PandaNode/Z04a_ALL/Z04/lobby/collision_lobby/stageFloorColl2 []
  at -31.1987 179.667 4.95065
  normal 0 0 1
  respect_prev_transform = 1


doors enter state 1
openInnerDoors
openInnerDoors stage Two
:09-20-2022 20:04:27 DistributedStage: CAMENTERROOM doID401004064 num3
:09-20-2022 20:04:27 DistributedStage: av: LPoint3f(25.6732, 260.099, 10.1349), cam: LPoint3f(0, -15, 5)
CollisionEntry:
  from render/Prince Bert Whiskerfuddy-100000002/camFloorRayNode/ccRay2Node
  into render/stage401004064/LB_connector_7cubeLR.egg/-PandaNode/connector_7cubeL/collison/stageFloorColl3 []
  at 23.609 246.05 4.94216
  normal 0 0 1
  respect_prev_transform = 1


:09-20-2022 20:04:27 DistributedStage: CAMENTERROOM doID401004064 num3
:09-20-2022 20:04:27 DistributedStage: av: LPoint3f(26.1144, 262.727, 10.2961), cam: LPoint3f(0, -15, 5)
CollisionEntry:
  from render/Prince Bert Whiskerfuddy-100000002/camFloorRayNode/ccRay2Node
  into render/stage401004064/LB_connector_7cubeLR.egg/-PandaNode/connector_7cubeL/collison/stageFloorColl3 []
  at 22.0371 249.125 5.54839
  normal 0 0 1
  respect_prev_transform = 1


:09-20-2022 20:04:27 DistributedStage: CAMENTERROOM doID401004064 num3
:09-20-2022 20:04:27 DistributedStage: av: LPoint3f(29.5607, 273.838, 9.96547), cam: LPoint3f(0, -15, 5)
CollisionEntry:
  from render/Prince Bert Whiskerfuddy-100000002/camFloorRayNode/ccRay2Node
  into render/stage401004064/LB_connector_7cubeLR.egg/-PandaNode/connector_7cubeL/collison/stageFloorColl3 []
  at 23.8459 260.839 9.94093
  normal 0 0 1
  respect_prev_transform = 1


:09-20-2022 20:04:28 DistributedStage: CAMENTERROOM doID401004064 num4
:09-20-2022 20:04:28 DistributedStage: av: LPoint3f(54.2006, 334.715, 13.5645), cam: LPoint3f(0, -15, 5)
CollisionEntry:
  from render/Prince Bert Whiskerfuddy-100000002/camFloorRayNode/ccRay2Node
  into render/stage401004064/ZoneEntity-0/-PandaNode/Z13_ALL/room/collsion/stageFloorColl4 []
  at 55.6883 320.594 9.93978
  normal 0 0 1
  respect_prev_transform = 1


:09-20-2022 20:04:37 DistributedStage: CAMENTERROOM doID401004064 num5
:09-20-2022 20:04:37 DistributedStage: av: LPoint3f(55.2838, 603.659, 15.1129), cam: LPoint3f(0, -15, 5)
CollisionEntry:
  from render/Prince Bert Whiskerfuddy-100000002/camFloorRayNode/ccRay2Node
  into render/stage401004064/LB_connector_7cubeL2.egg/-PandaNode/connector_7cubeL/collison/stageFloorColl5 []
  at 59.9525 590.248 9.96254
  normal 0 0 1
  respect_prev_transform = 1


:09-20-2022 20:04:37 DistributedStage: CAMENTERROOM doID401004064 num5
:09-20-2022 20:04:37 DistributedStage: av: LPoint3f(54.2895, 606.515, 15.0047), cam: LPoint3f(0, -15, 5)
CollisionEntry:
  from render/Prince Bert Whiskerfuddy-100000002/camFloorRayNode/ccRay2Node
  into render/stage401004064/LB_connector_7cubeL2.egg/-PandaNode/connector_7cubeL/collison/stageFloorColl5 []
  at 58.9581 593.104 10.3615
  normal 0 0 1
  respect_prev_transform = 1


:09-20-2022 20:04:37 DistributedStage: CAMENTERROOM doID401004064 num5
:09-20-2022 20:04:37 DistributedStage: av: LPoint3f(50.0773, 618.709, 17.5998), cam: LPoint3f(0, -15, 5)
CollisionEntry:
  from render/Prince Bert Whiskerfuddy-100000002/camFloorRayNode/ccRay2Node
  into render/stage401004064/LB_connector_7cubeL2.egg/-PandaNode/connector_7cubeL/collison/stageFloorColl5 []
  at 54.7459 605.299 14.9479
  normal 0 0 1
  respect_prev_transform = 1


:09-20-2022 20:04:38 DistributedStage: CAMENTERROOM doID401004064 num5
:09-20-2022 20:04:38 DistributedStage: av: LPoint3f(22.3441, 663.517, 17.0788), cam: LPoint3f(0, -14.5722, 5.19146)
CollisionEntry:
  from render/Prince Bert Whiskerfuddy-100000002/camFloorRayNode/ccRay2Node
  into render/stage401004064/LB_connector_7cubeL2.egg/-PandaNode/connector_7cubeL/collison/stageFloorColl5 []
  at 19.0923 650.135 14.9507
  normal 0 0 1
  respect_prev_transform = 1


:09-20-2022 20:04:39 DistributedStage: CAMENTERROOM doID401004064 num6
:09-20-2022 20:04:39 DistributedStage: av: LPoint3f(26.0881, 678.926, 19.4324), cam: LPoint3f(0, -14.8722, 5.05721)
CollisionEntry:
  from render/Prince Bert Whiskerfuddy-100000002/camFloorRayNode/ccRay2Node
  into render/stage401004064/ZoneEntity-0/-PandaNode/Z13_ALL/room/collsion/stageFloorColl6 []
  at 22.7655 665.252 14.9398
  normal 0 0 1
  respect_prev_transform = 1


spec = {'parentEntId': 10000, 'pos': LPoint3f(0, 0, 0)}
h = None
:09-20-2022 20:04:42 StageInterior: QA-REGRESSION: COGBATTLE: Enter Battle
Battle Event localtoon-battle-event-3
:09-20-2022 20:05:28 ToontownChatManager: QA-REGRESSION: CHAT: Speedchat
:09-20-2022 20:05:39 OTPClientRepository: Sending heartbeat mid-frame.
:09-20-2022 20:06:41 ToontownChatManager: QA-REGRESSION: CHAT: Speedchat
:09-20-2022 20:07:01 ToontownChatManager: QA-REGRESSION: CHAT: Speedchat
:09-20-2022 20:07:07 ToonBase: User closed main window.
:09-20-2022 20:07:07 TimeManager: Client disconnect reason 2.
:09-20-2022 20:07:07 Entity(warning): Entity 100016 destroyed after level??
:09-20-2022 20:07:07 Entity(warning): Entity 100017 destroyed after level??
:09-20-2022 20:07:07 Entity(warning): Entity 100015 destroyed after level??
:09-20-2022 20:07:07 Entity(warning): Entity 100018 destroyed after level??
:09-20-2022 20:07:07 Entity(warning): Entity 100019 destroyed after level??
:09-20-2022 20:07:07 Entity(warning): Entity 10006 destroyed after level??
:09-20-2022 20:07:07 Entity(warning): Entity 10010 destroyed after level??
:09-20-2022 20:07:07 Entity(warning): Entity 10018 destroyed after level??
:09-20-2022 20:07:07 Entity(warning): Entity 10024 destroyed after level??
:09-20-2022 20:07:07 Entity(warning): Entity 10025 destroyed after level??
:09-20-2022 20:07:07 Entity(warning): Entity 10041 destroyed after level??
:09-20-2022 20:07:07 Entity(warning): Entity 10042 destroyed after level??
:09-20-2022 20:07:07 Entity(warning): Entity 10060 destroyed after level??
:09-20-2022 20:07:07 Entity(warning): Entity 10062 destroyed after level??
:09-20-2022 20:07:07 Entity(warning): Entity 10063 destroyed after level??
:09-20-2022 20:07:07 Entity(warning): Entity 10065 destroyed after level??
:09-20-2022 20:07:07 Entity(warning): Entity 10004 destroyed after level??
:09-20-2022 20:07:07 Entity(warning): Entity 10013 destroyed after level??
:09-20-2022 20:07:07 Entity(warning): Entity 10015 destroyed after level??
:09-20-2022 20:07:07 Entity(warning): Entity 10016 destroyed after level??
:09-20-2022 20:07:07 Entity(warning): Entity 10022 destroyed after level??
:09-20-2022 20:07:07 Entity(warning): Entity 10023 destroyed after level??
:09-20-2022 20:07:07 Entity(warning): Entity 10030 destroyed after level??
:09-20-2022 20:07:07 Entity(warning): Entity 10039 destroyed after level??
:09-20-2022 20:07:07 Entity(warning): Entity 10040 destroyed after level??
:09-20-2022 20:07:07 Entity(warning): Entity 10052 destroyed after level??
:09-20-2022 20:07:07 Entity(warning): Entity 10053 destroyed after level??
:09-20-2022 20:07:07 Entity(warning): Entity 10054 destroyed after level??
:09-20-2022 20:07:07 Entity(warning): Entity 10056 destroyed after level??
:09-20-2022 20:07:07 Entity(warning): Entity 100030 destroyed after level??
:09-20-2022 20:07:07 Entity(warning): Entity 100000 destroyed after level??
:09-20-2022 20:07:07 DistributedStageBattle(warning): unlockLevelViz: couldn't find level 401004108
:09-20-2022 20:07:08 Entity(warning): Entity 10014 destroyed after level??
:09-20-2022 20:07:08 Entity(warning): Entity 10051 destroyed after level??
:09-20-2022 20:07:08 Entity(warning): Entity 10055 destroyed after level??
:09-20-2022 20:07:08 Entity(warning): Entity 100016 destroyed after level??
:09-20-2022 20:07:08 Entity(warning): Entity 100021 destroyed after level??
:09-20-2022 20:07:08 Entity(warning): Entity 10001 destroyed after level??
:09-20-2022 20:07:08 StageInterior: Unloading Place (13400). Fsm in final
:09-20-2022 20:07:08 OTPClientRepository(warning): unclean exit, abandoning shard
ignoring InputState-forward
:09-20-2022 20:07:08 OTPClientRepository: sending clientLogout
:09-20-2022 20:07:08 LocalAvatar(warning): redundant call to stopUpdateSmartCamera
:09-20-2022 20:07:08 OTPClientRepository: Sent disconnect message to server
:09-20-2022 20:07:08 OTPClientRepository: Closing connection to server.
:09-20-2022 20:07:08 OTPClientRepository: Exiting cleanly
:09-20-2022 20:07:08 ToonBase: Exiting Toontown: errorCode = None
:09-20-2022 20:07:08 TTOffLauncher: setting panda error code to 0
:09-20-2022 20:07:08 TTOffLauncher: Normal exit.
