

Starting Toontown Online...
Current time: Thu Jan  5 18:40:03 2023 Eastern Standard Time
sys.path =  ['', 'C:\\Toontown\\Toontown - Programming\\SuitopiaUpdateLastLaff\\Toontown-Last-Laff-Workspace\\src\\Panda3D-1.11.0-x64\\python\\python27.zip', 'C:\\Panda3D-1.11.0-x64', 'C:\\Toontown\\Toontown - Programming\\SuitopiaUpdateLastLaff\\Toontown-Last-Laff-Workspace\\src\\Panda3D-1.11.0-x64\\python\\DLLs', 'C:\\Toontown\\Toontown - Programming\\SuitopiaUpdateLastLaff\\Toontown-Last-Laff-Workspace\\src\\Panda3D-1.11.0-x64\\python\\lib', 'C:\\Toontown\\Toontown - Programming\\SuitopiaUpdateLastLaff\\Toontown-Last-Laff-Workspace\\src\\Panda3D-1.11.0-x64\\python\\lib\\plat-win', 'C:\\Toontown\\Toontown - Programming\\SuitopiaUpdateLastLaff\\Toontown-Last-Laff-Workspace\\src\\Panda3D-1.11.0-x64\\python\\lib\\lib-tk', 'C:\\Toontown\\Toontown - Programming\\SuitopiaUpdateLastLaff\\Toontown-Last-Laff-Workspace\\src\\Panda3D-1.11.0-x64\\python', 'C:\\Toontown\\Toontown - Programming\\SuitopiaUpdateLastLaff\\Toontown-Last-Laff-Workspace\\src\\Panda3D-1.11.0-x64', 'C:\\Toontown\\Toontown - Programming\\SuitopiaUpdateLastLaff\\Toontown-Last-Laff-Workspace\\src\\Panda3D-1.11.0-x64\\bin', 'C:\\Toontown\\Toontown - Programming\\SuitopiaUpdateLastLaff\\Toontown-Last-Laff-Workspace\\src\\Panda3D-1.11.0-x64\\python\\lib\\site-packages']
sys.argv =  ['C:\\Toontown\\Toontown - Programming\\SuitopiaUpdateLastLaff\\Toontown-Last-Laff-Workspace\\src\\toontown\\launcher\\TTOffQuickStartLauncher.py']
generating standard configrc
os.environ =  {'TMP': 'C:\\Users\\theph\\AppData\\Local\\Temp', 'COMPUTERNAME': 'DESKTOP-7054VC9', 'PROCESSOR_LEVEL': '6', 'USERDOMAIN': 'DESKTOP-7054VC9', 'NEKO_INSTPATH': 'C:\\HaxeToolkit\\neko', 'INTEL_DEV_REDIST': 'C:\\Program Files (x86)\\Common Files\\Intel\\Shared Libraries\\', 'PSMODULEPATH': 'C:\\Program Files\\WindowsPowerShell\\Modules;C:\\WINDOWS\\system32\\WindowsPowerShell\\v1.0\\Modules', 'COMMONPROGRAMFILES': 'C:\\Program Files\\Common Files', 'PROCESSOR_IDENTIFIER': 'Intel64 Family 6 Model 158 Stepping 13, GenuineIntel', 'PROGRAMFILES': 'C:\\Program Files', 'PROCESSOR_REVISION': '9e0d', 'PATH': 'C:\\Panda3D-1.11.0-x64\\panda3d\\..\\bin;C:\\Program Files (x86)\\Common Files\\Intel\\Shared Libraries\\redist\\intel64_win\\compiler;C:\\Program Files (x86)\\NVIDIA Corporation\\PhysX\\Common;C:\\Program Files\\Python38\\Scripts\\;C:\\Program Files\\Python38\\;C:\\WINDOWS\\system32;C:\\WINDOWS;C:\\WINDOWS\\System32\\Wbem;C:\\WINDOWS\\System32\\WindowsPowerShell\\v1.0\\;C:\\WINDOWS\\System32\\OpenSSH\\;C:\\Program Files\\NVIDIA Corporation\\NVIDIA NvDLISR;C:\\Program Files\\dotnet\\;C:\\Users\\theph\\AppData\\Local\\Programs\\Python\\Python39;C:\\Users\\theph\\AppData\\Local\\Programs\\Python\\Python39\\Scripts;C:\\Program Files\\Common Files\\Autodesk Shared\\;C:\\Program Files\\Git\\cmd;C:\\Program Files (x86)\\Windows Live\\Shared;C:\\HaxeToolkit\\haxe;C:\\HaxeToolkit\\neko;C:\\Program Files\\Microsoft SQL Server\\150\\Tools\\Binn\\;C:\\Program Files\\Microsoft SQL Server\\Client SDK\\ODBC\\170\\Tools\\Binn\\;C:\\Users\\theph\\AppData\\Local\\Microsoft\\WindowsApps;C:\\Users\\theph\\.dotnet\\tools;C:\\Program Files\\JetBrains\\PyCharm Community Edition 2020.3.3\\bin;C:\\Users\\theph\\AppData\\Local\\atom\\bin;C:\\Users\\theph\\AppData\\Local\\GitHubDesktop\\bin;C:\\Panda3D-1.9.0-x64\\python;C:\\Panda3D-1.9.0-x64\\python\\Scripts;C:\\Panda3D-1.9.0-x64\\bin;C:\\Panda3D-1.9.0\\python;C:\\Panda3D-1.9.0\\python\\Scripts;C:\\Panda3D-1.9.0\\bin;C:\\Panda3D-1.10.0\\python;C:\\Panda3D-1.10.0\\python\\Scripts;C:\\Panda3D-1.10.0\\bin;C:\\Program Files\\JetBrains\\PyCharm Community Edition 2022.2.2\\bin;;C:\\Users\\theph\\AppData\\Local\\Programs\\Microsoft VS Code\\bin;C:\\Panda3D-1.11.0\\python;C:\\Panda3D-1.11.0\\python\\Scripts;C:\\Panda3D-1.11.0\\bin;C:\\Users\\theph\\.dotnet\\tools;C:\\Panda3D-1.10.11-x64\\python;C:\\Panda3D-1.10.11-x64\\python\\Scripts;C:\\Panda3D-1.10.11-x64\\bin;C:\\Panda3D-1.11.0-x64\\python;C:\\Panda3D-1.11.0-x64\\python\\Scripts;C:\\Panda3D-1.11.0-x64\\bin;C:\\EventHorizon-battle-ng-teaser\\dependencies\\panda\\python;C:\\EventHorizon-battle-ng-teaser\\dependencies\\panda\\python\\Scripts;C:\\EventHorizon-battle-ng-teaser\\depe', 'SYSTEMROOT': 'C:\\WINDOWS', 'PROGRAMFILES(X86)': 'C:\\Program Files (x86)', 'COMSPEC': 'C:\\WINDOWS\\system32\\cmd.exe', 'DRIVERDATA': 'C:\\Windows\\System32\\Drivers\\DriverData', 'PPYTHON_PATH': '"Panda3D-1.11.0-x64\\python\\ppython.exe"', 'TEMP': 'C:\\Users\\theph\\AppData\\Local\\Temp', 'FPS_BROWSER_APP_PROFILE_STRING': 'Internet Explorer', 'COMMONPROGRAMFILES(X86)': 'C:\\Program Files (x86)\\Common Files', 'PROCESSOR_ARCHITECTURE': 'AMD64', 'ALLUSERSPROFILE': 'C:\\ProgramData', 'USERPROFILE': 'C:\\Users\\theph', 'LOCALAPPDATA': 'C:\\Users\\theph\\AppData\\Local', 'FPS_BROWSER_USER_PROFILE_STRING': 'Default', 'HOMEPATH': '\\Users\\theph', 'USERDOMAIN_ROAMINGPROFILE': 'DESKTOP-7054VC9', 'PROGRAMW6432': 'C:\\Program Files', 'USERNAME': 'theph', 'LOGONSERVER': '\\\\DESKTOP-7054VC9', 'PROMPT': '$P$G', 'SESSIONNAME': 'Console', 'PROGRAMDATA': 'C:\\ProgramData', 'ONEDRIVE': 'C:\\Users\\theph\\OneDrive', 'ADSK_3DSMAX_X64_2019': 'C:\\Program Files\\Autodesk\\3ds Max 2019\\', 'ZES_ENABLE_SYSMAN': '1', 'HAXEPATH': 'C:\\HaxeToolkit\\haxe', 'PATHEXT': '.COM;.EXE;.BAT;.CMD;.VBS;.VBE;.JS;.JSE;.WSF;.WSH;.MSC;.PY;.PYW', 'TTOFF_LOGIN_TOKEN': 'dev', 'WINDIR': 'C:\\WINDOWS', 'PYCHARM COMMUNITY EDITION': 'C:\\Program Files\\JetBrains\\PyCharm Community Edition 2022.2.2\\bin;', 'HOMEDRIVE': 'C:', 'SYSTEMDRIVE': 'C:', 'PUBLIC': 'C:\\Users\\Public', 'NUMBER_OF_PROCESSORS': '16', 'APPDATA': 'C:\\Users\\theph\\AppData\\Roaming', 'IDK2': 'C:\\Program Files\\Python38', 'COMMONPROGRAMW6432': 'C:\\Program Files\\Common Files', 'OS': 'Windows_NT', 'ADSK_CLM_WPAD_PROXY_CHECK': 'FALSE', 'IDK': 'C:\\Program Files\\Python38\\Scripts'}
:01-05-2023 18:40:03 TTOffLauncher: isTestServer: 0
:01-05-2023 18:40:03 TTOffLauncher: Game Server 127.0.0.1
:01-05-2023 18:40:03 TTOffLauncher: Starting Toontown Online... 
:01-05-2023 18:40:03 TTOffLauncher: foreground: Launcher now operating in foreground
useTTOffSpecificLogin=True
:01-05-2023 18:40:03 TTOffLauncher: maybeStartGame: starting game
:01-05-2023 18:40:03 TTOffLauncher: Starting Toontown Online...
:01-05-2023 18:40:03 TTOffLauncher: background: Launcher now operating in background
ToontownStart: Polling for game2 to finish...
ToontownStart: Game2 is finished.
ToontownStart: Starting the game.
ToontownStart: setting default font
:01-05-2023 18:40:03 TTOffLauncher: setting panda error code to 7
Known pipe types:
  wglGraphicsPipe
(all display modules loaded.)
:01-05-2023 18:40:03 ToonBase: Default graphics pipe is wglGraphicsPipe (OpenGL).
:01-05-2023 18:40:03 :display(warning): FrameBufferProperties available less than requested.
  requested: depth_bits=24 color_bits=3 red_bits=1 green_bits=1 blue_bits=1 alpha_bits=1 multisamples=70 back_buffers=1 force_hardware 
  got: depth_bits=24 color_bits=24 red_bits=8 green_bits=8 blue_bits=8 alpha_bits=8 accum_bits=64 multisamples=16 back_buffers=1 force_hardware 
:01-05-2023 18:40:03 ToonBase: Successfully opened window of type wglGraphicsWindow (OpenGL)
:01-05-2023 18:40:03 ShowBase: __dev__ == False
:01-05-2023 18:40:03 TTOffLauncher: setting panda error code to 11
:01-05-2023 18:40:03 TTOffLauncher: setting panda error code to 0
ToontownStart: Loading default gui sounds
ToontownStart: serverVersion:  tto-dev
:01-05-2023 18:40:03 Loader: starting bulk load of block 'init'
:01-05-2023 18:40:04 :nativenet(error): Buffered_DatagramConnection Constructor rbufsize = 4096000 wbufsize = 4096000 write_flush_point = 1400
:01-05-2023 18:40:04 OTPClientRepository: Using connect method 'http'
:01-05-2023 18:40:04 TTOffLauncher: getRegistry ('DEPLOYMENT', None)
:01-05-2023 18:40:04 TTOffLauncher: checking env
:01-05-2023 18:40:04 TTOffLauncher: getRegistry ('GAME_DEPLOYMENT', None)
:01-05-2023 18:40:04 TTOffLauncher: checking env
:01-05-2023 18:40:04 OTPClientRepository: reg_deployment=
:01-05-2023 18:40:04 OTPClientRepository: required-login auto.
:01-05-2023 18:40:04 OTPClientRepository: loginInterface: LoginTTOffAccount
:01-05-2023 18:40:04 TTOffLauncher: getNeedPwForSecretKey using ttoff-specific-login
:01-05-2023 18:40:04 Loader: At end of block 'init', expected 138, loaded 5, duration=1.1826372
:01-05-2023 18:40:04 OTPClientRepository: Connecting to gameserver directly (no proxy).
:01-05-2023 18:40:04 OTPClientRepository: Connecting to //127.0.0.1:7198 via HTTP interface.
:01-05-2023 18:40:04 TTOffLauncher: Stopping mini task manager.
:01-05-2023 18:40:04 OTPClientRepository: Successfully connected to //127.0.0.1:7198.
:01-05-2023 18:40:04 TTOffLauncher: Setting Disconnect Details normal
{402000001: <toontown.distributed.ToontownDistrict.ToontownDistrict instance at 0x0000000020C3DC08>}
:01-05-2023 18:40:07 StateData: AvatarChooser.enter
:01-05-2023 18:40:07 DisplayOptions: settingsFullScreen = False, embedded = False width=800 height=600
:01-05-2023 18:40:07 StateData: calling self.displayOptions.restrictToEmbedded(False)
:01-05-2023 18:40:32 OTPClientRepository: ================
:01-05-2023 18:40:32 OTPClientRepository: Chose avatar id: 100000001
:01-05-2023 18:40:32 OTPClientRepository: Chose avatar name: Prof. Alvin Flippenhopper
:01-05-2023 18:40:32 OTPClientRepository: Chose avatar dna: ('dls', 'ss', 's', 'm', 15, 0, 15, 15, 1, 8, 1, 8, 1, 1)
:01-05-2023 18:40:32 OTPClientRepository: Chose avatar position: 1
:01-05-2023 18:40:32 OTPClientRepository: isPaid: 1
:01-05-2023 18:40:32 OTPClientRepository: freeTimeLeft: 0
:01-05-2023 18:40:32 OTPClientRepository: allowSecretChat: True
:01-05-2023 18:40:32 OTPClientRepository: ================
:01-05-2023 18:40:32 Loader: starting bulk load of block 'localAvatarPlayGame'
:01-05-2023 18:40:32 ToontownTimeManager(warning): error parsing date string=
local
:01-05-2023 18:40:32 NewsPageButtonManager(warning): Should not get here. NewsPageButtonManager.exitOff
:01-05-2023 18:40:33 :pnmimage:png(warning): iCCP: known incorrect sRGB profile
:01-05-2023 18:40:35 OTPClientRepository: Sending heartbeat mid-frame.
:01-05-2023 18:40:36 OTPClientRepository: Entering shard 402000001
:01-05-2023 18:40:36 StreetSign: Street sign url is https://ttoffline.com/images/
:01-05-2023 18:40:37 TimeManager: Clock sync: TimeManager.announceGenerate
:01-05-2023 18:40:37 InGameNewsMgr: latestIssue=2013-08-22 16:49:46.000003-07:00
cpu info: GenuineIntel|Intel(R) Core(TM) i9-9900K CPU @ 3.60GHz|591597|0|3.600,3.600|8,16 cpus
:01-05-2023 18:40:38 OTPClientRepository: No sync from TimeManager.
:01-05-2023 18:40:38 OTPClientRepository: gotTimeSync
:01-05-2023 18:40:38 Loader: At end of block 'localAvatarPlayGame', expected 400, loaded 19, duration=6.3089042
:01-05-2023 18:40:38 TimeManager: Clock sync roundtrip took 1120.832 ms
:01-05-2023 18:40:38 TimeManager: AI time delta is -0:01 from server delta
:01-05-2023 18:40:38 TimeManager: Local clock uncertainty +/- 0.561 s
:01-05-2023 18:40:38 PlayGame: QA-REGRESSION: NEIGHBORHOODS: Visit Cashbot HQ
:01-05-2023 18:40:38 Loader: starting bulk load of block 'hood'
:01-05-2023 18:40:39 TownBattleSuitPanel: Loading Suit Battle Panel!
:01-05-2023 18:40:39 TownBattleSuitPanel: Loading Suit Battle Panel!
:01-05-2023 18:40:39 TownBattleSuitPanel: Loading Suit Battle Panel!
:01-05-2023 18:40:39 TownBattleSuitPanel: Loading Suit Battle Panel!
:01-05-2023 18:40:39 TownBattleSuitPanel: Loading Suit Battle Panel!
:01-05-2023 18:40:39 TownBattleSuitPanel: Loading Suit Battle Panel!
:01-05-2023 18:40:39 TownBattleSuitPanel: Loading Suit Battle Panel!
:01-05-2023 18:40:39 TownBattleSuitPanel: Loading Suit Battle Panel!
:01-05-2023 18:40:39 :pnmimage:png(warning): Interlace handling should be turned on when using png_read_image
:01-05-2023 18:40:39 CashbotCogHQLoader: loadPlaceGeom: 12000
:01-05-2023 18:40:40 DistributedObject: DistributedSuitPlanner 402002978: generating
:01-05-2023 18:40:40 :gobj(error): Texture::read() - couldn't read: phase_3/maps/hands/mb.png
:01-05-2023 18:40:40 :gobj(error): Unable to find texture "phase_3/maps/hands/mb.png" on model-path /;/c/Toontown/Toontown - Programming/SuitopiaUpdateLastLaff/Toontown-Last-Laff-Workspace/src/toontown/launcher;/c/Panda3D-1.11.0-x64/etc/..;/c/Panda3D-1.11.0-x64/etc/../models
Assertion failed: other._error_type == ET_ok at line 395 of panda/src/pgraph/nodePath.cxx
:01-05-2023 18:40:40 DistributedToon: calling LocalAvatar.startchat
:01-05-2023 18:40:40 :loader(error): Couldn't load file phase_4/models/questmap/cog_hq_cashbot_maps.bam: not found on model path (currently: "/;/c/Toontown/Toontown - Programming/SuitopiaUpdateLastLaff/Toontown-Last-Laff-Workspace/src/toontown/launcher;/c/Panda3D-1.11.0-x64/etc/..;/c/Panda3D-1.11.0-x64/etc/../models")
:01-05-2023 18:40:41 Loader: At end of block 'hood', expected 2, loaded 11, duration=2.6446713
:01-05-2023 18:40:41 :gobj(error): Texture::read() - couldn't read: phase_3/maps/hands/bc.png
:01-05-2023 18:40:41 :gobj(error): Unable to find texture "phase_3/maps/hands/bc.png" on model-path /;/c/Toontown/Toontown - Programming/SuitopiaUpdateLastLaff/Toontown-Last-Laff-Workspace/src/toontown/launcher;/c/Panda3D-1.11.0-x64/etc/..;/c/Panda3D-1.11.0-x64/etc/../models
Assertion failed: other._error_type == ET_ok at line 395 of panda/src/pgraph/nodePath.cxx
:01-05-2023 18:40:41 :gobj(error): Texture::read() - couldn't read: phase_3/maps/hands/bc.png
:01-05-2023 18:40:41 :gobj(error): Unable to find texture "phase_3/maps/hands/bc.png" on model-path /;/c/Toontown/Toontown - Programming/SuitopiaUpdateLastLaff/Toontown-Last-Laff-Workspace/src/toontown/launcher;/c/Panda3D-1.11.0-x64/etc/..;/c/Panda3D-1.11.0-x64/etc/../models
Assertion failed: other._error_type == ET_ok at line 395 of panda/src/pgraph/nodePath.cxx
:01-05-2023 18:40:41 :gobj(error): Texture::read() - couldn't read: phase_3/maps/hands/mb.png
:01-05-2023 18:40:41 :gobj(error): Unable to find texture "phase_3/maps/hands/mb.png" on model-path /;/c/Toontown/Toontown - Programming/SuitopiaUpdateLastLaff/Toontown-Last-Laff-Workspace/src/toontown/launcher;/c/Panda3D-1.11.0-x64/etc/..;/c/Panda3D-1.11.0-x64/etc/../models
Assertion failed: other._error_type == ET_ok at line 395 of panda/src/pgraph/nodePath.cxx
:01-05-2023 18:40:41 :gobj(error): Texture::read() - couldn't read: phase_3/maps/hands/nc.png
:01-05-2023 18:40:41 :gobj(error): Unable to find texture "phase_3/maps/hands/nc.png" on model-path /;/c/Toontown/Toontown - Programming/SuitopiaUpdateLastLaff/Toontown-Last-Laff-Workspace/src/toontown/launcher;/c/Panda3D-1.11.0-x64/etc/..;/c/Panda3D-1.11.0-x64/etc/../models
Assertion failed: other._error_type == ET_ok at line 395 of panda/src/pgraph/nodePath.cxx
:01-05-2023 18:40:41 :gobj(error): Texture::read() - couldn't read: phase_3/maps/hands/bc.png
:01-05-2023 18:40:41 :gobj(error): Unable to find texture "phase_3/maps/hands/bc.png" on model-path /;/c/Toontown/Toontown - Programming/SuitopiaUpdateLastLaff/Toontown-Last-Laff-Workspace/src/toontown/launcher;/c/Panda3D-1.11.0-x64/etc/..;/c/Panda3D-1.11.0-x64/etc/../models
Assertion failed: other._error_type == ET_ok at line 395 of panda/src/pgraph/nodePath.cxx
:01-05-2023 18:40:41 :gobj(error): Texture::read() - couldn't read: phase_3/maps/hands/mb.png
:01-05-2023 18:40:41 :gobj(error): Unable to find texture "phase_3/maps/hands/mb.png" on model-path /;/c/Toontown/Toontown - Programming/SuitopiaUpdateLastLaff/Toontown-Last-Laff-Workspace/src/toontown/launcher;/c/Panda3D-1.11.0-x64/etc/..;/c/Panda3D-1.11.0-x64/etc/../models
Assertion failed: other._error_type == ET_ok at line 395 of panda/src/pgraph/nodePath.cxx
:01-05-2023 18:40:41 :gobj(error): Texture::read() - couldn't read: phase_3/maps/hands/mb.png
:01-05-2023 18:40:41 :gobj(error): Unable to find texture "phase_3/maps/hands/mb.png" on model-path /;/c/Toontown/Toontown - Programming/SuitopiaUpdateLastLaff/Toontown-Last-Laff-Workspace/src/toontown/launcher;/c/Panda3D-1.11.0-x64/etc/..;/c/Panda3D-1.11.0-x64/etc/../models
Assertion failed: other._error_type == ET_ok at line 395 of panda/src/pgraph/nodePath.cxx
:01-05-2023 18:40:42 Teleport(debug): teleportInDone: walk
:01-05-2023 18:40:42 :loader(error): Couldn't load file phase_4/models/questmap/cog_hq_cashbot_maps.bam: not found on model path (currently: "/;/c/Toontown/Toontown - Programming/SuitopiaUpdateLastLaff/Toontown-Last-Laff-Workspace/src/toontown/launcher;/c/Panda3D-1.11.0-x64/etc/..;/c/Panda3D-1.11.0-x64/etc/../models")
:01-05-2023 18:40:46 :gobj(error): Texture::read() - couldn't read: phase_3/maps/hands/tw.png
:01-05-2023 18:40:46 :gobj(error): Unable to find texture "phase_3/maps/hands/tw.png" on model-path /;/c/Toontown/Toontown - Programming/SuitopiaUpdateLastLaff/Toontown-Last-Laff-Workspace/src/toontown/launcher;/c/Panda3D-1.11.0-x64/etc/..;/c/Panda3D-1.11.0-x64/etc/../models
Assertion failed: other._error_type == ET_ok at line 395 of panda/src/pgraph/nodePath.cxx
:01-05-2023 18:40:46 :gobj(error): Texture::read() - couldn't read: phase_3/maps/hands/mb.png
:01-05-2023 18:40:46 :gobj(error): Unable to find texture "phase_3/maps/hands/mb.png" on model-path /;/c/Toontown/Toontown - Programming/SuitopiaUpdateLastLaff/Toontown-Last-Laff-Workspace/src/toontown/launcher;/c/Panda3D-1.11.0-x64/etc/..;/c/Panda3D-1.11.0-x64/etc/../models
Assertion failed: other._error_type == ET_ok at line 395 of panda/src/pgraph/nodePath.cxx
:01-05-2023 18:40:57 :gobj(error): Texture::read() - couldn't read: phase_3/maps/hands/mb.png
:01-05-2023 18:40:57 :gobj(error): Unable to find texture "phase_3/maps/hands/mb.png" on model-path /;/c/Toontown/Toontown - Programming/SuitopiaUpdateLastLaff/Toontown-Last-Laff-Workspace/src/toontown/launcher;/c/Panda3D-1.11.0-x64/etc/..;/c/Panda3D-1.11.0-x64/etc/../models
Assertion failed: other._error_type == ET_ok at line 395 of panda/src/pgraph/nodePath.cxx
:01-05-2023 18:40:57 :gobj(error): Texture::read() - couldn't read: phase_3/maps/hands/tw.png
:01-05-2023 18:40:57 :gobj(error): Unable to find texture "phase_3/maps/hands/tw.png" on model-path /;/c/Toontown/Toontown - Programming/SuitopiaUpdateLastLaff/Toontown-Last-Laff-Workspace/src/toontown/launcher;/c/Panda3D-1.11.0-x64/etc/..;/c/Panda3D-1.11.0-x64/etc/../models
Assertion failed: other._error_type == ET_ok at line 395 of panda/src/pgraph/nodePath.cxx
:01-05-2023 18:41:07 :gobj(error): Texture::read() - couldn't read: phase_3/maps/hands/nc.png
:01-05-2023 18:41:07 :gobj(error): Unable to find texture "phase_3/maps/hands/nc.png" on model-path /;/c/Toontown/Toontown - Programming/SuitopiaUpdateLastLaff/Toontown-Last-Laff-Workspace/src/toontown/launcher;/c/Panda3D-1.11.0-x64/etc/..;/c/Panda3D-1.11.0-x64/etc/../models
Assertion failed: other._error_type == ET_ok at line 395 of panda/src/pgraph/nodePath.cxx
:01-05-2023 18:41:18 :gobj(error): Texture::read() - couldn't read: phase_3/maps/hands/nc.png
:01-05-2023 18:41:18 :gobj(error): Unable to find texture "phase_3/maps/hands/nc.png" on model-path /;/c/Toontown/Toontown - Programming/SuitopiaUpdateLastLaff/Toontown-Last-Laff-Workspace/src/toontown/launcher;/c/Panda3D-1.11.0-x64/etc/..;/c/Panda3D-1.11.0-x64/etc/../models
Assertion failed: other._error_type == ET_ok at line 395 of panda/src/pgraph/nodePath.cxx
:01-05-2023 18:41:29 :gobj(error): Texture::read() - couldn't read: phase_3/maps/hands/nc.png
:01-05-2023 18:41:29 :gobj(error): Unable to find texture "phase_3/maps/hands/nc.png" on model-path /;/c/Toontown/Toontown - Programming/SuitopiaUpdateLastLaff/Toontown-Last-Laff-Workspace/src/toontown/launcher;/c/Panda3D-1.11.0-x64/etc/..;/c/Panda3D-1.11.0-x64/etc/../models
Assertion failed: other._error_type == ET_ok at line 395 of panda/src/pgraph/nodePath.cxx
:01-05-2023 18:41:41 :gobj(error): Texture::read() - couldn't read: phase_3/maps/hands/mb.png
:01-05-2023 18:41:41 :gobj(error): Unable to find texture "phase_3/maps/hands/mb.png" on model-path /;/c/Toontown/Toontown - Programming/SuitopiaUpdateLastLaff/Toontown-Last-Laff-Workspace/src/toontown/launcher;/c/Panda3D-1.11.0-x64/etc/..;/c/Panda3D-1.11.0-x64/etc/../models
Assertion failed: other._error_type == ET_ok at line 395 of panda/src/pgraph/nodePath.cxx
:01-05-2023 18:41:48 CashbotHQExterior: QA-REGRESSION: COGBATTLE: Enter Battle
Battle Event localtoon-battle-event-3
:01-05-2023 18:41:52 :gobj(error): Texture::read() - couldn't read: phase_3/maps/hands/nc.png
:01-05-2023 18:41:52 :gobj(error): Unable to find texture "phase_3/maps/hands/nc.png" on model-path /;/c/Toontown/Toontown - Programming/SuitopiaUpdateLastLaff/Toontown-Last-Laff-Workspace/src/toontown/launcher;/c/Panda3D-1.11.0-x64/etc/..;/c/Panda3D-1.11.0-x64/etc/../models
Assertion failed: other._error_type == ET_ok at line 395 of panda/src/pgraph/nodePath.cxx
:01-05-2023 18:41:55 ToontownChatManager: QA-REGRESSION: CHAT: Speedchat
:01-05-2023 18:42:04 :gobj(error): Texture::read() - couldn't read: phase_3/maps/hands/mb.png
:01-05-2023 18:42:04 :gobj(error): Unable to find texture "phase_3/maps/hands/mb.png" on model-path /;/c/Toontown/Toontown - Programming/SuitopiaUpdateLastLaff/Toontown-Last-Laff-Workspace/src/toontown/launcher;/c/Panda3D-1.11.0-x64/etc/..;/c/Panda3D-1.11.0-x64/etc/../models
Assertion failed: other._error_type == ET_ok at line 395 of panda/src/pgraph/nodePath.cxx
Assertion failed: other._error_type == ET_ok at line 395 of panda/src/pgraph/nodePath.cxx
:01-05-2023 18:42:15 :gobj(error): Texture::read() - couldn't read: phase_3/maps/hands/bc.png
:01-05-2023 18:42:15 :gobj(error): Unable to find texture "phase_3/maps/hands/bc.png" on model-path /;/c/Toontown/Toontown - Programming/SuitopiaUpdateLastLaff/Toontown-Last-Laff-Workspace/src/toontown/launcher;/c/Panda3D-1.11.0-x64/etc/..;/c/Panda3D-1.11.0-x64/etc/../models
Assertion failed: other._error_type == ET_ok at line 395 of panda/src/pgraph/nodePath.cxx
:01-05-2023 18:42:15 :gobj(error): Texture::read() - couldn't read: phase_3/maps/hands/mb.png
:01-05-2023 18:42:15 :gobj(error): Unable to find texture "phase_3/maps/hands/mb.png" on model-path /;/c/Toontown/Toontown - Programming/SuitopiaUpdateLastLaff/Toontown-Last-Laff-Workspace/src/toontown/launcher;/c/Panda3D-1.11.0-x64/etc/..;/c/Panda3D-1.11.0-x64/etc/../models
Assertion failed: other._error_type == ET_ok at line 395 of panda/src/pgraph/nodePath.cxx
:01-05-2023 18:42:26 :gobj(error): Texture::read() - couldn't read: phase_3/maps/hands/nc.png
:01-05-2023 18:42:26 :gobj(error): Unable to find texture "phase_3/maps/hands/nc.png" on model-path /;/c/Toontown/Toontown - Programming/SuitopiaUpdateLastLaff/Toontown-Last-Laff-Workspace/src/toontown/launcher;/c/Panda3D-1.11.0-x64/etc/..;/c/Panda3D-1.11.0-x64/etc/../models
Assertion failed: other._error_type == ET_ok at line 395 of panda/src/pgraph/nodePath.cxx
Assertion failed: other._error_type == ET_ok at line 395 of panda/src/pgraph/nodePath.cxx
Assertion failed: other._error_type == ET_ok at line 395 of panda/src/pgraph/nodePath.cxx
Assertion failed: other._error_type == ET_ok at line 395 of panda/src/pgraph/nodePath.cxx
Assertion failed: other._error_type == ET_ok at line 395 of panda/src/pgraph/nodePath.cxx
Assertion failed: other._error_type == ET_ok at line 395 of panda/src/pgraph/nodePath.cxx
Assertion failed: other._error_type == ET_ok at line 395 of panda/src/pgraph/nodePath.cxx
Assertion failed: other._error_type == ET_ok at line 395 of panda/src/pgraph/nodePath.cxx
Assertion failed: other._error_type == ET_ok at line 395 of panda/src/pgraph/nodePath.cxx
Assertion failed: other._error_type == ET_ok at line 395 of panda/src/pgraph/nodePath.cxx
Assertion failed: other._error_type == ET_ok at line 395 of panda/src/pgraph/nodePath.cxx
Assertion failed: other._error_type == ET_ok at line 395 of panda/src/pgraph/nodePath.cxx
Assertion failed: other._error_type == ET_ok at line 395 of panda/src/pgraph/nodePath.cxx
Assertion failed: other._error_type == ET_ok at line 395 of panda/src/pgraph/nodePath.cxx
Assertion failed: other._error_type == ET_ok at line 395 of panda/src/pgraph/nodePath.cxx
Assertion failed: other._error_type == ET_ok at line 395 of panda/src/pgraph/nodePath.cxx
Assertion failed: other._error_type == ET_ok at line 395 of panda/src/pgraph/nodePath.cxx
Assertion failed: other._error_type == ET_ok at line 395 of panda/src/pgraph/nodePath.cxx
Assertion failed: other._error_type == ET_ok at line 395 of panda/src/pgraph/nodePath.cxx
Assertion failed: other._error_type == ET_ok at line 395 of panda/src/pgraph/nodePath.cxx
Assertion failed: other._error_type == ET_ok at line 395 of panda/src/pgraph/nodePath.cxx
Assertion failed: other._error_type == ET_ok at line 395 of panda/src/pgraph/nodePath.cxx
Assertion failed: other._error_type == ET_ok at line 395 of panda/src/pgraph/nodePath.cxx
Assertion failed: other._error_type == ET_ok at line 395 of panda/src/pgraph/nodePath.cxx
Assertion failed: other._error_type == ET_ok at line 395 of panda/src/pgraph/nodePath.cxx
Assertion failed: other._error_type == ET_ok at line 395 of panda/src/pgraph/nodePath.cxx
Assertion failed: other._error_type == ET_ok at line 395 of panda/src/pgraph/nodePath.cxx
Assertion failed: other._error_type == ET_ok at line 395 of panda/src/pgraph/nodePath.cxx
Assertion failed: other._error_type == ET_ok at line 395 of panda/src/pgraph/nodePath.cxx
Assertion failed: other._error_type == ET_ok at line 395 of panda/src/pgraph/nodePath.cxx
Assertion failed: other._error_type == ET_ok at line 395 of panda/src/pgraph/nodePath.cxx
Assertion failed: other._error_type == ET_ok at line 395 of panda/src/pgraph/nodePath.cxx
Assertion failed: other._error_type == ET_ok at line 395 of panda/src/pgraph/nodePath.cxx
:01-05-2023 18:42:32 :loader(error): Couldn't load file phase_4/models/questmap/cog_hq_cashbot_maps.bam: not found on model path (currently: "/;/c/Toontown/Toontown - Programming/SuitopiaUpdateLastLaff/Toontown-Last-Laff-Workspace/src/toontown/launcher;/c/Panda3D-1.11.0-x64/etc/..;/c/Panda3D-1.11.0-x64/etc/../models")
:01-05-2023 18:42:37 :gobj(error): Texture::read() - couldn't read: phase_3/maps/hands/mb.png
:01-05-2023 18:42:37 :gobj(error): Unable to find texture "phase_3/maps/hands/mb.png" on model-path /;/c/Toontown/Toontown - Programming/SuitopiaUpdateLastLaff/Toontown-Last-Laff-Workspace/src/toontown/launcher;/c/Panda3D-1.11.0-x64/etc/..;/c/Panda3D-1.11.0-x64/etc/../models
Assertion failed: other._error_type == ET_ok at line 395 of panda/src/pgraph/nodePath.cxx
:01-05-2023 18:42:42 CashbotHQExterior: QA-REGRESSION: COGBATTLE: Enter Battle
Battle Event localtoon-battle-event-9
:01-05-2023 18:42:49 :gobj(error): Texture::read() - couldn't read: phase_3/maps/hands/bc.png
:01-05-2023 18:42:49 :gobj(error): Unable to find texture "phase_3/maps/hands/bc.png" on model-path /;/c/Toontown/Toontown - Programming/SuitopiaUpdateLastLaff/Toontown-Last-Laff-Workspace/src/toontown/launcher;/c/Panda3D-1.11.0-x64/etc/..;/c/Panda3D-1.11.0-x64/etc/../models
Assertion failed: other._error_type == ET_ok at line 395 of panda/src/pgraph/nodePath.cxx
:01-05-2023 18:42:59 :gobj(error): Texture::read() - couldn't read: phase_3/maps/hands/mb.png
:01-05-2023 18:42:59 :gobj(error): Unable to find texture "phase_3/maps/hands/mb.png" on model-path /;/c/Toontown/Toontown - Programming/SuitopiaUpdateLastLaff/Toontown-Last-Laff-Workspace/src/toontown/launcher;/c/Panda3D-1.11.0-x64/etc/..;/c/Panda3D-1.11.0-x64/etc/../models
Assertion failed: other._error_type == ET_ok at line 395 of panda/src/pgraph/nodePath.cxx
:01-05-2023 18:43:10 :gobj(error): Texture::read() - couldn't read: phase_3/maps/hands/bc.png
:01-05-2023 18:43:10 :gobj(error): Unable to find texture "phase_3/maps/hands/bc.png" on model-path /;/c/Toontown/Toontown - Programming/SuitopiaUpdateLastLaff/Toontown-Last-Laff-Workspace/src/toontown/launcher;/c/Panda3D-1.11.0-x64/etc/..;/c/Panda3D-1.11.0-x64/etc/../models
Assertion failed: other._error_type == ET_ok at line 395 of panda/src/pgraph/nodePath.cxx
Assertion failed: other._error_type == ET_ok at line 395 of panda/src/pgraph/nodePath.cxx
Traceback (most recent call last):
  File "C:\Panda3D-1.11.0-x64\direct\distributed\ConnectionRepository.py", line 609, in readerPollUntilEmpty
    while self.readerPollOnce():
  File "C:\Panda3D-1.11.0-x64\direct\distributed\ConnectionRepository.py", line 616, in readerPollOnce
    self.handleDatagram(self.private__di)
  File "otp\distributed\OTPClientRepository.py", line 1838, in handleDatagram
    self.handler(msgType, di)
  File "otp\distributed\OTPClientRepository.py", line 1441, in handlePlayGame
    self.handleUpdateField(di)
  File "C:\Panda3D-1.11.0-x64\direct\distributed\ClientRepositoryBase.py", line 437, in handleUpdateField
    self.__doUpdate(doId, di, ovUpdated)
  File "C:\Panda3D-1.11.0-x64\direct\distributed\ClientRepositoryBase.py", line 445, in __doUpdate
    do.dclass.receiveUpdate(do, di)
  File "toontown\battle\DistributedBattleBase.py", line 343, in setState
    self.fsm.request(state, [globalClockDelta.localElapsedTime(timestamp)])
  File "C:\Panda3D-1.11.0-x64\direct\fsm\ClassicFSM.py", line 281, in request
    exitArgList)
  File "C:\Panda3D-1.11.0-x64\direct\fsm\ClassicFSM.py", line 228, in __transition
    self.__enter(aState, enterArgList)
  File "C:\Panda3D-1.11.0-x64\direct\fsm\ClassicFSM.py", line 214, in __enter
    aState.enter(argList)
  File "C:\Panda3D-1.11.0-x64\direct\fsm\State.py", line 202, in enter
    self.__enterFunc(*argList)
  File "toontown\battle\DistributedBattleBase.py", line 1193, in enterPlayMovie
    self.movie.play(ts, self.__handleMovieDone)
  File "toontown\battle\Movie.py", line 242, in play
    sattacks, scam = self.__doSuitAttacks()
  File "toontown\battle\Movie.py", line 820, in __doSuitAttacks
    ival, camIval = MovieSuitAttacks.doSuitAttack(a)
  File "toontown\battle\MovieSuitAttacks.py", line 141, in doSuitAttack
    suitTrack = doCrunch(attack)
  File "toontown\battle\MovieSuitAttacks.py", line 2921, in doCrunch
    next.reparentTo(suit.getRightHand())
AssertionError: other._error_type == ET_ok at line 395 of panda/src/pgraph/nodePath.cxx
:01-05-2023 18:43:16 :task(error): Exception occurred in PythonTask readerPollTask-99566240
:01-05-2023 18:43:16 TTOffLauncher: setting panda error code to 12
:01-05-2023 18:43:16 TTOffLauncher(warning): Handling Python exception.
:01-05-2023 18:43:16 TimeManager: Client disconnect reason 3.
:01-05-2023 18:43:16 TimeManager: Client exception: toontown.battle.MovieSuitAttacks:2921, toontown.battle.MovieSuitAttacks:141, toontown.battle.Movie:820, toontown.battle.Movie:242, AssertionError: other._error_type == ET_ok at line 395 of panda/src/pgraph/nodePath.cxx
:01-05-2023 18:43:16 OTPClientRepository: Sent disconnect message to server
:01-05-2023 18:43:16 OTPClientRepository: Closing connection to server.
:01-05-2023 18:43:16 TTOffLauncher: Exception exit.

Traceback (most recent call last):
  File "otp\launcher\LauncherBase.py", line 1081, in mainLoop
    self._runTaskManager()
  File "otp\launcher\LauncherBase.py", line 1052, in _runTaskManager
    taskMgr.run()
  File "C:\Panda3D-1.11.0-x64\direct\task\Task.py", line 528, in run
    self.step()
  File "C:\Panda3D-1.11.0-x64\direct\task\Task.py", line 482, in step
    self.mgr.poll()
  File "C:\Panda3D-1.11.0-x64\direct\distributed\ConnectionRepository.py", line 609, in readerPollUntilEmpty
    while self.readerPollOnce():
  File "C:\Panda3D-1.11.0-x64\direct\distributed\ConnectionRepository.py", line 616, in readerPollOnce
    self.handleDatagram(self.private__di)
  File "otp\distributed\OTPClientRepository.py", line 1838, in handleDatagram
    self.handler(msgType, di)
  File "otp\distributed\OTPClientRepository.py", line 1441, in handlePlayGame
    self.handleUpdateField(di)
  File "C:\Panda3D-1.11.0-x64\direct\distributed\ClientRepositoryBase.py", line 437, in handleUpdateField
    self.__doUpdate(doId, di, ovUpdated)
  File "C:\Panda3D-1.11.0-x64\direct\distributed\ClientRepositoryBase.py", line 445, in __doUpdate
    do.dclass.receiveUpdate(do, di)
  File "toontown\battle\DistributedBattleBase.py", line 343, in setState
    self.fsm.request(state, [globalClockDelta.localElapsedTime(timestamp)])
  File "C:\Panda3D-1.11.0-x64\direct\fsm\ClassicFSM.py", line 281, in request
    exitArgList)
  File "C:\Panda3D-1.11.0-x64\direct\fsm\ClassicFSM.py", line 228, in __transition
    self.__enter(aState, enterArgList)
  File "C:\Panda3D-1.11.0-x64\direct\fsm\ClassicFSM.py", line 214, in __enter
    aState.enter(argList)
  File "C:\Panda3D-1.11.0-x64\direct\fsm\State.py", line 202, in enter
    self.__enterFunc(*argList)
  File "toontown\battle\DistributedBattleBase.py", line 1193, in enterPlayMovie
    self.movie.play(ts, self.__handleMovieDone)
  File "toontown\battle\Movie.py", line 242, in play
    sattacks, scam = self.__doSuitAttacks()
  File "toontown\battle\Movie.py", line 820, in __doSuitAttacks
    ival, camIval = MovieSuitAttacks.doSuitAttack(a)
  File "toontown\battle\MovieSuitAttacks.py", line 141, in doSuitAttack
    suitTrack = doCrunch(attack)
  File "toontown\battle\MovieSuitAttacks.py", line 2921, in doCrunch
    next.reparentTo(suit.getRightHand())
AssertionError: other._error_type == ET_ok at line 395 of panda/src/pgraph/nodePath.cxx
