

Starting Toontown Online...
Current time: Thu Oct 13 15:49:09 2022 Eastern Standard Time
sys.path =  ['', 'C:\\Toontown-Last-Laff-Workspace\\src\\Panda3D-1.11.0-x64\\python\\python27.zip', 'C:\\Panda3D-1.10.12-x64', 'C:\\Toontown-Last-Laff-Workspace\\src\\Panda3D-1.11.0-x64\\python\\DLLs', 'C:\\Toontown-Last-Laff-Workspace\\src\\Panda3D-1.11.0-x64\\python\\lib', 'C:\\Toontown-Last-Laff-Workspace\\src\\Panda3D-1.11.0-x64\\python\\lib\\plat-win', 'C:\\Toontown-Last-Laff-Workspace\\src\\Panda3D-1.11.0-x64\\python\\lib\\lib-tk', 'C:\\Toontown-Last-Laff-Workspace\\src\\Panda3D-1.11.0-x64\\python', 'C:\\Toontown-Last-Laff-Workspace\\src\\Panda3D-1.11.0-x64', 'C:\\Toontown-Last-Laff-Workspace\\src\\Panda3D-1.11.0-x64\\bin', 'C:\\Toontown-Last-Laff-Workspace\\src\\Panda3D-1.11.0-x64\\python\\lib\\site-packages']
sys.argv =  ['C:\\Toontown-Last-Laff-Workspace\\src\\toontown\\launcher\\TTOffQuickStartLauncher.py']
generating standard configrc
os.environ =  {'TMP': 'C:\\Users\\theph\\AppData\\Local\\Temp', 'COMPUTERNAME': 'DESKTOP-7054VC9', 'USERDOMAIN': 'DESKTOP-7054VC9', 'NEKO_INSTPATH': 'C:\\HaxeToolkit\\neko', 'INTEL_DEV_REDIST': 'C:\\Program Files (x86)\\Common Files\\Intel\\Shared Libraries\\', 'PSMODULEPATH': 'C:\\Program Files\\WindowsPowerShell\\Modules;C:\\WINDOWS\\system32\\WindowsPowerShell\\v1.0\\Modules', 'COMMONPROGRAMFILES': 'C:\\Program Files\\Common Files', 'PROCESSOR_IDENTIFIER': 'Intel64 Family 6 Model 158 Stepping 13, GenuineIntel', 'PROGRAMFILES': 'C:\\Program Files', 'PROCESSOR_REVISION': '9e0d', 'PATH': 'C:\\Toontown-Last-Laff-Workspace\\src\\Panda3D-1.11.0-x64\\panda3d\\..\\bin;C:\\Program Files (x86)\\Common Files\\Intel\\Shared Libraries\\redist\\intel64_win\\compiler;C:\\Program Files (x86)\\NVIDIA Corporation\\PhysX\\Common;C:\\Program Files\\Python38\\Scripts\\;C:\\Program Files\\Python38\\;C:\\WINDOWS\\system32;C:\\WINDOWS;C:\\WINDOWS\\System32\\Wbem;C:\\WINDOWS\\System32\\WindowsPowerShell\\v1.0\\;C:\\WINDOWS\\System32\\OpenSSH\\;C:\\Program Files\\NVIDIA Corporation\\NVIDIA NvDLISR;C:\\Program Files\\dotnet\\;C:\\Users\\theph\\AppData\\Local\\Programs\\Python\\Python39;C:\\Users\\theph\\AppData\\Local\\Programs\\Python\\Python39\\Scripts;C:\\Program Files\\Common Files\\Autodesk Shared\\;C:\\Program Files\\Git\\cmd;C:\\Program Files (x86)\\Windows Live\\Shared;C:\\HaxeToolkit\\haxe;C:\\HaxeToolkit\\neko;C:\\Program Files\\Microsoft SQL Server\\150\\Tools\\Binn\\;C:\\Program Files\\Microsoft SQL Server\\Client SDK\\ODBC\\170\\Tools\\Binn\\;C:\\Users\\theph\\AppData\\Local\\Microsoft\\WindowsApps;C:\\Users\\theph\\.dotnet\\tools;C:\\Program Files\\JetBrains\\PyCharm Community Edition 2020.3.3\\bin;C:\\Users\\theph\\AppData\\Local\\atom\\bin;C:\\Users\\theph\\AppData\\Local\\GitHubDesktop\\bin;C:\\Panda3D-1.9.0-x64\\python;C:\\Panda3D-1.9.0-x64\\python\\Scripts;C:\\Panda3D-1.9.0-x64\\bin;C:\\Panda3D-1.9.0\\python;C:\\Panda3D-1.9.0\\python\\Scripts;C:\\Panda3D-1.9.0\\bin;C:\\Panda3D-1.10.0\\python;C:\\Panda3D-1.10.0\\python\\Scripts;C:\\Panda3D-1.10.0\\bin;C:\\Program Files\\JetBrains\\PyCharm Community Edition 2022.2.2\\bin;;C:\\Users\\theph\\AppData\\Local\\Programs\\Microsoft VS Code\\bin;C:\\Panda3D-1.11.0\\python;C:\\Panda3D-1.11.0\\python\\Scripts;C:\\Panda3D-1.11.0\\bin;C:\\Users\\theph\\.dotnet\\tools;C:\\Panda3D-1.10.11-x64\\python;C:\\Panda3D-1.10.11-x64\\python\\Scripts;C:\\Panda3D-1.10.11-x64\\bin;C:\\Panda3D-1.11.0-x64\\python;C:\\Panda3D-1.11.0-x64\\python\\Scripts;C:\\Panda3D-1.11.0-x64\\bin;C:\\EventHorizon-battle-ng-teaser\\dependencies\\panda\\python;C:\\EventHorizon-battle-ng-teaser\\dependencies\\panda\\python\\Scripts;C:\\EventHorizon-battle-ng-teaser\\depe', 'SYSTEMROOT': 'C:\\WINDOWS', 'PROGRAMFILES(X86)': 'C:\\Program Files (x86)', 'COMSPEC': 'C:\\WINDOWS\\system32\\cmd.exe', 'DRIVERDATA': 'C:\\Windows\\System32\\Drivers\\DriverData', 'PPYTHON_PATH': '"Panda3D-1.11.0-x64\\python\\ppython.exe"', 'TEMP': 'C:\\Users\\theph\\AppData\\Local\\Temp', 'FPS_BROWSER_APP_PROFILE_STRING': 'Internet Explorer', 'COMMONPROGRAMFILES(X86)': 'C:\\Program Files (x86)\\Common Files', 'PROCESSOR_ARCHITECTURE': 'AMD64', 'ALLUSERSPROFILE': 'C:\\ProgramData', 'LOCALAPPDATA': 'C:\\Users\\theph\\AppData\\Local', 'FPS_BROWSER_USER_PROFILE_STRING': 'Default', 'HOMEPATH': '\\Users\\theph', 'USERDOMAIN_ROAMINGPROFILE': 'DESKTOP-7054VC9', 'PROGRAMW6432': 'C:\\Program Files', 'USERNAME': 'theph', 'LOGONSERVER': '\\\\DESKTOP-7054VC9', 'PROMPT': '$P$G', 'SESSIONNAME': 'Console', 'PROGRAMDATA': 'C:\\ProgramData', 'ONEDRIVE': 'C:\\Users\\theph\\OneDrive', 'ADSK_3DSMAX_X64_2019': 'C:\\Program Files\\Autodesk\\3ds Max 2019\\', 'ZES_ENABLE_SYSMAN': '1', 'HAXEPATH': 'C:\\HaxeToolkit\\haxe', 'PATHEXT': '.COM;.EXE;.BAT;.CMD;.VBS;.VBE;.JS;.JSE;.WSF;.WSH;.MSC;.PY;.PYW', 'TTOFF_LOGIN_TOKEN': 'dev', 'WINDIR': 'C:\\WINDOWS', 'PYCHARM COMMUNITY EDITION': 'C:\\Program Files\\JetBrains\\PyCharm Community Edition 2022.2.2\\bin;', 'HOMEDRIVE': 'C:', 'SYSTEMDRIVE': 'C:', 'PUBLIC': 'C:\\Users\\Public', 'NUMBER_OF_PROCESSORS': '16', 'APPDATA': 'C:\\Users\\theph\\AppData\\Roaming', 'PROCESSOR_LEVEL': '6', 'COMMONPROGRAMW6432': 'C:\\Program Files\\Common Files', 'OS': 'Windows_NT', 'ADSK_CLM_WPAD_PROXY_CHECK': 'FALSE', 'USERPROFILE': 'C:\\Users\\theph'}
:10-13-2022 15:49:09 TTOffLauncher: isTestServer: 0
:10-13-2022 15:49:09 TTOffLauncher: Game Server 127.0.0.1
:10-13-2022 15:49:09 TTOffLauncher: Starting Toontown Online... 
:10-13-2022 15:49:09 TTOffLauncher: foreground: Launcher now operating in foreground
useTTOffSpecificLogin=True
:10-13-2022 15:49:09 TTOffLauncher: maybeStartGame: starting game
:10-13-2022 15:49:09 TTOffLauncher: Starting Toontown Online...
:10-13-2022 15:49:09 TTOffLauncher: background: Launcher now operating in background
ToontownStart: Polling for game2 to finish...
ToontownStart: Game2 is finished.
ToontownStart: Starting the game.
ToontownStart: setting default font
:10-13-2022 15:49:09 TTOffLauncher: setting panda error code to 7
Known pipe types:
  wglGraphicsPipe
(all display modules loaded.)
:10-13-2022 15:49:09 ToonBase: Default graphics pipe is wglGraphicsPipe (OpenGL).
:10-13-2022 15:49:10 :display(warning): FrameBufferProperties available less than requested.
  requested: depth_bits=24 color_bits=3 red_bits=1 green_bits=1 blue_bits=1 alpha_bits=1 multisamples=70 back_buffers=1 force_hardware 
  got: depth_bits=24 color_bits=24 red_bits=8 green_bits=8 blue_bits=8 alpha_bits=8 accum_bits=64 multisamples=16 back_buffers=1 force_hardware 
:10-13-2022 15:49:10 ToonBase: Successfully opened window of type wglGraphicsWindow (OpenGL)
:10-13-2022 15:49:10 ShowBase: __dev__ == False
:10-13-2022 15:49:10 TTOffLauncher: setting panda error code to 11
:10-13-2022 15:49:10 TTOffLauncher: setting panda error code to 0
ToontownStart: Loading default gui sounds
ToontownStart: serverVersion:  tto-dev
:10-13-2022 15:49:10 Loader: starting bulk load of block 'init'
:10-13-2022 15:49:10 :nativenet(error): Buffered_DatagramConnection Constructor rbufsize = 4096000 wbufsize = 4096000 write_flush_point = 1400
:10-13-2022 15:49:10 OTPClientRepository: Using connect method 'http'
:10-13-2022 15:49:11 TTOffLauncher: getRegistry ('DEPLOYMENT', None)
:10-13-2022 15:49:11 TTOffLauncher: checking env
:10-13-2022 15:49:11 TTOffLauncher: getRegistry ('GAME_DEPLOYMENT', None)
:10-13-2022 15:49:11 TTOffLauncher: checking env
:10-13-2022 15:49:11 OTPClientRepository: reg_deployment=
:10-13-2022 15:49:11 OTPClientRepository: required-login auto.
:10-13-2022 15:49:11 OTPClientRepository: loginInterface: LoginTTOffAccount
:10-13-2022 15:49:11 TTOffLauncher: getNeedPwForSecretKey using ttoff-specific-login
:10-13-2022 15:49:11 Loader: At end of block 'init', expected 138, loaded 5, duration=1.0917113
:10-13-2022 15:49:11 OTPClientRepository: Connecting to gameserver directly (no proxy).
:10-13-2022 15:49:11 OTPClientRepository: Connecting to //127.0.0.1:7198 via HTTP interface.
:10-13-2022 15:49:11 TTOffLauncher: Stopping mini task manager.
:10-13-2022 15:49:11 OTPClientRepository: Successfully connected to //127.0.0.1:7198.
:10-13-2022 15:49:11 TTOffLauncher: Setting Disconnect Details normal
{402000001: <toontown.distributed.ToontownDistrict.ToontownDistrict instance at 0x000000001F51D908>}
:10-13-2022 15:49:13 StateData: AvatarChooser.enter
:10-13-2022 15:49:13 DisplayOptions: settingsFullScreen = False, embedded = False width=800 height=600
:10-13-2022 15:49:13 StateData: calling self.displayOptions.restrictToEmbedded(False)
:10-13-2022 15:49:20 OTPClientRepository: ================
:10-13-2022 15:49:20 OTPClientRepository: Chose avatar id: 100000002
:10-13-2022 15:49:20 OTPClientRepository: Chose avatar name: Prince Bert Whiskerfuddy
:10-13-2022 15:49:20 OTPClientRepository: Chose avatar dna: ('dls', 'ls', 'l', 'm', 20, 0, 20, 20, 1, 0, 1, 0, 1, 14)
:10-13-2022 15:49:20 OTPClientRepository: Chose avatar position: 4
:10-13-2022 15:49:20 OTPClientRepository: isPaid: 1
:10-13-2022 15:49:20 OTPClientRepository: freeTimeLeft: 0
:10-13-2022 15:49:20 OTPClientRepository: allowSecretChat: True
:10-13-2022 15:49:20 OTPClientRepository: ================
:10-13-2022 15:49:20 Loader: starting bulk load of block 'localAvatarPlayGame'
:10-13-2022 15:49:20 ToontownTimeManager(warning): error parsing date string=
local
:10-13-2022 15:49:21 NewsPageButtonManager(warning): Should not get here. NewsPageButtonManager.exitOff
:10-13-2022 15:49:21 :pnmimage:png(warning): iCCP: known incorrect sRGB profile
:10-13-2022 15:49:21 OTPClientRepository: Sending heartbeat mid-frame.
:10-13-2022 15:49:22 OTPClientRepository: Entering shard 402000001
:10-13-2022 15:49:22 StreetSign: Street sign url is https://ttoffline.com/images/
:10-13-2022 15:49:23 TimeManager: Clock sync: TimeManager.announceGenerate
:10-13-2022 15:49:23 NewsManager: setHolidayId: Starting Holiday 26
:10-13-2022 15:49:23 InGameNewsMgr: latestIssue=2013-08-22 16:49:46.000003-07:00
cpu info: GenuineIntel|Intel(R) Core(TM) i9-9900K CPU @ 3.60GHz|591597|0|3.600,3.600|8,16 cpus
:10-13-2022 15:49:24 OTPClientRepository: No sync from TimeManager.
:10-13-2022 15:49:24 OTPClientRepository: gotTimeSync
:10-13-2022 15:49:24 Loader: At end of block 'localAvatarPlayGame', expected 400, loaded 14, duration=4.3456211
:10-13-2022 15:49:24 TimeManager: Clock sync roundtrip took 1135.513 ms
:10-13-2022 15:49:24 TimeManager: AI time delta is -0:01 from server delta
:10-13-2022 15:49:24 TimeManager: Local clock uncertainty +/- 0.568 s
:10-13-2022 15:49:24 PlayGame: QA-REGRESSION: NEIGHBORHOODS: Visit Bossbot HQ
:10-13-2022 15:49:24 Loader: starting bulk load of block 'hood'
:10-13-2022 15:49:25 TownBattleSuitPanel: Loading Suit Battle Panel!
:10-13-2022 15:49:25 TownBattleSuitPanel: Loading Suit Battle Panel!
:10-13-2022 15:49:25 TownBattleSuitPanel: Loading Suit Battle Panel!
:10-13-2022 15:49:25 TownBattleSuitPanel: Loading Suit Battle Panel!
:10-13-2022 15:49:25 BossbotCogHQLoader: loadPlaceGeom: 10000
:10-13-2022 15:49:25 HoodMgr(warning): getPlaygroundCenterFromId: No such hood name as: 10000
:10-13-2022 15:49:25 DistributedToon: calling LocalAvatar.startchat
:10-13-2022 15:49:25 :loader(error): Couldn't load file phase_4/models/questmap/cog_hq_bossbot_maps.bam: not found on model path (currently: "/;/c/Toontown-Last-Laff-Workspace/src/toontown/launcher;/c/Toontown-Last-Laff-Workspace/src/Panda3D-1.11.0-x64/etc/..;/c/Toontown-Last-Laff-Workspace/src/Panda3D-1.11.0-x64/etc/../models")
:10-13-2022 15:49:25 Loader: At end of block 'hood', expected 2, loaded 4, duration=0.9285598
:10-13-2022 15:49:27 Teleport(debug): teleportInDone: walk
:10-13-2022 15:49:27 :loader(error): Couldn't load file phase_4/models/questmap/cog_hq_bossbot_maps.bam: not found on model path (currently: "/;/c/Toontown-Last-Laff-Workspace/src/toontown/launcher;/c/Toontown-Last-Laff-Workspace/src/Panda3D-1.11.0-x64/etc/..;/c/Toontown-Last-Laff-Workspace/src/Panda3D-1.11.0-x64/etc/../models")
:10-13-2022 15:49:29 TTOffMagicWordManager: Run mode has been toggled.
:10-13-2022 15:49:34 BossbotCogHQLoader: loadPlaceGeom: 10100
:10-13-2022 15:49:34 BossbotCogHQLoader: QA-REGRESSION: COGHQ: Visit BossbotLobby
:10-13-2022 15:49:34 BossbotHQExterior: Unloading Place (10000). Fsm in final
:10-13-2022 15:49:34 DistributedToon: calling LocalAvatar.startchat
:10-13-2022 15:49:34 :loader(error): Couldn't load file phase_4/models/questmap/cog_hq_bossbot_maps.bam: not found on model path (currently: "/;/c/Toontown-Last-Laff-Workspace/src/toontown/launcher;/c/Toontown-Last-Laff-Workspace/src/Panda3D-1.11.0-x64/etc/..;/c/Toontown-Last-Laff-Workspace/src/Panda3D-1.11.0-x64/etc/../models")
:10-13-2022 15:49:36 :loader(error): Couldn't load file phase_4/models/questmap/cog_hq_bossbot_maps.bam: not found on model path (currently: "/;/c/Toontown-Last-Laff-Workspace/src/toontown/launcher;/c/Toontown-Last-Laff-Workspace/src/Panda3D-1.11.0-x64/etc/..;/c/Toontown-Last-Laff-Workspace/src/Panda3D-1.11.0-x64/etc/../models")
:10-13-2022 15:49:43 BossbotCogHQLoader: loadPlaceGeom: 61000
:10-13-2022 15:49:43 BossbotCogHQLoader(warning): loadPlaceGeom: unclassified zone 61000
:10-13-2022 15:49:43 CogHQLobby: Unloading Place (10100). Fsm in final
:10-13-2022 15:49:43 DistributedToon: calling LocalAvatar.startchat
:10-13-2022 15:49:44 BossbotHQBossBattle(warning): fsm.request('movie') returned 0 (zone id 61000, avatar pos LPoint3f(2.49858, -89.487, 0.0825828)).
:10-13-2022 15:49:50 BossbotHQBossBattle(warning): fsm.request('movie') returned 0 (zone id 61000, avatar pos LPoint3f(2.49858, -89.487, 0.0825828)).
:10-13-2022 15:49:50 TTOffMagicWordManager: Skipping to third round...
Battle Event localtoon-battle-event-10
:10-13-2022 15:50:05 OTPClientRepository(warning): Server is booting us out (153): The session object with id 100000002 has been unexpectedly deleted.
:10-13-2022 15:50:05 OTPClientRepository(warning): Lost connection to gameserver.
:10-13-2022 15:50:05 BossbotHQBossBattle: Unloading Place (61000). Fsm in final
:10-13-2022 15:50:06 OTPClientRepository(warning): unclean exit, abandoning shard
ignoring InputState-forward
:10-13-2022 15:50:06 OTPClientRepository: sending clientLogout
:10-13-2022 15:50:06 LocalAvatar(warning): redundant call to stopUpdateSmartCamera
:10-13-2022 15:50:06 TTOffLauncher: New Disconnect Details: 153 - The district you were playing on has been reset.  Everyone who was playing on that district has been disconnected.  However, you should be able to connect again and go right back into the game. 
:10-13-2022 15:50:06 OTPClientRepository(warning): Lost connection to server. Notifying user.
:10-13-2022 15:50:06 OTPClientRepository(warning): Disable failed. DistObj 402004106 is not in dictionary, ownerView=False
:10-13-2022 15:50:06 OTPClientRepository(warning): Disable failed. DistObj 402004095 is not in dictionary, ownerView=False
:10-13-2022 15:50:06 OTPClientRepository(warning): Disable failed. DistObj 402004163 is not in dictionary, ownerView=False
:10-13-2022 15:50:06 OTPClientRepository(warning): Disable failed. DistObj 402004100 is not in dictionary, ownerView=False
:10-13-2022 15:50:06 OTPClientRepository(warning): Disable failed. DistObj 402004096 is not in dictionary, ownerView=False
:10-13-2022 15:50:06 OTPClientRepository(warning): Disable failed. DistObj 402004105 is not in dictionary, ownerView=False
:10-13-2022 15:50:06 OTPClientRepository(warning): Disable failed. DistObj 402004157 is not in dictionary, ownerView=False
:10-13-2022 15:50:06 OTPClientRepository(warning): Disable failed. DistObj 402004155 is not in dictionary, ownerView=False
:10-13-2022 15:50:06 OTPClientRepository(warning): Disable failed. DistObj 402004130 is not in dictionary, ownerView=False
:10-13-2022 15:50:06 OTPClientRepository(warning): Disable failed. DistObj 402004164 is not in dictionary, ownerView=False
:10-13-2022 15:50:06 OTPClientRepository(warning): Disable failed. DistObj 402004131 is not in dictionary, ownerView=False
:10-13-2022 15:50:06 OTPClientRepository(warning): Disable failed. DistObj 402004107 is not in dictionary, ownerView=False
:10-13-2022 15:50:06 OTPClientRepository(warning): Disable failed. DistObj 402004103 is not in dictionary, ownerView=False
:10-13-2022 15:50:06 OTPClientRepository(warning): Disable failed. DistObj 402004160 is not in dictionary, ownerView=False
:10-13-2022 15:50:06 OTPClientRepository(warning): Disable failed. DistObj 402004143 is not in dictionary, ownerView=False
:10-13-2022 15:50:06 OTPClientRepository(warning): Disable failed. DistObj 402004120 is not in dictionary, ownerView=False
:10-13-2022 15:50:06 OTPClientRepository(warning): Disable failed. DistObj 402004126 is not in dictionary, ownerView=False
:10-13-2022 15:50:06 OTPClientRepository(warning): Disable failed. DistObj 402004151 is not in dictionary, ownerView=False
:10-13-2022 15:50:06 OTPClientRepository(warning): Disable failed. DistObj 402004108 is not in dictionary, ownerView=False
:10-13-2022 15:50:06 OTPClientRepository(warning): Disable failed. DistObj 402004138 is not in dictionary, ownerView=False
:10-13-2022 15:50:06 OTPClientRepository(warning): Disable failed. DistObj 402004102 is not in dictionary, ownerView=False
:10-13-2022 15:50:06 OTPClientRepository(warning): Disable failed. DistObj 402004112 is not in dictionary, ownerView=False
:10-13-2022 15:50:06 OTPClientRepository(warning): Disable failed. DistObj 402004121 is not in dictionary, ownerView=False
:10-13-2022 15:50:06 OTPClientRepository(warning): Disable failed. DistObj 402004116 is not in dictionary, ownerView=False
:10-13-2022 15:50:06 OTPClientRepository(warning): Disable failed. DistObj 402004153 is not in dictionary, ownerView=False
:10-13-2022 15:50:06 OTPClientRepository(warning): Disable failed. DistObj 402004044 is not in dictionary, ownerView=False
:10-13-2022 15:50:06 OTPClientRepository(warning): Disable failed. DistObj 402004098 is not in dictionary, ownerView=False
:10-13-2022 15:50:06 OTPClientRepository(warning): Disable failed. DistObj 402004099 is not in dictionary, ownerView=False
:10-13-2022 15:50:06 OTPClientRepository(warning): Disable failed. DistObj 402004109 is not in dictionary, ownerView=False
:10-13-2022 15:50:06 OTPClientRepository(warning): Disable failed. DistObj 402004113 is not in dictionary, ownerView=False
:10-13-2022 15:50:06 OTPClientRepository(warning): Disable failed. DistObj 402004114 is not in dictionary, ownerView=False
:10-13-2022 15:50:06 OTPClientRepository(warning): Disable failed. DistObj 402004118 is not in dictionary, ownerView=False
:10-13-2022 15:50:06 OTPClientRepository(warning): Disable failed. DistObj 402004122 is not in dictionary, ownerView=False
:10-13-2022 15:50:06 OTPClientRepository(warning): Disable failed. DistObj 402004124 is not in dictionary, ownerView=False
:10-13-2022 15:50:06 OTPClientRepository(warning): Disable failed. DistObj 402004127 is not in dictionary, ownerView=False
:10-13-2022 15:50:06 OTPClientRepository(warning): Disable failed. DistObj 402004128 is not in dictionary, ownerView=False
:10-13-2022 15:50:06 OTPClientRepository(warning): Disable failed. DistObj 402004133 is not in dictionary, ownerView=False
:10-13-2022 15:50:06 OTPClientRepository(warning): Disable failed. DistObj 402004134 is not in dictionary, ownerView=False
:10-13-2022 15:50:06 OTPClientRepository(warning): Disable failed. DistObj 402004139 is not in dictionary, ownerView=False
:10-13-2022 15:50:06 OTPClientRepository(warning): Disable failed. DistObj 402004140 is not in dictionary, ownerView=False
:10-13-2022 15:50:06 OTPClientRepository(warning): Disable failed. DistObj 402004142 is not in dictionary, ownerView=False
:10-13-2022 15:50:06 OTPClientRepository(warning): Disable failed. DistObj 402004144 is not in dictionary, ownerView=False
:10-13-2022 15:50:06 OTPClientRepository(warning): Disable failed. DistObj 402004148 is not in dictionary, ownerView=False
:10-13-2022 15:50:06 OTPClientRepository(warning): Disable failed. DistObj 402004152 is not in dictionary, ownerView=False
:10-13-2022 15:50:06 OTPClientRepository(warning): Disable failed. DistObj 402004154 is not in dictionary, ownerView=False
:10-13-2022 15:50:06 OTPClientRepository(warning): Disable failed. DistObj 402004158 is not in dictionary, ownerView=False
:10-13-2022 15:50:06 OTPClientRepository(warning): Disable failed. DistObj 402004159 is not in dictionary, ownerView=False
:10-13-2022 15:50:06 OTPClientRepository(warning): Disable failed. DistObj 402004161 is not in dictionary, ownerView=False
:10-13-2022 15:50:06 OTPClientRepository(warning): Disable failed. DistObj 402004165 is not in dictionary, ownerView=False
:10-13-2022 15:50:06 OTPClientRepository(warning): Disable failed. DistObj 402004166 is not in dictionary, ownerView=False
:10-13-2022 15:50:06 OTPClientRepository(warning): Disable failed. DistObj 402004167 is not in dictionary, ownerView=False
:10-13-2022 15:50:06 :downloader(warning): Windows error code: 10053
:10-13-2022 15:50:06 OTPClientRepository(warning): Lost connection to gameserver.
:10-13-2022 15:50:07 OTPClientRepository: Exiting cleanly
:10-13-2022 15:50:07 ToonBase: Exiting Toontown: errorCode = None
:10-13-2022 15:50:07 TTOffLauncher: setting panda error code to 0
:10-13-2022 15:50:07 TTOffLauncher: Normal exit.
