

Starting Toontown Online...
Current time: Thu Sep 22 22:30:37 2022 Eastern Standard Time
sys.path =  ['', 'C:\\Toontown-Last-Laff-Workspace\\src\\Panda3D-1.11.0-x64\\python\\python27.zip', 'C:\\Panda3D-1.11.0-x64', 'C:\\Toontown-Last-Laff-Workspace\\src\\Panda3D-1.11.0-x64\\python\\DLLs', 'C:\\Toontown-Last-Laff-Workspace\\src\\Panda3D-1.11.0-x64\\python\\lib', 'C:\\Toontown-Last-Laff-Workspace\\src\\Panda3D-1.11.0-x64\\python\\lib\\plat-win', 'C:\\Toontown-Last-Laff-Workspace\\src\\Panda3D-1.11.0-x64\\python\\lib\\lib-tk', 'C:\\Toontown-Last-Laff-Workspace\\src\\Panda3D-1.11.0-x64\\python', 'C:\\Toontown-Last-Laff-Workspace\\src\\Panda3D-1.11.0-x64', 'C:\\Toontown-Last-Laff-Workspace\\src\\Panda3D-1.11.0-x64\\bin', 'C:\\Toontown-Last-Laff-Workspace\\src\\Panda3D-1.11.0-x64\\python\\lib\\site-packages']
sys.argv =  ['C:\\Toontown-Last-Laff-Workspace\\src\\toontown\\launcher\\TTOffQuickStartLauncher.py']
generating standard configrc
os.environ =  {'TMP': 'C:\\Users\\theph\\AppData\\Local\\Temp', 'COMPUTERNAME': 'DESKTOP-7054VC9', 'USERDOMAIN': 'DESKTOP-7054VC9', 'NEKO_INSTPATH': 'C:\\HaxeToolkit\\neko', 'INTEL_DEV_REDIST': 'C:\\Program Files (x86)\\Common Files\\Intel\\Shared Libraries\\', 'PSMODULEPATH': 'C:\\Program Files\\WindowsPowerShell\\Modules;C:\\WINDOWS\\system32\\WindowsPowerShell\\v1.0\\Modules', 'COMMONPROGRAMFILES': 'C:\\Program Files\\Common Files', 'PROCESSOR_IDENTIFIER': 'Intel64 Family 6 Model 158 Stepping 13, GenuineIntel', 'PROGRAMFILES': 'C:\\Program Files', 'PROCESSOR_REVISION': '9e0d', 'PATH': 'C:\\Panda3D-1.11.0-x64\\panda3d\\..\\bin;C:\\Program Files (x86)\\Common Files\\Intel\\Shared Libraries\\redist\\intel64_win\\compiler;C:\\Program Files (x86)\\NVIDIA Corporation\\PhysX\\Common;C:\\Program Files\\Python38\\Scripts\\;C:\\Program Files\\Python38\\;C:\\WINDOWS\\system32;C:\\WINDOWS;C:\\WINDOWS\\System32\\Wbem;C:\\WINDOWS\\System32\\WindowsPowerShell\\v1.0\\;C:\\WINDOWS\\System32\\OpenSSH\\;C:\\Program Files\\NVIDIA Corporation\\NVIDIA NvDLISR;C:\\Program Files\\dotnet\\;C:\\Users\\theph\\AppData\\Local\\Programs\\Python\\Python39;C:\\Users\\theph\\AppData\\Local\\Programs\\Python\\Python39\\Scripts;C:\\Program Files\\Common Files\\Autodesk Shared\\;C:\\Program Files\\Git\\cmd;C:\\Program Files (x86)\\Windows Live\\Shared;C:\\HaxeToolkit\\haxe;C:\\HaxeToolkit\\neko;C:\\Program Files\\Microsoft SQL Server\\150\\Tools\\Binn\\;C:\\Program Files\\Microsoft SQL Server\\Client SDK\\ODBC\\170\\Tools\\Binn\\;C:\\Users\\theph\\AppData\\Local\\Microsoft\\WindowsApps;C:\\Users\\theph\\.dotnet\\tools;C:\\Program Files\\JetBrains\\PyCharm Community Edition 2020.3.3\\bin;C:\\Users\\theph\\AppData\\Local\\atom\\bin;C:\\Users\\theph\\AppData\\Local\\GitHubDesktop\\bin;C:\\Panda3D-1.9.0-x64\\python;C:\\Panda3D-1.9.0-x64\\python\\Scripts;C:\\Panda3D-1.9.0-x64\\bin;C:\\Panda3D-1.9.0\\python;C:\\Panda3D-1.9.0\\python\\Scripts;C:\\Panda3D-1.9.0\\bin;C:\\Panda3D-1.10.0\\python;C:\\Panda3D-1.10.0\\python\\Scripts;C:\\Panda3D-1.10.0\\bin;C:\\Program Files\\JetBrains\\PyCharm Community Edition 2022.1\\bin;;C:\\Users\\theph\\AppData\\Local\\Programs\\Microsoft VS Code\\bin;C:\\Panda3D-1.11.0\\python;C:\\Panda3D-1.11.0\\python\\Scripts;C:\\Panda3D-1.11.0\\bin;C:\\Users\\theph\\.dotnet\\tools;C:\\Panda3D-1.10.11-x64\\python;C:\\Panda3D-1.10.11-x64\\python\\Scripts;C:\\Panda3D-1.10.11-x64\\bin;C:\\Panda3D-1.11.0-x64\\python;C:\\Panda3D-1.11.0-x64\\python\\Scripts;C:\\Panda3D-1.11.0-x64\\bin;C:\\EventHorizon-battle-ng-teaser\\dependencies\\panda\\python;C:\\EventHorizon-battle-ng-teaser\\dependencies\\panda\\python\\Scripts;C:\\EventHorizon-battle-ng-teaser\\depe', 'SYSTEMROOT': 'C:\\WINDOWS', 'PROGRAMFILES(X86)': 'C:\\Program Files (x86)', 'COMSPEC': 'C:\\WINDOWS\\system32\\cmd.exe', 'DRIVERDATA': 'C:\\Windows\\System32\\Drivers\\DriverData', 'PPYTHON_PATH': '"Panda3D-1.11.0-x64\\python\\ppython.exe"', 'TEMP': 'C:\\Users\\theph\\AppData\\Local\\Temp', 'FPS_BROWSER_APP_PROFILE_STRING': 'Internet Explorer', 'COMMONPROGRAMFILES(X86)': 'C:\\Program Files (x86)\\Common Files', 'PROCESSOR_ARCHITECTURE': 'AMD64', 'ALLUSERSPROFILE': 'C:\\ProgramData', 'LOCALAPPDATA': 'C:\\Users\\theph\\AppData\\Local', 'FPS_BROWSER_USER_PROFILE_STRING': 'Default', 'HOMEPATH': '\\Users\\theph', 'USERDOMAIN_ROAMINGPROFILE': 'DESKTOP-7054VC9', 'PROGRAMW6432': 'C:\\Program Files', 'USERNAME': 'theph', 'LOGONSERVER': '\\\\DESKTOP-7054VC9', 'PROMPT': '$P$G', 'SESSIONNAME': 'Console', 'PROGRAMDATA': 'C:\\ProgramData', 'ONEDRIVE': 'C:\\Users\\theph\\OneDrive', 'ADSK_3DSMAX_X64_2019': 'C:\\Program Files\\Autodesk\\3ds Max 2019\\', 'ZES_ENABLE_SYSMAN': '1', 'HAXEPATH': 'C:\\HaxeToolkit\\haxe', 'PATHEXT': '.COM;.EXE;.BAT;.CMD;.VBS;.VBE;.JS;.JSE;.WSF;.WSH;.MSC;.PY;.PYW', 'TTOFF_LOGIN_TOKEN': 'dev', 'WINDIR': 'C:\\WINDOWS', 'PYCHARM COMMUNITY EDITION': 'C:\\Program Files\\JetBrains\\PyCharm Community Edition 2022.1\\bin;', 'HOMEDRIVE': 'C:', 'SYSTEMDRIVE': 'C:', 'PUBLIC': 'C:\\Users\\Public', 'NUMBER_OF_PROCESSORS': '16', 'APPDATA': 'C:\\Users\\theph\\AppData\\Roaming', 'PROCESSOR_LEVEL': '6', 'COMMONPROGRAMW6432': 'C:\\Program Files\\Common Files', 'OS': 'Windows_NT', 'ADSK_CLM_WPAD_PROXY_CHECK': 'FALSE', 'USERPROFILE': 'C:\\Users\\theph'}
:09-22-2022 22:30:37 TTOffLauncher: isTestServer: 0
:09-22-2022 22:30:37 TTOffLauncher: Game Server 127.0.0.1
:09-22-2022 22:30:37 TTOffLauncher: Starting Toontown Online... 
:09-22-2022 22:30:37 TTOffLauncher: foreground: Launcher now operating in foreground
useTTOffSpecificLogin=True
:09-22-2022 22:30:37 TTOffLauncher: maybeStartGame: starting game
:09-22-2022 22:30:37 TTOffLauncher: Starting Toontown Online...
:09-22-2022 22:30:37 TTOffLauncher: background: Launcher now operating in background
ToontownStart: Polling for game2 to finish...
ToontownStart: Game2 is finished.
ToontownStart: Starting the game.
ToontownStart: setting default font
:09-22-2022 22:30:38 TTOffLauncher: setting panda error code to 7
Known pipe types:
  wglGraphicsPipe
(all display modules loaded.)
:09-22-2022 22:30:38 ToonBase: Default graphics pipe is wglGraphicsPipe (OpenGL).
:09-22-2022 22:30:38 ToonBase: Successfully opened window of type wglGraphicsWindow (OpenGL)
:09-22-2022 22:30:38 ShowBase: __dev__ == False
:09-22-2022 22:30:38 TTOffLauncher: setting panda error code to 11
:09-22-2022 22:30:38 TTOffLauncher: setting panda error code to 0
ToontownStart: Loading default gui sounds
ToontownStart: serverVersion:  tto-dev
:09-22-2022 22:30:38 Loader: starting bulk load of block 'init'
:09-22-2022 22:30:39 :nativenet(error): Buffered_DatagramConnection Constructor rbufsize = 4096000 wbufsize = 4096000 write_flush_point = 1400
:09-22-2022 22:30:39 OTPClientRepository: Using connect method 'http'
:09-22-2022 22:30:39 TTOffLauncher: getRegistry ('DEPLOYMENT', None)
:09-22-2022 22:30:39 TTOffLauncher: checking env
:09-22-2022 22:30:39 TTOffLauncher: getRegistry ('GAME_DEPLOYMENT', None)
:09-22-2022 22:30:39 TTOffLauncher: checking env
:09-22-2022 22:30:39 OTPClientRepository: reg_deployment=
:09-22-2022 22:30:39 OTPClientRepository: required-login auto.
:09-22-2022 22:30:39 OTPClientRepository: loginInterface: LoginTTOffAccount
:09-22-2022 22:30:39 TTOffLauncher: getNeedPwForSecretKey using ttoff-specific-login
:09-22-2022 22:30:39 Loader: At end of block 'init', expected 138, loaded 5, duration=1.2356628
:09-22-2022 22:30:39 OTPClientRepository: Connecting to gameserver directly (no proxy).
:09-22-2022 22:30:39 OTPClientRepository: Connecting to //127.0.0.1:7198 via HTTP interface.
:09-22-2022 22:30:39 TTOffLauncher: Stopping mini task manager.
:09-22-2022 22:30:39 OTPClientRepository: Successfully connected to //127.0.0.1:7198.
:09-22-2022 22:30:39 TTOffLauncher: Setting Disconnect Details normal
{401000001: <toontown.distributed.ToontownDistrict.ToontownDistrict instance at 0x000000001C8A6D08>}
:09-22-2022 22:30:40 StateData: AvatarChooser.enter
:09-22-2022 22:30:40 DisplayOptions: settingsFullScreen = False, embedded = False width=800 height=600
:09-22-2022 22:30:40 StateData: calling self.displayOptions.restrictToEmbedded(False)
:09-22-2022 22:30:42 OTPClientRepository: ================
:09-22-2022 22:30:42 OTPClientRepository: Chose avatar id: 100000003
:09-22-2022 22:30:42 OTPClientRepository: Chose avatar name: Deputy Skimpy
:09-22-2022 22:30:42 OTPClientRepository: Chose avatar dna: ('dls', 'ls', 'm', 'm', 18, 0, 18, 18, 1, 9, 1, 9, 1, 15)
:09-22-2022 22:30:42 OTPClientRepository: Chose avatar position: 2
:09-22-2022 22:30:42 OTPClientRepository: isPaid: 1
:09-22-2022 22:30:42 OTPClientRepository: freeTimeLeft: 0
:09-22-2022 22:30:42 OTPClientRepository: allowSecretChat: True
:09-22-2022 22:30:42 OTPClientRepository: ================
:09-22-2022 22:30:42 Loader: starting bulk load of block 'localAvatarPlayGame'
:09-22-2022 22:30:42 ToontownTimeManager(warning): error parsing date string=
local
:09-22-2022 22:30:43 NewsPageButtonManager(warning): Should not get here. NewsPageButtonManager.exitOff
:09-22-2022 22:30:43 :pnmimage:png(warning): iCCP: known incorrect sRGB profile
:09-22-2022 22:30:44 OTPClientRepository: Entering shard 401000001
:09-22-2022 22:30:44 StreetSign: Street sign url is https://ttoffline.com/images/
:09-22-2022 22:30:45 TimeManager: Clock sync: TimeManager.announceGenerate
:09-22-2022 22:30:45 NewsManager: setHolidayId: Starting Holiday 26
:09-22-2022 22:30:45 InGameNewsMgr: latestIssue=2013-08-22 16:49:46.000003-07:00
cpu info: GenuineIntel|Intel(R) Core(TM) i9-9900K CPU @ 3.60GHz|591597|0|3.600,3.600|8,16 cpus
:09-22-2022 22:30:46 OTPClientRepository: No sync from TimeManager.
:09-22-2022 22:30:46 OTPClientRepository: gotTimeSync
:09-22-2022 22:30:46 Loader: At end of block 'localAvatarPlayGame', expected 400, loaded 14, duration=4.3041796
:09-22-2022 22:30:46 TimeManager: Clock sync roundtrip took 1161.263 ms
:09-22-2022 22:30:46 TimeManager: AI time delta is -0:01 from server delta
:09-22-2022 22:30:46 TimeManager: Local clock uncertainty +/- 0.581 s
:09-22-2022 22:30:46 PlayGame: QA-REGRESSION: NEIGHBORHOODS: Visit Bossbot HQ
:09-22-2022 22:30:46 Loader: starting bulk load of block 'hood'
:09-22-2022 22:30:47 BossbotCogHQLoader: loadPlaceGeom: 10000
:09-22-2022 22:30:47 HoodMgr(warning): getPlaygroundCenterFromId: No such hood name as: 10000
:09-22-2022 22:30:47 DistributedToon: calling LocalAvatar.startchat
:09-22-2022 22:30:47 :loader(error): Couldn't load file phase_4/models/questmap/cog_hq_bossbot_maps.bam: not found on model path (currently: "/;/c/Toontown-Last-Laff-Workspace/src/toontown/launcher;/c/Panda3D-1.11.0-x64/etc/..;/c/Panda3D-1.11.0-x64/etc/../models")
:09-22-2022 22:30:47 Loader: At end of block 'hood', expected 2, loaded 4, duration=0.967125
:09-22-2022 22:30:49 Teleport(debug): teleportInDone: walk
:09-22-2022 22:30:49 :loader(error): Couldn't load file phase_4/models/questmap/cog_hq_bossbot_maps.bam: not found on model path (currently: "/;/c/Toontown-Last-Laff-Workspace/src/toontown/launcher;/c/Panda3D-1.11.0-x64/etc/..;/c/Panda3D-1.11.0-x64/etc/../models")
:09-22-2022 22:30:49 ShtikerBook: QA-REGRESSION: SHTICKERBOOK: Open
OnscreenText.configure: mayChange == 0
OnscreenText.configure: mayChange == 0
OnscreenText.configure: mayChange == 0
OnscreenText.configure: mayChange == 0
:09-22-2022 22:30:51 ShtikerBook: QA-REGRESSION: SHTICKERBOOK: Browse tabs Cog Disguise
:09-22-2022 22:30:55 ShtikerBook: QA-REGRESSION: SHTICKERBOOK: Close
:09-22-2022 22:30:56 :loader(error): Couldn't load file phase_4/models/questmap/cog_hq_bossbot_maps.bam: not found on model path (currently: "/;/c/Toontown-Last-Laff-Workspace/src/toontown/launcher;/c/Panda3D-1.11.0-x64/etc/..;/c/Panda3D-1.11.0-x64/etc/../models")
:09-22-2022 22:31:04 TTOffMagicWordManager: Uh-oh! This Magic Word doesn't exist!
:09-22-2022 22:31:11 TTOffMagicWordManager: Presto!
:09-22-2022 22:31:15 TTOffMagicWordManager: Run mode has been toggled.
:09-22-2022 22:31:19 BossbotCogHQLoader: loadPlaceGeom: 10100
:09-22-2022 22:31:19 BossbotCogHQLoader: QA-REGRESSION: COGHQ: Visit BossbotLobby
:09-22-2022 22:31:19 BossbotHQExterior: Unloading Place (10000). Fsm in final
:09-22-2022 22:31:19 DistributedToon: calling LocalAvatar.startchat
:09-22-2022 22:31:19 :loader(error): Couldn't load file phase_4/models/questmap/cog_hq_bossbot_maps.bam: not found on model path (currently: "/;/c/Toontown-Last-Laff-Workspace/src/toontown/launcher;/c/Panda3D-1.11.0-x64/etc/..;/c/Panda3D-1.11.0-x64/etc/../models")
:09-22-2022 22:31:20 :loader(error): Couldn't load file phase_4/models/questmap/cog_hq_bossbot_maps.bam: not found on model path (currently: "/;/c/Toontown-Last-Laff-Workspace/src/toontown/launcher;/c/Panda3D-1.11.0-x64/etc/..;/c/Panda3D-1.11.0-x64/etc/../models")
rejectBoard 4
:09-22-2022 22:31:22 DistributedElevator(warning): Place was in state 'stopped' instead of Elevator.
rejectBoard 4
:09-22-2022 22:31:24 :loader(error): Couldn't load file phase_4/models/questmap/cog_hq_bossbot_maps.bam: not found on model path (currently: "/;/c/Toontown-Last-Laff-Workspace/src/toontown/launcher;/c/Panda3D-1.11.0-x64/etc/..;/c/Panda3D-1.11.0-x64/etc/../models")
:09-22-2022 22:31:29 BossbotCogHQLoader: loadPlaceGeom: 10000
:09-22-2022 22:31:29 CogHQLobby: Unloading Place (10100). Fsm in final
:09-22-2022 22:31:29 DistributedToon: calling LocalAvatar.startchat
:09-22-2022 22:31:29 :loader(error): Couldn't load file phase_4/models/questmap/cog_hq_bossbot_maps.bam: not found on model path (currently: "/;/c/Toontown-Last-Laff-Workspace/src/toontown/launcher;/c/Panda3D-1.11.0-x64/etc/..;/c/Panda3D-1.11.0-x64/etc/../models")
Assertion failed: _error_type != ET_not_found at line 592 of panda/src/pgraph/nodePath.cxx
Traceback (most recent call last):
  File "C:\Panda3D-1.11.0-x64\direct\distributed\ConnectionRepository.py", line 609, in readerPollUntilEmpty
    while self.readerPollOnce():
  File "C:\Panda3D-1.11.0-x64\direct\distributed\ConnectionRepository.py", line 616, in readerPollOnce
    self.handleDatagram(self.private__di)
  File "otp\distributed\OTPClientRepository.py", line 1838, in handleDatagram
    self.handler(msgType, di)
  File "otp\distributed\OTPClientRepository.py", line 1441, in handlePlayGame
    self.handleUpdateField(di)
  File "C:\Panda3D-1.11.0-x64\direct\distributed\ClientRepositoryBase.py", line 437, in handleUpdateField
    self.__doUpdate(doId, di, ovUpdated)
  File "C:\Panda3D-1.11.0-x64\direct\distributed\ClientRepositoryBase.py", line 445, in __doUpdate
    do.dclass.receiveUpdate(do, di)
  File "toontown\toon\DistributedToon.py", line 940, in setCogIndex
    self.takeOffSuit()
  File "toontown\toon\Toon.py", line 2809, in takeOffSuit
    headPosNode.removeNode()
AssertionError: _error_type != ET_not_found at line 592 of panda/src/pgraph/nodePath.cxx
:09-22-2022 22:31:29 :task(error): Exception occurred in PythonTask readerPollTask-88445216
:09-22-2022 22:31:29 TTOffLauncher: setting panda error code to 12
:09-22-2022 22:31:29 TTOffLauncher(warning): Handling Python exception.
:09-22-2022 22:31:29 TimeManager: Client disconnect reason 3.
:09-22-2022 22:31:29 TimeManager: Client exception: toontown.toon.Toon:2809, toontown.toon.DistributedToon:940, direct.distributed.ClientRepositoryBase:445, direct.distributed.ClientRepositoryBase:437, AssertionError: _error_type != ET_not_found at line 592 of panda/src/pgraph/nodePath.cxx
:09-22-2022 22:31:29 OTPClientRepository: Sent disconnect message to server
:09-22-2022 22:31:29 OTPClientRepository: Closing connection to server.
:09-22-2022 22:31:29 TTOffLauncher: Exception exit.

Traceback (most recent call last):
  File "otp\launcher\LauncherBase.py", line 1081, in mainLoop
    self._runTaskManager()
  File "otp\launcher\LauncherBase.py", line 1052, in _runTaskManager
    taskMgr.run()
  File "C:\Panda3D-1.11.0-x64\direct\task\Task.py", line 528, in run
    self.step()
  File "C:\Panda3D-1.11.0-x64\direct\task\Task.py", line 482, in step
    self.mgr.poll()
  File "C:\Panda3D-1.11.0-x64\direct\distributed\ConnectionRepository.py", line 609, in readerPollUntilEmpty
    while self.readerPollOnce():
  File "C:\Panda3D-1.11.0-x64\direct\distributed\ConnectionRepository.py", line 616, in readerPollOnce
    self.handleDatagram(self.private__di)
  File "otp\distributed\OTPClientRepository.py", line 1838, in handleDatagram
    self.handler(msgType, di)
  File "otp\distributed\OTPClientRepository.py", line 1441, in handlePlayGame
    self.handleUpdateField(di)
  File "C:\Panda3D-1.11.0-x64\direct\distributed\ClientRepositoryBase.py", line 437, in handleUpdateField
    self.__doUpdate(doId, di, ovUpdated)
  File "C:\Panda3D-1.11.0-x64\direct\distributed\ClientRepositoryBase.py", line 445, in __doUpdate
    do.dclass.receiveUpdate(do, di)
  File "toontown\toon\DistributedToon.py", line 940, in setCogIndex
    self.takeOffSuit()
  File "toontown\toon\Toon.py", line 2809, in takeOffSuit
    headPosNode.removeNode()
AssertionError: _error_type != ET_not_found at line 592 of panda/src/pgraph/nodePath.cxx
