

Starting Toontown Online...
Current time: Sat Oct 29 14:24:56 2022 Eastern Standard Time
sys.path =  ['', 'C:\\Toontown-Last-Laff-Workspace-10-21-2022\\src\\Panda3D-1.11.0-x64\\python\\python27.zip', 'C:\\Panda3D-1.11.0-x64', 'C:\\Toontown-Last-Laff-Workspace-10-21-2022\\src\\Panda3D-1.11.0-x64\\python\\DLLs', 'C:\\Toontown-Last-Laff-Workspace-10-21-2022\\src\\Panda3D-1.11.0-x64\\python\\lib', 'C:\\Toontown-Last-Laff-Workspace-10-21-2022\\src\\Panda3D-1.11.0-x64\\python\\lib\\plat-win', 'C:\\Toontown-Last-Laff-Workspace-10-21-2022\\src\\Panda3D-1.11.0-x64\\python\\lib\\lib-tk', 'C:\\Toontown-Last-Laff-Workspace-10-21-2022\\src\\Panda3D-1.11.0-x64\\python', 'C:\\Toontown-Last-Laff-Workspace-10-21-2022\\src\\Panda3D-1.11.0-x64', 'C:\\Toontown-Last-Laff-Workspace-10-21-2022\\src\\Panda3D-1.11.0-x64\\bin', 'C:\\Toontown-Last-Laff-Workspace-10-21-2022\\src\\Panda3D-1.11.0-x64\\python\\lib\\site-packages']
sys.argv =  ['C:\\Toontown-Last-Laff-Workspace-10-21-2022\\src\\toontown\\launcher\\TTOffQuickStartLauncher.py']
generating standard configrc
os.environ =  {'TMP': 'C:\\Users\\Philip\\AppData\\Local\\Temp', 'COMPUTERNAME': 'PHILIP-JR', 'USERDOMAIN': 'PHILIP-JR', 'NEKO_INSTPATH': 'C:\\HaxeToolkit\\neko', 'PSMODULEPATH': 'C:\\WINDOWS\\system32\\WindowsPowerShell\\v1.0\\Modules\\', 'DOKANLIBRARY1': 'C:\\Program Files\\Dokan\\Dokan Library-1.4.1\\', 'ADSK_3DSMAX_X64_2021': 'C:\\Program Files\\Autodesk\\3ds Max 2021\\', 'PROCESSOR_IDENTIFIER': 'Intel64 Family 6 Model 45 Stepping 7, GenuineIntel', 'VBOX_MSI_INSTALL_PATH': 'C:\\Program Files\\Oracle\\VirtualBox\\', 'PROGRAMFILES': 'C:\\Program Files', 'PROCESSOR_REVISION': '2d07', 'PATH': 'C:\\Panda3D-1.11.0-x64\\panda3d\\..\\bin;C:\\Program Files (x86)\\Common Files\\Oracle\\Java\\javapath;C:\\Windows\\system32;C:\\Windows;C:\\Windows\\System32\\Wbem;C:\\Windows\\System32\\WindowsPowerShell\\v1.0\\;C:\\Program Files (x86)\\NVIDIA Corporation\\PhysX\\Common;C:\\Program Files\\Git\\cmd;C:\\WINDOWS\\system32;C:\\WINDOWS;C:\\WINDOWS\\System32\\Wbem;C:\\WINDOWS\\System32\\WindowsPowerShell\\v1.0\\;C:\\Program Files\\dotnet\\;C:\\Program Files\\Common Files\\Autodesk Shared\\;C:\\Program Files\\Microsoft SQL Server\\120\\Tools\\Binn\\;C:\\HaxeToolkit\\haxe;C:\\HaxeToolkit\\neko;C:\\Program Files\\Animation Paper\\gstreamer\\bin;C:\\Program Files\\PuTTY\\;C:\\Program Files\\NVIDIA Corporation\\NVIDIA NvDLISR;C:\\Program Files (x86)\\Windows Live\\Shared;C:\\HaxeToolkit\\haxe;C:\\HaxeToolkit\\neko;C:\\Program Files (x86)\\Windows Kits\\8.1\\Windows Performance Toolkit\\;C:\\Users\\Philip\\anaconda3;C:\\Users\\Philip\\anaconda3\\Library\\mingw-w64\\bin;C:\\Users\\Philip\\anaconda3\\Library\\usr\\bin;C:\\Users\\Philip\\anaconda3\\Library\\bin;C:\\Users\\Philip\\anaconda3\\Scripts;C:\\Program Files\\MySQL\\MySQL Shell 8.0\\bin\\;C:\\Panda3D-1.10.02\\python;C:\\Panda3D-1.10.02\\python\\Scripts;C:\\Panda3D-1.10.02\\bin;C:\\Panda3D-1.11.0-x64-py2\\python;C:\\Panda3D-1.11.0-x64-py2\\python\\Scripts;C:\\Panda3D-1.11.0-x64-py2\\bin;C:\\Users\\Philip\\AppData\\Local\\GitHubDesktop\\bin;C:\\Panda3D-1.9.0\\python;C:\\Panda3D-1.9.0\\python\\Scripts;C:\\Panda3D-1.9.0\\bin;C:\\Panda3D-1.10.0-x64\\python;C:\\Panda3D-1.10.0-x64\\python\\Scripts;C:\\Panda3D-1.10.0-x64\\bin;C:\\Users\\Philip\\AppData\\Local\\atom\\bin;C:\\Panda3D-1.10.0\\python;C:\\Panda3D-1.10.0\\python\\Scripts;C:\\Panda3D-1.10.0\\bin;C:\\Panda3D-1.11.0-x64-astron\\python;C:\\Panda3D-1.11.0-x64-astron\\python\\Scripts;C:\\Panda3D-1.11.0-x64-astron\\bin;C:\\Panda3D-1.11.0-x64\\python;C:\\Panda3D-1.11.0-x64\\python\\Scripts;C:\\Panda3D-1.11.0-x64\\bin;C:\\Panda3D-1.10.9-x64\\python;C:\\Panda3D-1.10.9-x64\\python\\Scrip;C:\\Users\\Philip\\AppData\\Local\\Programs\\Microsoft VS Code\\bin;C:\\Users\\Philip\\.dotnet\\tools;%C:\\Program Files (x86)\\Windows Kits\\8.1\\bin\\x86\\rc.exe%;%C:\\Program Files (x86)\\Microsoft Visual Studio\\2019\\BuildTools\\Common7\\IDE%;C:\\Program Files\\JetBrains\\PyCharm Community Edition 2022.2.3\\bin;', 'SYSTEMROOT': 'C:\\WINDOWS', 'NUMBER_OF_PROCESSORS': '8', 'PROGRAMFILES(X86)': 'C:\\Program Files (x86)', 'COMSPEC': 'C:\\WINDOWS\\system32\\cmd.exe', 'KMP_BLOCKTIME': '0', 'PPYTHON_PATH': '"Panda3D-1.11.0-x64\\python\\ppython.exe"', 'PYCHARM COMMUNITY EDITION': 'C:\\Program Files\\JetBrains\\PyCharm Community Edition 2022.2.3\\bin;', 'COMMONPROGRAMFILES(X86)': 'C:\\Program Files (x86)\\Common Files', 'PROCESSOR_ARCHITECTURE': 'AMD64', 'DOKANLIBRARY1_LIBRARYPATH_X64': 'C:\\Program Files\\Dokan\\Dokan Library-1.4.1\\lib\\', 'ALLUSERSPROFILE': 'C:\\ProgramData', 'LOCALAPPDATA': 'C:\\Users\\Philip\\AppData\\Local', 'HOMEPATH': '\\Users\\Philip', 'USERDOMAIN_ROAMINGPROFILE': 'PHILIP-JR', 'TTOFF_GAME_SERVER': '25.66.10.148', 'PROGRAMW6432': 'C:\\Program Files', 'USERNAME': 'Philip', 'FP_NO_HOST_CHECK': 'NO', 'DOKANLIBRARY1_LIBRARYPATH_X86': 'C:\\Program Files\\Dokan\\Dokan Library-1.4.1\\x86\\lib\\', 'LOGONSERVER': '\\\\MicrosoftAccount', 'PROMPT': '$P$G', 'SESSIONNAME': 'Console', 'PROGRAMDATA': 'C:\\ProgramData', 'COMMONPROGRAMFILES': 'C:\\Program Files\\Common Files', 'TEMP': 'C:\\Users\\Philip\\AppData\\Local\\Temp', 'HAXEPATH': 'C:\\HaxeToolkit\\haxe', 'PATHEXT': '.COM;.EXE;.BAT;.CMD;.VBS;.VBE;.JS;.JSE;.WSF;.WSH;.MSC', 'TTOFF_LOGIN_TOKEN': 'Doctor Bumpy', 'VS160COMCOMNTOOLS': 'C:\\Program Files (x86)\\Microsoft Visual Studio\\2019\\Community\\Common7\\Tools\\', 'WINDIR': 'C:\\WINDOWS', 'OMP_WAIT_POLICY': 'PASSIVE', 'MONGO': 'C:\\mongodb-win32-x86_64-windows-4.4.4/bin', 'HOMEDRIVE': 'C:', 'SYSTEMDRIVE': 'C:', 'PUBLIC': 'C:\\Users\\Public', 'APPDATA': 'C:\\Users\\Philip\\AppData\\Roaming', 'PROCESSOR_LEVEL': '6', 'CIOENGINE': 'C:\\cio-panda3d', 'COMMONPROGRAMW6432': 'C:\\Program Files\\Common Files', 'OS': 'Windows_NT', 'ADSK_CLM_WPAD_PROXY_CHECK': 'FALSE', 'USERPROFILE': 'C:\\Users\\Philip'}
:10-29-2022 14:24:56 TTOffLauncher: isTestServer: 0
:10-29-2022 14:24:56 TTOffLauncher: Game Server 25.66.10.148
:10-29-2022 14:24:56 TTOffLauncher: Starting Toontown Online... 
:10-29-2022 14:24:56 TTOffLauncher: foreground: Launcher now operating in foreground
useTTOffSpecificLogin=True
:10-29-2022 14:24:56 TTOffLauncher: maybeStartGame: starting game
:10-29-2022 14:24:56 TTOffLauncher: Starting Toontown Online...
:10-29-2022 14:24:56 TTOffLauncher: background: Launcher now operating in background
ToontownStart: Polling for game2 to finish...
ToontownStart: Game2 is finished.
ToontownStart: Starting the game.
ToontownStart: setting default font
:10-29-2022 14:24:56 TTOffLauncher: setting panda error code to 7
Known pipe types:
  wglGraphicsPipe
(all display modules loaded.)
:10-29-2022 14:24:56 ToonBase: Default graphics pipe is wglGraphicsPipe (OpenGL).
:10-29-2022 14:24:57 :display(warning): FrameBufferProperties available less than requested.
  requested: depth_bits=24 color_bits=3 red_bits=1 green_bits=1 blue_bits=1 alpha_bits=1 multisamples=70 back_buffers=1 force_hardware 
  got: depth_bits=24 color_bits=24 red_bits=8 green_bits=8 blue_bits=8 alpha_bits=8 accum_bits=64 multisamples=16 back_buffers=1 force_hardware 
:10-29-2022 14:24:57 ToonBase: Successfully opened window of type wglGraphicsWindow (OpenGL)
:10-29-2022 14:24:57 ShowBase: __dev__ == False
:10-29-2022 14:24:57 TTOffLauncher: setting panda error code to 11
:10-29-2022 14:24:57 TTOffLauncher: setting panda error code to 0
ToontownStart: Loading default gui sounds
ToontownStart: serverVersion:  tto-dev
:10-29-2022 14:24:57 Loader: starting bulk load of block 'init'
:10-29-2022 14:24:57 :nativenet(error): Buffered_DatagramConnection Constructor rbufsize = 4096000 wbufsize = 4096000 write_flush_point = 1400
:10-29-2022 14:24:57 OTPClientRepository: Using connect method 'http'
:10-29-2022 14:24:58 TTOffLauncher: getRegistry ('DEPLOYMENT', None)
:10-29-2022 14:24:58 TTOffLauncher: checking env
:10-29-2022 14:24:58 TTOffLauncher: getRegistry ('GAME_DEPLOYMENT', None)
:10-29-2022 14:24:58 TTOffLauncher: checking env
:10-29-2022 14:24:58 OTPClientRepository: reg_deployment=
:10-29-2022 14:24:58 OTPClientRepository: required-login auto.
:10-29-2022 14:24:58 OTPClientRepository: loginInterface: LoginTTOffAccount
:10-29-2022 14:24:58 TTOffLauncher: getNeedPwForSecretKey using ttoff-specific-login
:10-29-2022 14:24:58 Loader: At end of block 'init', expected 138, loaded 6, duration=1.45678041021
:10-29-2022 14:24:58 ToonBase: Using gameServer from launcher: 25.66.10.148 
:10-29-2022 14:24:58 OTPClientRepository: Connecting to gameserver directly (no proxy).
:10-29-2022 14:24:58 OTPClientRepository: Connecting to //25.66.10.148:7198 via HTTP interface.
:10-29-2022 14:24:58 TTOffLauncher: Stopping mini task manager.
:10-29-2022 14:24:58 OTPClientRepository: Successfully connected to //25.66.10.148:7198.
:10-29-2022 14:24:58 TTOffLauncher: Setting Disconnect Details normal
{402000001: <toontown.distributed.ToontownDistrict.ToontownDistrict instance at 0x00000000188BCC88>}
:10-29-2022 14:25:00 StateData: AvatarChooser.enter
:10-29-2022 14:25:00 DisplayOptions: settingsFullScreen = False, embedded = False width=800 height=600
:10-29-2022 14:25:00 StateData: calling self.displayOptions.restrictToEmbedded(False)
:10-29-2022 14:25:01 OTPClientRepository: ================
:10-29-2022 14:25:01 OTPClientRepository: Chose avatar id: 100000007
:10-29-2022 14:25:01 OTPClientRepository: Chose avatar name: Doctor Bumpy
:10-29-2022 14:25:01 OTPClientRepository: Chose avatar dna: ('bss', 'ms', 'm', 'm', 20, 0, 4, 4, 1, 9, 1, 9, 1, 10)
:10-29-2022 14:25:01 OTPClientRepository: Chose avatar position: 1
:10-29-2022 14:25:01 OTPClientRepository: isPaid: 1
:10-29-2022 14:25:01 OTPClientRepository: freeTimeLeft: 0
:10-29-2022 14:25:01 OTPClientRepository: allowSecretChat: True
:10-29-2022 14:25:01 OTPClientRepository: ================
:10-29-2022 14:25:01 Loader: starting bulk load of block 'localAvatarPlayGame'
:10-29-2022 14:25:02 ToontownTimeManager(warning): error parsing date string=
local
:10-29-2022 14:25:02 NewsPageButtonManager(warning): Should not get here. NewsPageButtonManager.exitOff
:10-29-2022 14:25:02 :pnmimage:png(warning): iCCP: known incorrect sRGB profile
:10-29-2022 14:25:05 OTPClientRepository: Entering shard 402000001
:10-29-2022 14:25:05 StreetSign: Street sign url is https://ttoffline.com/images/
:10-29-2022 14:25:06 TimeManager: Clock sync: TimeManager.announceGenerate
:10-29-2022 14:25:06 NewsManager: setHolidayId: Starting Holiday 26
:10-29-2022 14:25:06 NewsManager: setHolidayId: Starting Holiday 20
:10-29-2022 14:25:06 InGameNewsMgr: latestIssue=2013-08-22 16:49:46.000003-07:00
cpu info: GenuineIntel|        Intel(R) Core(TM) i7-3820 CPU @ 3.60GHz|132823|0|3.601,3.601|4,8 cpus
:10-29-2022 14:25:07 OTPClientRepository: No sync from TimeManager.
:10-29-2022 14:25:07 OTPClientRepository: gotTimeSync
:10-29-2022 14:25:07 Loader: At end of block 'localAvatarPlayGame', expected 400, loaded 22, duration=6.01557161338
:10-29-2022 14:25:07 TimeManager: Clock sync roundtrip took 1250.905 ms
:10-29-2022 14:25:07 TimeManager: AI time delta is -0:01 from server delta
:10-29-2022 14:25:07 TimeManager: Local clock uncertainty +/- 0.626 s
:10-29-2022 14:25:07 PlayGame: QA-REGRESSION: NEIGHBORHOODS: Visit Bossbot HQ
:10-29-2022 14:25:07 Loader: starting bulk load of block 'hood'
:10-29-2022 14:25:08 OTPClientRepository: Sending heartbeat mid-frame.
:10-29-2022 14:25:08 TownBattleSuitPanel: Loading Suit Battle Panel!
:10-29-2022 14:25:08 TownBattleSuitPanel: Loading Suit Battle Panel!
:10-29-2022 14:25:08 TownBattleSuitPanel: Loading Suit Battle Panel!
:10-29-2022 14:25:08 TownBattleSuitPanel: Loading Suit Battle Panel!
:10-29-2022 14:25:08 TownBattleSuitPanel: Loading Suit Battle Panel!
:10-29-2022 14:25:08 TownBattleSuitPanel: Loading Suit Battle Panel!
:10-29-2022 14:25:08 TownBattleSuitPanel: Loading Suit Battle Panel!
:10-29-2022 14:25:08 TownBattleSuitPanel: Loading Suit Battle Panel!
:10-29-2022 14:25:08 :pnmimage:png(warning): Interlace handling should be turned on when using png_read_image
:10-29-2022 14:25:09 BossbotCogHQLoader: loadPlaceGeom: 10000
:10-29-2022 14:25:09 HoodMgr(warning): getPlaygroundCenterFromId: No such hood name as: 10000
:10-29-2022 14:25:09 DistributedToon: calling LocalAvatar.startchat
:10-29-2022 14:25:09 :loader(error): Couldn't load file phase_4/models/questmap/cog_hq_bossbot_maps.bam: not found on model path (currently: "/;/c/Toontown-Last-Laff-Workspace-10-21-2022/src/toontown/launcher;/c/Panda3D-1.11.0-x64/etc/..;/c/Panda3D-1.11.0-x64/etc/../models")
:10-29-2022 14:25:09 Loader: At end of block 'hood', expected 2, loaded 8, duration=1.63602861281
:10-29-2022 14:25:11 Teleport(debug): teleportInDone: walk
:10-29-2022 14:25:11 LocalAvatar(warning): redundant call to startUpdateSmartCamera
:10-29-2022 14:25:11 :loader(error): Couldn't load file phase_4/models/questmap/cog_hq_bossbot_maps.bam: not found on model path (currently: "/;/c/Toontown-Last-Laff-Workspace-10-21-2022/src/toontown/launcher;/c/Panda3D-1.11.0-x64/etc/..;/c/Panda3D-1.11.0-x64/etc/../models")
:10-29-2022 14:25:44 BossbotCogHQLoader: loadPlaceGeom: 61012
:10-29-2022 14:25:44 BossbotCogHQLoader(warning): loadPlaceGeom: unclassified zone 61000
:10-29-2022 14:25:44 BossbotHQExterior: Unloading Place (10000). Fsm in final
:10-29-2022 14:25:44 TimeManager: Clock sync: DistributedLevel.generate
:10-29-2022 14:25:44 DistributedCountryClub: countryClubId 10500, floor 0, [100000007]
:10-29-2022 14:25:44 Loader: loader.loadModelCopy() is deprecated; use loader.loadModel() instead.
:10-29-2022 14:25:44 Loader: loader.loadModelCopy() is deprecated; use loader.loadModel() instead.
:10-29-2022 14:25:44 Loader: loader.loadModelCopy() is deprecated; use loader.loadModel() instead.
:10-29-2022 14:25:44 Loader: loader.loadModelCopy() is deprecated; use loader.loadModel() instead.
:10-29-2022 14:25:44 DistributedClubElevator: Setting latch
:10-29-2022 14:25:44 DistributedClubElevator: Setting latch in announce generate
:10-29-2022 14:25:44 DistributedClubElevator: Setting latch
:10-29-2022 14:25:44 DistributedToon: calling LocalAvatar.startchat
:10-29-2022 14:25:44 BossbotCogHQLoader: enterCountryClubInterior, requestStatus={'zoneId': 61012, 'how': 'teleportIn', 'countryClubId': 10500, 'hoodId': 10000, 'loader': 'cogHQLoader', 'where': 'countryClubInterior'}
:10-29-2022 14:25:44 TimeManager: Clock sync roundtrip took 188.255 ms
:10-29-2022 14:25:44 TimeManager: AI time delta is -0:00 from server delta
:10-29-2022 14:25:44 ClockDelta: previous delta at -999.879 s, +/- 0.636 s.
:10-29-2022 14:25:44 ClockDelta: new delta at -1000.408 s, +/- 0.094 s.
:10-29-2022 14:25:44 ClockDelta: intersection at -1000.408 s, +/- 0.094 s.
:10-29-2022 14:25:44 TimeManager: Local clock uncertainty +/- 0.094 s
:10-29-2022 14:25:44 :gobj(error): Texture::read() - couldn't read: phase_3/maps/hands/ds.png
:10-29-2022 14:25:44 :gobj(error): Unable to find texture "phase_3/maps/hands/ds.png" on model-path /;/c/Toontown-Last-Laff-Workspace-10-21-2022/src/toontown/launcher;/c/Panda3D-1.11.0-x64/etc/..;/c/Panda3D-1.11.0-x64/etc/../models
:10-29-2022 14:25:44 :gobj(error): Texture::read() - couldn't read: phase_3/maps/hands/cr.png
:10-29-2022 14:25:44 :gobj(error): Unable to find texture "phase_3/maps/hands/cr.png" on model-path /;/c/Toontown-Last-Laff-Workspace-10-21-2022/src/toontown/launcher;/c/Panda3D-1.11.0-x64/etc/..;/c/Panda3D-1.11.0-x64/etc/../models
:10-29-2022 14:25:44 :gobj(error): Texture::read() - couldn't read: phase_3/maps/hands/ds.png
:10-29-2022 14:25:44 :gobj(error): Unable to find texture "phase_3/maps/hands/ds.png" on model-path /;/c/Toontown-Last-Laff-Workspace-10-21-2022/src/toontown/launcher;/c/Panda3D-1.11.0-x64/etc/..;/c/Panda3D-1.11.0-x64/etc/../models
:10-29-2022 14:25:44 :gobj(error): Texture::read() - couldn't read: phase_3/maps/hands/mm.png
:10-29-2022 14:25:44 :gobj(error): Unable to find texture "phase_3/maps/hands/mm.png" on model-path /;/c/Toontown-Last-Laff-Workspace-10-21-2022/src/toontown/launcher;/c/Panda3D-1.11.0-x64/etc/..;/c/Panda3D-1.11.0-x64/etc/../models
:10-29-2022 14:25:44 :gobj(error): Texture::read() - couldn't read: phase_3/maps/hands/cr.png
:10-29-2022 14:25:44 :gobj(error): Unable to find texture "phase_3/maps/hands/cr.png" on model-path /;/c/Toontown-Last-Laff-Workspace-10-21-2022/src/toontown/launcher;/c/Panda3D-1.11.0-x64/etc/..;/c/Panda3D-1.11.0-x64/etc/../models
:10-29-2022 14:25:44 :gobj(error): Texture::read() - couldn't read: phase_3/maps/hands/cr.png
:10-29-2022 14:25:44 :gobj(error): Unable to find texture "phase_3/maps/hands/cr.png" on model-path /;/c/Toontown-Last-Laff-Workspace-10-21-2022/src/toontown/launcher;/c/Panda3D-1.11.0-x64/etc/..;/c/Panda3D-1.11.0-x64/etc/../models
:10-29-2022 14:25:44 :gobj(error): Texture::read() - couldn't read: phase_3/maps/hands/cr.png
:10-29-2022 14:25:44 :gobj(error): Unable to find texture "phase_3/maps/hands/cr.png" on model-path /;/c/Toontown-Last-Laff-Workspace-10-21-2022/src/toontown/launcher;/c/Panda3D-1.11.0-x64/etc/..;/c/Panda3D-1.11.0-x64/etc/../models
:10-29-2022 14:25:44 :gobj(error): Texture::read() - couldn't read: phase_3/maps/hands/hh.png
:10-29-2022 14:25:44 :gobj(error): Unable to find texture "phase_3/maps/hands/hh.png" on model-path /;/c/Toontown-Last-Laff-Workspace-10-21-2022/src/toontown/launcher;/c/Panda3D-1.11.0-x64/etc/..;/c/Panda3D-1.11.0-x64/etc/../models
:10-29-2022 14:25:45 LocalAvatar(warning): redundant call to startUpdateSmartCamera
:10-29-2022 14:25:46 Teleport(debug): teleportInDone: walk
:10-29-2022 14:25:46 LocalAvatar(warning): redundant call to startUpdateSmartCamera
:10-29-2022 14:26:42 OTPClientRepository(warning): Server is booting us out (153): The session object with id 100000007 has been unexpectedly deleted.
:10-29-2022 14:26:42 OTPClientRepository(warning): Lost connection to gameserver.
:10-29-2022 14:26:42 CountryClubInterior: Unloading Place (10500). Fsm in final
:10-29-2022 14:26:42 OTPClientRepository(warning): unclean exit, abandoning shard
:10-29-2022 14:26:42 Entity(warning): Entity 110102 destroyed after level??
:10-29-2022 14:26:42 Entity(warning): Entity 110100 destroyed after level??
:10-29-2022 14:26:42 Entity(warning): Entity 110000 destroyed after level??
:10-29-2022 14:26:42 Entity(warning): Entity 110002 destroyed after level??
:10-29-2022 14:26:42 Entity(warning): Entity 110202 destroyed after level??
:10-29-2022 14:26:42 Entity(warning): Entity 110301 destroyed after level??
:10-29-2022 14:26:42 Entity(warning): Entity 110000 destroyed after level??
:10-29-2022 14:26:42 Entity(warning): Entity 110302 destroyed after level??
ignoring InputState-forward
:10-29-2022 14:26:42 OTPClientRepository: sending clientLogout
Assertion failed: _error_type != ET_not_found at line 592 of panda/src/pgraph/nodePath.cxx
Traceback (most recent call last):
  File "C:\Panda3D-1.11.0-x64\direct\distributed\ConnectionRepository.py", line 609, in readerPollUntilEmpty
    while self.readerPollOnce():
  File "C:\Panda3D-1.11.0-x64\direct\distributed\ConnectionRepository.py", line 616, in readerPollOnce
    self.handleDatagram(self.private__di)
  File "otp\distributed\OTPClientRepository.py", line 1838, in handleDatagram
    self.handler(msgType, di)
  File "otp\distributed\OTPClientRepository.py", line 1445, in handlePlayGame
    self.handleMessageType(msgType, di)
  File "otp\distributed\OTPClientRepository.py", line 1716, in handleMessageType
    self.handleGoGetLost(di)
  File "C:\Panda3D-1.11.0-x64\direct\distributed\ClientRepositoryBase.py", line 494, in handleGoGetLost
    self.lostConnection()
  File "otp\distributed\OTPClientRepository.py", line 1621, in lostConnection
    self.loginFSM.request('noConnection')
  File "C:\Panda3D-1.11.0-x64\direct\fsm\ClassicFSM.py", line 281, in request
    exitArgList)
  File "C:\Panda3D-1.11.0-x64\direct\fsm\ClassicFSM.py", line 227, in __transition
    self.__exitCurrent(exitArgList)
  File "C:\Panda3D-1.11.0-x64\direct\fsm\ClassicFSM.py", line 185, in __exitCurrent
    self.__currentState.exit(argList)
  File "C:\Panda3D-1.11.0-x64\direct\fsm\State.py", line 213, in exit
    self.__exitFunc(*argList)
  File "toontown\distributed\ToontownClientRepository.py", line 430, in exitPlayingGame
    base.localAvatar.deleteOrDelay()
  File "C:\Panda3D-1.11.0-x64\direct\distributed\DistributedObject.py", line 201, in deleteOrDelay
    self.disableAnnounceAndDelete()
  File "C:\Panda3D-1.11.0-x64\direct\distributed\DistributedObject.py", line 204, in disableAnnounceAndDelete
    self.disableAndAnnounce()
  File "C:\Panda3D-1.11.0-x64\direct\distributed\DistributedObject.py", line 230, in disableAndAnnounce
    self.disable()
  File "toontown\toon\LocalToon.py", line 256, in disable
    self.book.unload()
  File "toontown\shtiker\ShtikerBook.py", line 150, in unload
    page.unload()
  File "toontown\shtiker\SuitPage.py", line 240, in unload
    shadow.removeNode()
AssertionError: _error_type != ET_not_found at line 592 of panda/src/pgraph/nodePath.cxx
:10-29-2022 14:26:42 :task(error): Exception occurred in PythonTask readerPollTask-105042000
Traceback (most recent call last):
  File "C:\Panda3D-1.11.0-x64\direct\showbase\EventManager.py", line 49, in eventLoopTask
    self.doEvents()
  File "C:\Panda3D-1.11.0-x64\direct\showbase\EventManager.py", line 42, in doEvents
    while not isEmptyFunc():
  File "C:\Panda3D-1.11.0-x64\direct\distributed\ConnectionRepository.py", line 609, in readerPollUntilEmpty
    while self.readerPollOnce():
  File "C:\Panda3D-1.11.0-x64\direct\distributed\ConnectionRepository.py", line 616, in readerPollOnce
    self.handleDatagram(self.private__di)
  File "otp\distributed\OTPClientRepository.py", line 1838, in handleDatagram
    self.handler(msgType, di)
  File "otp\distributed\OTPClientRepository.py", line 1445, in handlePlayGame
    self.handleMessageType(msgType, di)
  File "otp\distributed\OTPClientRepository.py", line 1716, in handleMessageType
    self.handleGoGetLost(di)
  File "C:\Panda3D-1.11.0-x64\direct\distributed\ClientRepositoryBase.py", line 494, in handleGoGetLost
    self.lostConnection()
  File "otp\distributed\OTPClientRepository.py", line 1621, in lostConnection
    self.loginFSM.request('noConnection')
  File "C:\Panda3D-1.11.0-x64\direct\fsm\ClassicFSM.py", line 281, in request
    exitArgList)
  File "C:\Panda3D-1.11.0-x64\direct\fsm\ClassicFSM.py", line 227, in __transition
    self.__exitCurrent(exitArgList)
  File "C:\Panda3D-1.11.0-x64\direct\fsm\ClassicFSM.py", line 185, in __exitCurrent
    self.__currentState.exit(argList)
  File "C:\Panda3D-1.11.0-x64\direct\fsm\State.py", line 213, in exit
    self.__exitFunc(*argList)
  File "toontown\distributed\ToontownClientRepository.py", line 430, in exitPlayingGame
    base.localAvatar.deleteOrDelay()
  File "C:\Panda3D-1.11.0-x64\direct\distributed\DistributedObject.py", line 201, in deleteOrDelay
    self.disableAnnounceAndDelete()
  File "C:\Panda3D-1.11.0-x64\direct\distributed\DistributedObject.py", line 204, in disableAnnounceAndDelete
    self.disableAndAnnounce()
  File "C:\Panda3D-1.11.0-x64\direct\distributed\DistributedObject.py", line 230, in disableAndAnnounce
    self.disable()
  File "toontown\toon\LocalToon.py", line 256, in disable
    self.book.unload()
  File "toontown\shtiker\ShtikerBook.py", line 150, in unload
    page.unload()
  File "toontown\shtiker\SuitPage.py", line 240, in unload
    shadow.removeNode()
AssertionError: _error_type != ET_not_found at line 592 of panda/src/pgraph/nodePath.cxx
:10-29-2022 14:26:42 :task(error): Exception occurred in PythonTask eventManager
:10-29-2022 14:26:42 TTOffLauncher: setting panda error code to 12
:10-29-2022 14:26:42 TTOffLauncher(warning): Handling Python exception.
:10-29-2022 14:26:42 OTPClientRepository: Sent disconnect message to server
:10-29-2022 14:26:42 OTPClientRepository: Closing connection to server.
:10-29-2022 14:26:42 TTOffLauncher: Exception exit.

Traceback (most recent call last):
  File "otp\launcher\LauncherBase.py", line 1081, in mainLoop
    self._runTaskManager()
  File "otp\launcher\LauncherBase.py", line 1052, in _runTaskManager
    taskMgr.run()
  File "C:\Panda3D-1.11.0-x64\direct\task\Task.py", line 528, in run
    self.step()
  File "C:\Panda3D-1.11.0-x64\direct\task\Task.py", line 482, in step
    self.mgr.poll()
  File "C:\Panda3D-1.11.0-x64\direct\showbase\EventManager.py", line 49, in eventLoopTask
    self.doEvents()
  File "C:\Panda3D-1.11.0-x64\direct\showbase\EventManager.py", line 42, in doEvents
    while not isEmptyFunc():
  File "C:\Panda3D-1.11.0-x64\direct\distributed\ConnectionRepository.py", line 609, in readerPollUntilEmpty
    while self.readerPollOnce():
  File "C:\Panda3D-1.11.0-x64\direct\distributed\ConnectionRepository.py", line 616, in readerPollOnce
    self.handleDatagram(self.private__di)
  File "otp\distributed\OTPClientRepository.py", line 1838, in handleDatagram
    self.handler(msgType, di)
  File "otp\distributed\OTPClientRepository.py", line 1445, in handlePlayGame
    self.handleMessageType(msgType, di)
  File "otp\distributed\OTPClientRepository.py", line 1716, in handleMessageType
    self.handleGoGetLost(di)
  File "C:\Panda3D-1.11.0-x64\direct\distributed\ClientRepositoryBase.py", line 494, in handleGoGetLost
    self.lostConnection()
  File "otp\distributed\OTPClientRepository.py", line 1621, in lostConnection
    self.loginFSM.request('noConnection')
  File "C:\Panda3D-1.11.0-x64\direct\fsm\ClassicFSM.py", line 281, in request
    exitArgList)
  File "C:\Panda3D-1.11.0-x64\direct\fsm\ClassicFSM.py", line 227, in __transition
    self.__exitCurrent(exitArgList)
  File "C:\Panda3D-1.11.0-x64\direct\fsm\ClassicFSM.py", line 185, in __exitCurrent
    self.__currentState.exit(argList)
  File "C:\Panda3D-1.11.0-x64\direct\fsm\State.py", line 213, in exit
    self.__exitFunc(*argList)
  File "toontown\distributed\ToontownClientRepository.py", line 430, in exitPlayingGame
    base.localAvatar.deleteOrDelay()
  File "C:\Panda3D-1.11.0-x64\direct\distributed\DistributedObject.py", line 201, in deleteOrDelay
    self.disableAnnounceAndDelete()
  File "C:\Panda3D-1.11.0-x64\direct\distributed\DistributedObject.py", line 204, in disableAnnounceAndDelete
    self.disableAndAnnounce()
  File "C:\Panda3D-1.11.0-x64\direct\distributed\DistributedObject.py", line 230, in disableAndAnnounce
    self.disable()
  File "toontown\toon\LocalToon.py", line 256, in disable
    self.book.unload()
  File "toontown\shtiker\ShtikerBook.py", line 150, in unload
    page.unload()
  File "toontown\shtiker\SuitPage.py", line 240, in unload
    shadow.removeNode()
AssertionError: _error_type != ET_not_found at line 592 of panda/src/pgraph/nodePath.cxx
