

Starting Toontown Online...
Current time: Fri Jan  6 18:59:42 2023 Eastern Standard Time
sys.path =  ['', 'C:\\Toontown\\Toontown - Programming\\SuitopiaUpdateLastLaff\\Toontown-Last-Laff-Workspace\\src\\Panda3D-1.11.0-x64\\python\\python27.zip', 'C:\\Panda3D-1.11.0-x64', 'C:\\Toontown\\Toontown - Programming\\SuitopiaUpdateLastLaff\\Toontown-Last-Laff-Workspace\\src\\Panda3D-1.11.0-x64\\python\\DLLs', 'C:\\Toontown\\Toontown - Programming\\SuitopiaUpdateLastLaff\\Toontown-Last-Laff-Workspace\\src\\Panda3D-1.11.0-x64\\python\\lib', 'C:\\Toontown\\Toontown - Programming\\SuitopiaUpdateLastLaff\\Toontown-Last-Laff-Workspace\\src\\Panda3D-1.11.0-x64\\python\\lib\\plat-win', 'C:\\Toontown\\Toontown - Programming\\SuitopiaUpdateLastLaff\\Toontown-Last-Laff-Workspace\\src\\Panda3D-1.11.0-x64\\python\\lib\\lib-tk', 'C:\\Toontown\\Toontown - Programming\\SuitopiaUpdateLastLaff\\Toontown-Last-Laff-Workspace\\src\\Panda3D-1.11.0-x64\\python', 'C:\\Toontown\\Toontown - Programming\\SuitopiaUpdateLastLaff\\Toontown-Last-Laff-Workspace\\src\\Panda3D-1.11.0-x64', 'C:\\Toontown\\Toontown - Programming\\SuitopiaUpdateLastLaff\\Toontown-Last-Laff-Workspace\\src\\Panda3D-1.11.0-x64\\bin', 'C:\\Toontown\\Toontown - Programming\\SuitopiaUpdateLastLaff\\Toontown-Last-Laff-Workspace\\src\\Panda3D-1.11.0-x64\\python\\lib\\site-packages']
sys.argv =  ['C:\\Toontown\\Toontown - Programming\\SuitopiaUpdateLastLaff\\Toontown-Last-Laff-Workspace\\src\\toontown\\launcher\\TTOffQuickStartLauncher.py']
generating standard configrc
os.environ =  {'TMP': 'C:\\Users\\theph\\AppData\\Local\\Temp', 'COMPUTERNAME': 'DESKTOP-7054VC9', 'PROCESSOR_LEVEL': '6', 'USERDOMAIN': 'DESKTOP-7054VC9', 'NEKO_INSTPATH': 'C:\\HaxeToolkit\\neko', 'INTEL_DEV_REDIST': 'C:\\Program Files (x86)\\Common Files\\Intel\\Shared Libraries\\', 'PSMODULEPATH': 'C:\\Program Files\\WindowsPowerShell\\Modules;C:\\WINDOWS\\system32\\WindowsPowerShell\\v1.0\\Modules', 'COMMONPROGRAMFILES': 'C:\\Program Files\\Common Files', 'PROCESSOR_IDENTIFIER': 'Intel64 Family 6 Model 158 Stepping 13, GenuineIntel', 'PROGRAMFILES': 'C:\\Program Files', 'PROCESSOR_REVISION': '9e0d', 'PATH': 'C:\\Panda3D-1.11.0-x64\\panda3d\\..\\bin;C:\\Program Files (x86)\\Common Files\\Intel\\Shared Libraries\\redist\\intel64_win\\compiler;C:\\Program Files (x86)\\NVIDIA Corporation\\PhysX\\Common;C:\\Program Files\\Python38\\Scripts\\;C:\\Program Files\\Python38\\;C:\\WINDOWS\\system32;C:\\WINDOWS;C:\\WINDOWS\\System32\\Wbem;C:\\WINDOWS\\System32\\WindowsPowerShell\\v1.0\\;C:\\WINDOWS\\System32\\OpenSSH\\;C:\\Program Files\\NVIDIA Corporation\\NVIDIA NvDLISR;C:\\Program Files\\dotnet\\;C:\\Users\\theph\\AppData\\Local\\Programs\\Python\\Python39;C:\\Users\\theph\\AppData\\Local\\Programs\\Python\\Python39\\Scripts;C:\\Program Files\\Common Files\\Autodesk Shared\\;C:\\Program Files\\Git\\cmd;C:\\Program Files (x86)\\Windows Live\\Shared;C:\\HaxeToolkit\\haxe;C:\\HaxeToolkit\\neko;C:\\Program Files\\Microsoft SQL Server\\150\\Tools\\Binn\\;C:\\Program Files\\Microsoft SQL Server\\Client SDK\\ODBC\\170\\Tools\\Binn\\;C:\\Users\\theph\\AppData\\Local\\Microsoft\\WindowsApps;C:\\Users\\theph\\.dotnet\\tools;C:\\Program Files\\JetBrains\\PyCharm Community Edition 2020.3.3\\bin;C:\\Users\\theph\\AppData\\Local\\atom\\bin;C:\\Users\\theph\\AppData\\Local\\GitHubDesktop\\bin;C:\\Panda3D-1.9.0-x64\\python;C:\\Panda3D-1.9.0-x64\\python\\Scripts;C:\\Panda3D-1.9.0-x64\\bin;C:\\Panda3D-1.9.0\\python;C:\\Panda3D-1.9.0\\python\\Scripts;C:\\Panda3D-1.9.0\\bin;C:\\Panda3D-1.10.0\\python;C:\\Panda3D-1.10.0\\python\\Scripts;C:\\Panda3D-1.10.0\\bin;C:\\Program Files\\JetBrains\\PyCharm Community Edition 2022.2.2\\bin;;C:\\Users\\theph\\AppData\\Local\\Programs\\Microsoft VS Code\\bin;C:\\Panda3D-1.11.0\\python;C:\\Panda3D-1.11.0\\python\\Scripts;C:\\Panda3D-1.11.0\\bin;C:\\Users\\theph\\.dotnet\\tools;C:\\Panda3D-1.10.11-x64\\python;C:\\Panda3D-1.10.11-x64\\python\\Scripts;C:\\Panda3D-1.10.11-x64\\bin;C:\\Panda3D-1.11.0-x64\\python;C:\\Panda3D-1.11.0-x64\\python\\Scripts;C:\\Panda3D-1.11.0-x64\\bin;C:\\EventHorizon-battle-ng-teaser\\dependencies\\panda\\python;C:\\EventHorizon-battle-ng-teaser\\dependencies\\panda\\python\\Scripts;C:\\EventHorizon-battle-ng-teaser\\depe', 'SYSTEMROOT': 'C:\\WINDOWS', 'PROGRAMFILES(X86)': 'C:\\Program Files (x86)', 'COMSPEC': 'C:\\WINDOWS\\system32\\cmd.exe', 'DRIVERDATA': 'C:\\Windows\\System32\\Drivers\\DriverData', 'PPYTHON_PATH': '"Panda3D-1.11.0-x64\\python\\ppython.exe"', 'TEMP': 'C:\\Users\\theph\\AppData\\Local\\Temp', 'FPS_BROWSER_APP_PROFILE_STRING': 'Internet Explorer', 'COMMONPROGRAMFILES(X86)': 'C:\\Program Files (x86)\\Common Files', 'PROCESSOR_ARCHITECTURE': 'AMD64', 'ALLUSERSPROFILE': 'C:\\ProgramData', 'USERPROFILE': 'C:\\Users\\theph', 'LOCALAPPDATA': 'C:\\Users\\theph\\AppData\\Local', 'FPS_BROWSER_USER_PROFILE_STRING': 'Default', 'HOMEPATH': '\\Users\\theph', 'USERDOMAIN_ROAMINGPROFILE': 'DESKTOP-7054VC9', 'PROGRAMW6432': 'C:\\Program Files', 'USERNAME': 'theph', 'LOGONSERVER': '\\\\DESKTOP-7054VC9', 'PROMPT': '$P$G', 'SESSIONNAME': 'Console', 'PROGRAMDATA': 'C:\\ProgramData', 'ONEDRIVE': 'C:\\Users\\theph\\OneDrive', 'ADSK_3DSMAX_X64_2019': 'C:\\Program Files\\Autodesk\\3ds Max 2019\\', 'ZES_ENABLE_SYSMAN': '1', 'HAXEPATH': 'C:\\HaxeToolkit\\haxe', 'PATHEXT': '.COM;.EXE;.BAT;.CMD;.VBS;.VBE;.JS;.JSE;.WSF;.WSH;.MSC;.PY;.PYW', 'TTOFF_LOGIN_TOKEN': 'dev', 'WINDIR': 'C:\\WINDOWS', 'PYCHARM COMMUNITY EDITION': 'C:\\Program Files\\JetBrains\\PyCharm Community Edition 2022.2.2\\bin;', 'HOMEDRIVE': 'C:', 'SYSTEMDRIVE': 'C:', 'PUBLIC': 'C:\\Users\\Public', 'NUMBER_OF_PROCESSORS': '16', 'APPDATA': 'C:\\Users\\theph\\AppData\\Roaming', 'IDK2': 'C:\\Program Files\\Python38', 'COMMONPROGRAMW6432': 'C:\\Program Files\\Common Files', 'OS': 'Windows_NT', 'ADSK_CLM_WPAD_PROXY_CHECK': 'FALSE', 'IDK': 'C:\\Program Files\\Python38\\Scripts'}
:01-06-2023 18:59:42 TTOffLauncher: isTestServer: 0
:01-06-2023 18:59:42 TTOffLauncher: Game Server 127.0.0.1
:01-06-2023 18:59:42 TTOffLauncher: Starting Toontown Online... 
:01-06-2023 18:59:42 TTOffLauncher: foreground: Launcher now operating in foreground
useTTOffSpecificLogin=True
:01-06-2023 18:59:42 TTOffLauncher: maybeStartGame: starting game
:01-06-2023 18:59:42 TTOffLauncher: Starting Toontown Online...
:01-06-2023 18:59:42 TTOffLauncher: background: Launcher now operating in background
ToontownStart: Polling for game2 to finish...
ToontownStart: Game2 is finished.
ToontownStart: Starting the game.
ToontownStart: setting default font
:01-06-2023 18:59:42 TTOffLauncher: setting panda error code to 7
Known pipe types:
  wglGraphicsPipe
(all display modules loaded.)
:01-06-2023 18:59:42 ToonBase: Default graphics pipe is wglGraphicsPipe (OpenGL).
:01-06-2023 18:59:42 :display(warning): FrameBufferProperties available less than requested.
  requested: depth_bits=24 color_bits=3 red_bits=1 green_bits=1 blue_bits=1 alpha_bits=1 multisamples=70 back_buffers=1 force_hardware 
  got: depth_bits=24 color_bits=24 red_bits=8 green_bits=8 blue_bits=8 alpha_bits=8 accum_bits=64 multisamples=16 back_buffers=1 force_hardware 
:01-06-2023 18:59:42 ToonBase: Successfully opened window of type wglGraphicsWindow (OpenGL)
:01-06-2023 18:59:42 ShowBase: __dev__ == False
:01-06-2023 18:59:42 TTOffLauncher: setting panda error code to 11
:01-06-2023 18:59:42 TTOffLauncher: setting panda error code to 0
ToontownStart: Loading default gui sounds
ToontownStart: serverVersion:  tto-dev
:01-06-2023 18:59:43 Loader: starting bulk load of block 'init'
:01-06-2023 18:59:43 :nativenet(error): Buffered_DatagramConnection Constructor rbufsize = 4096000 wbufsize = 4096000 write_flush_point = 1400
:01-06-2023 18:59:43 OTPClientRepository: Using connect method 'http'
:01-06-2023 18:59:43 TTOffLauncher: getRegistry ('DEPLOYMENT', None)
:01-06-2023 18:59:43 TTOffLauncher: checking env
:01-06-2023 18:59:43 TTOffLauncher: getRegistry ('GAME_DEPLOYMENT', None)
:01-06-2023 18:59:43 TTOffLauncher: checking env
:01-06-2023 18:59:43 OTPClientRepository: reg_deployment=
:01-06-2023 18:59:43 OTPClientRepository: required-login auto.
:01-06-2023 18:59:43 OTPClientRepository: loginInterface: LoginTTOffAccount
:01-06-2023 18:59:43 TTOffLauncher: getNeedPwForSecretKey using ttoff-specific-login
:01-06-2023 18:59:44 Loader: At end of block 'init', expected 138, loaded 5, duration=1.1510636
:01-06-2023 18:59:44 OTPClientRepository: Connecting to gameserver directly (no proxy).
:01-06-2023 18:59:44 OTPClientRepository: Connecting to //127.0.0.1:7198 via HTTP interface.
:01-06-2023 18:59:44 TTOffLauncher: Stopping mini task manager.
:01-06-2023 18:59:44 OTPClientRepository: Successfully connected to //127.0.0.1:7198.
:01-06-2023 18:59:44 TTOffLauncher: Setting Disconnect Details normal
{402000001: <toontown.distributed.ToontownDistrict.ToontownDistrict instance at 0x0000000020F97C88>}
:01-06-2023 18:59:46 StateData: AvatarChooser.enter
:01-06-2023 18:59:46 DisplayOptions: settingsFullScreen = False, embedded = False width=800 height=600
:01-06-2023 18:59:46 StateData: calling self.displayOptions.restrictToEmbedded(False)
:01-06-2023 18:59:47 OTPClientRepository: ================
:01-06-2023 18:59:47 OTPClientRepository: Chose avatar id: 100000001
:01-06-2023 18:59:47 OTPClientRepository: Chose avatar name: Prof. Alvin Flippenhopper
:01-06-2023 18:59:47 OTPClientRepository: Chose avatar dna: ('dls', 'ss', 's', 'm', 15, 0, 15, 15, 1, 8, 1, 8, 1, 1)
:01-06-2023 18:59:47 OTPClientRepository: Chose avatar position: 1
:01-06-2023 18:59:47 OTPClientRepository: isPaid: 1
:01-06-2023 18:59:47 OTPClientRepository: freeTimeLeft: 0
:01-06-2023 18:59:47 OTPClientRepository: allowSecretChat: True
:01-06-2023 18:59:47 OTPClientRepository: ================
:01-06-2023 18:59:47 Loader: starting bulk load of block 'localAvatarPlayGame'
:01-06-2023 18:59:48 ToontownTimeManager(warning): error parsing date string=
local
:01-06-2023 18:59:48 NewsPageButtonManager(warning): Should not get here. NewsPageButtonManager.exitOff
:01-06-2023 18:59:49 :pnmimage:png(warning): iCCP: known incorrect sRGB profile
:01-06-2023 18:59:51 OTPClientRepository: Entering shard 402000001
:01-06-2023 18:59:51 StreetSign: Street sign url is https://ttoffline.com/images/
:01-06-2023 18:59:52 TimeManager: Clock sync: TimeManager.announceGenerate
:01-06-2023 18:59:52 OTPClientRepository(warning): Don't know who friend 1 is.
:01-06-2023 18:59:52 InGameNewsMgr: latestIssue=2013-08-22 16:49:46.000003-07:00
cpu info: GenuineIntel|Intel(R) Core(TM) i9-9900K CPU @ 3.60GHz|591597|0|3.600,3.600|8,16 cpus
:01-06-2023 18:59:53 OTPClientRepository: No sync from TimeManager.
:01-06-2023 18:59:53 OTPClientRepository: gotTimeSync
:01-06-2023 18:59:53 Loader: At end of block 'localAvatarPlayGame', expected 400, loaded 19, duration=6.1021896
:01-06-2023 18:59:53 TimeManager: Clock sync roundtrip took 1118.139 ms
:01-06-2023 18:59:53 TimeManager: AI time delta is -0:01 from server delta
:01-06-2023 18:59:53 TimeManager: Local clock uncertainty +/- 0.559 s
:01-06-2023 18:59:53 PlayGame: QA-REGRESSION: NEIGHBORHOODS: Visit Cashbot HQ
:01-06-2023 18:59:53 Loader: starting bulk load of block 'hood'
:01-06-2023 18:59:54 OTPClientRepository: Sending heartbeat mid-frame.
:01-06-2023 18:59:54 TownBattleSuitPanel: Loading Suit Battle Panel!
:01-06-2023 18:59:54 TownBattleSuitPanel: Loading Suit Battle Panel!
:01-06-2023 18:59:54 TownBattleSuitPanel: Loading Suit Battle Panel!
:01-06-2023 18:59:54 TownBattleSuitPanel: Loading Suit Battle Panel!
:01-06-2023 18:59:54 TownBattleSuitPanel: Loading Suit Battle Panel!
:01-06-2023 18:59:54 TownBattleSuitPanel: Loading Suit Battle Panel!
:01-06-2023 18:59:54 TownBattleSuitPanel: Loading Suit Battle Panel!
:01-06-2023 18:59:54 TownBattleSuitPanel: Loading Suit Battle Panel!
:01-06-2023 18:59:55 :pnmimage:png(warning): Interlace handling should be turned on when using png_read_image
:01-06-2023 18:59:55 CashbotCogHQLoader: loadPlaceGeom: 12000
:01-06-2023 18:59:56 DistributedObject: DistributedSuitPlanner 402002974: generating
:01-06-2023 18:59:56 DistributedToon: calling LocalAvatar.startchat
:01-06-2023 18:59:56 :loader(error): Couldn't load file phase_4/models/questmap/cog_hq_cashbot_maps.bam: not found on model path (currently: "/;/c/Toontown/Toontown - Programming/SuitopiaUpdateLastLaff/Toontown-Last-Laff-Workspace/src/toontown/launcher;/c/Panda3D-1.11.0-x64/etc/..;/c/Panda3D-1.11.0-x64/etc/../models")
:01-06-2023 18:59:56 Loader: At end of block 'hood', expected 2, loaded 11, duration=2.522696
:01-06-2023 18:59:56 :gobj(error): Texture::read() - couldn't read: phase_3/maps/hands/bc.png
:01-06-2023 18:59:56 :gobj(error): Unable to find texture "phase_3/maps/hands/bc.png" on model-path /;/c/Toontown/Toontown - Programming/SuitopiaUpdateLastLaff/Toontown-Last-Laff-Workspace/src/toontown/launcher;/c/Panda3D-1.11.0-x64/etc/..;/c/Panda3D-1.11.0-x64/etc/../models
Assertion failed: other._error_type == ET_ok at line 395 of panda/src/pgraph/nodePath.cxx
:01-06-2023 18:59:56 :gobj(error): Texture::read() - couldn't read: phase_3/maps/hands/mb.png
:01-06-2023 18:59:56 :gobj(error): Unable to find texture "phase_3/maps/hands/mb.png" on model-path /;/c/Toontown/Toontown - Programming/SuitopiaUpdateLastLaff/Toontown-Last-Laff-Workspace/src/toontown/launcher;/c/Panda3D-1.11.0-x64/etc/..;/c/Panda3D-1.11.0-x64/etc/../models
Assertion failed: other._error_type == ET_ok at line 395 of panda/src/pgraph/nodePath.cxx
:01-06-2023 18:59:56 :gobj(error): Texture::read() - couldn't read: phase_3/maps/hands/nc.png
:01-06-2023 18:59:56 :gobj(error): Unable to find texture "phase_3/maps/hands/nc.png" on model-path /;/c/Toontown/Toontown - Programming/SuitopiaUpdateLastLaff/Toontown-Last-Laff-Workspace/src/toontown/launcher;/c/Panda3D-1.11.0-x64/etc/..;/c/Panda3D-1.11.0-x64/etc/../models
Assertion failed: other._error_type == ET_ok at line 395 of panda/src/pgraph/nodePath.cxx
:01-06-2023 18:59:56 :gobj(error): Texture::read() - couldn't read: phase_3/maps/hands/bc.png
:01-06-2023 18:59:56 :gobj(error): Unable to find texture "phase_3/maps/hands/bc.png" on model-path /;/c/Toontown/Toontown - Programming/SuitopiaUpdateLastLaff/Toontown-Last-Laff-Workspace/src/toontown/launcher;/c/Panda3D-1.11.0-x64/etc/..;/c/Panda3D-1.11.0-x64/etc/../models
Assertion failed: other._error_type == ET_ok at line 395 of panda/src/pgraph/nodePath.cxx
:01-06-2023 18:59:57 Teleport(debug): teleportInDone: walk
:01-06-2023 18:59:57 :loader(error): Couldn't load file phase_4/models/questmap/cog_hq_cashbot_maps.bam: not found on model path (currently: "/;/c/Toontown/Toontown - Programming/SuitopiaUpdateLastLaff/Toontown-Last-Laff-Workspace/src/toontown/launcher;/c/Panda3D-1.11.0-x64/etc/..;/c/Panda3D-1.11.0-x64/etc/../models")
:01-06-2023 19:00:01 ShtikerBook: QA-REGRESSION: SHTICKERBOOK: Open
OnscreenText.configure: mayChange == 0
OnscreenText.configure: mayChange == 0
OnscreenText.configure: mayChange == 0
OnscreenText.configure: mayChange == 0
:01-06-2023 19:00:01 ShtikerBook: QA-REGRESSION: SHTICKERBOOK: Browse tabs Map
:01-06-2023 19:00:02 ShtikerBook: QA-REGRESSION: SHTICKERBOOK: Close
:01-06-2023 19:00:04 :gobj(error): Texture::read() - couldn't read: phase_3/maps/hands/nc.png
:01-06-2023 19:00:04 :gobj(error): Unable to find texture "phase_3/maps/hands/nc.png" on model-path /;/c/Toontown/Toontown - Programming/SuitopiaUpdateLastLaff/Toontown-Last-Laff-Workspace/src/toontown/launcher;/c/Panda3D-1.11.0-x64/etc/..;/c/Panda3D-1.11.0-x64/etc/../models
Assertion failed: other._error_type == ET_ok at line 395 of panda/src/pgraph/nodePath.cxx
:01-06-2023 19:00:04 :gobj(error): Texture::read() - couldn't read: phase_3/maps/hands/mb.png
:01-06-2023 19:00:04 :gobj(error): Unable to find texture "phase_3/maps/hands/mb.png" on model-path /;/c/Toontown/Toontown - Programming/SuitopiaUpdateLastLaff/Toontown-Last-Laff-Workspace/src/toontown/launcher;/c/Panda3D-1.11.0-x64/etc/..;/c/Panda3D-1.11.0-x64/etc/../models
Assertion failed: other._error_type == ET_ok at line 395 of panda/src/pgraph/nodePath.cxx
:01-06-2023 19:00:04 :gobj(error): Texture::read() - couldn't read: phase_3/maps/hands/bc.png
:01-06-2023 19:00:04 :gobj(error): Unable to find texture "phase_3/maps/hands/bc.png" on model-path /;/c/Toontown/Toontown - Programming/SuitopiaUpdateLastLaff/Toontown-Last-Laff-Workspace/src/toontown/launcher;/c/Panda3D-1.11.0-x64/etc/..;/c/Panda3D-1.11.0-x64/etc/../models
Assertion failed: other._error_type == ET_ok at line 395 of panda/src/pgraph/nodePath.cxx
:01-06-2023 19:00:08 CashbotHQExterior: Unloading Place (12000). Fsm in final
:01-06-2023 19:00:08 DistributedObject: DistributedSuitPlanner 402002974: disabling
:01-06-2023 19:00:08 PlayGame: QA-REGRESSION: NEIGHBORHOODS: Visit Lawbot HQ
:01-06-2023 19:00:08 Loader: starting bulk load of block 'hood'
:01-06-2023 19:00:08 TownBattleSuitPanel: Loading Suit Battle Panel!
:01-06-2023 19:00:08 TownBattleSuitPanel: Loading Suit Battle Panel!
:01-06-2023 19:00:08 TownBattleSuitPanel: Loading Suit Battle Panel!
:01-06-2023 19:00:08 TownBattleSuitPanel: Loading Suit Battle Panel!
:01-06-2023 19:00:08 TownBattleSuitPanel: Loading Suit Battle Panel!
:01-06-2023 19:00:08 TownBattleSuitPanel: Loading Suit Battle Panel!
:01-06-2023 19:00:08 TownBattleSuitPanel: Loading Suit Battle Panel!
:01-06-2023 19:00:08 TownBattleSuitPanel: Loading Suit Battle Panel!
:01-06-2023 19:00:08 LawbotCogHQLoader: loadPlaceGeom: 13000
:01-06-2023 19:00:09 ToonBase(warning): base.loadMusic is deprecated, use base.loader.loadMusic instead.
:01-06-2023 19:00:09 DistributedObject: DistributedSuitPlanner 402002984: generating
:01-06-2023 19:00:09 DistributedToon: calling LocalAvatar.startchat
:01-06-2023 19:00:09 :loader(error): Couldn't load file phase_4/models/questmap/cog_hq_lawbot_maps.bam: not found on model path (currently: "/;/c/Toontown/Toontown - Programming/SuitopiaUpdateLastLaff/Toontown-Last-Laff-Workspace/src/toontown/launcher;/c/Panda3D-1.11.0-x64/etc/..;/c/Panda3D-1.11.0-x64/etc/../models")
:01-06-2023 19:00:09 Loader: At end of block 'hood', expected 2, loaded 5, duration=1.2013547
:01-06-2023 19:00:09 :gobj(error): Texture::read() - couldn't read: phase_3/maps/hands/sd.png
:01-06-2023 19:00:09 :gobj(error): Unable to find texture "phase_3/maps/hands/sd.png" on model-path /;/c/Toontown/Toontown - Programming/SuitopiaUpdateLastLaff/Toontown-Last-Laff-Workspace/src/toontown/launcher;/c/Panda3D-1.11.0-x64/etc/..;/c/Panda3D-1.11.0-x64/etc/../models
Assertion failed: other._error_type == ET_ok at line 395 of panda/src/pgraph/nodePath.cxx
:01-06-2023 19:00:09 :gobj(error): Texture::read() - couldn't read: phase_3/maps/hands/sd.png
:01-06-2023 19:00:09 :gobj(error): Unable to find texture "phase_3/maps/hands/sd.png" on model-path /;/c/Toontown/Toontown - Programming/SuitopiaUpdateLastLaff/Toontown-Last-Laff-Workspace/src/toontown/launcher;/c/Panda3D-1.11.0-x64/etc/..;/c/Panda3D-1.11.0-x64/etc/../models
Assertion failed: other._error_type == ET_ok at line 395 of panda/src/pgraph/nodePath.cxx
:01-06-2023 19:00:09 :gobj(error): Texture::read() - couldn't read: phase_3/maps/hands/sd.png
:01-06-2023 19:00:09 :gobj(error): Unable to find texture "phase_3/maps/hands/sd.png" on model-path /;/c/Toontown/Toontown - Programming/SuitopiaUpdateLastLaff/Toontown-Last-Laff-Workspace/src/toontown/launcher;/c/Panda3D-1.11.0-x64/etc/..;/c/Panda3D-1.11.0-x64/etc/../models
Assertion failed: other._error_type == ET_ok at line 395 of panda/src/pgraph/nodePath.cxx
Assertion failed: other._error_type == ET_ok at line 395 of panda/src/pgraph/nodePath.cxx
:01-06-2023 19:00:09 :gobj(error): Texture::read() - couldn't read: phase_3/maps/hands/sd.png
:01-06-2023 19:00:09 :gobj(error): Unable to find texture "phase_3/maps/hands/sd.png" on model-path /;/c/Toontown/Toontown - Programming/SuitopiaUpdateLastLaff/Toontown-Last-Laff-Workspace/src/toontown/launcher;/c/Panda3D-1.11.0-x64/etc/..;/c/Panda3D-1.11.0-x64/etc/../models
Assertion failed: other._error_type == ET_ok at line 395 of panda/src/pgraph/nodePath.cxx
:01-06-2023 19:00:09 :gobj(error): Texture::read() - couldn't read: phase_3/maps/hands/sd.png
:01-06-2023 19:00:09 :gobj(error): Unable to find texture "phase_3/maps/hands/sd.png" on model-path /;/c/Toontown/Toontown - Programming/SuitopiaUpdateLastLaff/Toontown-Last-Laff-Workspace/src/toontown/launcher;/c/Panda3D-1.11.0-x64/etc/..;/c/Panda3D-1.11.0-x64/etc/../models
Assertion failed: other._error_type == ET_ok at line 395 of panda/src/pgraph/nodePath.cxx
:01-06-2023 19:00:09 :gobj(error): Texture::read() - couldn't read: phase_3/maps/hands/dt.png
:01-06-2023 19:00:09 :gobj(error): Unable to find texture "phase_3/maps/hands/dt.png" on model-path /;/c/Toontown/Toontown - Programming/SuitopiaUpdateLastLaff/Toontown-Last-Laff-Workspace/src/toontown/launcher;/c/Panda3D-1.11.0-x64/etc/..;/c/Panda3D-1.11.0-x64/etc/../models
Assertion failed: other._error_type == ET_ok at line 395 of panda/src/pgraph/nodePath.cxx
:01-06-2023 19:00:10 Teleport(debug): teleportInDone: walk
:01-06-2023 19:00:10 :loader(error): Couldn't load file phase_4/models/questmap/cog_hq_lawbot_maps.bam: not found on model path (currently: "/;/c/Toontown/Toontown - Programming/SuitopiaUpdateLastLaff/Toontown-Last-Laff-Workspace/src/toontown/launcher;/c/Panda3D-1.11.0-x64/etc/..;/c/Panda3D-1.11.0-x64/etc/../models")
:01-06-2023 19:00:16 OTPClientRepository(warning): Don't know who friend 1 is.
:01-06-2023 19:00:16 LawbotHQExterior: QA-REGRESSION: COGBATTLE: Enter Battle
Battle Event localtoon-battle-event-3
:01-06-2023 19:00:16 :gobj(error): Texture::read() - couldn't read: phase_3/maps/hands/dt.png
:01-06-2023 19:00:16 :gobj(error): Unable to find texture "phase_3/maps/hands/dt.png" on model-path /;/c/Toontown/Toontown - Programming/SuitopiaUpdateLastLaff/Toontown-Last-Laff-Workspace/src/toontown/launcher;/c/Panda3D-1.11.0-x64/etc/..;/c/Panda3D-1.11.0-x64/etc/../models
Assertion failed: other._error_type == ET_ok at line 395 of panda/src/pgraph/nodePath.cxx
:01-06-2023 19:00:16 :gobj(error): Texture::read() - couldn't read: phase_3/maps/hands/sd.png
:01-06-2023 19:00:16 :gobj(error): Unable to find texture "phase_3/maps/hands/sd.png" on model-path /;/c/Toontown/Toontown - Programming/SuitopiaUpdateLastLaff/Toontown-Last-Laff-Workspace/src/toontown/launcher;/c/Panda3D-1.11.0-x64/etc/..;/c/Panda3D-1.11.0-x64/etc/../models
Assertion failed: other._error_type == ET_ok at line 395 of panda/src/pgraph/nodePath.cxx
:01-06-2023 19:00:28 :gobj(error): Texture::read() - couldn't read: phase_3/maps/hands/sd.png
:01-06-2023 19:00:28 :gobj(error): Unable to find texture "phase_3/maps/hands/sd.png" on model-path /;/c/Toontown/Toontown - Programming/SuitopiaUpdateLastLaff/Toontown-Last-Laff-Workspace/src/toontown/launcher;/c/Panda3D-1.11.0-x64/etc/..;/c/Panda3D-1.11.0-x64/etc/../models
Assertion failed: other._error_type == ET_ok at line 395 of panda/src/pgraph/nodePath.cxx
Assertion failed: other._error_type == ET_ok at line 395 of panda/src/pgraph/nodePath.cxx
:01-06-2023 19:00:28 TTOffMagicWordManager: Prof. Alvin Flippenhopper can now insta-kill Cogs!
Assertion failed: other._error_type == ET_ok at line 395 of panda/src/pgraph/nodePath.cxx
Assertion failed: other._error_type == ET_ok at line 395 of panda/src/pgraph/nodePath.cxx
Assertion failed: other._error_type == ET_ok at line 395 of panda/src/pgraph/nodePath.cxx
Assertion failed: other._error_type == ET_ok at line 395 of panda/src/pgraph/nodePath.cxx
Assertion failed: other._error_type == ET_ok at line 395 of panda/src/pgraph/nodePath.cxx
Assertion failed: other._error_type == ET_ok at line 395 of panda/src/pgraph/nodePath.cxx
Assertion failed: other._error_type == ET_ok at line 395 of panda/src/pgraph/nodePath.cxx
Assertion failed: other._error_type == ET_ok at line 395 of panda/src/pgraph/nodePath.cxx
Assertion failed: other._error_type == ET_ok at line 395 of panda/src/pgraph/nodePath.cxx
Assertion failed: other._error_type == ET_ok at line 395 of panda/src/pgraph/nodePath.cxx
Assertion failed: other._error_type == ET_ok at line 395 of panda/src/pgraph/nodePath.cxx
Assertion failed: other._error_type == ET_ok at line 395 of panda/src/pgraph/nodePath.cxx
Assertion failed: other._error_type == ET_ok at line 395 of panda/src/pgraph/nodePath.cxx
Assertion failed: other._error_type == ET_ok at line 395 of panda/src/pgraph/nodePath.cxx
Assertion failed: other._error_type == ET_ok at line 395 of panda/src/pgraph/nodePath.cxx
Assertion failed: other._error_type == ET_ok at line 395 of panda/src/pgraph/nodePath.cxx
Assertion failed: other._error_type == ET_ok at line 395 of panda/src/pgraph/nodePath.cxx
Assertion failed: other._error_type == ET_ok at line 395 of panda/src/pgraph/nodePath.cxx
Assertion failed: other._error_type == ET_ok at line 395 of panda/src/pgraph/nodePath.cxx
Assertion failed: other._error_type == ET_ok at line 395 of panda/src/pgraph/nodePath.cxx
Assertion failed: other._error_type == ET_ok at line 395 of panda/src/pgraph/nodePath.cxx
Assertion failed: other._error_type == ET_ok at line 395 of panda/src/pgraph/nodePath.cxx
Assertion failed: other._error_type == ET_ok at line 395 of panda/src/pgraph/nodePath.cxx
Assertion failed: other._error_type == ET_ok at line 395 of panda/src/pgraph/nodePath.cxx
Assertion failed: other._error_type == ET_ok at line 395 of panda/src/pgraph/nodePath.cxx
Assertion failed: other._error_type == ET_ok at line 395 of panda/src/pgraph/nodePath.cxx
Assertion failed: other._error_type == ET_ok at line 395 of panda/src/pgraph/nodePath.cxx
Assertion failed: other._error_type == ET_ok at line 395 of panda/src/pgraph/nodePath.cxx
Assertion failed: other._error_type == ET_ok at line 395 of panda/src/pgraph/nodePath.cxx
Assertion failed: other._error_type == ET_ok at line 395 of panda/src/pgraph/nodePath.cxx
Assertion failed: other._error_type == ET_ok at line 395 of panda/src/pgraph/nodePath.cxx
Assertion failed: other._error_type == ET_ok at line 395 of panda/src/pgraph/nodePath.cxx
:01-06-2023 19:00:35 TTOffMagicWordManager: Successfully skipped Battle movie!
:01-06-2023 19:00:36 :loader(error): Couldn't load file phase_4/models/questmap/cog_hq_lawbot_maps.bam: not found on model path (currently: "/;/c/Toontown/Toontown - Programming/SuitopiaUpdateLastLaff/Toontown-Last-Laff-Workspace/src/toontown/launcher;/c/Panda3D-1.11.0-x64/etc/..;/c/Panda3D-1.11.0-x64/etc/../models")
:01-06-2023 19:00:39 :gobj(error): Texture::read() - couldn't read: phase_3/maps/hands/dt.png
:01-06-2023 19:00:39 :gobj(error): Unable to find texture "phase_3/maps/hands/dt.png" on model-path /;/c/Toontown/Toontown - Programming/SuitopiaUpdateLastLaff/Toontown-Last-Laff-Workspace/src/toontown/launcher;/c/Panda3D-1.11.0-x64/etc/..;/c/Panda3D-1.11.0-x64/etc/../models
Assertion failed: other._error_type == ET_ok at line 395 of panda/src/pgraph/nodePath.cxx
:01-06-2023 19:00:39 :gobj(error): Texture::read() - couldn't read: phase_3/maps/hands/sd.png
:01-06-2023 19:00:39 :gobj(error): Unable to find texture "phase_3/maps/hands/sd.png" on model-path /;/c/Toontown/Toontown - Programming/SuitopiaUpdateLastLaff/Toontown-Last-Laff-Workspace/src/toontown/launcher;/c/Panda3D-1.11.0-x64/etc/..;/c/Panda3D-1.11.0-x64/etc/../models
Assertion failed: other._error_type == ET_ok at line 395 of panda/src/pgraph/nodePath.cxx
Assertion failed: other._error_type == ET_ok at line 395 of panda/src/pgraph/nodePath.cxx
:01-06-2023 19:01:02 :gobj(error): Texture::read() - couldn't read: phase_3/maps/hands/sd.png
:01-06-2023 19:01:02 :gobj(error): Unable to find texture "phase_3/maps/hands/sd.png" on model-path /;/c/Toontown/Toontown - Programming/SuitopiaUpdateLastLaff/Toontown-Last-Laff-Workspace/src/toontown/launcher;/c/Panda3D-1.11.0-x64/etc/..;/c/Panda3D-1.11.0-x64/etc/../models
Assertion failed: other._error_type == ET_ok at line 395 of panda/src/pgraph/nodePath.cxx
:01-06-2023 19:01:13 :gobj(error): Texture::read() - couldn't read: phase_3/maps/hands/sd.png
:01-06-2023 19:01:13 :gobj(error): Unable to find texture "phase_3/maps/hands/sd.png" on model-path /;/c/Toontown/Toontown - Programming/SuitopiaUpdateLastLaff/Toontown-Last-Laff-Workspace/src/toontown/launcher;/c/Panda3D-1.11.0-x64/etc/..;/c/Panda3D-1.11.0-x64/etc/../models
Assertion failed: other._error_type == ET_ok at line 395 of panda/src/pgraph/nodePath.cxx
:01-06-2023 19:01:13 :gobj(error): Texture::read() - couldn't read: phase_3/maps/hands/sd.png
:01-06-2023 19:01:13 :gobj(error): Unable to find texture "phase_3/maps/hands/sd.png" on model-path /;/c/Toontown/Toontown - Programming/SuitopiaUpdateLastLaff/Toontown-Last-Laff-Workspace/src/toontown/launcher;/c/Panda3D-1.11.0-x64/etc/..;/c/Panda3D-1.11.0-x64/etc/../models
Assertion failed: other._error_type == ET_ok at line 395 of panda/src/pgraph/nodePath.cxx
Assertion failed: other._error_type == ET_ok at line 395 of panda/src/pgraph/nodePath.cxx
Assertion failed: other._error_type == ET_ok at line 395 of panda/src/pgraph/nodePath.cxx
:01-06-2023 19:01:47 :gobj(error): Texture::read() - couldn't read: phase_3/maps/hands/sd.png
:01-06-2023 19:01:47 :gobj(error): Unable to find texture "phase_3/maps/hands/sd.png" on model-path /;/c/Toontown/Toontown - Programming/SuitopiaUpdateLastLaff/Toontown-Last-Laff-Workspace/src/toontown/launcher;/c/Panda3D-1.11.0-x64/etc/..;/c/Panda3D-1.11.0-x64/etc/../models
Assertion failed: other._error_type == ET_ok at line 395 of panda/src/pgraph/nodePath.cxx
:01-06-2023 19:01:58 :gobj(error): Texture::read() - couldn't read: phase_3/maps/hands/sd.png
:01-06-2023 19:01:58 :gobj(error): Unable to find texture "phase_3/maps/hands/sd.png" on model-path /;/c/Toontown/Toontown - Programming/SuitopiaUpdateLastLaff/Toontown-Last-Laff-Workspace/src/toontown/launcher;/c/Panda3D-1.11.0-x64/etc/..;/c/Panda3D-1.11.0-x64/etc/../models
Assertion failed: other._error_type == ET_ok at line 395 of panda/src/pgraph/nodePath.cxx
Assertion failed: other._error_type == ET_ok at line 395 of panda/src/pgraph/nodePath.cxx
Assertion failed: other._error_type == ET_ok at line 395 of panda/src/pgraph/nodePath.cxx
