

Starting Toontown Online...
Current time: Thu Oct 13 15:57:22 2022 Eastern Standard Time
sys.path =  ['', 'C:\\Toontown-Last-Laff-Workspace\\src\\Panda3D-1.11.0-x64\\python\\python27.zip', 'C:\\Panda3D-1.10.12-x64', 'C:\\Toontown-Last-Laff-Workspace\\src\\Panda3D-1.11.0-x64\\python\\DLLs', 'C:\\Toontown-Last-Laff-Workspace\\src\\Panda3D-1.11.0-x64\\python\\lib', 'C:\\Toontown-Last-Laff-Workspace\\src\\Panda3D-1.11.0-x64\\python\\lib\\plat-win', 'C:\\Toontown-Last-Laff-Workspace\\src\\Panda3D-1.11.0-x64\\python\\lib\\lib-tk', 'C:\\Toontown-Last-Laff-Workspace\\src\\Panda3D-1.11.0-x64\\python', 'C:\\Toontown-Last-Laff-Workspace\\src\\Panda3D-1.11.0-x64', 'C:\\Toontown-Last-Laff-Workspace\\src\\Panda3D-1.11.0-x64\\bin', 'C:\\Toontown-Last-Laff-Workspace\\src\\Panda3D-1.11.0-x64\\python\\lib\\site-packages']
sys.argv =  ['C:\\Toontown-Last-Laff-Workspace\\src\\toontown\\launcher\\TTOffQuickStartLauncher.py']
generating standard configrc
os.environ =  {'TMP': 'C:\\Users\\theph\\AppData\\Local\\Temp', 'COMPUTERNAME': 'DESKTOP-7054VC9', 'USERDOMAIN': 'DESKTOP-7054VC9', 'NEKO_INSTPATH': 'C:\\HaxeToolkit\\neko', 'INTEL_DEV_REDIST': 'C:\\Program Files (x86)\\Common Files\\Intel\\Shared Libraries\\', 'PSMODULEPATH': 'C:\\Program Files\\WindowsPowerShell\\Modules;C:\\WINDOWS\\system32\\WindowsPowerShell\\v1.0\\Modules', 'COMMONPROGRAMFILES': 'C:\\Program Files\\Common Files', 'PROCESSOR_IDENTIFIER': 'Intel64 Family 6 Model 158 Stepping 13, GenuineIntel', 'PROGRAMFILES': 'C:\\Program Files', 'PROCESSOR_REVISION': '9e0d', 'PATH': 'C:\\Toontown-Last-Laff-Workspace\\src\\Panda3D-1.11.0-x64\\panda3d\\..\\bin;C:\\Program Files (x86)\\Common Files\\Intel\\Shared Libraries\\redist\\intel64_win\\compiler;C:\\Program Files (x86)\\NVIDIA Corporation\\PhysX\\Common;C:\\Program Files\\Python38\\Scripts\\;C:\\Program Files\\Python38\\;C:\\WINDOWS\\system32;C:\\WINDOWS;C:\\WINDOWS\\System32\\Wbem;C:\\WINDOWS\\System32\\WindowsPowerShell\\v1.0\\;C:\\WINDOWS\\System32\\OpenSSH\\;C:\\Program Files\\NVIDIA Corporation\\NVIDIA NvDLISR;C:\\Program Files\\dotnet\\;C:\\Users\\theph\\AppData\\Local\\Programs\\Python\\Python39;C:\\Users\\theph\\AppData\\Local\\Programs\\Python\\Python39\\Scripts;C:\\Program Files\\Common Files\\Autodesk Shared\\;C:\\Program Files\\Git\\cmd;C:\\Program Files (x86)\\Windows Live\\Shared;C:\\HaxeToolkit\\haxe;C:\\HaxeToolkit\\neko;C:\\Program Files\\Microsoft SQL Server\\150\\Tools\\Binn\\;C:\\Program Files\\Microsoft SQL Server\\Client SDK\\ODBC\\170\\Tools\\Binn\\;C:\\Users\\theph\\AppData\\Local\\Microsoft\\WindowsApps;C:\\Users\\theph\\.dotnet\\tools;C:\\Program Files\\JetBrains\\PyCharm Community Edition 2020.3.3\\bin;C:\\Users\\theph\\AppData\\Local\\atom\\bin;C:\\Users\\theph\\AppData\\Local\\GitHubDesktop\\bin;C:\\Panda3D-1.9.0-x64\\python;C:\\Panda3D-1.9.0-x64\\python\\Scripts;C:\\Panda3D-1.9.0-x64\\bin;C:\\Panda3D-1.9.0\\python;C:\\Panda3D-1.9.0\\python\\Scripts;C:\\Panda3D-1.9.0\\bin;C:\\Panda3D-1.10.0\\python;C:\\Panda3D-1.10.0\\python\\Scripts;C:\\Panda3D-1.10.0\\bin;C:\\Program Files\\JetBrains\\PyCharm Community Edition 2022.2.2\\bin;;C:\\Users\\theph\\AppData\\Local\\Programs\\Microsoft VS Code\\bin;C:\\Panda3D-1.11.0\\python;C:\\Panda3D-1.11.0\\python\\Scripts;C:\\Panda3D-1.11.0\\bin;C:\\Users\\theph\\.dotnet\\tools;C:\\Panda3D-1.10.11-x64\\python;C:\\Panda3D-1.10.11-x64\\python\\Scripts;C:\\Panda3D-1.10.11-x64\\bin;C:\\Panda3D-1.11.0-x64\\python;C:\\Panda3D-1.11.0-x64\\python\\Scripts;C:\\Panda3D-1.11.0-x64\\bin;C:\\EventHorizon-battle-ng-teaser\\dependencies\\panda\\python;C:\\EventHorizon-battle-ng-teaser\\dependencies\\panda\\python\\Scripts;C:\\EventHorizon-battle-ng-teaser\\depe', 'SYSTEMROOT': 'C:\\WINDOWS', 'PROGRAMFILES(X86)': 'C:\\Program Files (x86)', 'COMSPEC': 'C:\\WINDOWS\\system32\\cmd.exe', 'DRIVERDATA': 'C:\\Windows\\System32\\Drivers\\DriverData', 'PPYTHON_PATH': '"Panda3D-1.11.0-x64\\python\\ppython.exe"', 'TEMP': 'C:\\Users\\theph\\AppData\\Local\\Temp', 'FPS_BROWSER_APP_PROFILE_STRING': 'Internet Explorer', 'COMMONPROGRAMFILES(X86)': 'C:\\Program Files (x86)\\Common Files', 'PROCESSOR_ARCHITECTURE': 'AMD64', 'ALLUSERSPROFILE': 'C:\\ProgramData', 'LOCALAPPDATA': 'C:\\Users\\theph\\AppData\\Local', 'FPS_BROWSER_USER_PROFILE_STRING': 'Default', 'HOMEPATH': '\\Users\\theph', 'USERDOMAIN_ROAMINGPROFILE': 'DESKTOP-7054VC9', 'PROGRAMW6432': 'C:\\Program Files', 'USERNAME': 'theph', 'LOGONSERVER': '\\\\DESKTOP-7054VC9', 'PROMPT': '$P$G', 'SESSIONNAME': 'Console', 'PROGRAMDATA': 'C:\\ProgramData', 'ONEDRIVE': 'C:\\Users\\theph\\OneDrive', 'ADSK_3DSMAX_X64_2019': 'C:\\Program Files\\Autodesk\\3ds Max 2019\\', 'ZES_ENABLE_SYSMAN': '1', 'HAXEPATH': 'C:\\HaxeToolkit\\haxe', 'PATHEXT': '.COM;.EXE;.BAT;.CMD;.VBS;.VBE;.JS;.JSE;.WSF;.WSH;.MSC;.PY;.PYW', 'TTOFF_LOGIN_TOKEN': 'dev', 'WINDIR': 'C:\\WINDOWS', 'PYCHARM COMMUNITY EDITION': 'C:\\Program Files\\JetBrains\\PyCharm Community Edition 2022.2.2\\bin;', 'HOMEDRIVE': 'C:', 'SYSTEMDRIVE': 'C:', 'PUBLIC': 'C:\\Users\\Public', 'NUMBER_OF_PROCESSORS': '16', 'APPDATA': 'C:\\Users\\theph\\AppData\\Roaming', 'PROCESSOR_LEVEL': '6', 'COMMONPROGRAMW6432': 'C:\\Program Files\\Common Files', 'OS': 'Windows_NT', 'ADSK_CLM_WPAD_PROXY_CHECK': 'FALSE', 'USERPROFILE': 'C:\\Users\\theph'}
:10-13-2022 15:57:22 TTOffLauncher: isTestServer: 0
:10-13-2022 15:57:22 TTOffLauncher: Game Server 127.0.0.1
:10-13-2022 15:57:22 TTOffLauncher: Starting Toontown Online... 
:10-13-2022 15:57:22 TTOffLauncher: foreground: Launcher now operating in foreground
useTTOffSpecificLogin=True
:10-13-2022 15:57:22 TTOffLauncher: maybeStartGame: starting game
:10-13-2022 15:57:22 TTOffLauncher: Starting Toontown Online...
:10-13-2022 15:57:22 TTOffLauncher: background: Launcher now operating in background
ToontownStart: Polling for game2 to finish...
ToontownStart: Game2 is finished.
ToontownStart: Starting the game.
ToontownStart: setting default font
:10-13-2022 15:57:22 TTOffLauncher: setting panda error code to 7
Known pipe types:
  wglGraphicsPipe
(all display modules loaded.)
:10-13-2022 15:57:22 ToonBase: Default graphics pipe is wglGraphicsPipe (OpenGL).
:10-13-2022 15:57:23 :display(warning): FrameBufferProperties available less than requested.
  requested: depth_bits=24 color_bits=3 red_bits=1 green_bits=1 blue_bits=1 alpha_bits=1 multisamples=70 back_buffers=1 force_hardware 
  got: depth_bits=24 color_bits=24 red_bits=8 green_bits=8 blue_bits=8 alpha_bits=8 accum_bits=64 multisamples=16 back_buffers=1 force_hardware 
:10-13-2022 15:57:23 ToonBase: Successfully opened window of type wglGraphicsWindow (OpenGL)
:10-13-2022 15:57:23 ShowBase: __dev__ == False
:10-13-2022 15:57:23 TTOffLauncher: setting panda error code to 11
:10-13-2022 15:57:23 TTOffLauncher: setting panda error code to 0
ToontownStart: Loading default gui sounds
ToontownStart: serverVersion:  tto-dev
:10-13-2022 15:57:23 Loader: starting bulk load of block 'init'
:10-13-2022 15:57:23 :nativenet(error): Buffered_DatagramConnection Constructor rbufsize = 4096000 wbufsize = 4096000 write_flush_point = 1400
:10-13-2022 15:57:23 OTPClientRepository: Using connect method 'http'
:10-13-2022 15:57:24 TTOffLauncher: getRegistry ('DEPLOYMENT', None)
:10-13-2022 15:57:24 TTOffLauncher: checking env
:10-13-2022 15:57:24 TTOffLauncher: getRegistry ('GAME_DEPLOYMENT', None)
:10-13-2022 15:57:24 TTOffLauncher: checking env
:10-13-2022 15:57:24 OTPClientRepository: reg_deployment=
:10-13-2022 15:57:24 OTPClientRepository: required-login auto.
:10-13-2022 15:57:24 OTPClientRepository: loginInterface: LoginTTOffAccount
:10-13-2022 15:57:24 TTOffLauncher: getNeedPwForSecretKey using ttoff-specific-login
:10-13-2022 15:57:24 Loader: At end of block 'init', expected 138, loaded 5, duration=1.1946575
:10-13-2022 15:57:24 OTPClientRepository: Connecting to gameserver directly (no proxy).
:10-13-2022 15:57:24 OTPClientRepository: Connecting to //127.0.0.1:7198 via HTTP interface.
:10-13-2022 15:57:24 TTOffLauncher: Stopping mini task manager.
:10-13-2022 15:57:24 OTPClientRepository: Successfully connected to //127.0.0.1:7198.
:10-13-2022 15:57:24 TTOffLauncher: Setting Disconnect Details normal
{402000001: <toontown.distributed.ToontownDistrict.ToontownDistrict instance at 0x000000001F51B948>}
:10-13-2022 15:57:26 StateData: AvatarChooser.enter
:10-13-2022 15:57:26 DisplayOptions: settingsFullScreen = False, embedded = False width=800 height=600
:10-13-2022 15:57:26 StateData: calling self.displayOptions.restrictToEmbedded(False)
:10-13-2022 15:57:30 OTPClientRepository: ================
:10-13-2022 15:57:30 OTPClientRepository: Chose avatar id: 100000002
:10-13-2022 15:57:30 OTPClientRepository: Chose avatar name: Prince Bert Whiskerfuddy
:10-13-2022 15:57:30 OTPClientRepository: Chose avatar dna: ('dls', 'ls', 'l', 'm', 20, 0, 20, 20, 1, 0, 1, 0, 1, 14)
:10-13-2022 15:57:30 OTPClientRepository: Chose avatar position: 4
:10-13-2022 15:57:30 OTPClientRepository: isPaid: 1
:10-13-2022 15:57:30 OTPClientRepository: freeTimeLeft: 0
:10-13-2022 15:57:30 OTPClientRepository: allowSecretChat: True
:10-13-2022 15:57:30 OTPClientRepository: ================
:10-13-2022 15:57:30 Loader: starting bulk load of block 'localAvatarPlayGame'
:10-13-2022 15:57:30 ToontownTimeManager(warning): error parsing date string=
local
:10-13-2022 15:57:30 NewsPageButtonManager(warning): Should not get here. NewsPageButtonManager.exitOff
:10-13-2022 15:57:30 :pnmimage:png(warning): iCCP: known incorrect sRGB profile
:10-13-2022 15:57:32 OTPClientRepository: Entering shard 402000001
:10-13-2022 15:57:32 StreetSign: Street sign url is https://ttoffline.com/images/
:10-13-2022 15:57:33 TimeManager: Clock sync: TimeManager.announceGenerate
:10-13-2022 15:57:33 NewsManager: setHolidayId: Starting Holiday 26
:10-13-2022 15:57:33 InGameNewsMgr: latestIssue=2013-08-22 16:49:46.000003-07:00
cpu info: GenuineIntel|Intel(R) Core(TM) i9-9900K CPU @ 3.60GHz|591597|0|3.600,3.600|8,16 cpus
:10-13-2022 15:57:34 OTPClientRepository: No sync from TimeManager.
:10-13-2022 15:57:34 OTPClientRepository: gotTimeSync
:10-13-2022 15:57:34 Loader: At end of block 'localAvatarPlayGame', expected 400, loaded 14, duration=4.2207488
:10-13-2022 15:57:34 TimeManager: Clock sync roundtrip took 1166.368 ms
:10-13-2022 15:57:34 TimeManager: AI time delta is -0:01 from server delta
:10-13-2022 15:57:34 TimeManager: Local clock uncertainty +/- 0.583 s
:10-13-2022 15:57:34 PlayGame: QA-REGRESSION: NEIGHBORHOODS: Visit Sellbot HQ
:10-13-2022 15:57:34 Loader: starting bulk load of block 'hood'
:10-13-2022 15:57:34 OTPClientRepository: Sending heartbeat mid-frame.
:10-13-2022 15:57:34 TownBattleSuitPanel: Loading Suit Battle Panel!
:10-13-2022 15:57:34 TownBattleSuitPanel: Loading Suit Battle Panel!
:10-13-2022 15:57:34 TownBattleSuitPanel: Loading Suit Battle Panel!
:10-13-2022 15:57:34 TownBattleSuitPanel: Loading Suit Battle Panel!
:10-13-2022 15:57:35 SellbotCogHQLoader: loadPlaceGeom: 11000
:10-13-2022 15:57:35 DistributedObject: DistributedSuitPlanner 402002958: generating
:10-13-2022 15:57:35 DistributedToon: calling LocalAvatar.startchat
:10-13-2022 15:57:35 :loader(error): Couldn't load file phase_4/models/questmap/cog_hq_sellbot_maps.bam: not found on model path (currently: "/;/c/Toontown-Last-Laff-Workspace/src/toontown/launcher;/c/Toontown-Last-Laff-Workspace/src/Panda3D-1.11.0-x64/etc/..;/c/Toontown-Last-Laff-Workspace/src/Panda3D-1.11.0-x64/etc/../models")
:10-13-2022 15:57:35 Loader: At end of block 'hood', expected 43, loaded 4, duration=1.0134485
:10-13-2022 15:57:36 Teleport(debug): teleportInDone: walk
:10-13-2022 15:57:36 :loader(error): Couldn't load file phase_4/models/questmap/cog_hq_sellbot_maps.bam: not found on model path (currently: "/;/c/Toontown-Last-Laff-Workspace/src/toontown/launcher;/c/Toontown-Last-Laff-Workspace/src/Panda3D-1.11.0-x64/etc/..;/c/Toontown-Last-Laff-Workspace/src/Panda3D-1.11.0-x64/etc/../models")
:10-13-2022 15:57:40 SellbotHQExterior: QA-REGRESSION: COGBATTLE: Enter Battle
Battle Event localtoon-battle-event-3
Traceback (most recent call last):
  File "C:\Toontown-Last-Laff-Workspace\src\Panda3D-1.11.0-x64\direct\distributed\ConnectionRepository.py", line 609, in readerPollUntilEmpty
    while self.readerPollOnce():
  File "C:\Toontown-Last-Laff-Workspace\src\Panda3D-1.11.0-x64\direct\distributed\ConnectionRepository.py", line 616, in readerPollOnce
    self.handleDatagram(self.private__di)
  File "otp\distributed\OTPClientRepository.py", line 1838, in handleDatagram
    self.handler(msgType, di)
  File "otp\distributed\OTPClientRepository.py", line 1443, in handlePlayGame
    self.handleDelete(di)
  File "toontown\distributed\ToontownClientRepository.py", line 993, in handleDelete
    self.deleteObject(doId)
  File "toontown\distributed\ToontownClientRepository.py", line 999, in deleteObject
    obj.deleteOrDelay()
  File "C:\Toontown-Last-Laff-Workspace\src\Panda3D-1.11.0-x64\direct\distributed\DistributedObject.py", line 201, in deleteOrDelay
    self.disableAnnounceAndDelete()
  File "C:\Toontown-Last-Laff-Workspace\src\Panda3D-1.11.0-x64\direct\distributed\DistributedObject.py", line 204, in disableAnnounceAndDelete
    self.disableAndAnnounce()
  File "C:\Toontown-Last-Laff-Workspace\src\Panda3D-1.11.0-x64\direct\distributed\DistributedObject.py", line 230, in disableAndAnnounce
    self.disable()
  File "toontown\battle\DistributedBattle.py", line 36, in disable
    DistributedBattleBase.DistributedBattleBase.disable(self)
  File "toontown\battle\DistributedBattleBase.py", line 129, in disable
    self.cleanupBattle()
  File "toontown\battle\DistributedBattleBase.py", line 143, in cleanupBattle
    self.removeLocalToon()
  File "toontown\battle\DistributedBattleBase.py", line 716, in removeLocalToon
    base.cr.playGame.getPlace().setState('walk')
  File "toontown\battle\BattlePlace.py", line 20, in setState
    elif not self.fsm.request(state):
  File "C:\Toontown-Last-Laff-Workspace\src\Panda3D-1.11.0-x64\direct\fsm\ClassicFSM.py", line 281, in request
    exitArgList)
  File "C:\Toontown-Last-Laff-Workspace\src\Panda3D-1.11.0-x64\direct\fsm\ClassicFSM.py", line 228, in __transition
    self.__enter(aState, enterArgList)
  File "C:\Toontown-Last-Laff-Workspace\src\Panda3D-1.11.0-x64\direct\fsm\ClassicFSM.py", line 214, in __enter
    aState.enter(argList)
  File "C:\Toontown-Last-Laff-Workspace\src\Panda3D-1.11.0-x64\direct\fsm\State.py", line 202, in enter
    self.__enterFunc(*argList)
  File "toontown\battle\BattlePlace.py", line 24, in enterWalk
    Place.Place.enterWalk(self, flag)
  File "toontown\hood\Place.py", line 208, in enterWalk
    self.enterFLM()
  File "toontown\friends\FriendsListManager.py", line 56, in enterFLM
    base.localAvatar.setFriendsListButtonActive(1)
  File "toontown\toon\LocalToon.py", line 1146, in setFriendsListButtonActive
    self.refreshOnscreenButtons()
  File "toontown\toon\LocalToon.py", line 1180, in refreshOnscreenButtons
    self.showClarabelleGui(newItemsInMailbox)
  File "toontown\toon\LocalToon.py", line 1045, in showClarabelleGui
    if self.newsButtonMgr.isNewIssueButtonShown():
  File "toontown\toontowngui\NewsPageButtonManager.py", line 116, in isNewIssueButtonShown
    if localAvatar.getLastTimeReadNews() < base.cr.inGameNewsMgr.getLatestIssue():
AttributeError: 'NoneType' object has no attribute 'getLatestIssue'
:10-13-2022 15:57:45 :task(error): Exception occurred in PythonTask readerPollTask-87379280
:10-13-2022 15:57:45 TTOffLauncher: setting panda error code to 12
:10-13-2022 15:57:45 TTOffLauncher(warning): Handling Python exception.
:10-13-2022 15:57:45 OTPClientRepository: Sent disconnect message to server
:10-13-2022 15:57:45 OTPClientRepository: Closing connection to server.
:10-13-2022 15:57:46 TTOffLauncher: Exception exit.

Traceback (most recent call last):
  File "otp\launcher\LauncherBase.py", line 1081, in mainLoop
    self._runTaskManager()
  File "otp\launcher\LauncherBase.py", line 1052, in _runTaskManager
    taskMgr.run()
  File "C:\Toontown-Last-Laff-Workspace\src\Panda3D-1.11.0-x64\direct\task\Task.py", line 528, in run
    self.step()
  File "C:\Toontown-Last-Laff-Workspace\src\Panda3D-1.11.0-x64\direct\task\Task.py", line 482, in step
    self.mgr.poll()
  File "C:\Toontown-Last-Laff-Workspace\src\Panda3D-1.11.0-x64\direct\distributed\ConnectionRepository.py", line 609, in readerPollUntilEmpty
    while self.readerPollOnce():
  File "C:\Toontown-Last-Laff-Workspace\src\Panda3D-1.11.0-x64\direct\distributed\ConnectionRepository.py", line 616, in readerPollOnce
    self.handleDatagram(self.private__di)
  File "otp\distributed\OTPClientRepository.py", line 1838, in handleDatagram
    self.handler(msgType, di)
  File "otp\distributed\OTPClientRepository.py", line 1443, in handlePlayGame
    self.handleDelete(di)
  File "toontown\distributed\ToontownClientRepository.py", line 993, in handleDelete
    self.deleteObject(doId)
  File "toontown\distributed\ToontownClientRepository.py", line 999, in deleteObject
    obj.deleteOrDelay()
  File "C:\Toontown-Last-Laff-Workspace\src\Panda3D-1.11.0-x64\direct\distributed\DistributedObject.py", line 201, in deleteOrDelay
    self.disableAnnounceAndDelete()
  File "C:\Toontown-Last-Laff-Workspace\src\Panda3D-1.11.0-x64\direct\distributed\DistributedObject.py", line 204, in disableAnnounceAndDelete
    self.disableAndAnnounce()
  File "C:\Toontown-Last-Laff-Workspace\src\Panda3D-1.11.0-x64\direct\distributed\DistributedObject.py", line 230, in disableAndAnnounce
    self.disable()
  File "toontown\battle\DistributedBattle.py", line 36, in disable
    DistributedBattleBase.DistributedBattleBase.disable(self)
  File "toontown\battle\DistributedBattleBase.py", line 129, in disable
    self.cleanupBattle()
  File "toontown\battle\DistributedBattleBase.py", line 143, in cleanupBattle
    self.removeLocalToon()
  File "toontown\battle\DistributedBattleBase.py", line 716, in removeLocalToon
    base.cr.playGame.getPlace().setState('walk')
  File "toontown\battle\BattlePlace.py", line 20, in setState
    elif not self.fsm.request(state):
  File "C:\Toontown-Last-Laff-Workspace\src\Panda3D-1.11.0-x64\direct\fsm\ClassicFSM.py", line 281, in request
    exitArgList)
  File "C:\Toontown-Last-Laff-Workspace\src\Panda3D-1.11.0-x64\direct\fsm\ClassicFSM.py", line 228, in __transition
    self.__enter(aState, enterArgList)
  File "C:\Toontown-Last-Laff-Workspace\src\Panda3D-1.11.0-x64\direct\fsm\ClassicFSM.py", line 214, in __enter
    aState.enter(argList)
  File "C:\Toontown-Last-Laff-Workspace\src\Panda3D-1.11.0-x64\direct\fsm\State.py", line 202, in enter
    self.__enterFunc(*argList)
  File "toontown\battle\BattlePlace.py", line 24, in enterWalk
    Place.Place.enterWalk(self, flag)
  File "toontown\hood\Place.py", line 208, in enterWalk
    self.enterFLM()
  File "toontown\friends\FriendsListManager.py", line 56, in enterFLM
    base.localAvatar.setFriendsListButtonActive(1)
  File "toontown\toon\LocalToon.py", line 1146, in setFriendsListButtonActive
    self.refreshOnscreenButtons()
  File "toontown\toon\LocalToon.py", line 1180, in refreshOnscreenButtons
    self.showClarabelleGui(newItemsInMailbox)
  File "toontown\toon\LocalToon.py", line 1045, in showClarabelleGui
    if self.newsButtonMgr.isNewIssueButtonShown():
  File "toontown\toontowngui\NewsPageButtonManager.py", line 116, in isNewIssueButtonShown
    if localAvatar.getLastTimeReadNews() < base.cr.inGameNewsMgr.getLatestIssue():
AttributeError: 'NoneType' object has no attribute 'getLatestIssue'
