

Starting Toontown Online...
Current time: Fri Oct 28 23:36:36 2022 Eastern Standard Time
sys.path =  ['', 'C:\\Toontown-Last-Laff-Workspace-10-21-2022\\src\\Panda3D-1.11.0-x64\\python\\python27.zip', 'C:\\Panda3D-1.11.0-x64', 'C:\\Toontown-Last-Laff-Workspace-10-21-2022\\src\\Panda3D-1.11.0-x64\\python\\DLLs', 'C:\\Toontown-Last-Laff-Workspace-10-21-2022\\src\\Panda3D-1.11.0-x64\\python\\lib', 'C:\\Toontown-Last-Laff-Workspace-10-21-2022\\src\\Panda3D-1.11.0-x64\\python\\lib\\plat-win', 'C:\\Toontown-Last-Laff-Workspace-10-21-2022\\src\\Panda3D-1.11.0-x64\\python\\lib\\lib-tk', 'C:\\Toontown-Last-Laff-Workspace-10-21-2022\\src\\Panda3D-1.11.0-x64\\python', 'C:\\Toontown-Last-Laff-Workspace-10-21-2022\\src\\Panda3D-1.11.0-x64', 'C:\\Toontown-Last-Laff-Workspace-10-21-2022\\src\\Panda3D-1.11.0-x64\\bin', 'C:\\Toontown-Last-Laff-Workspace-10-21-2022\\src\\Panda3D-1.11.0-x64\\python\\lib\\site-packages']
sys.argv =  ['C:\\Toontown-Last-Laff-Workspace-10-21-2022\\src\\toontown\\launcher\\TTOffQuickStartLauncher.py']
generating standard configrc
os.environ =  {'TMP': 'C:\\Users\\Philip\\AppData\\Local\\Temp', 'COMPUTERNAME': 'PHILIP-JR', 'USERDOMAIN': 'PHILIP-JR', 'NEKO_INSTPATH': 'C:\\HaxeToolkit\\neko', 'PSMODULEPATH': 'C:\\WINDOWS\\system32\\WindowsPowerShell\\v1.0\\Modules\\', 'DOKANLIBRARY1': 'C:\\Program Files\\Dokan\\Dokan Library-1.4.1\\', 'ADSK_3DSMAX_X64_2021': 'C:\\Program Files\\Autodesk\\3ds Max 2021\\', 'PROCESSOR_IDENTIFIER': 'Intel64 Family 6 Model 45 Stepping 7, GenuineIntel', 'VBOX_MSI_INSTALL_PATH': 'C:\\Program Files\\Oracle\\VirtualBox\\', 'PROGRAMFILES': 'C:\\Program Files', 'PROCESSOR_REVISION': '2d07', 'PATH': 'C:\\Panda3D-1.11.0-x64\\panda3d\\..\\bin;C:\\Program Files (x86)\\Common Files\\Oracle\\Java\\javapath;C:\\Windows\\system32;C:\\Windows;C:\\Windows\\System32\\Wbem;C:\\Windows\\System32\\WindowsPowerShell\\v1.0\\;C:\\Program Files (x86)\\NVIDIA Corporation\\PhysX\\Common;C:\\Program Files\\Git\\cmd;C:\\WINDOWS\\system32;C:\\WINDOWS;C:\\WINDOWS\\System32\\Wbem;C:\\WINDOWS\\System32\\WindowsPowerShell\\v1.0\\;C:\\Program Files\\dotnet\\;C:\\Program Files\\Common Files\\Autodesk Shared\\;C:\\Program Files\\Microsoft SQL Server\\120\\Tools\\Binn\\;C:\\HaxeToolkit\\haxe;C:\\HaxeToolkit\\neko;C:\\Program Files\\Animation Paper\\gstreamer\\bin;C:\\Program Files\\PuTTY\\;C:\\Program Files\\NVIDIA Corporation\\NVIDIA NvDLISR;C:\\Program Files (x86)\\Windows Live\\Shared;C:\\HaxeToolkit\\haxe;C:\\HaxeToolkit\\neko;C:\\Program Files (x86)\\Windows Kits\\8.1\\Windows Performance Toolkit\\;C:\\Users\\Philip\\anaconda3;C:\\Users\\Philip\\anaconda3\\Library\\mingw-w64\\bin;C:\\Users\\Philip\\anaconda3\\Library\\usr\\bin;C:\\Users\\Philip\\anaconda3\\Library\\bin;C:\\Users\\Philip\\anaconda3\\Scripts;C:\\Program Files\\MySQL\\MySQL Shell 8.0\\bin\\;C:\\Panda3D-1.10.02\\python;C:\\Panda3D-1.10.02\\python\\Scripts;C:\\Panda3D-1.10.02\\bin;C:\\Panda3D-1.11.0-x64-py2\\python;C:\\Panda3D-1.11.0-x64-py2\\python\\Scripts;C:\\Panda3D-1.11.0-x64-py2\\bin;C:\\Users\\Philip\\AppData\\Local\\GitHubDesktop\\bin;C:\\Panda3D-1.9.0\\python;C:\\Panda3D-1.9.0\\python\\Scripts;C:\\Panda3D-1.9.0\\bin;C:\\Panda3D-1.10.0-x64\\python;C:\\Panda3D-1.10.0-x64\\python\\Scripts;C:\\Panda3D-1.10.0-x64\\bin;C:\\Users\\Philip\\AppData\\Local\\atom\\bin;C:\\Panda3D-1.10.0\\python;C:\\Panda3D-1.10.0\\python\\Scripts;C:\\Panda3D-1.10.0\\bin;C:\\Panda3D-1.11.0-x64-astron\\python;C:\\Panda3D-1.11.0-x64-astron\\python\\Scripts;C:\\Panda3D-1.11.0-x64-astron\\bin;C:\\Panda3D-1.11.0-x64\\python;C:\\Panda3D-1.11.0-x64\\python\\Scripts;C:\\Panda3D-1.11.0-x64\\bin;C:\\Panda3D-1.10.9-x64\\python;C:\\Panda3D-1.10.9-x64\\python\\Scrip;C:\\Users\\Philip\\AppData\\Local\\Programs\\Microsoft VS Code\\bin;C:\\Users\\Philip\\.dotnet\\tools;%C:\\Program Files (x86)\\Windows Kits\\8.1\\bin\\x86\\rc.exe%;%C:\\Program Files (x86)\\Microsoft Visual Studio\\2019\\BuildTools\\Common7\\IDE%;C:\\Program Files\\JetBrains\\PyCharm Community Edition 2022.2.3\\bin;', 'SYSTEMROOT': 'C:\\WINDOWS', 'NUMBER_OF_PROCESSORS': '8', 'PROGRAMFILES(X86)': 'C:\\Program Files (x86)', 'COMSPEC': 'C:\\WINDOWS\\system32\\cmd.exe', 'KMP_BLOCKTIME': '0', 'PPYTHON_PATH': '"Panda3D-1.11.0-x64\\python\\ppython.exe"', 'PYCHARM COMMUNITY EDITION': 'C:\\Program Files\\JetBrains\\PyCharm Community Edition 2022.2.3\\bin;', 'COMMONPROGRAMFILES(X86)': 'C:\\Program Files (x86)\\Common Files', 'PROCESSOR_ARCHITECTURE': 'AMD64', 'DOKANLIBRARY1_LIBRARYPATH_X64': 'C:\\Program Files\\Dokan\\Dokan Library-1.4.1\\lib\\', 'ALLUSERSPROFILE': 'C:\\ProgramData', 'LOCALAPPDATA': 'C:\\Users\\Philip\\AppData\\Local', 'HOMEPATH': '\\Users\\Philip', 'USERDOMAIN_ROAMINGPROFILE': 'PHILIP-JR', 'PROGRAMW6432': 'C:\\Program Files', 'USERNAME': 'Philip', 'FP_NO_HOST_CHECK': 'NO', 'DOKANLIBRARY1_LIBRARYPATH_X86': 'C:\\Program Files\\Dokan\\Dokan Library-1.4.1\\x86\\lib\\', 'LOGONSERVER': '\\\\MicrosoftAccount', 'PROMPT': '$P$G', 'SESSIONNAME': 'Console', 'PROGRAMDATA': 'C:\\ProgramData', 'COMMONPROGRAMFILES': 'C:\\Program Files\\Common Files', 'TEMP': 'C:\\Users\\Philip\\AppData\\Local\\Temp', 'HAXEPATH': 'C:\\HaxeToolkit\\haxe', 'PATHEXT': '.COM;.EXE;.BAT;.CMD;.VBS;.VBE;.JS;.JSE;.WSF;.WSH;.MSC', 'TTOFF_LOGIN_TOKEN': 'dev', 'VS160COMCOMNTOOLS': 'C:\\Program Files (x86)\\Microsoft Visual Studio\\2019\\Community\\Common7\\Tools\\', 'WINDIR': 'C:\\WINDOWS', 'OMP_WAIT_POLICY': 'PASSIVE', 'MONGO': 'C:\\mongodb-win32-x86_64-windows-4.4.4/bin', 'HOMEDRIVE': 'C:', 'SYSTEMDRIVE': 'C:', 'PUBLIC': 'C:\\Users\\Public', 'APPDATA': 'C:\\Users\\Philip\\AppData\\Roaming', 'PROCESSOR_LEVEL': '6', 'CIOENGINE': 'C:\\cio-panda3d', 'COMMONPROGRAMW6432': 'C:\\Program Files\\Common Files', 'OS': 'Windows_NT', 'ADSK_CLM_WPAD_PROXY_CHECK': 'FALSE', 'USERPROFILE': 'C:\\Users\\Philip'}
:10-28-2022 23:36:36 TTOffLauncher: isTestServer: 0
:10-28-2022 23:36:36 TTOffLauncher: Game Server 127.0.0.1
:10-28-2022 23:36:36 TTOffLauncher: Starting Toontown Online... 
:10-28-2022 23:36:36 TTOffLauncher: foreground: Launcher now operating in foreground
useTTOffSpecificLogin=True
:10-28-2022 23:36:36 TTOffLauncher: maybeStartGame: starting game
:10-28-2022 23:36:36 TTOffLauncher: Starting Toontown Online...
:10-28-2022 23:36:36 TTOffLauncher: background: Launcher now operating in background
ToontownStart: Polling for game2 to finish...
ToontownStart: Game2 is finished.
ToontownStart: Starting the game.
ToontownStart: setting default font
:10-28-2022 23:36:37 TTOffLauncher: setting panda error code to 7
Known pipe types:
  wglGraphicsPipe
(all display modules loaded.)
:10-28-2022 23:36:37 ToonBase: Default graphics pipe is wglGraphicsPipe (OpenGL).
:10-28-2022 23:36:37 :display(warning): FrameBufferProperties available less than requested.
  requested: depth_bits=24 color_bits=3 red_bits=1 green_bits=1 blue_bits=1 alpha_bits=1 multisamples=70 back_buffers=1 force_hardware 
  got: depth_bits=24 color_bits=24 red_bits=8 green_bits=8 blue_bits=8 alpha_bits=8 accum_bits=64 multisamples=16 back_buffers=1 force_hardware 
:10-28-2022 23:36:37 ToonBase: Successfully opened window of type wglGraphicsWindow (OpenGL)
:10-28-2022 23:36:37 ShowBase: __dev__ == False
:10-28-2022 23:36:37 TTOffLauncher: setting panda error code to 11
:10-28-2022 23:36:37 TTOffLauncher: setting panda error code to 0
ToontownStart: Loading default gui sounds
ToontownStart: serverVersion:  tto-dev
:10-28-2022 23:36:37 Loader: starting bulk load of block 'init'
:10-28-2022 23:36:38 :nativenet(error): Buffered_DatagramConnection Constructor rbufsize = 4096000 wbufsize = 4096000 write_flush_point = 1400
:10-28-2022 23:36:38 OTPClientRepository: Using connect method 'http'
:10-28-2022 23:36:39 TTOffLauncher: getRegistry ('DEPLOYMENT', None)
:10-28-2022 23:36:39 TTOffLauncher: checking env
:10-28-2022 23:36:39 TTOffLauncher: getRegistry ('GAME_DEPLOYMENT', None)
:10-28-2022 23:36:39 TTOffLauncher: checking env
:10-28-2022 23:36:39 OTPClientRepository: reg_deployment=
:10-28-2022 23:36:39 OTPClientRepository: required-login auto.
:10-28-2022 23:36:39 OTPClientRepository: loginInterface: LoginTTOffAccount
:10-28-2022 23:36:39 TTOffLauncher: getNeedPwForSecretKey using ttoff-specific-login
:10-28-2022 23:36:39 Loader: At end of block 'init', expected 138, loaded 7, duration=1.5787210706
:10-28-2022 23:36:39 OTPClientRepository: Connecting to gameserver directly (no proxy).
:10-28-2022 23:36:39 OTPClientRepository: Connecting to //127.0.0.1:7198 via HTTP interface.
:10-28-2022 23:36:39 TTOffLauncher: Stopping mini task manager.
:10-28-2022 23:36:39 OTPClientRepository: Successfully connected to //127.0.0.1:7198.
:10-28-2022 23:36:39 TTOffLauncher: Setting Disconnect Details normal
{401000001: <toontown.distributed.ToontownDistrict.ToontownDistrict instance at 0x0000000018E4F848>, 402000001: <toontown.distributed.ToontownDistrict.ToontownDistrict instance at 0x0000000018E4FA08>}
:10-28-2022 23:36:41 StateData: AvatarChooser.enter
:10-28-2022 23:36:41 DisplayOptions: settingsFullScreen = False, embedded = False width=800 height=600
:10-28-2022 23:36:41 StateData: calling self.displayOptions.restrictToEmbedded(False)
:10-28-2022 23:36:42 OTPClientRepository: ================
:10-28-2022 23:36:42 OTPClientRepository: Chose avatar id: 100000001
:10-28-2022 23:36:42 OTPClientRepository: Chose avatar name: Wittybumble
:10-28-2022 23:36:42 OTPClientRepository: Chose avatar dna: ('dss', 'ms', 'm', 'm', 6, 0, 6, 6, 1, 9, 1, 9, 1, 18)
:10-28-2022 23:36:42 OTPClientRepository: Chose avatar position: 1
:10-28-2022 23:36:42 OTPClientRepository: isPaid: 1
:10-28-2022 23:36:42 OTPClientRepository: freeTimeLeft: 0
:10-28-2022 23:36:42 OTPClientRepository: allowSecretChat: True
:10-28-2022 23:36:42 OTPClientRepository: ================
:10-28-2022 23:36:42 Loader: starting bulk load of block 'localAvatarPlayGame'
:10-28-2022 23:36:43 ToontownTimeManager(warning): error parsing date string=
:10-28-2022 23:36:43 Actor(warning): no part named head-front*!
local
:10-28-2022 23:36:43 NewsPageButtonManager(warning): Should not get here. NewsPageButtonManager.exitOff
:10-28-2022 23:36:44 :pnmimage:png(warning): iCCP: known incorrect sRGB profile
:10-28-2022 23:36:46 Actor(warning): no part named head-front*!
:10-28-2022 23:36:46 OTPClientRepository: Entering shard 401000001
:10-28-2022 23:36:46 StreetSign: Street sign url is https://ttoffline.com/images/
:10-28-2022 23:36:47 TimeManager: Clock sync: TimeManager.announceGenerate
:10-28-2022 23:36:47 NewsManager: setHolidayId: Starting Holiday 26
:10-28-2022 23:36:47 InGameNewsMgr: latestIssue=2013-08-22 16:49:46.000003-07:00
cpu info: GenuineIntel|        Intel(R) Core(TM) i7-3820 CPU @ 3.60GHz|132823|0|3.601,3.601|4,8 cpus
:10-28-2022 23:36:48 OTPClientRepository: No sync from TimeManager.
:10-28-2022 23:36:48 OTPClientRepository: gotTimeSync
:10-28-2022 23:36:48 Loader: At end of block 'localAvatarPlayGame', expected 400, loaded 22, duration=6.00315249509
:10-28-2022 23:36:48 TimeManager: Clock sync roundtrip took 1162.682 ms
:10-28-2022 23:36:48 TimeManager: AI time delta is -0:01 from server delta
:10-28-2022 23:36:48 TimeManager: Local clock uncertainty +/- 0.582 s
:10-28-2022 23:36:48 PlayGame: QA-REGRESSION: NEIGHBORHOODS: Visit Sellbot HQ
:10-28-2022 23:36:48 Loader: starting bulk load of block 'hood'
:10-28-2022 23:36:49 TownBattleSuitPanel: Loading Suit Battle Panel!
:10-28-2022 23:36:49 TownBattleSuitPanel: Loading Suit Battle Panel!
:10-28-2022 23:36:49 TownBattleSuitPanel: Loading Suit Battle Panel!
:10-28-2022 23:36:49 TownBattleSuitPanel: Loading Suit Battle Panel!
:10-28-2022 23:36:49 TownBattleSuitPanel: Loading Suit Battle Panel!
:10-28-2022 23:36:49 TownBattleSuitPanel: Loading Suit Battle Panel!
:10-28-2022 23:36:49 TownBattleSuitPanel: Loading Suit Battle Panel!
:10-28-2022 23:36:49 TownBattleSuitPanel: Loading Suit Battle Panel!
:10-28-2022 23:36:49 OTPClientRepository: Sending heartbeat mid-frame.
:10-28-2022 23:36:49 SellbotCogHQLoader: loadPlaceGeom: 11000
:10-28-2022 23:36:50 DistributedObject: DistributedSuitPlanner 401003322: generating
:10-28-2022 23:36:50 :gobj(error): Texture::read() - couldn't read: phase_3/maps/hands/gh.png
:10-28-2022 23:36:50 :gobj(error): Unable to find texture "phase_3/maps/hands/gh.png" on model-path /;/c/Toontown-Last-Laff-Workspace-10-21-2022/src/toontown/launcher;/c/Panda3D-1.11.0-x64/etc/..;/c/Panda3D-1.11.0-x64/etc/../models
:10-28-2022 23:36:50 :gobj(error): Texture::read() - couldn't read: phase_3/maps/hands/gh.png
:10-28-2022 23:36:50 :gobj(error): Unable to find texture "phase_3/maps/hands/gh.png" on model-path /;/c/Toontown-Last-Laff-Workspace-10-21-2022/src/toontown/launcher;/c/Panda3D-1.11.0-x64/etc/..;/c/Panda3D-1.11.0-x64/etc/../models
:10-28-2022 23:36:50 DistributedToon: calling LocalAvatar.startchat
:10-28-2022 23:36:50 :loader(error): Couldn't load file phase_4/models/questmap/cog_hq_sellbot_maps.bam: not found on model path (currently: "/;/c/Toontown-Last-Laff-Workspace-10-21-2022/src/toontown/launcher;/c/Panda3D-1.11.0-x64/etc/..;/c/Panda3D-1.11.0-x64/etc/../models")
:10-28-2022 23:36:50 Loader: At end of block 'hood', expected 43, loaded 7, duration=1.64396801937
:10-28-2022 23:36:50 :gobj(error): Texture::read() - couldn't read: phase_3/maps/hands/gh.png
:10-28-2022 23:36:50 :gobj(error): Unable to find texture "phase_3/maps/hands/gh.png" on model-path /;/c/Toontown-Last-Laff-Workspace-10-21-2022/src/toontown/launcher;/c/Panda3D-1.11.0-x64/etc/..;/c/Panda3D-1.11.0-x64/etc/../models
:10-28-2022 23:36:50 :gobj(error): Texture::read() - couldn't read: phase_3/maps/hands/tm.png
:10-28-2022 23:36:50 :gobj(error): Unable to find texture "phase_3/maps/hands/tm.png" on model-path /;/c/Toontown-Last-Laff-Workspace-10-21-2022/src/toontown/launcher;/c/Panda3D-1.11.0-x64/etc/..;/c/Panda3D-1.11.0-x64/etc/../models
:10-28-2022 23:36:50 :gobj(error): Texture::read() - couldn't read: phase_3/maps/hands/nd.png
:10-28-2022 23:36:50 :gobj(error): Unable to find texture "phase_3/maps/hands/nd.png" on model-path /;/c/Toontown-Last-Laff-Workspace-10-21-2022/src/toontown/launcher;/c/Panda3D-1.11.0-x64/etc/..;/c/Panda3D-1.11.0-x64/etc/../models
:10-28-2022 23:36:50 :gobj(error): Texture::read() - couldn't read: phase_3/maps/hands/tf.png
:10-28-2022 23:36:50 :gobj(error): Unable to find texture "phase_3/maps/hands/tf.png" on model-path /;/c/Toontown-Last-Laff-Workspace-10-21-2022/src/toontown/launcher;/c/Panda3D-1.11.0-x64/etc/..;/c/Panda3D-1.11.0-x64/etc/../models
:10-28-2022 23:36:50 :gobj(error): Texture::read() - couldn't read: phase_3/maps/hands/ms.png
:10-28-2022 23:36:50 :gobj(error): Unable to find texture "phase_3/maps/hands/ms.png" on model-path /;/c/Toontown-Last-Laff-Workspace-10-21-2022/src/toontown/launcher;/c/Panda3D-1.11.0-x64/etc/..;/c/Panda3D-1.11.0-x64/etc/../models
:10-28-2022 23:36:50 :gobj(error): Texture::read() - couldn't read: phase_3/maps/hands/gh.png
:10-28-2022 23:36:50 :gobj(error): Unable to find texture "phase_3/maps/hands/gh.png" on model-path /;/c/Toontown-Last-Laff-Workspace-10-21-2022/src/toontown/launcher;/c/Panda3D-1.11.0-x64/etc/..;/c/Panda3D-1.11.0-x64/etc/../models
:10-28-2022 23:36:50 :gobj(error): Texture::read() - couldn't read: phase_3/maps/hands/tm.png
:10-28-2022 23:36:50 :gobj(error): Unable to find texture "phase_3/maps/hands/tm.png" on model-path /;/c/Toontown-Last-Laff-Workspace-10-21-2022/src/toontown/launcher;/c/Panda3D-1.11.0-x64/etc/..;/c/Panda3D-1.11.0-x64/etc/../models
:10-28-2022 23:36:50 :gobj(error): Texture::read() - couldn't read: phase_3/maps/hands/tm.png
:10-28-2022 23:36:50 :gobj(error): Unable to find texture "phase_3/maps/hands/tm.png" on model-path /;/c/Toontown-Last-Laff-Workspace-10-21-2022/src/toontown/launcher;/c/Panda3D-1.11.0-x64/etc/..;/c/Panda3D-1.11.0-x64/etc/../models
:10-28-2022 23:36:51 Teleport(debug): teleportInDone: walk
:10-28-2022 23:36:51 LocalAvatar(warning): redundant call to startUpdateSmartCamera
:10-28-2022 23:36:51 :loader(error): Couldn't load file phase_4/models/questmap/cog_hq_sellbot_maps.bam: not found on model path (currently: "/;/c/Toontown-Last-Laff-Workspace-10-21-2022/src/toontown/launcher;/c/Panda3D-1.11.0-x64/etc/..;/c/Panda3D-1.11.0-x64/etc/../models")
:10-28-2022 23:36:53 :gobj(error): Texture::read() - couldn't read: phase_3/maps/hands/tm.png
:10-28-2022 23:36:53 :gobj(error): Unable to find texture "phase_3/maps/hands/tm.png" on model-path /;/c/Toontown-Last-Laff-Workspace-10-21-2022/src/toontown/launcher;/c/Panda3D-1.11.0-x64/etc/..;/c/Panda3D-1.11.0-x64/etc/../models
:10-28-2022 23:36:53 ClassicFSM(warning): [DistributedSuit]: no transition exists from Walk to FromCogHQ
:10-28-2022 23:37:04 SellbotHQExterior: QA-REGRESSION: COGBATTLE: Enter Battle
Battle Event localtoon-battle-event-3
:10-28-2022 23:37:17 :gobj(error): Texture::read() - couldn't read: phase_3/maps/hands/nd.png
:10-28-2022 23:37:17 :gobj(error): Unable to find texture "phase_3/maps/hands/nd.png" on model-path /;/c/Toontown-Last-Laff-Workspace-10-21-2022/src/toontown/launcher;/c/Panda3D-1.11.0-x64/etc/..;/c/Panda3D-1.11.0-x64/etc/../models
:10-28-2022 23:37:21 :gobj(error): Texture::read() - couldn't read: phase_3/maps/hands/tm.png
:10-28-2022 23:37:21 :gobj(error): Unable to find texture "phase_3/maps/hands/tm.png" on model-path /;/c/Toontown-Last-Laff-Workspace-10-21-2022/src/toontown/launcher;/c/Panda3D-1.11.0-x64/etc/..;/c/Panda3D-1.11.0-x64/etc/../models
Assertion failed: other._error_type == ET_ok at line 395 of panda/src/pgraph/nodePath.cxx
Exception occurred while processing Func-__showProp-121 of movie-track-with-cam-401017620:
movie-track-with-cam-401017620:
  0.000 movie-track-with-cam-401017620 {
  0.000   movie-track-401017620 {
  0.000     Sequence-65 {
  0.000       toon-attacks {
  0.000         Sequence-77 {
  0.000           Sequence-67 {
  0.000             Parallel-69 {
  0.000             }
  0.000           }
  0.000           Parallel-71 {
  0.000             Parallel-76 {
  0.000               Parallel-72 {
  0.000                 Sequence-73 {
  0.000                   Wait dur 2.5
  2.500                   *Func-show-100
  2.500                   *Func-setScale-101
  2.500                   *Func-reparentTo-102
  2.500                   *Func-setPos-103
  2.500                   LerpScaleInterval-170: scale from 0.1 0.1 0.1 to 1.7 1.7 1.7 dur 1.2
  3.700                 }
  3.700               }
  0.000               Sequence-74 {
  0.000                 *Func-showProps-104
  0.000                 *Func-headsUp-105
  0.000                 *Actor-pushbutton-16 dur 4
  4.000                 *Func-removeProps-106
  4.000                 *Func-loop-107
  4.000                 *Func-setHpr-108
  4.000               }
  0.000               Sequence-75 {
  0.000                 Wait dur 2.3
  2.300                 *Sound-15 dur 0.67
  2.970                 Wait dur 0.3
  3.270                 *Sound-16 dur 0.5
  3.770               }
  4.000             }
  4.000           }
  4.000           Parallel-70 {
  4.000             Parallel-68 {
  4.000             }
  4.000           }
  4.000         }
  4.000       }
  4.000       suit-attacks {
  4.000         Sequence-96 {
  4.000           Parallel-88 {
  4.000             Sequence-79 {
  4.000               Wait dur 1e-06
  4.000               *Func-setChatAbsolute-113
  4.000               *Func-reparentTrap-114
  4.000               *Func-headsUp-115
  4.000               *Actor-rubber-stamp-17 dur 4.66667
  8.667               *Func-setHpr-116
  8.667               *Func-returnTrapToSuit-117
  8.667               *Func-clearChat-118
  8.667             }
  4.000             Sequence-83 {
  4.000               *Func-headsUp-135
  4.000               Parallel-86 {
  4.000                 Sequence-84 {
  4.000                   Wait dur 3.4
  7.400                   *Actor-conked-18 dur 4.20833
 11.608                   *Func-loop-137
 11.608                 }
  4.000                 Sequence-85 {
  4.000                   Wait dur 3.41
  7.410                   *Func-__doDamage-136
  7.410                 }
 11.608               }
 11.608             }
  4.000             Sequence-81 {
  4.000               *Func-__showProp-121
  4.000               LerpScaleInterval-173: scale to 1 1 1 dur 0.5
  4.500               Wait dur 2.6
  7.100               *Func-needRestoreRenderProp-122
  7.100               *Func-reparentTo-123
  7.100               *Func-setScale-124
  7.100               *Func-setPosHpr-125
  7.100               *Func-setP-126
  7.100               *Func-setR-127
  7.100               Sequence-82 {
  7.100                 *Func-needRestoreRenderProp-128
  7.100                 *Func-wrtReparentTo-129
  7.100                 LerpPosInterval-174: pos to 90.4505 -195.976 3.7875 dur 0.5
  7.600                 *Func-removeProp-130
  7.600                 *Func-clearRenderProp-131
  7.600               }
  7.600               *Func-removeProp-132
  7.600               *Func-clearRenderProp-133
  7.600               Wait dur 0.3
  7.900               LerpScaleInterval-175: scale to 0.01 0.01 0.01 dur 0.5
  8.400               *Func-removeProp-134
  8.400             }
  4.000             Sequence-80 {
  4.000               Wait dur 1e-06
  4.000               *Func-__showProp-119
  4.000               LerpScaleInterval-171: scale from 0.01 0.01 0.01 to 1 1 1 dur 0.5
  4.500               Wait dur 3.2
  7.700               LerpScaleInterval-172: scale to 0.01 0.01 0.01 dur 0.5
  8.200               *Func-removeProp-120
  8.200             }
  4.000             Sequence-87 {
  4.000               Wait dur 1.3
  5.300               *Sound-17 dur 1.1
  6.400             }
 11.608           }
 11.608           *Func-loop-149
 11.608           Sequence-95 {
 11.608             *Func-headsUp-147
 11.608             *Func-loop-148
 11.608           }
 11.608         }
 11.608       }
 11.608       *Func-__handleMovieDone-150
 11.608     }
 11.608   }
  0.000   Sequence-97 {
  0.000     Sequence-66 {
  0.000       toon-attacks-cam {
  0.000         Sequence-78 {
  0.000           toonGroupShot {
  0.000             *Func-setPosHpr-109
  0.000             Wait
  0.000           }
  0.000           allGroupLowShot {
  0.000             *Func-setPosHpr-110
  0.000             Wait dur 3
  3.000           }
  3.000           allGroupLowShot {
  3.000             *Func-setPosHpr-111
  3.000             Wait dur 1
  4.000           }
  4.000           toonGroupShot {
  4.000             *Func-setPosHpr-112
  4.000             Wait
  4.000           }
  4.000         }
  4.000       }
  4.000       suit-attacks-cam {
  4.000         Parallel-94 {
  4.000           Sequence-89 {
  4.000             Sequence-92 {
  4.000               Sequence-90 {
  4.000                 *Func-setPos-138
  4.000                 *Func-focusCameraBetweenPoints-139
  4.000                 Wait dur 3.2
  7.200               }
  7.200               Sequence-91 {
  7.200                 *Func-setPos-140
  7.200                 *Func-lookAt-141
  7.200                 Wait dur 4.408
 11.608               }
 11.608             }
 11.608           }
  4.000           Sequence-93 {
  4.000             *Func-hide-142
  4.000             *Func-setFg-143
  4.000             Wait dur 0.7108
  4.711             *Func-setText-144
  4.711             *Func-show-145
  4.711             Wait dur 6.3972
 11.108             *Func-hide-146
 11.108           }
 11.608         }
 11.608       }
 11.608     }
 11.608   }
 11.608 }

Traceback (most recent call last):
  File "C:\Panda3D-1.11.0-x64\direct\showbase\ShowBase.py", line 1943, in __ivalLoop
    IntervalManager.ivalMgr.step()
  File "C:\Panda3D-1.11.0-x64\direct\interval\IntervalManager.py", line 95, in step
    self.__doPythonCallbacks()
  File "C:\Panda3D-1.11.0-x64\direct\interval\IntervalManager.py", line 123, in __doPythonCallbacks
    self.ivals[index].privPostEvent()
  File "C:\Panda3D-1.11.0-x64\direct\interval\MetaInterval.py", line 520, in privPostEvent
    self.__doPythonCallbacks()
  File "C:\Panda3D-1.11.0-x64\direct\interval\MetaInterval.py", line 496, in __doPythonCallbacks
    ival.privDoEvent(t, eventType)
  File "C:\Panda3D-1.11.0-x64\direct\interval\Interval.py", line 210, in privDoEvent
    self.privInstant()
  File "C:\Panda3D-1.11.0-x64\direct\interval\FunctionInterval.py", line 91, in privInstant
    self.function(*self.extraArgs, **self.kw)
  File "toontown\battle\MovieSuitAttacks.py", line 26, in __showProp
    prop.reparentTo(parent)
AssertionError: other._error_type == ET_ok at line 395 of panda/src/pgraph/nodePath.cxx
:10-28-2022 23:37:21 :task(error): Exception occurred in PythonTask ivalLoop
:10-28-2022 23:37:21 TTOffLauncher: setting panda error code to 12
:10-28-2022 23:37:21 TTOffLauncher(warning): Handling Python exception.
:10-28-2022 23:37:21 TimeManager: Client disconnect reason 3.
:10-28-2022 23:37:21 TimeManager: Client exception: toontown.battle.MovieSuitAttacks:26, direct.interval.FunctionInterval:91, direct.interval.Interval:210, direct.interval.MetaInterval:504, AssertionError: other._error_type == ET_ok at line 395 of panda/src/pgraph/nodePath.cxx
:10-28-2022 23:37:21 OTPClientRepository: Sent disconnect message to server
:10-28-2022 23:37:21 OTPClientRepository: Closing connection to server.
:10-28-2022 23:37:21 TTOffLauncher: Exception exit.

Traceback (most recent call last):
  File "otp\launcher\LauncherBase.py", line 1081, in mainLoop
    self._runTaskManager()
  File "otp\launcher\LauncherBase.py", line 1052, in _runTaskManager
    taskMgr.run()
  File "C:\Panda3D-1.11.0-x64\direct\task\Task.py", line 528, in run
    self.step()
  File "C:\Panda3D-1.11.0-x64\direct\task\Task.py", line 482, in step
    self.mgr.poll()
  File "C:\Panda3D-1.11.0-x64\direct\showbase\ShowBase.py", line 1943, in __ivalLoop
    IntervalManager.ivalMgr.step()
  File "C:\Panda3D-1.11.0-x64\direct\interval\IntervalManager.py", line 95, in step
    self.__doPythonCallbacks()
  File "C:\Panda3D-1.11.0-x64\direct\interval\IntervalManager.py", line 123, in __doPythonCallbacks
    self.ivals[index].privPostEvent()
  File "C:\Panda3D-1.11.0-x64\direct\interval\MetaInterval.py", line 520, in privPostEvent
    self.__doPythonCallbacks()
  File "C:\Panda3D-1.11.0-x64\direct\interval\MetaInterval.py", line 496, in __doPythonCallbacks
    ival.privDoEvent(t, eventType)
  File "C:\Panda3D-1.11.0-x64\direct\interval\Interval.py", line 210, in privDoEvent
    self.privInstant()
  File "C:\Panda3D-1.11.0-x64\direct\interval\FunctionInterval.py", line 91, in privInstant
    self.function(*self.extraArgs, **self.kw)
  File "toontown\battle\MovieSuitAttacks.py", line 26, in __showProp
    prop.reparentTo(parent)
AssertionError: other._error_type == ET_ok at line 395 of panda/src/pgraph/nodePath.cxx
