

Starting Toontown Online...
Current time: Fri Sep 23 20:10:02 2022 Eastern Standard Time
sys.path =  ['', 'C:\\TTLastLaffFirstQA\\Toontown-Last-Laff-Workspace\\src\\Panda3D-1.11.0-x64\\python\\python27.zip', 'C:\\Panda3D-1.11.0-x64', 'C:\\TTLastLaffFirstQA\\Toontown-Last-Laff-Workspace\\src\\Panda3D-1.11.0-x64\\python\\DLLs', 'C:\\TTLastLaffFirstQA\\Toontown-Last-Laff-Workspace\\src\\Panda3D-1.11.0-x64\\python\\lib', 'C:\\TTLastLaffFirstQA\\Toontown-Last-Laff-Workspace\\src\\Panda3D-1.11.0-x64\\python\\lib\\plat-win', 'C:\\TTLastLaffFirstQA\\Toontown-Last-Laff-Workspace\\src\\Panda3D-1.11.0-x64\\python\\lib\\lib-tk', 'C:\\TTLastLaffFirstQA\\Toontown-Last-Laff-Workspace\\src\\Panda3D-1.11.0-x64\\python', 'C:\\TTLastLaffFirstQA\\Toontown-Last-Laff-Workspace\\src\\Panda3D-1.11.0-x64', 'C:\\TTLastLaffFirstQA\\Toontown-Last-Laff-Workspace\\src\\Panda3D-1.11.0-x64\\bin', 'C:\\TTLastLaffFirstQA\\Toontown-Last-Laff-Workspace\\src\\Panda3D-1.11.0-x64\\python\\lib\\site-packages']
sys.argv =  ['C:\\TTLastLaffFirstQA\\Toontown-Last-Laff-Workspace\\src\\toontown\\launcher\\TTOffQuickStartLauncher.py']
generating standard configrc
os.environ =  {'TMP': 'C:\\Users\\Philip\\AppData\\Local\\Temp', 'COMPUTERNAME': 'PHILIP-JR', 'USERDOMAIN': 'PHILIP-JR', 'NEKO_INSTPATH': 'C:\\HaxeToolkit\\neko', 'PSMODULEPATH': 'C:\\WINDOWS\\system32\\WindowsPowerShell\\v1.0\\Modules\\', 'DOKANLIBRARY1': 'C:\\Program Files\\Dokan\\Dokan Library-1.4.1\\', 'ADSK_3DSMAX_X64_2021': 'C:\\Program Files\\Autodesk\\3ds Max 2021\\', 'PROCESSOR_IDENTIFIER': 'Intel64 Family 6 Model 45 Stepping 7, GenuineIntel', 'VBOX_MSI_INSTALL_PATH': 'C:\\Program Files\\Oracle\\VirtualBox\\', 'PROGRAMFILES': 'C:\\Program Files', 'PROCESSOR_REVISION': '2d07', 'PATH': 'C:\\Panda3D-1.11.0-x64\\panda3d\\..\\bin;C:\\Program Files (x86)\\Common Files\\Oracle\\Java\\javapath;C:\\Windows\\system32;C:\\Windows;C:\\Windows\\System32\\Wbem;C:\\Windows\\System32\\WindowsPowerShell\\v1.0\\;C:\\Program Files (x86)\\NVIDIA Corporation\\PhysX\\Common;C:\\Program Files\\Git\\cmd;C:\\WINDOWS\\system32;C:\\WINDOWS;C:\\WINDOWS\\System32\\Wbem;C:\\WINDOWS\\System32\\WindowsPowerShell\\v1.0\\;C:\\Program Files\\dotnet\\;C:\\Program Files\\Common Files\\Autodesk Shared\\;C:\\Program Files\\Microsoft SQL Server\\120\\Tools\\Binn\\;C:\\HaxeToolkit\\haxe;C:\\HaxeToolkit\\neko;C:\\Program Files\\Animation Paper\\gstreamer\\bin;C:\\Program Files\\PuTTY\\;C:\\Program Files\\NVIDIA Corporation\\NVIDIA NvDLISR;C:\\Program Files (x86)\\Windows Live\\Shared;C:\\HaxeToolkit\\haxe;C:\\HaxeToolkit\\neko;C:\\Program Files (x86)\\Windows Kits\\8.1\\Windows Performance Toolkit\\;C:\\Users\\Philip\\anaconda3;C:\\Users\\Philip\\anaconda3\\Library\\mingw-w64\\bin;C:\\Users\\Philip\\anaconda3\\Library\\usr\\bin;C:\\Users\\Philip\\anaconda3\\Library\\bin;C:\\Users\\Philip\\anaconda3\\Scripts;C:\\Program Files\\MySQL\\MySQL Shell 8.0\\bin\\;C:\\Panda3D-1.10.02\\python;C:\\Panda3D-1.10.02\\python\\Scripts;C:\\Panda3D-1.10.02\\bin;C:\\Panda3D-1.11.0-x64-py2\\python;C:\\Panda3D-1.11.0-x64-py2\\python\\Scripts;C:\\Panda3D-1.11.0-x64-py2\\bin;C:\\Users\\Philip\\AppData\\Local\\GitHubDesktop\\bin;C:\\Panda3D-1.9.0\\python;C:\\Panda3D-1.9.0\\python\\Scripts;C:\\Panda3D-1.9.0\\bin;C:\\Panda3D-1.10.0-x64\\python;C:\\Panda3D-1.10.0-x64\\python\\Scripts;C:\\Panda3D-1.10.0-x64\\bin;C:\\Users\\Philip\\AppData\\Local\\atom\\bin;C:\\Panda3D-1.10.0\\python;C:\\Panda3D-1.10.0\\python\\Scripts;C:\\Panda3D-1.10.0\\bin;C:\\Panda3D-1.11.0-x64-astron\\python;C:\\Panda3D-1.11.0-x64-astron\\python\\Scripts;C:\\Panda3D-1.11.0-x64-astron\\bin;C:\\Panda3D-1.11.0-x64\\python;C:\\Panda3D-1.11.0-x64\\python\\Scripts;C:\\Panda3D-1.11.0-x64\\bin;C:\\Panda3D-1.10.9-x64\\python;C:\\Panda3D-1.10.9-x64\\python\\Scrip;C:\\Users\\Philip\\AppData\\Local\\Programs\\Microsoft VS Code\\bin;C:\\Users\\Philip\\.dotnet\\tools;%C:\\Program Files (x86)\\Windows Kits\\8.1\\bin\\x86\\rc.exe%;%C:\\Program Files (x86)\\Microsoft Visual Studio\\2019\\BuildTools\\Common7\\IDE%;C:\\Program Files\\JetBrains\\PyCharm Community Edition 2021.3.3\\bin;', 'SYSTEMROOT': 'C:\\WINDOWS', 'NUMBER_OF_PROCESSORS': '8', 'PROGRAMFILES(X86)': 'C:\\Program Files (x86)', 'COMSPEC': 'C:\\WINDOWS\\system32\\cmd.exe', 'KMP_BLOCKTIME': '0', 'PPYTHON_PATH': '"Panda3D-1.11.0-x64\\python\\ppython.exe"', 'PYCHARM COMMUNITY EDITION': 'C:\\Program Files\\JetBrains\\PyCharm Community Edition 2021.3.3\\bin;', 'COMMONPROGRAMFILES(X86)': 'C:\\Program Files (x86)\\Common Files', 'PROCESSOR_ARCHITECTURE': 'AMD64', 'DOKANLIBRARY1_LIBRARYPATH_X64': 'C:\\Program Files\\Dokan\\Dokan Library-1.4.1\\lib\\', 'ALLUSERSPROFILE': 'C:\\ProgramData', 'LOCALAPPDATA': 'C:\\Users\\Philip\\AppData\\Local', 'HOMEPATH': '\\Users\\Philip', 'USERDOMAIN_ROAMINGPROFILE': 'PHILIP-JR', 'PROGRAMW6432': 'C:\\Program Files', 'USERNAME': 'Philip', 'FP_NO_HOST_CHECK': 'NO', 'DOKANLIBRARY1_LIBRARYPATH_X86': 'C:\\Program Files\\Dokan\\Dokan Library-1.4.1\\x86\\lib\\', 'LOGONSERVER': '\\\\MicrosoftAccount', 'PROMPT': '$P$G', 'SESSIONNAME': 'Console', 'PROGRAMDATA': 'C:\\ProgramData', 'COMMONPROGRAMFILES': 'C:\\Program Files\\Common Files', 'TEMP': 'C:\\Users\\Philip\\AppData\\Local\\Temp', 'HAXEPATH': 'C:\\HaxeToolkit\\haxe', 'PATHEXT': '.COM;.EXE;.BAT;.CMD;.VBS;.VBE;.JS;.JSE;.WSF;.WSH;.MSC', 'TTOFF_LOGIN_TOKEN': 'dev', 'VS160COMCOMNTOOLS': 'C:\\Program Files (x86)\\Microsoft Visual Studio\\2019\\Community\\Common7\\Tools\\', 'WINDIR': 'C:\\WINDOWS', 'OMP_WAIT_POLICY': 'PASSIVE', 'MONGO': 'C:\\mongodb-win32-x86_64-windows-4.4.4/bin', 'HOMEDRIVE': 'C:', 'SYSTEMDRIVE': 'C:', 'PUBLIC': 'C:\\Users\\Public', 'APPDATA': 'C:\\Users\\Philip\\AppData\\Roaming', 'PROCESSOR_LEVEL': '6', 'CIOENGINE': 'C:\\cio-panda3d', 'COMMONPROGRAMW6432': 'C:\\Program Files\\Common Files', 'OS': 'Windows_NT', 'ADSK_CLM_WPAD_PROXY_CHECK': 'FALSE', 'USERPROFILE': 'C:\\Users\\Philip'}
:09-23-2022 20:10:02 TTOffLauncher: isTestServer: 0
:09-23-2022 20:10:02 TTOffLauncher: Game Server 127.0.0.1
:09-23-2022 20:10:02 TTOffLauncher: Starting Toontown Online... 
:09-23-2022 20:10:02 TTOffLauncher: foreground: Launcher now operating in foreground
useTTOffSpecificLogin=True
:09-23-2022 20:10:02 TTOffLauncher: maybeStartGame: starting game
:09-23-2022 20:10:02 TTOffLauncher: Starting Toontown Online...
:09-23-2022 20:10:02 TTOffLauncher: background: Launcher now operating in background
ToontownStart: Polling for game2 to finish...
ToontownStart: Game2 is finished.
ToontownStart: Starting the game.
ToontownStart: setting default font
:09-23-2022 20:10:02 TTOffLauncher: setting panda error code to 7
Known pipe types:
  wglGraphicsPipe
(all display modules loaded.)
:09-23-2022 20:10:02 ToonBase: Default graphics pipe is wglGraphicsPipe (OpenGL).
:09-23-2022 20:10:02 :display(warning): FrameBufferProperties available less than requested.
  requested: depth_bits=24 color_bits=3 red_bits=1 green_bits=1 blue_bits=1 alpha_bits=1 multisamples=70 back_buffers=1 force_hardware 
  got: depth_bits=24 color_bits=24 red_bits=8 green_bits=8 blue_bits=8 alpha_bits=8 accum_bits=64 multisamples=16 back_buffers=1 force_hardware 
:09-23-2022 20:10:02 ToonBase: Successfully opened window of type wglGraphicsWindow (OpenGL)
:09-23-2022 20:10:02 ShowBase: __dev__ == False
:09-23-2022 20:10:02 TTOffLauncher: setting panda error code to 11
:09-23-2022 20:10:02 TTOffLauncher: setting panda error code to 0
ToontownStart: Loading default gui sounds
ToontownStart: serverVersion:  tto-dev
:09-23-2022 20:10:02 Loader: starting bulk load of block 'init'
:09-23-2022 20:10:03 :nativenet(error): Buffered_DatagramConnection Constructor rbufsize = 4096000 wbufsize = 4096000 write_flush_point = 1400
:09-23-2022 20:10:03 OTPClientRepository: Using connect method 'http'
:09-23-2022 20:10:04 TTOffLauncher: getRegistry ('DEPLOYMENT', None)
:09-23-2022 20:10:04 TTOffLauncher: checking env
:09-23-2022 20:10:04 TTOffLauncher: getRegistry ('GAME_DEPLOYMENT', None)
:09-23-2022 20:10:04 TTOffLauncher: checking env
:09-23-2022 20:10:04 OTPClientRepository: reg_deployment=
:09-23-2022 20:10:04 OTPClientRepository: required-login auto.
:09-23-2022 20:10:04 OTPClientRepository: loginInterface: LoginTTOffAccount
:09-23-2022 20:10:04 TTOffLauncher: getNeedPwForSecretKey using ttoff-specific-login
:09-23-2022 20:10:04 Loader: At end of block 'init', expected 138, loaded 5, duration=1.17302356248
:09-23-2022 20:10:04 OTPClientRepository: Connecting to gameserver directly (no proxy).
:09-23-2022 20:10:04 OTPClientRepository: Connecting to //127.0.0.1:7198 via HTTP interface.
:09-23-2022 20:10:04 TTOffLauncher: Stopping mini task manager.
:09-23-2022 20:10:04 OTPClientRepository: Successfully connected to //127.0.0.1:7198.
:09-23-2022 20:10:04 TTOffLauncher: Setting Disconnect Details normal
{401000001: <toontown.distributed.ToontownDistrict.ToontownDistrict instance at 0x0000000017B18248>}
:09-23-2022 20:10:05 StateData: AvatarChooser.enter
:09-23-2022 20:10:05 DisplayOptions: settingsFullScreen = False, embedded = False width=800 height=600
:09-23-2022 20:10:05 StateData: calling self.displayOptions.restrictToEmbedded(False)
:09-23-2022 20:10:06 OTPClientRepository: ================
:09-23-2022 20:10:06 OTPClientRepository: Chose avatar id: 100000001
:09-23-2022 20:10:06 OTPClientRepository: Chose avatar name: Tricky Hucklesmirk
:09-23-2022 20:10:06 OTPClientRepository: Chose avatar dna: ('dls', 'ss', 'm', 'm', 15, 0, 15, 15, 0, 11, 0, 11, 1, 15)
:09-23-2022 20:10:06 OTPClientRepository: Chose avatar position: 1
:09-23-2022 20:10:06 OTPClientRepository: isPaid: 1
:09-23-2022 20:10:06 OTPClientRepository: freeTimeLeft: 0
:09-23-2022 20:10:06 OTPClientRepository: allowSecretChat: True
:09-23-2022 20:10:06 OTPClientRepository: ================
:09-23-2022 20:10:06 Loader: starting bulk load of block 'localAvatarPlayGame'
:09-23-2022 20:10:07 ToontownTimeManager(warning): error parsing date string=
local
:09-23-2022 20:10:07 NewsPageButtonManager(warning): Should not get here. NewsPageButtonManager.exitOff
:09-23-2022 20:10:07 :pnmimage:png(warning): iCCP: known incorrect sRGB profile
:09-23-2022 20:10:09 OTPClientRepository: Entering shard 401000001
:09-23-2022 20:10:09 StreetSign: Street sign url is https://ttoffline.com/images/
:09-23-2022 20:10:10 TimeManager: Clock sync: TimeManager.announceGenerate
:09-23-2022 20:10:10 NewsManager: setHolidayId: Starting Holiday 26
:09-23-2022 20:10:10 InGameNewsMgr: latestIssue=2013-08-22 16:49:46.000003-07:00
cpu info: GenuineIntel|        Intel(R) Core(TM) i7-3820 CPU @ 3.60GHz|132823|0|3.601,3.601|4,8 cpus
:09-23-2022 20:10:11 OTPClientRepository: No sync from TimeManager.
:09-23-2022 20:10:11 OTPClientRepository: gotTimeSync
:09-23-2022 20:10:12 Loader: At end of block 'localAvatarPlayGame', expected 400, loaded 18, duration=5.10516092275
:09-23-2022 20:10:12 TimeManager: Clock sync roundtrip took 1134.017 ms
:09-23-2022 20:10:12 TimeManager: AI time delta is -0:02 from server delta
:09-23-2022 20:10:12 TimeManager: Local clock uncertainty +/- 0.567 s
:09-23-2022 20:10:12 PlayGame: QA-REGRESSION: NEIGHBORHOODS: Visit Sellbot HQ
:09-23-2022 20:10:12 Loader: starting bulk load of block 'hood'
:09-23-2022 20:10:12 SellbotCogHQLoader: loadPlaceGeom: 11000
:09-23-2022 20:10:13 DistributedObject: DistributedSuitPlanner 401002945: generating
:09-23-2022 20:10:13 DistributedToon: calling LocalAvatar.startchat
:09-23-2022 20:10:13 :loader(error): Couldn't load file phase_4/models/questmap/cog_hq_sellbot_maps.bam: not found on model path (currently: "/;/c/TTLastLaffFirstQA/Toontown-Last-Laff-Workspace/src/toontown/launcher;/c/Panda3D-1.11.0-x64/etc/..;/c/Panda3D-1.11.0-x64/etc/../models")
:09-23-2022 20:10:13 Loader: At end of block 'hood', expected 43, loaded 6, duration=1.3919469933
:09-23-2022 20:10:14 Teleport(debug): teleportInDone: walk
:09-23-2022 20:10:14 :loader(error): Couldn't load file phase_4/models/questmap/cog_hq_sellbot_maps.bam: not found on model path (currently: "/;/c/TTLastLaffFirstQA/Toontown-Last-Laff-Workspace/src/toontown/launcher;/c/Panda3D-1.11.0-x64/etc/..;/c/Panda3D-1.11.0-x64/etc/../models")
:09-23-2022 20:10:16 TTOffMagicWordManager: Maxed out Tricky Hucklesmirk's stats.
:09-23-2022 20:10:19 ShtikerBook: QA-REGRESSION: SHTICKERBOOK: Open
OnscreenText.configure: mayChange == 0
OnscreenText.configure: mayChange == 0
OnscreenText.configure: mayChange == 0
OnscreenText.configure: mayChange == 0
:09-23-2022 20:10:20 ShtikerBook: QA-REGRESSION: SHTICKERBOOK: Browse tabs Map
:09-23-2022 20:10:21 ShtikerBook: QA-REGRESSION: SHTICKERBOOK: Close
:09-23-2022 20:10:26 SellbotHQExterior: Unloading Place (11000). Fsm in final
:09-23-2022 20:10:26 DistributedObject: DistributedSuitPlanner 401002945: disabling
:09-23-2022 20:10:26 PlayGame: QA-REGRESSION: NEIGHBORHOODS: Visit Toontown Central
:09-23-2022 20:10:26 Loader: starting bulk load of block 'hood'
:09-23-2022 20:10:27 :display:gsg:glgsg(error): GL error 0x501 : invalid value
:09-23-2022 20:10:27 :display:gsg:glgsg(error): An OpenGL error has occurred.  Set gl-debug #t in your PRC file to display more information.
:09-23-2022 20:10:28 DistributedObject(warning): no loader.getInteractiveProp self.interactiveProp is None
:09-23-2022 20:10:28 DistributedObject(warning): no loader.getInteractiveProp self.interactiveProp is None
:09-23-2022 20:10:28 DistributedObject(warning): no loader.getInteractiveProp self.interactiveProp is None
:09-23-2022 20:10:28 DistributedObject(warning): no loader.getInteractiveProp self.interactiveProp is None
:09-23-2022 20:10:28 DistributedObject(warning): no loader.getInteractiveProp self.interactiveProp is None
:09-23-2022 20:10:28 DistributedToon: calling LocalAvatar.startchat
:09-23-2022 20:10:28 Loader: At end of block 'hood', expected 8, loaded 8, duration=1.65735795366
:09-23-2022 20:10:30 Teleport(debug): teleportInDone: walk
:09-23-2022 20:10:30 ShtikerBook: QA-REGRESSION: SHTICKERBOOK: Open
OnscreenText.configure: mayChange == 0
OnscreenText.configure: mayChange == 0
OnscreenText.configure: mayChange == 0
OnscreenText.configure: mayChange == 0
:09-23-2022 20:10:34 ShtikerBook: QA-REGRESSION: SHTICKERBOOK: Close
:09-23-2022 20:10:39 Playground: Unloading Place (2000). Fsm in final
:09-23-2022 20:10:39 PlayGame: QA-REGRESSION: NEIGHBORHOODS: Visit Daisy Gardens
:09-23-2022 20:10:39 Loader: starting bulk load of block 'hood'
:09-23-2022 20:10:40 DistributedObject(warning): no loader.getInteractiveProp self.interactiveProp is None
:09-23-2022 20:10:40 Actor(warning): no part named head-front*!
:09-23-2022 20:10:40 DistributedToon: calling LocalAvatar.startchat
:09-23-2022 20:10:40 Loader: At end of block 'hood', expected 11, loaded 4, duration=1.04927081369
:09-23-2022 20:10:41 TTOffMagicWordManager: Run mode has been toggled.
:09-23-2022 20:10:42 Teleport(debug): teleportInDone: walk
:09-23-2022 20:10:45 Playground: Unloading Place (5000). Fsm in final
:09-23-2022 20:10:46 Loader: starting bulk load of block 'hood'
:09-23-2022 20:10:47 TownLoader: skipping self.geom.flattenMedium
:09-23-2022 20:10:47 Loader: At end of block 'hood', expected 40, loaded 5, duration=1.36570533142
:09-23-2022 20:10:47 DistributedObject: DistributedSuitPlanner 401001410: generating
:09-23-2022 20:10:54 Actor(warning): no part named head-front*!
:09-23-2022 20:11:08 Street: Unloading Place (None). Fsm in final
:09-23-2022 20:11:08 DistributedObject: DistributedSuitPlanner 401001410: disabling
:09-23-2022 20:11:08 PlayGame: QA-REGRESSION: NEIGHBORHOODS: Visit Sellbot HQ
:09-23-2022 20:11:08 Loader: starting bulk load of block 'hood'
:09-23-2022 20:11:08 SellbotCogHQLoader: loadPlaceGeom: 11600
:09-23-2022 20:11:08 :loader(error): Couldn't load file phase_4/models/questmap/cog_hq_sellbot_maps.bam: not found on model path (currently: "/;/c/TTLastLaffFirstQA/Toontown-Last-Laff-Workspace/src/toontown/launcher;/c/Panda3D-1.11.0-x64/etc/..;/c/Panda3D-1.11.0-x64/etc/../models")
:09-23-2022 20:11:09 DistributedObject: DistributedSuitPlanner 401002947: generating
Assertion failed: other._error_type == ET_ok at line 395 of panda/src/pgraph/nodePath.cxx
:09-23-2022 20:11:09 DistributedToon: calling LocalAvatar.startchat
:09-23-2022 20:11:09 Loader: At end of block 'hood', expected 43, loaded 2, duration=0.582990933918
:09-23-2022 20:11:12 :loader(error): Couldn't load file phase_4/models/questmap/cog_hq_sellbot_maps.bam: not found on model path (currently: "/;/c/TTLastLaffFirstQA/Toontown-Last-Laff-Workspace/src/toontown/launcher;/c/Panda3D-1.11.0-x64/etc/..;/c/Panda3D-1.11.0-x64/etc/../models")
:09-23-2022 20:11:12 TTOffMagicWordManager: Run mode has been toggled.
frame rate: 93.0 fps|0.004d|11 avs||306|307||0x0000|0x0000|770.2MB|756.1MB|16302.1MB|959|nt.2.6.2|3.601,3.601|4,8 cpus|OpenGL
:09-23-2022 20:15:42 FactoryExterior: QA-REGRESSION: COGBATTLE: Enter Battle
Battle Event localtoon-battle-event-3
:09-23-2022 20:15:47 DistributedObject: DistributedSuitPlanner 401002947: disabling
Traceback (most recent call last):
  File "C:\Panda3D-1.11.0-x64\direct\distributed\ConnectionRepository.py", line 609, in readerPollUntilEmpty
    while self.readerPollOnce():
  File "C:\Panda3D-1.11.0-x64\direct\distributed\ConnectionRepository.py", line 616, in readerPollOnce
    self.handleDatagram(self.private__di)
  File "otp\distributed\OTPClientRepository.py", line 1838, in handleDatagram
    self.handler(msgType, di)
  File "otp\distributed\OTPClientRepository.py", line 1443, in handlePlayGame
    self.handleDelete(di)
  File "toontown\distributed\ToontownClientRepository.py", line 993, in handleDelete
    self.deleteObject(doId)
  File "toontown\distributed\ToontownClientRepository.py", line 999, in deleteObject
    obj.deleteOrDelay()
  File "C:\Panda3D-1.11.0-x64\direct\distributed\DistributedObject.py", line 201, in deleteOrDelay
    self.disableAnnounceAndDelete()
  File "C:\Panda3D-1.11.0-x64\direct\distributed\DistributedObject.py", line 204, in disableAnnounceAndDelete
    self.disableAndAnnounce()
  File "C:\Panda3D-1.11.0-x64\direct\distributed\DistributedObject.py", line 230, in disableAndAnnounce
    self.disable()
  File "toontown\battle\DistributedBattle.py", line 36, in disable
    DistributedBattleBase.DistributedBattleBase.disable(self)
  File "toontown\battle\DistributedBattleBase.py", line 129, in disable
    self.cleanupBattle()
  File "toontown\battle\DistributedBattleBase.py", line 143, in cleanupBattle
    self.removeLocalToon()
  File "toontown\battle\DistributedBattleBase.py", line 715, in removeLocalToon
    base.cr.playGame.getPlace().setState('walk')
  File "toontown\battle\BattlePlace.py", line 20, in setState
    elif not self.fsm.request(state):
  File "C:\Panda3D-1.11.0-x64\direct\fsm\ClassicFSM.py", line 281, in request
    exitArgList)
  File "C:\Panda3D-1.11.0-x64\direct\fsm\ClassicFSM.py", line 228, in __transition
    self.__enter(aState, enterArgList)
  File "C:\Panda3D-1.11.0-x64\direct\fsm\ClassicFSM.py", line 214, in __enter
    aState.enter(argList)
  File "C:\Panda3D-1.11.0-x64\direct\fsm\State.py", line 202, in enter
    self.__enterFunc(*argList)
  File "toontown\battle\BattlePlace.py", line 24, in enterWalk
    Place.Place.enterWalk(self, flag)
  File "toontown\hood\Place.py", line 208, in enterWalk
    self.enterFLM()
  File "toontown\friends\FriendsListManager.py", line 56, in enterFLM
    base.localAvatar.setFriendsListButtonActive(1)
  File "toontown\toon\LocalToon.py", line 1146, in setFriendsListButtonActive
    self.refreshOnscreenButtons()
  File "toontown\toon\LocalToon.py", line 1180, in refreshOnscreenButtons
    self.showClarabelleGui(newItemsInMailbox)
  File "toontown\toon\LocalToon.py", line 1045, in showClarabelleGui
    if self.newsButtonMgr.isNewIssueButtonShown():
  File "toontown\toontowngui\NewsPageButtonManager.py", line 116, in isNewIssueButtonShown
    if localAvatar.getLastTimeReadNews() < base.cr.inGameNewsMgr.getLatestIssue():
AttributeError: 'NoneType' object has no attribute 'getLatestIssue'
:09-23-2022 20:15:47 :task(error): Exception occurred in PythonTask readerPollTask-93492192
:09-23-2022 20:15:47 TTOffLauncher: setting panda error code to 12
:09-23-2022 20:15:47 TTOffLauncher(warning): Handling Python exception.
:09-23-2022 20:15:47 OTPClientRepository: Sent disconnect message to server
:09-23-2022 20:15:47 OTPClientRepository: Closing connection to server.
:09-23-2022 20:15:47 TTOffLauncher: Exception exit.

Traceback (most recent call last):
  File "otp\launcher\LauncherBase.py", line 1081, in mainLoop
    self._runTaskManager()
  File "otp\launcher\LauncherBase.py", line 1052, in _runTaskManager
    taskMgr.run()
  File "C:\Panda3D-1.11.0-x64\direct\task\Task.py", line 528, in run
    self.step()
  File "C:\Panda3D-1.11.0-x64\direct\task\Task.py", line 482, in step
    self.mgr.poll()
  File "C:\Panda3D-1.11.0-x64\direct\distributed\ConnectionRepository.py", line 609, in readerPollUntilEmpty
    while self.readerPollOnce():
  File "C:\Panda3D-1.11.0-x64\direct\distributed\ConnectionRepository.py", line 616, in readerPollOnce
    self.handleDatagram(self.private__di)
  File "otp\distributed\OTPClientRepository.py", line 1838, in handleDatagram
    self.handler(msgType, di)
  File "otp\distributed\OTPClientRepository.py", line 1443, in handlePlayGame
    self.handleDelete(di)
  File "toontown\distributed\ToontownClientRepository.py", line 993, in handleDelete
    self.deleteObject(doId)
  File "toontown\distributed\ToontownClientRepository.py", line 999, in deleteObject
    obj.deleteOrDelay()
  File "C:\Panda3D-1.11.0-x64\direct\distributed\DistributedObject.py", line 201, in deleteOrDelay
    self.disableAnnounceAndDelete()
  File "C:\Panda3D-1.11.0-x64\direct\distributed\DistributedObject.py", line 204, in disableAnnounceAndDelete
    self.disableAndAnnounce()
  File "C:\Panda3D-1.11.0-x64\direct\distributed\DistributedObject.py", line 230, in disableAndAnnounce
    self.disable()
  File "toontown\battle\DistributedBattle.py", line 36, in disable
    DistributedBattleBase.DistributedBattleBase.disable(self)
  File "toontown\battle\DistributedBattleBase.py", line 129, in disable
    self.cleanupBattle()
  File "toontown\battle\DistributedBattleBase.py", line 143, in cleanupBattle
    self.removeLocalToon()
  File "toontown\battle\DistributedBattleBase.py", line 715, in removeLocalToon
    base.cr.playGame.getPlace().setState('walk')
  File "toontown\battle\BattlePlace.py", line 20, in setState
    elif not self.fsm.request(state):
  File "C:\Panda3D-1.11.0-x64\direct\fsm\ClassicFSM.py", line 281, in request
    exitArgList)
  File "C:\Panda3D-1.11.0-x64\direct\fsm\ClassicFSM.py", line 228, in __transition
    self.__enter(aState, enterArgList)
  File "C:\Panda3D-1.11.0-x64\direct\fsm\ClassicFSM.py", line 214, in __enter
    aState.enter(argList)
  File "C:\Panda3D-1.11.0-x64\direct\fsm\State.py", line 202, in enter
    self.__enterFunc(*argList)
  File "toontown\battle\BattlePlace.py", line 24, in enterWalk
    Place.Place.enterWalk(self, flag)
  File "toontown\hood\Place.py", line 208, in enterWalk
    self.enterFLM()
  File "toontown\friends\FriendsListManager.py", line 56, in enterFLM
    base.localAvatar.setFriendsListButtonActive(1)
  File "toontown\toon\LocalToon.py", line 1146, in setFriendsListButtonActive
    self.refreshOnscreenButtons()
  File "toontown\toon\LocalToon.py", line 1180, in refreshOnscreenButtons
    self.showClarabelleGui(newItemsInMailbox)
  File "toontown\toon\LocalToon.py", line 1045, in showClarabelleGui
    if self.newsButtonMgr.isNewIssueButtonShown():
  File "toontown\toontowngui\NewsPageButtonManager.py", line 116, in isNewIssueButtonShown
    if localAvatar.getLastTimeReadNews() < base.cr.inGameNewsMgr.getLatestIssue():
AttributeError: 'NoneType' object has no attribute 'getLatestIssue'
