

Starting Toontown Online...
Current time: Fri Oct 28 16:50:24 2022 Eastern Standard Time
sys.path =  ['', 'C:\\Toontown-Last-Laff-Workspace-10-21-2022\\src\\Panda3D-1.11.0-x64\\python\\python27.zip', 'C:\\Panda3D-1.11.0-x64', 'C:\\Toontown-Last-Laff-Workspace-10-21-2022\\src\\Panda3D-1.11.0-x64\\python\\DLLs', 'C:\\Toontown-Last-Laff-Workspace-10-21-2022\\src\\Panda3D-1.11.0-x64\\python\\lib', 'C:\\Toontown-Last-Laff-Workspace-10-21-2022\\src\\Panda3D-1.11.0-x64\\python\\lib\\plat-win', 'C:\\Toontown-Last-Laff-Workspace-10-21-2022\\src\\Panda3D-1.11.0-x64\\python\\lib\\lib-tk', 'C:\\Toontown-Last-Laff-Workspace-10-21-2022\\src\\Panda3D-1.11.0-x64\\python', 'C:\\Toontown-Last-Laff-Workspace-10-21-2022\\src\\Panda3D-1.11.0-x64', 'C:\\Toontown-Last-Laff-Workspace-10-21-2022\\src\\Panda3D-1.11.0-x64\\bin', 'C:\\Toontown-Last-Laff-Workspace-10-21-2022\\src\\Panda3D-1.11.0-x64\\python\\lib\\site-packages']
sys.argv =  ['C:\\Toontown-Last-Laff-Workspace-10-21-2022\\src\\toontown\\launcher\\TTOffQuickStartLauncher.py']
generating standard configrc
os.environ =  {'TMP': 'C:\\Users\\Philip\\AppData\\Local\\Temp', 'COMPUTERNAME': 'PHILIP-JR', 'USERDOMAIN': 'PHILIP-JR', 'NEKO_INSTPATH': 'C:\\HaxeToolkit\\neko', 'PSMODULEPATH': 'C:\\WINDOWS\\system32\\WindowsPowerShell\\v1.0\\Modules\\', 'DOKANLIBRARY1': 'C:\\Program Files\\Dokan\\Dokan Library-1.4.1\\', 'ADSK_3DSMAX_X64_2021': 'C:\\Program Files\\Autodesk\\3ds Max 2021\\', 'PROCESSOR_IDENTIFIER': 'Intel64 Family 6 Model 45 Stepping 7, GenuineIntel', 'VBOX_MSI_INSTALL_PATH': 'C:\\Program Files\\Oracle\\VirtualBox\\', 'PROGRAMFILES': 'C:\\Program Files', 'PROCESSOR_REVISION': '2d07', 'PATH': 'C:\\Panda3D-1.11.0-x64\\panda3d\\..\\bin;C:\\Program Files (x86)\\Common Files\\Oracle\\Java\\javapath;C:\\Windows\\system32;C:\\Windows;C:\\Windows\\System32\\Wbem;C:\\Windows\\System32\\WindowsPowerShell\\v1.0\\;C:\\Program Files (x86)\\NVIDIA Corporation\\PhysX\\Common;C:\\Program Files\\Git\\cmd;C:\\WINDOWS\\system32;C:\\WINDOWS;C:\\WINDOWS\\System32\\Wbem;C:\\WINDOWS\\System32\\WindowsPowerShell\\v1.0\\;C:\\Program Files\\dotnet\\;C:\\Program Files\\Common Files\\Autodesk Shared\\;C:\\Program Files\\Microsoft SQL Server\\120\\Tools\\Binn\\;C:\\HaxeToolkit\\haxe;C:\\HaxeToolkit\\neko;C:\\Program Files\\Animation Paper\\gstreamer\\bin;C:\\Program Files\\PuTTY\\;C:\\Program Files\\NVIDIA Corporation\\NVIDIA NvDLISR;C:\\Program Files (x86)\\Windows Live\\Shared;C:\\HaxeToolkit\\haxe;C:\\HaxeToolkit\\neko;C:\\Program Files (x86)\\Windows Kits\\8.1\\Windows Performance Toolkit\\;C:\\Users\\Philip\\anaconda3;C:\\Users\\Philip\\anaconda3\\Library\\mingw-w64\\bin;C:\\Users\\Philip\\anaconda3\\Library\\usr\\bin;C:\\Users\\Philip\\anaconda3\\Library\\bin;C:\\Users\\Philip\\anaconda3\\Scripts;C:\\Program Files\\MySQL\\MySQL Shell 8.0\\bin\\;C:\\Panda3D-1.10.02\\python;C:\\Panda3D-1.10.02\\python\\Scripts;C:\\Panda3D-1.10.02\\bin;C:\\Panda3D-1.11.0-x64-py2\\python;C:\\Panda3D-1.11.0-x64-py2\\python\\Scripts;C:\\Panda3D-1.11.0-x64-py2\\bin;C:\\Users\\Philip\\AppData\\Local\\GitHubDesktop\\bin;C:\\Panda3D-1.9.0\\python;C:\\Panda3D-1.9.0\\python\\Scripts;C:\\Panda3D-1.9.0\\bin;C:\\Panda3D-1.10.0-x64\\python;C:\\Panda3D-1.10.0-x64\\python\\Scripts;C:\\Panda3D-1.10.0-x64\\bin;C:\\Users\\Philip\\AppData\\Local\\atom\\bin;C:\\Panda3D-1.10.0\\python;C:\\Panda3D-1.10.0\\python\\Scripts;C:\\Panda3D-1.10.0\\bin;C:\\Panda3D-1.11.0-x64-astron\\python;C:\\Panda3D-1.11.0-x64-astron\\python\\Scripts;C:\\Panda3D-1.11.0-x64-astron\\bin;C:\\Panda3D-1.11.0-x64\\python;C:\\Panda3D-1.11.0-x64\\python\\Scripts;C:\\Panda3D-1.11.0-x64\\bin;C:\\Panda3D-1.10.9-x64\\python;C:\\Panda3D-1.10.9-x64\\python\\Scrip;C:\\Users\\Philip\\AppData\\Local\\Programs\\Microsoft VS Code\\bin;C:\\Users\\Philip\\.dotnet\\tools;%C:\\Program Files (x86)\\Windows Kits\\8.1\\bin\\x86\\rc.exe%;%C:\\Program Files (x86)\\Microsoft Visual Studio\\2019\\BuildTools\\Common7\\IDE%;C:\\Program Files\\JetBrains\\PyCharm Community Edition 2022.2.3\\bin;', 'SYSTEMROOT': 'C:\\WINDOWS', 'NUMBER_OF_PROCESSORS': '8', 'PROGRAMFILES(X86)': 'C:\\Program Files (x86)', 'COMSPEC': 'C:\\WINDOWS\\system32\\cmd.exe', 'KMP_BLOCKTIME': '0', 'PPYTHON_PATH': '"Panda3D-1.11.0-x64\\python\\ppython.exe"', 'PYCHARM COMMUNITY EDITION': 'C:\\Program Files\\JetBrains\\PyCharm Community Edition 2022.2.3\\bin;', 'COMMONPROGRAMFILES(X86)': 'C:\\Program Files (x86)\\Common Files', 'PROCESSOR_ARCHITECTURE': 'AMD64', 'DOKANLIBRARY1_LIBRARYPATH_X64': 'C:\\Program Files\\Dokan\\Dokan Library-1.4.1\\lib\\', 'ALLUSERSPROFILE': 'C:\\ProgramData', 'LOCALAPPDATA': 'C:\\Users\\Philip\\AppData\\Local', 'HOMEPATH': '\\Users\\Philip', 'USERDOMAIN_ROAMINGPROFILE': 'PHILIP-JR', 'PROGRAMW6432': 'C:\\Program Files', 'USERNAME': 'Philip', 'FP_NO_HOST_CHECK': 'NO', 'DOKANLIBRARY1_LIBRARYPATH_X86': 'C:\\Program Files\\Dokan\\Dokan Library-1.4.1\\x86\\lib\\', 'LOGONSERVER': '\\\\MicrosoftAccount', 'PROMPT': '$P$G', 'SESSIONNAME': 'Console', 'PROGRAMDATA': 'C:\\ProgramData', 'COMMONPROGRAMFILES': 'C:\\Program Files\\Common Files', 'TEMP': 'C:\\Users\\Philip\\AppData\\Local\\Temp', 'HAXEPATH': 'C:\\HaxeToolkit\\haxe', 'PATHEXT': '.COM;.EXE;.BAT;.CMD;.VBS;.VBE;.JS;.JSE;.WSF;.WSH;.MSC', 'TTOFF_LOGIN_TOKEN': 'dev', 'VS160COMCOMNTOOLS': 'C:\\Program Files (x86)\\Microsoft Visual Studio\\2019\\Community\\Common7\\Tools\\', 'WINDIR': 'C:\\WINDOWS', 'OMP_WAIT_POLICY': 'PASSIVE', 'MONGO': 'C:\\mongodb-win32-x86_64-windows-4.4.4/bin', 'HOMEDRIVE': 'C:', 'SYSTEMDRIVE': 'C:', 'PUBLIC': 'C:\\Users\\Public', 'APPDATA': 'C:\\Users\\Philip\\AppData\\Roaming', 'PROCESSOR_LEVEL': '6', 'CIOENGINE': 'C:\\cio-panda3d', 'COMMONPROGRAMW6432': 'C:\\Program Files\\Common Files', 'OS': 'Windows_NT', 'ADSK_CLM_WPAD_PROXY_CHECK': 'FALSE', 'USERPROFILE': 'C:\\Users\\Philip'}
:10-28-2022 16:50:24 TTOffLauncher: isTestServer: 0
:10-28-2022 16:50:24 TTOffLauncher: Game Server 127.0.0.1
:10-28-2022 16:50:24 TTOffLauncher: Starting Toontown Online... 
:10-28-2022 16:50:24 TTOffLauncher: foreground: Launcher now operating in foreground
useTTOffSpecificLogin=True
:10-28-2022 16:50:24 TTOffLauncher: maybeStartGame: starting game
:10-28-2022 16:50:24 TTOffLauncher: Starting Toontown Online...
:10-28-2022 16:50:24 TTOffLauncher: background: Launcher now operating in background
ToontownStart: Polling for game2 to finish...
ToontownStart: Game2 is finished.
ToontownStart: Starting the game.
ToontownStart: setting default font
:10-28-2022 16:50:24 TTOffLauncher: setting panda error code to 7
Known pipe types:
  wglGraphicsPipe
(all display modules loaded.)
:10-28-2022 16:50:24 ToonBase: Default graphics pipe is wglGraphicsPipe (OpenGL).
:10-28-2022 16:50:24 :display(warning): FrameBufferProperties available less than requested.
  requested: depth_bits=24 color_bits=3 red_bits=1 green_bits=1 blue_bits=1 alpha_bits=1 multisamples=70 back_buffers=1 force_hardware 
  got: depth_bits=24 color_bits=24 red_bits=8 green_bits=8 blue_bits=8 alpha_bits=8 accum_bits=64 multisamples=16 back_buffers=1 force_hardware 
:10-28-2022 16:50:24 ToonBase: Successfully opened window of type wglGraphicsWindow (OpenGL)
:10-28-2022 16:50:24 ShowBase: __dev__ == False
:10-28-2022 16:50:24 TTOffLauncher: setting panda error code to 11
:10-28-2022 16:50:24 TTOffLauncher: setting panda error code to 0
ToontownStart: Loading default gui sounds
ToontownStart: serverVersion:  tto-dev
:10-28-2022 16:50:25 Loader: starting bulk load of block 'init'
:10-28-2022 16:50:25 :nativenet(error): Buffered_DatagramConnection Constructor rbufsize = 4096000 wbufsize = 4096000 write_flush_point = 1400
:10-28-2022 16:50:25 OTPClientRepository: Using connect method 'http'
:10-28-2022 16:50:26 TTOffLauncher: getRegistry ('DEPLOYMENT', None)
:10-28-2022 16:50:26 TTOffLauncher: checking env
:10-28-2022 16:50:26 TTOffLauncher: getRegistry ('GAME_DEPLOYMENT', None)
:10-28-2022 16:50:26 TTOffLauncher: checking env
:10-28-2022 16:50:26 OTPClientRepository: reg_deployment=
:10-28-2022 16:50:26 OTPClientRepository: required-login auto.
:10-28-2022 16:50:26 OTPClientRepository: loginInterface: LoginTTOffAccount
:10-28-2022 16:50:26 TTOffLauncher: getNeedPwForSecretKey using ttoff-specific-login
:10-28-2022 16:50:26 Loader: At end of block 'init', expected 138, loaded 7, duration=1.64659400824
:10-28-2022 16:50:26 OTPClientRepository: Connecting to gameserver directly (no proxy).
:10-28-2022 16:50:26 OTPClientRepository: Connecting to //127.0.0.1:7198 via HTTP interface.
:10-28-2022 16:50:26 TTOffLauncher: Stopping mini task manager.
:10-28-2022 16:50:26 OTPClientRepository: Successfully connected to //127.0.0.1:7198.
:10-28-2022 16:50:26 TTOffLauncher: Setting Disconnect Details normal
{402000001: <toontown.distributed.ToontownDistrict.ToontownDistrict instance at 0x00000000188B02C8>}
:10-28-2022 16:50:28 StateData: AvatarChooser.enter
:10-28-2022 16:50:28 DisplayOptions: settingsFullScreen = False, embedded = False width=800 height=600
:10-28-2022 16:50:28 StateData: calling self.displayOptions.restrictToEmbedded(False)
:10-28-2022 16:50:30 OTPClientRepository: ================
:10-28-2022 16:50:30 OTPClientRepository: Chose avatar id: 100000001
:10-28-2022 16:50:30 OTPClientRepository: Chose avatar name: Wittybumble
:10-28-2022 16:50:30 OTPClientRepository: Chose avatar dna: ('dss', 'ms', 'm', 'm', 6, 0, 6, 6, 1, 9, 1, 9, 1, 18)
:10-28-2022 16:50:30 OTPClientRepository: Chose avatar position: 1
:10-28-2022 16:50:30 OTPClientRepository: isPaid: 1
:10-28-2022 16:50:30 OTPClientRepository: freeTimeLeft: 0
:10-28-2022 16:50:30 OTPClientRepository: allowSecretChat: True
:10-28-2022 16:50:30 OTPClientRepository: ================
:10-28-2022 16:50:30 Loader: starting bulk load of block 'localAvatarPlayGame'
:10-28-2022 16:50:30 ToontownTimeManager(warning): error parsing date string=
:10-28-2022 16:50:30 Actor(warning): no part named head-front*!
local
:10-28-2022 16:50:31 NewsPageButtonManager(warning): Should not get here. NewsPageButtonManager.exitOff
:10-28-2022 16:50:31 :pnmimage:png(warning): iCCP: known incorrect sRGB profile
:10-28-2022 16:50:33 Actor(warning): no part named head-front*!
:10-28-2022 16:50:33 OTPClientRepository: Entering shard 402000001
:10-28-2022 16:50:33 StreetSign: Street sign url is https://ttoffline.com/images/
:10-28-2022 16:50:34 TimeManager: Clock sync: TimeManager.announceGenerate
:10-28-2022 16:50:34 NewsManager: setHolidayId: Starting Holiday 26
:10-28-2022 16:50:34 InGameNewsMgr: latestIssue=2013-08-22 16:49:46.000003-07:00
cpu info: GenuineIntel|        Intel(R) Core(TM) i7-3820 CPU @ 3.60GHz|132823|0|3.601,3.601|4,8 cpus
:10-28-2022 16:50:35 OTPClientRepository: No sync from TimeManager.
:10-28-2022 16:50:35 OTPClientRepository: gotTimeSync
:10-28-2022 16:50:35 Loader: At end of block 'localAvatarPlayGame', expected 400, loaded 20, duration=5.37188775377
:10-28-2022 16:50:35 TimeManager: Clock sync roundtrip took 1146.134 ms
:10-28-2022 16:50:35 TimeManager: AI time delta is -0:01 from server delta
:10-28-2022 16:50:35 TimeManager: Local clock uncertainty +/- 0.573 s
:10-28-2022 16:50:35 PlayGame: QA-REGRESSION: NEIGHBORHOODS: Visit Donald's Dock
:10-28-2022 16:50:35 Loader: starting bulk load of block 'hood'
:10-28-2022 16:50:36 OTPClientRepository: Sending heartbeat mid-frame.
:10-28-2022 16:50:37 DistributedObject(warning): no loader.getInteractiveProp self.interactiveProp is None
:10-28-2022 16:50:37 DistributedToon: calling LocalAvatar.startchat
:10-28-2022 16:50:37 Loader: At end of block 'hood', expected 12, loaded 9, duration=1.88677556328
:10-28-2022 16:50:39 Teleport(debug): teleportInDone: walk
Traceback (most recent call last):
  File "C:\Panda3D-1.11.0-x64\direct\showbase\ShowBase.py", line 1943, in __ivalLoop
    IntervalManager.ivalMgr.step()
  File "C:\Panda3D-1.11.0-x64\direct\interval\IntervalManager.py", line 95, in step
    self.__doPythonCallbacks()
  File "C:\Panda3D-1.11.0-x64\direct\interval\IntervalManager.py", line 131, in __doPythonCallbacks
    self.MyEventmanager.doEvents()
  File "C:\Panda3D-1.11.0-x64\direct\showbase\EventManager.py", line 43, in doEvents
    processFunc(dequeueFunc())
  File "C:\Panda3D-1.11.0-x64\direct\showbase\EventManager.py", line 99, in processEvent
    messenger.send(eventName, paramList)
  File "C:\Panda3D-1.11.0-x64\direct\showbase\Messenger.py", line 333, in send
    self.__dispatch(acceptorDict, event, sentArgs, foundWatch)
  File "C:\Panda3D-1.11.0-x64\direct\showbase\Messenger.py", line 418, in __dispatch
    result = method (*(extraArgs + sentArgs))
  File "toontown\safezone\DDPlayground.py", line 123, in teleportInDone
    Playground.Playground.teleportInDone(self)
  File "toontown\hood\Place.py", line 767, in teleportInDone
    self.fsm.request(self.nextState, [1])
  File "C:\Panda3D-1.11.0-x64\direct\fsm\ClassicFSM.py", line 281, in request
    exitArgList)
  File "C:\Panda3D-1.11.0-x64\direct\fsm\ClassicFSM.py", line 228, in __transition
    self.__enter(aState, enterArgList)
  File "C:\Panda3D-1.11.0-x64\direct\fsm\ClassicFSM.py", line 214, in __enter
    aState.enter(argList)
  File "C:\Panda3D-1.11.0-x64\direct\fsm\State.py", line 202, in enter
    self.__enterFunc(*argList)
  File "toontown\safezone\Playground.py", line 473, in enterWalk
    BattlePlace.BattlePlace.enterWalk(self, teleportIn)
  File "toontown\battle\BattlePlace.py", line 24, in enterWalk
    Place.Place.enterWalk(self, flag)
  File "toontown\hood\Place.py", line 221, in enterWalk
    self.walkStateData.fsm.request('walking')
  File "C:\Panda3D-1.11.0-x64\direct\fsm\ClassicFSM.py", line 281, in request
    exitArgList)
  File "C:\Panda3D-1.11.0-x64\direct\fsm\ClassicFSM.py", line 228, in __transition
    self.__enter(aState, enterArgList)
  File "C:\Panda3D-1.11.0-x64\direct\fsm\ClassicFSM.py", line 214, in __enter
    aState.enter(argList)
  File "C:\Panda3D-1.11.0-x64\direct\fsm\State.py", line 202, in enter
    self.__enterFunc(*argList)
  File "toontown\safezone\Walk.py", line 60, in enterWalking
    base.localAvatar.startTrackAnimToSpeed()
  File "otp\avatar\LocalAvatar.py", line 1250, in startTrackAnimToSpeed
    self.trackAnimToSpeed(task)
  File "otp\avatar\LocalAvatar.py", line 1186, in trackAnimToSpeed
    speed, rotSpeed, slideSpeed = self.controlManager.getSpeeds()
AttributeError: 'NoneType' object has no attribute 'getSpeeds'
:10-28-2022 16:50:39 :task(error): Exception occurred in PythonTask ivalLoop
:10-28-2022 16:50:39 TTOffLauncher: setting panda error code to 12
:10-28-2022 16:50:39 TTOffLauncher(warning): Handling Python exception.
:10-28-2022 16:50:39 TimeManager: Client disconnect reason 3.
:10-28-2022 16:50:39 TimeManager: Client exception: otp.avatar.LocalAvatar:1186, otp.avatar.LocalAvatar:1250, toontown.safezone.Walk:60, direct.fsm.State:202, AttributeError: 'NoneType' object has no attribute 'getSpeeds'
:10-28-2022 16:50:39 OTPClientRepository: Sent disconnect message to server
:10-28-2022 16:50:39 OTPClientRepository: Closing connection to server.
:10-28-2022 16:50:39 TTOffLauncher: Exception exit.

Traceback (most recent call last):
  File "otp\launcher\LauncherBase.py", line 1081, in mainLoop
    self._runTaskManager()
  File "otp\launcher\LauncherBase.py", line 1052, in _runTaskManager
    taskMgr.run()
  File "C:\Panda3D-1.11.0-x64\direct\task\Task.py", line 528, in run
    self.step()
  File "C:\Panda3D-1.11.0-x64\direct\task\Task.py", line 482, in step
    self.mgr.poll()
  File "C:\Panda3D-1.11.0-x64\direct\showbase\ShowBase.py", line 1943, in __ivalLoop
    IntervalManager.ivalMgr.step()
  File "C:\Panda3D-1.11.0-x64\direct\interval\IntervalManager.py", line 95, in step
    self.__doPythonCallbacks()
  File "C:\Panda3D-1.11.0-x64\direct\interval\IntervalManager.py", line 131, in __doPythonCallbacks
    self.MyEventmanager.doEvents()
  File "C:\Panda3D-1.11.0-x64\direct\showbase\EventManager.py", line 43, in doEvents
    processFunc(dequeueFunc())
  File "C:\Panda3D-1.11.0-x64\direct\showbase\EventManager.py", line 99, in processEvent
    messenger.send(eventName, paramList)
  File "C:\Panda3D-1.11.0-x64\direct\showbase\Messenger.py", line 333, in send
    self.__dispatch(acceptorDict, event, sentArgs, foundWatch)
  File "C:\Panda3D-1.11.0-x64\direct\showbase\Messenger.py", line 418, in __dispatch
    result = method (*(extraArgs + sentArgs))
  File "toontown\safezone\DDPlayground.py", line 123, in teleportInDone
    Playground.Playground.teleportInDone(self)
  File "toontown\hood\Place.py", line 767, in teleportInDone
    self.fsm.request(self.nextState, [1])
  File "C:\Panda3D-1.11.0-x64\direct\fsm\ClassicFSM.py", line 281, in request
    exitArgList)
  File "C:\Panda3D-1.11.0-x64\direct\fsm\ClassicFSM.py", line 228, in __transition
    self.__enter(aState, enterArgList)
  File "C:\Panda3D-1.11.0-x64\direct\fsm\ClassicFSM.py", line 214, in __enter
    aState.enter(argList)
  File "C:\Panda3D-1.11.0-x64\direct\fsm\State.py", line 202, in enter
    self.__enterFunc(*argList)
  File "toontown\safezone\Playground.py", line 473, in enterWalk
    BattlePlace.BattlePlace.enterWalk(self, teleportIn)
  File "toontown\battle\BattlePlace.py", line 24, in enterWalk
    Place.Place.enterWalk(self, flag)
  File "toontown\hood\Place.py", line 221, in enterWalk
    self.walkStateData.fsm.request('walking')
  File "C:\Panda3D-1.11.0-x64\direct\fsm\ClassicFSM.py", line 281, in request
    exitArgList)
  File "C:\Panda3D-1.11.0-x64\direct\fsm\ClassicFSM.py", line 228, in __transition
    self.__enter(aState, enterArgList)
  File "C:\Panda3D-1.11.0-x64\direct\fsm\ClassicFSM.py", line 214, in __enter
    aState.enter(argList)
  File "C:\Panda3D-1.11.0-x64\direct\fsm\State.py", line 202, in enter
    self.__enterFunc(*argList)
  File "toontown\safezone\Walk.py", line 60, in enterWalking
    base.localAvatar.startTrackAnimToSpeed()
  File "otp\avatar\LocalAvatar.py", line 1250, in startTrackAnimToSpeed
    self.trackAnimToSpeed(task)
  File "otp\avatar\LocalAvatar.py", line 1186, in trackAnimToSpeed
    speed, rotSpeed, slideSpeed = self.controlManager.getSpeeds()
AttributeError: 'NoneType' object has no attribute 'getSpeeds'
