

Starting Toontown Online...
Current time: Tue Sep 20 19:41:13 2022 Eastern Standard Time
sys.path =  ['', 'C:\\Toontown-Last-Laff-Workspace\\src\\Panda3D-1.11.0-x64\\python\\python27.zip', 'C:\\Panda3D-1.11.0-x64', 'C:\\Toontown-Last-Laff-Workspace\\src\\Panda3D-1.11.0-x64\\python\\DLLs', 'C:\\Toontown-Last-Laff-Workspace\\src\\Panda3D-1.11.0-x64\\python\\lib', 'C:\\Toontown-Last-Laff-Workspace\\src\\Panda3D-1.11.0-x64\\python\\lib\\plat-win', 'C:\\Toontown-Last-Laff-Workspace\\src\\Panda3D-1.11.0-x64\\python\\lib\\lib-tk', 'C:\\Toontown-Last-Laff-Workspace\\src\\Panda3D-1.11.0-x64\\python', 'C:\\Toontown-Last-Laff-Workspace\\src\\Panda3D-1.11.0-x64', 'C:\\Toontown-Last-Laff-Workspace\\src\\Panda3D-1.11.0-x64\\bin', 'C:\\Toontown-Last-Laff-Workspace\\src\\Panda3D-1.11.0-x64\\python\\lib\\site-packages']
sys.argv =  ['C:\\Toontown-Last-Laff-Workspace\\src\\toontown\\launcher\\TTOffQuickStartLauncher.py']
generating standard configrc
os.environ =  {'TMP': 'C:\\Users\\theph\\AppData\\Local\\Temp', 'COMPUTERNAME': 'DESKTOP-7054VC9', 'USERDOMAIN': 'DESKTOP-7054VC9', 'NEKO_INSTPATH': 'C:\\HaxeToolkit\\neko', 'INTEL_DEV_REDIST': 'C:\\Program Files (x86)\\Common Files\\Intel\\Shared Libraries\\', 'PSMODULEPATH': 'C:\\Program Files\\WindowsPowerShell\\Modules;C:\\WINDOWS\\system32\\WindowsPowerShell\\v1.0\\Modules', 'COMMONPROGRAMFILES': 'C:\\Program Files\\Common Files', 'PROCESSOR_IDENTIFIER': 'Intel64 Family 6 Model 158 Stepping 13, GenuineIntel', 'PROGRAMFILES': 'C:\\Program Files', 'PROCESSOR_REVISION': '9e0d', 'PATH': 'C:\\Panda3D-1.11.0-x64\\panda3d\\..\\bin;C:\\Program Files (x86)\\Common Files\\Intel\\Shared Libraries\\redist\\intel64_win\\compiler;C:\\Program Files (x86)\\NVIDIA Corporation\\PhysX\\Common;C:\\Program Files\\Python38\\Scripts\\;C:\\Program Files\\Python38\\;C:\\WINDOWS\\system32;C:\\WINDOWS;C:\\WINDOWS\\System32\\Wbem;C:\\WINDOWS\\System32\\WindowsPowerShell\\v1.0\\;C:\\WINDOWS\\System32\\OpenSSH\\;C:\\Program Files\\NVIDIA Corporation\\NVIDIA NvDLISR;C:\\Program Files\\dotnet\\;C:\\Users\\theph\\AppData\\Local\\Programs\\Python\\Python39;C:\\Users\\theph\\AppData\\Local\\Programs\\Python\\Python39\\Scripts;C:\\Program Files\\Common Files\\Autodesk Shared\\;C:\\Program Files\\Git\\cmd;C:\\Program Files (x86)\\Windows Live\\Shared;C:\\HaxeToolkit\\haxe;C:\\HaxeToolkit\\neko;C:\\Program Files\\Microsoft SQL Server\\150\\Tools\\Binn\\;C:\\Program Files\\Microsoft SQL Server\\Client SDK\\ODBC\\170\\Tools\\Binn\\;C:\\Users\\theph\\AppData\\Local\\Microsoft\\WindowsApps;C:\\Users\\theph\\.dotnet\\tools;C:\\Program Files\\JetBrains\\PyCharm Community Edition 2020.3.3\\bin;C:\\Users\\theph\\AppData\\Local\\atom\\bin;C:\\Users\\theph\\AppData\\Local\\GitHubDesktop\\bin;C:\\Panda3D-1.9.0-x64\\python;C:\\Panda3D-1.9.0-x64\\python\\Scripts;C:\\Panda3D-1.9.0-x64\\bin;C:\\Panda3D-1.9.0\\python;C:\\Panda3D-1.9.0\\python\\Scripts;C:\\Panda3D-1.9.0\\bin;C:\\Panda3D-1.10.0\\python;C:\\Panda3D-1.10.0\\python\\Scripts;C:\\Panda3D-1.10.0\\bin;C:\\Program Files\\JetBrains\\PyCharm Community Edition 2022.1\\bin;;C:\\Users\\theph\\AppData\\Local\\Programs\\Microsoft VS Code\\bin;C:\\Panda3D-1.11.0\\python;C:\\Panda3D-1.11.0\\python\\Scripts;C:\\Panda3D-1.11.0\\bin;C:\\Users\\theph\\.dotnet\\tools;C:\\Panda3D-1.10.11-x64\\python;C:\\Panda3D-1.10.11-x64\\python\\Scripts;C:\\Panda3D-1.10.11-x64\\bin;C:\\Panda3D-1.11.0-x64\\python;C:\\Panda3D-1.11.0-x64\\python\\Scripts;C:\\Panda3D-1.11.0-x64\\bin;C:\\EventHorizon-battle-ng-teaser\\dependencies\\panda\\python;C:\\EventHorizon-battle-ng-teaser\\dependencies\\panda\\python\\Scripts;C:\\EventHorizon-battle-ng-teaser\\depe', 'SYSTEMROOT': 'C:\\WINDOWS', 'PROGRAMFILES(X86)': 'C:\\Program Files (x86)', 'COMSPEC': 'C:\\WINDOWS\\system32\\cmd.exe', 'DRIVERDATA': 'C:\\Windows\\System32\\Drivers\\DriverData', 'PPYTHON_PATH': '"Panda3D-1.11.0-x64\\python\\ppython.exe"', 'TEMP': 'C:\\Users\\theph\\AppData\\Local\\Temp', 'FPS_BROWSER_APP_PROFILE_STRING': 'Internet Explorer', 'COMMONPROGRAMFILES(X86)': 'C:\\Program Files (x86)\\Common Files', 'PROCESSOR_ARCHITECTURE': 'AMD64', 'ALLUSERSPROFILE': 'C:\\ProgramData', 'LOCALAPPDATA': 'C:\\Users\\theph\\AppData\\Local', 'FPS_BROWSER_USER_PROFILE_STRING': 'Default', 'HOMEPATH': '\\Users\\theph', 'USERDOMAIN_ROAMINGPROFILE': 'DESKTOP-7054VC9', 'PROGRAMW6432': 'C:\\Program Files', 'USERNAME': 'theph', 'LOGONSERVER': '\\\\DESKTOP-7054VC9', 'PROMPT': '$P$G', 'SESSIONNAME': 'Console', 'PROGRAMDATA': 'C:\\ProgramData', 'ONEDRIVE': 'C:\\Users\\theph\\OneDrive', 'ADSK_3DSMAX_X64_2019': 'C:\\Program Files\\Autodesk\\3ds Max 2019\\', 'ZES_ENABLE_SYSMAN': '1', 'HAXEPATH': 'C:\\HaxeToolkit\\haxe', 'PATHEXT': '.COM;.EXE;.BAT;.CMD;.VBS;.VBE;.JS;.JSE;.WSF;.WSH;.MSC;.PY;.PYW', 'TTOFF_LOGIN_TOKEN': 'dev', 'WINDIR': 'C:\\WINDOWS', 'PYCHARM COMMUNITY EDITION': 'C:\\Program Files\\JetBrains\\PyCharm Community Edition 2022.1\\bin;', 'HOMEDRIVE': 'C:', 'SYSTEMDRIVE': 'C:', 'PUBLIC': 'C:\\Users\\Public', 'NUMBER_OF_PROCESSORS': '16', 'APPDATA': 'C:\\Users\\theph\\AppData\\Roaming', 'PROCESSOR_LEVEL': '6', 'COMMONPROGRAMW6432': 'C:\\Program Files\\Common Files', 'OS': 'Windows_NT', 'ADSK_CLM_WPAD_PROXY_CHECK': 'FALSE', 'USERPROFILE': 'C:\\Users\\theph'}
:09-20-2022 19:41:13 TTOffLauncher: isTestServer: 0
:09-20-2022 19:41:13 TTOffLauncher: Game Server 127.0.0.1
:09-20-2022 19:41:13 TTOffLauncher: Starting Toontown Online... 
:09-20-2022 19:41:13 TTOffLauncher: foreground: Launcher now operating in foreground
useTTOffSpecificLogin=True
:09-20-2022 19:41:13 TTOffLauncher: maybeStartGame: starting game
:09-20-2022 19:41:13 TTOffLauncher: Starting Toontown Online...
:09-20-2022 19:41:13 TTOffLauncher: background: Launcher now operating in background
ToontownStart: Polling for game2 to finish...
ToontownStart: Game2 is finished.
ToontownStart: Starting the game.
ToontownStart: setting default font
:09-20-2022 19:41:13 TTOffLauncher: setting panda error code to 7
Known pipe types:
  wglGraphicsPipe
(all display modules loaded.)
:09-20-2022 19:41:13 ToonBase: Default graphics pipe is wglGraphicsPipe (OpenGL).
:09-20-2022 19:41:13 ToonBase: Successfully opened window of type wglGraphicsWindow (OpenGL)
:09-20-2022 19:41:13 ShowBase: __dev__ == False
:09-20-2022 19:41:13 TTOffLauncher: setting panda error code to 11
:09-20-2022 19:41:13 TTOffLauncher: setting panda error code to 0
ToontownStart: Loading default gui sounds
ToontownStart: serverVersion:  tto-dev
:09-20-2022 19:41:13 Loader: starting bulk load of block 'init'
:09-20-2022 19:41:14 :nativenet(error): Buffered_DatagramConnection Constructor rbufsize = 4096000 wbufsize = 4096000 write_flush_point = 1400
:09-20-2022 19:41:14 OTPClientRepository: Using connect method 'http'
:09-20-2022 19:41:14 TTOffLauncher: getRegistry ('DEPLOYMENT', None)
:09-20-2022 19:41:14 TTOffLauncher: checking env
:09-20-2022 19:41:14 TTOffLauncher: getRegistry ('GAME_DEPLOYMENT', None)
:09-20-2022 19:41:14 TTOffLauncher: checking env
:09-20-2022 19:41:14 OTPClientRepository: reg_deployment=
:09-20-2022 19:41:14 OTPClientRepository: required-login auto.
:09-20-2022 19:41:14 OTPClientRepository: loginInterface: LoginTTOffAccount
:09-20-2022 19:41:14 TTOffLauncher: getNeedPwForSecretKey using ttoff-specific-login
:09-20-2022 19:41:14 Loader: At end of block 'init', expected 138, loaded 5, duration=1.0856421
:09-20-2022 19:41:14 OTPClientRepository: Connecting to gameserver directly (no proxy).
:09-20-2022 19:41:14 OTPClientRepository: Connecting to //127.0.0.1:7198 via HTTP interface.
:09-20-2022 19:41:14 TTOffLauncher: Stopping mini task manager.
:09-20-2022 19:41:14 OTPClientRepository: Successfully connected to //127.0.0.1:7198.
:09-20-2022 19:41:14 TTOffLauncher: Setting Disconnect Details normal
{401000001: <toontown.distributed.ToontownDistrict.ToontownDistrict instance at 0x000000001BB5EF88>}
:09-20-2022 19:41:15 StateData: AvatarChooser.enter
:09-20-2022 19:41:15 DisplayOptions: settingsFullScreen = False, embedded = False width=800 height=600
:09-20-2022 19:41:15 StateData: calling self.displayOptions.restrictToEmbedded(False)
:09-20-2022 19:41:22 OTPClientRepository: ================
:09-20-2022 19:41:22 OTPClientRepository: Chose avatar id: 100000002
:09-20-2022 19:41:22 OTPClientRepository: Chose avatar name: Prince Bert Whiskerfuddy
:09-20-2022 19:41:22 OTPClientRepository: Chose avatar dna: ('dls', 'ls', 'l', 'm', 20, 0, 20, 20, 1, 0, 1, 0, 1, 14)
:09-20-2022 19:41:22 OTPClientRepository: Chose avatar position: 4
:09-20-2022 19:41:22 OTPClientRepository: isPaid: 1
:09-20-2022 19:41:22 OTPClientRepository: freeTimeLeft: 0
:09-20-2022 19:41:22 OTPClientRepository: allowSecretChat: True
:09-20-2022 19:41:22 OTPClientRepository: ================
:09-20-2022 19:41:22 Loader: starting bulk load of block 'localAvatarPlayGame'
:09-20-2022 19:41:23 ToontownTimeManager(warning): error parsing date string=
local
:09-20-2022 19:41:23 NewsPageButtonManager(warning): Should not get here. NewsPageButtonManager.exitOff
:09-20-2022 19:41:23 :pnmimage:png(warning): iCCP: known incorrect sRGB profile
:09-20-2022 19:41:24 OTPClientRepository: Entering shard 401000001
:09-20-2022 19:41:24 StreetSign: Street sign url is https://ttoffline.com/images/
:09-20-2022 19:41:25 OTPClientRepository: Sending heartbeat mid-frame.
:09-20-2022 19:41:25 TimeManager: Clock sync: TimeManager.announceGenerate
:09-20-2022 19:41:25 NewsManager: setHolidayId: Starting Holiday 26
:09-20-2022 19:41:25 InGameNewsMgr: latestIssue=2013-08-22 16:49:46.000003-07:00
cpu info: GenuineIntel|Intel(R) Core(TM) i9-9900K CPU @ 3.60GHz|591597|0|3.600,3.600|8,16 cpus
:09-20-2022 19:41:26 OTPClientRepository: No sync from TimeManager.
:09-20-2022 19:41:26 OTPClientRepository: gotTimeSync
:09-20-2022 19:41:26 Loader: At end of block 'localAvatarPlayGame', expected 400, loaded 12, duration=3.8728445
:09-20-2022 19:41:26 TimeManager: Clock sync roundtrip took 1157.017 ms
:09-20-2022 19:41:26 TimeManager: AI time delta is -0:01 from server delta
:09-20-2022 19:41:26 TimeManager: Local clock uncertainty +/- 0.579 s
:09-20-2022 19:41:26 QuietZoneState: Requesting AI redirect from zone 22000.
:09-20-2022 19:41:26 NewsManager: setInvasionStatus: msgType: 3 cogType: b, numRemaining: 1000000, skeleton: 0
:09-20-2022 19:41:26 QuietZoneState: Redirecting to zone 22000.
:09-20-2022 19:41:26 PlayGame: QA-REGRESSION: NEIGHBORHOODS: Visit Toontown Central
:09-20-2022 19:41:26 Loader: starting bulk load of block 'hood'
:09-20-2022 19:41:28 DistributedObject(warning): no loader.getInteractiveProp self.interactiveProp is None
:09-20-2022 19:41:28 DistributedObject(warning): no loader.getInteractiveProp self.interactiveProp is None
:09-20-2022 19:41:28 DistributedObject(warning): no loader.getInteractiveProp self.interactiveProp is None
:09-20-2022 19:41:28 DistributedObject(warning): no loader.getInteractiveProp self.interactiveProp is None
:09-20-2022 19:41:28 DistributedObject(warning): no loader.getInteractiveProp self.interactiveProp is None
:09-20-2022 19:41:28 DistributedToon: calling LocalAvatar.startchat
:09-20-2022 19:41:28 Loader: At end of block 'hood', expected 8, loaded 8, duration=1.6390848
:09-20-2022 19:41:29 Teleport(debug): teleportInDone: popup
:09-20-2022 19:41:38 Playground: Unloading Place (22000). Fsm in final
:09-20-2022 19:41:38 QuietZoneState: Requesting AI redirect from zone 22226.
:09-20-2022 19:41:38 QuietZoneState: Redirecting to zone 22226.
:09-20-2022 19:41:38 Loader: starting bulk load of block 'hood'
:09-20-2022 19:41:40 TownLoader: skipping self.geom.flattenMedium
:09-20-2022 19:41:40 Loader: At end of block 'hood', expected 37, loaded 5, duration=1.2443349
:09-20-2022 19:41:40 DistributedObject: DistributedSuitPlanner 401003733: generating
:09-20-2022 19:41:56 Street: QA-REGRESSION: COGBATTLE: Enter Battle
Battle Event localtoon-battle-event-3
:09-20-2022 19:42:07 TTOffMagicWordManager: Prince Bert Whiskerfuddy can now insta-kill Cogs!
:09-20-2022 19:43:26 TTOffMagicWordManager: Maxed out Prince Bert Whiskerfuddy's stats.
:09-20-2022 19:43:27 ShtikerBook: QA-REGRESSION: SHTICKERBOOK: Open
OnscreenText.configure: mayChange == 0
OnscreenText.configure: mayChange == 0
OnscreenText.configure: mayChange == 0
OnscreenText.configure: mayChange == 0
:09-20-2022 19:43:28 ShtikerBook: QA-REGRESSION: SHTICKERBOOK: Browse tabs Map
:09-20-2022 19:43:29 ShtikerBook: QA-REGRESSION: SHTICKERBOOK: Close
:09-20-2022 19:43:35 Street: Unloading Place (None). Fsm in final
:09-20-2022 19:43:35 DistributedObject: DistributedSuitPlanner 401003733: disabling
:09-20-2022 19:43:35 PlayGame: QA-REGRESSION: NEIGHBORHOODS: Visit Sellbot HQ
:09-20-2022 19:43:35 Loader: starting bulk load of block 'hood'
:09-20-2022 19:43:35 SellbotCogHQLoader: loadPlaceGeom: 11000
:09-20-2022 19:43:35 DistributedObject: DistributedSuitPlanner 401002952: generating
:09-20-2022 19:43:35 DistributedToon: calling LocalAvatar.startchat
:09-20-2022 19:43:35 :loader(error): Couldn't load file phase_4/models/questmap/cog_hq_sellbot_maps.bam: not found on model path (currently: "/;/c/Toontown-Last-Laff-Workspace/src/toontown/launcher;/c/Panda3D-1.11.0-x64/etc/..;/c/Panda3D-1.11.0-x64/etc/../models")
:09-20-2022 19:43:35 Loader: At end of block 'hood', expected 43, loaded 1, duration=0.4889481
:09-20-2022 19:43:37 Teleport(debug): teleportInDone: walk
:09-20-2022 19:43:37 :loader(error): Couldn't load file phase_4/models/questmap/cog_hq_sellbot_maps.bam: not found on model path (currently: "/;/c/Toontown-Last-Laff-Workspace/src/toontown/launcher;/c/Panda3D-1.11.0-x64/etc/..;/c/Panda3D-1.11.0-x64/etc/../models")
:09-20-2022 19:43:41 SellbotHQExterior: QA-REGRESSION: COGBATTLE: Enter Battle
Battle Event localtoon-battle-event-9
:09-20-2022 19:43:52 ClassicFSM(warning): [DistributedSuit]: no transition exists from Walk to FromCogHQ
:09-20-2022 19:43:55 ClassicFSM(warning): [DistributedSuit]: no transition exists from Walk to FromCogHQ
:09-20-2022 19:44:05 ClassicFSM(warning): [DistributedSuit]: no transition exists from Walk to FromCogHQ
:09-20-2022 19:44:18 :loader(error): Couldn't load file phase_4/models/questmap/cog_hq_sellbot_maps.bam: not found on model path (currently: "/;/c/Toontown-Last-Laff-Workspace/src/toontown/launcher;/c/Panda3D-1.11.0-x64/etc/..;/c/Panda3D-1.11.0-x64/etc/../models")
:09-20-2022 19:44:18 SellbotHQExterior(warning): fsm.request('walk') returned 0 (zone id 11012, avatar pos LPoint3f(90.1194, -209.549, 0.783789)).
:09-20-2022 19:44:21 ClassicFSM(warning): [DistributedSuit]: no transition exists from Walk to FromCogHQ
:09-20-2022 19:44:21 ShtikerBook: QA-REGRESSION: SHTICKERBOOK: Open
:09-20-2022 19:44:21 ShtikerBook: QA-REGRESSION: SHTICKERBOOK: Close
:09-20-2022 19:44:23 :loader(error): Couldn't load file phase_4/models/questmap/cog_hq_sellbot_maps.bam: not found on model path (currently: "/;/c/Toontown-Last-Laff-Workspace/src/toontown/launcher;/c/Panda3D-1.11.0-x64/etc/..;/c/Panda3D-1.11.0-x64/etc/../models")
:09-20-2022 19:44:23 ShtikerBook: QA-REGRESSION: SHTICKERBOOK: Open
OnscreenText.configure: mayChange == 0
OnscreenText.configure: mayChange == 0
OnscreenText.configure: mayChange == 0
OnscreenText.configure: mayChange == 0
:09-20-2022 19:44:24 ShtikerBook: QA-REGRESSION: SHTICKERBOOK: Browse tabs Map
:09-20-2022 19:44:25 ShtikerBook: QA-REGRESSION: SHTICKERBOOK: Close
:09-20-2022 19:44:30 SellbotHQExterior: Unloading Place (11012). Fsm in final
:09-20-2022 19:44:31 DistributedObject: DistributedSuitPlanner 401002952: disabling
:09-20-2022 19:44:31 PlayGame: QA-REGRESSION: NEIGHBORHOODS: Visit Donald's Dreamland
:09-20-2022 19:44:31 Loader: starting bulk load of block 'hood'
:09-20-2022 19:44:31 DistributedObject(warning): no loader.getInteractiveProp self.interactiveProp is None
:09-20-2022 19:44:31 DistributedObject(warning): no loader.getInteractiveProp self.interactiveProp is None
:09-20-2022 19:44:31 DistributedObject(warning): no loader.getInteractiveProp self.interactiveProp is None
:09-20-2022 19:44:31 DistributedToon: calling LocalAvatar.startchat
:09-20-2022 19:44:31 Loader: At end of block 'hood', expected 7, loaded 4, duration=0.8172049
:09-20-2022 19:44:33 Teleport(debug): teleportInDone: walk
:09-20-2022 19:44:53 Playground: Unloading Place (9000). Fsm in final
:09-20-2022 19:44:54 Loader: starting bulk load of block 'hood'
:09-20-2022 19:44:54 OTPClientRepository: Sending heartbeat mid-frame.
:09-20-2022 19:44:55 TownLoader: skipping self.geom.flattenMedium
:09-20-2022 19:44:55 Loader: At end of block 'hood', expected 40, loaded 7, duration=1.5716819
:09-20-2022 19:44:55 DistributedObject: DistributedSuitPlanner 401002947: generating
:09-20-2022 19:45:20 Street: Unloading Place (None). Fsm in final
:09-20-2022 19:45:20 DistributedObject: DistributedSuitPlanner 401002947: disabling
:09-20-2022 19:45:21 OTPClientRepository(warning): Server is booting us out (153): The session object with id 100000002 has been unexpectedly deleted.
:09-20-2022 19:45:21 OTPClientRepository(warning): Lost connection to gameserver.
:09-20-2022 19:45:21 SuitInterior: Unloading Place (9704). Fsm in elevatorOut
:09-20-2022 19:45:21 OTPClientRepository(warning): unclean exit, abandoning shard
ignoring InputState-forward
:09-20-2022 19:45:21 OTPClientRepository: sending clientLogout
:09-20-2022 19:45:21 LocalAvatar(warning): redundant call to stopUpdateSmartCamera
:09-20-2022 19:45:21 TTOffLauncher: New Disconnect Details: 153 - The district you were playing on has been reset.  Everyone who was playing on that district has been disconnected.  However, you should be able to connect again and go right back into the game. 
:09-20-2022 19:45:21 OTPClientRepository(warning): Lost connection to server. Notifying user.
:09-20-2022 19:45:21 OTPClientRepository(warning): Disable failed. DistObj 401004363 is not in dictionary, ownerView=False
:09-20-2022 19:45:21 :downloader(warning): Windows error code: 0
:09-20-2022 19:45:21 OTPClientRepository(warning): Lost connection to gameserver.
:09-20-2022 19:45:26 OTPClientRepository: Exiting cleanly
:09-20-2022 19:45:26 ToonBase: Exiting Toontown: errorCode = None
:09-20-2022 19:45:26 TTOffLauncher: setting panda error code to 0
:09-20-2022 19:45:26 TTOffLauncher: Normal exit.
