

Starting Toontown Online...
Current time: Sun Oct 23 15:23:10 2022 Eastern Standard Time
sys.path =  ['', 'C:\\Toontown-Last-Laff-Workspace-10-21-2022\\src\\Panda3D-1.11.0-x64\\python\\python27.zip', 'C:\\Panda3D-1.11.0-x64', 'C:\\Toontown-Last-Laff-Workspace-10-21-2022\\src\\Panda3D-1.11.0-x64\\python\\DLLs', 'C:\\Toontown-Last-Laff-Workspace-10-21-2022\\src\\Panda3D-1.11.0-x64\\python\\lib', 'C:\\Toontown-Last-Laff-Workspace-10-21-2022\\src\\Panda3D-1.11.0-x64\\python\\lib\\plat-win', 'C:\\Toontown-Last-Laff-Workspace-10-21-2022\\src\\Panda3D-1.11.0-x64\\python\\lib\\lib-tk', 'C:\\Toontown-Last-Laff-Workspace-10-21-2022\\src\\Panda3D-1.11.0-x64\\python', 'C:\\Toontown-Last-Laff-Workspace-10-21-2022\\src\\Panda3D-1.11.0-x64', 'C:\\Toontown-Last-Laff-Workspace-10-21-2022\\src\\Panda3D-1.11.0-x64\\bin', 'C:\\Toontown-Last-Laff-Workspace-10-21-2022\\src\\Panda3D-1.11.0-x64\\python\\lib\\site-packages']
sys.argv =  ['C:\\Toontown-Last-Laff-Workspace-10-21-2022\\src\\toontown\\launcher\\TTOffQuickStartLauncher.py']
generating standard configrc
os.environ =  {'TMP': 'C:\\Users\\Philip\\AppData\\Local\\Temp', 'COMPUTERNAME': 'PHILIP-JR', 'USERDOMAIN': 'PHILIP-JR', 'NEKO_INSTPATH': 'C:\\HaxeToolkit\\neko', 'PSMODULEPATH': 'C:\\WINDOWS\\system32\\WindowsPowerShell\\v1.0\\Modules\\', 'DOKANLIBRARY1': 'C:\\Program Files\\Dokan\\Dokan Library-1.4.1\\', 'ADSK_3DSMAX_X64_2021': 'C:\\Program Files\\Autodesk\\3ds Max 2021\\', 'PROCESSOR_IDENTIFIER': 'Intel64 Family 6 Model 45 Stepping 7, GenuineIntel', 'VBOX_MSI_INSTALL_PATH': 'C:\\Program Files\\Oracle\\VirtualBox\\', 'PROGRAMFILES': 'C:\\Program Files', 'PROCESSOR_REVISION': '2d07', 'PATH': 'C:\\Panda3D-1.11.0-x64\\panda3d\\..\\bin;C:\\Program Files (x86)\\Common Files\\Oracle\\Java\\javapath;C:\\Windows\\system32;C:\\Windows;C:\\Windows\\System32\\Wbem;C:\\Windows\\System32\\WindowsPowerShell\\v1.0\\;C:\\Program Files (x86)\\NVIDIA Corporation\\PhysX\\Common;C:\\Program Files\\Git\\cmd;C:\\WINDOWS\\system32;C:\\WINDOWS;C:\\WINDOWS\\System32\\Wbem;C:\\WINDOWS\\System32\\WindowsPowerShell\\v1.0\\;C:\\Program Files\\dotnet\\;C:\\Program Files\\Common Files\\Autodesk Shared\\;C:\\Program Files\\Microsoft SQL Server\\120\\Tools\\Binn\\;C:\\HaxeToolkit\\haxe;C:\\HaxeToolkit\\neko;C:\\Program Files\\Animation Paper\\gstreamer\\bin;C:\\Program Files\\PuTTY\\;C:\\Program Files\\NVIDIA Corporation\\NVIDIA NvDLISR;C:\\Program Files (x86)\\Windows Live\\Shared;C:\\HaxeToolkit\\haxe;C:\\HaxeToolkit\\neko;C:\\Program Files (x86)\\Windows Kits\\8.1\\Windows Performance Toolkit\\;C:\\Users\\Philip\\anaconda3;C:\\Users\\Philip\\anaconda3\\Library\\mingw-w64\\bin;C:\\Users\\Philip\\anaconda3\\Library\\usr\\bin;C:\\Users\\Philip\\anaconda3\\Library\\bin;C:\\Users\\Philip\\anaconda3\\Scripts;C:\\Program Files\\MySQL\\MySQL Shell 8.0\\bin\\;C:\\Panda3D-1.10.02\\python;C:\\Panda3D-1.10.02\\python\\Scripts;C:\\Panda3D-1.10.02\\bin;C:\\Panda3D-1.11.0-x64-py2\\python;C:\\Panda3D-1.11.0-x64-py2\\python\\Scripts;C:\\Panda3D-1.11.0-x64-py2\\bin;C:\\Users\\Philip\\AppData\\Local\\GitHubDesktop\\bin;C:\\Panda3D-1.9.0\\python;C:\\Panda3D-1.9.0\\python\\Scripts;C:\\Panda3D-1.9.0\\bin;C:\\Panda3D-1.10.0-x64\\python;C:\\Panda3D-1.10.0-x64\\python\\Scripts;C:\\Panda3D-1.10.0-x64\\bin;C:\\Users\\Philip\\AppData\\Local\\atom\\bin;C:\\Panda3D-1.10.0\\python;C:\\Panda3D-1.10.0\\python\\Scripts;C:\\Panda3D-1.10.0\\bin;C:\\Panda3D-1.11.0-x64-astron\\python;C:\\Panda3D-1.11.0-x64-astron\\python\\Scripts;C:\\Panda3D-1.11.0-x64-astron\\bin;C:\\Panda3D-1.11.0-x64\\python;C:\\Panda3D-1.11.0-x64\\python\\Scripts;C:\\Panda3D-1.11.0-x64\\bin;C:\\Panda3D-1.10.9-x64\\python;C:\\Panda3D-1.10.9-x64\\python\\Scrip;C:\\Users\\Philip\\AppData\\Local\\Programs\\Microsoft VS Code\\bin;C:\\Users\\Philip\\.dotnet\\tools;%C:\\Program Files (x86)\\Windows Kits\\8.1\\bin\\x86\\rc.exe%;%C:\\Program Files (x86)\\Microsoft Visual Studio\\2019\\BuildTools\\Common7\\IDE%;C:\\Program Files\\JetBrains\\PyCharm Community Edition 2022.2.3\\bin;', 'SYSTEMROOT': 'C:\\WINDOWS', 'NUMBER_OF_PROCESSORS': '8', 'PROGRAMFILES(X86)': 'C:\\Program Files (x86)', 'COMSPEC': 'C:\\WINDOWS\\system32\\cmd.exe', 'KMP_BLOCKTIME': '0', 'PPYTHON_PATH': '"Panda3D-1.11.0-x64\\python\\ppython.exe"', 'PYCHARM COMMUNITY EDITION': 'C:\\Program Files\\JetBrains\\PyCharm Community Edition 2022.2.3\\bin;', 'COMMONPROGRAMFILES(X86)': 'C:\\Program Files (x86)\\Common Files', 'PROCESSOR_ARCHITECTURE': 'AMD64', 'DOKANLIBRARY1_LIBRARYPATH_X64': 'C:\\Program Files\\Dokan\\Dokan Library-1.4.1\\lib\\', 'ALLUSERSPROFILE': 'C:\\ProgramData', 'LOCALAPPDATA': 'C:\\Users\\Philip\\AppData\\Local', 'HOMEPATH': '\\Users\\Philip', 'USERDOMAIN_ROAMINGPROFILE': 'PHILIP-JR', 'PROGRAMW6432': 'C:\\Program Files', 'USERNAME': 'Philip', 'FP_NO_HOST_CHECK': 'NO', 'DOKANLIBRARY1_LIBRARYPATH_X86': 'C:\\Program Files\\Dokan\\Dokan Library-1.4.1\\x86\\lib\\', 'LOGONSERVER': '\\\\MicrosoftAccount', 'PROMPT': '$P$G', 'SESSIONNAME': 'Console', 'PROGRAMDATA': 'C:\\ProgramData', 'COMMONPROGRAMFILES': 'C:\\Program Files\\Common Files', 'TEMP': 'C:\\Users\\Philip\\AppData\\Local\\Temp', 'HAXEPATH': 'C:\\HaxeToolkit\\haxe', 'PATHEXT': '.COM;.EXE;.BAT;.CMD;.VBS;.VBE;.JS;.JSE;.WSF;.WSH;.MSC', 'TTOFF_LOGIN_TOKEN': 'dev', 'VS160COMCOMNTOOLS': 'C:\\Program Files (x86)\\Microsoft Visual Studio\\2019\\Community\\Common7\\Tools\\', 'WINDIR': 'C:\\WINDOWS', 'OMP_WAIT_POLICY': 'PASSIVE', 'MONGO': 'C:\\mongodb-win32-x86_64-windows-4.4.4/bin', 'HOMEDRIVE': 'C:', 'SYSTEMDRIVE': 'C:', 'PUBLIC': 'C:\\Users\\Public', 'APPDATA': 'C:\\Users\\Philip\\AppData\\Roaming', 'PROCESSOR_LEVEL': '6', 'CIOENGINE': 'C:\\cio-panda3d', 'COMMONPROGRAMW6432': 'C:\\Program Files\\Common Files', 'OS': 'Windows_NT', 'ADSK_CLM_WPAD_PROXY_CHECK': 'FALSE', 'USERPROFILE': 'C:\\Users\\Philip'}
:10-23-2022 15:23:10 TTOffLauncher: isTestServer: 0
:10-23-2022 15:23:10 TTOffLauncher: Game Server 127.0.0.1
:10-23-2022 15:23:10 TTOffLauncher: Starting Toontown Online... 
:10-23-2022 15:23:10 TTOffLauncher: foreground: Launcher now operating in foreground
useTTOffSpecificLogin=True
:10-23-2022 15:23:10 TTOffLauncher: maybeStartGame: starting game
:10-23-2022 15:23:10 TTOffLauncher: Starting Toontown Online...
:10-23-2022 15:23:10 TTOffLauncher: background: Launcher now operating in background
ToontownStart: Polling for game2 to finish...
ToontownStart: Game2 is finished.
ToontownStart: Starting the game.
ToontownStart: setting default font
:10-23-2022 15:23:10 TTOffLauncher: setting panda error code to 7
Known pipe types:
  wglGraphicsPipe
(all display modules loaded.)
:10-23-2022 15:23:10 ToonBase: Default graphics pipe is wglGraphicsPipe (OpenGL).
:10-23-2022 15:23:11 :display(warning): FrameBufferProperties available less than requested.
  requested: depth_bits=24 color_bits=3 red_bits=1 green_bits=1 blue_bits=1 alpha_bits=1 multisamples=70 back_buffers=1 force_hardware 
  got: depth_bits=24 color_bits=24 red_bits=8 green_bits=8 blue_bits=8 alpha_bits=8 accum_bits=64 multisamples=16 back_buffers=1 force_hardware 
:10-23-2022 15:23:11 ToonBase: Successfully opened window of type wglGraphicsWindow (OpenGL)
:10-23-2022 15:23:11 ShowBase: __dev__ == False
:10-23-2022 15:23:11 TTOffLauncher: setting panda error code to 11
:10-23-2022 15:23:11 TTOffLauncher: setting panda error code to 0
ToontownStart: Loading default gui sounds
ToontownStart: serverVersion:  tto-dev
:10-23-2022 15:23:11 Loader: starting bulk load of block 'init'
:10-23-2022 15:23:12 :nativenet(error): Buffered_DatagramConnection Constructor rbufsize = 4096000 wbufsize = 4096000 write_flush_point = 1400
:10-23-2022 15:23:12 OTPClientRepository: Using connect method 'http'
:10-23-2022 15:23:13 TTOffLauncher: getRegistry ('DEPLOYMENT', None)
:10-23-2022 15:23:13 TTOffLauncher: checking env
:10-23-2022 15:23:13 TTOffLauncher: getRegistry ('GAME_DEPLOYMENT', None)
:10-23-2022 15:23:13 TTOffLauncher: checking env
:10-23-2022 15:23:13 OTPClientRepository: reg_deployment=
:10-23-2022 15:23:13 OTPClientRepository: required-login auto.
:10-23-2022 15:23:13 OTPClientRepository: loginInterface: LoginTTOffAccount
:10-23-2022 15:23:13 TTOffLauncher: getNeedPwForSecretKey using ttoff-specific-login
:10-23-2022 15:23:13 Loader: At end of block 'init', expected 138, loaded 9, duration=1.94603327029
:10-23-2022 15:23:13 OTPClientRepository: Connecting to gameserver directly (no proxy).
:10-23-2022 15:23:13 OTPClientRepository: Connecting to //127.0.0.1:7198 via HTTP interface.
:10-23-2022 15:23:13 TTOffLauncher: Stopping mini task manager.
:10-23-2022 15:23:13 OTPClientRepository: Successfully connected to //127.0.0.1:7198.
:10-23-2022 15:23:13 TTOffLauncher: Setting Disconnect Details normal
{402000001: <toontown.distributed.ToontownDistrict.ToontownDistrict instance at 0x000000001719CBC8>}
:10-23-2022 15:23:15 StateData: AvatarChooser.enter
:10-23-2022 15:23:15 DisplayOptions: settingsFullScreen = False, embedded = False width=800 height=600
:10-23-2022 15:23:15 StateData: calling self.displayOptions.restrictToEmbedded(False)
:10-23-2022 15:23:17 MakeAToon: QA-REGRESSION: MAKEATOON: Starting Make A Toon
:10-23-2022 15:23:47 NameShop: QA-REGRESSION: ENTERTUTORIAL: Enter Tutorial
:10-23-2022 15:23:47 NameShop(warning): No dislId, using 0
:10-23-2022 15:23:48 MakeAToon: QA-REGRESSION: MAKEATOON: Creating A Toon
:10-23-2022 15:23:48 Loader: starting bulk load of block 'localAvatarPlayGame'
:10-23-2022 15:23:49 ToontownTimeManager(warning): error parsing date string=
local
:10-23-2022 15:23:49 NewsPageButtonManager(warning): Should not get here. NewsPageButtonManager.exitOff
:10-23-2022 15:23:49 :gobj(error): Texture::read() - couldn't read: phase_3.5/maps/global_disabled.jpg
:10-23-2022 15:23:49 :gobj(error): Unable to find texture "phase_3.5/maps/global_disabled.jpg" on model-path /;/c/Toontown-Last-Laff-Workspace-10-21-2022/src/toontown/launcher;/c/Panda3D-1.11.0-x64/etc/..;/c/Panda3D-1.11.0-x64/etc/../models
:10-23-2022 15:23:50 :pnmimage:png(warning): iCCP: known incorrect sRGB profile
:10-23-2022 15:23:52 OTPClientRepository: Entering shard 402000001
:10-23-2022 15:23:52 StreetSign: Street sign url is https://ttoffline.com/images/
:10-23-2022 15:23:53 TimeManager: Clock sync: TimeManager.announceGenerate
:10-23-2022 15:23:53 NewsManager: setHolidayId: Starting Holiday 26
:10-23-2022 15:23:53 InGameNewsMgr: latestIssue=2013-08-22 16:49:46.000003-07:00
cpu info: GenuineIntel|        Intel(R) Core(TM) i7-3820 CPU @ 3.60GHz|132823|0|3.601,3.601|4,8 cpus
:10-23-2022 15:23:54 OTPClientRepository: No sync from TimeManager.
:10-23-2022 15:23:54 OTPClientRepository: gotTimeSync
:10-23-2022 15:23:54 OTPClientRepository: Sending heartbeat mid-frame.
:10-23-2022 15:23:54 TimeManager: Clock sync roundtrip took 1198.543 ms
:10-23-2022 15:23:54 TimeManager: AI time delta is -0:01 from server delta
:10-23-2022 15:23:54 TimeManager: Local clock uncertainty +/- 0.599 s
:10-23-2022 15:23:54 Loader: At end of block 'localAvatarPlayGame', expected 400, loaded 22, duration=6.06233080908
:10-23-2022 15:23:54 PlayGame: QA-REGRESSION: NEIGHBORHOODS: Visit Toon-torial
:10-23-2022 15:23:54 Loader: starting bulk load of block 'hood'
:10-23-2022 15:23:56 TownBattleSuitPanel: Loading Suit Battle Panel!
:10-23-2022 15:23:56 TownBattleSuitPanel: Loading Suit Battle Panel!
:10-23-2022 15:23:56 TownBattleSuitPanel: Loading Suit Battle Panel!
:10-23-2022 15:23:56 TownBattleSuitPanel: Loading Suit Battle Panel!
:10-23-2022 15:23:56 TownBattleSuitPanel: Loading Suit Battle Panel!
:10-23-2022 15:23:56 TownBattleSuitPanel: Loading Suit Battle Panel!
:10-23-2022 15:23:56 TownBattleSuitPanel: Loading Suit Battle Panel!
:10-23-2022 15:23:56 TownBattleSuitPanel: Loading Suit Battle Panel!
:10-23-2022 15:23:56 TownLoader: skipping self.geom.flattenMedium
:10-23-2022 15:23:56 NewsManager: setInvasionStatus: msgType: 3 cogType: b, numRemaining: 1000000, skeleton: 0
:10-23-2022 15:23:56 Actor(warning): no part named head-front*!
:10-23-2022 15:23:57 DistributedToon(warning): announceGenerate: Could not find npc_origin_0
:10-23-2022 15:23:57 DistributedObject: Tutorial movie: Place ready.
:10-23-2022 15:23:57 DistributedObject: Tutorial movie: Play.
:10-23-2022 15:23:57 DistributedToon: NOT calling LocalAvatar.startchat, in tutorial
:10-23-2022 15:23:57 Loader: At end of block 'hood', expected 42, loaded 12, duration=2.49041181535
local
:10-23-2022 15:24:11 OTPClientRepository(warning): Server is booting us out (153): The session object with id 100000002 has been unexpectedly deleted.
:10-23-2022 15:24:11 OTPClientRepository(warning): Lost connection to gameserver.
:10-23-2022 15:24:11 ToonInterior: Unloading Place (61002). Fsm in final
:10-23-2022 15:24:11 OTPClientRepository(warning): unclean exit, abandoning shard
ignoring InputState-forward
:10-23-2022 15:24:11 OTPClientRepository: sending clientLogout
Assertion failed: _error_type != ET_not_found at line 592 of panda/src/pgraph/nodePath.cxx
Traceback (most recent call last):
  File "C:\Panda3D-1.11.0-x64\direct\distributed\ConnectionRepository.py", line 609, in readerPollUntilEmpty
    while self.readerPollOnce():
  File "C:\Panda3D-1.11.0-x64\direct\distributed\ConnectionRepository.py", line 616, in readerPollOnce
    self.handleDatagram(self.private__di)
  File "otp\distributed\OTPClientRepository.py", line 1838, in handleDatagram
    self.handler(msgType, di)
  File "otp\distributed\OTPClientRepository.py", line 1445, in handlePlayGame
    self.handleMessageType(msgType, di)
  File "otp\distributed\OTPClientRepository.py", line 1716, in handleMessageType
    self.handleGoGetLost(di)
  File "C:\Panda3D-1.11.0-x64\direct\distributed\ClientRepositoryBase.py", line 494, in handleGoGetLost
    self.lostConnection()
  File "otp\distributed\OTPClientRepository.py", line 1621, in lostConnection
    self.loginFSM.request('noConnection')
  File "C:\Panda3D-1.11.0-x64\direct\fsm\ClassicFSM.py", line 281, in request
    exitArgList)
  File "C:\Panda3D-1.11.0-x64\direct\fsm\ClassicFSM.py", line 227, in __transition
    self.__exitCurrent(exitArgList)
  File "C:\Panda3D-1.11.0-x64\direct\fsm\ClassicFSM.py", line 185, in __exitCurrent
    self.__currentState.exit(argList)
  File "C:\Panda3D-1.11.0-x64\direct\fsm\State.py", line 213, in exit
    self.__exitFunc(*argList)
  File "toontown\distributed\ToontownClientRepository.py", line 430, in exitPlayingGame
    base.localAvatar.deleteOrDelay()
  File "C:\Panda3D-1.11.0-x64\direct\distributed\DistributedObject.py", line 201, in deleteOrDelay
    self.disableAnnounceAndDelete()
  File "C:\Panda3D-1.11.0-x64\direct\distributed\DistributedObject.py", line 204, in disableAnnounceAndDelete
    self.disableAndAnnounce()
  File "C:\Panda3D-1.11.0-x64\direct\distributed\DistributedObject.py", line 230, in disableAndAnnounce
    self.disable()
  File "toontown\toon\LocalToon.py", line 256, in disable
    self.book.unload()
  File "toontown\shtiker\ShtikerBook.py", line 150, in unload
    page.unload()
  File "toontown\shtiker\SuitPage.py", line 240, in unload
    shadow.removeNode()
AssertionError: _error_type != ET_not_found at line 592 of panda/src/pgraph/nodePath.cxx
:10-23-2022 15:24:11 :task(error): Exception occurred in PythonTask readerPollTask-90884720
Traceback (most recent call last):
  File "C:\Panda3D-1.11.0-x64\direct\showbase\EventManager.py", line 49, in eventLoopTask
    self.doEvents()
  File "C:\Panda3D-1.11.0-x64\direct\showbase\EventManager.py", line 42, in doEvents
    while not isEmptyFunc():
  File "C:\Panda3D-1.11.0-x64\direct\distributed\ConnectionRepository.py", line 609, in readerPollUntilEmpty
    while self.readerPollOnce():
  File "C:\Panda3D-1.11.0-x64\direct\distributed\ConnectionRepository.py", line 616, in readerPollOnce
    self.handleDatagram(self.private__di)
  File "otp\distributed\OTPClientRepository.py", line 1838, in handleDatagram
    self.handler(msgType, di)
  File "otp\distributed\OTPClientRepository.py", line 1445, in handlePlayGame
    self.handleMessageType(msgType, di)
  File "otp\distributed\OTPClientRepository.py", line 1716, in handleMessageType
    self.handleGoGetLost(di)
  File "C:\Panda3D-1.11.0-x64\direct\distributed\ClientRepositoryBase.py", line 494, in handleGoGetLost
    self.lostConnection()
  File "otp\distributed\OTPClientRepository.py", line 1621, in lostConnection
    self.loginFSM.request('noConnection')
  File "C:\Panda3D-1.11.0-x64\direct\fsm\ClassicFSM.py", line 281, in request
    exitArgList)
  File "C:\Panda3D-1.11.0-x64\direct\fsm\ClassicFSM.py", line 227, in __transition
    self.__exitCurrent(exitArgList)
  File "C:\Panda3D-1.11.0-x64\direct\fsm\ClassicFSM.py", line 185, in __exitCurrent
    self.__currentState.exit(argList)
  File "C:\Panda3D-1.11.0-x64\direct\fsm\State.py", line 213, in exit
    self.__exitFunc(*argList)
  File "toontown\distributed\ToontownClientRepository.py", line 430, in exitPlayingGame
    base.localAvatar.deleteOrDelay()
  File "C:\Panda3D-1.11.0-x64\direct\distributed\DistributedObject.py", line 201, in deleteOrDelay
    self.disableAnnounceAndDelete()
  File "C:\Panda3D-1.11.0-x64\direct\distributed\DistributedObject.py", line 204, in disableAnnounceAndDelete
    self.disableAndAnnounce()
  File "C:\Panda3D-1.11.0-x64\direct\distributed\DistributedObject.py", line 230, in disableAndAnnounce
    self.disable()
  File "toontown\toon\LocalToon.py", line 256, in disable
    self.book.unload()
  File "toontown\shtiker\ShtikerBook.py", line 150, in unload
    page.unload()
  File "toontown\shtiker\SuitPage.py", line 240, in unload
    shadow.removeNode()
AssertionError: _error_type != ET_not_found at line 592 of panda/src/pgraph/nodePath.cxx
:10-23-2022 15:24:11 :task(error): Exception occurred in PythonTask eventManager
:10-23-2022 15:24:11 TTOffLauncher: setting panda error code to 12
:10-23-2022 15:24:11 TTOffLauncher(warning): Handling Python exception.
:10-23-2022 15:24:11 OTPClientRepository: Sent disconnect message to server
:10-23-2022 15:24:11 OTPClientRepository: Closing connection to server.
:10-23-2022 15:24:11 TTOffLauncher: Exception exit.

Traceback (most recent call last):
  File "otp\launcher\LauncherBase.py", line 1081, in mainLoop
    self._runTaskManager()
  File "otp\launcher\LauncherBase.py", line 1052, in _runTaskManager
    taskMgr.run()
  File "C:\Panda3D-1.11.0-x64\direct\task\Task.py", line 528, in run
    self.step()
  File "C:\Panda3D-1.11.0-x64\direct\task\Task.py", line 482, in step
    self.mgr.poll()
  File "C:\Panda3D-1.11.0-x64\direct\showbase\EventManager.py", line 49, in eventLoopTask
    self.doEvents()
  File "C:\Panda3D-1.11.0-x64\direct\showbase\EventManager.py", line 42, in doEvents
    while not isEmptyFunc():
  File "C:\Panda3D-1.11.0-x64\direct\distributed\ConnectionRepository.py", line 609, in readerPollUntilEmpty
    while self.readerPollOnce():
  File "C:\Panda3D-1.11.0-x64\direct\distributed\ConnectionRepository.py", line 616, in readerPollOnce
    self.handleDatagram(self.private__di)
  File "otp\distributed\OTPClientRepository.py", line 1838, in handleDatagram
    self.handler(msgType, di)
  File "otp\distributed\OTPClientRepository.py", line 1445, in handlePlayGame
    self.handleMessageType(msgType, di)
  File "otp\distributed\OTPClientRepository.py", line 1716, in handleMessageType
    self.handleGoGetLost(di)
  File "C:\Panda3D-1.11.0-x64\direct\distributed\ClientRepositoryBase.py", line 494, in handleGoGetLost
    self.lostConnection()
  File "otp\distributed\OTPClientRepository.py", line 1621, in lostConnection
    self.loginFSM.request('noConnection')
  File "C:\Panda3D-1.11.0-x64\direct\fsm\ClassicFSM.py", line 281, in request
    exitArgList)
  File "C:\Panda3D-1.11.0-x64\direct\fsm\ClassicFSM.py", line 227, in __transition
    self.__exitCurrent(exitArgList)
  File "C:\Panda3D-1.11.0-x64\direct\fsm\ClassicFSM.py", line 185, in __exitCurrent
    self.__currentState.exit(argList)
  File "C:\Panda3D-1.11.0-x64\direct\fsm\State.py", line 213, in exit
    self.__exitFunc(*argList)
  File "toontown\distributed\ToontownClientRepository.py", line 430, in exitPlayingGame
    base.localAvatar.deleteOrDelay()
  File "C:\Panda3D-1.11.0-x64\direct\distributed\DistributedObject.py", line 201, in deleteOrDelay
    self.disableAnnounceAndDelete()
  File "C:\Panda3D-1.11.0-x64\direct\distributed\DistributedObject.py", line 204, in disableAnnounceAndDelete
    self.disableAndAnnounce()
  File "C:\Panda3D-1.11.0-x64\direct\distributed\DistributedObject.py", line 230, in disableAndAnnounce
    self.disable()
  File "toontown\toon\LocalToon.py", line 256, in disable
    self.book.unload()
  File "toontown\shtiker\ShtikerBook.py", line 150, in unload
    page.unload()
  File "toontown\shtiker\SuitPage.py", line 240, in unload
    shadow.removeNode()
AssertionError: _error_type != ET_not_found at line 592 of panda/src/pgraph/nodePath.cxx
