

Starting Toontown Online...
Current time: Sat Oct 29 08:55:52 2022 Eastern Standard Time
sys.path =  ['', 'C:\\Toontown-Last-Laff-Workspace-10-21-2022\\src\\Panda3D-1.11.0-x64\\python\\python27.zip', 'C:\\Panda3D-1.11.0-x64', 'C:\\Toontown-Last-Laff-Workspace-10-21-2022\\src\\Panda3D-1.11.0-x64\\python\\DLLs', 'C:\\Toontown-Last-Laff-Workspace-10-21-2022\\src\\Panda3D-1.11.0-x64\\python\\lib', 'C:\\Toontown-Last-Laff-Workspace-10-21-2022\\src\\Panda3D-1.11.0-x64\\python\\lib\\plat-win', 'C:\\Toontown-Last-Laff-Workspace-10-21-2022\\src\\Panda3D-1.11.0-x64\\python\\lib\\lib-tk', 'C:\\Toontown-Last-Laff-Workspace-10-21-2022\\src\\Panda3D-1.11.0-x64\\python', 'C:\\Toontown-Last-Laff-Workspace-10-21-2022\\src\\Panda3D-1.11.0-x64', 'C:\\Toontown-Last-Laff-Workspace-10-21-2022\\src\\Panda3D-1.11.0-x64\\bin', 'C:\\Toontown-Last-Laff-Workspace-10-21-2022\\src\\Panda3D-1.11.0-x64\\python\\lib\\site-packages']
sys.argv =  ['C:\\Toontown-Last-Laff-Workspace-10-21-2022\\src\\toontown\\launcher\\TTOffQuickStartLauncher.py']
generating standard configrc
os.environ =  {'TMP': 'C:\\Users\\Philip\\AppData\\Local\\Temp', 'COMPUTERNAME': 'PHILIP-JR', 'USERDOMAIN': 'PHILIP-JR', 'NEKO_INSTPATH': 'C:\\HaxeToolkit\\neko', 'PSMODULEPATH': 'C:\\WINDOWS\\system32\\WindowsPowerShell\\v1.0\\Modules\\', 'DOKANLIBRARY1': 'C:\\Program Files\\Dokan\\Dokan Library-1.4.1\\', 'ADSK_3DSMAX_X64_2021': 'C:\\Program Files\\Autodesk\\3ds Max 2021\\', 'PROCESSOR_IDENTIFIER': 'Intel64 Family 6 Model 45 Stepping 7, GenuineIntel', 'VBOX_MSI_INSTALL_PATH': 'C:\\Program Files\\Oracle\\VirtualBox\\', 'PROGRAMFILES': 'C:\\Program Files', 'PROCESSOR_REVISION': '2d07', 'PATH': 'C:\\Panda3D-1.11.0-x64\\panda3d\\..\\bin;C:\\Program Files (x86)\\Common Files\\Oracle\\Java\\javapath;C:\\Windows\\system32;C:\\Windows;C:\\Windows\\System32\\Wbem;C:\\Windows\\System32\\WindowsPowerShell\\v1.0\\;C:\\Program Files (x86)\\NVIDIA Corporation\\PhysX\\Common;C:\\Program Files\\Git\\cmd;C:\\WINDOWS\\system32;C:\\WINDOWS;C:\\WINDOWS\\System32\\Wbem;C:\\WINDOWS\\System32\\WindowsPowerShell\\v1.0\\;C:\\Program Files\\dotnet\\;C:\\Program Files\\Common Files\\Autodesk Shared\\;C:\\Program Files\\Microsoft SQL Server\\120\\Tools\\Binn\\;C:\\HaxeToolkit\\haxe;C:\\HaxeToolkit\\neko;C:\\Program Files\\Animation Paper\\gstreamer\\bin;C:\\Program Files\\PuTTY\\;C:\\Program Files\\NVIDIA Corporation\\NVIDIA NvDLISR;C:\\Program Files (x86)\\Windows Live\\Shared;C:\\HaxeToolkit\\haxe;C:\\HaxeToolkit\\neko;C:\\Program Files (x86)\\Windows Kits\\8.1\\Windows Performance Toolkit\\;C:\\Users\\Philip\\anaconda3;C:\\Users\\Philip\\anaconda3\\Library\\mingw-w64\\bin;C:\\Users\\Philip\\anaconda3\\Library\\usr\\bin;C:\\Users\\Philip\\anaconda3\\Library\\bin;C:\\Users\\Philip\\anaconda3\\Scripts;C:\\Program Files\\MySQL\\MySQL Shell 8.0\\bin\\;C:\\Panda3D-1.10.02\\python;C:\\Panda3D-1.10.02\\python\\Scripts;C:\\Panda3D-1.10.02\\bin;C:\\Panda3D-1.11.0-x64-py2\\python;C:\\Panda3D-1.11.0-x64-py2\\python\\Scripts;C:\\Panda3D-1.11.0-x64-py2\\bin;C:\\Users\\Philip\\AppData\\Local\\GitHubDesktop\\bin;C:\\Panda3D-1.9.0\\python;C:\\Panda3D-1.9.0\\python\\Scripts;C:\\Panda3D-1.9.0\\bin;C:\\Panda3D-1.10.0-x64\\python;C:\\Panda3D-1.10.0-x64\\python\\Scripts;C:\\Panda3D-1.10.0-x64\\bin;C:\\Users\\Philip\\AppData\\Local\\atom\\bin;C:\\Panda3D-1.10.0\\python;C:\\Panda3D-1.10.0\\python\\Scripts;C:\\Panda3D-1.10.0\\bin;C:\\Panda3D-1.11.0-x64-astron\\python;C:\\Panda3D-1.11.0-x64-astron\\python\\Scripts;C:\\Panda3D-1.11.0-x64-astron\\bin;C:\\Panda3D-1.11.0-x64\\python;C:\\Panda3D-1.11.0-x64\\python\\Scripts;C:\\Panda3D-1.11.0-x64\\bin;C:\\Panda3D-1.10.9-x64\\python;C:\\Panda3D-1.10.9-x64\\python\\Scrip;C:\\Users\\Philip\\AppData\\Local\\Programs\\Microsoft VS Code\\bin;C:\\Users\\Philip\\.dotnet\\tools;%C:\\Program Files (x86)\\Windows Kits\\8.1\\bin\\x86\\rc.exe%;%C:\\Program Files (x86)\\Microsoft Visual Studio\\2019\\BuildTools\\Common7\\IDE%;C:\\Program Files\\JetBrains\\PyCharm Community Edition 2022.2.3\\bin;', 'SYSTEMROOT': 'C:\\WINDOWS', 'NUMBER_OF_PROCESSORS': '8', 'PROGRAMFILES(X86)': 'C:\\Program Files (x86)', 'COMSPEC': 'C:\\WINDOWS\\system32\\cmd.exe', 'KMP_BLOCKTIME': '0', 'PPYTHON_PATH': '"Panda3D-1.11.0-x64\\python\\ppython.exe"', 'PYCHARM COMMUNITY EDITION': 'C:\\Program Files\\JetBrains\\PyCharm Community Edition 2022.2.3\\bin;', 'COMMONPROGRAMFILES(X86)': 'C:\\Program Files (x86)\\Common Files', 'PROCESSOR_ARCHITECTURE': 'AMD64', 'DOKANLIBRARY1_LIBRARYPATH_X64': 'C:\\Program Files\\Dokan\\Dokan Library-1.4.1\\lib\\', 'ALLUSERSPROFILE': 'C:\\ProgramData', 'LOCALAPPDATA': 'C:\\Users\\Philip\\AppData\\Local', 'HOMEPATH': '\\Users\\Philip', 'USERDOMAIN_ROAMINGPROFILE': 'PHILIP-JR', 'PROGRAMW6432': 'C:\\Program Files', 'USERNAME': 'Philip', 'FP_NO_HOST_CHECK': 'NO', 'DOKANLIBRARY1_LIBRARYPATH_X86': 'C:\\Program Files\\Dokan\\Dokan Library-1.4.1\\x86\\lib\\', 'LOGONSERVER': '\\\\MicrosoftAccount', 'PROMPT': '$P$G', 'SESSIONNAME': 'Console', 'PROGRAMDATA': 'C:\\ProgramData', 'COMMONPROGRAMFILES': 'C:\\Program Files\\Common Files', 'TEMP': 'C:\\Users\\Philip\\AppData\\Local\\Temp', 'HAXEPATH': 'C:\\HaxeToolkit\\haxe', 'PATHEXT': '.COM;.EXE;.BAT;.CMD;.VBS;.VBE;.JS;.JSE;.WSF;.WSH;.MSC', 'TTOFF_LOGIN_TOKEN': 'dev', 'VS160COMCOMNTOOLS': 'C:\\Program Files (x86)\\Microsoft Visual Studio\\2019\\Community\\Common7\\Tools\\', 'WINDIR': 'C:\\WINDOWS', 'OMP_WAIT_POLICY': 'PASSIVE', 'MONGO': 'C:\\mongodb-win32-x86_64-windows-4.4.4/bin', 'HOMEDRIVE': 'C:', 'SYSTEMDRIVE': 'C:', 'PUBLIC': 'C:\\Users\\Public', 'APPDATA': 'C:\\Users\\Philip\\AppData\\Roaming', 'PROCESSOR_LEVEL': '6', 'CIOENGINE': 'C:\\cio-panda3d', 'COMMONPROGRAMW6432': 'C:\\Program Files\\Common Files', 'OS': 'Windows_NT', 'ADSK_CLM_WPAD_PROXY_CHECK': 'FALSE', 'USERPROFILE': 'C:\\Users\\Philip'}
:10-29-2022 08:55:52 TTOffLauncher: isTestServer: 0
:10-29-2022 08:55:52 TTOffLauncher: Game Server 127.0.0.1
:10-29-2022 08:55:52 TTOffLauncher: Starting Toontown Online... 
:10-29-2022 08:55:52 TTOffLauncher: foreground: Launcher now operating in foreground
useTTOffSpecificLogin=True
:10-29-2022 08:55:52 TTOffLauncher: maybeStartGame: starting game
:10-29-2022 08:55:52 TTOffLauncher: Starting Toontown Online...
:10-29-2022 08:55:52 TTOffLauncher: background: Launcher now operating in background
ToontownStart: Polling for game2 to finish...
ToontownStart: Game2 is finished.
ToontownStart: Starting the game.
ToontownStart: setting default font
:10-29-2022 08:55:52 TTOffLauncher: setting panda error code to 7
Known pipe types:
  wglGraphicsPipe
(all display modules loaded.)
:10-29-2022 08:55:53 ToonBase: Default graphics pipe is wglGraphicsPipe (OpenGL).
:10-29-2022 08:55:53 :display(warning): FrameBufferProperties available less than requested.
  requested: depth_bits=24 color_bits=3 red_bits=1 green_bits=1 blue_bits=1 alpha_bits=1 multisamples=70 back_buffers=1 force_hardware 
  got: depth_bits=24 color_bits=24 red_bits=8 green_bits=8 blue_bits=8 alpha_bits=8 accum_bits=64 multisamples=16 back_buffers=1 force_hardware 
:10-29-2022 08:55:53 ToonBase: Successfully opened window of type wglGraphicsWindow (OpenGL)
:10-29-2022 08:55:53 ShowBase: __dev__ == False
:10-29-2022 08:55:53 TTOffLauncher: setting panda error code to 11
:10-29-2022 08:55:53 TTOffLauncher: setting panda error code to 0
ToontownStart: Loading default gui sounds
ToontownStart: serverVersion:  tto-dev
:10-29-2022 08:55:53 Loader: starting bulk load of block 'init'
:10-29-2022 08:55:54 :nativenet(error): Buffered_DatagramConnection Constructor rbufsize = 4096000 wbufsize = 4096000 write_flush_point = 1400
:10-29-2022 08:55:54 OTPClientRepository: Using connect method 'http'
:10-29-2022 08:55:55 TTOffLauncher: getRegistry ('DEPLOYMENT', None)
:10-29-2022 08:55:55 TTOffLauncher: checking env
:10-29-2022 08:55:55 TTOffLauncher: getRegistry ('GAME_DEPLOYMENT', None)
:10-29-2022 08:55:55 TTOffLauncher: checking env
:10-29-2022 08:55:55 OTPClientRepository: reg_deployment=
:10-29-2022 08:55:55 OTPClientRepository: required-login auto.
:10-29-2022 08:55:55 OTPClientRepository: loginInterface: LoginTTOffAccount
:10-29-2022 08:55:55 TTOffLauncher: getNeedPwForSecretKey using ttoff-specific-login
:10-29-2022 08:55:55 Loader: At end of block 'init', expected 138, loaded 8, duration=1.68358768334
:10-29-2022 08:55:55 OTPClientRepository: Connecting to gameserver directly (no proxy).
:10-29-2022 08:55:55 OTPClientRepository: Connecting to //127.0.0.1:7198 via HTTP interface.
:10-29-2022 08:55:55 TTOffLauncher: Stopping mini task manager.
:10-29-2022 08:55:55 OTPClientRepository: Successfully connected to //127.0.0.1:7198.
:10-29-2022 08:55:55 TTOffLauncher: Setting Disconnect Details normal
{402000001: <toontown.distributed.ToontownDistrict.ToontownDistrict instance at 0x0000000017AEB948>}
:10-29-2022 08:55:57 StateData: AvatarChooser.enter
:10-29-2022 08:55:57 DisplayOptions: settingsFullScreen = False, embedded = False width=800 height=600
:10-29-2022 08:55:57 StateData: calling self.displayOptions.restrictToEmbedded(False)
:10-29-2022 08:55:58 OTPClientRepository: ================
:10-29-2022 08:55:58 OTPClientRepository: Chose avatar id: 100000001
:10-29-2022 08:55:58 OTPClientRepository: Chose avatar name: Wittybumble
:10-29-2022 08:55:58 OTPClientRepository: Chose avatar dna: ('dss', 'ms', 'm', 'm', 6, 0, 6, 6, 1, 9, 1, 9, 1, 18)
:10-29-2022 08:55:58 OTPClientRepository: Chose avatar position: 1
:10-29-2022 08:55:58 OTPClientRepository: isPaid: 1
:10-29-2022 08:55:58 OTPClientRepository: freeTimeLeft: 0
:10-29-2022 08:55:58 OTPClientRepository: allowSecretChat: True
:10-29-2022 08:55:58 OTPClientRepository: ================
:10-29-2022 08:55:58 Loader: starting bulk load of block 'localAvatarPlayGame'
:10-29-2022 08:55:59 ToontownTimeManager(warning): error parsing date string=
:10-29-2022 08:55:59 Actor(warning): no part named head-front*!
local
:10-29-2022 08:55:59 NewsPageButtonManager(warning): Should not get here. NewsPageButtonManager.exitOff
:10-29-2022 08:55:59 :pnmimage:png(warning): iCCP: known incorrect sRGB profile
:10-29-2022 08:56:02 Actor(warning): no part named head-front*!
:10-29-2022 08:56:02 OTPClientRepository: Entering shard 402000001
:10-29-2022 08:56:02 StreetSign: Street sign url is https://ttoffline.com/images/
:10-29-2022 08:56:03 TimeManager: Clock sync: TimeManager.announceGenerate
:10-29-2022 08:56:03 NewsManager: setHolidayId: Starting Holiday 26
:10-29-2022 08:56:03 NewsManager: setHolidayId: Starting Holiday 19
:10-29-2022 08:56:03 InGameNewsMgr: latestIssue=2013-08-22 16:49:46.000003-07:00
cpu info: GenuineIntel|        Intel(R) Core(TM) i7-3820 CPU @ 3.60GHz|132823|0|3.601,3.601|4,8 cpus
:10-29-2022 08:56:04 OTPClientRepository: No sync from TimeManager.
:10-29-2022 08:56:04 OTPClientRepository: gotTimeSync
:10-29-2022 08:56:04 Loader: At end of block 'localAvatarPlayGame', expected 400, loaded 23, duration=6.16608526272
:10-29-2022 08:56:04 TimeManager: Clock sync roundtrip took 1238.400 ms
:10-29-2022 08:56:04 TimeManager: AI time delta is -0:01 from server delta
:10-29-2022 08:56:04 TimeManager: Local clock uncertainty +/- 0.619 s
:10-29-2022 08:56:04 PlayGame: QA-REGRESSION: NEIGHBORHOODS: Visit Sellbot HQ
:10-29-2022 08:56:04 Loader: starting bulk load of block 'hood'
:10-29-2022 08:56:05 OTPClientRepository: Sending heartbeat mid-frame.
:10-29-2022 08:56:05 TownBattleSuitPanel: Loading Suit Battle Panel!
:10-29-2022 08:56:05 TownBattleSuitPanel: Loading Suit Battle Panel!
:10-29-2022 08:56:05 TownBattleSuitPanel: Loading Suit Battle Panel!
:10-29-2022 08:56:05 TownBattleSuitPanel: Loading Suit Battle Panel!
:10-29-2022 08:56:05 TownBattleSuitPanel: Loading Suit Battle Panel!
:10-29-2022 08:56:05 TownBattleSuitPanel: Loading Suit Battle Panel!
:10-29-2022 08:56:05 TownBattleSuitPanel: Loading Suit Battle Panel!
:10-29-2022 08:56:05 TownBattleSuitPanel: Loading Suit Battle Panel!
:10-29-2022 08:56:05 :pnmimage:png(warning): Interlace handling should be turned on when using png_read_image
:10-29-2022 08:56:06 SellbotCogHQLoader: loadPlaceGeom: 11000
:10-29-2022 08:56:06 DistributedObject: DistributedSuitPlanner 402002954: generating
:10-29-2022 08:56:06 :gobj(error): Texture::read() - couldn't read: phase_3/maps/hands/gh.png
:10-29-2022 08:56:06 :gobj(error): Unable to find texture "phase_3/maps/hands/gh.png" on model-path /;/c/Toontown-Last-Laff-Workspace-10-21-2022/src/toontown/launcher;/c/Panda3D-1.11.0-x64/etc/..;/c/Panda3D-1.11.0-x64/etc/../models
:10-29-2022 08:56:06 DistributedToon: calling LocalAvatar.startchat
:10-29-2022 08:56:06 :loader(error): Couldn't load file phase_4/models/questmap/cog_hq_sellbot_maps.bam: not found on model path (currently: "/;/c/Toontown-Last-Laff-Workspace-10-21-2022/src/toontown/launcher;/c/Panda3D-1.11.0-x64/etc/..;/c/Panda3D-1.11.0-x64/etc/../models")
:10-29-2022 08:56:06 Loader: At end of block 'hood', expected 43, loaded 8, duration=1.9421377916
:10-29-2022 08:56:06 :gobj(error): Texture::read() - couldn't read: phase_3/maps/hands/cc.png
:10-29-2022 08:56:06 :gobj(error): Unable to find texture "phase_3/maps/hands/cc.png" on model-path /;/c/Toontown-Last-Laff-Workspace-10-21-2022/src/toontown/launcher;/c/Panda3D-1.11.0-x64/etc/..;/c/Panda3D-1.11.0-x64/etc/../models
:10-29-2022 08:56:06 :gobj(error): Texture::read() - couldn't read: phase_3/maps/hands/nd.png
:10-29-2022 08:56:06 :gobj(error): Unable to find texture "phase_3/maps/hands/nd.png" on model-path /;/c/Toontown-Last-Laff-Workspace-10-21-2022/src/toontown/launcher;/c/Panda3D-1.11.0-x64/etc/..;/c/Panda3D-1.11.0-x64/etc/../models
:10-29-2022 08:56:06 :gobj(error): Texture::read() - couldn't read: phase_3/maps/hands/gh.png
:10-29-2022 08:56:06 :gobj(error): Unable to find texture "phase_3/maps/hands/gh.png" on model-path /;/c/Toontown-Last-Laff-Workspace-10-21-2022/src/toontown/launcher;/c/Panda3D-1.11.0-x64/etc/..;/c/Panda3D-1.11.0-x64/etc/../models
:10-29-2022 08:56:06 :gobj(error): Texture::read() - couldn't read: phase_3/maps/hands/tf.png
:10-29-2022 08:56:06 :gobj(error): Unable to find texture "phase_3/maps/hands/tf.png" on model-path /;/c/Toontown-Last-Laff-Workspace-10-21-2022/src/toontown/launcher;/c/Panda3D-1.11.0-x64/etc/..;/c/Panda3D-1.11.0-x64/etc/../models
:10-29-2022 08:56:06 :gobj(error): Texture::read() - couldn't read: phase_3/maps/hands/gh.png
:10-29-2022 08:56:06 :gobj(error): Unable to find texture "phase_3/maps/hands/gh.png" on model-path /;/c/Toontown-Last-Laff-Workspace-10-21-2022/src/toontown/launcher;/c/Panda3D-1.11.0-x64/etc/..;/c/Panda3D-1.11.0-x64/etc/../models
:10-29-2022 08:56:06 :gobj(error): Texture::read() - couldn't read: phase_3/maps/hands/gh.png
:10-29-2022 08:56:06 :gobj(error): Unable to find texture "phase_3/maps/hands/gh.png" on model-path /;/c/Toontown-Last-Laff-Workspace-10-21-2022/src/toontown/launcher;/c/Panda3D-1.11.0-x64/etc/..;/c/Panda3D-1.11.0-x64/etc/../models
:10-29-2022 08:56:08 Teleport(debug): teleportInDone: walk
:10-29-2022 08:56:08 LocalAvatar(warning): redundant call to startUpdateSmartCamera
:10-29-2022 08:56:08 :loader(error): Couldn't load file phase_4/models/questmap/cog_hq_sellbot_maps.bam: not found on model path (currently: "/;/c/Toontown-Last-Laff-Workspace-10-21-2022/src/toontown/launcher;/c/Panda3D-1.11.0-x64/etc/..;/c/Panda3D-1.11.0-x64/etc/../models")
:10-29-2022 08:56:11 :gobj(error): Texture::read() - couldn't read: phase_3/maps/hands/ms.png
:10-29-2022 08:56:11 :gobj(error): Unable to find texture "phase_3/maps/hands/ms.png" on model-path /;/c/Toontown-Last-Laff-Workspace-10-21-2022/src/toontown/launcher;/c/Panda3D-1.11.0-x64/etc/..;/c/Panda3D-1.11.0-x64/etc/../models
:10-29-2022 08:56:11 ClassicFSM(warning): [DistributedSuit]: no transition exists from Walk to FromCogHQ
:10-29-2022 08:56:13 ToontownChatManager: QA-REGRESSION: CHAT: Speedchat Plus
:10-29-2022 08:56:13 :gobj(error): Texture::read() - couldn't read: phase_3/maps/hands/gh.png
:10-29-2022 08:56:13 :gobj(error): Unable to find texture "phase_3/maps/hands/gh.png" on model-path /;/c/Toontown-Last-Laff-Workspace-10-21-2022/src/toontown/launcher;/c/Panda3D-1.11.0-x64/etc/..;/c/Panda3D-1.11.0-x64/etc/../models
:10-29-2022 08:56:17 TTOffMagicWordManager: Spawned ls in current zone.
:10-29-2022 08:56:19 :gobj(error): Texture::read() - couldn't read: phase_3/maps/hands/cc.png
:10-29-2022 08:56:19 :gobj(error): Unable to find texture "phase_3/maps/hands/cc.png" on model-path /;/c/Toontown-Last-Laff-Workspace-10-21-2022/src/toontown/launcher;/c/Panda3D-1.11.0-x64/etc/..;/c/Panda3D-1.11.0-x64/etc/../models
:10-29-2022 08:56:19 ClassicFSM(warning): [DistributedSuit]: no transition exists from Walk to FromCogHQ
:10-29-2022 08:56:22 ToontownChatManager: QA-REGRESSION: CHAT: Speedchat Plus
:10-29-2022 08:56:26 :gobj(error): Texture::read() - couldn't read: phase_3/maps/hands/ls.png
:10-29-2022 08:56:26 :gobj(error): Unable to find texture "phase_3/maps/hands/ls.png" on model-path /;/c/Toontown-Last-Laff-Workspace-10-21-2022/src/toontown/launcher;/c/Panda3D-1.11.0-x64/etc/..;/c/Panda3D-1.11.0-x64/etc/../models
:10-29-2022 08:56:26 TTOffMagicWordManager: Spawned ls in current zone.
:10-29-2022 08:56:32 :gobj(error): Texture::read() - couldn't read: phase_3/maps/hands/ls.png
:10-29-2022 08:56:32 :gobj(error): Unable to find texture "phase_3/maps/hands/ls.png" on model-path /;/c/Toontown-Last-Laff-Workspace-10-21-2022/src/toontown/launcher;/c/Panda3D-1.11.0-x64/etc/..;/c/Panda3D-1.11.0-x64/etc/../models
:10-29-2022 08:56:32 ClassicFSM(warning): [DistributedSuit]: no transition exists from Walk to FromCogHQ
:10-29-2022 08:56:38 SellbotHQExterior: QA-REGRESSION: COGBATTLE: Enter Battle
Battle Event localtoon-battle-event-3
:10-29-2022 08:56:41 :gobj(error): Texture::read() - couldn't read: phase_3/maps/hands/gh.png
:10-29-2022 08:56:41 :gobj(error): Unable to find texture "phase_3/maps/hands/gh.png" on model-path /;/c/Toontown-Last-Laff-Workspace-10-21-2022/src/toontown/launcher;/c/Panda3D-1.11.0-x64/etc/..;/c/Panda3D-1.11.0-x64/etc/../models
:10-29-2022 08:56:47 :gobj(error): Texture::read() - couldn't read: phase_3/maps/hands/gh.png
:10-29-2022 08:56:47 :gobj(error): Unable to find texture "phase_3/maps/hands/gh.png" on model-path /;/c/Toontown-Last-Laff-Workspace-10-21-2022/src/toontown/launcher;/c/Panda3D-1.11.0-x64/etc/..;/c/Panda3D-1.11.0-x64/etc/../models
:10-29-2022 08:56:47 ClassicFSM(warning): [DistributedSuit]: no transition exists from Walk to FromCogHQ
:10-29-2022 08:56:57 :gobj(error): Texture::read() - couldn't read: phase_3/maps/hands/gh.png
:10-29-2022 08:56:57 :gobj(error): Unable to find texture "phase_3/maps/hands/gh.png" on model-path /;/c/Toontown-Last-Laff-Workspace-10-21-2022/src/toontown/launcher;/c/Panda3D-1.11.0-x64/etc/..;/c/Panda3D-1.11.0-x64/etc/../models
Assertion failed: other._error_type == ET_ok at line 395 of panda/src/pgraph/nodePath.cxx
Exception occurred while processing Func-__showProp-165 of movie-track-with-cam-402004727:
movie-track-with-cam-402004727:
  0.000 movie-track-with-cam-402004727 {
  0.000   movie-track-402004727 {
  0.000     Sequence-97 {
  0.000       toon-attacks {
  0.000         Sequence-109 {
  0.000           Sequence-99 {
  0.000             Parallel-101 {
  0.000             }
  0.000           }
  0.000           Parallel-103 {
  0.000             Parallel-108 {
  0.000               Parallel-104 {
  0.000                 Sequence-105 {
  0.000                   Wait dur 2.5
  2.500                   *Func-show-146
  2.500                   *Func-setScale-147
  2.500                   *Func-reparentTo-148
  2.500                   *Func-setPos-149
  2.500                   LerpScaleInterval-274: scale from 0.1 0.1 0.1 to 1.7 1.7 1.7 dur 1.2
  3.700                 }
  3.700               }
  0.000               Sequence-106 {
  0.000                 *Func-showProps-150
  0.000                 *Func-headsUp-151
  0.000                 *Actor-pushbutton-22 dur 4
  4.000                 *Func-removeProps-152
  4.000                 *Func-loop-153
  4.000                 *Func-setHpr-154
  4.000               }
  0.000               Sequence-107 {
  0.000                 Wait dur 2.3
  2.300                 *Sound-25 dur 0.67
  2.970                 Wait dur 0.3
  3.270                 *Sound-26 dur 0.5
  3.770               }
  4.000             }
  4.000           }
  4.000           Parallel-102 {
  4.000             Parallel-100 {
  4.000             }
  4.000           }
  4.000         }
  4.000       }
  4.000       suit-attacks {
  4.000         Sequence-130 {
  4.000           Parallel-122 {
  4.000             Sequence-111 {
  4.000               Wait dur 1e-06
  4.000               *Func-setChatAbsolute-159
  4.000               *Func-reparentTrap-160
  4.000               *Func-headsUp-161
  4.000               *Actor-throw-paper-23 dur 4.33333
  8.333               *Func-setHpr-162
  8.333               *Func-returnTrapToSuit-163
  8.333               *Func-clearChat-164
  8.333             }
  4.000             Parallel-121 {
  4.000               Sequence-115 {
  4.000                 *Func-headsUp-170
  4.000                 Sequence-116 {
  4.000                   Wait dur 2.56
  6.560                   Parallel-117 {
  6.560                     Sequence-118 {
  6.560                       *Actor-sidestep-right-24 dur 4.41667
 10.977                       *Func-loop-171
 10.977                     }
  6.560                     Sequence-119 {
  6.560                       Wait dur 0.5
  7.060                       *Sound-28 dur 0.626939
  7.687                     }
 10.977                   }
 10.977                   *Func-loop-172
 10.977                 }
 10.977               }
  4.000               Sequence-120 {
  4.000                 Wait dur 3.06
  7.060                 *Func-indicateMissed-173
  7.060               }
 10.977             }
  4.000             Sequence-113 {
  4.000               Sequence-112 {
  4.000                 Wait dur 0.8
  4.800                 *Func-__showProp-165
  4.800                 LerpScaleInterval-275: scale from 0.01 0.01 0.01 to 5 5 5 dur 0.5
  5.300               }
  5.300               Wait dur 1.79
  7.090               *Func-needRestoreRenderProp-166
  7.090               *Func-wrtReparentTo-167
  7.090               LerpPosInterval-276: pos to 0 -4 0.2 dur 0.5
  7.590               LerpPosInterval-277: pos to 0 -7 2.2 dur 0.4
  7.990               LerpPosInterval-278: pos to 0 -9 0.2 dur 0.3
  8.290               LerpPosInterval-279: pos to 0 -10 1.2 dur 0.1
  8.390               LerpPosInterval-280: pos to 0 -11 0.2 dur 0.1
  8.490               LerpPosInterval-281: pos to 0 -11.5 0.8 dur 0.1
  8.590               LerpPosInterval-282: pos to 0 -12 0.4 dur 0.1
  8.690               Wait dur 0.4
  9.090               LerpScaleInterval-283: scale to 0.01 0.01 0.01 dur 0.3
  9.390               *Func-removeProp-168
  9.390               *Func-clearRenderProp-169
  9.390             }
  4.000             Sequence-114 {
  4.000               Wait dur 3.1
  7.100               *Sound-27 dur 2.82122
  9.921             }
 10.977           }
 10.977           *Func-loop-185
 10.977           Sequence-129 {
 10.977             *Func-headsUp-183
 10.977             *Func-loop-184
 10.977           }
 10.977         }
 10.977       }
 10.977       *Func-__handleMovieDone-186
 10.977     }
 10.977   }
  0.000   Sequence-131 {
  0.000     Sequence-98 {
  0.000       toon-attacks-cam {
  0.000         Sequence-110 {
  0.000           toonGroupShot {
  0.000             *Func-setPosHpr-155
  0.000             Wait
  0.000           }
  0.000           allGroupLowShot {
  0.000             *Func-setPosHpr-156
  0.000             Wait dur 3
  3.000           }
  3.000           allGroupLowShot {
  3.000             *Func-setPosHpr-157
  3.000             Wait dur 1
  4.000           }
  4.000           toonGroupShot {
  4.000             *Func-setPosHpr-158
  4.000             Wait
  4.000           }
  4.000         }
  4.000       }
  4.000       suit-attacks-cam {
  4.000         Parallel-128 {
  4.000           Sequence-123 {
  4.000             Sequence-126 {
  4.000               Sequence-124 {
  4.000                 *Func-setPos-174
  4.000                 *Func-lookAt-175
  4.000                 Wait dur 2.3
  6.300               }
  6.300               Sequence-125 {
  6.300                 *Func-setPos-176
  6.300                 *Func-lookAt-177
  6.300                 Wait dur 4.677
 10.977               }
 10.977             }
 10.977           }
  4.000           Sequence-127 {
  4.000             *Func-hide-178
  4.000             *Func-setFg-179
  4.000             Wait dur 0.6477
  4.648             *Func-setText-180
  4.648             *Func-show-181
  4.648             Wait dur 5.8293
 10.477             *Func-hide-182
 10.477           }
 10.977         }
 10.977       }
 10.977     }
 10.977   }
 10.977 }

Traceback (most recent call last):
  File "C:\Panda3D-1.11.0-x64\direct\showbase\ShowBase.py", line 1943, in __ivalLoop
    IntervalManager.ivalMgr.step()
  File "C:\Panda3D-1.11.0-x64\direct\interval\IntervalManager.py", line 95, in step
    self.__doPythonCallbacks()
  File "C:\Panda3D-1.11.0-x64\direct\interval\IntervalManager.py", line 123, in __doPythonCallbacks
    self.ivals[index].privPostEvent()
  File "C:\Panda3D-1.11.0-x64\direct\interval\MetaInterval.py", line 520, in privPostEvent
    self.__doPythonCallbacks()
  File "C:\Panda3D-1.11.0-x64\direct\interval\MetaInterval.py", line 496, in __doPythonCallbacks
    ival.privDoEvent(t, eventType)
  File "C:\Panda3D-1.11.0-x64\direct\interval\Interval.py", line 210, in privDoEvent
    self.privInstant()
  File "C:\Panda3D-1.11.0-x64\direct\interval\FunctionInterval.py", line 91, in privInstant
    self.function(*self.extraArgs, **self.kw)
  File "toontown\battle\MovieSuitAttacks.py", line 26, in __showProp
    prop.reparentTo(parent)
AssertionError: other._error_type == ET_ok at line 395 of panda/src/pgraph/nodePath.cxx
:10-29-2022 08:56:59 :task(error): Exception occurred in PythonTask ivalLoop
:10-29-2022 08:56:59 TTOffLauncher: setting panda error code to 12
:10-29-2022 08:56:59 TTOffLauncher(warning): Handling Python exception.
:10-29-2022 08:56:59 TimeManager: Client disconnect reason 3.
:10-29-2022 08:56:59 TimeManager: Client exception: toontown.battle.MovieSuitAttacks:26, direct.interval.FunctionInterval:91, direct.interval.Interval:210, direct.interval.MetaInterval:504, AssertionError: other._error_type == ET_ok at line 395 of panda/src/pgraph/nodePath.cxx
:10-29-2022 08:56:59 OTPClientRepository: Sent disconnect message to server
:10-29-2022 08:56:59 OTPClientRepository: Closing connection to server.
:10-29-2022 08:56:59 TTOffLauncher: Exception exit.

Traceback (most recent call last):
  File "otp\launcher\LauncherBase.py", line 1081, in mainLoop
    self._runTaskManager()
  File "otp\launcher\LauncherBase.py", line 1052, in _runTaskManager
    taskMgr.run()
  File "C:\Panda3D-1.11.0-x64\direct\task\Task.py", line 528, in run
    self.step()
  File "C:\Panda3D-1.11.0-x64\direct\task\Task.py", line 482, in step
    self.mgr.poll()
  File "C:\Panda3D-1.11.0-x64\direct\showbase\ShowBase.py", line 1943, in __ivalLoop
    IntervalManager.ivalMgr.step()
  File "C:\Panda3D-1.11.0-x64\direct\interval\IntervalManager.py", line 95, in step
    self.__doPythonCallbacks()
  File "C:\Panda3D-1.11.0-x64\direct\interval\IntervalManager.py", line 123, in __doPythonCallbacks
    self.ivals[index].privPostEvent()
  File "C:\Panda3D-1.11.0-x64\direct\interval\MetaInterval.py", line 520, in privPostEvent
    self.__doPythonCallbacks()
  File "C:\Panda3D-1.11.0-x64\direct\interval\MetaInterval.py", line 496, in __doPythonCallbacks
    ival.privDoEvent(t, eventType)
  File "C:\Panda3D-1.11.0-x64\direct\interval\Interval.py", line 210, in privDoEvent
    self.privInstant()
  File "C:\Panda3D-1.11.0-x64\direct\interval\FunctionInterval.py", line 91, in privInstant
    self.function(*self.extraArgs, **self.kw)
  File "toontown\battle\MovieSuitAttacks.py", line 26, in __showProp
    prop.reparentTo(parent)
AssertionError: other._error_type == ET_ok at line 395 of panda/src/pgraph/nodePath.cxx
