

Starting Toontown Online...
Current time: Fri Oct 28 23:36:11 2022 Eastern Standard Time
sys.path =  ['', 'C:\\Toontown-Last-Laff-Workspace-10-21-2022\\src\\Panda3D-1.11.0-x64\\python\\python27.zip', 'C:\\Panda3D-1.11.0-x64', 'C:\\Toontown-Last-Laff-Workspace-10-21-2022\\src\\Panda3D-1.11.0-x64\\python\\DLLs', 'C:\\Toontown-Last-Laff-Workspace-10-21-2022\\src\\Panda3D-1.11.0-x64\\python\\lib', 'C:\\Toontown-Last-Laff-Workspace-10-21-2022\\src\\Panda3D-1.11.0-x64\\python\\lib\\plat-win', 'C:\\Toontown-Last-Laff-Workspace-10-21-2022\\src\\Panda3D-1.11.0-x64\\python\\lib\\lib-tk', 'C:\\Toontown-Last-Laff-Workspace-10-21-2022\\src\\Panda3D-1.11.0-x64\\python', 'C:\\Toontown-Last-Laff-Workspace-10-21-2022\\src\\Panda3D-1.11.0-x64', 'C:\\Toontown-Last-Laff-Workspace-10-21-2022\\src\\Panda3D-1.11.0-x64\\bin', 'C:\\Toontown-Last-Laff-Workspace-10-21-2022\\src\\Panda3D-1.11.0-x64\\python\\lib\\site-packages']
sys.argv =  ['C:\\Toontown-Last-Laff-Workspace-10-21-2022\\src\\toontown\\launcher\\TTOffQuickStartLauncher.py']
generating standard configrc
os.environ =  {'TMP': 'C:\\Users\\Philip\\AppData\\Local\\Temp', 'COMPUTERNAME': 'PHILIP-JR', 'USERDOMAIN': 'PHILIP-JR', 'NEKO_INSTPATH': 'C:\\HaxeToolkit\\neko', 'PSMODULEPATH': 'C:\\WINDOWS\\system32\\WindowsPowerShell\\v1.0\\Modules\\', 'DOKANLIBRARY1': 'C:\\Program Files\\Dokan\\Dokan Library-1.4.1\\', 'ADSK_3DSMAX_X64_2021': 'C:\\Program Files\\Autodesk\\3ds Max 2021\\', 'PROCESSOR_IDENTIFIER': 'Intel64 Family 6 Model 45 Stepping 7, GenuineIntel', 'VBOX_MSI_INSTALL_PATH': 'C:\\Program Files\\Oracle\\VirtualBox\\', 'PROGRAMFILES': 'C:\\Program Files', 'PROCESSOR_REVISION': '2d07', 'PATH': 'C:\\Panda3D-1.11.0-x64\\panda3d\\..\\bin;C:\\Program Files (x86)\\Common Files\\Oracle\\Java\\javapath;C:\\Windows\\system32;C:\\Windows;C:\\Windows\\System32\\Wbem;C:\\Windows\\System32\\WindowsPowerShell\\v1.0\\;C:\\Program Files (x86)\\NVIDIA Corporation\\PhysX\\Common;C:\\Program Files\\Git\\cmd;C:\\WINDOWS\\system32;C:\\WINDOWS;C:\\WINDOWS\\System32\\Wbem;C:\\WINDOWS\\System32\\WindowsPowerShell\\v1.0\\;C:\\Program Files\\dotnet\\;C:\\Program Files\\Common Files\\Autodesk Shared\\;C:\\Program Files\\Microsoft SQL Server\\120\\Tools\\Binn\\;C:\\HaxeToolkit\\haxe;C:\\HaxeToolkit\\neko;C:\\Program Files\\Animation Paper\\gstreamer\\bin;C:\\Program Files\\PuTTY\\;C:\\Program Files\\NVIDIA Corporation\\NVIDIA NvDLISR;C:\\Program Files (x86)\\Windows Live\\Shared;C:\\HaxeToolkit\\haxe;C:\\HaxeToolkit\\neko;C:\\Program Files (x86)\\Windows Kits\\8.1\\Windows Performance Toolkit\\;C:\\Users\\Philip\\anaconda3;C:\\Users\\Philip\\anaconda3\\Library\\mingw-w64\\bin;C:\\Users\\Philip\\anaconda3\\Library\\usr\\bin;C:\\Users\\Philip\\anaconda3\\Library\\bin;C:\\Users\\Philip\\anaconda3\\Scripts;C:\\Program Files\\MySQL\\MySQL Shell 8.0\\bin\\;C:\\Panda3D-1.10.02\\python;C:\\Panda3D-1.10.02\\python\\Scripts;C:\\Panda3D-1.10.02\\bin;C:\\Panda3D-1.11.0-x64-py2\\python;C:\\Panda3D-1.11.0-x64-py2\\python\\Scripts;C:\\Panda3D-1.11.0-x64-py2\\bin;C:\\Users\\Philip\\AppData\\Local\\GitHubDesktop\\bin;C:\\Panda3D-1.9.0\\python;C:\\Panda3D-1.9.0\\python\\Scripts;C:\\Panda3D-1.9.0\\bin;C:\\Panda3D-1.10.0-x64\\python;C:\\Panda3D-1.10.0-x64\\python\\Scripts;C:\\Panda3D-1.10.0-x64\\bin;C:\\Users\\Philip\\AppData\\Local\\atom\\bin;C:\\Panda3D-1.10.0\\python;C:\\Panda3D-1.10.0\\python\\Scripts;C:\\Panda3D-1.10.0\\bin;C:\\Panda3D-1.11.0-x64-astron\\python;C:\\Panda3D-1.11.0-x64-astron\\python\\Scripts;C:\\Panda3D-1.11.0-x64-astron\\bin;C:\\Panda3D-1.11.0-x64\\python;C:\\Panda3D-1.11.0-x64\\python\\Scripts;C:\\Panda3D-1.11.0-x64\\bin;C:\\Panda3D-1.10.9-x64\\python;C:\\Panda3D-1.10.9-x64\\python\\Scrip;C:\\Users\\Philip\\AppData\\Local\\Programs\\Microsoft VS Code\\bin;C:\\Users\\Philip\\.dotnet\\tools;%C:\\Program Files (x86)\\Windows Kits\\8.1\\bin\\x86\\rc.exe%;%C:\\Program Files (x86)\\Microsoft Visual Studio\\2019\\BuildTools\\Common7\\IDE%;C:\\Program Files\\JetBrains\\PyCharm Community Edition 2022.2.3\\bin;', 'SYSTEMROOT': 'C:\\WINDOWS', 'NUMBER_OF_PROCESSORS': '8', 'PROGRAMFILES(X86)': 'C:\\Program Files (x86)', 'COMSPEC': 'C:\\WINDOWS\\system32\\cmd.exe', 'KMP_BLOCKTIME': '0', 'PPYTHON_PATH': '"Panda3D-1.11.0-x64\\python\\ppython.exe"', 'PYCHARM COMMUNITY EDITION': 'C:\\Program Files\\JetBrains\\PyCharm Community Edition 2022.2.3\\bin;', 'COMMONPROGRAMFILES(X86)': 'C:\\Program Files (x86)\\Common Files', 'PROCESSOR_ARCHITECTURE': 'AMD64', 'DOKANLIBRARY1_LIBRARYPATH_X64': 'C:\\Program Files\\Dokan\\Dokan Library-1.4.1\\lib\\', 'ALLUSERSPROFILE': 'C:\\ProgramData', 'LOCALAPPDATA': 'C:\\Users\\Philip\\AppData\\Local', 'HOMEPATH': '\\Users\\Philip', 'USERDOMAIN_ROAMINGPROFILE': 'PHILIP-JR', 'PROGRAMW6432': 'C:\\Program Files', 'USERNAME': 'Philip', 'FP_NO_HOST_CHECK': 'NO', 'DOKANLIBRARY1_LIBRARYPATH_X86': 'C:\\Program Files\\Dokan\\Dokan Library-1.4.1\\x86\\lib\\', 'LOGONSERVER': '\\\\MicrosoftAccount', 'PROMPT': '$P$G', 'SESSIONNAME': 'Console', 'PROGRAMDATA': 'C:\\ProgramData', 'COMMONPROGRAMFILES': 'C:\\Program Files\\Common Files', 'TEMP': 'C:\\Users\\Philip\\AppData\\Local\\Temp', 'HAXEPATH': 'C:\\HaxeToolkit\\haxe', 'PATHEXT': '.COM;.EXE;.BAT;.CMD;.VBS;.VBE;.JS;.JSE;.WSF;.WSH;.MSC', 'TTOFF_LOGIN_TOKEN': 'dev', 'VS160COMCOMNTOOLS': 'C:\\Program Files (x86)\\Microsoft Visual Studio\\2019\\Community\\Common7\\Tools\\', 'WINDIR': 'C:\\WINDOWS', 'OMP_WAIT_POLICY': 'PASSIVE', 'MONGO': 'C:\\mongodb-win32-x86_64-windows-4.4.4/bin', 'HOMEDRIVE': 'C:', 'SYSTEMDRIVE': 'C:', 'PUBLIC': 'C:\\Users\\Public', 'APPDATA': 'C:\\Users\\Philip\\AppData\\Roaming', 'PROCESSOR_LEVEL': '6', 'CIOENGINE': 'C:\\cio-panda3d', 'COMMONPROGRAMW6432': 'C:\\Program Files\\Common Files', 'OS': 'Windows_NT', 'ADSK_CLM_WPAD_PROXY_CHECK': 'FALSE', 'USERPROFILE': 'C:\\Users\\Philip'}
:10-28-2022 23:36:11 TTOffLauncher: isTestServer: 0
:10-28-2022 23:36:11 TTOffLauncher: Game Server 127.0.0.1
:10-28-2022 23:36:11 TTOffLauncher: Starting Toontown Online... 
:10-28-2022 23:36:11 TTOffLauncher: foreground: Launcher now operating in foreground
useTTOffSpecificLogin=True
:10-28-2022 23:36:11 TTOffLauncher: maybeStartGame: starting game
:10-28-2022 23:36:11 TTOffLauncher: Starting Toontown Online...
:10-28-2022 23:36:11 TTOffLauncher: background: Launcher now operating in background
ToontownStart: Polling for game2 to finish...
ToontownStart: Game2 is finished.
ToontownStart: Starting the game.
ToontownStart: setting default font
:10-28-2022 23:36:11 TTOffLauncher: setting panda error code to 7
Known pipe types:
  wglGraphicsPipe
(all display modules loaded.)
:10-28-2022 23:36:11 ToonBase: Default graphics pipe is wglGraphicsPipe (OpenGL).
:10-28-2022 23:36:12 :display(warning): FrameBufferProperties available less than requested.
  requested: depth_bits=24 color_bits=3 red_bits=1 green_bits=1 blue_bits=1 alpha_bits=1 multisamples=70 back_buffers=1 force_hardware 
  got: depth_bits=24 color_bits=24 red_bits=8 green_bits=8 blue_bits=8 alpha_bits=8 accum_bits=64 multisamples=16 back_buffers=1 force_hardware 
:10-28-2022 23:36:12 ToonBase: Successfully opened window of type wglGraphicsWindow (OpenGL)
:10-28-2022 23:36:12 ShowBase: __dev__ == False
:10-28-2022 23:36:12 TTOffLauncher: setting panda error code to 11
:10-28-2022 23:36:12 TTOffLauncher: setting panda error code to 0
ToontownStart: Loading default gui sounds
ToontownStart: serverVersion:  tto-dev
:10-28-2022 23:36:12 Loader: starting bulk load of block 'init'
:10-28-2022 23:36:13 :nativenet(error): Buffered_DatagramConnection Constructor rbufsize = 4096000 wbufsize = 4096000 write_flush_point = 1400
:10-28-2022 23:36:13 OTPClientRepository: Using connect method 'http'
:10-28-2022 23:36:13 TTOffLauncher: getRegistry ('DEPLOYMENT', None)
:10-28-2022 23:36:13 TTOffLauncher: checking env
:10-28-2022 23:36:13 TTOffLauncher: getRegistry ('GAME_DEPLOYMENT', None)
:10-28-2022 23:36:13 TTOffLauncher: checking env
:10-28-2022 23:36:13 OTPClientRepository: reg_deployment=
:10-28-2022 23:36:13 OTPClientRepository: required-login auto.
:10-28-2022 23:36:13 OTPClientRepository: loginInterface: LoginTTOffAccount
:10-28-2022 23:36:13 TTOffLauncher: getNeedPwForSecretKey using ttoff-specific-login
:10-28-2022 23:36:13 Loader: At end of block 'init', expected 138, loaded 7, duration=1.52981003678
:10-28-2022 23:36:13 OTPClientRepository: Connecting to gameserver directly (no proxy).
:10-28-2022 23:36:13 OTPClientRepository: Connecting to //127.0.0.1:7198 via HTTP interface.
:10-28-2022 23:36:13 TTOffLauncher: Stopping mini task manager.
:10-28-2022 23:36:13 OTPClientRepository: Successfully connected to //127.0.0.1:7198.
:10-28-2022 23:36:14 TTOffLauncher: Setting Disconnect Details normal
{401000001: <toontown.distributed.ToontownDistrict.ToontownDistrict instance at 0x0000000018BCD848>, 402000001: <toontown.distributed.ToontownDistrict.ToontownDistrict instance at 0x0000000018BCDA08>}
:10-28-2022 23:36:16 StateData: AvatarChooser.enter
:10-28-2022 23:36:16 DisplayOptions: settingsFullScreen = False, embedded = False width=800 height=600
:10-28-2022 23:36:16 StateData: calling self.displayOptions.restrictToEmbedded(False)
:10-28-2022 23:36:17 OTPClientRepository: ================
:10-28-2022 23:36:17 OTPClientRepository: Chose avatar id: 100000001
:10-28-2022 23:36:17 OTPClientRepository: Chose avatar name: Wittybumble
:10-28-2022 23:36:17 OTPClientRepository: Chose avatar dna: ('dss', 'ms', 'm', 'm', 6, 0, 6, 6, 1, 9, 1, 9, 1, 18)
:10-28-2022 23:36:17 OTPClientRepository: Chose avatar position: 1
:10-28-2022 23:36:17 OTPClientRepository: isPaid: 1
:10-28-2022 23:36:17 OTPClientRepository: freeTimeLeft: 0
:10-28-2022 23:36:17 OTPClientRepository: allowSecretChat: True
:10-28-2022 23:36:17 OTPClientRepository: ================
:10-28-2022 23:36:17 Loader: starting bulk load of block 'localAvatarPlayGame'
:10-28-2022 23:36:17 ToontownTimeManager(warning): error parsing date string=
:10-28-2022 23:36:17 Actor(warning): no part named head-front*!
local
:10-28-2022 23:36:18 NewsPageButtonManager(warning): Should not get here. NewsPageButtonManager.exitOff
:10-28-2022 23:36:18 :pnmimage:png(warning): iCCP: known incorrect sRGB profile
:10-28-2022 23:36:20 Actor(warning): no part named head-front*!
:10-28-2022 23:36:20 OTPClientRepository: Entering shard 401000001
:10-28-2022 23:36:20 StreetSign: Street sign url is https://ttoffline.com/images/
:10-28-2022 23:36:22 TimeManager: Clock sync: TimeManager.announceGenerate
:10-28-2022 23:36:22 NewsManager: setHolidayId: Starting Holiday 26
:10-28-2022 23:36:22 InGameNewsMgr: latestIssue=2013-08-22 16:49:46.000003-07:00
cpu info: GenuineIntel|        Intel(R) Core(TM) i7-3820 CPU @ 3.60GHz|132823|0|3.601,3.601|4,8 cpus
:10-28-2022 23:36:23 OTPClientRepository: No sync from TimeManager.
:10-28-2022 23:36:23 OTPClientRepository: gotTimeSync
:10-28-2022 23:36:23 Loader: At end of block 'localAvatarPlayGame', expected 400, loaded 22, duration=5.99482510664
:10-28-2022 23:36:23 TimeManager: Clock sync roundtrip took 1148.946 ms
:10-28-2022 23:36:23 TimeManager: AI time delta is -0:01 from server delta
:10-28-2022 23:36:23 TimeManager: Local clock uncertainty +/- 0.575 s
:10-28-2022 23:36:23 PlayGame: QA-REGRESSION: NEIGHBORHOODS: Visit Sellbot HQ
:10-28-2022 23:36:23 Loader: starting bulk load of block 'hood'
:10-28-2022 23:36:23 TownBattleSuitPanel: Loading Suit Battle Panel!
:10-28-2022 23:36:23 TownBattleSuitPanel: Loading Suit Battle Panel!
:10-28-2022 23:36:23 TownBattleSuitPanel: Loading Suit Battle Panel!
:10-28-2022 23:36:23 TownBattleSuitPanel: Loading Suit Battle Panel!
:10-28-2022 23:36:23 TownBattleSuitPanel: Loading Suit Battle Panel!
:10-28-2022 23:36:23 TownBattleSuitPanel: Loading Suit Battle Panel!
:10-28-2022 23:36:23 TownBattleSuitPanel: Loading Suit Battle Panel!
:10-28-2022 23:36:23 TownBattleSuitPanel: Loading Suit Battle Panel!
:10-28-2022 23:36:24 OTPClientRepository: Sending heartbeat mid-frame.
:10-28-2022 23:36:24 SellbotCogHQLoader: loadPlaceGeom: 11000
:10-28-2022 23:36:24 DistributedObject: DistributedSuitPlanner 401003322: generating
:10-28-2022 23:36:24 :gobj(error): Texture::read() - couldn't read: phase_3/maps/hands/gh.png
:10-28-2022 23:36:24 :gobj(error): Unable to find texture "phase_3/maps/hands/gh.png" on model-path /;/c/Toontown-Last-Laff-Workspace-10-21-2022/src/toontown/launcher;/c/Panda3D-1.11.0-x64/etc/..;/c/Panda3D-1.11.0-x64/etc/../models
Traceback (most recent call last):
  File "C:\Panda3D-1.11.0-x64\direct\distributed\ConnectionRepository.py", line 609, in readerPollUntilEmpty
    while self.readerPollOnce():
  File "C:\Panda3D-1.11.0-x64\direct\distributed\ConnectionRepository.py", line 616, in readerPollOnce
    self.handleDatagram(self.private__di)
  File "otp\distributed\OTPClientRepository.py", line 1838, in handleDatagram
    self.handler(msgType, di)
  File "otp\distributed\OTPClientRepository.py", line 1445, in handlePlayGame
    self.handleMessageType(msgType, di)
  File "otp\distributed\OTPClientRepository.py", line 1732, in handleMessageType
    self.gotInterestDoneMessage(di)
  File "otp\distributed\OTPClientRepository.py", line 1758, in gotInterestDoneMessage
    self.__playBackGenerates(handle)
  File "otp\distributed\OTPClientRepository.py", line 1941, in __playBackGenerates
    self.__doGenerate(doId, parentId, zoneId, classId, di, other)
  File "otp\distributed\OTPClientRepository.py", line 1987, in __doGenerate
    distObj = self.generateWithRequiredFields(dclass, doId, di, parentId, zoneId)
  File "C:\Panda3D-1.11.0-x64\direct\distributed\ClientRepositoryBase.py", line 264, in generateWithRequiredFields
    distObj.updateRequiredFields(dclass, di)
  File "C:\Panda3D-1.11.0-x64\direct\distributed\DistributedObject.py", line 341, in updateRequiredFields
    dclass.receiveUpdateBroadcastRequired(self, di)
  File "toontown\suit\DistributedSuitBase.py", line 124, in setDNAString
    Suit.Suit.setDNAString(self, dnaString)
  File "toontown\suit\Suit.py", line 395, in setDNAString
    self.setDNA(self.dna)
  File "toontown\suit\DistributedSuitBase.py", line 127, in setDNA
    Suit.Suit.setDNA(self, dna)
  File "toontown\suit\Suit.py", line 410, in setDNA
    self.generateSuit()
  File "toontown\suit\Suit.py", line 599, in generateSuit
    self.generateHead('gladhander')
  File "toontown\suit\Suit.py", line 805, in generateHead
    self.headPars.append(self.find('**/' + headName))
AttributeError: 'DistributedSuit' object has no attribute 'headPars'
:10-28-2022 23:36:24 :task(error): Exception occurred in PythonTask readerPollTask-95620528
:10-28-2022 23:36:24 TTOffLauncher: setting panda error code to 12
:10-28-2022 23:36:24 TTOffLauncher(warning): Handling Python exception.
:10-28-2022 23:36:24 TimeManager: Client disconnect reason 3.
:10-28-2022 23:36:24 TimeManager: Client exception: toontown.suit.Suit:805, toontown.suit.Suit:599, toontown.suit.Suit:410, toontown.suit.DistributedSuitBase:127, AttributeError: 'DistributedSuit' object has no attribute 'headPars'
:10-28-2022 23:36:24 OTPClientRepository: Sent disconnect message to server
:10-28-2022 23:36:24 OTPClientRepository: Closing connection to server.
:10-28-2022 23:36:24 TTOffLauncher: Exception exit.

Traceback (most recent call last):
  File "otp\launcher\LauncherBase.py", line 1081, in mainLoop
    self._runTaskManager()
  File "otp\launcher\LauncherBase.py", line 1052, in _runTaskManager
    taskMgr.run()
  File "C:\Panda3D-1.11.0-x64\direct\task\Task.py", line 528, in run
    self.step()
  File "C:\Panda3D-1.11.0-x64\direct\task\Task.py", line 482, in step
    self.mgr.poll()
  File "C:\Panda3D-1.11.0-x64\direct\distributed\ConnectionRepository.py", line 609, in readerPollUntilEmpty
    while self.readerPollOnce():
  File "C:\Panda3D-1.11.0-x64\direct\distributed\ConnectionRepository.py", line 616, in readerPollOnce
    self.handleDatagram(self.private__di)
  File "otp\distributed\OTPClientRepository.py", line 1838, in handleDatagram
    self.handler(msgType, di)
  File "otp\distributed\OTPClientRepository.py", line 1445, in handlePlayGame
    self.handleMessageType(msgType, di)
  File "otp\distributed\OTPClientRepository.py", line 1732, in handleMessageType
    self.gotInterestDoneMessage(di)
  File "otp\distributed\OTPClientRepository.py", line 1758, in gotInterestDoneMessage
    self.__playBackGenerates(handle)
  File "otp\distributed\OTPClientRepository.py", line 1941, in __playBackGenerates
    self.__doGenerate(doId, parentId, zoneId, classId, di, other)
  File "otp\distributed\OTPClientRepository.py", line 1987, in __doGenerate
    distObj = self.generateWithRequiredFields(dclass, doId, di, parentId, zoneId)
  File "C:\Panda3D-1.11.0-x64\direct\distributed\ClientRepositoryBase.py", line 264, in generateWithRequiredFields
    distObj.updateRequiredFields(dclass, di)
  File "C:\Panda3D-1.11.0-x64\direct\distributed\DistributedObject.py", line 341, in updateRequiredFields
    dclass.receiveUpdateBroadcastRequired(self, di)
  File "toontown\suit\DistributedSuitBase.py", line 124, in setDNAString
    Suit.Suit.setDNAString(self, dnaString)
  File "toontown\suit\Suit.py", line 395, in setDNAString
    self.setDNA(self.dna)
  File "toontown\suit\DistributedSuitBase.py", line 127, in setDNA
    Suit.Suit.setDNA(self, dna)
  File "toontown\suit\Suit.py", line 410, in setDNA
    self.generateSuit()
  File "toontown\suit\Suit.py", line 599, in generateSuit
    self.generateHead('gladhander')
  File "toontown\suit\Suit.py", line 805, in generateHead
    self.headPars.append(self.find('**/' + headName))
AttributeError: 'DistributedSuit' object has no attribute 'headPars'
