

Starting Toontown Online...
Current time: Mon Oct 24 15:09:37 2022 Eastern Standard Time
sys.path =  ['', 'C:\\Toontown-Last-Laff-Workspace-10-21-2022\\src\\Panda3D-1.11.0-x64\\python\\python27.zip', 'C:\\Panda3D-1.11.0-x64', 'C:\\Toontown-Last-Laff-Workspace-10-21-2022\\src\\Panda3D-1.11.0-x64\\python\\DLLs', 'C:\\Toontown-Last-Laff-Workspace-10-21-2022\\src\\Panda3D-1.11.0-x64\\python\\lib', 'C:\\Toontown-Last-Laff-Workspace-10-21-2022\\src\\Panda3D-1.11.0-x64\\python\\lib\\plat-win', 'C:\\Toontown-Last-Laff-Workspace-10-21-2022\\src\\Panda3D-1.11.0-x64\\python\\lib\\lib-tk', 'C:\\Toontown-Last-Laff-Workspace-10-21-2022\\src\\Panda3D-1.11.0-x64\\python', 'C:\\Toontown-Last-Laff-Workspace-10-21-2022\\src\\Panda3D-1.11.0-x64', 'C:\\Toontown-Last-Laff-Workspace-10-21-2022\\src\\Panda3D-1.11.0-x64\\bin', 'C:\\Toontown-Last-Laff-Workspace-10-21-2022\\src\\Panda3D-1.11.0-x64\\python\\lib\\site-packages']
sys.argv =  ['C:\\Toontown-Last-Laff-Workspace-10-21-2022\\src\\toontown\\launcher\\TTOffQuickStartLauncher.py']
generating standard configrc
os.environ =  {'TMP': 'C:\\Users\\Philip\\AppData\\Local\\Temp', 'COMPUTERNAME': 'PHILIP-JR', 'USERDOMAIN': 'PHILIP-JR', 'NEKO_INSTPATH': 'C:\\HaxeToolkit\\neko', 'PSMODULEPATH': 'C:\\WINDOWS\\system32\\WindowsPowerShell\\v1.0\\Modules\\', 'DOKANLIBRARY1': 'C:\\Program Files\\Dokan\\Dokan Library-1.4.1\\', 'ADSK_3DSMAX_X64_2021': 'C:\\Program Files\\Autodesk\\3ds Max 2021\\', 'PROCESSOR_IDENTIFIER': 'Intel64 Family 6 Model 45 Stepping 7, GenuineIntel', 'VBOX_MSI_INSTALL_PATH': 'C:\\Program Files\\Oracle\\VirtualBox\\', 'PROGRAMFILES': 'C:\\Program Files', 'PROCESSOR_REVISION': '2d07', 'PATH': 'C:\\Panda3D-1.11.0-x64\\panda3d\\..\\bin;C:\\Program Files (x86)\\Common Files\\Oracle\\Java\\javapath;C:\\Windows\\system32;C:\\Windows;C:\\Windows\\System32\\Wbem;C:\\Windows\\System32\\WindowsPowerShell\\v1.0\\;C:\\Program Files (x86)\\NVIDIA Corporation\\PhysX\\Common;C:\\Program Files\\Git\\cmd;C:\\WINDOWS\\system32;C:\\WINDOWS;C:\\WINDOWS\\System32\\Wbem;C:\\WINDOWS\\System32\\WindowsPowerShell\\v1.0\\;C:\\Program Files\\dotnet\\;C:\\Program Files\\Common Files\\Autodesk Shared\\;C:\\Program Files\\Microsoft SQL Server\\120\\Tools\\Binn\\;C:\\HaxeToolkit\\haxe;C:\\HaxeToolkit\\neko;C:\\Program Files\\Animation Paper\\gstreamer\\bin;C:\\Program Files\\PuTTY\\;C:\\Program Files\\NVIDIA Corporation\\NVIDIA NvDLISR;C:\\Program Files (x86)\\Windows Live\\Shared;C:\\HaxeToolkit\\haxe;C:\\HaxeToolkit\\neko;C:\\Program Files (x86)\\Windows Kits\\8.1\\Windows Performance Toolkit\\;C:\\Users\\Philip\\anaconda3;C:\\Users\\Philip\\anaconda3\\Library\\mingw-w64\\bin;C:\\Users\\Philip\\anaconda3\\Library\\usr\\bin;C:\\Users\\Philip\\anaconda3\\Library\\bin;C:\\Users\\Philip\\anaconda3\\Scripts;C:\\Program Files\\MySQL\\MySQL Shell 8.0\\bin\\;C:\\Panda3D-1.10.02\\python;C:\\Panda3D-1.10.02\\python\\Scripts;C:\\Panda3D-1.10.02\\bin;C:\\Panda3D-1.11.0-x64-py2\\python;C:\\Panda3D-1.11.0-x64-py2\\python\\Scripts;C:\\Panda3D-1.11.0-x64-py2\\bin;C:\\Users\\Philip\\AppData\\Local\\GitHubDesktop\\bin;C:\\Panda3D-1.9.0\\python;C:\\Panda3D-1.9.0\\python\\Scripts;C:\\Panda3D-1.9.0\\bin;C:\\Panda3D-1.10.0-x64\\python;C:\\Panda3D-1.10.0-x64\\python\\Scripts;C:\\Panda3D-1.10.0-x64\\bin;C:\\Users\\Philip\\AppData\\Local\\atom\\bin;C:\\Panda3D-1.10.0\\python;C:\\Panda3D-1.10.0\\python\\Scripts;C:\\Panda3D-1.10.0\\bin;C:\\Panda3D-1.11.0-x64-astron\\python;C:\\Panda3D-1.11.0-x64-astron\\python\\Scripts;C:\\Panda3D-1.11.0-x64-astron\\bin;C:\\Panda3D-1.11.0-x64\\python;C:\\Panda3D-1.11.0-x64\\python\\Scripts;C:\\Panda3D-1.11.0-x64\\bin;C:\\Panda3D-1.10.9-x64\\python;C:\\Panda3D-1.10.9-x64\\python\\Scrip;C:\\Users\\Philip\\AppData\\Local\\Programs\\Microsoft VS Code\\bin;C:\\Users\\Philip\\.dotnet\\tools;%C:\\Program Files (x86)\\Windows Kits\\8.1\\bin\\x86\\rc.exe%;%C:\\Program Files (x86)\\Microsoft Visual Studio\\2019\\BuildTools\\Common7\\IDE%;C:\\Program Files\\JetBrains\\PyCharm Community Edition 2022.2.3\\bin;', 'SYSTEMROOT': 'C:\\WINDOWS', 'NUMBER_OF_PROCESSORS': '8', 'PROGRAMFILES(X86)': 'C:\\Program Files (x86)', 'COMSPEC': 'C:\\WINDOWS\\system32\\cmd.exe', 'KMP_BLOCKTIME': '0', 'PPYTHON_PATH': '"Panda3D-1.11.0-x64\\python\\ppython.exe"', 'PYCHARM COMMUNITY EDITION': 'C:\\Program Files\\JetBrains\\PyCharm Community Edition 2022.2.3\\bin;', 'COMMONPROGRAMFILES(X86)': 'C:\\Program Files (x86)\\Common Files', 'PROCESSOR_ARCHITECTURE': 'AMD64', 'DOKANLIBRARY1_LIBRARYPATH_X64': 'C:\\Program Files\\Dokan\\Dokan Library-1.4.1\\lib\\', 'ALLUSERSPROFILE': 'C:\\ProgramData', 'LOCALAPPDATA': 'C:\\Users\\Philip\\AppData\\Local', 'HOMEPATH': '\\Users\\Philip', 'USERDOMAIN_ROAMINGPROFILE': 'PHILIP-JR', 'PROGRAMW6432': 'C:\\Program Files', 'USERNAME': 'Philip', 'FP_NO_HOST_CHECK': 'NO', 'DOKANLIBRARY1_LIBRARYPATH_X86': 'C:\\Program Files\\Dokan\\Dokan Library-1.4.1\\x86\\lib\\', 'LOGONSERVER': '\\\\MicrosoftAccount', 'PROMPT': '$P$G', 'SESSIONNAME': 'Console', 'PROGRAMDATA': 'C:\\ProgramData', 'COMMONPROGRAMFILES': 'C:\\Program Files\\Common Files', 'TEMP': 'C:\\Users\\Philip\\AppData\\Local\\Temp', 'HAXEPATH': 'C:\\HaxeToolkit\\haxe', 'PATHEXT': '.COM;.EXE;.BAT;.CMD;.VBS;.VBE;.JS;.JSE;.WSF;.WSH;.MSC', 'TTOFF_LOGIN_TOKEN': 'dev', 'VS160COMCOMNTOOLS': 'C:\\Program Files (x86)\\Microsoft Visual Studio\\2019\\Community\\Common7\\Tools\\', 'WINDIR': 'C:\\WINDOWS', 'OMP_WAIT_POLICY': 'PASSIVE', 'MONGO': 'C:\\mongodb-win32-x86_64-windows-4.4.4/bin', 'HOMEDRIVE': 'C:', 'SYSTEMDRIVE': 'C:', 'PUBLIC': 'C:\\Users\\Public', 'APPDATA': 'C:\\Users\\Philip\\AppData\\Roaming', 'PROCESSOR_LEVEL': '6', 'CIOENGINE': 'C:\\cio-panda3d', 'COMMONPROGRAMW6432': 'C:\\Program Files\\Common Files', 'OS': 'Windows_NT', 'ADSK_CLM_WPAD_PROXY_CHECK': 'FALSE', 'USERPROFILE': 'C:\\Users\\Philip'}
:10-24-2022 15:09:37 TTOffLauncher: isTestServer: 0
:10-24-2022 15:09:37 TTOffLauncher: Game Server 127.0.0.1
:10-24-2022 15:09:37 TTOffLauncher: Starting Toontown Online... 
:10-24-2022 15:09:37 TTOffLauncher: foreground: Launcher now operating in foreground
useTTOffSpecificLogin=True
:10-24-2022 15:09:37 TTOffLauncher: maybeStartGame: starting game
:10-24-2022 15:09:37 TTOffLauncher: Starting Toontown Online...
:10-24-2022 15:09:37 TTOffLauncher: background: Launcher now operating in background
ToontownStart: Polling for game2 to finish...
ToontownStart: Game2 is finished.
ToontownStart: Starting the game.
ToontownStart: setting default font
:10-24-2022 15:09:37 TTOffLauncher: setting panda error code to 7
Known pipe types:
  wglGraphicsPipe
(all display modules loaded.)
:10-24-2022 15:09:37 ToonBase: Default graphics pipe is wglGraphicsPipe (OpenGL).
:10-24-2022 15:09:38 :display(warning): FrameBufferProperties available less than requested.
  requested: depth_bits=24 color_bits=3 red_bits=1 green_bits=1 blue_bits=1 alpha_bits=1 multisamples=70 back_buffers=1 force_hardware 
  got: depth_bits=24 color_bits=24 red_bits=8 green_bits=8 blue_bits=8 alpha_bits=8 accum_bits=64 multisamples=16 back_buffers=1 force_hardware 
:10-24-2022 15:09:38 ToonBase: Successfully opened window of type wglGraphicsWindow (OpenGL)
:10-24-2022 15:09:38 ShowBase: __dev__ == False
:10-24-2022 15:09:38 TTOffLauncher: setting panda error code to 11
:10-24-2022 15:09:38 TTOffLauncher: setting panda error code to 0
ToontownStart: Loading default gui sounds
ToontownStart: serverVersion:  tto-dev
:10-24-2022 15:09:38 Loader: starting bulk load of block 'init'
:10-24-2022 15:09:39 :nativenet(error): Buffered_DatagramConnection Constructor rbufsize = 4096000 wbufsize = 4096000 write_flush_point = 1400
:10-24-2022 15:09:39 OTPClientRepository: Using connect method 'http'
:10-24-2022 15:09:40 TTOffLauncher: getRegistry ('DEPLOYMENT', None)
:10-24-2022 15:09:40 TTOffLauncher: checking env
:10-24-2022 15:09:40 TTOffLauncher: getRegistry ('GAME_DEPLOYMENT', None)
:10-24-2022 15:09:40 TTOffLauncher: checking env
:10-24-2022 15:09:40 OTPClientRepository: reg_deployment=
:10-24-2022 15:09:40 OTPClientRepository: required-login auto.
:10-24-2022 15:09:40 OTPClientRepository: loginInterface: LoginTTOffAccount
:10-24-2022 15:09:40 TTOffLauncher: getNeedPwForSecretKey using ttoff-specific-login
:10-24-2022 15:09:40 Loader: At end of block 'init', expected 138, loaded 8, duration=1.72671661316
:10-24-2022 15:09:40 OTPClientRepository: Connecting to gameserver directly (no proxy).
:10-24-2022 15:09:40 OTPClientRepository: Connecting to //127.0.0.1:7198 via HTTP interface.
:10-24-2022 15:09:40 TTOffLauncher: Stopping mini task manager.
:10-24-2022 15:09:40 OTPClientRepository: Successfully connected to //127.0.0.1:7198.
:10-24-2022 15:09:40 TTOffLauncher: Setting Disconnect Details normal
{402000001: <toontown.distributed.ToontownDistrict.ToontownDistrict instance at 0x00000000186D9AC8>}
:10-24-2022 15:09:42 StateData: AvatarChooser.enter
:10-24-2022 15:09:42 DisplayOptions: settingsFullScreen = False, embedded = False width=800 height=600
:10-24-2022 15:09:42 StateData: calling self.displayOptions.restrictToEmbedded(False)
:10-24-2022 15:09:45 OTPClientRepository: ================
:10-24-2022 15:09:45 OTPClientRepository: Chose avatar id: 100000001
:10-24-2022 15:09:45 OTPClientRepository: Chose avatar name: Wittybumble
:10-24-2022 15:09:45 OTPClientRepository: Chose avatar dna: ('dss', 'ms', 'm', 'm', 6, 0, 6, 6, 1, 9, 1, 9, 1, 18)
:10-24-2022 15:09:45 OTPClientRepository: Chose avatar position: 1
:10-24-2022 15:09:45 OTPClientRepository: isPaid: 1
:10-24-2022 15:09:45 OTPClientRepository: freeTimeLeft: 0
:10-24-2022 15:09:45 OTPClientRepository: allowSecretChat: True
:10-24-2022 15:09:45 OTPClientRepository: ================
:10-24-2022 15:09:45 Loader: starting bulk load of block 'localAvatarPlayGame'
:10-24-2022 15:09:45 ToontownTimeManager(warning): error parsing date string=
:10-24-2022 15:09:45 Actor(warning): no part named head-front*!
:10-24-2022 15:09:46 Actor(warning): to_head not found!
:10-24-2022 15:09:46 Actor(warning): to_head not found!
:10-24-2022 15:09:46 Actor(warning): to_head not found!
local
:10-24-2022 15:09:46 NewsPageButtonManager(warning): Should not get here. NewsPageButtonManager.exitOff
:10-24-2022 15:09:46 :pnmimage:png(warning): iCCP: known incorrect sRGB profile
:10-24-2022 15:09:48 Actor(warning): to_head not found!
:10-24-2022 15:09:48 Actor(warning): to_head not found!
:10-24-2022 15:09:48 Actor(warning): to_head not found!
:10-24-2022 15:09:48 Actor(warning): no part named head-front*!
:10-24-2022 15:09:48 Actor(warning): to_head not found!
:10-24-2022 15:09:48 Actor(warning): to_head not found!
:10-24-2022 15:09:48 Actor(warning): to_head not found!
:10-24-2022 15:09:48 Actor(warning): to_head not found!
:10-24-2022 15:09:48 Actor(warning): to_head not found!
:10-24-2022 15:09:48 Actor(warning): to_head not found!
:10-24-2022 15:09:48 OTPClientRepository: Entering shard 402000001
:10-24-2022 15:09:48 StreetSign: Street sign url is https://ttoffline.com/images/
:10-24-2022 15:09:49 TimeManager: Clock sync: TimeManager.announceGenerate
:10-24-2022 15:09:49 NewsManager: setHolidayId: Starting Holiday 26
:10-24-2022 15:09:49 NewsManager: setHolidayId: Starting Holiday 14
:10-24-2022 15:09:49 InGameNewsMgr: latestIssue=2013-08-22 16:49:46.000003-07:00
cpu info: GenuineIntel|        Intel(R) Core(TM) i7-3820 CPU @ 3.60GHz|132823|0|3.601,3.601|4,8 cpus
:10-24-2022 15:09:50 OTPClientRepository: No sync from TimeManager.
:10-24-2022 15:09:50 OTPClientRepository: gotTimeSync
:10-24-2022 15:09:51 Loader: At end of block 'localAvatarPlayGame', expected 400, loaded 21, duration=5.68726648915
:10-24-2022 15:09:51 OTPClientRepository: Sending heartbeat mid-frame.
:10-24-2022 15:09:51 TimeManager: Clock sync roundtrip took 1157.299 ms
:10-24-2022 15:09:51 TimeManager: AI time delta is -0:02 from server delta
:10-24-2022 15:09:51 TimeManager: Local clock uncertainty +/- 0.579 s
:10-24-2022 15:09:51 PlayGame: QA-REGRESSION: NEIGHBORHOODS: Visit Cashbot HQ
:10-24-2022 15:09:51 Loader: starting bulk load of block 'hood'
:10-24-2022 15:09:51 TownBattleSuitPanel: Loading Suit Battle Panel!
:10-24-2022 15:09:51 TownBattleSuitPanel: Loading Suit Battle Panel!
:10-24-2022 15:09:51 TownBattleSuitPanel: Loading Suit Battle Panel!
:10-24-2022 15:09:51 TownBattleSuitPanel: Loading Suit Battle Panel!
:10-24-2022 15:09:51 TownBattleSuitPanel: Loading Suit Battle Panel!
:10-24-2022 15:09:51 TownBattleSuitPanel: Loading Suit Battle Panel!
:10-24-2022 15:09:51 TownBattleSuitPanel: Loading Suit Battle Panel!
:10-24-2022 15:09:51 TownBattleSuitPanel: Loading Suit Battle Panel!
:10-24-2022 15:09:52 CashbotCogHQLoader: loadPlaceGeom: 12000
:10-24-2022 15:09:52 NewsManager: setInvasionStatus: msgType: 3 cogType: b, numRemaining: 1000000, skeleton: 0
:10-24-2022 15:09:52 DistributedObject: DistributedSuitPlanner 402002971: generating
:10-24-2022 15:09:52 DistributedToon: calling LocalAvatar.startchat
:10-24-2022 15:09:52 :loader(error): Couldn't load file phase_4/models/questmap/cog_hq_cashbot_maps.bam: not found on model path (currently: "/;/c/Toontown-Last-Laff-Workspace-10-21-2022/src/toontown/launcher;/c/Panda3D-1.11.0-x64/etc/..;/c/Panda3D-1.11.0-x64/etc/../models")
:10-24-2022 15:09:53 Loader: At end of block 'hood', expected 2, loaded 9, duration=2.12035371195
:10-24-2022 15:09:54 Teleport(debug): teleportInDone: walk
:10-24-2022 15:09:54 :loader(error): Couldn't load file phase_4/models/questmap/cog_hq_cashbot_maps.bam: not found on model path (currently: "/;/c/Toontown-Last-Laff-Workspace-10-21-2022/src/toontown/launcher;/c/Panda3D-1.11.0-x64/etc/..;/c/Panda3D-1.11.0-x64/etc/../models")
Assertion failed: other._error_type == ET_ok at line 395 of panda/src/pgraph/nodePath.cxx
Exception occurred while processing Func-reparentTo-41 of trackName-402007664:
trackName-402007664:
  0.000 trackName-402007664 {
  0.000   Sequence-47 {
  0.000     LerpPosInterval-49: pos from 60.3 28 -32 to 60.3 28 -63.2 dur 4.33333
  4.333     Wait dur 2.16667
  6.500   }
  0.000   Sequence-48 {
  0.000     *Func-reparentTo-39
  0.000     *Func-setPos-40
  0.000     LerpScaleInterval-50: scale from 0.01 0.01 1 to 0.827032 0.827032 0.827032 dur 4.33333
  4.333     *Func-reparentTo-41
  4.333     *Func-setPos-42
  4.333     *Func-setScale-43
  4.333   }
  0.000   Sequence-49 {
  0.000     *Func-setTransparency-44
  0.000     LerpColorScaleInterval-51: color_scale from 1 1 1 0 to 1 1 1 1 dur 1
  1.000     *Func-clearColorScale-45
  1.000     *Func-clearTransparency-46
  1.000   }
  0.000   Sequence-50 {
  0.000     *Func-pose-47
  0.000     Wait dur 3.16667
  3.167     *Actor-landing-4 dur 3.33333
  6.500     *Func-loop-48
  6.500   }
  0.000   Parallel-52 {
  0.000     *Sound-14 dur 6.5
  0.000     Sequence-51 {
  0.000       *Actor-propeller-5 dur 3.5
  3.500       *Actor-propeller-6 dur 3.29167
  6.792       *Func-detachPropeller-49
  6.792     }
  6.792   }
  6.792 }

Traceback (most recent call last):
  File "C:\Panda3D-1.11.0-x64\direct\showbase\ShowBase.py", line 1943, in __ivalLoop
    IntervalManager.ivalMgr.step()
  File "C:\Panda3D-1.11.0-x64\direct\interval\IntervalManager.py", line 95, in step
    self.__doPythonCallbacks()
  File "C:\Panda3D-1.11.0-x64\direct\interval\IntervalManager.py", line 123, in __doPythonCallbacks
    self.ivals[index].privPostEvent()
  File "C:\Panda3D-1.11.0-x64\direct\interval\MetaInterval.py", line 520, in privPostEvent
    self.__doPythonCallbacks()
  File "C:\Panda3D-1.11.0-x64\direct\interval\MetaInterval.py", line 496, in __doPythonCallbacks
    ival.privDoEvent(t, eventType)
  File "C:\Panda3D-1.11.0-x64\direct\interval\Interval.py", line 210, in privDoEvent
    self.privInstant()
  File "C:\Panda3D-1.11.0-x64\direct\interval\FunctionInterval.py", line 91, in privInstant
    self.function(*self.extraArgs, **self.kw)
AssertionError: other._error_type == ET_ok at line 395 of panda/src/pgraph/nodePath.cxx
:10-24-2022 15:09:55 :task(error): Exception occurred in PythonTask ivalLoop
:10-24-2022 15:09:55 TTOffLauncher: setting panda error code to 12
:10-24-2022 15:09:55 TTOffLauncher(warning): Handling Python exception.
:10-24-2022 15:09:55 TimeManager: Client disconnect reason 3.
:10-24-2022 15:09:55 TimeManager: Client exception: direct.interval.FunctionInterval:91, direct.interval.Interval:210, direct.interval.MetaInterval:504, direct.interval.MetaInterval:520, AssertionError: other._error_type == ET_ok at line 395 of panda/src/pgraph/nodePath.cxx
:10-24-2022 15:09:55 OTPClientRepository: Sent disconnect message to server
:10-24-2022 15:09:55 OTPClientRepository: Closing connection to server.
:10-24-2022 15:09:55 TTOffLauncher: Exception exit.

Traceback (most recent call last):
  File "otp\launcher\LauncherBase.py", line 1081, in mainLoop
    self._runTaskManager()
  File "otp\launcher\LauncherBase.py", line 1052, in _runTaskManager
    taskMgr.run()
  File "C:\Panda3D-1.11.0-x64\direct\task\Task.py", line 528, in run
    self.step()
  File "C:\Panda3D-1.11.0-x64\direct\task\Task.py", line 482, in step
    self.mgr.poll()
  File "C:\Panda3D-1.11.0-x64\direct\showbase\ShowBase.py", line 1943, in __ivalLoop
    IntervalManager.ivalMgr.step()
  File "C:\Panda3D-1.11.0-x64\direct\interval\IntervalManager.py", line 95, in step
    self.__doPythonCallbacks()
  File "C:\Panda3D-1.11.0-x64\direct\interval\IntervalManager.py", line 123, in __doPythonCallbacks
    self.ivals[index].privPostEvent()
  File "C:\Panda3D-1.11.0-x64\direct\interval\MetaInterval.py", line 520, in privPostEvent
    self.__doPythonCallbacks()
  File "C:\Panda3D-1.11.0-x64\direct\interval\MetaInterval.py", line 496, in __doPythonCallbacks
    ival.privDoEvent(t, eventType)
  File "C:\Panda3D-1.11.0-x64\direct\interval\Interval.py", line 210, in privDoEvent
    self.privInstant()
  File "C:\Panda3D-1.11.0-x64\direct\interval\FunctionInterval.py", line 91, in privInstant
    self.function(*self.extraArgs, **self.kw)
AssertionError: other._error_type == ET_ok at line 395 of panda/src/pgraph/nodePath.cxx
