

Starting Toontown Online...
Current time: Fri Oct 21 17:22:38 2022 Eastern Standard Time
sys.path =  ['', 'C:\\Toontown-Last-Laff-Workspace-10-21-2022\\src\\Panda3D-1.11.0-x64\\python\\python27.zip', 'C:\\Panda3D-1.11.0-x64', 'C:\\Toontown-Last-Laff-Workspace-10-21-2022\\src\\Panda3D-1.11.0-x64\\python\\DLLs', 'C:\\Toontown-Last-Laff-Workspace-10-21-2022\\src\\Panda3D-1.11.0-x64\\python\\lib', 'C:\\Toontown-Last-Laff-Workspace-10-21-2022\\src\\Panda3D-1.11.0-x64\\python\\lib\\plat-win', 'C:\\Toontown-Last-Laff-Workspace-10-21-2022\\src\\Panda3D-1.11.0-x64\\python\\lib\\lib-tk', 'C:\\Toontown-Last-Laff-Workspace-10-21-2022\\src\\Panda3D-1.11.0-x64\\python', 'C:\\Toontown-Last-Laff-Workspace-10-21-2022\\src\\Panda3D-1.11.0-x64', 'C:\\Toontown-Last-Laff-Workspace-10-21-2022\\src\\Panda3D-1.11.0-x64\\bin', 'C:\\Toontown-Last-Laff-Workspace-10-21-2022\\src\\Panda3D-1.11.0-x64\\python\\lib\\site-packages']
sys.argv =  ['C:\\Toontown-Last-Laff-Workspace-10-21-2022\\src\\toontown\\launcher\\TTOffQuickStartLauncher.py']
generating standard configrc
os.environ =  {'TMP': 'C:\\Users\\Philip\\AppData\\Local\\Temp', 'COMPUTERNAME': 'PHILIP-JR', 'USERDOMAIN': 'PHILIP-JR', 'NEKO_INSTPATH': 'C:\\HaxeToolkit\\neko', 'PSMODULEPATH': 'C:\\WINDOWS\\system32\\WindowsPowerShell\\v1.0\\Modules\\', 'DOKANLIBRARY1': 'C:\\Program Files\\Dokan\\Dokan Library-1.4.1\\', 'ADSK_3DSMAX_X64_2021': 'C:\\Program Files\\Autodesk\\3ds Max 2021\\', 'PROCESSOR_IDENTIFIER': 'Intel64 Family 6 Model 45 Stepping 7, GenuineIntel', 'VBOX_MSI_INSTALL_PATH': 'C:\\Program Files\\Oracle\\VirtualBox\\', 'PROGRAMFILES': 'C:\\Program Files', 'PROCESSOR_REVISION': '2d07', 'PATH': 'C:\\Toontown-Last-Laff-Workspace-10-21-2022\\src\\Panda3D-1.11.0-x64\\panda3d\\..\\bin;C:\\Program Files (x86)\\Common Files\\Oracle\\Java\\javapath;C:\\Windows\\system32;C:\\Windows;C:\\Windows\\System32\\Wbem;C:\\Windows\\System32\\WindowsPowerShell\\v1.0\\;C:\\Program Files (x86)\\NVIDIA Corporation\\PhysX\\Common;C:\\Program Files\\Git\\cmd;C:\\WINDOWS\\system32;C:\\WINDOWS;C:\\WINDOWS\\System32\\Wbem;C:\\WINDOWS\\System32\\WindowsPowerShell\\v1.0\\;C:\\Program Files\\dotnet\\;C:\\Program Files\\Common Files\\Autodesk Shared\\;C:\\Program Files\\Microsoft SQL Server\\120\\Tools\\Binn\\;C:\\HaxeToolkit\\haxe;C:\\HaxeToolkit\\neko;C:\\Program Files\\Animation Paper\\gstreamer\\bin;C:\\Program Files\\PuTTY\\;C:\\Program Files\\NVIDIA Corporation\\NVIDIA NvDLISR;C:\\Program Files (x86)\\Windows Live\\Shared;C:\\HaxeToolkit\\haxe;C:\\HaxeToolkit\\neko;C:\\Program Files (x86)\\Windows Kits\\8.1\\Windows Performance Toolkit\\;C:\\Users\\Philip\\anaconda3;C:\\Users\\Philip\\anaconda3\\Library\\mingw-w64\\bin;C:\\Users\\Philip\\anaconda3\\Library\\usr\\bin;C:\\Users\\Philip\\anaconda3\\Library\\bin;C:\\Users\\Philip\\anaconda3\\Scripts;C:\\Program Files\\MySQL\\MySQL Shell 8.0\\bin\\;C:\\Panda3D-1.10.02\\python;C:\\Panda3D-1.10.02\\python\\Scripts;C:\\Panda3D-1.10.02\\bin;C:\\Panda3D-1.11.0-x64-py2\\python;C:\\Panda3D-1.11.0-x64-py2\\python\\Scripts;C:\\Panda3D-1.11.0-x64-py2\\bin;C:\\Users\\Philip\\AppData\\Local\\GitHubDesktop\\bin;C:\\Panda3D-1.9.0\\python;C:\\Panda3D-1.9.0\\python\\Scripts;C:\\Panda3D-1.9.0\\bin;C:\\Panda3D-1.10.0-x64\\python;C:\\Panda3D-1.10.0-x64\\python\\Scripts;C:\\Panda3D-1.10.0-x64\\bin;C:\\Users\\Philip\\AppData\\Local\\atom\\bin;C:\\Panda3D-1.10.0\\python;C:\\Panda3D-1.10.0\\python\\Scripts;C:\\Panda3D-1.10.0\\bin;C:\\Panda3D-1.11.0-x64-astron\\python;C:\\Panda3D-1.11.0-x64-astron\\python\\Scripts;C:\\Panda3D-1.11.0-x64-astron\\bin;C:\\Panda3D-1.11.0-x64\\python;C:\\Panda3D-1.11.0-x64\\python\\Scripts;C:\\Panda3D-1.11.0-x64\\bin;C:\\Panda3D-1.10.9-x64\\python;C:\\Panda3D-1.10.9-x64\\python\\Scrip;C:\\Users\\Philip\\AppData\\Local\\Programs\\Microsoft VS Code\\bin;C:\\Users\\Philip\\.dotnet\\tools;%C:\\Program Files (x86)\\Windows Kits\\8.1\\bin\\x86\\rc.exe%;%C:\\Program Files (x86)\\Microsoft Visual Studio\\2019\\BuildTools\\Common7\\IDE%;C:\\Program Files\\JetBrains\\PyCharm Community Edition 2022.2.3\\bin;', 'SYSTEMROOT': 'C:\\WINDOWS', 'NUMBER_OF_PROCESSORS': '8', 'PROGRAMFILES(X86)': 'C:\\Program Files (x86)', 'COMSPEC': 'C:\\WINDOWS\\system32\\cmd.exe', 'KMP_BLOCKTIME': '0', 'PPYTHON_PATH': '"Panda3D-1.11.0-x64\\python\\ppython.exe"', 'PYCHARM COMMUNITY EDITION': 'C:\\Program Files\\JetBrains\\PyCharm Community Edition 2022.2.3\\bin;', 'COMMONPROGRAMFILES(X86)': 'C:\\Program Files (x86)\\Common Files', 'PROCESSOR_ARCHITECTURE': 'AMD64', 'DOKANLIBRARY1_LIBRARYPATH_X64': 'C:\\Program Files\\Dokan\\Dokan Library-1.4.1\\lib\\', 'ALLUSERSPROFILE': 'C:\\ProgramData', 'LOCALAPPDATA': 'C:\\Users\\Philip\\AppData\\Local', 'HOMEPATH': '\\Users\\Philip', 'USERDOMAIN_ROAMINGPROFILE': 'PHILIP-JR', 'PROGRAMW6432': 'C:\\Program Files', 'USERNAME': 'Philip', 'FP_NO_HOST_CHECK': 'NO', 'DOKANLIBRARY1_LIBRARYPATH_X86': 'C:\\Program Files\\Dokan\\Dokan Library-1.4.1\\x86\\lib\\', 'LOGONSERVER': '\\\\MicrosoftAccount', 'PROMPT': '$P$G', 'SESSIONNAME': 'Console', 'PROGRAMDATA': 'C:\\ProgramData', 'COMMONPROGRAMFILES': 'C:\\Program Files\\Common Files', 'TEMP': 'C:\\Users\\Philip\\AppData\\Local\\Temp', 'HAXEPATH': 'C:\\HaxeToolkit\\haxe', 'PATHEXT': '.COM;.EXE;.BAT;.CMD;.VBS;.VBE;.JS;.JSE;.WSF;.WSH;.MSC', 'TTOFF_LOGIN_TOKEN': 'dev', 'VS160COMCOMNTOOLS': 'C:\\Program Files (x86)\\Microsoft Visual Studio\\2019\\Community\\Common7\\Tools\\', 'WINDIR': 'C:\\WINDOWS', 'OMP_WAIT_POLICY': 'PASSIVE', 'MONGO': 'C:\\mongodb-win32-x86_64-windows-4.4.4/bin', 'HOMEDRIVE': 'C:', 'SYSTEMDRIVE': 'C:', 'PUBLIC': 'C:\\Users\\Public', 'APPDATA': 'C:\\Users\\Philip\\AppData\\Roaming', 'PROCESSOR_LEVEL': '6', 'CIOENGINE': 'C:\\cio-panda3d', 'COMMONPROGRAMW6432': 'C:\\Program Files\\Common Files', 'OS': 'Windows_NT', 'ADSK_CLM_WPAD_PROXY_CHECK': 'FALSE', 'USERPROFILE': 'C:\\Users\\Philip'}
:10-21-2022 17:22:38 TTOffLauncher: isTestServer: 0
:10-21-2022 17:22:38 TTOffLauncher: Game Server 127.0.0.1
:10-21-2022 17:22:38 TTOffLauncher: Starting Toontown Online... 
:10-21-2022 17:22:38 TTOffLauncher: foreground: Launcher now operating in foreground
useTTOffSpecificLogin=True
:10-21-2022 17:22:38 TTOffLauncher: maybeStartGame: starting game
:10-21-2022 17:22:38 TTOffLauncher: Starting Toontown Online...
:10-21-2022 17:22:38 TTOffLauncher: background: Launcher now operating in background
ToontownStart: Polling for game2 to finish...
ToontownStart: Game2 is finished.
ToontownStart: Starting the game.
ToontownStart: setting default font
:10-21-2022 17:22:38 TTOffLauncher: setting panda error code to 7
Known pipe types:
  wglGraphicsPipe
(all display modules loaded.)
:10-21-2022 17:22:39 ToonBase: Default graphics pipe is wglGraphicsPipe (OpenGL).
:10-21-2022 17:22:39 :display(warning): FrameBufferProperties available less than requested.
  requested: depth_bits=24 color_bits=3 red_bits=1 green_bits=1 blue_bits=1 alpha_bits=1 multisamples=70 back_buffers=1 force_hardware 
  got: depth_bits=24 color_bits=24 red_bits=8 green_bits=8 blue_bits=8 alpha_bits=8 accum_bits=64 multisamples=16 back_buffers=1 force_hardware 
:10-21-2022 17:22:39 ToonBase: Successfully opened window of type wglGraphicsWindow (OpenGL)
:10-21-2022 17:22:39 ShowBase: __dev__ == False
:10-21-2022 17:22:39 TTOffLauncher: setting panda error code to 11
:10-21-2022 17:22:39 TTOffLauncher: setting panda error code to 0
ToontownStart: Loading default gui sounds
ToontownStart: serverVersion:  tto-dev
:10-21-2022 17:22:39 Loader: starting bulk load of block 'init'
:10-21-2022 17:22:40 :nativenet(error): Buffered_DatagramConnection Constructor rbufsize = 4096000 wbufsize = 4096000 write_flush_point = 1400
:10-21-2022 17:22:40 OTPClientRepository: Using connect method 'http'
:10-21-2022 17:22:40 TTOffLauncher: getRegistry ('DEPLOYMENT', None)
:10-21-2022 17:22:40 TTOffLauncher: checking env
:10-21-2022 17:22:40 TTOffLauncher: getRegistry ('GAME_DEPLOYMENT', None)
:10-21-2022 17:22:40 TTOffLauncher: checking env
:10-21-2022 17:22:40 OTPClientRepository: reg_deployment=
:10-21-2022 17:22:40 OTPClientRepository: required-login auto.
:10-21-2022 17:22:40 OTPClientRepository: loginInterface: LoginTTOffAccount
:10-21-2022 17:22:40 TTOffLauncher: getNeedPwForSecretKey using ttoff-specific-login
:10-21-2022 17:22:40 Loader: At end of block 'init', expected 138, loaded 6, duration=1.26848140119
:10-21-2022 17:22:40 OTPClientRepository: Connecting to gameserver directly (no proxy).
:10-21-2022 17:22:40 OTPClientRepository: Connecting to //127.0.0.1:7198 via HTTP interface.
:10-21-2022 17:22:40 TTOffLauncher: Stopping mini task manager.
:10-21-2022 17:22:40 OTPClientRepository: Successfully connected to //127.0.0.1:7198.
:10-21-2022 17:22:40 TTOffLauncher: Setting Disconnect Details normal
{402000001: <toontown.distributed.ToontownDistrict.ToontownDistrict instance at 0x0000000017286888>}
:10-21-2022 17:22:42 StateData: AvatarChooser.enter
:10-21-2022 17:22:42 DisplayOptions: settingsFullScreen = False, embedded = False width=800 height=600
:10-21-2022 17:22:42 StateData: calling self.displayOptions.restrictToEmbedded(False)
:10-21-2022 17:22:44 OTPClientRepository: ================
:10-21-2022 17:22:44 OTPClientRepository: Chose avatar id: 100000001
:10-21-2022 17:22:44 OTPClientRepository: Chose avatar name: Wittybumble
:10-21-2022 17:22:44 OTPClientRepository: Chose avatar dna: ('dss', 'ms', 'm', 'm', 6, 0, 6, 6, 1, 9, 1, 9, 1, 18)
:10-21-2022 17:22:44 OTPClientRepository: Chose avatar position: 1
:10-21-2022 17:22:44 OTPClientRepository: isPaid: 1
:10-21-2022 17:22:44 OTPClientRepository: freeTimeLeft: 0
:10-21-2022 17:22:44 OTPClientRepository: allowSecretChat: True
:10-21-2022 17:22:44 OTPClientRepository: ================
:10-21-2022 17:22:44 Loader: starting bulk load of block 'localAvatarPlayGame'
:10-21-2022 17:22:45 ToontownTimeManager(warning): error parsing date string=
:10-21-2022 17:22:45 Actor(warning): no part named head-front*!
local
:10-21-2022 17:22:45 NewsPageButtonManager(warning): Should not get here. NewsPageButtonManager.exitOff
:10-21-2022 17:22:45 :pnmimage:png(warning): iCCP: known incorrect sRGB profile
:10-21-2022 17:22:47 Actor(warning): no part named head-front*!
:10-21-2022 17:22:47 OTPClientRepository: Entering shard 402000001
:10-21-2022 17:22:47 StreetSign: Street sign url is https://ttoffline.com/images/
:10-21-2022 17:22:49 TimeManager: Clock sync: TimeManager.announceGenerate
:10-21-2022 17:22:49 NewsManager: setHolidayId: Starting Holiday 26
:10-21-2022 17:22:49 InGameNewsMgr: latestIssue=2013-08-22 16:49:46.000003-07:00
cpu info: GenuineIntel|        Intel(R) Core(TM) i7-3820 CPU @ 3.60GHz|132823|0|3.601,3.601|4,8 cpus
:10-21-2022 17:22:50 OTPClientRepository: No sync from TimeManager.
:10-21-2022 17:22:50 OTPClientRepository: gotTimeSync
:10-21-2022 17:22:50 Loader: At end of block 'localAvatarPlayGame', expected 400, loaded 19, duration=5.31131413468
:10-21-2022 17:22:50 TimeManager: Clock sync roundtrip took 1142.478 ms
:10-21-2022 17:22:50 TimeManager: AI time delta is -0:01 from server delta
:10-21-2022 17:22:50 TimeManager: Local clock uncertainty +/- 0.571 s
:10-21-2022 17:22:50 PlayGame: QA-REGRESSION: NEIGHBORHOODS: Visit Lawbot HQ
:10-21-2022 17:22:50 Loader: starting bulk load of block 'hood'
:10-21-2022 17:22:50 OTPClientRepository: Sending heartbeat mid-frame.
:10-21-2022 17:22:51 TownBattleSuitPanel: Loading Suit Battle Panel!
:10-21-2022 17:22:51 TownBattleSuitPanel: Loading Suit Battle Panel!
:10-21-2022 17:22:51 TownBattleSuitPanel: Loading Suit Battle Panel!
:10-21-2022 17:22:51 TownBattleSuitPanel: Loading Suit Battle Panel!
:10-21-2022 17:22:51 LawbotCogHQLoader: loadPlaceGeom: 13000
:10-21-2022 17:22:51 DistributedObject: DistributedSuitPlanner 402002980: generating
:10-21-2022 17:22:51 DistributedToon: calling LocalAvatar.startchat
:10-21-2022 17:22:51 :loader(error): Couldn't load file phase_4/models/questmap/cog_hq_lawbot_maps.bam: not found on model path (currently: "/;/c/Toontown-Last-Laff-Workspace-10-21-2022/src/toontown/launcher;/c/Toontown-Last-Laff-Workspace-10-21-2022/src/Panda3D-1.11.0-x64/etc/..;/c/Toontown-Last-Laff-Workspace-10-21-2022/src/Panda3D-1.11.0-x64/etc/../models")
:10-21-2022 17:22:51 Loader: At end of block 'hood', expected 2, loaded 6, duration=1.39841462225
:10-21-2022 17:22:53 Teleport(debug): teleportInDone: walk
:10-21-2022 17:22:53 :loader(error): Couldn't load file phase_4/models/questmap/cog_hq_lawbot_maps.bam: not found on model path (currently: "/;/c/Toontown-Last-Laff-Workspace-10-21-2022/src/toontown/launcher;/c/Toontown-Last-Laff-Workspace-10-21-2022/src/Panda3D-1.11.0-x64/etc/..;/c/Toontown-Last-Laff-Workspace-10-21-2022/src/Panda3D-1.11.0-x64/etc/../models")
:10-21-2022 17:22:53 TTOffMagicWordManager: Run mode has been toggled.
:10-21-2022 17:23:01 LawbotCogHQLoader: loadPlaceGeom: 13200
:10-21-2022 17:23:01 LawbotHQExterior: Unloading Place (13000). Fsm in final
:10-21-2022 17:23:01 DistributedObject: DistributedSuitPlanner 402002980: disabling
:10-21-2022 17:23:01 DistributedToon: calling LocalAvatar.startchat
:10-21-2022 17:23:01 :loader(error): Couldn't load file phase_4/models/questmap/cog_hq_lawbot_maps.bam: not found on model path (currently: "/;/c/Toontown-Last-Laff-Workspace-10-21-2022/src/toontown/launcher;/c/Toontown-Last-Laff-Workspace-10-21-2022/src/Panda3D-1.11.0-x64/etc/..;/c/Toontown-Last-Laff-Workspace-10-21-2022/src/Panda3D-1.11.0-x64/etc/../models")
:10-21-2022 17:23:02 :loader(error): Couldn't load file phase_4/models/questmap/cog_hq_lawbot_maps.bam: not found on model path (currently: "/;/c/Toontown-Last-Laff-Workspace-10-21-2022/src/toontown/launcher;/c/Toontown-Last-Laff-Workspace-10-21-2022/src/Panda3D-1.11.0-x64/etc/..;/c/Toontown-Last-Laff-Workspace-10-21-2022/src/Panda3D-1.11.0-x64/etc/../models")
:10-21-2022 17:23:25 LawbotCogHQLoader: loadPlaceGeom: 61000
:10-21-2022 17:23:25 LawbotCogHQLoader(warning): loadPlaceGeom: unclassified zone 61000
:10-21-2022 17:23:25 LawbotOfficeExterior: Unloading Place (13200). Fsm in final
:10-21-2022 17:23:25 TimeManager: Clock sync: DistributedLevel.generate
:10-21-2022 17:23:25 Loader: loader.loadModelCopy() is deprecated; use loader.loadModel() instead.
:10-21-2022 17:23:25 Loader: loader.loadModelCopy() is deprecated; use loader.loadModel() instead.
:10-21-2022 17:23:25 Loader: loader.loadModelCopy() is deprecated; use loader.loadModel() instead.
:10-21-2022 17:23:25 Loader: loader.loadModelCopy() is deprecated; use loader.loadModel() instead.
:10-21-2022 17:23:25 Loader: loader.loadModelCopy() is deprecated; use loader.loadModel() instead.
:10-21-2022 17:23:25 Loader: loader.loadModelCopy() is deprecated; use loader.loadModel() instead.
:10-21-2022 17:23:25 Loader: loader.loadModelCopy() is deprecated; use loader.loadModel() instead.
:10-21-2022 17:23:25 Loader: loader.loadModelCopy() is deprecated; use loader.loadModel() instead.
:10-21-2022 17:23:25 Loader: loader.loadModelCopy() is deprecated; use loader.loadModel() instead.
:10-21-2022 17:23:25 Loader: loader.loadModelCopy() is deprecated; use loader.loadModel() instead.
:10-21-2022 17:23:25 Loader: loader.loadModelCopy() is deprecated; use loader.loadModel() instead.
:10-21-2022 17:23:25 Loader: loader.loadModelCopy() is deprecated; use loader.loadModel() instead.
:10-21-2022 17:23:25 DistributedStage: stageId 13300, floor 0, [100000001]
:10-21-2022 17:23:25 Loader: loader.loadModelCopy() is deprecated; use loader.loadModel() instead.
:10-21-2022 17:23:25 DistributedStage: CAMENTERROOM doID402004089 num0
:10-21-2022 17:23:25 DistributedStage: av: LPoint3f(-2, 0, 0), cam: LPoint3f(0, -16, 5.5)
:10-21-2022 17:23:25 DistributedToon: calling LocalAvatar.startchat
:10-21-2022 17:23:25 TimeManager: Clock sync roundtrip took 372.601 ms
:10-21-2022 17:23:25 TimeManager: AI time delta is -0:00 from server delta
:10-21-2022 17:23:25 ClockDelta: previous delta at -2.815 s, +/- 0.581 s.
:10-21-2022 17:23:25 ClockDelta: new delta at -3.201 s, +/- 0.186 s.
:10-21-2022 17:23:25 ClockDelta: intersection at -3.201 s, +/- 0.186 s.
:10-21-2022 17:23:25 TimeManager: Local clock uncertainty +/- 0.186 s
:10-21-2022 17:23:26 :pgraph(warning): No bin named default; creating default bin.
:10-21-2022 17:23:26 DistributedStage: CAMENTERROOM doID402004089 num0
:10-21-2022 17:23:26 DistributedStage: av: LPoint3f(-2, 0, 0), cam: LPoint3f(0, -11.0625, 3.6875)
CollisionEntry:
  from render/Wittybumble-100000001/camFloorRayNode/ccRay2Node
  into render/stage402004089/ZoneEntity-0/-PandaNode/Z03a_ALL/Collsion/stageFloorColl0 []
  at -2 -10.2625 -0.0338039
  normal 0 0 1
  respect_prev_transform = 1


:10-21-2022 17:23:26 DistributedStage: CAMENTERROOM doID402004089 num0
:10-21-2022 17:23:26 DistributedStage: av: LPoint3f(-2, 0, 0), cam: LPoint3f(0, -11.0625, 3.6875)
:10-21-2022 17:23:42 DistributedStage: CAMENTERROOM doID402004089 num1
:10-21-2022 17:23:42 DistributedStage: av: LPoint3f(0.470352, 48.4315, 4.76414), cam: LPoint3f(0, -11.0625, 3.6875)
CollisionEntry:
  from render/Wittybumble-100000001/camFloorRayNode/ccRay2Node
  into render/stage402004089/LB_connector_7cubeLR.egg/-PandaNode/connector_7cubeL/collison/stageFloorColl1 []
  at -2.33359 38.5595 0.126281
  normal 0 0 1
  respect_prev_transform = 1


:10-21-2022 17:23:42 DistributedStage: CAMENTERROOM doID402004089 num1
:10-21-2022 17:23:42 DistributedStage: av: LPoint3f(4.82705, 60.909, 4.97614), cam: LPoint3f(0, -11.0625, 3.6875)
CollisionEntry:
  from render/Wittybumble-100000001/camFloorRayNode/ccRay2Node
  into render/stage402004089/LB_connector_7cubeLR.egg/-PandaNode/connector_7cubeL/collison/stageFloorColl1 []
  at 1.03874 51.3713 4.95148
  normal 0 0 1
  respect_prev_transform = 1


:10-21-2022 17:23:44 DistributedStage: CAMENTERROOM doID402004089 num2
:10-21-2022 17:23:44 DistributedStage: av: LPoint3f(21.8325, 121.366, 4.85507), cam: LPoint3f(0, -11.0171, 3.7406)
CollisionEntry:
  from render/Wittybumble-100000001/camFloorRayNode/ccRay2Node
  into render/stage402004089/ZoneEntity-0/-PandaNode/Z22a/room/collsion/stageFloorColl2 []
  at 24.1306 111.411 4.83013
  normal 0 0 1
  respect_prev_transform = 1


:10-21-2022 17:23:44 StageInterior(warning): fsm.request('WaitForBattle') returned 0 (zone id 13300, avatar pos LPoint3f(20.2629, 128.166, 4.85507)).
spec = {'parentEntId': 10000, 'pos': LPoint3f(0, 0, 0)}
h = None
:10-21-2022 17:23:44 StageInterior: QA-REGRESSION: COGBATTLE: Enter Battle
Battle Event localtoon-battle-event-3
Traceback (most recent call last):
  File "C:\Toontown-Last-Laff-Workspace-10-21-2022\src\Panda3D-1.11.0-x64\direct\distributed\ConnectionRepository.py", line 609, in readerPollUntilEmpty
    while self.readerPollOnce():
  File "C:\Toontown-Last-Laff-Workspace-10-21-2022\src\Panda3D-1.11.0-x64\direct\distributed\ConnectionRepository.py", line 616, in readerPollOnce
    self.handleDatagram(self.private__di)
  File "otp\distributed\OTPClientRepository.py", line 1838, in handleDatagram
    self.handler(msgType, di)
  File "otp\distributed\OTPClientRepository.py", line 1441, in handlePlayGame
    self.handleUpdateField(di)
  File "C:\Toontown-Last-Laff-Workspace-10-21-2022\src\Panda3D-1.11.0-x64\direct\distributed\ClientRepositoryBase.py", line 437, in handleUpdateField
    self.__doUpdate(doId, di, ovUpdated)
  File "C:\Toontown-Last-Laff-Workspace-10-21-2022\src\Panda3D-1.11.0-x64\direct\distributed\ClientRepositoryBase.py", line 445, in __doUpdate
    do.dclass.receiveUpdate(do, di)
  File "toontown\battle\DistributedBattle.py", line 66, in setMembers
    oldtoons = DistributedBattleBase.DistributedBattleBase.setMembers(self, suits, suitsJoining, suitsPending, suitsActive, suitsLured, suitTraps, toons, toonsJoining, toonsPending, toonsActive, toonsRunning, timestamp)
  File "toontown\battle\DistributedBattleBase.py", line 517, in setMembers
    self.__requestAdjustTownBattle()
  File "toontown\battle\DistributedBattleBase.py", line 1375, in __requestAdjustTownBattle
    self.__adjustTownBattle()
  File "toontown\battle\DistributedBattleBase.py", line 1394, in __adjustTownBattle
    self.townBattle.adjustCogsAndToons(self.activeSuits, luredSuits, trappedSuits, self.activeToons)
  File "toontown\town\TownBattle.py", line 467, in adjustCogsAndToons
    self.cogFireCosts[cogFireCostIndex] = 1
IndexError: list assignment index out of range
:10-21-2022 17:23:53 :task(error): Exception occurred in PythonTask readerPollTask-89988080
:10-21-2022 17:23:53 TTOffLauncher: setting panda error code to 12
:10-21-2022 17:23:53 TTOffLauncher(warning): Handling Python exception.
:10-21-2022 17:23:53 TimeManager: Client disconnect reason 3.
:10-21-2022 17:23:53 TimeManager: Client exception: toontown.town.TownBattle:467, toontown.battle.DistributedBattleBase:1394, toontown.battle.DistributedBattleBase:1375, toontown.battle.DistributedBattleBase:517, IndexError: list assignment index out of range
:10-21-2022 17:23:53 OTPClientRepository: Sent disconnect message to server
:10-21-2022 17:23:53 OTPClientRepository: Closing connection to server.
:10-21-2022 17:23:53 TTOffLauncher: Exception exit.

Traceback (most recent call last):
  File "otp\launcher\LauncherBase.py", line 1081, in mainLoop
    self._runTaskManager()
  File "otp\launcher\LauncherBase.py", line 1052, in _runTaskManager
    taskMgr.run()
  File "C:\Toontown-Last-Laff-Workspace-10-21-2022\src\Panda3D-1.11.0-x64\direct\task\Task.py", line 528, in run
    self.step()
  File "C:\Toontown-Last-Laff-Workspace-10-21-2022\src\Panda3D-1.11.0-x64\direct\task\Task.py", line 482, in step
    self.mgr.poll()
  File "C:\Toontown-Last-Laff-Workspace-10-21-2022\src\Panda3D-1.11.0-x64\direct\distributed\ConnectionRepository.py", line 609, in readerPollUntilEmpty
    while self.readerPollOnce():
  File "C:\Toontown-Last-Laff-Workspace-10-21-2022\src\Panda3D-1.11.0-x64\direct\distributed\ConnectionRepository.py", line 616, in readerPollOnce
    self.handleDatagram(self.private__di)
  File "otp\distributed\OTPClientRepository.py", line 1838, in handleDatagram
    self.handler(msgType, di)
  File "otp\distributed\OTPClientRepository.py", line 1441, in handlePlayGame
    self.handleUpdateField(di)
  File "C:\Toontown-Last-Laff-Workspace-10-21-2022\src\Panda3D-1.11.0-x64\direct\distributed\ClientRepositoryBase.py", line 437, in handleUpdateField
    self.__doUpdate(doId, di, ovUpdated)
  File "C:\Toontown-Last-Laff-Workspace-10-21-2022\src\Panda3D-1.11.0-x64\direct\distributed\ClientRepositoryBase.py", line 445, in __doUpdate
    do.dclass.receiveUpdate(do, di)
  File "toontown\battle\DistributedBattle.py", line 66, in setMembers
    oldtoons = DistributedBattleBase.DistributedBattleBase.setMembers(self, suits, suitsJoining, suitsPending, suitsActive, suitsLured, suitTraps, toons, toonsJoining, toonsPending, toonsActive, toonsRunning, timestamp)
  File "toontown\battle\DistributedBattleBase.py", line 517, in setMembers
    self.__requestAdjustTownBattle()
  File "toontown\battle\DistributedBattleBase.py", line 1375, in __requestAdjustTownBattle
    self.__adjustTownBattle()
  File "toontown\battle\DistributedBattleBase.py", line 1394, in __adjustTownBattle
    self.townBattle.adjustCogsAndToons(self.activeSuits, luredSuits, trappedSuits, self.activeToons)
  File "toontown\town\TownBattle.py", line 467, in adjustCogsAndToons
    self.cogFireCosts[cogFireCostIndex] = 1
IndexError: list assignment index out of range
