

Starting Toontown Online...
Current time: Fri Oct 28 21:05:51 2022 Eastern Standard Time
sys.path =  ['', 'C:\\Toontown-Last-Laff-Workspace-10-21-2022\\src\\Panda3D-1.11.0-x64\\python\\python27.zip', 'C:\\Panda3D-1.11.0-x64', 'C:\\Toontown-Last-Laff-Workspace-10-21-2022\\src\\Panda3D-1.11.0-x64\\python\\DLLs', 'C:\\Toontown-Last-Laff-Workspace-10-21-2022\\src\\Panda3D-1.11.0-x64\\python\\lib', 'C:\\Toontown-Last-Laff-Workspace-10-21-2022\\src\\Panda3D-1.11.0-x64\\python\\lib\\plat-win', 'C:\\Toontown-Last-Laff-Workspace-10-21-2022\\src\\Panda3D-1.11.0-x64\\python\\lib\\lib-tk', 'C:\\Toontown-Last-Laff-Workspace-10-21-2022\\src\\Panda3D-1.11.0-x64\\python', 'C:\\Toontown-Last-Laff-Workspace-10-21-2022\\src\\Panda3D-1.11.0-x64', 'C:\\Toontown-Last-Laff-Workspace-10-21-2022\\src\\Panda3D-1.11.0-x64\\bin', 'C:\\Toontown-Last-Laff-Workspace-10-21-2022\\src\\Panda3D-1.11.0-x64\\python\\lib\\site-packages']
sys.argv =  ['C:\\Toontown-Last-Laff-Workspace-10-21-2022\\src\\toontown\\launcher\\TTOffQuickStartLauncher.py']
generating standard configrc
os.environ =  {'TMP': 'C:\\Users\\Philip\\AppData\\Local\\Temp', 'COMPUTERNAME': 'PHILIP-JR', 'USERDOMAIN': 'PHILIP-JR', 'NEKO_INSTPATH': 'C:\\HaxeToolkit\\neko', 'PSMODULEPATH': 'C:\\WINDOWS\\system32\\WindowsPowerShell\\v1.0\\Modules\\', 'DOKANLIBRARY1': 'C:\\Program Files\\Dokan\\Dokan Library-1.4.1\\', 'ADSK_3DSMAX_X64_2021': 'C:\\Program Files\\Autodesk\\3ds Max 2021\\', 'PROCESSOR_IDENTIFIER': 'Intel64 Family 6 Model 45 Stepping 7, GenuineIntel', 'VBOX_MSI_INSTALL_PATH': 'C:\\Program Files\\Oracle\\VirtualBox\\', 'PROGRAMFILES': 'C:\\Program Files', 'PROCESSOR_REVISION': '2d07', 'PATH': 'C:\\Panda3D-1.11.0-x64\\panda3d\\..\\bin;C:\\Program Files (x86)\\Common Files\\Oracle\\Java\\javapath;C:\\Windows\\system32;C:\\Windows;C:\\Windows\\System32\\Wbem;C:\\Windows\\System32\\WindowsPowerShell\\v1.0\\;C:\\Program Files (x86)\\NVIDIA Corporation\\PhysX\\Common;C:\\Program Files\\Git\\cmd;C:\\WINDOWS\\system32;C:\\WINDOWS;C:\\WINDOWS\\System32\\Wbem;C:\\WINDOWS\\System32\\WindowsPowerShell\\v1.0\\;C:\\Program Files\\dotnet\\;C:\\Program Files\\Common Files\\Autodesk Shared\\;C:\\Program Files\\Microsoft SQL Server\\120\\Tools\\Binn\\;C:\\HaxeToolkit\\haxe;C:\\HaxeToolkit\\neko;C:\\Program Files\\Animation Paper\\gstreamer\\bin;C:\\Program Files\\PuTTY\\;C:\\Program Files\\NVIDIA Corporation\\NVIDIA NvDLISR;C:\\Program Files (x86)\\Windows Live\\Shared;C:\\HaxeToolkit\\haxe;C:\\HaxeToolkit\\neko;C:\\Program Files (x86)\\Windows Kits\\8.1\\Windows Performance Toolkit\\;C:\\Users\\Philip\\anaconda3;C:\\Users\\Philip\\anaconda3\\Library\\mingw-w64\\bin;C:\\Users\\Philip\\anaconda3\\Library\\usr\\bin;C:\\Users\\Philip\\anaconda3\\Library\\bin;C:\\Users\\Philip\\anaconda3\\Scripts;C:\\Program Files\\MySQL\\MySQL Shell 8.0\\bin\\;C:\\Panda3D-1.10.02\\python;C:\\Panda3D-1.10.02\\python\\Scripts;C:\\Panda3D-1.10.02\\bin;C:\\Panda3D-1.11.0-x64-py2\\python;C:\\Panda3D-1.11.0-x64-py2\\python\\Scripts;C:\\Panda3D-1.11.0-x64-py2\\bin;C:\\Users\\Philip\\AppData\\Local\\GitHubDesktop\\bin;C:\\Panda3D-1.9.0\\python;C:\\Panda3D-1.9.0\\python\\Scripts;C:\\Panda3D-1.9.0\\bin;C:\\Panda3D-1.10.0-x64\\python;C:\\Panda3D-1.10.0-x64\\python\\Scripts;C:\\Panda3D-1.10.0-x64\\bin;C:\\Users\\Philip\\AppData\\Local\\atom\\bin;C:\\Panda3D-1.10.0\\python;C:\\Panda3D-1.10.0\\python\\Scripts;C:\\Panda3D-1.10.0\\bin;C:\\Panda3D-1.11.0-x64-astron\\python;C:\\Panda3D-1.11.0-x64-astron\\python\\Scripts;C:\\Panda3D-1.11.0-x64-astron\\bin;C:\\Panda3D-1.11.0-x64\\python;C:\\Panda3D-1.11.0-x64\\python\\Scripts;C:\\Panda3D-1.11.0-x64\\bin;C:\\Panda3D-1.10.9-x64\\python;C:\\Panda3D-1.10.9-x64\\python\\Scrip;C:\\Users\\Philip\\AppData\\Local\\Programs\\Microsoft VS Code\\bin;C:\\Users\\Philip\\.dotnet\\tools;%C:\\Program Files (x86)\\Windows Kits\\8.1\\bin\\x86\\rc.exe%;%C:\\Program Files (x86)\\Microsoft Visual Studio\\2019\\BuildTools\\Common7\\IDE%;C:\\Program Files\\JetBrains\\PyCharm Community Edition 2022.2.3\\bin;', 'SYSTEMROOT': 'C:\\WINDOWS', 'NUMBER_OF_PROCESSORS': '8', 'PROGRAMFILES(X86)': 'C:\\Program Files (x86)', 'COMSPEC': 'C:\\WINDOWS\\system32\\cmd.exe', 'KMP_BLOCKTIME': '0', 'PPYTHON_PATH': '"Panda3D-1.11.0-x64\\python\\ppython.exe"', 'PYCHARM COMMUNITY EDITION': 'C:\\Program Files\\JetBrains\\PyCharm Community Edition 2022.2.3\\bin;', 'COMMONPROGRAMFILES(X86)': 'C:\\Program Files (x86)\\Common Files', 'PROCESSOR_ARCHITECTURE': 'AMD64', 'DOKANLIBRARY1_LIBRARYPATH_X64': 'C:\\Program Files\\Dokan\\Dokan Library-1.4.1\\lib\\', 'ALLUSERSPROFILE': 'C:\\ProgramData', 'LOCALAPPDATA': 'C:\\Users\\Philip\\AppData\\Local', 'HOMEPATH': '\\Users\\Philip', 'USERDOMAIN_ROAMINGPROFILE': 'PHILIP-JR', 'PROGRAMW6432': 'C:\\Program Files', 'USERNAME': 'Philip', 'FP_NO_HOST_CHECK': 'NO', 'DOKANLIBRARY1_LIBRARYPATH_X86': 'C:\\Program Files\\Dokan\\Dokan Library-1.4.1\\x86\\lib\\', 'LOGONSERVER': '\\\\MicrosoftAccount', 'PROMPT': '$P$G', 'SESSIONNAME': 'Console', 'PROGRAMDATA': 'C:\\ProgramData', 'COMMONPROGRAMFILES': 'C:\\Program Files\\Common Files', 'TEMP': 'C:\\Users\\Philip\\AppData\\Local\\Temp', 'HAXEPATH': 'C:\\HaxeToolkit\\haxe', 'PATHEXT': '.COM;.EXE;.BAT;.CMD;.VBS;.VBE;.JS;.JSE;.WSF;.WSH;.MSC', 'TTOFF_LOGIN_TOKEN': 'dev', 'VS160COMCOMNTOOLS': 'C:\\Program Files (x86)\\Microsoft Visual Studio\\2019\\Community\\Common7\\Tools\\', 'WINDIR': 'C:\\WINDOWS', 'OMP_WAIT_POLICY': 'PASSIVE', 'MONGO': 'C:\\mongodb-win32-x86_64-windows-4.4.4/bin', 'HOMEDRIVE': 'C:', 'SYSTEMDRIVE': 'C:', 'PUBLIC': 'C:\\Users\\Public', 'APPDATA': 'C:\\Users\\Philip\\AppData\\Roaming', 'PROCESSOR_LEVEL': '6', 'CIOENGINE': 'C:\\cio-panda3d', 'COMMONPROGRAMW6432': 'C:\\Program Files\\Common Files', 'OS': 'Windows_NT', 'ADSK_CLM_WPAD_PROXY_CHECK': 'FALSE', 'USERPROFILE': 'C:\\Users\\Philip'}
:10-28-2022 21:05:51 TTOffLauncher: isTestServer: 0
:10-28-2022 21:05:51 TTOffLauncher: Game Server 127.0.0.1
:10-28-2022 21:05:51 TTOffLauncher: Starting Toontown Online... 
:10-28-2022 21:05:51 TTOffLauncher: foreground: Launcher now operating in foreground
useTTOffSpecificLogin=True
:10-28-2022 21:05:51 TTOffLauncher: maybeStartGame: starting game
:10-28-2022 21:05:51 TTOffLauncher: Starting Toontown Online...
:10-28-2022 21:05:51 TTOffLauncher: background: Launcher now operating in background
ToontownStart: Polling for game2 to finish...
ToontownStart: Game2 is finished.
ToontownStart: Starting the game.
ToontownStart: setting default font
:10-28-2022 21:05:51 TTOffLauncher: setting panda error code to 7
Known pipe types:
  wglGraphicsPipe
(all display modules loaded.)
:10-28-2022 21:05:51 ToonBase: Default graphics pipe is wglGraphicsPipe (OpenGL).
:10-28-2022 21:05:52 :display(warning): FrameBufferProperties available less than requested.
  requested: depth_bits=24 color_bits=3 red_bits=1 green_bits=1 blue_bits=1 alpha_bits=1 multisamples=70 back_buffers=1 force_hardware 
  got: depth_bits=24 color_bits=24 red_bits=8 green_bits=8 blue_bits=8 alpha_bits=8 accum_bits=64 multisamples=16 back_buffers=1 force_hardware 
:10-28-2022 21:05:52 ToonBase: Successfully opened window of type wglGraphicsWindow (OpenGL)
:10-28-2022 21:05:52 ShowBase: __dev__ == False
:10-28-2022 21:05:52 TTOffLauncher: setting panda error code to 11
:10-28-2022 21:05:52 TTOffLauncher: setting panda error code to 0
ToontownStart: Loading default gui sounds
ToontownStart: serverVersion:  tto-dev
:10-28-2022 21:05:52 Loader: starting bulk load of block 'init'
:10-28-2022 21:05:53 :nativenet(error): Buffered_DatagramConnection Constructor rbufsize = 4096000 wbufsize = 4096000 write_flush_point = 1400
:10-28-2022 21:05:53 OTPClientRepository: Using connect method 'http'
:10-28-2022 21:05:53 TTOffLauncher: getRegistry ('DEPLOYMENT', None)
:10-28-2022 21:05:53 TTOffLauncher: checking env
:10-28-2022 21:05:53 TTOffLauncher: getRegistry ('GAME_DEPLOYMENT', None)
:10-28-2022 21:05:53 TTOffLauncher: checking env
:10-28-2022 21:05:53 OTPClientRepository: reg_deployment=
:10-28-2022 21:05:53 OTPClientRepository: required-login auto.
:10-28-2022 21:05:53 OTPClientRepository: loginInterface: LoginTTOffAccount
:10-28-2022 21:05:53 TTOffLauncher: getNeedPwForSecretKey using ttoff-specific-login
:10-28-2022 21:05:54 Loader: At end of block 'init', expected 138, loaded 6, duration=1.49345493892
:10-28-2022 21:05:54 OTPClientRepository: Connecting to gameserver directly (no proxy).
:10-28-2022 21:05:54 OTPClientRepository: Connecting to //127.0.0.1:7198 via HTTP interface.
:10-28-2022 21:05:54 TTOffLauncher: Stopping mini task manager.
:10-28-2022 21:05:54 OTPClientRepository: Successfully connected to //127.0.0.1:7198.
:10-28-2022 21:05:54 TTOffLauncher: Setting Disconnect Details normal
{402000001: <toontown.distributed.ToontownDistrict.ToontownDistrict instance at 0x00000000186F5B08>}
:10-28-2022 21:05:56 StateData: AvatarChooser.enter
:10-28-2022 21:05:56 DisplayOptions: settingsFullScreen = False, embedded = False width=800 height=600
:10-28-2022 21:05:56 StateData: calling self.displayOptions.restrictToEmbedded(False)
:10-28-2022 21:05:57 OTPClientRepository: ================
:10-28-2022 21:05:57 OTPClientRepository: Chose avatar id: 100000001
:10-28-2022 21:05:57 OTPClientRepository: Chose avatar name: Wittybumble
:10-28-2022 21:05:57 OTPClientRepository: Chose avatar dna: ('dss', 'ms', 'm', 'm', 6, 0, 6, 6, 1, 9, 1, 9, 1, 18)
:10-28-2022 21:05:57 OTPClientRepository: Chose avatar position: 1
:10-28-2022 21:05:57 OTPClientRepository: isPaid: 1
:10-28-2022 21:05:57 OTPClientRepository: freeTimeLeft: 0
:10-28-2022 21:05:57 OTPClientRepository: allowSecretChat: True
:10-28-2022 21:05:57 OTPClientRepository: ================
:10-28-2022 21:05:57 Loader: starting bulk load of block 'localAvatarPlayGame'
:10-28-2022 21:05:57 ToontownTimeManager(warning): error parsing date string=
:10-28-2022 21:05:57 Actor(warning): no part named head-front*!
local
:10-28-2022 21:05:58 NewsPageButtonManager(warning): Should not get here. NewsPageButtonManager.exitOff
:10-28-2022 21:05:58 :pnmimage:png(warning): iCCP: known incorrect sRGB profile
:10-28-2022 21:06:00 Actor(warning): no part named head-front*!
:10-28-2022 21:06:00 OTPClientRepository: Entering shard 402000001
:10-28-2022 21:06:00 StreetSign: Street sign url is https://ttoffline.com/images/
:10-28-2022 21:06:02 TimeManager: Clock sync: TimeManager.announceGenerate
:10-28-2022 21:06:02 NewsManager: setHolidayId: Starting Holiday 26
:10-28-2022 21:06:02 InGameNewsMgr: latestIssue=2013-08-22 16:49:46.000003-07:00
cpu info: GenuineIntel|        Intel(R) Core(TM) i7-3820 CPU @ 3.60GHz|132823|0|3.601,3.601|4,8 cpus
:10-28-2022 21:06:03 OTPClientRepository: No sync from TimeManager.
:10-28-2022 21:06:03 OTPClientRepository: gotTimeSync
:10-28-2022 21:06:03 Loader: At end of block 'localAvatarPlayGame', expected 400, loaded 23, duration=6.15413945958
:10-28-2022 21:06:03 TimeManager: Clock sync roundtrip took 1153.830 ms
:10-28-2022 21:06:03 TimeManager: AI time delta is -0:01 from server delta
:10-28-2022 21:06:03 TimeManager: Local clock uncertainty +/- 0.577 s
:10-28-2022 21:06:03 PlayGame: QA-REGRESSION: NEIGHBORHOODS: Visit Daisy Gardens
:10-28-2022 21:06:03 Loader: starting bulk load of block 'hood'
:10-28-2022 21:06:04 OTPClientRepository: Sending heartbeat mid-frame.
:10-28-2022 21:06:05 DistributedObject(warning): no loader.getInteractiveProp self.interactiveProp is None
:10-28-2022 21:06:05 Actor(warning): no part named head-front*!
:10-28-2022 21:06:05 DistributedToon: calling LocalAvatar.startchat
:10-28-2022 21:06:05 Loader: At end of block 'hood', expected 11, loaded 11, duration=2.27236499425
:10-28-2022 21:06:07 Teleport(debug): teleportInDone: walk
:10-28-2022 21:06:08 ToontownChatManager: QA-REGRESSION: CHAT: Speedchat Plus
:10-28-2022 21:06:09 TTOffMagicWordManager: Run mode has been toggled.
:10-28-2022 21:06:14 Playground: Unloading Place (5000). Fsm in final
:10-28-2022 21:06:15 Loader: starting bulk load of block 'hood'
:10-28-2022 21:06:15 TownBattleSuitPanel: Loading Suit Battle Panel!
:10-28-2022 21:06:15 TownBattleSuitPanel: Loading Suit Battle Panel!
:10-28-2022 21:06:15 TownBattleSuitPanel: Loading Suit Battle Panel!
:10-28-2022 21:06:15 TownBattleSuitPanel: Loading Suit Battle Panel!
:10-28-2022 21:06:15 TownBattleSuitPanel: Loading Suit Battle Panel!
:10-28-2022 21:06:15 TownBattleSuitPanel: Loading Suit Battle Panel!
:10-28-2022 21:06:15 TownBattleSuitPanel: Loading Suit Battle Panel!
:10-28-2022 21:06:15 TownBattleSuitPanel: Loading Suit Battle Panel!
:10-28-2022 21:06:15 :pnmimage:png(warning): Interlace handling should be turned on when using png_read_image
:10-28-2022 21:06:15 :pnmimage:png(warning): Interlace handling should be turned on when using png_read_image
:10-28-2022 21:06:15 :pnmimage:png(warning): Interlace handling should be turned on when using png_read_image
:10-28-2022 21:06:16 TownLoader: skipping self.geom.flattenMedium
:10-28-2022 21:06:16 Loader: At end of block 'hood', expected 40, loaded 7, duration=1.76550107122
Traceback (most recent call last):
  File "C:\Panda3D-1.11.0-x64\direct\distributed\ConnectionRepository.py", line 609, in readerPollUntilEmpty
    while self.readerPollOnce():
  File "C:\Panda3D-1.11.0-x64\direct\distributed\ConnectionRepository.py", line 616, in readerPollOnce
    self.handleDatagram(self.private__di)
  File "otp\distributed\OTPClientRepository.py", line 1838, in handleDatagram
    self.handler(msgType, di)
  File "toontown\hood\QuietZoneState.py", line 153, in handleWaitForQuietZoneResponse
    base.cr.handlePlayGame(msgType, di)
  File "otp\distributed\OTPClientRepository.py", line 1445, in handlePlayGame
    self.handleMessageType(msgType, di)
  File "otp\distributed\OTPClientRepository.py", line 1732, in handleMessageType
    self.gotInterestDoneMessage(di)
  File "otp\distributed\OTPClientRepository.py", line 1759, in gotInterestDoneMessage
    self.handleInterestDoneMessage(di)
  File "C:\Panda3D-1.11.0-x64\direct\distributed\DoInterestManager.py", line 621, in handleInterestDoneMessage
    messenger.send(event)
  File "C:\Panda3D-1.11.0-x64\direct\showbase\Messenger.py", line 333, in send
    self.__dispatch(acceptorDict, event, sentArgs, foundWatch)
  File "C:\Panda3D-1.11.0-x64\direct\showbase\Messenger.py", line 418, in __dispatch
    result = method (*(extraArgs + sentArgs))
  File "toontown\distributed\ToontownClientRepository.py", line 928, in _handleEmuSetZoneDone
    messenger.send(event)
  File "C:\Panda3D-1.11.0-x64\direct\showbase\Messenger.py", line 333, in send
    self.__dispatch(acceptorDict, event, sentArgs, foundWatch)
  File "C:\Panda3D-1.11.0-x64\direct\showbase\Messenger.py", line 418, in __dispatch
    result = method (*(extraArgs + sentArgs))
  File "toontown\hood\QuietZoneState.py", line 196, in _handleQuietZoneComplete
    self.fsm.request('waitForZoneRedirect')
  File "C:\Panda3D-1.11.0-x64\direct\fsm\ClassicFSM.py", line 281, in request
    exitArgList)
  File "C:\Panda3D-1.11.0-x64\direct\fsm\ClassicFSM.py", line 228, in __transition
    self.__enter(aState, enterArgList)
  File "C:\Panda3D-1.11.0-x64\direct\fsm\ClassicFSM.py", line 214, in __enter
    aState.enter(argList)
  File "C:\Panda3D-1.11.0-x64\direct\fsm\State.py", line 202, in enter
    self.__enterFunc(*argList)
  File "toontown\hood\QuietZoneState.py", line 237, in enterWaitForZoneRedirect
    self.fsm.request('waitForSetZoneResponse')
  File "C:\Panda3D-1.11.0-x64\direct\fsm\ClassicFSM.py", line 281, in request
    exitArgList)
  File "C:\Panda3D-1.11.0-x64\direct\fsm\ClassicFSM.py", line 228, in __transition
    self.__enter(aState, enterArgList)
  File "C:\Panda3D-1.11.0-x64\direct\fsm\ClassicFSM.py", line 214, in __enter
    aState.enter(argList)
  File "C:\Panda3D-1.11.0-x64\direct\fsm\State.py", line 202, in enter
    self.__enterFunc(*argList)
  File "toontown\hood\QuietZoneState.py", line 263, in enterWaitForSetZoneResponse
    self.fsm.request('waitForSetZoneComplete')
  File "C:\Panda3D-1.11.0-x64\direct\fsm\ClassicFSM.py", line 281, in request
    exitArgList)
  File "C:\Panda3D-1.11.0-x64\direct\fsm\ClassicFSM.py", line 228, in __transition
    self.__enter(aState, enterArgList)
  File "C:\Panda3D-1.11.0-x64\direct\fsm\ClassicFSM.py", line 214, in __enter
    aState.enter(argList)
  File "C:\Panda3D-1.11.0-x64\direct\fsm\State.py", line 202, in enter
    self.__enterFunc(*argList)
  File "toontown\hood\QuietZoneState.py", line 301, in enterWaitForSetZoneComplete
    messenger.send(self.getQuietZoneLeftEvent())
  File "C:\Panda3D-1.11.0-x64\direct\showbase\Messenger.py", line 333, in send
    self.__dispatch(acceptorDict, event, sentArgs, foundWatch)
  File "C:\Panda3D-1.11.0-x64\direct\showbase\Messenger.py", line 418, in __dispatch
    result = method (*(extraArgs + sentArgs))
  File "toontown\hood\Hood.py", line 185, in handleLeftQuietZone
    self.fsm.request(status['loader'], [status])
  File "C:\Panda3D-1.11.0-x64\direct\fsm\ClassicFSM.py", line 281, in request
    exitArgList)
  File "C:\Panda3D-1.11.0-x64\direct\fsm\ClassicFSM.py", line 228, in __transition
    self.__enter(aState, enterArgList)
  File "C:\Panda3D-1.11.0-x64\direct\fsm\ClassicFSM.py", line 214, in __enter
    aState.enter(argList)
  File "C:\Panda3D-1.11.0-x64\direct\fsm\State.py", line 202, in enter
    self.__enterFunc(*argList)
  File "toontown\hood\ToonHood.py", line 67, in enterTownLoader
    self.loader.enter(requestStatus)
  File "toontown\town\TownLoader.py", line 98, in enter
    self.setState(requestStatus['where'], requestStatus)
  File "toontown\town\TownLoader.py", line 104, in setState
    self.fsm.request(stateName, [requestStatus])
  File "C:\Panda3D-1.11.0-x64\direct\fsm\ClassicFSM.py", line 281, in request
    exitArgList)
  File "C:\Panda3D-1.11.0-x64\direct\fsm\ClassicFSM.py", line 228, in __transition
    self.__enter(aState, enterArgList)
  File "C:\Panda3D-1.11.0-x64\direct\fsm\ClassicFSM.py", line 214, in __enter
    aState.enter(argList)
  File "C:\Panda3D-1.11.0-x64\direct\fsm\State.py", line 202, in enter
    self.__enterFunc(*argList)
  File "toontown\town\TownLoader.py", line 118, in enterStreet
    self.place.enter(requestStatus)
  File "toontown\town\Street.py", line 138, in enter
    self.enterZone(requestStatus['zoneId'])
  File "toontown\battle\BattlePlace.py", line 94, in enterZone
    self.doEnterZone(newZoneId)
  File "toontown\town\Street.py", line 355, in doEnterZone
    visZones = [ZoneUtil.getCanonicalHoodId(place.zoneId)]
  File "toontown\hood\ZoneUtil.py", line 182, in getCanonicalHoodId
    return getHoodId(getCanonicalZoneId(zoneId))
  File "toontown\hood\ZoneUtil.py", line 170, in getHoodId
    hoodId = zoneId - zoneId % 1000
TypeError: unsupported operand type(s) for %: 'NoneType' and 'int'
:10-28-2022 21:06:16 :task(error): Exception occurred in PythonTask readerPollTask-103269040
:10-28-2022 21:06:16 TTOffLauncher: setting panda error code to 12
:10-28-2022 21:06:16 TTOffLauncher(warning): Handling Python exception.
:10-28-2022 21:06:16 TimeManager: Client disconnect reason 3.
:10-28-2022 21:06:16 TimeManager: Client exception: toontown.hood.ZoneUtil:170, toontown.hood.ZoneUtil:182, toontown.town.Street:355, toontown.battle.BattlePlace:94, TypeError: unsupported operand type(s) for %: 'NoneType' and 'int'
:10-28-2022 21:06:16 OTPClientRepository: Sent disconnect message to server
:10-28-2022 21:06:17 OTPClientRepository: Closing connection to server.
:10-28-2022 21:06:17 TTOffLauncher: Exception exit.

Traceback (most recent call last):
  File "otp\launcher\LauncherBase.py", line 1081, in mainLoop
    self._runTaskManager()
  File "otp\launcher\LauncherBase.py", line 1052, in _runTaskManager
    taskMgr.run()
  File "C:\Panda3D-1.11.0-x64\direct\task\Task.py", line 528, in run
    self.step()
  File "C:\Panda3D-1.11.0-x64\direct\task\Task.py", line 482, in step
    self.mgr.poll()
  File "C:\Panda3D-1.11.0-x64\direct\distributed\ConnectionRepository.py", line 609, in readerPollUntilEmpty
    while self.readerPollOnce():
  File "C:\Panda3D-1.11.0-x64\direct\distributed\ConnectionRepository.py", line 616, in readerPollOnce
    self.handleDatagram(self.private__di)
  File "otp\distributed\OTPClientRepository.py", line 1838, in handleDatagram
    self.handler(msgType, di)
  File "toontown\hood\QuietZoneState.py", line 153, in handleWaitForQuietZoneResponse
    base.cr.handlePlayGame(msgType, di)
  File "otp\distributed\OTPClientRepository.py", line 1445, in handlePlayGame
    self.handleMessageType(msgType, di)
  File "otp\distributed\OTPClientRepository.py", line 1732, in handleMessageType
    self.gotInterestDoneMessage(di)
  File "otp\distributed\OTPClientRepository.py", line 1759, in gotInterestDoneMessage
    self.handleInterestDoneMessage(di)
  File "C:\Panda3D-1.11.0-x64\direct\distributed\DoInterestManager.py", line 621, in handleInterestDoneMessage
    messenger.send(event)
  File "C:\Panda3D-1.11.0-x64\direct\showbase\Messenger.py", line 333, in send
    self.__dispatch(acceptorDict, event, sentArgs, foundWatch)
  File "C:\Panda3D-1.11.0-x64\direct\showbase\Messenger.py", line 418, in __dispatch
    result = method (*(extraArgs + sentArgs))
  File "toontown\distributed\ToontownClientRepository.py", line 928, in _handleEmuSetZoneDone
    messenger.send(event)
  File "C:\Panda3D-1.11.0-x64\direct\showbase\Messenger.py", line 333, in send
    self.__dispatch(acceptorDict, event, sentArgs, foundWatch)
  File "C:\Panda3D-1.11.0-x64\direct\showbase\Messenger.py", line 418, in __dispatch
    result = method (*(extraArgs + sentArgs))
  File "toontown\hood\QuietZoneState.py", line 196, in _handleQuietZoneComplete
    self.fsm.request('waitForZoneRedirect')
  File "C:\Panda3D-1.11.0-x64\direct\fsm\ClassicFSM.py", line 281, in request
    exitArgList)
  File "C:\Panda3D-1.11.0-x64\direct\fsm\ClassicFSM.py", line 228, in __transition
    self.__enter(aState, enterArgList)
  File "C:\Panda3D-1.11.0-x64\direct\fsm\ClassicFSM.py", line 214, in __enter
    aState.enter(argList)
  File "C:\Panda3D-1.11.0-x64\direct\fsm\State.py", line 202, in enter
    self.__enterFunc(*argList)
  File "toontown\hood\QuietZoneState.py", line 237, in enterWaitForZoneRedirect
    self.fsm.request('waitForSetZoneResponse')
  File "C:\Panda3D-1.11.0-x64\direct\fsm\ClassicFSM.py", line 281, in request
    exitArgList)
  File "C:\Panda3D-1.11.0-x64\direct\fsm\ClassicFSM.py", line 228, in __transition
    self.__enter(aState, enterArgList)
  File "C:\Panda3D-1.11.0-x64\direct\fsm\ClassicFSM.py", line 214, in __enter
    aState.enter(argList)
  File "C:\Panda3D-1.11.0-x64\direct\fsm\State.py", line 202, in enter
    self.__enterFunc(*argList)
  File "toontown\hood\QuietZoneState.py", line 263, in enterWaitForSetZoneResponse
    self.fsm.request('waitForSetZoneComplete')
  File "C:\Panda3D-1.11.0-x64\direct\fsm\ClassicFSM.py", line 281, in request
    exitArgList)
  File "C:\Panda3D-1.11.0-x64\direct\fsm\ClassicFSM.py", line 228, in __transition
    self.__enter(aState, enterArgList)
  File "C:\Panda3D-1.11.0-x64\direct\fsm\ClassicFSM.py", line 214, in __enter
    aState.enter(argList)
  File "C:\Panda3D-1.11.0-x64\direct\fsm\State.py", line 202, in enter
    self.__enterFunc(*argList)
  File "toontown\hood\QuietZoneState.py", line 301, in enterWaitForSetZoneComplete
    messenger.send(self.getQuietZoneLeftEvent())
  File "C:\Panda3D-1.11.0-x64\direct\showbase\Messenger.py", line 333, in send
    self.__dispatch(acceptorDict, event, sentArgs, foundWatch)
  File "C:\Panda3D-1.11.0-x64\direct\showbase\Messenger.py", line 418, in __dispatch
    result = method (*(extraArgs + sentArgs))
  File "toontown\hood\Hood.py", line 185, in handleLeftQuietZone
    self.fsm.request(status['loader'], [status])
  File "C:\Panda3D-1.11.0-x64\direct\fsm\ClassicFSM.py", line 281, in request
    exitArgList)
  File "C:\Panda3D-1.11.0-x64\direct\fsm\ClassicFSM.py", line 228, in __transition
    self.__enter(aState, enterArgList)
  File "C:\Panda3D-1.11.0-x64\direct\fsm\ClassicFSM.py", line 214, in __enter
    aState.enter(argList)
  File "C:\Panda3D-1.11.0-x64\direct\fsm\State.py", line 202, in enter
    self.__enterFunc(*argList)
  File "toontown\hood\ToonHood.py", line 67, in enterTownLoader
    self.loader.enter(requestStatus)
  File "toontown\town\TownLoader.py", line 98, in enter
    self.setState(requestStatus['where'], requestStatus)
  File "toontown\town\TownLoader.py", line 104, in setState
    self.fsm.request(stateName, [requestStatus])
  File "C:\Panda3D-1.11.0-x64\direct\fsm\ClassicFSM.py", line 281, in request
    exitArgList)
  File "C:\Panda3D-1.11.0-x64\direct\fsm\ClassicFSM.py", line 228, in __transition
    self.__enter(aState, enterArgList)
  File "C:\Panda3D-1.11.0-x64\direct\fsm\ClassicFSM.py", line 214, in __enter
    aState.enter(argList)
  File "C:\Panda3D-1.11.0-x64\direct\fsm\State.py", line 202, in enter
    self.__enterFunc(*argList)
  File "toontown\town\TownLoader.py", line 118, in enterStreet
    self.place.enter(requestStatus)
  File "toontown\town\Street.py", line 138, in enter
    self.enterZone(requestStatus['zoneId'])
  File "toontown\battle\BattlePlace.py", line 94, in enterZone
    self.doEnterZone(newZoneId)
  File "toontown\town\Street.py", line 355, in doEnterZone
    visZones = [ZoneUtil.getCanonicalHoodId(place.zoneId)]
  File "toontown\hood\ZoneUtil.py", line 182, in getCanonicalHoodId
    return getHoodId(getCanonicalZoneId(zoneId))
  File "toontown\hood\ZoneUtil.py", line 170, in getHoodId
    hoodId = zoneId - zoneId % 1000
TypeError: unsupported operand type(s) for %: 'NoneType' and 'int'
