

Starting Toontown Online...
Current time: Fri Oct 28 20:07:26 2022 Eastern Standard Time
sys.path =  ['', 'C:\\Toontown-Last-Laff-Workspace-10-21-2022\\src\\Panda3D-1.11.0-x64\\python\\python27.zip', 'C:\\Panda3D-1.11.0-x64', 'C:\\Toontown-Last-Laff-Workspace-10-21-2022\\src\\Panda3D-1.11.0-x64\\python\\DLLs', 'C:\\Toontown-Last-Laff-Workspace-10-21-2022\\src\\Panda3D-1.11.0-x64\\python\\lib', 'C:\\Toontown-Last-Laff-Workspace-10-21-2022\\src\\Panda3D-1.11.0-x64\\python\\lib\\plat-win', 'C:\\Toontown-Last-Laff-Workspace-10-21-2022\\src\\Panda3D-1.11.0-x64\\python\\lib\\lib-tk', 'C:\\Toontown-Last-Laff-Workspace-10-21-2022\\src\\Panda3D-1.11.0-x64\\python', 'C:\\Toontown-Last-Laff-Workspace-10-21-2022\\src\\Panda3D-1.11.0-x64', 'C:\\Toontown-Last-Laff-Workspace-10-21-2022\\src\\Panda3D-1.11.0-x64\\bin', 'C:\\Toontown-Last-Laff-Workspace-10-21-2022\\src\\Panda3D-1.11.0-x64\\python\\lib\\site-packages']
sys.argv =  ['C:\\Toontown-Last-Laff-Workspace-10-21-2022\\src\\toontown\\launcher\\TTOffQuickStartLauncher.py']
generating standard configrc
os.environ =  {'TMP': 'C:\\Users\\Philip\\AppData\\Local\\Temp', 'COMPUTERNAME': 'PHILIP-JR', 'USERDOMAIN': 'PHILIP-JR', 'NEKO_INSTPATH': 'C:\\HaxeToolkit\\neko', 'PSMODULEPATH': 'C:\\WINDOWS\\system32\\WindowsPowerShell\\v1.0\\Modules\\', 'DOKANLIBRARY1': 'C:\\Program Files\\Dokan\\Dokan Library-1.4.1\\', 'ADSK_3DSMAX_X64_2021': 'C:\\Program Files\\Autodesk\\3ds Max 2021\\', 'PROCESSOR_IDENTIFIER': 'Intel64 Family 6 Model 45 Stepping 7, GenuineIntel', 'VBOX_MSI_INSTALL_PATH': 'C:\\Program Files\\Oracle\\VirtualBox\\', 'PROGRAMFILES': 'C:\\Program Files', 'PROCESSOR_REVISION': '2d07', 'PATH': 'C:\\Panda3D-1.11.0-x64\\panda3d\\..\\bin;C:\\Program Files (x86)\\Common Files\\Oracle\\Java\\javapath;C:\\Windows\\system32;C:\\Windows;C:\\Windows\\System32\\Wbem;C:\\Windows\\System32\\WindowsPowerShell\\v1.0\\;C:\\Program Files (x86)\\NVIDIA Corporation\\PhysX\\Common;C:\\Program Files\\Git\\cmd;C:\\WINDOWS\\system32;C:\\WINDOWS;C:\\WINDOWS\\System32\\Wbem;C:\\WINDOWS\\System32\\WindowsPowerShell\\v1.0\\;C:\\Program Files\\dotnet\\;C:\\Program Files\\Common Files\\Autodesk Shared\\;C:\\Program Files\\Microsoft SQL Server\\120\\Tools\\Binn\\;C:\\HaxeToolkit\\haxe;C:\\HaxeToolkit\\neko;C:\\Program Files\\Animation Paper\\gstreamer\\bin;C:\\Program Files\\PuTTY\\;C:\\Program Files\\NVIDIA Corporation\\NVIDIA NvDLISR;C:\\Program Files (x86)\\Windows Live\\Shared;C:\\HaxeToolkit\\haxe;C:\\HaxeToolkit\\neko;C:\\Program Files (x86)\\Windows Kits\\8.1\\Windows Performance Toolkit\\;C:\\Users\\Philip\\anaconda3;C:\\Users\\Philip\\anaconda3\\Library\\mingw-w64\\bin;C:\\Users\\Philip\\anaconda3\\Library\\usr\\bin;C:\\Users\\Philip\\anaconda3\\Library\\bin;C:\\Users\\Philip\\anaconda3\\Scripts;C:\\Program Files\\MySQL\\MySQL Shell 8.0\\bin\\;C:\\Panda3D-1.10.02\\python;C:\\Panda3D-1.10.02\\python\\Scripts;C:\\Panda3D-1.10.02\\bin;C:\\Panda3D-1.11.0-x64-py2\\python;C:\\Panda3D-1.11.0-x64-py2\\python\\Scripts;C:\\Panda3D-1.11.0-x64-py2\\bin;C:\\Users\\Philip\\AppData\\Local\\GitHubDesktop\\bin;C:\\Panda3D-1.9.0\\python;C:\\Panda3D-1.9.0\\python\\Scripts;C:\\Panda3D-1.9.0\\bin;C:\\Panda3D-1.10.0-x64\\python;C:\\Panda3D-1.10.0-x64\\python\\Scripts;C:\\Panda3D-1.10.0-x64\\bin;C:\\Users\\Philip\\AppData\\Local\\atom\\bin;C:\\Panda3D-1.10.0\\python;C:\\Panda3D-1.10.0\\python\\Scripts;C:\\Panda3D-1.10.0\\bin;C:\\Panda3D-1.11.0-x64-astron\\python;C:\\Panda3D-1.11.0-x64-astron\\python\\Scripts;C:\\Panda3D-1.11.0-x64-astron\\bin;C:\\Panda3D-1.11.0-x64\\python;C:\\Panda3D-1.11.0-x64\\python\\Scripts;C:\\Panda3D-1.11.0-x64\\bin;C:\\Panda3D-1.10.9-x64\\python;C:\\Panda3D-1.10.9-x64\\python\\Scrip;C:\\Users\\Philip\\AppData\\Local\\Programs\\Microsoft VS Code\\bin;C:\\Users\\Philip\\.dotnet\\tools;%C:\\Program Files (x86)\\Windows Kits\\8.1\\bin\\x86\\rc.exe%;%C:\\Program Files (x86)\\Microsoft Visual Studio\\2019\\BuildTools\\Common7\\IDE%;C:\\Program Files\\JetBrains\\PyCharm Community Edition 2022.2.3\\bin;', 'SYSTEMROOT': 'C:\\WINDOWS', 'NUMBER_OF_PROCESSORS': '8', 'PROGRAMFILES(X86)': 'C:\\Program Files (x86)', 'COMSPEC': 'C:\\WINDOWS\\system32\\cmd.exe', 'KMP_BLOCKTIME': '0', 'PPYTHON_PATH': '"Panda3D-1.11.0-x64\\python\\ppython.exe"', 'PYCHARM COMMUNITY EDITION': 'C:\\Program Files\\JetBrains\\PyCharm Community Edition 2022.2.3\\bin;', 'COMMONPROGRAMFILES(X86)': 'C:\\Program Files (x86)\\Common Files', 'PROCESSOR_ARCHITECTURE': 'AMD64', 'DOKANLIBRARY1_LIBRARYPATH_X64': 'C:\\Program Files\\Dokan\\Dokan Library-1.4.1\\lib\\', 'ALLUSERSPROFILE': 'C:\\ProgramData', 'LOCALAPPDATA': 'C:\\Users\\Philip\\AppData\\Local', 'HOMEPATH': '\\Users\\Philip', 'USERDOMAIN_ROAMINGPROFILE': 'PHILIP-JR', 'PROGRAMW6432': 'C:\\Program Files', 'USERNAME': 'Philip', 'FP_NO_HOST_CHECK': 'NO', 'DOKANLIBRARY1_LIBRARYPATH_X86': 'C:\\Program Files\\Dokan\\Dokan Library-1.4.1\\x86\\lib\\', 'LOGONSERVER': '\\\\MicrosoftAccount', 'PROMPT': '$P$G', 'SESSIONNAME': 'Console', 'PROGRAMDATA': 'C:\\ProgramData', 'COMMONPROGRAMFILES': 'C:\\Program Files\\Common Files', 'TEMP': 'C:\\Users\\Philip\\AppData\\Local\\Temp', 'HAXEPATH': 'C:\\HaxeToolkit\\haxe', 'PATHEXT': '.COM;.EXE;.BAT;.CMD;.VBS;.VBE;.JS;.JSE;.WSF;.WSH;.MSC', 'TTOFF_LOGIN_TOKEN': 'dev', 'VS160COMCOMNTOOLS': 'C:\\Program Files (x86)\\Microsoft Visual Studio\\2019\\Community\\Common7\\Tools\\', 'WINDIR': 'C:\\WINDOWS', 'OMP_WAIT_POLICY': 'PASSIVE', 'MONGO': 'C:\\mongodb-win32-x86_64-windows-4.4.4/bin', 'HOMEDRIVE': 'C:', 'SYSTEMDRIVE': 'C:', 'PUBLIC': 'C:\\Users\\Public', 'APPDATA': 'C:\\Users\\Philip\\AppData\\Roaming', 'PROCESSOR_LEVEL': '6', 'CIOENGINE': 'C:\\cio-panda3d', 'COMMONPROGRAMW6432': 'C:\\Program Files\\Common Files', 'OS': 'Windows_NT', 'ADSK_CLM_WPAD_PROXY_CHECK': 'FALSE', 'USERPROFILE': 'C:\\Users\\Philip'}
:10-28-2022 20:07:26 TTOffLauncher: isTestServer: 0
:10-28-2022 20:07:26 TTOffLauncher: Game Server 127.0.0.1
:10-28-2022 20:07:26 TTOffLauncher: Starting Toontown Online... 
:10-28-2022 20:07:26 TTOffLauncher: foreground: Launcher now operating in foreground
useTTOffSpecificLogin=True
:10-28-2022 20:07:26 TTOffLauncher: maybeStartGame: starting game
:10-28-2022 20:07:26 TTOffLauncher: Starting Toontown Online...
:10-28-2022 20:07:26 TTOffLauncher: background: Launcher now operating in background
ToontownStart: Polling for game2 to finish...
ToontownStart: Game2 is finished.
ToontownStart: Starting the game.
ToontownStart: setting default font
:10-28-2022 20:07:27 TTOffLauncher: setting panda error code to 7
Known pipe types:
  wglGraphicsPipe
(all display modules loaded.)
:10-28-2022 20:07:27 ToonBase: Default graphics pipe is wglGraphicsPipe (OpenGL).
:10-28-2022 20:07:27 :display(warning): FrameBufferProperties available less than requested.
  requested: depth_bits=24 color_bits=3 red_bits=1 green_bits=1 blue_bits=1 alpha_bits=1 multisamples=70 back_buffers=1 force_hardware 
  got: depth_bits=24 color_bits=24 red_bits=8 green_bits=8 blue_bits=8 alpha_bits=8 accum_bits=64 multisamples=16 back_buffers=1 force_hardware 
:10-28-2022 20:07:27 ToonBase: Successfully opened window of type wglGraphicsWindow (OpenGL)
:10-28-2022 20:07:27 ShowBase: __dev__ == False
:10-28-2022 20:07:27 TTOffLauncher: setting panda error code to 11
:10-28-2022 20:07:27 TTOffLauncher: setting panda error code to 0
ToontownStart: Loading default gui sounds
ToontownStart: serverVersion:  tto-dev
:10-28-2022 20:07:27 Loader: starting bulk load of block 'init'
:10-28-2022 20:07:28 :nativenet(error): Buffered_DatagramConnection Constructor rbufsize = 4096000 wbufsize = 4096000 write_flush_point = 1400
:10-28-2022 20:07:28 OTPClientRepository: Using connect method 'http'
:10-28-2022 20:07:29 TTOffLauncher: getRegistry ('DEPLOYMENT', None)
:10-28-2022 20:07:29 TTOffLauncher: checking env
:10-28-2022 20:07:29 TTOffLauncher: getRegistry ('GAME_DEPLOYMENT', None)
:10-28-2022 20:07:29 TTOffLauncher: checking env
:10-28-2022 20:07:29 OTPClientRepository: reg_deployment=
:10-28-2022 20:07:29 OTPClientRepository: required-login auto.
:10-28-2022 20:07:29 OTPClientRepository: loginInterface: LoginTTOffAccount
:10-28-2022 20:07:29 TTOffLauncher: getNeedPwForSecretKey using ttoff-specific-login
:10-28-2022 20:07:29 Loader: At end of block 'init', expected 138, loaded 8, duration=1.82776533808
:10-28-2022 20:07:29 OTPClientRepository: Connecting to gameserver directly (no proxy).
:10-28-2022 20:07:29 OTPClientRepository: Connecting to //127.0.0.1:7198 via HTTP interface.
:10-28-2022 20:07:29 TTOffLauncher: Stopping mini task manager.
:10-28-2022 20:07:29 OTPClientRepository: Successfully connected to //127.0.0.1:7198.
:10-28-2022 20:07:29 TTOffLauncher: Setting Disconnect Details normal
{402000001: <toontown.distributed.ToontownDistrict.ToontownDistrict instance at 0x000000001922DC08>}
:10-28-2022 20:07:31 StateData: AvatarChooser.enter
:10-28-2022 20:07:31 DisplayOptions: settingsFullScreen = False, embedded = False width=800 height=600
:10-28-2022 20:07:31 StateData: calling self.displayOptions.restrictToEmbedded(False)
:10-28-2022 20:07:32 OTPClientRepository: ================
:10-28-2022 20:07:32 OTPClientRepository: Chose avatar id: 100000001
:10-28-2022 20:07:32 OTPClientRepository: Chose avatar name: Wittybumble
:10-28-2022 20:07:32 OTPClientRepository: Chose avatar dna: ('dss', 'ms', 'm', 'm', 6, 0, 6, 6, 1, 9, 1, 9, 1, 18)
:10-28-2022 20:07:32 OTPClientRepository: Chose avatar position: 1
:10-28-2022 20:07:32 OTPClientRepository: isPaid: 1
:10-28-2022 20:07:32 OTPClientRepository: freeTimeLeft: 0
:10-28-2022 20:07:32 OTPClientRepository: allowSecretChat: True
:10-28-2022 20:07:32 OTPClientRepository: ================
:10-28-2022 20:07:33 Loader: starting bulk load of block 'localAvatarPlayGame'
:10-28-2022 20:07:33 ToontownTimeManager(warning): error parsing date string=
:10-28-2022 20:07:33 Actor(warning): no part named head-front*!
local
:10-28-2022 20:07:33 NewsPageButtonManager(warning): Should not get here. NewsPageButtonManager.exitOff
:10-28-2022 20:07:34 :pnmimage:png(warning): iCCP: known incorrect sRGB profile
:10-28-2022 20:07:36 Actor(warning): no part named head-front*!
:10-28-2022 20:07:36 OTPClientRepository: Entering shard 402000001
:10-28-2022 20:07:36 StreetSign: Street sign url is https://ttoffline.com/images/
:10-28-2022 20:07:37 TimeManager: Clock sync: TimeManager.announceGenerate
:10-28-2022 20:07:37 NewsManager: setHolidayId: Starting Holiday 26
:10-28-2022 20:07:37 InGameNewsMgr: latestIssue=2013-08-22 16:49:46.000003-07:00
cpu info: GenuineIntel|        Intel(R) Core(TM) i7-3820 CPU @ 3.60GHz|132823|0|3.601,3.601|4,8 cpus
:10-28-2022 20:07:38 OTPClientRepository: No sync from TimeManager.
:10-28-2022 20:07:38 OTPClientRepository: gotTimeSync
:10-28-2022 20:07:38 Loader: At end of block 'localAvatarPlayGame', expected 400, loaded 20, duration=5.69330799504
:10-28-2022 20:07:38 TimeManager: Clock sync roundtrip took 1228.195 ms
:10-28-2022 20:07:38 TimeManager: AI time delta is -0:01 from server delta
:10-28-2022 20:07:38 TimeManager: Local clock uncertainty +/- 0.614 s
:10-28-2022 20:07:38 PlayGame: QA-REGRESSION: NEIGHBORHOODS: Visit Sellbot HQ
:10-28-2022 20:07:38 Loader: starting bulk load of block 'hood'
:10-28-2022 20:07:39 TownBattleSuitPanel: Loading Suit Battle Panel!
:10-28-2022 20:07:39 TownBattleSuitPanel: Loading Suit Battle Panel!
:10-28-2022 20:07:39 TownBattleSuitPanel: Loading Suit Battle Panel!
:10-28-2022 20:07:39 TownBattleSuitPanel: Loading Suit Battle Panel!
:10-28-2022 20:07:39 TownBattleSuitPanel: Loading Suit Battle Panel!
:10-28-2022 20:07:39 TownBattleSuitPanel: Loading Suit Battle Panel!
:10-28-2022 20:07:39 TownBattleSuitPanel: Loading Suit Battle Panel!
:10-28-2022 20:07:39 TownBattleSuitPanel: Loading Suit Battle Panel!
:10-28-2022 20:07:39 SellbotCogHQLoader: loadPlaceGeom: 11000
:10-28-2022 20:07:40 OTPClientRepository: Sending heartbeat mid-frame.
:10-28-2022 20:07:40 DistributedObject: DistributedSuitPlanner 402002954: generating
:10-28-2022 20:07:40 DistributedToon: calling LocalAvatar.startchat
:10-28-2022 20:07:40 :loader(error): Couldn't load file phase_4/models/questmap/cog_hq_sellbot_maps.bam: not found on model path (currently: "/;/c/Toontown-Last-Laff-Workspace-10-21-2022/src/toontown/launcher;/c/Panda3D-1.11.0-x64/etc/..;/c/Panda3D-1.11.0-x64/etc/../models")
:10-28-2022 20:07:40 Loader: At end of block 'hood', expected 43, loaded 7, duration=1.64994020983
:10-28-2022 20:07:40 :gobj(error): Texture::read() - couldn't read: phase_3/maps/hands/nd.png
:10-28-2022 20:07:40 :gobj(error): Unable to find texture "phase_3/maps/hands/nd.png" on model-path /;/c/Toontown-Last-Laff-Workspace-10-21-2022/src/toontown/launcher;/c/Panda3D-1.11.0-x64/etc/..;/c/Panda3D-1.11.0-x64/etc/../models
:10-28-2022 20:07:40 :gobj(error): Texture::read() - couldn't read: phase_3/maps/hands/ms.png
:10-28-2022 20:07:40 :gobj(error): Unable to find texture "phase_3/maps/hands/ms.png" on model-path /;/c/Toontown-Last-Laff-Workspace-10-21-2022/src/toontown/launcher;/c/Panda3D-1.11.0-x64/etc/..;/c/Panda3D-1.11.0-x64/etc/../models
:10-28-2022 20:07:40 :gobj(error): Texture::read() - couldn't read: phase_3/maps/hands/gh.png
:10-28-2022 20:07:40 :gobj(error): Unable to find texture "phase_3/maps/hands/gh.png" on model-path /;/c/Toontown-Last-Laff-Workspace-10-21-2022/src/toontown/launcher;/c/Panda3D-1.11.0-x64/etc/..;/c/Panda3D-1.11.0-x64/etc/../models
:10-28-2022 20:07:41 Teleport(debug): teleportInDone: walk
:10-28-2022 20:07:41 :loader(error): Couldn't load file phase_4/models/questmap/cog_hq_sellbot_maps.bam: not found on model path (currently: "/;/c/Toontown-Last-Laff-Workspace-10-21-2022/src/toontown/launcher;/c/Panda3D-1.11.0-x64/etc/..;/c/Panda3D-1.11.0-x64/etc/../models")
:10-28-2022 20:07:50 :gobj(error): Texture::read() - couldn't read: phase_3/maps/hands/gh.png
:10-28-2022 20:07:50 :gobj(error): Unable to find texture "phase_3/maps/hands/gh.png" on model-path /;/c/Toontown-Last-Laff-Workspace-10-21-2022/src/toontown/launcher;/c/Panda3D-1.11.0-x64/etc/..;/c/Panda3D-1.11.0-x64/etc/../models
:10-28-2022 20:07:50 :gobj(error): Texture::read() - couldn't read: phase_3/maps/hands/nd.png
:10-28-2022 20:07:50 :gobj(error): Unable to find texture "phase_3/maps/hands/nd.png" on model-path /;/c/Toontown-Last-Laff-Workspace-10-21-2022/src/toontown/launcher;/c/Panda3D-1.11.0-x64/etc/..;/c/Panda3D-1.11.0-x64/etc/../models
:10-28-2022 20:08:00 :gobj(error): Texture::read() - couldn't read: phase_3/maps/hands/tm.png
:10-28-2022 20:08:00 :gobj(error): Unable to find texture "phase_3/maps/hands/tm.png" on model-path /;/c/Toontown-Last-Laff-Workspace-10-21-2022/src/toontown/launcher;/c/Panda3D-1.11.0-x64/etc/..;/c/Panda3D-1.11.0-x64/etc/../models
:10-28-2022 20:08:02 SellbotCogHQLoader: loadPlaceGeom: 11200
:10-28-2022 20:08:02 SellbotHQExterior: Unloading Place (11000). Fsm in final
:10-28-2022 20:08:02 DistributedObject: DistributedSuitPlanner 402002954: disabling
:10-28-2022 20:08:02 DistributedObject: DistributedSuitPlanner 402002955: generating
:10-28-2022 20:08:02 DistributedToon: calling LocalAvatar.startchat
:10-28-2022 20:08:02 :loader(error): Couldn't load file phase_4/models/questmap/cog_hq_sellbot_maps.bam: not found on model path (currently: "/;/c/Toontown-Last-Laff-Workspace-10-21-2022/src/toontown/launcher;/c/Panda3D-1.11.0-x64/etc/..;/c/Panda3D-1.11.0-x64/etc/../models")
:10-28-2022 20:08:02 :gobj(error): Texture::read() - couldn't read: phase_3/maps/hands/gh.png
:10-28-2022 20:08:02 :gobj(error): Unable to find texture "phase_3/maps/hands/gh.png" on model-path /;/c/Toontown-Last-Laff-Workspace-10-21-2022/src/toontown/launcher;/c/Panda3D-1.11.0-x64/etc/..;/c/Panda3D-1.11.0-x64/etc/../models
:10-28-2022 20:08:02 :gobj(error): Texture::read() - couldn't read: phase_3/maps/hands/tm.png
:10-28-2022 20:08:02 :gobj(error): Unable to find texture "phase_3/maps/hands/tm.png" on model-path /;/c/Toontown-Last-Laff-Workspace-10-21-2022/src/toontown/launcher;/c/Panda3D-1.11.0-x64/etc/..;/c/Panda3D-1.11.0-x64/etc/../models
:10-28-2022 20:08:02 :gobj(error): Texture::read() - couldn't read: phase_3/maps/hands/ms.png
:10-28-2022 20:08:02 :gobj(error): Unable to find texture "phase_3/maps/hands/ms.png" on model-path /;/c/Toontown-Last-Laff-Workspace-10-21-2022/src/toontown/launcher;/c/Panda3D-1.11.0-x64/etc/..;/c/Panda3D-1.11.0-x64/etc/../models
:10-28-2022 20:08:02 :gobj(error): Texture::read() - couldn't read: phase_3/maps/hands/gh.png
:10-28-2022 20:08:02 :gobj(error): Unable to find texture "phase_3/maps/hands/gh.png" on model-path /;/c/Toontown-Last-Laff-Workspace-10-21-2022/src/toontown/launcher;/c/Panda3D-1.11.0-x64/etc/..;/c/Panda3D-1.11.0-x64/etc/../models
:10-28-2022 20:08:02 :gobj(error): Texture::read() - couldn't read: phase_3/maps/hands/tf.png
:10-28-2022 20:08:02 :gobj(error): Unable to find texture "phase_3/maps/hands/tf.png" on model-path /;/c/Toontown-Last-Laff-Workspace-10-21-2022/src/toontown/launcher;/c/Panda3D-1.11.0-x64/etc/..;/c/Panda3D-1.11.0-x64/etc/../models
:10-28-2022 20:08:03 :gobj(error): Texture::read() - couldn't read: phase_3/maps/hands/tm.png
:10-28-2022 20:08:03 :gobj(error): Unable to find texture "phase_3/maps/hands/tm.png" on model-path /;/c/Toontown-Last-Laff-Workspace-10-21-2022/src/toontown/launcher;/c/Panda3D-1.11.0-x64/etc/..;/c/Panda3D-1.11.0-x64/etc/../models
:10-28-2022 20:08:03 :gobj(error): Texture::read() - couldn't read: phase_3/maps/hands/gh.png
:10-28-2022 20:08:03 :gobj(error): Unable to find texture "phase_3/maps/hands/gh.png" on model-path /;/c/Toontown-Last-Laff-Workspace-10-21-2022/src/toontown/launcher;/c/Panda3D-1.11.0-x64/etc/..;/c/Panda3D-1.11.0-x64/etc/../models
:10-28-2022 20:08:03 :gobj(error): Texture::read() - couldn't read: phase_3/maps/hands/tf.png
:10-28-2022 20:08:03 :gobj(error): Unable to find texture "phase_3/maps/hands/tf.png" on model-path /;/c/Toontown-Last-Laff-Workspace-10-21-2022/src/toontown/launcher;/c/Panda3D-1.11.0-x64/etc/..;/c/Panda3D-1.11.0-x64/etc/../models
:10-28-2022 20:08:03 :gobj(error): Texture::read() - couldn't read: phase_3/maps/hands/ms.png
:10-28-2022 20:08:03 :gobj(error): Unable to find texture "phase_3/maps/hands/ms.png" on model-path /;/c/Toontown-Last-Laff-Workspace-10-21-2022/src/toontown/launcher;/c/Panda3D-1.11.0-x64/etc/..;/c/Panda3D-1.11.0-x64/etc/../models
:10-28-2022 20:08:06 :loader(error): Couldn't load file phase_4/models/questmap/cog_hq_sellbot_maps.bam: not found on model path (currently: "/;/c/Toontown-Last-Laff-Workspace-10-21-2022/src/toontown/launcher;/c/Panda3D-1.11.0-x64/etc/..;/c/Panda3D-1.11.0-x64/etc/../models")
:10-28-2022 20:08:13 :gobj(error): Texture::read() - couldn't read: phase_3/maps/hands/tm.png
:10-28-2022 20:08:13 :gobj(error): Unable to find texture "phase_3/maps/hands/tm.png" on model-path /;/c/Toontown-Last-Laff-Workspace-10-21-2022/src/toontown/launcher;/c/Panda3D-1.11.0-x64/etc/..;/c/Panda3D-1.11.0-x64/etc/../models
:10-28-2022 20:08:13 :gobj(error): Texture::read() - couldn't read: phase_3/maps/hands/ms.png
:10-28-2022 20:08:13 :gobj(error): Unable to find texture "phase_3/maps/hands/ms.png" on model-path /;/c/Toontown-Last-Laff-Workspace-10-21-2022/src/toontown/launcher;/c/Panda3D-1.11.0-x64/etc/..;/c/Panda3D-1.11.0-x64/etc/../models
:10-28-2022 20:08:23 ShtikerBook: QA-REGRESSION: SHTICKERBOOK: Open
OnscreenText.configure: mayChange == 0
OnscreenText.configure: mayChange == 0
OnscreenText.configure: mayChange == 0
OnscreenText.configure: mayChange == 0
:10-28-2022 20:08:23 ShtikerBook: QA-REGRESSION: SHTICKERBOOK: Browse tabs Map
:10-28-2022 20:08:24 ShtikerBook: QA-REGRESSION: SHTICKERBOOK: Close
:10-28-2022 20:08:24 :gobj(error): Texture::read() - couldn't read: phase_3/maps/hands/tm.png
:10-28-2022 20:08:24 :gobj(error): Unable to find texture "phase_3/maps/hands/tm.png" on model-path /;/c/Toontown-Last-Laff-Workspace-10-21-2022/src/toontown/launcher;/c/Panda3D-1.11.0-x64/etc/..;/c/Panda3D-1.11.0-x64/etc/../models
:10-28-2022 20:08:25 :gobj(error): Texture::read() - couldn't read: phase_3/maps/hands/tm.png
:10-28-2022 20:08:25 :gobj(error): Unable to find texture "phase_3/maps/hands/tm.png" on model-path /;/c/Toontown-Last-Laff-Workspace-10-21-2022/src/toontown/launcher;/c/Panda3D-1.11.0-x64/etc/..;/c/Panda3D-1.11.0-x64/etc/../models
:10-28-2022 20:08:29 FactoryExterior: Unloading Place (11200). Fsm in final
:10-28-2022 20:08:29 DistributedObject: DistributedSuitPlanner 402002955: disabling
:10-28-2022 20:08:29 PlayGame: QA-REGRESSION: NEIGHBORHOODS: Visit Cashbot HQ
:10-28-2022 20:08:29 Loader: starting bulk load of block 'hood'
:10-28-2022 20:08:29 TownBattleSuitPanel: Loading Suit Battle Panel!
:10-28-2022 20:08:29 TownBattleSuitPanel: Loading Suit Battle Panel!
:10-28-2022 20:08:29 TownBattleSuitPanel: Loading Suit Battle Panel!
:10-28-2022 20:08:29 TownBattleSuitPanel: Loading Suit Battle Panel!
:10-28-2022 20:08:29 TownBattleSuitPanel: Loading Suit Battle Panel!
:10-28-2022 20:08:29 TownBattleSuitPanel: Loading Suit Battle Panel!
:10-28-2022 20:08:29 TownBattleSuitPanel: Loading Suit Battle Panel!
:10-28-2022 20:08:29 TownBattleSuitPanel: Loading Suit Battle Panel!
:10-28-2022 20:08:30 CashbotCogHQLoader: loadPlaceGeom: 12000
:10-28-2022 20:08:30 OTPClientRepository: Sending heartbeat mid-frame.
:10-28-2022 20:08:30 DistributedObject: DistributedSuitPlanner 402002970: generating
:10-28-2022 20:08:30 DistributedToon: calling LocalAvatar.startchat
:10-28-2022 20:08:30 :loader(error): Couldn't load file phase_4/models/questmap/cog_hq_cashbot_maps.bam: not found on model path (currently: "/;/c/Toontown-Last-Laff-Workspace-10-21-2022/src/toontown/launcher;/c/Panda3D-1.11.0-x64/etc/..;/c/Panda3D-1.11.0-x64/etc/../models")
:10-28-2022 20:08:30 Loader: At end of block 'hood', expected 2, loaded 3, duration=1.01643291042
:10-28-2022 20:08:30 :gobj(error): Texture::read() - couldn't read: phase_3/maps/hands/mb.png
:10-28-2022 20:08:30 :gobj(error): Unable to find texture "phase_3/maps/hands/mb.png" on model-path /;/c/Toontown-Last-Laff-Workspace-10-21-2022/src/toontown/launcher;/c/Panda3D-1.11.0-x64/etc/..;/c/Panda3D-1.11.0-x64/etc/../models
:10-28-2022 20:08:30 :gobj(error): Texture::read() - couldn't read: phase_3/maps/hands/nc.png
:10-28-2022 20:08:30 :gobj(error): Unable to find texture "phase_3/maps/hands/nc.png" on model-path /;/c/Toontown-Last-Laff-Workspace-10-21-2022/src/toontown/launcher;/c/Panda3D-1.11.0-x64/etc/..;/c/Panda3D-1.11.0-x64/etc/../models
:10-28-2022 20:08:30 :gobj(error): Texture::read() - couldn't read: phase_3/maps/hands/mb.png
:10-28-2022 20:08:30 :gobj(error): Unable to find texture "phase_3/maps/hands/mb.png" on model-path /;/c/Toontown-Last-Laff-Workspace-10-21-2022/src/toontown/launcher;/c/Panda3D-1.11.0-x64/etc/..;/c/Panda3D-1.11.0-x64/etc/../models
:10-28-2022 20:08:31 :gobj(error): Texture::read() - couldn't read: phase_3/maps/hands/mb.png
:10-28-2022 20:08:31 :gobj(error): Unable to find texture "phase_3/maps/hands/mb.png" on model-path /;/c/Toontown-Last-Laff-Workspace-10-21-2022/src/toontown/launcher;/c/Panda3D-1.11.0-x64/etc/..;/c/Panda3D-1.11.0-x64/etc/../models
:10-28-2022 20:08:31 :gobj(error): Texture::read() - couldn't read: phase_3/maps/hands/tw.png
:10-28-2022 20:08:31 :gobj(error): Unable to find texture "phase_3/maps/hands/tw.png" on model-path /;/c/Toontown-Last-Laff-Workspace-10-21-2022/src/toontown/launcher;/c/Panda3D-1.11.0-x64/etc/..;/c/Panda3D-1.11.0-x64/etc/../models
:10-28-2022 20:08:31 :gobj(error): Texture::read() - couldn't read: phase_3/maps/hands/mb.png
:10-28-2022 20:08:31 :gobj(error): Unable to find texture "phase_3/maps/hands/mb.png" on model-path /;/c/Toontown-Last-Laff-Workspace-10-21-2022/src/toontown/launcher;/c/Panda3D-1.11.0-x64/etc/..;/c/Panda3D-1.11.0-x64/etc/../models
:10-28-2022 20:08:31 :gobj(error): Texture::read() - couldn't read: phase_3/maps/hands/mb.png
:10-28-2022 20:08:31 :gobj(error): Unable to find texture "phase_3/maps/hands/mb.png" on model-path /;/c/Toontown-Last-Laff-Workspace-10-21-2022/src/toontown/launcher;/c/Panda3D-1.11.0-x64/etc/..;/c/Panda3D-1.11.0-x64/etc/../models
:10-28-2022 20:08:31 :gobj(error): Texture::read() - couldn't read: phase_3/maps/hands/mb.png
:10-28-2022 20:08:31 :gobj(error): Unable to find texture "phase_3/maps/hands/mb.png" on model-path /;/c/Toontown-Last-Laff-Workspace-10-21-2022/src/toontown/launcher;/c/Panda3D-1.11.0-x64/etc/..;/c/Panda3D-1.11.0-x64/etc/../models
:10-28-2022 20:08:31 :gobj(error): Texture::read() - couldn't read: phase_3/maps/hands/nc.png
:10-28-2022 20:08:31 :gobj(error): Unable to find texture "phase_3/maps/hands/nc.png" on model-path /;/c/Toontown-Last-Laff-Workspace-10-21-2022/src/toontown/launcher;/c/Panda3D-1.11.0-x64/etc/..;/c/Panda3D-1.11.0-x64/etc/../models
:10-28-2022 20:08:31 :gobj(error): Texture::read() - couldn't read: phase_3/maps/hands/mb.png
:10-28-2022 20:08:31 :gobj(error): Unable to find texture "phase_3/maps/hands/mb.png" on model-path /;/c/Toontown-Last-Laff-Workspace-10-21-2022/src/toontown/launcher;/c/Panda3D-1.11.0-x64/etc/..;/c/Panda3D-1.11.0-x64/etc/../models
:10-28-2022 20:08:31 :gobj(error): Texture::read() - couldn't read: phase_3/maps/hands/nc.png
:10-28-2022 20:08:31 :gobj(error): Unable to find texture "phase_3/maps/hands/nc.png" on model-path /;/c/Toontown-Last-Laff-Workspace-10-21-2022/src/toontown/launcher;/c/Panda3D-1.11.0-x64/etc/..;/c/Panda3D-1.11.0-x64/etc/../models
:10-28-2022 20:08:31 :gobj(error): Texture::read() - couldn't read: phase_3/maps/hands/mb.png
:10-28-2022 20:08:31 :gobj(error): Unable to find texture "phase_3/maps/hands/mb.png" on model-path /;/c/Toontown-Last-Laff-Workspace-10-21-2022/src/toontown/launcher;/c/Panda3D-1.11.0-x64/etc/..;/c/Panda3D-1.11.0-x64/etc/../models
:10-28-2022 20:08:32 Teleport(debug): teleportInDone: walk
:10-28-2022 20:08:32 :loader(error): Couldn't load file phase_4/models/questmap/cog_hq_cashbot_maps.bam: not found on model path (currently: "/;/c/Toontown-Last-Laff-Workspace-10-21-2022/src/toontown/launcher;/c/Panda3D-1.11.0-x64/etc/..;/c/Panda3D-1.11.0-x64/etc/../models")
:10-28-2022 20:08:34 :gobj(error): Texture::read() - couldn't read: phase_3/maps/hands/mb.png
:10-28-2022 20:08:34 :gobj(error): Unable to find texture "phase_3/maps/hands/mb.png" on model-path /;/c/Toontown-Last-Laff-Workspace-10-21-2022/src/toontown/launcher;/c/Panda3D-1.11.0-x64/etc/..;/c/Panda3D-1.11.0-x64/etc/../models
:10-28-2022 20:08:44 :gobj(error): Texture::read() - couldn't read: phase_3/maps/hands/mb.png
:10-28-2022 20:08:44 :gobj(error): Unable to find texture "phase_3/maps/hands/mb.png" on model-path /;/c/Toontown-Last-Laff-Workspace-10-21-2022/src/toontown/launcher;/c/Panda3D-1.11.0-x64/etc/..;/c/Panda3D-1.11.0-x64/etc/../models
:10-28-2022 20:08:56 :gobj(error): Texture::read() - couldn't read: phase_3/maps/hands/mb.png
:10-28-2022 20:08:56 :gobj(error): Unable to find texture "phase_3/maps/hands/mb.png" on model-path /;/c/Toontown-Last-Laff-Workspace-10-21-2022/src/toontown/launcher;/c/Panda3D-1.11.0-x64/etc/..;/c/Panda3D-1.11.0-x64/etc/../models
:10-28-2022 20:08:58 CashbotCogHQLoader: loadPlaceGeom: 61000
:10-28-2022 20:08:58 CashbotCogHQLoader(warning): loadPlaceGeom: unclassified zone 61000
:10-28-2022 20:08:58 CashbotHQExterior: Unloading Place (12000). Fsm in final
:10-28-2022 20:08:58 DistributedObject: DistributedSuitPlanner 402002970: disabling
:10-28-2022 20:08:58 TimeManager: Clock sync: DistributedLevel.generate
:10-28-2022 20:08:58 Loader: loader.loadModelCopy() is deprecated; use loader.loadModel() instead.
:10-28-2022 20:08:58 Loader: loader.loadModelCopy() is deprecated; use loader.loadModel() instead.
:10-28-2022 20:08:58 Loader: loader.loadModelCopy() is deprecated; use loader.loadModel() instead.
:10-28-2022 20:08:58 Loader: loader.loadModelCopy() is deprecated; use loader.loadModel() instead.
:10-28-2022 20:08:58 Loader: loader.loadModelCopy() is deprecated; use loader.loadModel() instead.
:10-28-2022 20:08:58 Loader: loader.loadModelCopy() is deprecated; use loader.loadModel() instead.
:10-28-2022 20:08:58 Loader: loader.loadModelCopy() is deprecated; use loader.loadModel() instead.
:10-28-2022 20:08:58 Loader: loader.loadModelCopy() is deprecated; use loader.loadModel() instead.
:10-28-2022 20:08:58 Loader: loader.loadModelCopy() is deprecated; use loader.loadModel() instead.
:10-28-2022 20:08:58 Loader: loader.loadModelCopy() is deprecated; use loader.loadModel() instead.
:10-28-2022 20:08:58 Loader: loader.loadModelCopy() is deprecated; use loader.loadModel() instead.
:10-28-2022 20:08:58 Loader: loader.loadModelCopy() is deprecated; use loader.loadModel() instead.
:10-28-2022 20:08:58 Loader: loader.loadModelCopy() is deprecated; use loader.loadModel() instead.
:10-28-2022 20:08:58 Loader: loader.loadModelCopy() is deprecated; use loader.loadModel() instead.
:10-28-2022 20:08:58 Loader: loader.loadModelCopy() is deprecated; use loader.loadModel() instead.
:10-28-2022 20:08:58 Loader: loader.loadModelCopy() is deprecated; use loader.loadModel() instead.
:10-28-2022 20:08:58 Loader: loader.loadModelCopy() is deprecated; use loader.loadModel() instead.
:10-28-2022 20:08:58 Loader: loader.loadModelCopy() is deprecated; use loader.loadModel() instead.
:10-28-2022 20:08:58 Loader: loader.loadModelCopy() is deprecated; use loader.loadModel() instead.
:10-28-2022 20:08:58 Loader: loader.loadModelCopy() is deprecated; use loader.loadModel() instead.
:10-28-2022 20:08:58 Loader: loader.loadModelCopy() is deprecated; use loader.loadModel() instead.
:10-28-2022 20:08:58 Loader: loader.loadModelCopy() is deprecated; use loader.loadModel() instead.
:10-28-2022 20:08:58 Loader: loader.loadModelCopy() is deprecated; use loader.loadModel() instead.
:10-28-2022 20:08:58 Loader: loader.loadModelCopy() is deprecated; use loader.loadModel() instead.
:10-28-2022 20:08:58 Loader: loader.loadModelCopy() is deprecated; use loader.loadModel() instead.
:10-28-2022 20:08:58 Loader: loader.loadModelCopy() is deprecated; use loader.loadModel() instead.
:10-28-2022 20:08:58 Loader: loader.loadModelCopy() is deprecated; use loader.loadModel() instead.
:10-28-2022 20:08:58 Loader: loader.loadModelCopy() is deprecated; use loader.loadModel() instead.
:10-28-2022 20:08:58 Loader: loader.loadModelCopy() is deprecated; use loader.loadModel() instead.
:10-28-2022 20:08:58 Loader: loader.loadModelCopy() is deprecated; use loader.loadModel() instead.
:10-28-2022 20:08:58 Loader: loader.loadModelCopy() is deprecated; use loader.loadModel() instead.
:10-28-2022 20:08:58 Loader: loader.loadModelCopy() is deprecated; use loader.loadModel() instead.
:10-28-2022 20:08:58 Loader: loader.loadModelCopy() is deprecated; use loader.loadModel() instead.
:10-28-2022 20:08:58 Loader: loader.loadModelCopy() is deprecated; use loader.loadModel() instead.
:10-28-2022 20:08:58 Loader: loader.loadModelCopy() is deprecated; use loader.loadModel() instead.
:10-28-2022 20:08:58 Loader: loader.loadModelCopy() is deprecated; use loader.loadModel() instead.
:10-28-2022 20:08:58 Loader: loader.loadModelCopy() is deprecated; use loader.loadModel() instead.
:10-28-2022 20:08:58 Loader: loader.loadModelCopy() is deprecated; use loader.loadModel() instead.
:10-28-2022 20:08:58 Loader: loader.loadModelCopy() is deprecated; use loader.loadModel() instead.
:10-28-2022 20:08:58 Loader: loader.loadModelCopy() is deprecated; use loader.loadModel() instead.
:10-28-2022 20:08:58 Loader: loader.loadModelCopy() is deprecated; use loader.loadModel() instead.
:10-28-2022 20:08:58 Loader: loader.loadModelCopy() is deprecated; use loader.loadModel() instead.
:10-28-2022 20:08:58 Loader: loader.loadModelCopy() is deprecated; use loader.loadModel() instead.
:10-28-2022 20:08:58 Loader: loader.loadModelCopy() is deprecated; use loader.loadModel() instead.
:10-28-2022 20:08:58 Loader: loader.loadModelCopy() is deprecated; use loader.loadModel() instead.
:10-28-2022 20:08:58 Loader: loader.loadModelCopy() is deprecated; use loader.loadModel() instead.
:10-28-2022 20:08:58 Loader: loader.loadModelCopy() is deprecated; use loader.loadModel() instead.
:10-28-2022 20:08:58 Loader: loader.loadModelCopy() is deprecated; use loader.loadModel() instead.
:10-28-2022 20:08:58 Loader: loader.loadModelCopy() is deprecated; use loader.loadModel() instead.
:10-28-2022 20:08:58 Loader: loader.loadModelCopy() is deprecated; use loader.loadModel() instead.
:10-28-2022 20:08:58 Loader: loader.loadModelCopy() is deprecated; use loader.loadModel() instead.
:10-28-2022 20:08:58 Loader: loader.loadModelCopy() is deprecated; use loader.loadModel() instead.
:10-28-2022 20:08:58 Loader: loader.loadModelCopy() is deprecated; use loader.loadModel() instead.
:10-28-2022 20:08:58 Loader: loader.loadModelCopy() is deprecated; use loader.loadModel() instead.
:10-28-2022 20:08:58 Loader: loader.loadModelCopy() is deprecated; use loader.loadModel() instead.
:10-28-2022 20:08:58 Loader: loader.loadModelCopy() is deprecated; use loader.loadModel() instead.
:10-28-2022 20:08:58 Loader: loader.loadModelCopy() is deprecated; use loader.loadModel() instead.
:10-28-2022 20:08:58 Loader: loader.loadModelCopy() is deprecated; use loader.loadModel() instead.
:10-28-2022 20:08:58 Loader: loader.loadModelCopy() is deprecated; use loader.loadModel() instead.
:10-28-2022 20:08:58 Loader: loader.loadModelCopy() is deprecated; use loader.loadModel() instead.
:10-28-2022 20:08:58 Loader: loader.loadModelCopy() is deprecated; use loader.loadModel() instead.
:10-28-2022 20:08:58 Loader: loader.loadModelCopy() is deprecated; use loader.loadModel() instead.
:10-28-2022 20:08:58 Loader: loader.loadModelCopy() is deprecated; use loader.loadModel() instead.
:10-28-2022 20:08:58 Loader: loader.loadModelCopy() is deprecated; use loader.loadModel() instead.
:10-28-2022 20:08:58 Loader: loader.loadModelCopy() is deprecated; use loader.loadModel() instead.
:10-28-2022 20:08:58 Loader: loader.loadModelCopy() is deprecated; use loader.loadModel() instead.
:10-28-2022 20:08:58 Loader: loader.loadModelCopy() is deprecated; use loader.loadModel() instead.
:10-28-2022 20:08:58 Loader: loader.loadModelCopy() is deprecated; use loader.loadModel() instead.
:10-28-2022 20:08:58 Loader: loader.loadModelCopy() is deprecated; use loader.loadModel() instead.
:10-28-2022 20:08:58 Loader: loader.loadModelCopy() is deprecated; use loader.loadModel() instead.
:10-28-2022 20:08:58 Loader: loader.loadModelCopy() is deprecated; use loader.loadModel() instead.
:10-28-2022 20:08:58 Loader: loader.loadModelCopy() is deprecated; use loader.loadModel() instead.
:10-28-2022 20:08:58 Loader: loader.loadModelCopy() is deprecated; use loader.loadModel() instead.
:10-28-2022 20:08:58 Loader: loader.loadModelCopy() is deprecated; use loader.loadModel() instead.
:10-28-2022 20:08:58 Loader: loader.loadModelCopy() is deprecated; use loader.loadModel() instead.
:10-28-2022 20:08:58 Loader: loader.loadModelCopy() is deprecated; use loader.loadModel() instead.
:10-28-2022 20:08:58 Loader: loader.loadModelCopy() is deprecated; use loader.loadModel() instead.
:10-28-2022 20:08:58 DistributedMint: mintId 12500, floor 8, [100000001]
:10-28-2022 20:08:58 Loader: loader.loadModelCopy() is deprecated; use loader.loadModel() instead.
:10-28-2022 20:08:58 Loader: loader.loadModelCopy() is deprecated; use loader.loadModel() instead.
:10-28-2022 20:08:58 Loader: loader.loadModelCopy() is deprecated; use loader.loadModel() instead.
:10-28-2022 20:08:58 Loader: loader.loadModelCopy() is deprecated; use loader.loadModel() instead.
:10-28-2022 20:08:58 Loader: loader.loadModelCopy() is deprecated; use loader.loadModel() instead.
:10-28-2022 20:08:58 Loader: loader.loadModelCopy() is deprecated; use loader.loadModel() instead.
:10-28-2022 20:08:58 Loader: loader.loadModelCopy() is deprecated; use loader.loadModel() instead.
:10-28-2022 20:08:58 Loader: loader.loadModelCopy() is deprecated; use loader.loadModel() instead.
:10-28-2022 20:08:58 DistributedToon: calling LocalAvatar.startchat
:10-28-2022 20:08:58 TimeManager: Clock sync roundtrip took 372.240 ms
:10-28-2022 20:08:58 TimeManager: AI time delta is -0:00 from server delta
:10-28-2022 20:08:58 ClockDelta: previous delta at -1.031 s, +/- 0.637 s.
:10-28-2022 20:08:58 ClockDelta: new delta at -1.439 s, +/- 0.186 s.
:10-28-2022 20:08:58 ClockDelta: intersection at -1.439 s, +/- 0.186 s.
:10-28-2022 20:08:58 TimeManager: Local clock uncertainty +/- 0.186 s
:10-28-2022 20:08:58 :gobj(error): Texture::read() - couldn't read: phase_3/maps/hands/mb.png
:10-28-2022 20:08:58 :gobj(error): Unable to find texture "phase_3/maps/hands/mb.png" on model-path /;/c/Toontown-Last-Laff-Workspace-10-21-2022/src/toontown/launcher;/c/Panda3D-1.11.0-x64/etc/..;/c/Panda3D-1.11.0-x64/etc/../models
:10-28-2022 20:08:58 :gobj(error): Texture::read() - couldn't read: phase_3/maps/hands/ls.png
:10-28-2022 20:08:58 :gobj(error): Unable to find texture "phase_3/maps/hands/ls.png" on model-path /;/c/Toontown-Last-Laff-Workspace-10-21-2022/src/toontown/launcher;/c/Panda3D-1.11.0-x64/etc/..;/c/Panda3D-1.11.0-x64/etc/../models
:10-28-2022 20:08:59 :gobj(error): Texture::read() - couldn't read: phase_3/maps/hands/rb.png
:10-28-2022 20:08:59 :gobj(error): Unable to find texture "phase_3/maps/hands/rb.png" on model-path /;/c/Toontown-Last-Laff-Workspace-10-21-2022/src/toontown/launcher;/c/Panda3D-1.11.0-x64/etc/..;/c/Panda3D-1.11.0-x64/etc/../models
:10-28-2022 20:08:59 :gobj(error): Texture::read() - couldn't read: phase_3/maps/hands/rb.png
:10-28-2022 20:08:59 :gobj(error): Unable to find texture "phase_3/maps/hands/rb.png" on model-path /;/c/Toontown-Last-Laff-Workspace-10-21-2022/src/toontown/launcher;/c/Panda3D-1.11.0-x64/etc/..;/c/Panda3D-1.11.0-x64/etc/../models
:10-28-2022 20:08:59 :gobj(error): Texture::read() - couldn't read: phase_3/maps/hands/ls.png
:10-28-2022 20:08:59 :gobj(error): Unable to find texture "phase_3/maps/hands/ls.png" on model-path /;/c/Toontown-Last-Laff-Workspace-10-21-2022/src/toontown/launcher;/c/Panda3D-1.11.0-x64/etc/..;/c/Panda3D-1.11.0-x64/etc/../models
:10-28-2022 20:08:59 :gobj(error): Texture::read() - couldn't read: phase_3/maps/hands/ls.png
:10-28-2022 20:08:59 :gobj(error): Unable to find texture "phase_3/maps/hands/ls.png" on model-path /;/c/Toontown-Last-Laff-Workspace-10-21-2022/src/toontown/launcher;/c/Panda3D-1.11.0-x64/etc/..;/c/Panda3D-1.11.0-x64/etc/../models
:10-28-2022 20:08:59 :gobj(error): Texture::read() - couldn't read: phase_3/maps/hands/nc.png
:10-28-2022 20:08:59 :gobj(error): Unable to find texture "phase_3/maps/hands/nc.png" on model-path /;/c/Toontown-Last-Laff-Workspace-10-21-2022/src/toontown/launcher;/c/Panda3D-1.11.0-x64/etc/..;/c/Panda3D-1.11.0-x64/etc/../models
:10-28-2022 20:08:59 :gobj(error): Texture::read() - couldn't read: phase_3/maps/hands/mb.png
:10-28-2022 20:08:59 :gobj(error): Unable to find texture "phase_3/maps/hands/mb.png" on model-path /;/c/Toontown-Last-Laff-Workspace-10-21-2022/src/toontown/launcher;/c/Panda3D-1.11.0-x64/etc/..;/c/Panda3D-1.11.0-x64/etc/../models
:10-28-2022 20:08:59 :gobj(error): Texture::read() - couldn't read: phase_3/maps/hands/nc.png
:10-28-2022 20:08:59 :gobj(error): Unable to find texture "phase_3/maps/hands/nc.png" on model-path /;/c/Toontown-Last-Laff-Workspace-10-21-2022/src/toontown/launcher;/c/Panda3D-1.11.0-x64/etc/..;/c/Panda3D-1.11.0-x64/etc/../models
:10-28-2022 20:08:59 :gobj(error): Texture::read() - couldn't read: phase_3/maps/hands/rb.png
:10-28-2022 20:08:59 :gobj(error): Unable to find texture "phase_3/maps/hands/rb.png" on model-path /;/c/Toontown-Last-Laff-Workspace-10-21-2022/src/toontown/launcher;/c/Panda3D-1.11.0-x64/etc/..;/c/Panda3D-1.11.0-x64/etc/../models
:10-28-2022 20:08:59 :gobj(error): Texture::read() - couldn't read: phase_3/maps/hands/nc.png
:10-28-2022 20:08:59 :gobj(error): Unable to find texture "phase_3/maps/hands/nc.png" on model-path /;/c/Toontown-Last-Laff-Workspace-10-21-2022/src/toontown/launcher;/c/Panda3D-1.11.0-x64/etc/..;/c/Panda3D-1.11.0-x64/etc/../models
:10-28-2022 20:08:59 :gobj(error): Texture::read() - couldn't read: phase_3/maps/hands/mb.png
:10-28-2022 20:08:59 :gobj(error): Unable to find texture "phase_3/maps/hands/mb.png" on model-path /;/c/Toontown-Last-Laff-Workspace-10-21-2022/src/toontown/launcher;/c/Panda3D-1.11.0-x64/etc/..;/c/Panda3D-1.11.0-x64/etc/../models
:10-28-2022 20:08:59 :gobj(error): Texture::read() - couldn't read: phase_3/maps/hands/nc.png
:10-28-2022 20:08:59 :gobj(error): Unable to find texture "phase_3/maps/hands/nc.png" on model-path /;/c/Toontown-Last-Laff-Workspace-10-21-2022/src/toontown/launcher;/c/Panda3D-1.11.0-x64/etc/..;/c/Panda3D-1.11.0-x64/etc/../models
:10-28-2022 20:08:59 :gobj(error): Texture::read() - couldn't read: phase_3/maps/hands/rb.png
:10-28-2022 20:08:59 :gobj(error): Unable to find texture "phase_3/maps/hands/rb.png" on model-path /;/c/Toontown-Last-Laff-Workspace-10-21-2022/src/toontown/launcher;/c/Panda3D-1.11.0-x64/etc/..;/c/Panda3D-1.11.0-x64/etc/../models
:10-28-2022 20:08:59 :gobj(error): Texture::read() - couldn't read: phase_3/maps/hands/ls.png
:10-28-2022 20:08:59 :gobj(error): Unable to find texture "phase_3/maps/hands/ls.png" on model-path /;/c/Toontown-Last-Laff-Workspace-10-21-2022/src/toontown/launcher;/c/Panda3D-1.11.0-x64/etc/..;/c/Panda3D-1.11.0-x64/etc/../models
:10-28-2022 20:08:59 :gobj(error): Texture::read() - couldn't read: phase_3/maps/hands/ls.png
:10-28-2022 20:08:59 :gobj(error): Unable to find texture "phase_3/maps/hands/ls.png" on model-path /;/c/Toontown-Last-Laff-Workspace-10-21-2022/src/toontown/launcher;/c/Panda3D-1.11.0-x64/etc/..;/c/Panda3D-1.11.0-x64/etc/../models
:10-28-2022 20:09:01 Teleport(debug): teleportInDone: walk
:10-28-2022 20:09:32 ToontownChatManager: QA-REGRESSION: CHAT: Speedchat Plus
:10-28-2022 20:09:35 TTOffMagicWordManager: Uh-oh! This Magic Word doesn't exist!
:10-28-2022 20:09:38 TTOffMagicWordManager: Going ghost!
:10-28-2022 20:09:55 ToontownChatManager: QA-REGRESSION: CHAT: Speedchat Plus
:10-28-2022 20:09:57 TTOffMagicWordManager: Voila!
:10-28-2022 20:09:57 MintInterior(warning): fsm.request('WaitForBattle') returned 0 (zone id 12500, avatar pos LPoint3f(-375.862, 757.918, 60.1093)).
:10-28-2022 20:09:57 MintInterior(warning): fsm.request('WaitForBattle') returned 0 (zone id 12500, avatar pos LPoint3f(-375.862, 757.918, 60.1093)).
:10-28-2022 20:09:57 MintInterior(warning): fsm.request('WaitForBattle') returned 0 (zone id 12500, avatar pos LPoint3f(-375.862, 757.918, 60.1093)).
spec = {'parentEntId': 10000, 'pos': LPoint3f(0, 0, 0)}
h = None
:10-28-2022 20:09:57 MintInterior: QA-REGRESSION: COGBATTLE: Enter Battle
Battle Event localtoon-battle-event-3
:10-28-2022 20:10:09 ToonBase: User closed main window.
:10-28-2022 20:10:09 TimeManager: Client disconnect reason 2.
:10-28-2022 20:10:09 Entity(warning): Entity 10004 destroyed after level??
:10-28-2022 20:10:09 Entity(warning): Entity 10015 destroyed after level??
:10-28-2022 20:10:09 Entity(warning): Entity 10000 destroyed after level??
:10-28-2022 20:10:09 Entity(warning): Entity 10001 destroyed after level??
:10-28-2022 20:10:09 Entity(warning): Entity 10002 destroyed after level??
:10-28-2022 20:10:09 Entity(warning): Entity 10011 destroyed after level??
:10-28-2022 20:10:09 Entity(warning): Entity 10002 destroyed after level??
:10-28-2022 20:10:09 DistributedGoon(warning): called actor.removeNode() on DistributedGoon-10002 without calling cleanup()
:10-28-2022 20:10:09 Entity(warning): Entity 10004 destroyed after level??
:10-28-2022 20:10:09 DistributedGoon(warning): called actor.removeNode() on DistributedGoon-10004 without calling cleanup()
:10-28-2022 20:10:09 Entity(warning): Entity 10006 destroyed after level??
:10-28-2022 20:10:09 DistributedGoon(warning): called actor.removeNode() on DistributedGoon-10006 without calling cleanup()
:10-28-2022 20:10:09 Entity(warning): Entity 10009 destroyed after level??
:10-28-2022 20:10:09 DistributedGoon(warning): called actor.removeNode() on DistributedGoon-10009 without calling cleanup()
:10-28-2022 20:10:09 Entity(warning): Entity 10005 destroyed after level??
:10-28-2022 20:10:09 Entity(warning): Entity 10016 destroyed after level??
:10-28-2022 20:10:09 Entity(warning): Entity 10014 destroyed after level??
:10-28-2022 20:10:09 Entity(warning): Entity 10001 destroyed after level??
:10-28-2022 20:10:09 Entity(warning): Entity 10004 destroyed after level??
:10-28-2022 20:10:09 Entity(warning): Entity 10005 destroyed after level??
:10-28-2022 20:10:09 Entity(warning): Entity 10037 destroyed after level??
:10-28-2022 20:10:09 Entity(warning): Entity 10049 destroyed after level??
:10-28-2022 20:10:09 Entity(warning): Entity 10045 destroyed after level??
:10-28-2022 20:10:09 Entity(warning): Entity 10047 destroyed after level??
:10-28-2022 20:10:09 Entity(warning): Entity 10054 destroyed after level??
:10-28-2022 20:10:09 Entity(warning): Entity 10001 destroyed after level??
:10-28-2022 20:10:09 MintInterior: Unloading Place (12500). Fsm in final
:10-28-2022 20:10:09 OTPClientRepository(warning): unclean exit, abandoning shard
ignoring InputState-forward
:10-28-2022 20:10:09 OTPClientRepository: sending clientLogout
Assertion failed: _error_type != ET_not_found at line 592 of panda/src/pgraph/nodePath.cxx
Traceback (most recent call last):
  File "C:\Panda3D-1.11.0-x64\direct\showbase\EventManager.py", line 49, in eventLoopTask
    self.doEvents()
  File "C:\Panda3D-1.11.0-x64\direct\showbase\EventManager.py", line 43, in doEvents
    processFunc(dequeueFunc())
  File "C:\Panda3D-1.11.0-x64\direct\showbase\EventManager.py", line 99, in processEvent
    messenger.send(eventName, paramList)
  File "C:\Panda3D-1.11.0-x64\direct\showbase\Messenger.py", line 333, in send
    self.__dispatch(acceptorDict, event, sentArgs, foundWatch)
  File "C:\Panda3D-1.11.0-x64\direct\showbase\Messenger.py", line 418, in __dispatch
    result = method (*(extraArgs + sentArgs))
  File "toontown\toonbase\ToonBase.py", line 187, in windowEvent
    OTPBase.OTPBase.windowEvent(self, win)
  File "C:\Panda3D-1.11.0-x64\direct\showbase\ShowBase.py", line 2791, in windowEvent
    self.userExit()
  File "toontown\toonbase\ToonBase.py", line 422, in userExit
    self.cr.loginFSM.request('shutdown')
  File "C:\Panda3D-1.11.0-x64\direct\fsm\ClassicFSM.py", line 281, in request
    exitArgList)
  File "C:\Panda3D-1.11.0-x64\direct\fsm\ClassicFSM.py", line 227, in __transition
    self.__exitCurrent(exitArgList)
  File "C:\Panda3D-1.11.0-x64\direct\fsm\ClassicFSM.py", line 185, in __exitCurrent
    self.__currentState.exit(argList)
  File "C:\Panda3D-1.11.0-x64\direct\fsm\State.py", line 213, in exit
    self.__exitFunc(*argList)
  File "toontown\distributed\ToontownClientRepository.py", line 430, in exitPlayingGame
    base.localAvatar.deleteOrDelay()
  File "C:\Panda3D-1.11.0-x64\direct\distributed\DistributedObject.py", line 201, in deleteOrDelay
    self.disableAnnounceAndDelete()
  File "C:\Panda3D-1.11.0-x64\direct\distributed\DistributedObject.py", line 204, in disableAnnounceAndDelete
    self.disableAndAnnounce()
  File "C:\Panda3D-1.11.0-x64\direct\distributed\DistributedObject.py", line 230, in disableAndAnnounce
    self.disable()
  File "toontown\toon\LocalToon.py", line 256, in disable
    self.book.unload()
  File "toontown\shtiker\ShtikerBook.py", line 150, in unload
    page.unload()
  File "toontown\shtiker\SuitPage.py", line 240, in unload
    shadow.removeNode()
AssertionError: _error_type != ET_not_found at line 592 of panda/src/pgraph/nodePath.cxx
:10-28-2022 20:10:09 :task(error): Exception occurred in PythonTask eventManager
:10-28-2022 20:10:09 TTOffLauncher: setting panda error code to 12
:10-28-2022 20:10:09 TTOffLauncher(warning): Handling Python exception.
:10-28-2022 20:10:09 OTPClientRepository: Sent disconnect message to server
:10-28-2022 20:10:09 OTPClientRepository: Closing connection to server.
:10-28-2022 20:10:09 TTOffLauncher: Exception exit.

Traceback (most recent call last):
  File "otp\launcher\LauncherBase.py", line 1081, in mainLoop
    self._runTaskManager()
  File "otp\launcher\LauncherBase.py", line 1052, in _runTaskManager
    taskMgr.run()
  File "C:\Panda3D-1.11.0-x64\direct\task\Task.py", line 528, in run
    self.step()
  File "C:\Panda3D-1.11.0-x64\direct\task\Task.py", line 482, in step
    self.mgr.poll()
  File "C:\Panda3D-1.11.0-x64\direct\showbase\EventManager.py", line 49, in eventLoopTask
    self.doEvents()
  File "C:\Panda3D-1.11.0-x64\direct\showbase\EventManager.py", line 43, in doEvents
    processFunc(dequeueFunc())
  File "C:\Panda3D-1.11.0-x64\direct\showbase\EventManager.py", line 99, in processEvent
    messenger.send(eventName, paramList)
  File "C:\Panda3D-1.11.0-x64\direct\showbase\Messenger.py", line 333, in send
    self.__dispatch(acceptorDict, event, sentArgs, foundWatch)
  File "C:\Panda3D-1.11.0-x64\direct\showbase\Messenger.py", line 418, in __dispatch
    result = method (*(extraArgs + sentArgs))
  File "toontown\toonbase\ToonBase.py", line 187, in windowEvent
    OTPBase.OTPBase.windowEvent(self, win)
  File "C:\Panda3D-1.11.0-x64\direct\showbase\ShowBase.py", line 2791, in windowEvent
    self.userExit()
  File "toontown\toonbase\ToonBase.py", line 422, in userExit
    self.cr.loginFSM.request('shutdown')
  File "C:\Panda3D-1.11.0-x64\direct\fsm\ClassicFSM.py", line 281, in request
    exitArgList)
  File "C:\Panda3D-1.11.0-x64\direct\fsm\ClassicFSM.py", line 227, in __transition
    self.__exitCurrent(exitArgList)
  File "C:\Panda3D-1.11.0-x64\direct\fsm\ClassicFSM.py", line 185, in __exitCurrent
    self.__currentState.exit(argList)
  File "C:\Panda3D-1.11.0-x64\direct\fsm\State.py", line 213, in exit
    self.__exitFunc(*argList)
  File "toontown\distributed\ToontownClientRepository.py", line 430, in exitPlayingGame
    base.localAvatar.deleteOrDelay()
  File "C:\Panda3D-1.11.0-x64\direct\distributed\DistributedObject.py", line 201, in deleteOrDelay
    self.disableAnnounceAndDelete()
  File "C:\Panda3D-1.11.0-x64\direct\distributed\DistributedObject.py", line 204, in disableAnnounceAndDelete
    self.disableAndAnnounce()
  File "C:\Panda3D-1.11.0-x64\direct\distributed\DistributedObject.py", line 230, in disableAndAnnounce
    self.disable()
  File "toontown\toon\LocalToon.py", line 256, in disable
    self.book.unload()
  File "toontown\shtiker\ShtikerBook.py", line 150, in unload
    page.unload()
  File "toontown\shtiker\SuitPage.py", line 240, in unload
    shadow.removeNode()
AssertionError: _error_type != ET_not_found at line 592 of panda/src/pgraph/nodePath.cxx
