

Starting Toontown Online...
Current time: Wed Oct 19 22:02:24 2022 Eastern Standard Time
sys.path =  ['', 'C:\\Toontown-Last-Laff-Workspace\\src\\Panda3D-1.11.0-x64\\python\\python27.zip', 'C:\\Panda3D-1.10.12-x64', 'C:\\Toontown-Last-Laff-Workspace\\src\\Panda3D-1.11.0-x64\\python\\DLLs', 'C:\\Toontown-Last-Laff-Workspace\\src\\Panda3D-1.11.0-x64\\python\\lib', 'C:\\Toontown-Last-Laff-Workspace\\src\\Panda3D-1.11.0-x64\\python\\lib\\plat-win', 'C:\\Toontown-Last-Laff-Workspace\\src\\Panda3D-1.11.0-x64\\python\\lib\\lib-tk', 'C:\\Toontown-Last-Laff-Workspace\\src\\Panda3D-1.11.0-x64\\python', 'C:\\Toontown-Last-Laff-Workspace\\src\\Panda3D-1.11.0-x64', 'C:\\Toontown-Last-Laff-Workspace\\src\\Panda3D-1.11.0-x64\\bin', 'C:\\Toontown-Last-Laff-Workspace\\src\\Panda3D-1.11.0-x64\\python\\lib\\site-packages']
sys.argv =  ['C:\\Toontown-Last-Laff-Workspace\\src\\toontown\\launcher\\TTOffQuickStartLauncher.py']
generating standard configrc
os.environ =  {'TMP': 'C:\\Users\\theph\\AppData\\Local\\Temp', 'COMPUTERNAME': 'DESKTOP-7054VC9', 'USERDOMAIN': 'DESKTOP-7054VC9', 'NEKO_INSTPATH': 'C:\\HaxeToolkit\\neko', 'INTEL_DEV_REDIST': 'C:\\Program Files (x86)\\Common Files\\Intel\\Shared Libraries\\', 'PSMODULEPATH': 'C:\\Program Files\\WindowsPowerShell\\Modules;C:\\WINDOWS\\system32\\WindowsPowerShell\\v1.0\\Modules', 'COMMONPROGRAMFILES': 'C:\\Program Files\\Common Files', 'PROCESSOR_IDENTIFIER': 'Intel64 Family 6 Model 158 Stepping 13, GenuineIntel', 'PROGRAMFILES': 'C:\\Program Files', 'PROCESSOR_REVISION': '9e0d', 'PATH': 'C:\\Toontown-Last-Laff-Workspace\\src\\Panda3D-1.11.0-x64\\panda3d\\..\\bin;C:\\Program Files (x86)\\Common Files\\Intel\\Shared Libraries\\redist\\intel64_win\\compiler;C:\\Program Files (x86)\\NVIDIA Corporation\\PhysX\\Common;C:\\Program Files\\Python38\\Scripts\\;C:\\Program Files\\Python38\\;C:\\WINDOWS\\system32;C:\\WINDOWS;C:\\WINDOWS\\System32\\Wbem;C:\\WINDOWS\\System32\\WindowsPowerShell\\v1.0\\;C:\\WINDOWS\\System32\\OpenSSH\\;C:\\Program Files\\NVIDIA Corporation\\NVIDIA NvDLISR;C:\\Program Files\\dotnet\\;C:\\Users\\theph\\AppData\\Local\\Programs\\Python\\Python39;C:\\Users\\theph\\AppData\\Local\\Programs\\Python\\Python39\\Scripts;C:\\Program Files\\Common Files\\Autodesk Shared\\;C:\\Program Files\\Git\\cmd;C:\\Program Files (x86)\\Windows Live\\Shared;C:\\HaxeToolkit\\haxe;C:\\HaxeToolkit\\neko;C:\\Program Files\\Microsoft SQL Server\\150\\Tools\\Binn\\;C:\\Program Files\\Microsoft SQL Server\\Client SDK\\ODBC\\170\\Tools\\Binn\\;C:\\Users\\theph\\AppData\\Local\\Microsoft\\WindowsApps;C:\\Users\\theph\\.dotnet\\tools;C:\\Program Files\\JetBrains\\PyCharm Community Edition 2020.3.3\\bin;C:\\Users\\theph\\AppData\\Local\\atom\\bin;C:\\Users\\theph\\AppData\\Local\\GitHubDesktop\\bin;C:\\Panda3D-1.9.0-x64\\python;C:\\Panda3D-1.9.0-x64\\python\\Scripts;C:\\Panda3D-1.9.0-x64\\bin;C:\\Panda3D-1.9.0\\python;C:\\Panda3D-1.9.0\\python\\Scripts;C:\\Panda3D-1.9.0\\bin;C:\\Panda3D-1.10.0\\python;C:\\Panda3D-1.10.0\\python\\Scripts;C:\\Panda3D-1.10.0\\bin;C:\\Program Files\\JetBrains\\PyCharm Community Edition 2022.2.2\\bin;;C:\\Users\\theph\\AppData\\Local\\Programs\\Microsoft VS Code\\bin;C:\\Panda3D-1.11.0\\python;C:\\Panda3D-1.11.0\\python\\Scripts;C:\\Panda3D-1.11.0\\bin;C:\\Users\\theph\\.dotnet\\tools;C:\\Panda3D-1.10.11-x64\\python;C:\\Panda3D-1.10.11-x64\\python\\Scripts;C:\\Panda3D-1.10.11-x64\\bin;C:\\Panda3D-1.11.0-x64\\python;C:\\Panda3D-1.11.0-x64\\python\\Scripts;C:\\Panda3D-1.11.0-x64\\bin;C:\\EventHorizon-battle-ng-teaser\\dependencies\\panda\\python;C:\\EventHorizon-battle-ng-teaser\\dependencies\\panda\\python\\Scripts;C:\\EventHorizon-battle-ng-teaser\\depe', 'SYSTEMROOT': 'C:\\WINDOWS', 'PROGRAMFILES(X86)': 'C:\\Program Files (x86)', 'COMSPEC': 'C:\\WINDOWS\\system32\\cmd.exe', 'DRIVERDATA': 'C:\\Windows\\System32\\Drivers\\DriverData', 'PPYTHON_PATH': '"Panda3D-1.11.0-x64\\python\\ppython.exe"', 'TEMP': 'C:\\Users\\theph\\AppData\\Local\\Temp', 'FPS_BROWSER_APP_PROFILE_STRING': 'Internet Explorer', 'COMMONPROGRAMFILES(X86)': 'C:\\Program Files (x86)\\Common Files', 'PROCESSOR_ARCHITECTURE': 'AMD64', 'ALLUSERSPROFILE': 'C:\\ProgramData', 'LOCALAPPDATA': 'C:\\Users\\theph\\AppData\\Local', 'FPS_BROWSER_USER_PROFILE_STRING': 'Default', 'HOMEPATH': '\\Users\\theph', 'USERDOMAIN_ROAMINGPROFILE': 'DESKTOP-7054VC9', 'PROGRAMW6432': 'C:\\Program Files', 'USERNAME': 'theph', 'LOGONSERVER': '\\\\DESKTOP-7054VC9', 'PROMPT': '$P$G', 'SESSIONNAME': 'Console', 'PROGRAMDATA': 'C:\\ProgramData', 'ONEDRIVE': 'C:\\Users\\theph\\OneDrive', 'ADSK_3DSMAX_X64_2019': 'C:\\Program Files\\Autodesk\\3ds Max 2019\\', 'ZES_ENABLE_SYSMAN': '1', 'HAXEPATH': 'C:\\HaxeToolkit\\haxe', 'PATHEXT': '.COM;.EXE;.BAT;.CMD;.VBS;.VBE;.JS;.JSE;.WSF;.WSH;.MSC;.PY;.PYW', 'TTOFF_LOGIN_TOKEN': 'dev', 'WINDIR': 'C:\\WINDOWS', 'PYCHARM COMMUNITY EDITION': 'C:\\Program Files\\JetBrains\\PyCharm Community Edition 2022.2.2\\bin;', 'HOMEDRIVE': 'C:', 'SYSTEMDRIVE': 'C:', 'PUBLIC': 'C:\\Users\\Public', 'NUMBER_OF_PROCESSORS': '16', 'APPDATA': 'C:\\Users\\theph\\AppData\\Roaming', 'PROCESSOR_LEVEL': '6', 'COMMONPROGRAMW6432': 'C:\\Program Files\\Common Files', 'OS': 'Windows_NT', 'ADSK_CLM_WPAD_PROXY_CHECK': 'FALSE', 'USERPROFILE': 'C:\\Users\\theph'}
:10-19-2022 22:02:24 TTOffLauncher: isTestServer: 0
:10-19-2022 22:02:24 TTOffLauncher: Game Server 127.0.0.1
:10-19-2022 22:02:24 TTOffLauncher: Starting Toontown Online... 
:10-19-2022 22:02:24 TTOffLauncher: foreground: Launcher now operating in foreground
useTTOffSpecificLogin=True
:10-19-2022 22:02:24 TTOffLauncher: maybeStartGame: starting game
:10-19-2022 22:02:24 TTOffLauncher: Starting Toontown Online...
:10-19-2022 22:02:24 TTOffLauncher: background: Launcher now operating in background
ToontownStart: Polling for game2 to finish...
ToontownStart: Game2 is finished.
ToontownStart: Starting the game.
ToontownStart: setting default font
:10-19-2022 22:02:24 TTOffLauncher: setting panda error code to 7
Known pipe types:
  wglGraphicsPipe
(all display modules loaded.)
:10-19-2022 22:02:24 ToonBase: Default graphics pipe is wglGraphicsPipe (OpenGL).
:10-19-2022 22:02:25 :display(warning): FrameBufferProperties available less than requested.
  requested: depth_bits=24 color_bits=3 red_bits=1 green_bits=1 blue_bits=1 alpha_bits=1 multisamples=70 back_buffers=1 force_hardware 
  got: depth_bits=24 color_bits=24 red_bits=8 green_bits=8 blue_bits=8 alpha_bits=8 accum_bits=64 multisamples=16 back_buffers=1 force_hardware 
:10-19-2022 22:02:25 ToonBase: Successfully opened window of type wglGraphicsWindow (OpenGL)
:10-19-2022 22:02:25 ShowBase: __dev__ == False
:10-19-2022 22:02:25 TTOffLauncher: setting panda error code to 11
:10-19-2022 22:02:25 TTOffLauncher: setting panda error code to 0
ToontownStart: Loading default gui sounds
ToontownStart: serverVersion:  tto-dev
:10-19-2022 22:02:25 Loader: starting bulk load of block 'init'
:10-19-2022 22:02:26 :nativenet(error): Buffered_DatagramConnection Constructor rbufsize = 4096000 wbufsize = 4096000 write_flush_point = 1400
:10-19-2022 22:02:26 OTPClientRepository: Using connect method 'http'
:10-19-2022 22:02:26 TTOffLauncher: getRegistry ('DEPLOYMENT', None)
:10-19-2022 22:02:26 TTOffLauncher: checking env
:10-19-2022 22:02:26 TTOffLauncher: getRegistry ('GAME_DEPLOYMENT', None)
:10-19-2022 22:02:26 TTOffLauncher: checking env
:10-19-2022 22:02:26 OTPClientRepository: reg_deployment=
:10-19-2022 22:02:26 OTPClientRepository: required-login auto.
:10-19-2022 22:02:26 OTPClientRepository: loginInterface: LoginTTOffAccount
:10-19-2022 22:02:26 TTOffLauncher: getNeedPwForSecretKey using ttoff-specific-login
:10-19-2022 22:02:26 Loader: At end of block 'init', expected 138, loaded 5, duration=1.1335211
:10-19-2022 22:02:26 OTPClientRepository: Connecting to gameserver directly (no proxy).
:10-19-2022 22:02:26 OTPClientRepository: Connecting to //127.0.0.1:7198 via HTTP interface.
:10-19-2022 22:02:26 TTOffLauncher: Stopping mini task manager.
:10-19-2022 22:02:26 OTPClientRepository: Successfully connected to //127.0.0.1:7198.
:10-19-2022 22:02:26 TTOffLauncher: Setting Disconnect Details normal
{402000001: <toontown.distributed.ToontownDistrict.ToontownDistrict instance at 0x000000001F830D88>}
:10-19-2022 22:02:28 StateData: AvatarChooser.enter
:10-19-2022 22:02:28 DisplayOptions: settingsFullScreen = False, embedded = False width=800 height=600
:10-19-2022 22:02:28 StateData: calling self.displayOptions.restrictToEmbedded(False)
:10-19-2022 22:02:30 OTPClientRepository: ================
:10-19-2022 22:02:30 OTPClientRepository: Chose avatar id: 100000002
:10-19-2022 22:02:30 OTPClientRepository: Chose avatar name: Prince Bert Whiskerfuddy
:10-19-2022 22:02:30 OTPClientRepository: Chose avatar dna: ('dls', 'ls', 'l', 'm', 20, 0, 20, 20, 1, 0, 1, 0, 1, 14)
:10-19-2022 22:02:30 OTPClientRepository: Chose avatar position: 4
:10-19-2022 22:02:30 OTPClientRepository: isPaid: 1
:10-19-2022 22:02:30 OTPClientRepository: freeTimeLeft: 0
:10-19-2022 22:02:30 OTPClientRepository: allowSecretChat: True
:10-19-2022 22:02:30 OTPClientRepository: ================
:10-19-2022 22:02:31 Loader: starting bulk load of block 'localAvatarPlayGame'
:10-19-2022 22:02:31 ToontownTimeManager(warning): error parsing date string=
local
:10-19-2022 22:02:31 NewsPageButtonManager(warning): Should not get here. NewsPageButtonManager.exitOff
:10-19-2022 22:02:31 :pnmimage:png(warning): iCCP: known incorrect sRGB profile
:10-19-2022 22:02:33 OTPClientRepository: Entering shard 402000001
:10-19-2022 22:02:33 StreetSign: Street sign url is https://ttoffline.com/images/
:10-19-2022 22:02:34 TimeManager: Clock sync: TimeManager.announceGenerate
:10-19-2022 22:02:34 NewsManager: setHolidayId: Starting Holiday 26
:10-19-2022 22:02:34 NewsManager: setHolidayId: Starting Holiday 7
:10-19-2022 22:02:34 InGameNewsMgr: latestIssue=2013-08-22 16:49:46.000003-07:00
cpu info: GenuineIntel|Intel(R) Core(TM) i9-9900K CPU @ 3.60GHz|591597|0|3.600,3.600|8,16 cpus
:10-19-2022 22:02:35 OTPClientRepository: No sync from TimeManager.
:10-19-2022 22:02:35 OTPClientRepository: gotTimeSync
:10-19-2022 22:02:35 Loader: At end of block 'localAvatarPlayGame', expected 400, loaded 14, duration=4.3031948
:10-19-2022 22:02:35 TimeManager: Clock sync roundtrip took 1165.290 ms
:10-19-2022 22:02:35 TimeManager: AI time delta is -0:01 from server delta
:10-19-2022 22:02:35 TimeManager: Local clock uncertainty +/- 0.583 s
:10-19-2022 22:02:35 PlayGame: QA-REGRESSION: NEIGHBORHOODS: Visit Daisy Gardens
:10-19-2022 22:02:35 Loader: starting bulk load of block 'hood'
:10-19-2022 22:02:36 OTPClientRepository: Sending heartbeat mid-frame.
:10-19-2022 22:02:37 DistributedObject(warning): no loader.getInteractiveProp self.interactiveProp is None
:10-19-2022 22:02:37 Actor(warning): no part named head-front*!
:10-19-2022 22:02:37 DistributedToon: calling LocalAvatar.startchat
:10-19-2022 22:02:37 Loader: At end of block 'hood', expected 11, loaded 8, duration=1.8040998
:10-19-2022 22:02:38 Teleport(debug): teleportInDone: walk
:10-19-2022 22:02:39 ShtikerBook: QA-REGRESSION: SHTICKERBOOK: Open
OnscreenText.configure: mayChange == 0
OnscreenText.configure: mayChange == 0
OnscreenText.configure: mayChange == 0
OnscreenText.configure: mayChange == 0
:10-19-2022 22:02:40 ShtikerBook: QA-REGRESSION: SHTICKERBOOK: Close
:10-19-2022 22:02:45 Playground: Unloading Place (5000). Fsm in final
:10-19-2022 22:02:46 PlayGame: QA-REGRESSION: NEIGHBORHOODS: Visit Sellbot HQ
:10-19-2022 22:02:46 Loader: starting bulk load of block 'hood'
:10-19-2022 22:02:46 TownBattleSuitPanel: Loading Suit Battle Panel!
:10-19-2022 22:02:46 TownBattleSuitPanel: Loading Suit Battle Panel!
:10-19-2022 22:02:46 TownBattleSuitPanel: Loading Suit Battle Panel!
:10-19-2022 22:02:46 TownBattleSuitPanel: Loading Suit Battle Panel!
:10-19-2022 22:02:46 SellbotCogHQLoader: loadPlaceGeom: 11000
:10-19-2022 22:02:46 DistributedObject: DistributedSuitPlanner 402002950: generating
:10-19-2022 22:02:46 DistributedToon: calling LocalAvatar.startchat
:10-19-2022 22:02:46 :loader(error): Couldn't load file phase_4/models/questmap/cog_hq_sellbot_maps.bam: not found on model path (currently: "/;/c/Toontown-Last-Laff-Workspace/src/toontown/launcher;/c/Toontown-Last-Laff-Workspace/src/Panda3D-1.11.0-x64/etc/..;/c/Toontown-Last-Laff-Workspace/src/Panda3D-1.11.0-x64/etc/../models")
:10-19-2022 22:02:46 Loader: At end of block 'hood', expected 43, loaded 1, duration=0.4919789
:10-19-2022 22:02:47 Teleport(debug): teleportInDone: walk
:10-19-2022 22:02:47 :loader(error): Couldn't load file phase_4/models/questmap/cog_hq_sellbot_maps.bam: not found on model path (currently: "/;/c/Toontown-Last-Laff-Workspace/src/toontown/launcher;/c/Toontown-Last-Laff-Workspace/src/Panda3D-1.11.0-x64/etc/..;/c/Toontown-Last-Laff-Workspace/src/Panda3D-1.11.0-x64/etc/../models")
:10-19-2022 22:02:51 TTOffMagicWordManager: Run mode has been toggled.
:10-19-2022 22:02:56 SellbotCogHQLoader: loadPlaceGeom: 11200
:10-19-2022 22:02:56 SellbotHQExterior: Unloading Place (11000). Fsm in final
:10-19-2022 22:02:56 DistributedObject: DistributedSuitPlanner 402002950: disabling
:10-19-2022 22:02:56 DistributedObject: DistributedSuitPlanner 402002951: generating
:10-19-2022 22:02:56 DistributedToon: calling LocalAvatar.startchat
:10-19-2022 22:02:56 :loader(error): Couldn't load file phase_4/models/questmap/cog_hq_sellbot_maps.bam: not found on model path (currently: "/;/c/Toontown-Last-Laff-Workspace/src/toontown/launcher;/c/Toontown-Last-Laff-Workspace/src/Panda3D-1.11.0-x64/etc/..;/c/Toontown-Last-Laff-Workspace/src/Panda3D-1.11.0-x64/etc/../models")
:10-19-2022 22:02:59 :loader(error): Couldn't load file phase_4/models/questmap/cog_hq_sellbot_maps.bam: not found on model path (currently: "/;/c/Toontown-Last-Laff-Workspace/src/toontown/launcher;/c/Toontown-Last-Laff-Workspace/src/Panda3D-1.11.0-x64/etc/..;/c/Toontown-Last-Laff-Workspace/src/Panda3D-1.11.0-x64/etc/../models")
:10-19-2022 22:03:21 SellbotCogHQLoader: loadPlaceGeom: 61105
:10-19-2022 22:03:21 SellbotCogHQLoader(warning): loadPlaceGeom: unclassified zone 61100
:10-19-2022 22:03:21 FactoryExterior: Unloading Place (11200). Fsm in final
:10-19-2022 22:03:21 DistributedObject: DistributedSuitPlanner 402002951: disabling
:10-19-2022 22:03:21 TimeManager: Clock sync: DistributedLevel.generate
:10-19-2022 22:03:21 Loader: starting bulk load of block 'factory'
:10-19-2022 22:03:22 Loader: loader.loadModelCopy() is deprecated; use loader.loadModel() instead.
:10-19-2022 22:03:22 Loader: loader.loadModelCopy() is deprecated; use loader.loadModel() instead.
:10-19-2022 22:03:22 Loader: loader.loadModelCopy() is deprecated; use loader.loadModel() instead.
:10-19-2022 22:03:22 Loader: loader.loadModelCopy() is deprecated; use loader.loadModel() instead.
:10-19-2022 22:03:22 Loader: loader.loadModelCopy() is deprecated; use loader.loadModel() instead.
:10-19-2022 22:03:22 Loader: loader.loadModelCopy() is deprecated; use loader.loadModel() instead.
:10-19-2022 22:03:22 Loader: loader.loadModelCopy() is deprecated; use loader.loadModel() instead.
:10-19-2022 22:03:22 Loader: loader.loadModelCopy() is deprecated; use loader.loadModel() instead.
:10-19-2022 22:03:22 Loader: loader.loadModelCopy() is deprecated; use loader.loadModel() instead.
:10-19-2022 22:03:22 Loader: loader.loadModelCopy() is deprecated; use loader.loadModel() instead.
:10-19-2022 22:03:22 Loader: loader.loadModelCopy() is deprecated; use loader.loadModel() instead.
:10-19-2022 22:03:22 Loader: loader.loadModelCopy() is deprecated; use loader.loadModel() instead.
:10-19-2022 22:03:22 Loader: At end of block 'factory', expected 496, loaded 3, duration=0.8006957
:10-19-2022 22:03:22 DistributedToon: calling LocalAvatar.startchat
:10-19-2022 22:03:22 TimeManager: Clock sync roundtrip took 809.954 ms
:10-19-2022 22:03:22 TimeManager: AI time delta is -0:01 from server delta
:10-19-2022 22:03:22 ClockDelta: previous delta at -248.945 s, +/- 0.596 s.
:10-19-2022 22:03:22 ClockDelta: new delta at -249.126 s, +/- 0.405 s.
:10-19-2022 22:03:22 ClockDelta: intersection at -249.126 s, +/- 0.405 s.
:10-19-2022 22:03:22 TimeManager: Local clock uncertainty +/- 0.405 s
:10-19-2022 22:03:23 Teleport(debug): teleportInDone: walk
doors enter state 1
openInnerDoors
openInnerDoors
openInnerDoors stage Two
:10-19-2022 22:03:40 ToonBase: User closed main window.
:10-19-2022 22:03:40 TimeManager: Client disconnect reason 2.
:10-19-2022 22:03:40 Entity(warning): Entity 20048 destroyed after level??
:10-19-2022 22:03:40 Entity(warning): Entity 30077 destroyed after level??
:10-19-2022 22:03:40 Entity(warning): Entity 30000 destroyed after level??
:10-19-2022 22:03:40 Entity(warning): Entity 30009 destroyed after level??
:10-19-2022 22:03:40 Entity(warning): Entity 20052 destroyed after level??
:10-19-2022 22:03:40 DistributedGoon(warning): called actor.removeNode() on DistributedGoon-20052 without calling cleanup()
:10-19-2022 22:03:40 Entity(warning): Entity 30040 destroyed after level??
:10-19-2022 22:03:40 Entity(warning): Entity 30076 destroyed after level??
:10-19-2022 22:03:40 FactoryInterior: Unloading Place (11500). Fsm in final
:10-19-2022 22:03:40 OTPClientRepository(warning): unclean exit, abandoning shard
ignoring InputState-forward
:10-19-2022 22:03:40 OTPClientRepository: sending clientLogout
:10-19-2022 22:03:40 LocalAvatar(warning): redundant call to stopUpdateSmartCamera
:10-19-2022 22:03:40 OTPClientRepository: Sent disconnect message to server
:10-19-2022 22:03:40 OTPClientRepository: Closing connection to server.
:10-19-2022 22:03:40 OTPClientRepository: Exiting cleanly
:10-19-2022 22:03:40 ToonBase: Exiting Toontown: errorCode = None
:10-19-2022 22:03:40 TTOffLauncher: setting panda error code to 0
:10-19-2022 22:03:40 TTOffLauncher: Normal exit.
