

Starting Toontown Online...
Current time: Sun Nov  6 15:15:10 2022 Eastern Standard Time
sys.path =  ['', 'C:\\Toontown-Last-Laff-Workspace-10-21-2022\\src\\Panda3D-1.11.0-x64\\python\\python27.zip', 'C:\\Panda3D-1.11.0-x64', 'C:\\Toontown-Last-Laff-Workspace-10-21-2022\\src\\Panda3D-1.11.0-x64\\python\\DLLs', 'C:\\Toontown-Last-Laff-Workspace-10-21-2022\\src\\Panda3D-1.11.0-x64\\python\\lib', 'C:\\Toontown-Last-Laff-Workspace-10-21-2022\\src\\Panda3D-1.11.0-x64\\python\\lib\\plat-win', 'C:\\Toontown-Last-Laff-Workspace-10-21-2022\\src\\Panda3D-1.11.0-x64\\python\\lib\\lib-tk', 'C:\\Toontown-Last-Laff-Workspace-10-21-2022\\src\\Panda3D-1.11.0-x64\\python', 'C:\\Toontown-Last-Laff-Workspace-10-21-2022\\src\\Panda3D-1.11.0-x64', 'C:\\Toontown-Last-Laff-Workspace-10-21-2022\\src\\Panda3D-1.11.0-x64\\bin', 'C:\\Toontown-Last-Laff-Workspace-10-21-2022\\src\\Panda3D-1.11.0-x64\\python\\lib\\site-packages']
sys.argv =  ['C:\\Toontown-Last-Laff-Workspace-10-21-2022\\src\\toontown\\launcher\\TTOffQuickStartLauncher.py']
generating standard configrc
os.environ =  {'TMP': 'C:\\Users\\Philip\\AppData\\Local\\Temp', 'COMPUTERNAME': 'PHILIP-JR', 'USERDOMAIN': 'PHILIP-JR', 'NEKO_INSTPATH': 'C:\\HaxeToolkit\\neko', 'PSMODULEPATH': 'C:\\WINDOWS\\system32\\WindowsPowerShell\\v1.0\\Modules\\', 'DOKANLIBRARY1': 'C:\\Program Files\\Dokan\\Dokan Library-1.4.1\\', 'ADSK_3DSMAX_X64_2021': 'C:\\Program Files\\Autodesk\\3ds Max 2021\\', 'PROCESSOR_IDENTIFIER': 'Intel64 Family 6 Model 45 Stepping 7, GenuineIntel', 'LOGONSERVER': '\\\\MicrosoftAccount', 'VBOX_MSI_INSTALL_PATH': 'C:\\Program Files\\Oracle\\VirtualBox\\', 'PROGRAMFILES': 'C:\\Program Files', 'PROCESSOR_REVISION': '2d07', 'PATH': 'C:\\Toontown-Last-Laff-Workspace-10-21-2022\\src\\Panda3D-1.11.0-x64\\panda3d\\..\\bin;C:\\Program Files (x86)\\Common Files\\Oracle\\Java\\javapath;C:\\Windows\\system32;C:\\Windows;C:\\Windows\\System32\\Wbem;C:\\Windows\\System32\\WindowsPowerShell\\v1.0\\;C:\\Program Files (x86)\\NVIDIA Corporation\\PhysX\\Common;C:\\Program Files\\Git\\cmd;C:\\WINDOWS\\system32;C:\\WINDOWS;C:\\WINDOWS\\System32\\Wbem;C:\\WINDOWS\\System32\\WindowsPowerShell\\v1.0\\;C:\\Program Files\\dotnet\\;C:\\Program Files\\Common Files\\Autodesk Shared\\;C:\\Program Files\\Microsoft SQL Server\\120\\Tools\\Binn\\;C:\\HaxeToolkit\\haxe;C:\\HaxeToolkit\\neko;C:\\Program Files\\Animation Paper\\gstreamer\\bin;C:\\Program Files\\PuTTY\\;C:\\Program Files\\NVIDIA Corporation\\NVIDIA NvDLISR;C:\\Program Files (x86)\\Windows Live\\Shared;C:\\HaxeToolkit\\haxe;C:\\HaxeToolkit\\neko;C:\\Program Files (x86)\\Windows Kits\\8.1\\Windows Performance Toolkit\\;C:\\Users\\Philip\\anaconda3;C:\\Users\\Philip\\anaconda3\\Library\\mingw-w64\\bin;C:\\Users\\Philip\\anaconda3\\Library\\usr\\bin;C:\\Users\\Philip\\anaconda3\\Library\\bin;C:\\Users\\Philip\\anaconda3\\Scripts;C:\\Program Files\\MySQL\\MySQL Shell 8.0\\bin\\;C:\\Panda3D-1.10.02\\python;C:\\Panda3D-1.10.02\\python\\Scripts;C:\\Panda3D-1.10.02\\bin;C:\\Panda3D-1.11.0-x64-py2\\python;C:\\Panda3D-1.11.0-x64-py2\\python\\Scripts;C:\\Panda3D-1.11.0-x64-py2\\bin;C:\\Users\\Philip\\AppData\\Local\\GitHubDesktop\\bin;C:\\Panda3D-1.9.0\\python;C:\\Panda3D-1.9.0\\python\\Scripts;C:\\Panda3D-1.9.0\\bin;C:\\Panda3D-1.10.0-x64\\python;C:\\Panda3D-1.10.0-x64\\python\\Scripts;C:\\Panda3D-1.10.0-x64\\bin;C:\\Users\\Philip\\AppData\\Local\\atom\\bin;C:\\Panda3D-1.10.0\\python;C:\\Panda3D-1.10.0\\python\\Scripts;C:\\Panda3D-1.10.0\\bin;C:\\Panda3D-1.11.0-x64-astron\\python;C:\\Panda3D-1.11.0-x64-astron\\python\\Scripts;C:\\Panda3D-1.11.0-x64-astron\\bin;C:\\Panda3D-1.11.0-x64\\python;C:\\Panda3D-1.11.0-x64\\python\\Scripts;C:\\Panda3D-1.11.0-x64\\bin;C:\\Panda3D-1.10.9-x64\\python;C:\\Panda3D-1.10.9-x64\\python\\Scrip;C:\\Users\\Philip\\AppData\\Local\\Programs\\Microsoft VS Code\\bin;C:\\Users\\Philip\\.dotnet\\tools;%C:\\Program Files (x86)\\Windows Kits\\8.1\\bin\\x86\\rc.exe%;%C:\\Program Files (x86)\\Microsoft Visual Studio\\2019\\BuildTools\\Common7\\IDE%;C:\\Program Files\\JetBrains\\PyCharm Community Edition 2022.2.3\\bin;', 'SYSTEMROOT': 'C:\\WINDOWS', 'NUMBER_OF_PROCESSORS': '8', 'PROGRAMFILES(X86)': 'C:\\Program Files (x86)', 'COMSPEC': 'C:\\WINDOWS\\system32\\cmd.exe', 'KMP_BLOCKTIME': '0', 'PPYTHON_PATH': '"Panda3D-1.11.0-x64\\python\\ppython.exe"', 'PYCHARM COMMUNITY EDITION': 'C:\\Program Files\\JetBrains\\PyCharm Community Edition 2022.2.3\\bin;', 'COMMONPROGRAMFILES(X86)': 'C:\\Program Files (x86)\\Common Files', 'PROCESSOR_ARCHITECTURE': 'AMD64', 'DOKANLIBRARY1_LIBRARYPATH_X64': 'C:\\Program Files\\Dokan\\Dokan Library-1.4.1\\lib\\', 'ALLUSERSPROFILE': 'C:\\ProgramData', 'LOCALAPPDATA': 'C:\\Users\\Philip\\AppData\\Local', 'HOMEPATH': '\\Users\\Philip', 'USERDOMAIN_ROAMINGPROFILE': 'PHILIP-JR', 'PROGRAMW6432': 'C:\\Program Files', 'USERNAME': 'Philip', 'FP_NO_HOST_CHECK': 'NO', 'DOKANLIBRARY1_LIBRARYPATH_X86': 'C:\\Program Files\\Dokan\\Dokan Library-1.4.1\\x86\\lib\\', 'THIRDPARTY': 'C:\\thirdparty', 'PROMPT': '$P$G', 'SESSIONNAME': 'Console', 'PROGRAMDATA': 'C:\\ProgramData', 'COMMONPROGRAMFILES': 'C:\\Program Files\\Common Files', 'TEMP': 'C:\\Users\\Philip\\AppData\\Local\\Temp', 'HAXEPATH': 'C:\\HaxeToolkit\\haxe', 'PATHEXT': '.COM;.EXE;.BAT;.CMD;.VBS;.VBE;.JS;.JSE;.WSF;.WSH;.MSC', 'TTOFF_LOGIN_TOKEN': 'dev', 'VS160COMCOMNTOOLS': 'C:\\Program Files (x86)\\Microsoft Visual Studio\\2019\\Community\\Common7\\Tools\\', 'WINDIR': 'C:\\WINDOWS', 'OMP_WAIT_POLICY': 'PASSIVE', 'MONGO': 'C:\\mongodb-win32-x86_64-windows-4.4.4/bin', 'HOMEDRIVE': 'C:', 'SYSTEMDRIVE': 'C:', 'PUBLIC': 'C:\\Users\\Public', 'APPDATA': 'C:\\Users\\Philip\\AppData\\Roaming', 'PROCESSOR_LEVEL': '6', 'CIOENGINE': 'C:\\cio-panda3d', 'COMMONPROGRAMW6432': 'C:\\Program Files\\Common Files', 'OS': 'Windows_NT', 'ADSK_CLM_WPAD_PROXY_CHECK': 'FALSE', 'USERPROFILE': 'C:\\Users\\Philip'}
:11-06-2022 15:15:10 TTOffLauncher: isTestServer: 0
:11-06-2022 15:15:10 TTOffLauncher: Game Server 127.0.0.1
:11-06-2022 15:15:10 TTOffLauncher: Starting Toontown Online... 
:11-06-2022 15:15:10 TTOffLauncher: foreground: Launcher now operating in foreground
useTTOffSpecificLogin=True
:11-06-2022 15:15:10 TTOffLauncher: maybeStartGame: starting game
:11-06-2022 15:15:10 TTOffLauncher: Starting Toontown Online...
:11-06-2022 15:15:10 TTOffLauncher: background: Launcher now operating in background
ToontownStart: Polling for game2 to finish...
ToontownStart: Game2 is finished.
ToontownStart: Starting the game.
ToontownStart: setting default font
:11-06-2022 15:15:10 TTOffLauncher: setting panda error code to 7
Known pipe types:
  wglGraphicsPipe
(all display modules loaded.)
:11-06-2022 15:15:11 ToonBase: Default graphics pipe is wglGraphicsPipe (OpenGL).
:11-06-2022 15:15:11 :display(warning): FrameBufferProperties available less than requested.
  requested: depth_bits=24 color_bits=3 red_bits=1 green_bits=1 blue_bits=1 alpha_bits=1 multisamples=70 back_buffers=1 force_hardware 
  got: depth_bits=24 color_bits=24 red_bits=8 green_bits=8 blue_bits=8 alpha_bits=8 accum_bits=64 multisamples=16 back_buffers=1 force_hardware 
:11-06-2022 15:15:11 ToonBase: Successfully opened window of type wglGraphicsWindow (OpenGL)
:11-06-2022 15:15:11 ShowBase: __dev__ == False
:11-06-2022 15:15:11 TTOffLauncher: setting panda error code to 11
:11-06-2022 15:15:11 TTOffLauncher: setting panda error code to 0
ToontownStart: Loading default gui sounds
ToontownStart: serverVersion:  tto-dev
:11-06-2022 15:15:11 Loader: starting bulk load of block 'init'
:11-06-2022 15:15:12 :nativenet(error): Buffered_DatagramConnection Constructor rbufsize = 4096000 wbufsize = 4096000 write_flush_point = 1400
:11-06-2022 15:15:12 OTPClientRepository: Using connect method 'http'
:11-06-2022 15:15:13 TTOffLauncher: getRegistry ('DEPLOYMENT', None)
:11-06-2022 15:15:13 TTOffLauncher: checking env
:11-06-2022 15:15:13 TTOffLauncher: getRegistry ('GAME_DEPLOYMENT', None)
:11-06-2022 15:15:13 TTOffLauncher: checking env
:11-06-2022 15:15:13 OTPClientRepository: reg_deployment=
:11-06-2022 15:15:13 OTPClientRepository: required-login auto.
:11-06-2022 15:15:13 OTPClientRepository: loginInterface: LoginTTOffAccount
:11-06-2022 15:15:13 TTOffLauncher: getNeedPwForSecretKey using ttoff-specific-login
:11-06-2022 15:15:13 Loader: At end of block 'init', expected 138, loaded 9, duration=2.04386248359
:11-06-2022 15:15:13 OTPClientRepository: Connecting to gameserver directly (no proxy).
:11-06-2022 15:15:13 OTPClientRepository: Connecting to //127.0.0.1:7198 via HTTP interface.
:11-06-2022 15:15:13 TTOffLauncher: Stopping mini task manager.
:11-06-2022 15:15:13 OTPClientRepository: Successfully connected to //127.0.0.1:7198.
:11-06-2022 15:15:13 TTOffLauncher: Setting Disconnect Details normal
{402000001: <toontown.distributed.ToontownDistrict.ToontownDistrict instance at 0x0000000017702B08>}
:11-06-2022 15:15:15 StateData: AvatarChooser.enter
:11-06-2022 15:15:15 DisplayOptions: settingsFullScreen = False, embedded = False width=800 height=600
:11-06-2022 15:15:15 StateData: calling self.displayOptions.restrictToEmbedded(False)
:11-06-2022 15:15:17 OTPClientRepository: ================
:11-06-2022 15:15:17 OTPClientRepository: Chose avatar id: 100000001
:11-06-2022 15:15:17 OTPClientRepository: Chose avatar name: Wittybumble
:11-06-2022 15:15:17 OTPClientRepository: Chose avatar dna: ('dss', 'ms', 'm', 'm', 6, 0, 6, 6, 1, 9, 1, 9, 1, 18)
:11-06-2022 15:15:17 OTPClientRepository: Chose avatar position: 1
:11-06-2022 15:15:17 OTPClientRepository: isPaid: 1
:11-06-2022 15:15:17 OTPClientRepository: freeTimeLeft: 0
:11-06-2022 15:15:17 OTPClientRepository: allowSecretChat: True
:11-06-2022 15:15:17 OTPClientRepository: ================
:11-06-2022 15:15:17 Loader: starting bulk load of block 'localAvatarPlayGame'
:11-06-2022 15:15:18 ToontownTimeManager(warning): error parsing date string=
:11-06-2022 15:15:18 Actor(warning): no part named head-front*!
local
:11-06-2022 15:15:18 NewsPageButtonManager(warning): Should not get here. NewsPageButtonManager.exitOff
:11-06-2022 15:15:18 :pnmimage:png(warning): iCCP: known incorrect sRGB profile
:11-06-2022 15:15:20 Actor(warning): no part named head-front*!
:11-06-2022 15:15:21 OTPClientRepository: Entering shard 402000001
:11-06-2022 15:15:21 StreetSign: Street sign url is https://ttoffline.com/images/
:11-06-2022 15:15:22 TimeManager: Clock sync: TimeManager.announceGenerate
:11-06-2022 15:15:22 NewsManager: setHolidayId: Starting Holiday 26
:11-06-2022 15:15:22 InGameNewsMgr: latestIssue=2013-08-22 16:49:46.000003-07:00
cpu info: GenuineIntel|        Intel(R) Core(TM) i7-3820 CPU @ 3.60GHz|132823|0|3.601,3.601|4,8 cpus
:11-06-2022 15:15:23 OTPClientRepository: No sync from TimeManager.
:11-06-2022 15:15:23 OTPClientRepository: gotTimeSync
:11-06-2022 15:15:23 Loader: At end of block 'localAvatarPlayGame', expected 400, loaded 21, duration=6.00829610903
:11-06-2022 15:15:23 OTPClientRepository: Sending heartbeat mid-frame.
:11-06-2022 15:15:23 TimeManager: Clock sync roundtrip took 1234.146 ms
:11-06-2022 15:15:23 TimeManager: AI time delta is -0:01 from server delta
:11-06-2022 15:15:23 TimeManager: Local clock uncertainty +/- 0.617 s
:11-06-2022 15:15:23 PlayGame: QA-REGRESSION: NEIGHBORHOODS: Visit Bossbot HQ
:11-06-2022 15:15:23 Loader: starting bulk load of block 'hood'
:11-06-2022 15:15:33 OTPClientRepository: Sending heartbeat mid-frame.
:11-06-2022 15:15:34 TownBattleSuitPanel: Loading Suit Battle Panel!
:11-06-2022 15:15:34 TownBattleSuitPanel: Loading Suit Battle Panel!
:11-06-2022 15:15:34 TownBattleSuitPanel: Loading Suit Battle Panel!
:11-06-2022 15:15:34 TownBattleSuitPanel: Loading Suit Battle Panel!
:11-06-2022 15:15:34 TownBattleSuitPanel: Loading Suit Battle Panel!
:11-06-2022 15:15:34 TownBattleSuitPanel: Loading Suit Battle Panel!
:11-06-2022 15:15:34 TownBattleSuitPanel: Loading Suit Battle Panel!
:11-06-2022 15:15:34 TownBattleSuitPanel: Loading Suit Battle Panel!
:11-06-2022 15:15:34 :pnmimage:png(warning): Interlace handling should be turned on when using png_read_image
:11-06-2022 15:15:34 BossbotCogHQLoader: loadPlaceGeom: 10000
:11-06-2022 15:15:34 HoodMgr(warning): getPlaygroundCenterFromId: No such hood name as: 10000
:11-06-2022 15:15:35 DistributedToon: calling LocalAvatar.startchat
:11-06-2022 15:15:35 :loader(error): Couldn't load file phase_4/models/questmap/cog_hq_bossbot_maps.bam: not found on model path (currently: "/;/c/Toontown-Last-Laff-Workspace-10-21-2022/src/toontown/launcher;/c/Toontown-Last-Laff-Workspace-10-21-2022/src/Panda3D-1.11.0-x64/etc/..;/c/Toontown-Last-Laff-Workspace-10-21-2022/src/Panda3D-1.11.0-x64/etc/../models")
:11-06-2022 15:15:35 Loader: At end of block 'hood', expected 2, loaded 56, duration=11.650501305
:11-06-2022 15:15:36 Teleport(debug): teleportInDone: walk
:11-06-2022 15:15:36 :loader(error): Couldn't load file phase_4/models/questmap/cog_hq_bossbot_maps.bam: not found on model path (currently: "/;/c/Toontown-Last-Laff-Workspace-10-21-2022/src/toontown/launcher;/c/Toontown-Last-Laff-Workspace-10-21-2022/src/Panda3D-1.11.0-x64/etc/..;/c/Toontown-Last-Laff-Workspace-10-21-2022/src/Panda3D-1.11.0-x64/etc/../models")
:11-06-2022 15:15:45 BossbotCogHQLoader: loadPlaceGeom: 10100
:11-06-2022 15:15:45 BossbotCogHQLoader: QA-REGRESSION: COGHQ: Visit BossbotLobby
:11-06-2022 15:15:45 BossbotHQExterior: Unloading Place (10000). Fsm in final
:11-06-2022 15:15:46 DistributedToon: calling LocalAvatar.startchat
Traceback (most recent call last):
  File "C:\Toontown-Last-Laff-Workspace-10-21-2022\src\Panda3D-1.11.0-x64\direct\distributed\ConnectionRepository.py", line 609, in readerPollUntilEmpty
    while self.readerPollOnce():
  File "C:\Toontown-Last-Laff-Workspace-10-21-2022\src\Panda3D-1.11.0-x64\direct\distributed\ConnectionRepository.py", line 616, in readerPollOnce
    self.handleDatagram(self.private__di)
  File "otp\distributed\OTPClientRepository.py", line 1838, in handleDatagram
    self.handler(msgType, di)
  File "otp\distributed\OTPClientRepository.py", line 1445, in handlePlayGame
    self.handleMessageType(msgType, di)
  File "otp\distributed\OTPClientRepository.py", line 1732, in handleMessageType
    self.gotInterestDoneMessage(di)
  File "otp\distributed\OTPClientRepository.py", line 1759, in gotInterestDoneMessage
    self.handleInterestDoneMessage(di)
  File "C:\Toontown-Last-Laff-Workspace-10-21-2022\src\Panda3D-1.11.0-x64\direct\distributed\DoInterestManager.py", line 621, in handleInterestDoneMessage
    messenger.send(event)
  File "C:\Toontown-Last-Laff-Workspace-10-21-2022\src\Panda3D-1.11.0-x64\direct\showbase\Messenger.py", line 333, in send
    self.__dispatch(acceptorDict, event, sentArgs, foundWatch)
  File "C:\Toontown-Last-Laff-Workspace-10-21-2022\src\Panda3D-1.11.0-x64\direct\showbase\Messenger.py", line 418, in __dispatch
    result = method (*(extraArgs + sentArgs))
  File "toontown\distributed\ToontownClientRepository.py", line 928, in _handleEmuSetZoneDone
    messenger.send(event)
  File "C:\Toontown-Last-Laff-Workspace-10-21-2022\src\Panda3D-1.11.0-x64\direct\showbase\Messenger.py", line 333, in send
    self.__dispatch(acceptorDict, event, sentArgs, foundWatch)
  File "C:\Toontown-Last-Laff-Workspace-10-21-2022\src\Panda3D-1.11.0-x64\direct\showbase\Messenger.py", line 418, in __dispatch
    result = method (*(extraArgs + sentArgs))
  File "toontown\hood\QuietZoneState.py", line 305, in _handleSetZoneComplete
    self.fsm.request('waitForLocalAvatarOnShard')
  File "C:\Toontown-Last-Laff-Workspace-10-21-2022\src\Panda3D-1.11.0-x64\direct\fsm\ClassicFSM.py", line 281, in request
    exitArgList)
  File "C:\Toontown-Last-Laff-Workspace-10-21-2022\src\Panda3D-1.11.0-x64\direct\fsm\ClassicFSM.py", line 228, in __transition
    self.__enter(aState, enterArgList)
  File "C:\Toontown-Last-Laff-Workspace-10-21-2022\src\Panda3D-1.11.0-x64\direct\fsm\ClassicFSM.py", line 214, in __enter
    aState.enter(argList)
  File "C:\Toontown-Last-Laff-Workspace-10-21-2022\src\Panda3D-1.11.0-x64\direct\fsm\State.py", line 202, in enter
    self.__enterFunc(*argList)
  File "toontown\hood\QuietZoneState.py", line 323, in enterWaitForLocalAvatarOnShard
    self._announceDone()
  File "toontown\hood\QuietZoneState.py", line 343, in _announceDone
    messenger.send(doneEvent)
  File "C:\Toontown-Last-Laff-Workspace-10-21-2022\src\Panda3D-1.11.0-x64\direct\showbase\Messenger.py", line 333, in send
    self.__dispatch(acceptorDict, event, sentArgs, foundWatch)
  File "C:\Toontown-Last-Laff-Workspace-10-21-2022\src\Panda3D-1.11.0-x64\direct\showbase\Messenger.py", line 418, in __dispatch
    result = method (*(extraArgs + sentArgs))
  File "toontown\coghq\CogHQLoader.py", line 104, in handleQuietZoneDone
    self.fsm.request(status['where'], [status])
  File "C:\Toontown-Last-Laff-Workspace-10-21-2022\src\Panda3D-1.11.0-x64\direct\fsm\ClassicFSM.py", line 281, in request
    exitArgList)
  File "C:\Toontown-Last-Laff-Workspace-10-21-2022\src\Panda3D-1.11.0-x64\direct\fsm\ClassicFSM.py", line 228, in __transition
    self.__enter(aState, enterArgList)
  File "C:\Toontown-Last-Laff-Workspace-10-21-2022\src\Panda3D-1.11.0-x64\direct\fsm\ClassicFSM.py", line 214, in __enter
    aState.enter(argList)
  File "C:\Toontown-Last-Laff-Workspace-10-21-2022\src\Panda3D-1.11.0-x64\direct\fsm\State.py", line 202, in enter
    self.__enterFunc(*argList)
  File "toontown\coghq\CogHQLoader.py", line 154, in enterCogHQLobby
    self.enterPlace(requestStatus)
  File "toontown\coghq\CogHQLoader.py", line 111, in enterPlace
    self.place.enter(requestStatus)
  File "toontown\coghq\CogHQLobby.py", line 55, in enter
    self.fsm.request(how, [requestStatus])
  File "C:\Toontown-Last-Laff-Workspace-10-21-2022\src\Panda3D-1.11.0-x64\direct\fsm\ClassicFSM.py", line 281, in request
    exitArgList)
  File "C:\Toontown-Last-Laff-Workspace-10-21-2022\src\Panda3D-1.11.0-x64\direct\fsm\ClassicFSM.py", line 228, in __transition
    self.__enter(aState, enterArgList)
  File "C:\Toontown-Last-Laff-Workspace-10-21-2022\src\Panda3D-1.11.0-x64\direct\fsm\ClassicFSM.py", line 214, in __enter
    aState.enter(argList)
  File "C:\Toontown-Last-Laff-Workspace-10-21-2022\src\Panda3D-1.11.0-x64\direct\fsm\State.py", line 202, in enter
    self.__enterFunc(*argList)
  File "toontown\hood\Place.py", line 546, in enterDoorIn
    door.readyToExit()
AttributeError: 'NoneType' object has no attribute 'readyToExit'
:11-06-2022 15:15:46 :task(error): Exception occurred in PythonTask readerPollTask-102486304
:11-06-2022 15:15:46 TTOffLauncher: setting panda error code to 12
:11-06-2022 15:15:46 TTOffLauncher(warning): Handling Python exception.
:11-06-2022 15:15:46 TimeManager: Client disconnect reason 3.
:11-06-2022 15:15:46 TimeManager: Client exception: toontown.hood.Place:546, direct.fsm.State:202, direct.fsm.ClassicFSM:214, direct.fsm.ClassicFSM:228, AttributeError: 'NoneType' object has no attribute 'readyToExit'
:11-06-2022 15:15:46 OTPClientRepository: Sent disconnect message to server
:11-06-2022 15:15:46 OTPClientRepository: Closing connection to server.
:11-06-2022 15:15:46 TTOffLauncher: Exception exit.

Traceback (most recent call last):
  File "otp\launcher\LauncherBase.py", line 1081, in mainLoop
    self._runTaskManager()
  File "otp\launcher\LauncherBase.py", line 1052, in _runTaskManager
    taskMgr.run()
  File "C:\Toontown-Last-Laff-Workspace-10-21-2022\src\Panda3D-1.11.0-x64\direct\task\Task.py", line 528, in run
    self.step()
  File "C:\Toontown-Last-Laff-Workspace-10-21-2022\src\Panda3D-1.11.0-x64\direct\task\Task.py", line 482, in step
    self.mgr.poll()
  File "C:\Toontown-Last-Laff-Workspace-10-21-2022\src\Panda3D-1.11.0-x64\direct\distributed\ConnectionRepository.py", line 609, in readerPollUntilEmpty
    while self.readerPollOnce():
  File "C:\Toontown-Last-Laff-Workspace-10-21-2022\src\Panda3D-1.11.0-x64\direct\distributed\ConnectionRepository.py", line 616, in readerPollOnce
    self.handleDatagram(self.private__di)
  File "otp\distributed\OTPClientRepository.py", line 1838, in handleDatagram
    self.handler(msgType, di)
  File "otp\distributed\OTPClientRepository.py", line 1445, in handlePlayGame
    self.handleMessageType(msgType, di)
  File "otp\distributed\OTPClientRepository.py", line 1732, in handleMessageType
    self.gotInterestDoneMessage(di)
  File "otp\distributed\OTPClientRepository.py", line 1759, in gotInterestDoneMessage
    self.handleInterestDoneMessage(di)
  File "C:\Toontown-Last-Laff-Workspace-10-21-2022\src\Panda3D-1.11.0-x64\direct\distributed\DoInterestManager.py", line 621, in handleInterestDoneMessage
    messenger.send(event)
  File "C:\Toontown-Last-Laff-Workspace-10-21-2022\src\Panda3D-1.11.0-x64\direct\showbase\Messenger.py", line 333, in send
    self.__dispatch(acceptorDict, event, sentArgs, foundWatch)
  File "C:\Toontown-Last-Laff-Workspace-10-21-2022\src\Panda3D-1.11.0-x64\direct\showbase\Messenger.py", line 418, in __dispatch
    result = method (*(extraArgs + sentArgs))
  File "toontown\distributed\ToontownClientRepository.py", line 928, in _handleEmuSetZoneDone
    messenger.send(event)
  File "C:\Toontown-Last-Laff-Workspace-10-21-2022\src\Panda3D-1.11.0-x64\direct\showbase\Messenger.py", line 333, in send
    self.__dispatch(acceptorDict, event, sentArgs, foundWatch)
  File "C:\Toontown-Last-Laff-Workspace-10-21-2022\src\Panda3D-1.11.0-x64\direct\showbase\Messenger.py", line 418, in __dispatch
    result = method (*(extraArgs + sentArgs))
  File "toontown\hood\QuietZoneState.py", line 305, in _handleSetZoneComplete
    self.fsm.request('waitForLocalAvatarOnShard')
  File "C:\Toontown-Last-Laff-Workspace-10-21-2022\src\Panda3D-1.11.0-x64\direct\fsm\ClassicFSM.py", line 281, in request
    exitArgList)
  File "C:\Toontown-Last-Laff-Workspace-10-21-2022\src\Panda3D-1.11.0-x64\direct\fsm\ClassicFSM.py", line 228, in __transition
    self.__enter(aState, enterArgList)
  File "C:\Toontown-Last-Laff-Workspace-10-21-2022\src\Panda3D-1.11.0-x64\direct\fsm\ClassicFSM.py", line 214, in __enter
    aState.enter(argList)
  File "C:\Toontown-Last-Laff-Workspace-10-21-2022\src\Panda3D-1.11.0-x64\direct\fsm\State.py", line 202, in enter
    self.__enterFunc(*argList)
  File "toontown\hood\QuietZoneState.py", line 323, in enterWaitForLocalAvatarOnShard
    self._announceDone()
  File "toontown\hood\QuietZoneState.py", line 343, in _announceDone
    messenger.send(doneEvent)
  File "C:\Toontown-Last-Laff-Workspace-10-21-2022\src\Panda3D-1.11.0-x64\direct\showbase\Messenger.py", line 333, in send
    self.__dispatch(acceptorDict, event, sentArgs, foundWatch)
  File "C:\Toontown-Last-Laff-Workspace-10-21-2022\src\Panda3D-1.11.0-x64\direct\showbase\Messenger.py", line 418, in __dispatch
    result = method (*(extraArgs + sentArgs))
  File "toontown\coghq\CogHQLoader.py", line 104, in handleQuietZoneDone
    self.fsm.request(status['where'], [status])
  File "C:\Toontown-Last-Laff-Workspace-10-21-2022\src\Panda3D-1.11.0-x64\direct\fsm\ClassicFSM.py", line 281, in request
    exitArgList)
  File "C:\Toontown-Last-Laff-Workspace-10-21-2022\src\Panda3D-1.11.0-x64\direct\fsm\ClassicFSM.py", line 228, in __transition
    self.__enter(aState, enterArgList)
  File "C:\Toontown-Last-Laff-Workspace-10-21-2022\src\Panda3D-1.11.0-x64\direct\fsm\ClassicFSM.py", line 214, in __enter
    aState.enter(argList)
  File "C:\Toontown-Last-Laff-Workspace-10-21-2022\src\Panda3D-1.11.0-x64\direct\fsm\State.py", line 202, in enter
    self.__enterFunc(*argList)
  File "toontown\coghq\CogHQLoader.py", line 154, in enterCogHQLobby
    self.enterPlace(requestStatus)
  File "toontown\coghq\CogHQLoader.py", line 111, in enterPlace
    self.place.enter(requestStatus)
  File "toontown\coghq\CogHQLobby.py", line 55, in enter
    self.fsm.request(how, [requestStatus])
  File "C:\Toontown-Last-Laff-Workspace-10-21-2022\src\Panda3D-1.11.0-x64\direct\fsm\ClassicFSM.py", line 281, in request
    exitArgList)
  File "C:\Toontown-Last-Laff-Workspace-10-21-2022\src\Panda3D-1.11.0-x64\direct\fsm\ClassicFSM.py", line 228, in __transition
    self.__enter(aState, enterArgList)
  File "C:\Toontown-Last-Laff-Workspace-10-21-2022\src\Panda3D-1.11.0-x64\direct\fsm\ClassicFSM.py", line 214, in __enter
    aState.enter(argList)
  File "C:\Toontown-Last-Laff-Workspace-10-21-2022\src\Panda3D-1.11.0-x64\direct\fsm\State.py", line 202, in enter
    self.__enterFunc(*argList)
  File "toontown\hood\Place.py", line 546, in enterDoorIn
    door.readyToExit()
AttributeError: 'NoneType' object has no attribute 'readyToExit'
