

Starting Toontown Online...
Current time: Sun Nov  6 15:05:06 2022 Eastern Standard Time
sys.path =  ['', 'C:\\Toontown-Last-Laff-Workspace-10-21-2022\\src\\Panda3D-1.11.0-x64\\python\\python27.zip', 'C:\\Panda3D-1.11.0-x64', 'C:\\Toontown-Last-Laff-Workspace-10-21-2022\\src\\Panda3D-1.11.0-x64\\python\\DLLs', 'C:\\Toontown-Last-Laff-Workspace-10-21-2022\\src\\Panda3D-1.11.0-x64\\python\\lib', 'C:\\Toontown-Last-Laff-Workspace-10-21-2022\\src\\Panda3D-1.11.0-x64\\python\\lib\\plat-win', 'C:\\Toontown-Last-Laff-Workspace-10-21-2022\\src\\Panda3D-1.11.0-x64\\python\\lib\\lib-tk', 'C:\\Toontown-Last-Laff-Workspace-10-21-2022\\src\\Panda3D-1.11.0-x64\\python', 'C:\\Toontown-Last-Laff-Workspace-10-21-2022\\src\\Panda3D-1.11.0-x64', 'C:\\Toontown-Last-Laff-Workspace-10-21-2022\\src\\Panda3D-1.11.0-x64\\bin', 'C:\\Toontown-Last-Laff-Workspace-10-21-2022\\src\\Panda3D-1.11.0-x64\\python\\lib\\site-packages']
sys.argv =  ['C:\\Toontown-Last-Laff-Workspace-10-21-2022\\src\\toontown\\launcher\\TTOffQuickStartLauncher.py']
generating standard configrc
os.environ =  {'TMP': 'C:\\Users\\Philip\\AppData\\Local\\Temp', 'COMPUTERNAME': 'PHILIP-JR', 'USERDOMAIN': 'PHILIP-JR', 'NEKO_INSTPATH': 'C:\\HaxeToolkit\\neko', 'PSMODULEPATH': 'C:\\WINDOWS\\system32\\WindowsPowerShell\\v1.0\\Modules\\', 'DOKANLIBRARY1': 'C:\\Program Files\\Dokan\\Dokan Library-1.4.1\\', 'ADSK_3DSMAX_X64_2021': 'C:\\Program Files\\Autodesk\\3ds Max 2021\\', 'PROCESSOR_IDENTIFIER': 'Intel64 Family 6 Model 45 Stepping 7, GenuineIntel', 'LOGONSERVER': '\\\\MicrosoftAccount', 'VBOX_MSI_INSTALL_PATH': 'C:\\Program Files\\Oracle\\VirtualBox\\', 'PROGRAMFILES': 'C:\\Program Files', 'PROCESSOR_REVISION': '2d07', 'PATH': 'C:\\Toontown-Last-Laff-Workspace-10-21-2022\\src\\Panda3D-1.11.0-x64\\panda3d\\..\\bin;C:\\Program Files (x86)\\Common Files\\Oracle\\Java\\javapath;C:\\Windows\\system32;C:\\Windows;C:\\Windows\\System32\\Wbem;C:\\Windows\\System32\\WindowsPowerShell\\v1.0\\;C:\\Program Files (x86)\\NVIDIA Corporation\\PhysX\\Common;C:\\Program Files\\Git\\cmd;C:\\WINDOWS\\system32;C:\\WINDOWS;C:\\WINDOWS\\System32\\Wbem;C:\\WINDOWS\\System32\\WindowsPowerShell\\v1.0\\;C:\\Program Files\\dotnet\\;C:\\Program Files\\Common Files\\Autodesk Shared\\;C:\\Program Files\\Microsoft SQL Server\\120\\Tools\\Binn\\;C:\\HaxeToolkit\\haxe;C:\\HaxeToolkit\\neko;C:\\Program Files\\Animation Paper\\gstreamer\\bin;C:\\Program Files\\PuTTY\\;C:\\Program Files\\NVIDIA Corporation\\NVIDIA NvDLISR;C:\\Program Files (x86)\\Windows Live\\Shared;C:\\HaxeToolkit\\haxe;C:\\HaxeToolkit\\neko;C:\\Program Files (x86)\\Windows Kits\\8.1\\Windows Performance Toolkit\\;C:\\Users\\Philip\\anaconda3;C:\\Users\\Philip\\anaconda3\\Library\\mingw-w64\\bin;C:\\Users\\Philip\\anaconda3\\Library\\usr\\bin;C:\\Users\\Philip\\anaconda3\\Library\\bin;C:\\Users\\Philip\\anaconda3\\Scripts;C:\\Program Files\\MySQL\\MySQL Shell 8.0\\bin\\;C:\\Panda3D-1.10.02\\python;C:\\Panda3D-1.10.02\\python\\Scripts;C:\\Panda3D-1.10.02\\bin;C:\\Panda3D-1.11.0-x64-py2\\python;C:\\Panda3D-1.11.0-x64-py2\\python\\Scripts;C:\\Panda3D-1.11.0-x64-py2\\bin;C:\\Users\\Philip\\AppData\\Local\\GitHubDesktop\\bin;C:\\Panda3D-1.9.0\\python;C:\\Panda3D-1.9.0\\python\\Scripts;C:\\Panda3D-1.9.0\\bin;C:\\Panda3D-1.10.0-x64\\python;C:\\Panda3D-1.10.0-x64\\python\\Scripts;C:\\Panda3D-1.10.0-x64\\bin;C:\\Users\\Philip\\AppData\\Local\\atom\\bin;C:\\Panda3D-1.10.0\\python;C:\\Panda3D-1.10.0\\python\\Scripts;C:\\Panda3D-1.10.0\\bin;C:\\Panda3D-1.11.0-x64-astron\\python;C:\\Panda3D-1.11.0-x64-astron\\python\\Scripts;C:\\Panda3D-1.11.0-x64-astron\\bin;C:\\Panda3D-1.11.0-x64\\python;C:\\Panda3D-1.11.0-x64\\python\\Scripts;C:\\Panda3D-1.11.0-x64\\bin;C:\\Panda3D-1.10.9-x64\\python;C:\\Panda3D-1.10.9-x64\\python\\Scrip;C:\\Users\\Philip\\AppData\\Local\\Programs\\Microsoft VS Code\\bin;C:\\Users\\Philip\\.dotnet\\tools;%C:\\Program Files (x86)\\Windows Kits\\8.1\\bin\\x86\\rc.exe%;%C:\\Program Files (x86)\\Microsoft Visual Studio\\2019\\BuildTools\\Common7\\IDE%;C:\\Program Files\\JetBrains\\PyCharm Community Edition 2022.2.3\\bin;', 'SYSTEMROOT': 'C:\\WINDOWS', 'NUMBER_OF_PROCESSORS': '8', 'PROGRAMFILES(X86)': 'C:\\Program Files (x86)', 'COMSPEC': 'C:\\WINDOWS\\system32\\cmd.exe', 'KMP_BLOCKTIME': '0', 'PPYTHON_PATH': '"Panda3D-1.11.0-x64\\python\\ppython.exe"', 'PYCHARM COMMUNITY EDITION': 'C:\\Program Files\\JetBrains\\PyCharm Community Edition 2022.2.3\\bin;', 'COMMONPROGRAMFILES(X86)': 'C:\\Program Files (x86)\\Common Files', 'PROCESSOR_ARCHITECTURE': 'AMD64', 'DOKANLIBRARY1_LIBRARYPATH_X64': 'C:\\Program Files\\Dokan\\Dokan Library-1.4.1\\lib\\', 'ALLUSERSPROFILE': 'C:\\ProgramData', 'LOCALAPPDATA': 'C:\\Users\\Philip\\AppData\\Local', 'HOMEPATH': '\\Users\\Philip', 'USERDOMAIN_ROAMINGPROFILE': 'PHILIP-JR', 'PROGRAMW6432': 'C:\\Program Files', 'USERNAME': 'Philip', 'FP_NO_HOST_CHECK': 'NO', 'DOKANLIBRARY1_LIBRARYPATH_X86': 'C:\\Program Files\\Dokan\\Dokan Library-1.4.1\\x86\\lib\\', 'THIRDPARTY': 'C:\\thirdparty', 'PROMPT': '$P$G', 'SESSIONNAME': 'Console', 'PROGRAMDATA': 'C:\\ProgramData', 'COMMONPROGRAMFILES': 'C:\\Program Files\\Common Files', 'TEMP': 'C:\\Users\\Philip\\AppData\\Local\\Temp', 'HAXEPATH': 'C:\\HaxeToolkit\\haxe', 'PATHEXT': '.COM;.EXE;.BAT;.CMD;.VBS;.VBE;.JS;.JSE;.WSF;.WSH;.MSC', 'TTOFF_LOGIN_TOKEN': 'dev', 'VS160COMCOMNTOOLS': 'C:\\Program Files (x86)\\Microsoft Visual Studio\\2019\\Community\\Common7\\Tools\\', 'WINDIR': 'C:\\WINDOWS', 'OMP_WAIT_POLICY': 'PASSIVE', 'MONGO': 'C:\\mongodb-win32-x86_64-windows-4.4.4/bin', 'HOMEDRIVE': 'C:', 'SYSTEMDRIVE': 'C:', 'PUBLIC': 'C:\\Users\\Public', 'APPDATA': 'C:\\Users\\Philip\\AppData\\Roaming', 'PROCESSOR_LEVEL': '6', 'CIOENGINE': 'C:\\cio-panda3d', 'COMMONPROGRAMW6432': 'C:\\Program Files\\Common Files', 'OS': 'Windows_NT', 'ADSK_CLM_WPAD_PROXY_CHECK': 'FALSE', 'USERPROFILE': 'C:\\Users\\Philip'}
:11-06-2022 15:05:06 TTOffLauncher: isTestServer: 0
:11-06-2022 15:05:06 TTOffLauncher: Game Server 127.0.0.1
:11-06-2022 15:05:06 TTOffLauncher: Starting Toontown Online... 
:11-06-2022 15:05:06 TTOffLauncher: foreground: Launcher now operating in foreground
useTTOffSpecificLogin=True
:11-06-2022 15:05:06 TTOffLauncher: maybeStartGame: starting game
:11-06-2022 15:05:06 TTOffLauncher: Starting Toontown Online...
:11-06-2022 15:05:06 TTOffLauncher: background: Launcher now operating in background
ToontownStart: Polling for game2 to finish...
ToontownStart: Game2 is finished.
ToontownStart: Starting the game.
ToontownStart: setting default font
:11-06-2022 15:05:07 TTOffLauncher: setting panda error code to 7
Known pipe types:
  wglGraphicsPipe
(all display modules loaded.)
:11-06-2022 15:05:07 ToonBase: Default graphics pipe is wglGraphicsPipe (OpenGL).
:11-06-2022 15:05:08 :display(warning): FrameBufferProperties available less than requested.
  requested: depth_bits=24 color_bits=3 red_bits=1 green_bits=1 blue_bits=1 alpha_bits=1 multisamples=70 back_buffers=1 force_hardware 
  got: depth_bits=24 color_bits=24 red_bits=8 green_bits=8 blue_bits=8 alpha_bits=8 accum_bits=64 multisamples=16 back_buffers=1 force_hardware 
:11-06-2022 15:05:08 ToonBase: Successfully opened window of type wglGraphicsWindow (OpenGL)
:11-06-2022 15:05:08 ShowBase: __dev__ == False
:11-06-2022 15:05:08 TTOffLauncher: setting panda error code to 11
:11-06-2022 15:05:08 TTOffLauncher: setting panda error code to 0
ToontownStart: Loading default gui sounds
ToontownStart: serverVersion:  tto-dev
:11-06-2022 15:05:08 Loader: starting bulk load of block 'init'
:11-06-2022 15:05:10 :nativenet(error): Buffered_DatagramConnection Constructor rbufsize = 4096000 wbufsize = 4096000 write_flush_point = 1400
:11-06-2022 15:05:10 OTPClientRepository: Using connect method 'http'
:11-06-2022 15:05:12 TTOffLauncher: getRegistry ('DEPLOYMENT', None)
:11-06-2022 15:05:12 TTOffLauncher: checking env
:11-06-2022 15:05:12 TTOffLauncher: getRegistry ('GAME_DEPLOYMENT', None)
:11-06-2022 15:05:12 TTOffLauncher: checking env
:11-06-2022 15:05:12 OTPClientRepository: reg_deployment=
:11-06-2022 15:05:12 OTPClientRepository: required-login auto.
:11-06-2022 15:05:12 OTPClientRepository: loginInterface: LoginTTOffAccount
:11-06-2022 15:05:12 TTOffLauncher: getNeedPwForSecretKey using ttoff-specific-login
:11-06-2022 15:05:12 Loader: At end of block 'init', expected 138, loaded 9, duration=3.74815992837
:11-06-2022 15:05:12 OTPClientRepository: Connecting to gameserver directly (no proxy).
:11-06-2022 15:05:12 OTPClientRepository: Connecting to //127.0.0.1:7198 via HTTP interface.
:11-06-2022 15:05:12 TTOffLauncher: Stopping mini task manager.
:11-06-2022 15:05:12 OTPClientRepository: Successfully connected to //127.0.0.1:7198.
:11-06-2022 15:05:12 TTOffLauncher: Setting Disconnect Details normal
{401000001: <toontown.distributed.ToontownDistrict.ToontownDistrict instance at 0x0000000016AC9E08>}
:11-06-2022 15:05:13 StateData: AvatarChooser.enter
:11-06-2022 15:05:13 DisplayOptions: settingsFullScreen = False, embedded = False width=800 height=600
:11-06-2022 15:05:13 StateData: calling self.displayOptions.restrictToEmbedded(False)
:11-06-2022 15:05:15 OTPClientRepository: ================
:11-06-2022 15:05:15 OTPClientRepository: Chose avatar id: 100000001
:11-06-2022 15:05:15 OTPClientRepository: Chose avatar name: Wittybumble
:11-06-2022 15:05:15 OTPClientRepository: Chose avatar dna: ('dss', 'ms', 'm', 'm', 6, 0, 6, 6, 1, 9, 1, 9, 1, 18)
:11-06-2022 15:05:15 OTPClientRepository: Chose avatar position: 1
:11-06-2022 15:05:15 OTPClientRepository: isPaid: 1
:11-06-2022 15:05:15 OTPClientRepository: freeTimeLeft: 0
:11-06-2022 15:05:15 OTPClientRepository: allowSecretChat: True
:11-06-2022 15:05:15 OTPClientRepository: ================
:11-06-2022 15:05:15 Loader: starting bulk load of block 'localAvatarPlayGame'
:11-06-2022 15:05:16 ToontownTimeManager(warning): error parsing date string=
:11-06-2022 15:05:16 Actor(warning): no part named head-front*!
local
:11-06-2022 15:05:16 NewsPageButtonManager(warning): Should not get here. NewsPageButtonManager.exitOff
:11-06-2022 15:05:17 :gobj(error): Texture::read() - couldn't read: phase_3.5/maps/global_disabled.jpg
:11-06-2022 15:05:17 :gobj(error): Unable to find texture "phase_3.5/maps/global_disabled.jpg" on model-path /;/c/Toontown-Last-Laff-Workspace-10-21-2022/src/toontown/launcher;/c/Toontown-Last-Laff-Workspace-10-21-2022/src/Panda3D-1.11.0-x64/etc/..;/c/Toontown-Last-Laff-Workspace-10-21-2022/src/Panda3D-1.11.0-x64/etc/../models
:11-06-2022 15:05:17 :pnmimage:png(warning): iCCP: known incorrect sRGB profile
:11-06-2022 15:05:19 Actor(warning): no part named head-front*!
:11-06-2022 15:05:19 OTPClientRepository: Entering shard 401000001
:11-06-2022 15:05:19 StreetSign: Street sign url is https://ttoffline.com/images/
:11-06-2022 15:05:21 TimeManager: Clock sync: TimeManager.announceGenerate
:11-06-2022 15:05:21 NewsManager: setHolidayId: Starting Holiday 26
:11-06-2022 15:05:21 InGameNewsMgr: latestIssue=2013-08-22 16:49:46.000003-07:00
cpu info: GenuineIntel|        Intel(R) Core(TM) i7-3820 CPU @ 3.60GHz|132823|0|3.601,3.601|4,8 cpus
:11-06-2022 15:05:22 OTPClientRepository: No sync from TimeManager.
:11-06-2022 15:05:22 OTPClientRepository: gotTimeSync
:11-06-2022 15:05:22 Loader: At end of block 'localAvatarPlayGame', expected 400, loaded 25, duration=6.80861320778
:11-06-2022 15:05:22 OTPClientRepository: Sending heartbeat mid-frame.
:11-06-2022 15:05:22 TimeManager: Clock sync roundtrip took 1278.999 ms
:11-06-2022 15:05:22 TimeManager: AI time delta is -0:01 from server delta
:11-06-2022 15:05:22 TimeManager: Local clock uncertainty +/- 0.640 s
:11-06-2022 15:05:22 PlayGame: QA-REGRESSION: NEIGHBORHOODS: Visit Daisy Gardens
:11-06-2022 15:05:22 Loader: starting bulk load of block 'hood'
:11-06-2022 15:05:26 DistributedObject(warning): no loader.getInteractiveProp self.interactiveProp is None
:11-06-2022 15:05:26 Actor(warning): no part named head-front*!
:11-06-2022 15:05:26 DistributedToon: calling LocalAvatar.startchat
:11-06-2022 15:05:26 Loader: At end of block 'hood', expected 11, loaded 21, duration=4.36726453113
:11-06-2022 15:05:28 Teleport(debug): teleportInDone: walk
local
:11-06-2022 15:05:54 ShtikerBook: QA-REGRESSION: SHTICKERBOOK: Open
OnscreenText.configure: mayChange == 0
OnscreenText.configure: mayChange == 0
OnscreenText.configure: mayChange == 0
OnscreenText.configure: mayChange == 0
:11-06-2022 15:05:54 ShtikerBook: QA-REGRESSION: SHTICKERBOOK: Browse tabs Map
:11-06-2022 15:05:55 ShtikerBook: QA-REGRESSION: SHTICKERBOOK: Close
:11-06-2022 15:06:00 Playground: Unloading Place (5000). Fsm in final
:11-06-2022 15:06:00 PlayGame: QA-REGRESSION: NEIGHBORHOODS: Visit Sellbot HQ
:11-06-2022 15:06:00 Loader: starting bulk load of block 'hood'
:11-06-2022 15:06:10 OTPClientRepository: Sending heartbeat mid-frame.
:11-06-2022 15:06:10 TownBattleSuitPanel: Loading Suit Battle Panel!
:11-06-2022 15:06:10 TownBattleSuitPanel: Loading Suit Battle Panel!
:11-06-2022 15:06:10 TownBattleSuitPanel: Loading Suit Battle Panel!
:11-06-2022 15:06:10 TownBattleSuitPanel: Loading Suit Battle Panel!
:11-06-2022 15:06:10 TownBattleSuitPanel: Loading Suit Battle Panel!
:11-06-2022 15:06:10 TownBattleSuitPanel: Loading Suit Battle Panel!
:11-06-2022 15:06:10 TownBattleSuitPanel: Loading Suit Battle Panel!
:11-06-2022 15:06:10 TownBattleSuitPanel: Loading Suit Battle Panel!
:11-06-2022 15:06:10 :pnmimage:png(warning): Interlace handling should be turned on when using png_read_image
:11-06-2022 15:06:11 SellbotCogHQLoader: loadPlaceGeom: 11000
:11-06-2022 15:06:11 DistributedObject: DistributedSuitPlanner 401002954: generating
:11-06-2022 15:06:11 :gobj(error): Texture::read() - couldn't read: phase_3/maps/hands/gh.png
:11-06-2022 15:06:11 :gobj(error): Unable to find texture "phase_3/maps/hands/gh.png" on model-path /;/c/Toontown-Last-Laff-Workspace-10-21-2022/src/toontown/launcher;/c/Toontown-Last-Laff-Workspace-10-21-2022/src/Panda3D-1.11.0-x64/etc/..;/c/Toontown-Last-Laff-Workspace-10-21-2022/src/Panda3D-1.11.0-x64/etc/../models
:11-06-2022 15:06:11 DistributedToon: calling LocalAvatar.startchat
:11-06-2022 15:06:11 :loader(error): Couldn't load file phase_4/models/questmap/cog_hq_sellbot_maps.bam: not found on model path (currently: "/;/c/Toontown-Last-Laff-Workspace-10-21-2022/src/toontown/launcher;/c/Toontown-Last-Laff-Workspace-10-21-2022/src/Panda3D-1.11.0-x64/etc/..;/c/Toontown-Last-Laff-Workspace-10-21-2022/src/Panda3D-1.11.0-x64/etc/../models")
:11-06-2022 15:06:13 Loader: At end of block 'hood', expected 43, loaded 53, duration=13.0382973264
:11-06-2022 15:06:13 Teleport(debug): teleportInDone: walk
:11-06-2022 15:06:13 :loader(error): Couldn't load file phase_4/models/questmap/cog_hq_sellbot_maps.bam: not found on model path (currently: "/;/c/Toontown-Last-Laff-Workspace-10-21-2022/src/toontown/launcher;/c/Toontown-Last-Laff-Workspace-10-21-2022/src/Panda3D-1.11.0-x64/etc/..;/c/Toontown-Last-Laff-Workspace-10-21-2022/src/Panda3D-1.11.0-x64/etc/../models")
:11-06-2022 15:06:14 :gobj(error): Texture::read() - couldn't read: phase_3/maps/hands/tf.png
:11-06-2022 15:06:14 :gobj(error): Unable to find texture "phase_3/maps/hands/tf.png" on model-path /;/c/Toontown-Last-Laff-Workspace-10-21-2022/src/toontown/launcher;/c/Toontown-Last-Laff-Workspace-10-21-2022/src/Panda3D-1.11.0-x64/etc/..;/c/Toontown-Last-Laff-Workspace-10-21-2022/src/Panda3D-1.11.0-x64/etc/../models
:11-06-2022 15:06:14 :gobj(error): Texture::read() - couldn't read: phase_3/maps/hands/cc.png
:11-06-2022 15:06:14 :gobj(error): Unable to find texture "phase_3/maps/hands/cc.png" on model-path /;/c/Toontown-Last-Laff-Workspace-10-21-2022/src/toontown/launcher;/c/Toontown-Last-Laff-Workspace-10-21-2022/src/Panda3D-1.11.0-x64/etc/..;/c/Toontown-Last-Laff-Workspace-10-21-2022/src/Panda3D-1.11.0-x64/etc/../models
:11-06-2022 15:06:14 :gobj(error): Texture::read() - couldn't read: phase_3/maps/hands/nd.png
:11-06-2022 15:06:14 :gobj(error): Unable to find texture "phase_3/maps/hands/nd.png" on model-path /;/c/Toontown-Last-Laff-Workspace-10-21-2022/src/toontown/launcher;/c/Toontown-Last-Laff-Workspace-10-21-2022/src/Panda3D-1.11.0-x64/etc/..;/c/Toontown-Last-Laff-Workspace-10-21-2022/src/Panda3D-1.11.0-x64/etc/../models
:11-06-2022 15:06:14 :gobj(error): Texture::read() - couldn't read: phase_3/maps/hands/gh.png
:11-06-2022 15:06:14 :gobj(error): Unable to find texture "phase_3/maps/hands/gh.png" on model-path /;/c/Toontown-Last-Laff-Workspace-10-21-2022/src/toontown/launcher;/c/Toontown-Last-Laff-Workspace-10-21-2022/src/Panda3D-1.11.0-x64/etc/..;/c/Toontown-Last-Laff-Workspace-10-21-2022/src/Panda3D-1.11.0-x64/etc/../models
:11-06-2022 15:06:14 :gobj(error): Texture::read() - couldn't read: phase_3/maps/hands/tf.png
:11-06-2022 15:06:14 :gobj(error): Unable to find texture "phase_3/maps/hands/tf.png" on model-path /;/c/Toontown-Last-Laff-Workspace-10-21-2022/src/toontown/launcher;/c/Toontown-Last-Laff-Workspace-10-21-2022/src/Panda3D-1.11.0-x64/etc/..;/c/Toontown-Last-Laff-Workspace-10-21-2022/src/Panda3D-1.11.0-x64/etc/../models
:11-06-2022 15:06:14 :gobj(error): Texture::read() - couldn't read: phase_3/maps/hands/nd.png
:11-06-2022 15:06:14 :gobj(error): Unable to find texture "phase_3/maps/hands/nd.png" on model-path /;/c/Toontown-Last-Laff-Workspace-10-21-2022/src/toontown/launcher;/c/Toontown-Last-Laff-Workspace-10-21-2022/src/Panda3D-1.11.0-x64/etc/..;/c/Toontown-Last-Laff-Workspace-10-21-2022/src/Panda3D-1.11.0-x64/etc/../models
:11-06-2022 15:06:14 :gobj(error): Texture::read() - couldn't read: phase_3/maps/hands/nd.png
:11-06-2022 15:06:14 :gobj(error): Unable to find texture "phase_3/maps/hands/nd.png" on model-path /;/c/Toontown-Last-Laff-Workspace-10-21-2022/src/toontown/launcher;/c/Toontown-Last-Laff-Workspace-10-21-2022/src/Panda3D-1.11.0-x64/etc/..;/c/Toontown-Last-Laff-Workspace-10-21-2022/src/Panda3D-1.11.0-x64/etc/../models
:11-06-2022 15:06:14 :gobj(error): Texture::read() - couldn't read: phase_3/maps/hands/tm.png
:11-06-2022 15:06:14 :gobj(error): Unable to find texture "phase_3/maps/hands/tm.png" on model-path /;/c/Toontown-Last-Laff-Workspace-10-21-2022/src/toontown/launcher;/c/Toontown-Last-Laff-Workspace-10-21-2022/src/Panda3D-1.11.0-x64/etc/..;/c/Toontown-Last-Laff-Workspace-10-21-2022/src/Panda3D-1.11.0-x64/etc/../models
:11-06-2022 15:06:14 ClassicFSM(warning): [DistributedSuit]: no transition exists from Walk to FromCogHQ
:11-06-2022 15:06:29 SellbotHQExterior: QA-REGRESSION: COGBATTLE: Enter Battle
Battle Event localtoon-battle-event-3
:11-06-2022 15:06:34 :gobj(error): Texture::read() - couldn't read: phase_3/maps/hands/tf.png
:11-06-2022 15:06:34 :gobj(error): Unable to find texture "phase_3/maps/hands/tf.png" on model-path /;/c/Toontown-Last-Laff-Workspace-10-21-2022/src/toontown/launcher;/c/Toontown-Last-Laff-Workspace-10-21-2022/src/Panda3D-1.11.0-x64/etc/..;/c/Toontown-Last-Laff-Workspace-10-21-2022/src/Panda3D-1.11.0-x64/etc/../models
:11-06-2022 15:06:38 :gobj(error): Texture::read() - couldn't read: phase_3/maps/hands/nd.png
:11-06-2022 15:06:38 :gobj(error): Unable to find texture "phase_3/maps/hands/nd.png" on model-path /;/c/Toontown-Last-Laff-Workspace-10-21-2022/src/toontown/launcher;/c/Toontown-Last-Laff-Workspace-10-21-2022/src/Panda3D-1.11.0-x64/etc/..;/c/Toontown-Last-Laff-Workspace-10-21-2022/src/Panda3D-1.11.0-x64/etc/../models
:11-06-2022 15:06:39 ClassicFSM(warning): [DistributedSuit]: no transition exists from Walk to FromCogHQ
Assertion failed: !is_singleton() && !is_empty() at line 5124 of panda/src/pgraph/nodePath.cxx
Assertion failed: !is_singleton() && !is_empty() at line 5124 of panda/src/pgraph/nodePath.cxx
Assertion failed: !is_singleton() && !is_empty() at line 5124 of panda/src/pgraph/nodePath.cxx
Assertion failed: !is_singleton() && !is_empty() at line 5141 of panda/src/pgraph/nodePath.cxx
Assertion failed: !is_singleton() && !is_empty() at line 5124 of panda/src/pgraph/nodePath.cxx
Assertion failed: !is_singleton() && !is_empty() at line 5124 of panda/src/pgraph/nodePath.cxx
:11-06-2022 15:06:57 :loader(error): Couldn't load file phase_4/models/questmap/cog_hq_sellbot_maps.bam: not found on model path (currently: "/;/c/Toontown-Last-Laff-Workspace-10-21-2022/src/toontown/launcher;/c/Toontown-Last-Laff-Workspace-10-21-2022/src/Panda3D-1.11.0-x64/etc/..;/c/Toontown-Last-Laff-Workspace-10-21-2022/src/Panda3D-1.11.0-x64/etc/../models")
:11-06-2022 15:07:03 :gobj(error): Texture::read() - couldn't read: phase_3/maps/hands/gh.png
:11-06-2022 15:07:03 :gobj(error): Unable to find texture "phase_3/maps/hands/gh.png" on model-path /;/c/Toontown-Last-Laff-Workspace-10-21-2022/src/toontown/launcher;/c/Toontown-Last-Laff-Workspace-10-21-2022/src/Panda3D-1.11.0-x64/etc/..;/c/Toontown-Last-Laff-Workspace-10-21-2022/src/Panda3D-1.11.0-x64/etc/../models
:11-06-2022 15:07:03 ClassicFSM(warning): [DistributedSuit]: no transition exists from Walk to FromCogHQ
:11-06-2022 15:07:06 SellbotHQExterior: QA-REGRESSION: COGBATTLE: Enter Battle
Battle Event localtoon-battle-event-9
:11-06-2022 15:07:07 :gobj(error): Texture::read() - couldn't read: phase_3/maps/hands/nd.png
:11-06-2022 15:07:07 :gobj(error): Unable to find texture "phase_3/maps/hands/nd.png" on model-path /;/c/Toontown-Last-Laff-Workspace-10-21-2022/src/toontown/launcher;/c/Toontown-Last-Laff-Workspace-10-21-2022/src/Panda3D-1.11.0-x64/etc/..;/c/Toontown-Last-Laff-Workspace-10-21-2022/src/Panda3D-1.11.0-x64/etc/../models
:11-06-2022 15:07:13 :gobj(error): Texture::read() - couldn't read: phase_3/maps/hands/nd.png
:11-06-2022 15:07:13 :gobj(error): Unable to find texture "phase_3/maps/hands/nd.png" on model-path /;/c/Toontown-Last-Laff-Workspace-10-21-2022/src/toontown/launcher;/c/Toontown-Last-Laff-Workspace-10-21-2022/src/Panda3D-1.11.0-x64/etc/..;/c/Toontown-Last-Laff-Workspace-10-21-2022/src/Panda3D-1.11.0-x64/etc/../models
:11-06-2022 15:07:13 ClassicFSM(warning): [DistributedSuit]: no transition exists from Walk to FromCogHQ
:11-06-2022 15:07:18 :gobj(error): Texture::read() - couldn't read: phase_3/maps/hands/gh.png
:11-06-2022 15:07:18 :gobj(error): Unable to find texture "phase_3/maps/hands/gh.png" on model-path /;/c/Toontown-Last-Laff-Workspace-10-21-2022/src/toontown/launcher;/c/Toontown-Last-Laff-Workspace-10-21-2022/src/Panda3D-1.11.0-x64/etc/..;/c/Toontown-Last-Laff-Workspace-10-21-2022/src/Panda3D-1.11.0-x64/etc/../models
:11-06-2022 15:07:29 :gobj(error): Texture::read() - couldn't read: phase_3/maps/hands/gh.png
:11-06-2022 15:07:29 :gobj(error): Unable to find texture "phase_3/maps/hands/gh.png" on model-path /;/c/Toontown-Last-Laff-Workspace-10-21-2022/src/toontown/launcher;/c/Toontown-Last-Laff-Workspace-10-21-2022/src/Panda3D-1.11.0-x64/etc/..;/c/Toontown-Last-Laff-Workspace-10-21-2022/src/Panda3D-1.11.0-x64/etc/../models
:11-06-2022 15:07:41 :gobj(error): Texture::read() - couldn't read: phase_3/maps/hands/ms.png
:11-06-2022 15:07:41 :gobj(error): Unable to find texture "phase_3/maps/hands/ms.png" on model-path /;/c/Toontown-Last-Laff-Workspace-10-21-2022/src/toontown/launcher;/c/Toontown-Last-Laff-Workspace-10-21-2022/src/Panda3D-1.11.0-x64/etc/..;/c/Toontown-Last-Laff-Workspace-10-21-2022/src/Panda3D-1.11.0-x64/etc/../models
:11-06-2022 15:07:48 :gobj(error): Texture::read() - couldn't read: phase_3/maps/hands/gh.png
:11-06-2022 15:07:48 :gobj(error): Unable to find texture "phase_3/maps/hands/gh.png" on model-path /;/c/Toontown-Last-Laff-Workspace-10-21-2022/src/toontown/launcher;/c/Toontown-Last-Laff-Workspace-10-21-2022/src/Panda3D-1.11.0-x64/etc/..;/c/Toontown-Last-Laff-Workspace-10-21-2022/src/Panda3D-1.11.0-x64/etc/../models
:11-06-2022 15:07:48 ClassicFSM(warning): [DistributedSuit]: no transition exists from Walk to FromCogHQ
:11-06-2022 15:08:02 :loader(error): Couldn't load file phase_4/models/questmap/cog_hq_sellbot_maps.bam: not found on model path (currently: "/;/c/Toontown-Last-Laff-Workspace-10-21-2022/src/toontown/launcher;/c/Toontown-Last-Laff-Workspace-10-21-2022/src/Panda3D-1.11.0-x64/etc/..;/c/Toontown-Last-Laff-Workspace-10-21-2022/src/Panda3D-1.11.0-x64/etc/../models")
:11-06-2022 15:08:05 :gobj(error): Texture::read() - couldn't read: phase_3/maps/hands/nd.png
:11-06-2022 15:08:05 :gobj(error): Unable to find texture "phase_3/maps/hands/nd.png" on model-path /;/c/Toontown-Last-Laff-Workspace-10-21-2022/src/toontown/launcher;/c/Toontown-Last-Laff-Workspace-10-21-2022/src/Panda3D-1.11.0-x64/etc/..;/c/Toontown-Last-Laff-Workspace-10-21-2022/src/Panda3D-1.11.0-x64/etc/../models
:11-06-2022 15:08:05 ShtikerBook: QA-REGRESSION: SHTICKERBOOK: Open
:11-06-2022 15:08:05 ShtikerBook: QA-REGRESSION: SHTICKERBOOK: Browse tabs Districts
:11-06-2022 15:08:06 ShtikerBook: QA-REGRESSION: SHTICKERBOOK: Browse tabs Districts
:11-06-2022 15:08:06 ShtikerBook: QA-REGRESSION: SHTICKERBOOK: Browse tabs Districts
OnscreenText.configure: mayChange == 0
OnscreenText.configure: mayChange == 0
OnscreenText.configure: mayChange == 0
OnscreenText.configure: mayChange == 0
:11-06-2022 15:08:06 ShtikerBook: QA-REGRESSION: SHTICKERBOOK: Browse tabs Map
OnscreenText.configure: mayChange == 0
OnscreenText.configure: mayChange == 0
OnscreenText.configure: mayChange == 0
OnscreenText.configure: mayChange == 0
:11-06-2022 15:08:06 ShtikerBook: QA-REGRESSION: SHTICKERBOOK: Browse tabs Map
:11-06-2022 15:08:07 ShtikerBook: QA-REGRESSION: SHTICKERBOOK: Close
:11-06-2022 15:08:08 :gobj(error): Texture::read() - couldn't read: phase_3/maps/hands/nd.png
:11-06-2022 15:08:08 :gobj(error): Unable to find texture "phase_3/maps/hands/nd.png" on model-path /;/c/Toontown-Last-Laff-Workspace-10-21-2022/src/toontown/launcher;/c/Toontown-Last-Laff-Workspace-10-21-2022/src/Panda3D-1.11.0-x64/etc/..;/c/Toontown-Last-Laff-Workspace-10-21-2022/src/Panda3D-1.11.0-x64/etc/../models
:11-06-2022 15:08:08 ClassicFSM(warning): [DistributedSuit]: no transition exists from Walk to FromCogHQ
:11-06-2022 15:08:12 :gobj(error): Texture::read() - couldn't read: phase_3/maps/hands/gh.png
:11-06-2022 15:08:12 :gobj(error): Unable to find texture "phase_3/maps/hands/gh.png" on model-path /;/c/Toontown-Last-Laff-Workspace-10-21-2022/src/toontown/launcher;/c/Toontown-Last-Laff-Workspace-10-21-2022/src/Panda3D-1.11.0-x64/etc/..;/c/Toontown-Last-Laff-Workspace-10-21-2022/src/Panda3D-1.11.0-x64/etc/../models
:11-06-2022 15:08:12 SellbotHQExterior: Unloading Place (11012). Fsm in final
:11-06-2022 15:08:12 DistributedObject: DistributedSuitPlanner 401002954: disabling
:11-06-2022 15:08:12 PlayGame: QA-REGRESSION: NEIGHBORHOODS: Visit Cashbot HQ
:11-06-2022 15:08:12 Loader: starting bulk load of block 'hood'
:11-06-2022 15:08:13 TownBattleSuitPanel: Loading Suit Battle Panel!
:11-06-2022 15:08:13 TownBattleSuitPanel: Loading Suit Battle Panel!
:11-06-2022 15:08:13 TownBattleSuitPanel: Loading Suit Battle Panel!
:11-06-2022 15:08:13 TownBattleSuitPanel: Loading Suit Battle Panel!
:11-06-2022 15:08:13 TownBattleSuitPanel: Loading Suit Battle Panel!
:11-06-2022 15:08:13 TownBattleSuitPanel: Loading Suit Battle Panel!
:11-06-2022 15:08:13 TownBattleSuitPanel: Loading Suit Battle Panel!
:11-06-2022 15:08:13 TownBattleSuitPanel: Loading Suit Battle Panel!
:11-06-2022 15:08:13 CashbotCogHQLoader: loadPlaceGeom: 12000
:11-06-2022 15:08:14 DistributedObject: DistributedSuitPlanner 401002970: generating
:11-06-2022 15:08:14 DistributedToon: calling LocalAvatar.startchat
:11-06-2022 15:08:14 :loader(error): Couldn't load file phase_4/models/questmap/cog_hq_cashbot_maps.bam: not found on model path (currently: "/;/c/Toontown-Last-Laff-Workspace-10-21-2022/src/toontown/launcher;/c/Toontown-Last-Laff-Workspace-10-21-2022/src/Panda3D-1.11.0-x64/etc/..;/c/Toontown-Last-Laff-Workspace-10-21-2022/src/Panda3D-1.11.0-x64/etc/../models")
:11-06-2022 15:08:14 Loader: At end of block 'hood', expected 2, loaded 7, duration=1.77512953604
:11-06-2022 15:08:14 :gobj(error): Texture::read() - couldn't read: phase_3/maps/hands/mb.png
:11-06-2022 15:08:14 :gobj(error): Unable to find texture "phase_3/maps/hands/mb.png" on model-path /;/c/Toontown-Last-Laff-Workspace-10-21-2022/src/toontown/launcher;/c/Toontown-Last-Laff-Workspace-10-21-2022/src/Panda3D-1.11.0-x64/etc/..;/c/Toontown-Last-Laff-Workspace-10-21-2022/src/Panda3D-1.11.0-x64/etc/../models
:11-06-2022 15:08:14 :gobj(error): Texture::read() - couldn't read: phase_3/maps/hands/nc.png
:11-06-2022 15:08:14 :gobj(error): Unable to find texture "phase_3/maps/hands/nc.png" on model-path /;/c/Toontown-Last-Laff-Workspace-10-21-2022/src/toontown/launcher;/c/Toontown-Last-Laff-Workspace-10-21-2022/src/Panda3D-1.11.0-x64/etc/..;/c/Toontown-Last-Laff-Workspace-10-21-2022/src/Panda3D-1.11.0-x64/etc/../models
:11-06-2022 15:08:14 :gobj(error): Texture::read() - couldn't read: phase_3/maps/hands/mb.png
:11-06-2022 15:08:14 :gobj(error): Unable to find texture "phase_3/maps/hands/mb.png" on model-path /;/c/Toontown-Last-Laff-Workspace-10-21-2022/src/toontown/launcher;/c/Toontown-Last-Laff-Workspace-10-21-2022/src/Panda3D-1.11.0-x64/etc/..;/c/Toontown-Last-Laff-Workspace-10-21-2022/src/Panda3D-1.11.0-x64/etc/../models
:11-06-2022 15:08:14 :gobj(error): Texture::read() - couldn't read: phase_3/maps/hands/nc.png
:11-06-2022 15:08:14 :gobj(error): Unable to find texture "phase_3/maps/hands/nc.png" on model-path /;/c/Toontown-Last-Laff-Workspace-10-21-2022/src/toontown/launcher;/c/Toontown-Last-Laff-Workspace-10-21-2022/src/Panda3D-1.11.0-x64/etc/..;/c/Toontown-Last-Laff-Workspace-10-21-2022/src/Panda3D-1.11.0-x64/etc/../models
:11-06-2022 15:08:14 :gobj(error): Texture::read() - couldn't read: phase_3/maps/hands/nc.png
:11-06-2022 15:08:14 :gobj(error): Unable to find texture "phase_3/maps/hands/nc.png" on model-path /;/c/Toontown-Last-Laff-Workspace-10-21-2022/src/toontown/launcher;/c/Toontown-Last-Laff-Workspace-10-21-2022/src/Panda3D-1.11.0-x64/etc/..;/c/Toontown-Last-Laff-Workspace-10-21-2022/src/Panda3D-1.11.0-x64/etc/../models
:11-06-2022 15:08:14 :gobj(error): Texture::read() - couldn't read: phase_3/maps/hands/tw.png
:11-06-2022 15:08:14 :gobj(error): Unable to find texture "phase_3/maps/hands/tw.png" on model-path /;/c/Toontown-Last-Laff-Workspace-10-21-2022/src/toontown/launcher;/c/Toontown-Last-Laff-Workspace-10-21-2022/src/Panda3D-1.11.0-x64/etc/..;/c/Toontown-Last-Laff-Workspace-10-21-2022/src/Panda3D-1.11.0-x64/etc/../models
:11-06-2022 15:08:14 :gobj(error): Texture::read() - couldn't read: phase_3/maps/hands/mb.png
:11-06-2022 15:08:14 :gobj(error): Unable to find texture "phase_3/maps/hands/mb.png" on model-path /;/c/Toontown-Last-Laff-Workspace-10-21-2022/src/toontown/launcher;/c/Toontown-Last-Laff-Workspace-10-21-2022/src/Panda3D-1.11.0-x64/etc/..;/c/Toontown-Last-Laff-Workspace-10-21-2022/src/Panda3D-1.11.0-x64/etc/../models
:11-06-2022 15:08:14 :gobj(error): Texture::read() - couldn't read: phase_3/maps/hands/mb.png
:11-06-2022 15:08:14 :gobj(error): Unable to find texture "phase_3/maps/hands/mb.png" on model-path /;/c/Toontown-Last-Laff-Workspace-10-21-2022/src/toontown/launcher;/c/Toontown-Last-Laff-Workspace-10-21-2022/src/Panda3D-1.11.0-x64/etc/..;/c/Toontown-Last-Laff-Workspace-10-21-2022/src/Panda3D-1.11.0-x64/etc/../models
:11-06-2022 15:08:15 :gobj(error): Texture::read() - couldn't read: phase_3/maps/hands/mb.png
:11-06-2022 15:08:15 :gobj(error): Unable to find texture "phase_3/maps/hands/mb.png" on model-path /;/c/Toontown-Last-Laff-Workspace-10-21-2022/src/toontown/launcher;/c/Toontown-Last-Laff-Workspace-10-21-2022/src/Panda3D-1.11.0-x64/etc/..;/c/Toontown-Last-Laff-Workspace-10-21-2022/src/Panda3D-1.11.0-x64/etc/../models
:11-06-2022 15:08:15 :gobj(error): Texture::read() - couldn't read: phase_3/maps/hands/mb.png
:11-06-2022 15:08:15 :gobj(error): Unable to find texture "phase_3/maps/hands/mb.png" on model-path /;/c/Toontown-Last-Laff-Workspace-10-21-2022/src/toontown/launcher;/c/Toontown-Last-Laff-Workspace-10-21-2022/src/Panda3D-1.11.0-x64/etc/..;/c/Toontown-Last-Laff-Workspace-10-21-2022/src/Panda3D-1.11.0-x64/etc/../models
:11-06-2022 15:08:15 :gobj(error): Texture::read() - couldn't read: phase_3/maps/hands/mb.png
:11-06-2022 15:08:15 :gobj(error): Unable to find texture "phase_3/maps/hands/mb.png" on model-path /;/c/Toontown-Last-Laff-Workspace-10-21-2022/src/toontown/launcher;/c/Toontown-Last-Laff-Workspace-10-21-2022/src/Panda3D-1.11.0-x64/etc/..;/c/Toontown-Last-Laff-Workspace-10-21-2022/src/Panda3D-1.11.0-x64/etc/../models
:11-06-2022 15:08:15 :gobj(error): Texture::read() - couldn't read: phase_3/maps/hands/nc.png
:11-06-2022 15:08:15 :gobj(error): Unable to find texture "phase_3/maps/hands/nc.png" on model-path /;/c/Toontown-Last-Laff-Workspace-10-21-2022/src/toontown/launcher;/c/Toontown-Last-Laff-Workspace-10-21-2022/src/Panda3D-1.11.0-x64/etc/..;/c/Toontown-Last-Laff-Workspace-10-21-2022/src/Panda3D-1.11.0-x64/etc/../models
:11-06-2022 15:08:16 Teleport(debug): teleportInDone: walk
:11-06-2022 15:08:16 :loader(error): Couldn't load file phase_4/models/questmap/cog_hq_cashbot_maps.bam: not found on model path (currently: "/;/c/Toontown-Last-Laff-Workspace-10-21-2022/src/toontown/launcher;/c/Toontown-Last-Laff-Workspace-10-21-2022/src/Panda3D-1.11.0-x64/etc/..;/c/Toontown-Last-Laff-Workspace-10-21-2022/src/Panda3D-1.11.0-x64/etc/../models")
:11-06-2022 15:08:16 :gobj(error): Texture::read() - couldn't read: phase_3/maps/hands/nc.png
:11-06-2022 15:08:16 :gobj(error): Unable to find texture "phase_3/maps/hands/nc.png" on model-path /;/c/Toontown-Last-Laff-Workspace-10-21-2022/src/toontown/launcher;/c/Toontown-Last-Laff-Workspace-10-21-2022/src/Panda3D-1.11.0-x64/etc/..;/c/Toontown-Last-Laff-Workspace-10-21-2022/src/Panda3D-1.11.0-x64/etc/../models
:11-06-2022 15:08:26 CashbotHQExterior: QA-REGRESSION: COGBATTLE: Enter Battle
Battle Event localtoon-battle-event-15
:11-06-2022 15:08:26 :gobj(error): Texture::read() - couldn't read: phase_3/maps/hands/bc.png
:11-06-2022 15:08:26 :gobj(error): Unable to find texture "phase_3/maps/hands/bc.png" on model-path /;/c/Toontown-Last-Laff-Workspace-10-21-2022/src/toontown/launcher;/c/Toontown-Last-Laff-Workspace-10-21-2022/src/Panda3D-1.11.0-x64/etc/..;/c/Toontown-Last-Laff-Workspace-10-21-2022/src/Panda3D-1.11.0-x64/etc/../models
:11-06-2022 15:08:37 :gobj(error): Texture::read() - couldn't read: phase_3/maps/hands/tw.png
:11-06-2022 15:08:37 :gobj(error): Unable to find texture "phase_3/maps/hands/tw.png" on model-path /;/c/Toontown-Last-Laff-Workspace-10-21-2022/src/toontown/launcher;/c/Toontown-Last-Laff-Workspace-10-21-2022/src/Panda3D-1.11.0-x64/etc/..;/c/Toontown-Last-Laff-Workspace-10-21-2022/src/Panda3D-1.11.0-x64/etc/../models
Assertion failed: other._error_type == ET_ok at line 395 of panda/src/pgraph/nodePath.cxx
:11-06-2022 15:09:11 :gobj(error): Texture::read() - couldn't read: phase_3/maps/hands/nc.png
:11-06-2022 15:09:11 :gobj(error): Unable to find texture "phase_3/maps/hands/nc.png" on model-path /;/c/Toontown-Last-Laff-Workspace-10-21-2022/src/toontown/launcher;/c/Toontown-Last-Laff-Workspace-10-21-2022/src/Panda3D-1.11.0-x64/etc/..;/c/Toontown-Last-Laff-Workspace-10-21-2022/src/Panda3D-1.11.0-x64/etc/../models
:11-06-2022 15:09:13 :loader(error): Couldn't load file phase_4/models/questmap/cog_hq_cashbot_maps.bam: not found on model path (currently: "/;/c/Toontown-Last-Laff-Workspace-10-21-2022/src/toontown/launcher;/c/Toontown-Last-Laff-Workspace-10-21-2022/src/Panda3D-1.11.0-x64/etc/..;/c/Toontown-Last-Laff-Workspace-10-21-2022/src/Panda3D-1.11.0-x64/etc/../models")
:11-06-2022 15:09:21 :gobj(error): Texture::read() - couldn't read: phase_3/maps/hands/bc.png
:11-06-2022 15:09:21 :gobj(error): Unable to find texture "phase_3/maps/hands/bc.png" on model-path /;/c/Toontown-Last-Laff-Workspace-10-21-2022/src/toontown/launcher;/c/Toontown-Last-Laff-Workspace-10-21-2022/src/Panda3D-1.11.0-x64/etc/..;/c/Toontown-Last-Laff-Workspace-10-21-2022/src/Panda3D-1.11.0-x64/etc/../models
:11-06-2022 15:09:23 ShtikerBook: QA-REGRESSION: SHTICKERBOOK: Open
OnscreenText.configure: mayChange == 0
OnscreenText.configure: mayChange == 0
OnscreenText.configure: mayChange == 0
OnscreenText.configure: mayChange == 0
:11-06-2022 15:09:24 ShtikerBook: QA-REGRESSION: SHTICKERBOOK: Browse tabs Map
OnscreenText.configure: mayChange == 0
OnscreenText.configure: mayChange == 0
OnscreenText.configure: mayChange == 0
OnscreenText.configure: mayChange == 0
:11-06-2022 15:09:24 ShtikerBook: QA-REGRESSION: SHTICKERBOOK: Browse tabs Map
:11-06-2022 15:09:25 ShtikerBook: QA-REGRESSION: SHTICKERBOOK: Close
:11-06-2022 15:09:31 CashbotHQExterior: Unloading Place (12003). Fsm in final
:11-06-2022 15:09:31 DistributedObject: DistributedSuitPlanner 401002970: disabling
:11-06-2022 15:09:31 PlayGame: QA-REGRESSION: NEIGHBORHOODS: Visit Bossbot HQ
:11-06-2022 15:09:31 Loader: starting bulk load of block 'hood'
:11-06-2022 15:09:41 OTPClientRepository: Sending heartbeat mid-frame.
:11-06-2022 15:09:41 TownBattleSuitPanel: Loading Suit Battle Panel!
:11-06-2022 15:09:41 TownBattleSuitPanel: Loading Suit Battle Panel!
:11-06-2022 15:09:41 TownBattleSuitPanel: Loading Suit Battle Panel!
:11-06-2022 15:09:41 TownBattleSuitPanel: Loading Suit Battle Panel!
:11-06-2022 15:09:41 TownBattleSuitPanel: Loading Suit Battle Panel!
:11-06-2022 15:09:41 TownBattleSuitPanel: Loading Suit Battle Panel!
:11-06-2022 15:09:41 TownBattleSuitPanel: Loading Suit Battle Panel!
:11-06-2022 15:09:41 TownBattleSuitPanel: Loading Suit Battle Panel!
:11-06-2022 15:09:41 BossbotCogHQLoader: loadPlaceGeom: 10000
:11-06-2022 15:09:41 HoodMgr(warning): getPlaygroundCenterFromId: No such hood name as: 10000
:11-06-2022 15:09:41 DistributedToon: calling LocalAvatar.startchat
:11-06-2022 15:09:41 :loader(error): Couldn't load file phase_4/models/questmap/cog_hq_bossbot_maps.bam: not found on model path (currently: "/;/c/Toontown-Last-Laff-Workspace-10-21-2022/src/toontown/launcher;/c/Toontown-Last-Laff-Workspace-10-21-2022/src/Panda3D-1.11.0-x64/etc/..;/c/Toontown-Last-Laff-Workspace-10-21-2022/src/Panda3D-1.11.0-x64/etc/../models")
:11-06-2022 15:09:41 Loader: At end of block 'hood', expected 2, loaded 53, duration=10.8191052285
:11-06-2022 15:09:43 Teleport(debug): teleportInDone: walk
:11-06-2022 15:09:43 :loader(error): Couldn't load file phase_4/models/questmap/cog_hq_bossbot_maps.bam: not found on model path (currently: "/;/c/Toontown-Last-Laff-Workspace-10-21-2022/src/toontown/launcher;/c/Toontown-Last-Laff-Workspace-10-21-2022/src/Panda3D-1.11.0-x64/etc/..;/c/Toontown-Last-Laff-Workspace-10-21-2022/src/Panda3D-1.11.0-x64/etc/../models")
:11-06-2022 15:09:51 BossbotCogHQLoader: loadPlaceGeom: 10100
:11-06-2022 15:09:51 BossbotCogHQLoader: QA-REGRESSION: COGHQ: Visit BossbotLobby
:11-06-2022 15:09:51 BossbotHQExterior: Unloading Place (10000). Fsm in final
:11-06-2022 15:09:51 DistributedToon: calling LocalAvatar.startchat
:11-06-2022 15:09:51 :loader(error): Couldn't load file phase_4/models/questmap/cog_hq_bossbot_maps.bam: not found on model path (currently: "/;/c/Toontown-Last-Laff-Workspace-10-21-2022/src/toontown/launcher;/c/Toontown-Last-Laff-Workspace-10-21-2022/src/Panda3D-1.11.0-x64/etc/..;/c/Toontown-Last-Laff-Workspace-10-21-2022/src/Panda3D-1.11.0-x64/etc/../models")
:11-06-2022 15:09:52 :loader(error): Couldn't load file phase_4/models/questmap/cog_hq_bossbot_maps.bam: not found on model path (currently: "/;/c/Toontown-Last-Laff-Workspace-10-21-2022/src/toontown/launcher;/c/Toontown-Last-Laff-Workspace-10-21-2022/src/Panda3D-1.11.0-x64/etc/..;/c/Toontown-Last-Laff-Workspace-10-21-2022/src/Panda3D-1.11.0-x64/etc/../models")
:11-06-2022 15:10:01 OTPClientRepository(warning): Server is booting us out (153): The session object with id 100000001 has been unexpectedly deleted.
:11-06-2022 15:10:01 OTPClientRepository(warning): Lost connection to gameserver.
:11-06-2022 15:10:01 CogHQLobby: Unloading Place (10100). Fsm in final
:11-06-2022 15:10:01 OTPClientRepository(warning): unclean exit, abandoning shard
ignoring InputState-forward
:11-06-2022 15:10:01 OTPClientRepository: sending clientLogout
Assertion failed: _error_type != ET_not_found at line 592 of panda/src/pgraph/nodePath.cxx
Traceback (most recent call last):
  File "C:\Toontown-Last-Laff-Workspace-10-21-2022\src\Panda3D-1.11.0-x64\direct\distributed\ConnectionRepository.py", line 609, in readerPollUntilEmpty
    while self.readerPollOnce():
  File "C:\Toontown-Last-Laff-Workspace-10-21-2022\src\Panda3D-1.11.0-x64\direct\distributed\ConnectionRepository.py", line 616, in readerPollOnce
    self.handleDatagram(self.private__di)
  File "otp\distributed\OTPClientRepository.py", line 1838, in handleDatagram
    self.handler(msgType, di)
  File "otp\distributed\OTPClientRepository.py", line 1445, in handlePlayGame
    self.handleMessageType(msgType, di)
  File "otp\distributed\OTPClientRepository.py", line 1716, in handleMessageType
    self.handleGoGetLost(di)
  File "C:\Toontown-Last-Laff-Workspace-10-21-2022\src\Panda3D-1.11.0-x64\direct\distributed\ClientRepositoryBase.py", line 494, in handleGoGetLost
    self.lostConnection()
  File "otp\distributed\OTPClientRepository.py", line 1621, in lostConnection
    self.loginFSM.request('noConnection')
  File "C:\Toontown-Last-Laff-Workspace-10-21-2022\src\Panda3D-1.11.0-x64\direct\fsm\ClassicFSM.py", line 281, in request
    exitArgList)
  File "C:\Toontown-Last-Laff-Workspace-10-21-2022\src\Panda3D-1.11.0-x64\direct\fsm\ClassicFSM.py", line 227, in __transition
    self.__exitCurrent(exitArgList)
  File "C:\Toontown-Last-Laff-Workspace-10-21-2022\src\Panda3D-1.11.0-x64\direct\fsm\ClassicFSM.py", line 185, in __exitCurrent
    self.__currentState.exit(argList)
  File "C:\Toontown-Last-Laff-Workspace-10-21-2022\src\Panda3D-1.11.0-x64\direct\fsm\State.py", line 213, in exit
    self.__exitFunc(*argList)
  File "toontown\distributed\ToontownClientRepository.py", line 430, in exitPlayingGame
    base.localAvatar.deleteOrDelay()
  File "C:\Toontown-Last-Laff-Workspace-10-21-2022\src\Panda3D-1.11.0-x64\direct\distributed\DistributedObject.py", line 201, in deleteOrDelay
    self.disableAnnounceAndDelete()
  File "C:\Toontown-Last-Laff-Workspace-10-21-2022\src\Panda3D-1.11.0-x64\direct\distributed\DistributedObject.py", line 204, in disableAnnounceAndDelete
    self.disableAndAnnounce()
  File "C:\Toontown-Last-Laff-Workspace-10-21-2022\src\Panda3D-1.11.0-x64\direct\distributed\DistributedObject.py", line 230, in disableAndAnnounce
    self.disable()
  File "toontown\toon\LocalToon.py", line 256, in disable
    self.book.unload()
  File "toontown\shtiker\ShtikerBook.py", line 150, in unload
    page.unload()
  File "toontown\shtiker\SuitPage.py", line 240, in unload
    shadow.removeNode()
AssertionError: _error_type != ET_not_found at line 592 of panda/src/pgraph/nodePath.cxx
:11-06-2022 15:10:01 :task(error): Exception occurred in PythonTask readerPollTask-90391600
Traceback (most recent call last):
  File "C:\Toontown-Last-Laff-Workspace-10-21-2022\src\Panda3D-1.11.0-x64\direct\showbase\EventManager.py", line 49, in eventLoopTask
    self.doEvents()
  File "C:\Toontown-Last-Laff-Workspace-10-21-2022\src\Panda3D-1.11.0-x64\direct\showbase\EventManager.py", line 42, in doEvents
    while not isEmptyFunc():
  File "C:\Toontown-Last-Laff-Workspace-10-21-2022\src\Panda3D-1.11.0-x64\direct\distributed\ConnectionRepository.py", line 609, in readerPollUntilEmpty
    while self.readerPollOnce():
  File "C:\Toontown-Last-Laff-Workspace-10-21-2022\src\Panda3D-1.11.0-x64\direct\distributed\ConnectionRepository.py", line 616, in readerPollOnce
    self.handleDatagram(self.private__di)
  File "otp\distributed\OTPClientRepository.py", line 1838, in handleDatagram
    self.handler(msgType, di)
  File "otp\distributed\OTPClientRepository.py", line 1445, in handlePlayGame
    self.handleMessageType(msgType, di)
  File "otp\distributed\OTPClientRepository.py", line 1716, in handleMessageType
    self.handleGoGetLost(di)
  File "C:\Toontown-Last-Laff-Workspace-10-21-2022\src\Panda3D-1.11.0-x64\direct\distributed\ClientRepositoryBase.py", line 494, in handleGoGetLost
    self.lostConnection()
  File "otp\distributed\OTPClientRepository.py", line 1621, in lostConnection
    self.loginFSM.request('noConnection')
  File "C:\Toontown-Last-Laff-Workspace-10-21-2022\src\Panda3D-1.11.0-x64\direct\fsm\ClassicFSM.py", line 281, in request
    exitArgList)
  File "C:\Toontown-Last-Laff-Workspace-10-21-2022\src\Panda3D-1.11.0-x64\direct\fsm\ClassicFSM.py", line 227, in __transition
    self.__exitCurrent(exitArgList)
  File "C:\Toontown-Last-Laff-Workspace-10-21-2022\src\Panda3D-1.11.0-x64\direct\fsm\ClassicFSM.py", line 185, in __exitCurrent
    self.__currentState.exit(argList)
  File "C:\Toontown-Last-Laff-Workspace-10-21-2022\src\Panda3D-1.11.0-x64\direct\fsm\State.py", line 213, in exit
    self.__exitFunc(*argList)
  File "toontown\distributed\ToontownClientRepository.py", line 430, in exitPlayingGame
    base.localAvatar.deleteOrDelay()
  File "C:\Toontown-Last-Laff-Workspace-10-21-2022\src\Panda3D-1.11.0-x64\direct\distributed\DistributedObject.py", line 201, in deleteOrDelay
    self.disableAnnounceAndDelete()
  File "C:\Toontown-Last-Laff-Workspace-10-21-2022\src\Panda3D-1.11.0-x64\direct\distributed\DistributedObject.py", line 204, in disableAnnounceAndDelete
    self.disableAndAnnounce()
  File "C:\Toontown-Last-Laff-Workspace-10-21-2022\src\Panda3D-1.11.0-x64\direct\distributed\DistributedObject.py", line 230, in disableAndAnnounce
    self.disable()
  File "toontown\toon\LocalToon.py", line 256, in disable
    self.book.unload()
  File "toontown\shtiker\ShtikerBook.py", line 150, in unload
    page.unload()
  File "toontown\shtiker\SuitPage.py", line 240, in unload
    shadow.removeNode()
AssertionError: _error_type != ET_not_found at line 592 of panda/src/pgraph/nodePath.cxx
:11-06-2022 15:10:01 :task(error): Exception occurred in PythonTask eventManager
:11-06-2022 15:10:01 TTOffLauncher: setting panda error code to 12
:11-06-2022 15:10:01 TTOffLauncher(warning): Handling Python exception.
:11-06-2022 15:10:01 OTPClientRepository: Sent disconnect message to server
:11-06-2022 15:10:01 OTPClientRepository: Closing connection to server.
:11-06-2022 15:10:01 TTOffLauncher: Exception exit.

Traceback (most recent call last):
  File "otp\launcher\LauncherBase.py", line 1081, in mainLoop
    self._runTaskManager()
  File "otp\launcher\LauncherBase.py", line 1052, in _runTaskManager
    taskMgr.run()
  File "C:\Toontown-Last-Laff-Workspace-10-21-2022\src\Panda3D-1.11.0-x64\direct\task\Task.py", line 528, in run
    self.step()
  File "C:\Toontown-Last-Laff-Workspace-10-21-2022\src\Panda3D-1.11.0-x64\direct\task\Task.py", line 482, in step
    self.mgr.poll()
  File "C:\Toontown-Last-Laff-Workspace-10-21-2022\src\Panda3D-1.11.0-x64\direct\showbase\EventManager.py", line 49, in eventLoopTask
    self.doEvents()
  File "C:\Toontown-Last-Laff-Workspace-10-21-2022\src\Panda3D-1.11.0-x64\direct\showbase\EventManager.py", line 42, in doEvents
    while not isEmptyFunc():
  File "C:\Toontown-Last-Laff-Workspace-10-21-2022\src\Panda3D-1.11.0-x64\direct\distributed\ConnectionRepository.py", line 609, in readerPollUntilEmpty
    while self.readerPollOnce():
  File "C:\Toontown-Last-Laff-Workspace-10-21-2022\src\Panda3D-1.11.0-x64\direct\distributed\ConnectionRepository.py", line 616, in readerPollOnce
    self.handleDatagram(self.private__di)
  File "otp\distributed\OTPClientRepository.py", line 1838, in handleDatagram
    self.handler(msgType, di)
  File "otp\distributed\OTPClientRepository.py", line 1445, in handlePlayGame
    self.handleMessageType(msgType, di)
  File "otp\distributed\OTPClientRepository.py", line 1716, in handleMessageType
    self.handleGoGetLost(di)
  File "C:\Toontown-Last-Laff-Workspace-10-21-2022\src\Panda3D-1.11.0-x64\direct\distributed\ClientRepositoryBase.py", line 494, in handleGoGetLost
    self.lostConnection()
  File "otp\distributed\OTPClientRepository.py", line 1621, in lostConnection
    self.loginFSM.request('noConnection')
  File "C:\Toontown-Last-Laff-Workspace-10-21-2022\src\Panda3D-1.11.0-x64\direct\fsm\ClassicFSM.py", line 281, in request
    exitArgList)
  File "C:\Toontown-Last-Laff-Workspace-10-21-2022\src\Panda3D-1.11.0-x64\direct\fsm\ClassicFSM.py", line 227, in __transition
    self.__exitCurrent(exitArgList)
  File "C:\Toontown-Last-Laff-Workspace-10-21-2022\src\Panda3D-1.11.0-x64\direct\fsm\ClassicFSM.py", line 185, in __exitCurrent
    self.__currentState.exit(argList)
  File "C:\Toontown-Last-Laff-Workspace-10-21-2022\src\Panda3D-1.11.0-x64\direct\fsm\State.py", line 213, in exit
    self.__exitFunc(*argList)
  File "toontown\distributed\ToontownClientRepository.py", line 430, in exitPlayingGame
    base.localAvatar.deleteOrDelay()
  File "C:\Toontown-Last-Laff-Workspace-10-21-2022\src\Panda3D-1.11.0-x64\direct\distributed\DistributedObject.py", line 201, in deleteOrDelay
    self.disableAnnounceAndDelete()
  File "C:\Toontown-Last-Laff-Workspace-10-21-2022\src\Panda3D-1.11.0-x64\direct\distributed\DistributedObject.py", line 204, in disableAnnounceAndDelete
    self.disableAndAnnounce()
  File "C:\Toontown-Last-Laff-Workspace-10-21-2022\src\Panda3D-1.11.0-x64\direct\distributed\DistributedObject.py", line 230, in disableAndAnnounce
    self.disable()
  File "toontown\toon\LocalToon.py", line 256, in disable
    self.book.unload()
  File "toontown\shtiker\ShtikerBook.py", line 150, in unload
    page.unload()
  File "toontown\shtiker\SuitPage.py", line 240, in unload
    shadow.removeNode()
AssertionError: _error_type != ET_not_found at line 592 of panda/src/pgraph/nodePath.cxx
