

Starting Toontown Online...
Current time: Wed Oct 19 22:05:14 2022 Eastern Standard Time
sys.path =  ['', 'C:\\Toontown-Last-Laff-Workspace\\src\\Panda3D-1.11.0-x64\\python\\python27.zip', 'C:\\Panda3D-1.10.12-x64', 'C:\\Toontown-Last-Laff-Workspace\\src\\Panda3D-1.11.0-x64\\python\\DLLs', 'C:\\Toontown-Last-Laff-Workspace\\src\\Panda3D-1.11.0-x64\\python\\lib', 'C:\\Toontown-Last-Laff-Workspace\\src\\Panda3D-1.11.0-x64\\python\\lib\\plat-win', 'C:\\Toontown-Last-Laff-Workspace\\src\\Panda3D-1.11.0-x64\\python\\lib\\lib-tk', 'C:\\Toontown-Last-Laff-Workspace\\src\\Panda3D-1.11.0-x64\\python', 'C:\\Toontown-Last-Laff-Workspace\\src\\Panda3D-1.11.0-x64', 'C:\\Toontown-Last-Laff-Workspace\\src\\Panda3D-1.11.0-x64\\bin', 'C:\\Toontown-Last-Laff-Workspace\\src\\Panda3D-1.11.0-x64\\python\\lib\\site-packages']
sys.argv =  ['C:\\Toontown-Last-Laff-Workspace\\src\\toontown\\launcher\\TTOffQuickStartLauncher.py']
generating standard configrc
os.environ =  {'TMP': 'C:\\Users\\theph\\AppData\\Local\\Temp', 'COMPUTERNAME': 'DESKTOP-7054VC9', 'USERDOMAIN': 'DESKTOP-7054VC9', 'NEKO_INSTPATH': 'C:\\HaxeToolkit\\neko', 'INTEL_DEV_REDIST': 'C:\\Program Files (x86)\\Common Files\\Intel\\Shared Libraries\\', 'PSMODULEPATH': 'C:\\Program Files\\WindowsPowerShell\\Modules;C:\\WINDOWS\\system32\\WindowsPowerShell\\v1.0\\Modules', 'COMMONPROGRAMFILES': 'C:\\Program Files\\Common Files', 'PROCESSOR_IDENTIFIER': 'Intel64 Family 6 Model 158 Stepping 13, GenuineIntel', 'PROGRAMFILES': 'C:\\Program Files', 'PROCESSOR_REVISION': '9e0d', 'PATH': 'C:\\Toontown-Last-Laff-Workspace\\src\\Panda3D-1.11.0-x64\\panda3d\\..\\bin;C:\\Program Files (x86)\\Common Files\\Intel\\Shared Libraries\\redist\\intel64_win\\compiler;C:\\Program Files (x86)\\NVIDIA Corporation\\PhysX\\Common;C:\\Program Files\\Python38\\Scripts\\;C:\\Program Files\\Python38\\;C:\\WINDOWS\\system32;C:\\WINDOWS;C:\\WINDOWS\\System32\\Wbem;C:\\WINDOWS\\System32\\WindowsPowerShell\\v1.0\\;C:\\WINDOWS\\System32\\OpenSSH\\;C:\\Program Files\\NVIDIA Corporation\\NVIDIA NvDLISR;C:\\Program Files\\dotnet\\;C:\\Users\\theph\\AppData\\Local\\Programs\\Python\\Python39;C:\\Users\\theph\\AppData\\Local\\Programs\\Python\\Python39\\Scripts;C:\\Program Files\\Common Files\\Autodesk Shared\\;C:\\Program Files\\Git\\cmd;C:\\Program Files (x86)\\Windows Live\\Shared;C:\\HaxeToolkit\\haxe;C:\\HaxeToolkit\\neko;C:\\Program Files\\Microsoft SQL Server\\150\\Tools\\Binn\\;C:\\Program Files\\Microsoft SQL Server\\Client SDK\\ODBC\\170\\Tools\\Binn\\;C:\\Users\\theph\\AppData\\Local\\Microsoft\\WindowsApps;C:\\Users\\theph\\.dotnet\\tools;C:\\Program Files\\JetBrains\\PyCharm Community Edition 2020.3.3\\bin;C:\\Users\\theph\\AppData\\Local\\atom\\bin;C:\\Users\\theph\\AppData\\Local\\GitHubDesktop\\bin;C:\\Panda3D-1.9.0-x64\\python;C:\\Panda3D-1.9.0-x64\\python\\Scripts;C:\\Panda3D-1.9.0-x64\\bin;C:\\Panda3D-1.9.0\\python;C:\\Panda3D-1.9.0\\python\\Scripts;C:\\Panda3D-1.9.0\\bin;C:\\Panda3D-1.10.0\\python;C:\\Panda3D-1.10.0\\python\\Scripts;C:\\Panda3D-1.10.0\\bin;C:\\Program Files\\JetBrains\\PyCharm Community Edition 2022.2.2\\bin;;C:\\Users\\theph\\AppData\\Local\\Programs\\Microsoft VS Code\\bin;C:\\Panda3D-1.11.0\\python;C:\\Panda3D-1.11.0\\python\\Scripts;C:\\Panda3D-1.11.0\\bin;C:\\Users\\theph\\.dotnet\\tools;C:\\Panda3D-1.10.11-x64\\python;C:\\Panda3D-1.10.11-x64\\python\\Scripts;C:\\Panda3D-1.10.11-x64\\bin;C:\\Panda3D-1.11.0-x64\\python;C:\\Panda3D-1.11.0-x64\\python\\Scripts;C:\\Panda3D-1.11.0-x64\\bin;C:\\EventHorizon-battle-ng-teaser\\dependencies\\panda\\python;C:\\EventHorizon-battle-ng-teaser\\dependencies\\panda\\python\\Scripts;C:\\EventHorizon-battle-ng-teaser\\depe', 'SYSTEMROOT': 'C:\\WINDOWS', 'PROGRAMFILES(X86)': 'C:\\Program Files (x86)', 'COMSPEC': 'C:\\WINDOWS\\system32\\cmd.exe', 'DRIVERDATA': 'C:\\Windows\\System32\\Drivers\\DriverData', 'PPYTHON_PATH': '"Panda3D-1.11.0-x64\\python\\ppython.exe"', 'TEMP': 'C:\\Users\\theph\\AppData\\Local\\Temp', 'FPS_BROWSER_APP_PROFILE_STRING': 'Internet Explorer', 'COMMONPROGRAMFILES(X86)': 'C:\\Program Files (x86)\\Common Files', 'PROCESSOR_ARCHITECTURE': 'AMD64', 'ALLUSERSPROFILE': 'C:\\ProgramData', 'LOCALAPPDATA': 'C:\\Users\\theph\\AppData\\Local', 'FPS_BROWSER_USER_PROFILE_STRING': 'Default', 'HOMEPATH': '\\Users\\theph', 'USERDOMAIN_ROAMINGPROFILE': 'DESKTOP-7054VC9', 'PROGRAMW6432': 'C:\\Program Files', 'USERNAME': 'theph', 'LOGONSERVER': '\\\\DESKTOP-7054VC9', 'PROMPT': '$P$G', 'SESSIONNAME': 'Console', 'PROGRAMDATA': 'C:\\ProgramData', 'ONEDRIVE': 'C:\\Users\\theph\\OneDrive', 'ADSK_3DSMAX_X64_2019': 'C:\\Program Files\\Autodesk\\3ds Max 2019\\', 'ZES_ENABLE_SYSMAN': '1', 'HAXEPATH': 'C:\\HaxeToolkit\\haxe', 'PATHEXT': '.COM;.EXE;.BAT;.CMD;.VBS;.VBE;.JS;.JSE;.WSF;.WSH;.MSC;.PY;.PYW', 'TTOFF_LOGIN_TOKEN': 'dev', 'WINDIR': 'C:\\WINDOWS', 'PYCHARM COMMUNITY EDITION': 'C:\\Program Files\\JetBrains\\PyCharm Community Edition 2022.2.2\\bin;', 'HOMEDRIVE': 'C:', 'SYSTEMDRIVE': 'C:', 'PUBLIC': 'C:\\Users\\Public', 'NUMBER_OF_PROCESSORS': '16', 'APPDATA': 'C:\\Users\\theph\\AppData\\Roaming', 'PROCESSOR_LEVEL': '6', 'COMMONPROGRAMW6432': 'C:\\Program Files\\Common Files', 'OS': 'Windows_NT', 'ADSK_CLM_WPAD_PROXY_CHECK': 'FALSE', 'USERPROFILE': 'C:\\Users\\theph'}
:10-19-2022 22:05:14 TTOffLauncher: isTestServer: 0
:10-19-2022 22:05:14 TTOffLauncher: Game Server 127.0.0.1
:10-19-2022 22:05:14 TTOffLauncher: Starting Toontown Online... 
:10-19-2022 22:05:14 TTOffLauncher: foreground: Launcher now operating in foreground
useTTOffSpecificLogin=True
:10-19-2022 22:05:14 TTOffLauncher: maybeStartGame: starting game
:10-19-2022 22:05:14 TTOffLauncher: Starting Toontown Online...
:10-19-2022 22:05:14 TTOffLauncher: background: Launcher now operating in background
ToontownStart: Polling for game2 to finish...
ToontownStart: Game2 is finished.
ToontownStart: Starting the game.
ToontownStart: setting default font
:10-19-2022 22:05:14 TTOffLauncher: setting panda error code to 7
Known pipe types:
  wglGraphicsPipe
(all display modules loaded.)
:10-19-2022 22:05:14 ToonBase: Default graphics pipe is wglGraphicsPipe (OpenGL).
:10-19-2022 22:05:14 :display(warning): FrameBufferProperties available less than requested.
  requested: depth_bits=24 color_bits=3 red_bits=1 green_bits=1 blue_bits=1 alpha_bits=1 multisamples=70 back_buffers=1 force_hardware 
  got: depth_bits=24 color_bits=24 red_bits=8 green_bits=8 blue_bits=8 alpha_bits=8 accum_bits=64 multisamples=16 back_buffers=1 force_hardware 
:10-19-2022 22:05:14 ToonBase: Successfully opened window of type wglGraphicsWindow (OpenGL)
:10-19-2022 22:05:14 ShowBase: __dev__ == False
:10-19-2022 22:05:14 TTOffLauncher: setting panda error code to 11
:10-19-2022 22:05:14 TTOffLauncher: setting panda error code to 0
ToontownStart: Loading default gui sounds
ToontownStart: serverVersion:  tto-dev
:10-19-2022 22:05:14 Loader: starting bulk load of block 'init'
:10-19-2022 22:05:15 :nativenet(error): Buffered_DatagramConnection Constructor rbufsize = 4096000 wbufsize = 4096000 write_flush_point = 1400
:10-19-2022 22:05:15 OTPClientRepository: Using connect method 'http'
:10-19-2022 22:05:15 TTOffLauncher: getRegistry ('DEPLOYMENT', None)
:10-19-2022 22:05:15 TTOffLauncher: checking env
:10-19-2022 22:05:15 TTOffLauncher: getRegistry ('GAME_DEPLOYMENT', None)
:10-19-2022 22:05:15 TTOffLauncher: checking env
:10-19-2022 22:05:15 OTPClientRepository: reg_deployment=
:10-19-2022 22:05:15 OTPClientRepository: required-login auto.
:10-19-2022 22:05:15 OTPClientRepository: loginInterface: LoginTTOffAccount
:10-19-2022 22:05:15 TTOffLauncher: getNeedPwForSecretKey using ttoff-specific-login
:10-19-2022 22:05:15 Loader: At end of block 'init', expected 138, loaded 5, duration=1.1231836
:10-19-2022 22:05:16 OTPClientRepository: Connecting to gameserver directly (no proxy).
:10-19-2022 22:05:16 OTPClientRepository: Connecting to //127.0.0.1:7198 via HTTP interface.
:10-19-2022 22:05:16 TTOffLauncher: Stopping mini task manager.
:10-19-2022 22:05:16 OTPClientRepository: Successfully connected to //127.0.0.1:7198.
:10-19-2022 22:05:16 TTOffLauncher: Setting Disconnect Details normal
{402000001: <toontown.distributed.ToontownDistrict.ToontownDistrict instance at 0x000000001F830DC8>}
:10-19-2022 22:05:17 StateData: AvatarChooser.enter
:10-19-2022 22:05:17 DisplayOptions: settingsFullScreen = False, embedded = False width=800 height=600
:10-19-2022 22:05:17 StateData: calling self.displayOptions.restrictToEmbedded(False)
:10-19-2022 22:05:20 OTPClientRepository: ================
:10-19-2022 22:05:20 OTPClientRepository: Chose avatar id: 100000001
:10-19-2022 22:05:20 OTPClientRepository: Chose avatar name: Winky Megaberry
:10-19-2022 22:05:20 OTPClientRepository: Chose avatar dna: ('rls', 'ss', 's', 'm', 22, 0, 22, 22, 0, 27, 0, 27, 1, 18)
:10-19-2022 22:05:20 OTPClientRepository: Chose avatar position: 1
:10-19-2022 22:05:20 OTPClientRepository: isPaid: 1
:10-19-2022 22:05:20 OTPClientRepository: freeTimeLeft: 0
:10-19-2022 22:05:20 OTPClientRepository: allowSecretChat: True
:10-19-2022 22:05:20 OTPClientRepository: ================
:10-19-2022 22:05:20 Loader: starting bulk load of block 'localAvatarPlayGame'
:10-19-2022 22:05:20 ToontownTimeManager(warning): error parsing date string=
local
:10-19-2022 22:05:20 NewsPageButtonManager(warning): Should not get here. NewsPageButtonManager.exitOff
:10-19-2022 22:05:20 :pnmimage:png(warning): iCCP: known incorrect sRGB profile
:10-19-2022 22:05:22 OTPClientRepository: Entering shard 402000001
:10-19-2022 22:05:22 StreetSign: Street sign url is https://ttoffline.com/images/
:10-19-2022 22:05:23 TimeManager: Clock sync: TimeManager.announceGenerate
:10-19-2022 22:05:23 NewsManager: setHolidayId: Starting Holiday 26
:10-19-2022 22:05:23 NewsManager: setHolidayId: Starting Holiday 7
:10-19-2022 22:05:23 InGameNewsMgr: latestIssue=2013-08-22 16:49:46.000003-07:00
cpu info: GenuineIntel|Intel(R) Core(TM) i9-9900K CPU @ 3.60GHz|591597|0|3.600,3.600|8,16 cpus
:10-19-2022 22:05:24 OTPClientRepository: No sync from TimeManager.
:10-19-2022 22:05:24 OTPClientRepository: gotTimeSync
:10-19-2022 22:05:24 Loader: At end of block 'localAvatarPlayGame', expected 400, loaded 14, duration=4.3804573
:10-19-2022 22:05:24 TimeManager: Clock sync roundtrip took 1170.100 ms
:10-19-2022 22:05:24 TimeManager: AI time delta is -0:01 from server delta
:10-19-2022 22:05:24 TimeManager: Local clock uncertainty +/- 0.585 s
:10-19-2022 22:05:24 PlayGame: QA-REGRESSION: NEIGHBORHOODS: Visit Sellbot HQ
:10-19-2022 22:05:24 Loader: starting bulk load of block 'hood'
:10-19-2022 22:05:25 TownBattleSuitPanel: Loading Suit Battle Panel!
:10-19-2022 22:05:25 TownBattleSuitPanel: Loading Suit Battle Panel!
:10-19-2022 22:05:25 TownBattleSuitPanel: Loading Suit Battle Panel!
:10-19-2022 22:05:25 TownBattleSuitPanel: Loading Suit Battle Panel!
:10-19-2022 22:05:25 SellbotCogHQLoader: loadPlaceGeom: 11000
:10-19-2022 22:05:25 DistributedObject: DistributedSuitPlanner 402002950: generating
:10-19-2022 22:05:25 DistributedToon: calling LocalAvatar.startchat
:10-19-2022 22:05:25 :loader(error): Couldn't load file phase_4/models/questmap/cog_hq_sellbot_maps.bam: not found on model path (currently: "/;/c/Toontown-Last-Laff-Workspace/src/toontown/launcher;/c/Toontown-Last-Laff-Workspace/src/Panda3D-1.11.0-x64/etc/..;/c/Toontown-Last-Laff-Workspace/src/Panda3D-1.11.0-x64/etc/../models")
:10-19-2022 22:05:25 Loader: At end of block 'hood', expected 43, loaded 4, duration=1.0738942
:10-19-2022 22:05:27 Teleport(debug): teleportInDone: walk
:10-19-2022 22:05:27 :loader(error): Couldn't load file phase_4/models/questmap/cog_hq_sellbot_maps.bam: not found on model path (currently: "/;/c/Toontown-Last-Laff-Workspace/src/toontown/launcher;/c/Toontown-Last-Laff-Workspace/src/Panda3D-1.11.0-x64/etc/..;/c/Toontown-Last-Laff-Workspace/src/Panda3D-1.11.0-x64/etc/../models")
:10-19-2022 22:05:28 TTOffMagicWordManager: Run mode has been toggled.
:10-19-2022 22:05:33 ClassicFSM(warning): [DistributedSuit]: no transition exists from Walk to FromCogHQ
:10-19-2022 22:05:35 SellbotCogHQLoader: loadPlaceGeom: 11200
:10-19-2022 22:05:35 SellbotHQExterior: Unloading Place (11000). Fsm in final
:10-19-2022 22:05:35 DistributedObject: DistributedSuitPlanner 402002950: disabling
:10-19-2022 22:05:35 DistributedObject: DistributedSuitPlanner 402002951: generating
:10-19-2022 22:05:35 DistributedToon: calling LocalAvatar.startchat
:10-19-2022 22:05:35 :loader(error): Couldn't load file phase_4/models/questmap/cog_hq_sellbot_maps.bam: not found on model path (currently: "/;/c/Toontown-Last-Laff-Workspace/src/toontown/launcher;/c/Toontown-Last-Laff-Workspace/src/Panda3D-1.11.0-x64/etc/..;/c/Toontown-Last-Laff-Workspace/src/Panda3D-1.11.0-x64/etc/../models")
:10-19-2022 22:05:38 :loader(error): Couldn't load file phase_4/models/questmap/cog_hq_sellbot_maps.bam: not found on model path (currently: "/;/c/Toontown-Last-Laff-Workspace/src/toontown/launcher;/c/Toontown-Last-Laff-Workspace/src/Panda3D-1.11.0-x64/etc/..;/c/Toontown-Last-Laff-Workspace/src/Panda3D-1.11.0-x64/etc/../models")
:10-19-2022 22:06:00 SellbotCogHQLoader: loadPlaceGeom: 61200
:10-19-2022 22:06:00 SellbotCogHQLoader(warning): loadPlaceGeom: unclassified zone 61200
:10-19-2022 22:06:00 FactoryExterior: Unloading Place (11200). Fsm in final
:10-19-2022 22:06:00 DistributedObject: DistributedSuitPlanner 402002951: disabling
:10-19-2022 22:06:00 TimeManager: Clock sync: DistributedLevel.generate
:10-19-2022 22:06:00 Loader: starting bulk load of block 'factory'
:10-19-2022 22:06:01 Loader: loader.loadModelCopy() is deprecated; use loader.loadModel() instead.
:10-19-2022 22:06:01 Loader: loader.loadModelCopy() is deprecated; use loader.loadModel() instead.
:10-19-2022 22:06:01 Loader: loader.loadModelCopy() is deprecated; use loader.loadModel() instead.
:10-19-2022 22:06:01 Loader: loader.loadModelCopy() is deprecated; use loader.loadModel() instead.
:10-19-2022 22:06:01 Loader: loader.loadModelCopy() is deprecated; use loader.loadModel() instead.
:10-19-2022 22:06:01 Loader: loader.loadModelCopy() is deprecated; use loader.loadModel() instead.
:10-19-2022 22:06:01 Loader: loader.loadModelCopy() is deprecated; use loader.loadModel() instead.
:10-19-2022 22:06:01 Loader: loader.loadModelCopy() is deprecated; use loader.loadModel() instead.
:10-19-2022 22:06:01 Loader: loader.loadModelCopy() is deprecated; use loader.loadModel() instead.
:10-19-2022 22:06:01 Loader: loader.loadModelCopy() is deprecated; use loader.loadModel() instead.
:10-19-2022 22:06:01 Loader: loader.loadModelCopy() is deprecated; use loader.loadModel() instead.
:10-19-2022 22:06:01 Loader: loader.loadModelCopy() is deprecated; use loader.loadModel() instead.
:10-19-2022 22:06:01 Loader: At end of block 'factory', expected 496, loaded 3, duration=0.799757
:10-19-2022 22:06:01 DistributedToon: calling LocalAvatar.startchat
:10-19-2022 22:06:01 TimeManager: Clock sync roundtrip took 807.623 ms
:10-19-2022 22:06:01 TimeManager: AI time delta is -0:00 from server delta
:10-19-2022 22:06:01 ClockDelta: previous delta at -418.377 s, +/- 0.596 s.
:10-19-2022 22:06:01 ClockDelta: new delta at -418.555 s, +/- 0.404 s.
:10-19-2022 22:06:01 ClockDelta: intersection at -418.555 s, +/- 0.404 s.
:10-19-2022 22:06:01 TimeManager: Local clock uncertainty +/- 0.404 s
:10-19-2022 22:06:03 Teleport(debug): teleportInDone: walk
doors enter state 1
openInnerDoors
openInnerDoors
openInnerDoors stage Two
:10-19-2022 22:06:40 ToonBase: User closed main window.
:10-19-2022 22:06:40 TimeManager: Client disconnect reason 2.
:10-19-2022 22:06:40 Entity(warning): Entity 20048 destroyed after level??
:10-19-2022 22:06:40 Entity(warning): Entity 30000 destroyed after level??
:10-19-2022 22:06:40 Entity(warning): Entity 30009 destroyed after level??
:10-19-2022 22:06:40 Entity(warning): Entity 20052 destroyed after level??
:10-19-2022 22:06:40 DistributedGoon(warning): called actor.removeNode() on DistributedGoon-20052 without calling cleanup()
:10-19-2022 22:06:40 FactoryInterior: Unloading Place (11500). Fsm in final
:10-19-2022 22:06:40 OTPClientRepository(warning): unclean exit, abandoning shard
ignoring InputState-forward
:10-19-2022 22:06:40 OTPClientRepository: sending clientLogout
:10-19-2022 22:06:40 LocalAvatar(warning): redundant call to stopUpdateSmartCamera
:10-19-2022 22:06:40 OTPClientRepository: Sent disconnect message to server
:10-19-2022 22:06:40 OTPClientRepository: Closing connection to server.
:10-19-2022 22:06:40 OTPClientRepository: Exiting cleanly
:10-19-2022 22:06:40 ToonBase: Exiting Toontown: errorCode = None
:10-19-2022 22:06:40 TTOffLauncher: setting panda error code to 0
:10-19-2022 22:06:40 TTOffLauncher: Normal exit.
