

Starting Toontown Online...
Current time: Fri Oct 28 18:00:42 2022 Eastern Standard Time
sys.path =  ['', 'C:\\Toontown-Last-Laff-Workspace-10-21-2022\\src\\Panda3D-1.11.0-x64\\python\\python27.zip', 'C:\\Panda3D-1.11.0-x64', 'C:\\Toontown-Last-Laff-Workspace-10-21-2022\\src\\Panda3D-1.11.0-x64\\python\\DLLs', 'C:\\Toontown-Last-Laff-Workspace-10-21-2022\\src\\Panda3D-1.11.0-x64\\python\\lib', 'C:\\Toontown-Last-Laff-Workspace-10-21-2022\\src\\Panda3D-1.11.0-x64\\python\\lib\\plat-win', 'C:\\Toontown-Last-Laff-Workspace-10-21-2022\\src\\Panda3D-1.11.0-x64\\python\\lib\\lib-tk', 'C:\\Toontown-Last-Laff-Workspace-10-21-2022\\src\\Panda3D-1.11.0-x64\\python', 'C:\\Toontown-Last-Laff-Workspace-10-21-2022\\src\\Panda3D-1.11.0-x64', 'C:\\Toontown-Last-Laff-Workspace-10-21-2022\\src\\Panda3D-1.11.0-x64\\bin', 'C:\\Toontown-Last-Laff-Workspace-10-21-2022\\src\\Panda3D-1.11.0-x64\\python\\lib\\site-packages']
sys.argv =  ['C:\\Toontown-Last-Laff-Workspace-10-21-2022\\src\\toontown\\launcher\\TTOffQuickStartLauncher.py']
generating standard configrc
os.environ =  {'TMP': 'C:\\Users\\Philip\\AppData\\Local\\Temp', 'COMPUTERNAME': 'PHILIP-JR', 'USERDOMAIN': 'PHILIP-JR', 'NEKO_INSTPATH': 'C:\\HaxeToolkit\\neko', 'PSMODULEPATH': 'C:\\WINDOWS\\system32\\WindowsPowerShell\\v1.0\\Modules\\', 'DOKANLIBRARY1': 'C:\\Program Files\\Dokan\\Dokan Library-1.4.1\\', 'ADSK_3DSMAX_X64_2021': 'C:\\Program Files\\Autodesk\\3ds Max 2021\\', 'PROCESSOR_IDENTIFIER': 'Intel64 Family 6 Model 45 Stepping 7, GenuineIntel', 'VBOX_MSI_INSTALL_PATH': 'C:\\Program Files\\Oracle\\VirtualBox\\', 'PROGRAMFILES': 'C:\\Program Files', 'PROCESSOR_REVISION': '2d07', 'PATH': 'C:\\Panda3D-1.11.0-x64\\panda3d\\..\\bin;C:\\Program Files (x86)\\Common Files\\Oracle\\Java\\javapath;C:\\Windows\\system32;C:\\Windows;C:\\Windows\\System32\\Wbem;C:\\Windows\\System32\\WindowsPowerShell\\v1.0\\;C:\\Program Files (x86)\\NVIDIA Corporation\\PhysX\\Common;C:\\Program Files\\Git\\cmd;C:\\WINDOWS\\system32;C:\\WINDOWS;C:\\WINDOWS\\System32\\Wbem;C:\\WINDOWS\\System32\\WindowsPowerShell\\v1.0\\;C:\\Program Files\\dotnet\\;C:\\Program Files\\Common Files\\Autodesk Shared\\;C:\\Program Files\\Microsoft SQL Server\\120\\Tools\\Binn\\;C:\\HaxeToolkit\\haxe;C:\\HaxeToolkit\\neko;C:\\Program Files\\Animation Paper\\gstreamer\\bin;C:\\Program Files\\PuTTY\\;C:\\Program Files\\NVIDIA Corporation\\NVIDIA NvDLISR;C:\\Program Files (x86)\\Windows Live\\Shared;C:\\HaxeToolkit\\haxe;C:\\HaxeToolkit\\neko;C:\\Program Files (x86)\\Windows Kits\\8.1\\Windows Performance Toolkit\\;C:\\Users\\Philip\\anaconda3;C:\\Users\\Philip\\anaconda3\\Library\\mingw-w64\\bin;C:\\Users\\Philip\\anaconda3\\Library\\usr\\bin;C:\\Users\\Philip\\anaconda3\\Library\\bin;C:\\Users\\Philip\\anaconda3\\Scripts;C:\\Program Files\\MySQL\\MySQL Shell 8.0\\bin\\;C:\\Panda3D-1.10.02\\python;C:\\Panda3D-1.10.02\\python\\Scripts;C:\\Panda3D-1.10.02\\bin;C:\\Panda3D-1.11.0-x64-py2\\python;C:\\Panda3D-1.11.0-x64-py2\\python\\Scripts;C:\\Panda3D-1.11.0-x64-py2\\bin;C:\\Users\\Philip\\AppData\\Local\\GitHubDesktop\\bin;C:\\Panda3D-1.9.0\\python;C:\\Panda3D-1.9.0\\python\\Scripts;C:\\Panda3D-1.9.0\\bin;C:\\Panda3D-1.10.0-x64\\python;C:\\Panda3D-1.10.0-x64\\python\\Scripts;C:\\Panda3D-1.10.0-x64\\bin;C:\\Users\\Philip\\AppData\\Local\\atom\\bin;C:\\Panda3D-1.10.0\\python;C:\\Panda3D-1.10.0\\python\\Scripts;C:\\Panda3D-1.10.0\\bin;C:\\Panda3D-1.11.0-x64-astron\\python;C:\\Panda3D-1.11.0-x64-astron\\python\\Scripts;C:\\Panda3D-1.11.0-x64-astron\\bin;C:\\Panda3D-1.11.0-x64\\python;C:\\Panda3D-1.11.0-x64\\python\\Scripts;C:\\Panda3D-1.11.0-x64\\bin;C:\\Panda3D-1.10.9-x64\\python;C:\\Panda3D-1.10.9-x64\\python\\Scrip;C:\\Users\\Philip\\AppData\\Local\\Programs\\Microsoft VS Code\\bin;C:\\Users\\Philip\\.dotnet\\tools;%C:\\Program Files (x86)\\Windows Kits\\8.1\\bin\\x86\\rc.exe%;%C:\\Program Files (x86)\\Microsoft Visual Studio\\2019\\BuildTools\\Common7\\IDE%;C:\\Program Files\\JetBrains\\PyCharm Community Edition 2022.2.3\\bin;', 'SYSTEMROOT': 'C:\\WINDOWS', 'NUMBER_OF_PROCESSORS': '8', 'PROGRAMFILES(X86)': 'C:\\Program Files (x86)', 'COMSPEC': 'C:\\WINDOWS\\system32\\cmd.exe', 'KMP_BLOCKTIME': '0', 'PPYTHON_PATH': '"Panda3D-1.11.0-x64\\python\\ppython.exe"', 'PYCHARM COMMUNITY EDITION': 'C:\\Program Files\\JetBrains\\PyCharm Community Edition 2022.2.3\\bin;', 'COMMONPROGRAMFILES(X86)': 'C:\\Program Files (x86)\\Common Files', 'PROCESSOR_ARCHITECTURE': 'AMD64', 'DOKANLIBRARY1_LIBRARYPATH_X64': 'C:\\Program Files\\Dokan\\Dokan Library-1.4.1\\lib\\', 'ALLUSERSPROFILE': 'C:\\ProgramData', 'LOCALAPPDATA': 'C:\\Users\\Philip\\AppData\\Local', 'HOMEPATH': '\\Users\\Philip', 'USERDOMAIN_ROAMINGPROFILE': 'PHILIP-JR', 'PROGRAMW6432': 'C:\\Program Files', 'USERNAME': 'Philip', 'FP_NO_HOST_CHECK': 'NO', 'DOKANLIBRARY1_LIBRARYPATH_X86': 'C:\\Program Files\\Dokan\\Dokan Library-1.4.1\\x86\\lib\\', 'LOGONSERVER': '\\\\MicrosoftAccount', 'PROMPT': '$P$G', 'SESSIONNAME': 'Console', 'PROGRAMDATA': 'C:\\ProgramData', 'COMMONPROGRAMFILES': 'C:\\Program Files\\Common Files', 'TEMP': 'C:\\Users\\Philip\\AppData\\Local\\Temp', 'HAXEPATH': 'C:\\HaxeToolkit\\haxe', 'PATHEXT': '.COM;.EXE;.BAT;.CMD;.VBS;.VBE;.JS;.JSE;.WSF;.WSH;.MSC', 'TTOFF_LOGIN_TOKEN': 'dev', 'VS160COMCOMNTOOLS': 'C:\\Program Files (x86)\\Microsoft Visual Studio\\2019\\Community\\Common7\\Tools\\', 'WINDIR': 'C:\\WINDOWS', 'OMP_WAIT_POLICY': 'PASSIVE', 'MONGO': 'C:\\mongodb-win32-x86_64-windows-4.4.4/bin', 'HOMEDRIVE': 'C:', 'SYSTEMDRIVE': 'C:', 'PUBLIC': 'C:\\Users\\Public', 'APPDATA': 'C:\\Users\\Philip\\AppData\\Roaming', 'PROCESSOR_LEVEL': '6', 'CIOENGINE': 'C:\\cio-panda3d', 'COMMONPROGRAMW6432': 'C:\\Program Files\\Common Files', 'OS': 'Windows_NT', 'ADSK_CLM_WPAD_PROXY_CHECK': 'FALSE', 'USERPROFILE': 'C:\\Users\\Philip'}
:10-28-2022 18:00:42 TTOffLauncher: isTestServer: 0
:10-28-2022 18:00:42 TTOffLauncher: Game Server 127.0.0.1
:10-28-2022 18:00:42 TTOffLauncher: Starting Toontown Online... 
:10-28-2022 18:00:42 TTOffLauncher: foreground: Launcher now operating in foreground
useTTOffSpecificLogin=True
:10-28-2022 18:00:42 TTOffLauncher: maybeStartGame: starting game
:10-28-2022 18:00:42 TTOffLauncher: Starting Toontown Online...
:10-28-2022 18:00:42 TTOffLauncher: background: Launcher now operating in background
ToontownStart: Polling for game2 to finish...
ToontownStart: Game2 is finished.
ToontownStart: Starting the game.
ToontownStart: setting default font
:10-28-2022 18:00:42 TTOffLauncher: setting panda error code to 7
Known pipe types:
  wglGraphicsPipe
(all display modules loaded.)
:10-28-2022 18:00:43 ToonBase: Default graphics pipe is wglGraphicsPipe (OpenGL).
:10-28-2022 18:00:43 :display(warning): FrameBufferProperties available less than requested.
  requested: depth_bits=24 color_bits=3 red_bits=1 green_bits=1 blue_bits=1 alpha_bits=1 multisamples=70 back_buffers=1 force_hardware 
  got: depth_bits=24 color_bits=24 red_bits=8 green_bits=8 blue_bits=8 alpha_bits=8 accum_bits=64 multisamples=16 back_buffers=1 force_hardware 
:10-28-2022 18:00:43 ToonBase: Successfully opened window of type wglGraphicsWindow (OpenGL)
:10-28-2022 18:00:43 ShowBase: __dev__ == False
:10-28-2022 18:00:43 TTOffLauncher: setting panda error code to 11
:10-28-2022 18:00:43 TTOffLauncher: setting panda error code to 0
ToontownStart: Loading default gui sounds
ToontownStart: serverVersion:  tto-dev
:10-28-2022 18:00:43 Loader: starting bulk load of block 'init'
:10-28-2022 18:00:44 :nativenet(error): Buffered_DatagramConnection Constructor rbufsize = 4096000 wbufsize = 4096000 write_flush_point = 1400
:10-28-2022 18:00:44 OTPClientRepository: Using connect method 'http'
:10-28-2022 18:00:45 TTOffLauncher: getRegistry ('DEPLOYMENT', None)
:10-28-2022 18:00:45 TTOffLauncher: checking env
:10-28-2022 18:00:45 TTOffLauncher: getRegistry ('GAME_DEPLOYMENT', None)
:10-28-2022 18:00:45 TTOffLauncher: checking env
:10-28-2022 18:00:45 OTPClientRepository: reg_deployment=
:10-28-2022 18:00:45 OTPClientRepository: required-login auto.
:10-28-2022 18:00:45 OTPClientRepository: loginInterface: LoginTTOffAccount
:10-28-2022 18:00:45 TTOffLauncher: getNeedPwForSecretKey using ttoff-specific-login
:10-28-2022 18:00:45 Loader: At end of block 'init', expected 138, loaded 7, duration=1.51622498171
:10-28-2022 18:00:45 OTPClientRepository: Connecting to gameserver directly (no proxy).
:10-28-2022 18:00:45 OTPClientRepository: Connecting to //127.0.0.1:7198 via HTTP interface.
:10-28-2022 18:00:45 TTOffLauncher: Stopping mini task manager.
:10-28-2022 18:00:45 OTPClientRepository: Successfully connected to //127.0.0.1:7198.
:10-28-2022 18:00:45 TTOffLauncher: Setting Disconnect Details normal
{402000001: <toontown.distributed.ToontownDistrict.ToontownDistrict instance at 0x0000000018776A88>}
:10-28-2022 18:00:46 StateData: AvatarChooser.enter
:10-28-2022 18:00:46 DisplayOptions: settingsFullScreen = False, embedded = False width=800 height=600
:10-28-2022 18:00:46 StateData: calling self.displayOptions.restrictToEmbedded(False)
:10-28-2022 18:00:47 OTPClientRepository: ================
:10-28-2022 18:00:47 OTPClientRepository: Chose avatar id: 100000001
:10-28-2022 18:00:47 OTPClientRepository: Chose avatar name: Wittybumble
:10-28-2022 18:00:47 OTPClientRepository: Chose avatar dna: ('dss', 'ms', 'm', 'm', 6, 0, 6, 6, 1, 9, 1, 9, 1, 18)
:10-28-2022 18:00:47 OTPClientRepository: Chose avatar position: 1
:10-28-2022 18:00:47 OTPClientRepository: isPaid: 1
:10-28-2022 18:00:47 OTPClientRepository: freeTimeLeft: 0
:10-28-2022 18:00:47 OTPClientRepository: allowSecretChat: True
:10-28-2022 18:00:47 OTPClientRepository: ================
:10-28-2022 18:00:47 Loader: starting bulk load of block 'localAvatarPlayGame'
:10-28-2022 18:00:47 ToontownTimeManager(warning): error parsing date string=
:10-28-2022 18:00:48 Actor(warning): no part named head-front*!
local
:10-28-2022 18:00:48 NewsPageButtonManager(warning): Should not get here. NewsPageButtonManager.exitOff
:10-28-2022 18:00:48 :pnmimage:png(warning): iCCP: known incorrect sRGB profile
:10-28-2022 18:00:50 Actor(warning): no part named head-front*!
:10-28-2022 18:00:50 OTPClientRepository: Entering shard 402000001
:10-28-2022 18:00:50 StreetSign: Street sign url is https://ttoffline.com/images/
:10-28-2022 18:00:51 TimeManager: Clock sync: TimeManager.announceGenerate
:10-28-2022 18:00:51 NewsManager: setHolidayId: Starting Holiday 26
:10-28-2022 18:00:51 InGameNewsMgr: latestIssue=2013-08-22 16:49:46.000003-07:00
cpu info: GenuineIntel|        Intel(R) Core(TM) i7-3820 CPU @ 3.60GHz|132823|0|3.601,3.601|4,8 cpus
:10-28-2022 18:00:52 OTPClientRepository: No sync from TimeManager.
:10-28-2022 18:00:52 OTPClientRepository: gotTimeSync
:10-28-2022 18:00:52 Loader: At end of block 'localAvatarPlayGame', expected 400, loaded 20, duration=5.45078432644
:10-28-2022 18:00:52 TimeManager: Clock sync roundtrip took 1129.002 ms
:10-28-2022 18:00:52 TimeManager: AI time delta is -0:01 from server delta
:10-28-2022 18:00:52 TimeManager: Local clock uncertainty +/- 0.565 s
:10-28-2022 18:00:52 PlayGame: QA-REGRESSION: NEIGHBORHOODS: Visit Donald's Dock
:10-28-2022 18:00:52 Loader: starting bulk load of block 'hood'
:10-28-2022 18:00:54 DistributedObject(warning): no loader.getInteractiveProp self.interactiveProp is None
:10-28-2022 18:00:54 DistributedToon: calling LocalAvatar.startchat
:10-28-2022 18:00:54 Loader: At end of block 'hood', expected 12, loaded 9, duration=1.89015419151
:10-28-2022 18:00:56 Teleport(debug): teleportInDone: walk
:10-28-2022 18:01:33 ShtikerBook: QA-REGRESSION: SHTICKERBOOK: Open
OnscreenText.configure: mayChange == 0
OnscreenText.configure: mayChange == 0
OnscreenText.configure: mayChange == 0
OnscreenText.configure: mayChange == 0
:10-28-2022 18:01:34 ShtikerBook: QA-REGRESSION: SHTICKERBOOK: Browse tabs Map
:10-28-2022 18:01:34 ShtikerBook: QA-REGRESSION: SHTICKERBOOK: Close
:10-28-2022 18:01:40 DDPlayground: Unloading Place (1000). Fsm in final
:10-28-2022 18:01:40 PlayGame: QA-REGRESSION: NEIGHBORHOODS: Visit Sellbot HQ
:10-28-2022 18:01:40 Loader: starting bulk load of block 'hood'
:10-28-2022 18:01:40 TownBattleSuitPanel: Loading Suit Battle Panel!
:10-28-2022 18:01:40 TownBattleSuitPanel: Loading Suit Battle Panel!
:10-28-2022 18:01:40 TownBattleSuitPanel: Loading Suit Battle Panel!
:10-28-2022 18:01:40 TownBattleSuitPanel: Loading Suit Battle Panel!
:10-28-2022 18:01:40 TownBattleSuitPanel: Loading Suit Battle Panel!
:10-28-2022 18:01:40 TownBattleSuitPanel: Loading Suit Battle Panel!
:10-28-2022 18:01:40 TownBattleSuitPanel: Loading Suit Battle Panel!
:10-28-2022 18:01:40 TownBattleSuitPanel: Loading Suit Battle Panel!
:10-28-2022 18:01:40 SellbotCogHQLoader: loadPlaceGeom: 11000
:10-28-2022 18:01:40 DistributedObject: DistributedSuitPlanner 402002954: generating
:10-28-2022 18:01:41 DistributedToon: calling LocalAvatar.startchat
:10-28-2022 18:01:41 :loader(error): Couldn't load file phase_4/models/questmap/cog_hq_sellbot_maps.bam: not found on model path (currently: "/;/c/Toontown-Last-Laff-Workspace-10-21-2022/src/toontown/launcher;/c/Panda3D-1.11.0-x64/etc/..;/c/Panda3D-1.11.0-x64/etc/../models")
:10-28-2022 18:01:41 Loader: At end of block 'hood', expected 43, loaded 3, duration=0.815115251102
:10-28-2022 18:01:41 :gobj(error): Texture::read() - couldn't read: phase_3/maps/hands/gh.png
:10-28-2022 18:01:41 :gobj(error): Unable to find texture "phase_3/maps/hands/gh.png" on model-path /;/c/Toontown-Last-Laff-Workspace-10-21-2022/src/toontown/launcher;/c/Panda3D-1.11.0-x64/etc/..;/c/Panda3D-1.11.0-x64/etc/../models
:10-28-2022 18:01:41 :gobj(error): Texture::read() - couldn't read: phase_3/maps/hands/gh.png
:10-28-2022 18:01:41 :gobj(error): Unable to find texture "phase_3/maps/hands/gh.png" on model-path /;/c/Toontown-Last-Laff-Workspace-10-21-2022/src/toontown/launcher;/c/Panda3D-1.11.0-x64/etc/..;/c/Panda3D-1.11.0-x64/etc/../models
:10-28-2022 18:01:41 :gobj(error): Texture::read() - couldn't read: phase_3/maps/hands/nd.png
:10-28-2022 18:01:41 :gobj(error): Unable to find texture "phase_3/maps/hands/nd.png" on model-path /;/c/Toontown-Last-Laff-Workspace-10-21-2022/src/toontown/launcher;/c/Panda3D-1.11.0-x64/etc/..;/c/Panda3D-1.11.0-x64/etc/../models
:10-28-2022 18:01:41 :gobj(error): Texture::read() - couldn't read: phase_3/maps/hands/tf.png
:10-28-2022 18:01:41 :gobj(error): Unable to find texture "phase_3/maps/hands/tf.png" on model-path /;/c/Toontown-Last-Laff-Workspace-10-21-2022/src/toontown/launcher;/c/Panda3D-1.11.0-x64/etc/..;/c/Panda3D-1.11.0-x64/etc/../models
:10-28-2022 18:01:41 :gobj(error): Texture::read() - couldn't read: phase_3/maps/hands/tf.png
:10-28-2022 18:01:41 :gobj(error): Unable to find texture "phase_3/maps/hands/tf.png" on model-path /;/c/Toontown-Last-Laff-Workspace-10-21-2022/src/toontown/launcher;/c/Panda3D-1.11.0-x64/etc/..;/c/Panda3D-1.11.0-x64/etc/../models
:10-28-2022 18:01:41 :gobj(error): Texture::read() - couldn't read: phase_3/maps/hands/nd.png
:10-28-2022 18:01:41 :gobj(error): Unable to find texture "phase_3/maps/hands/nd.png" on model-path /;/c/Toontown-Last-Laff-Workspace-10-21-2022/src/toontown/launcher;/c/Panda3D-1.11.0-x64/etc/..;/c/Panda3D-1.11.0-x64/etc/../models
:10-28-2022 18:01:41 :gobj(error): Texture::read() - couldn't read: phase_3/maps/hands/nd.png
:10-28-2022 18:01:41 :gobj(error): Unable to find texture "phase_3/maps/hands/nd.png" on model-path /;/c/Toontown-Last-Laff-Workspace-10-21-2022/src/toontown/launcher;/c/Panda3D-1.11.0-x64/etc/..;/c/Panda3D-1.11.0-x64/etc/../models
:10-28-2022 18:01:41 :gobj(error): Texture::read() - couldn't read: phase_3/maps/hands/gh.png
:10-28-2022 18:01:41 :gobj(error): Unable to find texture "phase_3/maps/hands/gh.png" on model-path /;/c/Toontown-Last-Laff-Workspace-10-21-2022/src/toontown/launcher;/c/Panda3D-1.11.0-x64/etc/..;/c/Panda3D-1.11.0-x64/etc/../models
:10-28-2022 18:01:42 Teleport(debug): teleportInDone: walk
:10-28-2022 18:01:42 :loader(error): Couldn't load file phase_4/models/questmap/cog_hq_sellbot_maps.bam: not found on model path (currently: "/;/c/Toontown-Last-Laff-Workspace-10-21-2022/src/toontown/launcher;/c/Panda3D-1.11.0-x64/etc/..;/c/Panda3D-1.11.0-x64/etc/../models")
:10-28-2022 18:01:47 :gobj(error): Texture::read() - couldn't read: phase_3/maps/hands/gh.png
:10-28-2022 18:01:47 :gobj(error): Unable to find texture "phase_3/maps/hands/gh.png" on model-path /;/c/Toontown-Last-Laff-Workspace-10-21-2022/src/toontown/launcher;/c/Panda3D-1.11.0-x64/etc/..;/c/Panda3D-1.11.0-x64/etc/../models
:10-28-2022 18:01:48 ClassicFSM(warning): [DistributedSuit]: no transition exists from Walk to FromCogHQ
:10-28-2022 18:01:48 ShtikerBook: QA-REGRESSION: SHTICKERBOOK: Open
OnscreenText.configure: mayChange == 0
OnscreenText.configure: mayChange == 0
OnscreenText.configure: mayChange == 0
OnscreenText.configure: mayChange == 0
:10-28-2022 18:01:48 ShtikerBook: QA-REGRESSION: SHTICKERBOOK: Browse tabs Map
OnscreenText.configure: mayChange == 0
OnscreenText.configure: mayChange == 0
OnscreenText.configure: mayChange == 0
OnscreenText.configure: mayChange == 0
:10-28-2022 18:01:48 ShtikerBook: QA-REGRESSION: SHTICKERBOOK: Browse tabs Map
:10-28-2022 18:01:51 :gobj(error): Texture::read() - couldn't read: phase_3/maps/hands/ms.png
:10-28-2022 18:01:51 :gobj(error): Unable to find texture "phase_3/maps/hands/ms.png" on model-path /;/c/Toontown-Last-Laff-Workspace-10-21-2022/src/toontown/launcher;/c/Panda3D-1.11.0-x64/etc/..;/c/Panda3D-1.11.0-x64/etc/../models
:10-28-2022 18:01:52 ShtikerBook: QA-REGRESSION: SHTICKERBOOK: Close
:10-28-2022 18:01:54 :loader(error): Couldn't load file phase_4/models/questmap/cog_hq_sellbot_maps.bam: not found on model path (currently: "/;/c/Toontown-Last-Laff-Workspace-10-21-2022/src/toontown/launcher;/c/Panda3D-1.11.0-x64/etc/..;/c/Panda3D-1.11.0-x64/etc/../models")
:10-28-2022 18:02:01 :gobj(error): Texture::read() - couldn't read: phase_3/maps/hands/nd.png
:10-28-2022 18:02:01 :gobj(error): Unable to find texture "phase_3/maps/hands/nd.png" on model-path /;/c/Toontown-Last-Laff-Workspace-10-21-2022/src/toontown/launcher;/c/Panda3D-1.11.0-x64/etc/..;/c/Panda3D-1.11.0-x64/etc/../models
:10-28-2022 18:02:19 :gobj(error): Texture::read() - couldn't read: phase_3/maps/hands/gh.png
:10-28-2022 18:02:19 :gobj(error): Unable to find texture "phase_3/maps/hands/gh.png" on model-path /;/c/Toontown-Last-Laff-Workspace-10-21-2022/src/toontown/launcher;/c/Panda3D-1.11.0-x64/etc/..;/c/Panda3D-1.11.0-x64/etc/../models
:10-28-2022 18:02:19 ClassicFSM(warning): [DistributedSuit]: no transition exists from Walk to FromCogHQ
:10-28-2022 18:02:22 :gobj(error): Texture::read() - couldn't read: phase_3/maps/hands/gh.png
:10-28-2022 18:02:22 :gobj(error): Unable to find texture "phase_3/maps/hands/gh.png" on model-path /;/c/Toontown-Last-Laff-Workspace-10-21-2022/src/toontown/launcher;/c/Panda3D-1.11.0-x64/etc/..;/c/Panda3D-1.11.0-x64/etc/../models
:10-28-2022 18:02:29 :gobj(error): Texture::read() - couldn't read: phase_3/maps/hands/ms.png
:10-28-2022 18:02:29 :gobj(error): Unable to find texture "phase_3/maps/hands/ms.png" on model-path /;/c/Toontown-Last-Laff-Workspace-10-21-2022/src/toontown/launcher;/c/Panda3D-1.11.0-x64/etc/..;/c/Panda3D-1.11.0-x64/etc/../models
:10-28-2022 18:02:29 ClassicFSM(warning): [DistributedSuit]: no transition exists from Walk to FromCogHQ
:10-28-2022 18:02:31 :gobj(error): Texture::read() - couldn't read: phase_3/maps/hands/nd.png
:10-28-2022 18:02:31 :gobj(error): Unable to find texture "phase_3/maps/hands/nd.png" on model-path /;/c/Toontown-Last-Laff-Workspace-10-21-2022/src/toontown/launcher;/c/Panda3D-1.11.0-x64/etc/..;/c/Panda3D-1.11.0-x64/etc/../models
:10-28-2022 18:02:31 ClassicFSM(warning): [DistributedSuit]: no transition exists from Walk to FromCogHQ
:10-28-2022 18:02:36 SellbotHQExterior: QA-REGRESSION: COGBATTLE: Enter Battle
Battle Event localtoon-battle-event-3
:10-28-2022 18:02:45 :gobj(error): Texture::read() - couldn't read: phase_3/maps/hands/tf.png
:10-28-2022 18:02:45 :gobj(error): Unable to find texture "phase_3/maps/hands/tf.png" on model-path /;/c/Toontown-Last-Laff-Workspace-10-21-2022/src/toontown/launcher;/c/Panda3D-1.11.0-x64/etc/..;/c/Panda3D-1.11.0-x64/etc/../models
:10-28-2022 18:02:56 :gobj(error): Texture::read() - couldn't read: phase_3/maps/hands/nd.png
:10-28-2022 18:02:56 :gobj(error): Unable to find texture "phase_3/maps/hands/nd.png" on model-path /;/c/Toontown-Last-Laff-Workspace-10-21-2022/src/toontown/launcher;/c/Panda3D-1.11.0-x64/etc/..;/c/Panda3D-1.11.0-x64/etc/../models
:10-28-2022 18:03:06 :loader(error): Couldn't load file phase_4/models/questmap/cog_hq_sellbot_maps.bam: not found on model path (currently: "/;/c/Toontown-Last-Laff-Workspace-10-21-2022/src/toontown/launcher;/c/Panda3D-1.11.0-x64/etc/..;/c/Panda3D-1.11.0-x64/etc/../models")
:10-28-2022 18:03:07 :gobj(error): Texture::read() - couldn't read: phase_3/maps/hands/nd.png
:10-28-2022 18:03:07 :gobj(error): Unable to find texture "phase_3/maps/hands/nd.png" on model-path /;/c/Toontown-Last-Laff-Workspace-10-21-2022/src/toontown/launcher;/c/Panda3D-1.11.0-x64/etc/..;/c/Panda3D-1.11.0-x64/etc/../models
:10-28-2022 18:03:07 ClassicFSM(warning): [DistributedSuit]: no transition exists from Walk to FromCogHQ
:10-28-2022 18:03:07 :gobj(error): Texture::read() - couldn't read: phase_3/maps/hands/nd.png
:10-28-2022 18:03:07 :gobj(error): Unable to find texture "phase_3/maps/hands/nd.png" on model-path /;/c/Toontown-Last-Laff-Workspace-10-21-2022/src/toontown/launcher;/c/Panda3D-1.11.0-x64/etc/..;/c/Panda3D-1.11.0-x64/etc/../models
:10-28-2022 18:03:16 :gobj(error): Texture::read() - couldn't read: phase_3/maps/hands/nd.png
:10-28-2022 18:03:16 :gobj(error): Unable to find texture "phase_3/maps/hands/nd.png" on model-path /;/c/Toontown-Last-Laff-Workspace-10-21-2022/src/toontown/launcher;/c/Panda3D-1.11.0-x64/etc/..;/c/Panda3D-1.11.0-x64/etc/../models
:10-28-2022 18:03:16 ClassicFSM(warning): [DistributedSuit]: no transition exists from Walk to FromCogHQ
:10-28-2022 18:03:19 :gobj(error): Texture::read() - couldn't read: phase_3/maps/hands/nd.png
:10-28-2022 18:03:19 :gobj(error): Unable to find texture "phase_3/maps/hands/nd.png" on model-path /;/c/Toontown-Last-Laff-Workspace-10-21-2022/src/toontown/launcher;/c/Panda3D-1.11.0-x64/etc/..;/c/Panda3D-1.11.0-x64/etc/../models
:10-28-2022 18:03:23 :gobj(error): Texture::read() - couldn't read: phase_3/maps/hands/tf.png
:10-28-2022 18:03:23 :gobj(error): Unable to find texture "phase_3/maps/hands/tf.png" on model-path /;/c/Toontown-Last-Laff-Workspace-10-21-2022/src/toontown/launcher;/c/Panda3D-1.11.0-x64/etc/..;/c/Panda3D-1.11.0-x64/etc/../models
:10-28-2022 18:03:24 ClassicFSM(warning): [DistributedSuit]: no transition exists from Walk to FromCogHQ
:10-28-2022 18:03:29 :gobj(error): Texture::read() - couldn't read: phase_3/maps/hands/nd.png
:10-28-2022 18:03:29 :gobj(error): Unable to find texture "phase_3/maps/hands/nd.png" on model-path /;/c/Toontown-Last-Laff-Workspace-10-21-2022/src/toontown/launcher;/c/Panda3D-1.11.0-x64/etc/..;/c/Panda3D-1.11.0-x64/etc/../models
:10-28-2022 18:03:46 :gobj(error): Texture::read() - couldn't read: phase_3/maps/hands/gh.png
:10-28-2022 18:03:46 :gobj(error): Unable to find texture "phase_3/maps/hands/gh.png" on model-path /;/c/Toontown-Last-Laff-Workspace-10-21-2022/src/toontown/launcher;/c/Panda3D-1.11.0-x64/etc/..;/c/Panda3D-1.11.0-x64/etc/../models
:10-28-2022 18:03:46 ClassicFSM(warning): [DistributedSuit]: no transition exists from Walk to FromCogHQ
:10-28-2022 18:03:52 :gobj(error): Texture::read() - couldn't read: phase_3/maps/hands/tm.png
:10-28-2022 18:03:52 :gobj(error): Unable to find texture "phase_3/maps/hands/tm.png" on model-path /;/c/Toontown-Last-Laff-Workspace-10-21-2022/src/toontown/launcher;/c/Panda3D-1.11.0-x64/etc/..;/c/Panda3D-1.11.0-x64/etc/../models
:10-28-2022 18:03:55 :gobj(error): Texture::read() - couldn't read: phase_3/maps/hands/ms.png
:10-28-2022 18:03:55 :gobj(error): Unable to find texture "phase_3/maps/hands/ms.png" on model-path /;/c/Toontown-Last-Laff-Workspace-10-21-2022/src/toontown/launcher;/c/Panda3D-1.11.0-x64/etc/..;/c/Panda3D-1.11.0-x64/etc/../models
:10-28-2022 18:03:56 ClassicFSM(warning): [DistributedSuit]: no transition exists from Walk to FromCogHQ
:10-28-2022 18:04:26 :gobj(error): Texture::read() - couldn't read: phase_3/maps/hands/tm.png
:10-28-2022 18:04:26 :gobj(error): Unable to find texture "phase_3/maps/hands/tm.png" on model-path /;/c/Toontown-Last-Laff-Workspace-10-21-2022/src/toontown/launcher;/c/Panda3D-1.11.0-x64/etc/..;/c/Panda3D-1.11.0-x64/etc/../models
:10-28-2022 18:04:26 ClassicFSM(warning): [DistributedSuit]: no transition exists from Walk to FromCogHQ
:10-28-2022 18:04:41 :gobj(error): Texture::read() - couldn't read: phase_3/maps/hands/nd.png
:10-28-2022 18:04:41 :gobj(error): Unable to find texture "phase_3/maps/hands/nd.png" on model-path /;/c/Toontown-Last-Laff-Workspace-10-21-2022/src/toontown/launcher;/c/Panda3D-1.11.0-x64/etc/..;/c/Panda3D-1.11.0-x64/etc/../models
:10-28-2022 18:04:41 ClassicFSM(warning): [DistributedSuit]: no transition exists from Walk to FromCogHQ
:10-28-2022 18:04:42 :gobj(error): Texture::read() - couldn't read: phase_3/maps/hands/nd.png
:10-28-2022 18:04:42 :gobj(error): Unable to find texture "phase_3/maps/hands/nd.png" on model-path /;/c/Toontown-Last-Laff-Workspace-10-21-2022/src/toontown/launcher;/c/Panda3D-1.11.0-x64/etc/..;/c/Panda3D-1.11.0-x64/etc/../models
:10-28-2022 18:04:43 ClassicFSM(warning): [DistributedSuit]: no transition exists from Walk to FromCogHQ
:10-28-2022 18:04:50 :gobj(error): Texture::read() - couldn't read: phase_3/maps/hands/tf.png
:10-28-2022 18:04:50 :gobj(error): Unable to find texture "phase_3/maps/hands/tf.png" on model-path /;/c/Toontown-Last-Laff-Workspace-10-21-2022/src/toontown/launcher;/c/Panda3D-1.11.0-x64/etc/..;/c/Panda3D-1.11.0-x64/etc/../models
:10-28-2022 18:04:50 ClassicFSM(warning): [DistributedSuit]: no transition exists from Walk to FromCogHQ
:10-28-2022 18:04:58 :gobj(error): Texture::read() - couldn't read: phase_3/maps/hands/ms.png
:10-28-2022 18:04:58 :gobj(error): Unable to find texture "phase_3/maps/hands/ms.png" on model-path /;/c/Toontown-Last-Laff-Workspace-10-21-2022/src/toontown/launcher;/c/Panda3D-1.11.0-x64/etc/..;/c/Panda3D-1.11.0-x64/etc/../models
:10-28-2022 18:05:18 :gobj(error): Texture::read() - couldn't read: phase_3/maps/hands/ms.png
:10-28-2022 18:05:18 :gobj(error): Unable to find texture "phase_3/maps/hands/ms.png" on model-path /;/c/Toontown-Last-Laff-Workspace-10-21-2022/src/toontown/launcher;/c/Panda3D-1.11.0-x64/etc/..;/c/Panda3D-1.11.0-x64/etc/../models
:10-28-2022 18:05:24 :gobj(error): Texture::read() - couldn't read: phase_3/maps/hands/gh.png
:10-28-2022 18:05:24 :gobj(error): Unable to find texture "phase_3/maps/hands/gh.png" on model-path /;/c/Toontown-Last-Laff-Workspace-10-21-2022/src/toontown/launcher;/c/Panda3D-1.11.0-x64/etc/..;/c/Panda3D-1.11.0-x64/etc/../models
:10-28-2022 18:05:24 ClassicFSM(warning): [DistributedSuit]: no transition exists from Walk to FromCogHQ
:10-28-2022 18:05:28 :gobj(error): Texture::read() - couldn't read: phase_3/maps/hands/ms.png
:10-28-2022 18:05:28 :gobj(error): Unable to find texture "phase_3/maps/hands/ms.png" on model-path /;/c/Toontown-Last-Laff-Workspace-10-21-2022/src/toontown/launcher;/c/Panda3D-1.11.0-x64/etc/..;/c/Panda3D-1.11.0-x64/etc/../models
:10-28-2022 18:05:28 ClassicFSM(warning): [DistributedSuit]: no transition exists from Walk to FromCogHQ
:10-28-2022 18:05:42 :gobj(error): Texture::read() - couldn't read: phase_3/maps/hands/nd.png
:10-28-2022 18:05:42 :gobj(error): Unable to find texture "phase_3/maps/hands/nd.png" on model-path /;/c/Toontown-Last-Laff-Workspace-10-21-2022/src/toontown/launcher;/c/Panda3D-1.11.0-x64/etc/..;/c/Panda3D-1.11.0-x64/etc/../models
:10-28-2022 18:05:43 GarbageCollect(warning): garbage found, reverting gc threshold
frame rate: 103.1 fps|0.003d|7 avs||306|307||0x0000|0x0000|711.4MB|691.0MB|16302.1MB|739|nt.2.6.2|3.601,3.601|4,8 cpus|OpenGL
:10-28-2022 18:05:52 :gobj(error): Texture::read() - couldn't read: phase_3/maps/hands/ms.png
:10-28-2022 18:05:52 :gobj(error): Unable to find texture "phase_3/maps/hands/ms.png" on model-path /;/c/Toontown-Last-Laff-Workspace-10-21-2022/src/toontown/launcher;/c/Panda3D-1.11.0-x64/etc/..;/c/Panda3D-1.11.0-x64/etc/../models
:10-28-2022 18:05:53 ClassicFSM(warning): [DistributedSuit]: no transition exists from Walk to FromCogHQ
:10-28-2022 18:05:53 :gobj(error): Texture::read() - couldn't read: phase_3/maps/hands/gh.png
:10-28-2022 18:05:53 :gobj(error): Unable to find texture "phase_3/maps/hands/gh.png" on model-path /;/c/Toontown-Last-Laff-Workspace-10-21-2022/src/toontown/launcher;/c/Panda3D-1.11.0-x64/etc/..;/c/Panda3D-1.11.0-x64/etc/../models
adding timeout task
adding timeout task
:10-28-2022 18:06:03 :gobj(error): Texture::read() - couldn't read: phase_3/maps/hands/tm.png
:10-28-2022 18:06:03 :gobj(error): Unable to find texture "phase_3/maps/hands/tm.png" on model-path /;/c/Toontown-Last-Laff-Workspace-10-21-2022/src/toontown/launcher;/c/Panda3D-1.11.0-x64/etc/..;/c/Panda3D-1.11.0-x64/etc/../models
:10-28-2022 18:06:08 :gobj(error): Texture::read() - couldn't read: phase_3/maps/hands/nd.png
:10-28-2022 18:06:08 :gobj(error): Unable to find texture "phase_3/maps/hands/nd.png" on model-path /;/c/Toontown-Last-Laff-Workspace-10-21-2022/src/toontown/launcher;/c/Panda3D-1.11.0-x64/etc/..;/c/Panda3D-1.11.0-x64/etc/../models
:10-28-2022 18:06:08 ClassicFSM(warning): [DistributedSuit]: no transition exists from Walk to FromCogHQ
:10-28-2022 18:06:27 :gobj(error): Texture::read() - couldn't read: phase_3/maps/hands/gh.png
:10-28-2022 18:06:27 :gobj(error): Unable to find texture "phase_3/maps/hands/gh.png" on model-path /;/c/Toontown-Last-Laff-Workspace-10-21-2022/src/toontown/launcher;/c/Panda3D-1.11.0-x64/etc/..;/c/Panda3D-1.11.0-x64/etc/../models
:10-28-2022 18:06:27 ClassicFSM(warning): [DistributedSuit]: no transition exists from Walk to FromCogHQ
:10-28-2022 18:06:47 :gobj(error): Texture::read() - couldn't read: phase_3/maps/hands/gh.png
:10-28-2022 18:06:47 :gobj(error): Unable to find texture "phase_3/maps/hands/gh.png" on model-path /;/c/Toontown-Last-Laff-Workspace-10-21-2022/src/toontown/launcher;/c/Panda3D-1.11.0-x64/etc/..;/c/Panda3D-1.11.0-x64/etc/../models
:10-28-2022 18:06:50 :gobj(error): Texture::read() - couldn't read: phase_3/maps/hands/gh.png
:10-28-2022 18:06:50 :gobj(error): Unable to find texture "phase_3/maps/hands/gh.png" on model-path /;/c/Toontown-Last-Laff-Workspace-10-21-2022/src/toontown/launcher;/c/Panda3D-1.11.0-x64/etc/..;/c/Panda3D-1.11.0-x64/etc/../models
:10-28-2022 18:06:51 ClassicFSM(warning): [DistributedSuit]: no transition exists from Walk to FromCogHQ
:10-28-2022 18:06:59 :gobj(error): Texture::read() - couldn't read: phase_3/maps/hands/gh.png
:10-28-2022 18:06:59 :gobj(error): Unable to find texture "phase_3/maps/hands/gh.png" on model-path /;/c/Toontown-Last-Laff-Workspace-10-21-2022/src/toontown/launcher;/c/Panda3D-1.11.0-x64/etc/..;/c/Panda3D-1.11.0-x64/etc/../models
:10-28-2022 18:07:05 :gobj(error): Texture::read() - couldn't read: phase_3/maps/hands/tm.png
:10-28-2022 18:07:05 :gobj(error): Unable to find texture "phase_3/maps/hands/tm.png" on model-path /;/c/Toontown-Last-Laff-Workspace-10-21-2022/src/toontown/launcher;/c/Panda3D-1.11.0-x64/etc/..;/c/Panda3D-1.11.0-x64/etc/../models
:10-28-2022 18:07:06 ClassicFSM(warning): [DistributedSuit]: no transition exists from Walk to FromCogHQ
:10-28-2022 18:07:21 :gobj(error): Texture::read() - couldn't read: phase_3/maps/hands/nd.png
:10-28-2022 18:07:21 :gobj(error): Unable to find texture "phase_3/maps/hands/nd.png" on model-path /;/c/Toontown-Last-Laff-Workspace-10-21-2022/src/toontown/launcher;/c/Panda3D-1.11.0-x64/etc/..;/c/Panda3D-1.11.0-x64/etc/../models
:10-28-2022 18:07:33 :gobj(error): Texture::read() - couldn't read: phase_3/maps/hands/gh.png
:10-28-2022 18:07:33 :gobj(error): Unable to find texture "phase_3/maps/hands/gh.png" on model-path /;/c/Toontown-Last-Laff-Workspace-10-21-2022/src/toontown/launcher;/c/Panda3D-1.11.0-x64/etc/..;/c/Panda3D-1.11.0-x64/etc/../models
:10-28-2022 18:07:33 ClassicFSM(warning): [DistributedSuit]: no transition exists from Walk to FromCogHQ
:10-28-2022 18:07:42 :gobj(error): Texture::read() - couldn't read: phase_3/maps/hands/tf.png
:10-28-2022 18:07:42 :gobj(error): Unable to find texture "phase_3/maps/hands/tf.png" on model-path /;/c/Toontown-Last-Laff-Workspace-10-21-2022/src/toontown/launcher;/c/Panda3D-1.11.0-x64/etc/..;/c/Panda3D-1.11.0-x64/etc/../models
:10-28-2022 18:08:04 :gobj(error): Texture::read() - couldn't read: phase_3/maps/hands/ms.png
:10-28-2022 18:08:04 :gobj(error): Unable to find texture "phase_3/maps/hands/ms.png" on model-path /;/c/Toontown-Last-Laff-Workspace-10-21-2022/src/toontown/launcher;/c/Panda3D-1.11.0-x64/etc/..;/c/Panda3D-1.11.0-x64/etc/../models
:10-28-2022 18:08:15 :gobj(error): Texture::read() - couldn't read: phase_3/maps/hands/nd.png
:10-28-2022 18:08:15 :gobj(error): Unable to find texture "phase_3/maps/hands/nd.png" on model-path /;/c/Toontown-Last-Laff-Workspace-10-21-2022/src/toontown/launcher;/c/Panda3D-1.11.0-x64/etc/..;/c/Panda3D-1.11.0-x64/etc/../models
:10-28-2022 18:08:18 :gobj(error): Texture::read() - couldn't read: phase_3/maps/hands/nd.png
:10-28-2022 18:08:18 :gobj(error): Unable to find texture "phase_3/maps/hands/nd.png" on model-path /;/c/Toontown-Last-Laff-Workspace-10-21-2022/src/toontown/launcher;/c/Panda3D-1.11.0-x64/etc/..;/c/Panda3D-1.11.0-x64/etc/../models
:10-28-2022 18:08:19 ClassicFSM(warning): [DistributedSuit]: no transition exists from Walk to FromCogHQ
:10-28-2022 18:08:32 :gobj(error): Texture::read() - couldn't read: phase_3/maps/hands/tm.png
:10-28-2022 18:08:32 :gobj(error): Unable to find texture "phase_3/maps/hands/tm.png" on model-path /;/c/Toontown-Last-Laff-Workspace-10-21-2022/src/toontown/launcher;/c/Panda3D-1.11.0-x64/etc/..;/c/Panda3D-1.11.0-x64/etc/../models
:10-28-2022 18:08:32 ClassicFSM(warning): [DistributedSuit]: no transition exists from Walk to FromCogHQ
:10-28-2022 18:08:51 :gobj(error): Texture::read() - couldn't read: phase_3/maps/hands/tm.png
:10-28-2022 18:08:51 :gobj(error): Unable to find texture "phase_3/maps/hands/tm.png" on model-path /;/c/Toontown-Last-Laff-Workspace-10-21-2022/src/toontown/launcher;/c/Panda3D-1.11.0-x64/etc/..;/c/Panda3D-1.11.0-x64/etc/../models
:10-28-2022 18:08:51 ClassicFSM(warning): [DistributedSuit]: no transition exists from Walk to FromCogHQ
:10-28-2022 18:09:09 :gobj(error): Texture::read() - couldn't read: phase_3/maps/hands/gh.png
:10-28-2022 18:09:09 :gobj(error): Unable to find texture "phase_3/maps/hands/gh.png" on model-path /;/c/Toontown-Last-Laff-Workspace-10-21-2022/src/toontown/launcher;/c/Panda3D-1.11.0-x64/etc/..;/c/Panda3D-1.11.0-x64/etc/../models
:10-28-2022 18:09:21 :gobj(error): Texture::read() - couldn't read: phase_3/maps/hands/nd.png
:10-28-2022 18:09:21 :gobj(error): Unable to find texture "phase_3/maps/hands/nd.png" on model-path /;/c/Toontown-Last-Laff-Workspace-10-21-2022/src/toontown/launcher;/c/Panda3D-1.11.0-x64/etc/..;/c/Panda3D-1.11.0-x64/etc/../models
:10-28-2022 18:09:27 :gobj(error): Texture::read() - couldn't read: phase_3/maps/hands/nd.png
:10-28-2022 18:09:27 :gobj(error): Unable to find texture "phase_3/maps/hands/nd.png" on model-path /;/c/Toontown-Last-Laff-Workspace-10-21-2022/src/toontown/launcher;/c/Panda3D-1.11.0-x64/etc/..;/c/Panda3D-1.11.0-x64/etc/../models
:10-28-2022 18:09:27 ClassicFSM(warning): [DistributedSuit]: no transition exists from Walk to FromCogHQ
:10-28-2022 18:09:31 :gobj(error): Texture::read() - couldn't read: phase_3/maps/hands/nd.png
:10-28-2022 18:09:31 :gobj(error): Unable to find texture "phase_3/maps/hands/nd.png" on model-path /;/c/Toontown-Last-Laff-Workspace-10-21-2022/src/toontown/launcher;/c/Panda3D-1.11.0-x64/etc/..;/c/Panda3D-1.11.0-x64/etc/../models
:10-28-2022 18:09:42 :gobj(error): Texture::read() - couldn't read: phase_3/maps/hands/ms.png
:10-28-2022 18:09:42 :gobj(error): Unable to find texture "phase_3/maps/hands/ms.png" on model-path /;/c/Toontown-Last-Laff-Workspace-10-21-2022/src/toontown/launcher;/c/Panda3D-1.11.0-x64/etc/..;/c/Panda3D-1.11.0-x64/etc/../models
:10-28-2022 18:09:47 :gobj(error): Texture::read() - couldn't read: phase_3/maps/hands/gh.png
:10-28-2022 18:09:47 :gobj(error): Unable to find texture "phase_3/maps/hands/gh.png" on model-path /;/c/Toontown-Last-Laff-Workspace-10-21-2022/src/toontown/launcher;/c/Panda3D-1.11.0-x64/etc/..;/c/Panda3D-1.11.0-x64/etc/../models
:10-28-2022 18:09:47 ClassicFSM(warning): [DistributedSuit]: no transition exists from Walk to FromCogHQ
:10-28-2022 18:10:19 :gobj(error): Texture::read() - couldn't read: phase_3/maps/hands/nd.png
:10-28-2022 18:10:19 :gobj(error): Unable to find texture "phase_3/maps/hands/nd.png" on model-path /;/c/Toontown-Last-Laff-Workspace-10-21-2022/src/toontown/launcher;/c/Panda3D-1.11.0-x64/etc/..;/c/Panda3D-1.11.0-x64/etc/../models
:10-28-2022 18:10:19 ClassicFSM(warning): [DistributedSuit]: no transition exists from Walk to FromCogHQ
:10-28-2022 18:10:26 :gobj(error): Texture::read() - couldn't read: phase_3/maps/hands/nd.png
:10-28-2022 18:10:26 :gobj(error): Unable to find texture "phase_3/maps/hands/nd.png" on model-path /;/c/Toontown-Last-Laff-Workspace-10-21-2022/src/toontown/launcher;/c/Panda3D-1.11.0-x64/etc/..;/c/Panda3D-1.11.0-x64/etc/../models
:10-28-2022 18:10:27 ClassicFSM(warning): [DistributedSuit]: no transition exists from Walk to FromCogHQ
frame rate: 102.4 fps|0.002d|8 avs||606|607||0x0000|0x0000|765.3MB|738.6MB|16302.1MB|754|nt.2.6.2|3.601,3.601|4,8 cpus|OpenGL
:10-28-2022 18:10:53 :gobj(error): Texture::read() - couldn't read: phase_3/maps/hands/nd.png
:10-28-2022 18:10:53 :gobj(error): Unable to find texture "phase_3/maps/hands/nd.png" on model-path /;/c/Toontown-Last-Laff-Workspace-10-21-2022/src/toontown/launcher;/c/Panda3D-1.11.0-x64/etc/..;/c/Panda3D-1.11.0-x64/etc/../models
:10-28-2022 18:10:54 ClassicFSM(warning): [DistributedSuit]: no transition exists from Walk to FromCogHQ
:10-28-2022 18:11:01 :gobj(error): Texture::read() - couldn't read: phase_3/maps/hands/tm.png
:10-28-2022 18:11:01 :gobj(error): Unable to find texture "phase_3/maps/hands/tm.png" on model-path /;/c/Toontown-Last-Laff-Workspace-10-21-2022/src/toontown/launcher;/c/Panda3D-1.11.0-x64/etc/..;/c/Panda3D-1.11.0-x64/etc/../models
:10-28-2022 18:11:11 :gobj(error): Texture::read() - couldn't read: phase_3/maps/hands/tm.png
:10-28-2022 18:11:11 :gobj(error): Unable to find texture "phase_3/maps/hands/tm.png" on model-path /;/c/Toontown-Last-Laff-Workspace-10-21-2022/src/toontown/launcher;/c/Panda3D-1.11.0-x64/etc/..;/c/Panda3D-1.11.0-x64/etc/../models
:10-28-2022 18:11:13 :gobj(error): Texture::read() - couldn't read: phase_3/maps/hands/gh.png
:10-28-2022 18:11:13 :gobj(error): Unable to find texture "phase_3/maps/hands/gh.png" on model-path /;/c/Toontown-Last-Laff-Workspace-10-21-2022/src/toontown/launcher;/c/Panda3D-1.11.0-x64/etc/..;/c/Panda3D-1.11.0-x64/etc/../models
:10-28-2022 18:11:14 ClassicFSM(warning): [DistributedSuit]: no transition exists from Walk to FromCogHQ
:10-28-2022 18:11:22 :gobj(error): Texture::read() - couldn't read: phase_3/maps/hands/ms.png
:10-28-2022 18:11:22 :gobj(error): Unable to find texture "phase_3/maps/hands/ms.png" on model-path /;/c/Toontown-Last-Laff-Workspace-10-21-2022/src/toontown/launcher;/c/Panda3D-1.11.0-x64/etc/..;/c/Panda3D-1.11.0-x64/etc/../models
:10-28-2022 18:11:33 :gobj(error): Texture::read() - couldn't read: phase_3/maps/hands/cc.png
:10-28-2022 18:11:33 :gobj(error): Unable to find texture "phase_3/maps/hands/cc.png" on model-path /;/c/Toontown-Last-Laff-Workspace-10-21-2022/src/toontown/launcher;/c/Panda3D-1.11.0-x64/etc/..;/c/Panda3D-1.11.0-x64/etc/../models
:10-28-2022 18:11:44 :gobj(error): Texture::read() - couldn't read: phase_3/maps/hands/ms.png
:10-28-2022 18:11:44 :gobj(error): Unable to find texture "phase_3/maps/hands/ms.png" on model-path /;/c/Toontown-Last-Laff-Workspace-10-21-2022/src/toontown/launcher;/c/Panda3D-1.11.0-x64/etc/..;/c/Panda3D-1.11.0-x64/etc/../models
:10-28-2022 18:11:46 :gobj(error): Texture::read() - couldn't read: phase_3/maps/hands/nd.png
:10-28-2022 18:11:46 :gobj(error): Unable to find texture "phase_3/maps/hands/nd.png" on model-path /;/c/Toontown-Last-Laff-Workspace-10-21-2022/src/toontown/launcher;/c/Panda3D-1.11.0-x64/etc/..;/c/Panda3D-1.11.0-x64/etc/../models
:10-28-2022 18:11:46 ClassicFSM(warning): [DistributedSuit]: no transition exists from Walk to FromCogHQ
:10-28-2022 18:11:55 :gobj(error): Texture::read() - couldn't read: phase_3/maps/hands/gh.png
:10-28-2022 18:11:55 :gobj(error): Unable to find texture "phase_3/maps/hands/gh.png" on model-path /;/c/Toontown-Last-Laff-Workspace-10-21-2022/src/toontown/launcher;/c/Panda3D-1.11.0-x64/etc/..;/c/Panda3D-1.11.0-x64/etc/../models
:10-28-2022 18:12:07 :gobj(error): Texture::read() - couldn't read: phase_3/maps/hands/cc.png
:10-28-2022 18:12:07 :gobj(error): Unable to find texture "phase_3/maps/hands/cc.png" on model-path /;/c/Toontown-Last-Laff-Workspace-10-21-2022/src/toontown/launcher;/c/Panda3D-1.11.0-x64/etc/..;/c/Panda3D-1.11.0-x64/etc/../models
:10-28-2022 18:12:19 :gobj(error): Texture::read() - couldn't read: phase_3/maps/hands/cc.png
:10-28-2022 18:12:19 :gobj(error): Unable to find texture "phase_3/maps/hands/cc.png" on model-path /;/c/Toontown-Last-Laff-Workspace-10-21-2022/src/toontown/launcher;/c/Panda3D-1.11.0-x64/etc/..;/c/Panda3D-1.11.0-x64/etc/../models
:10-28-2022 18:12:26 :gobj(error): Texture::read() - couldn't read: phase_3/maps/hands/tm.png
:10-28-2022 18:12:26 :gobj(error): Unable to find texture "phase_3/maps/hands/tm.png" on model-path /;/c/Toontown-Last-Laff-Workspace-10-21-2022/src/toontown/launcher;/c/Panda3D-1.11.0-x64/etc/..;/c/Panda3D-1.11.0-x64/etc/../models
:10-28-2022 18:12:26 OTPClientRepository: Sending heartbeat mid-frame.
:10-28-2022 18:12:26 ClassicFSM(warning): [DistributedSuit]: no transition exists from Walk to FromCogHQ
:10-28-2022 18:12:31 :gobj(error): Texture::read() - couldn't read: phase_3/maps/hands/ms.png
:10-28-2022 18:12:31 :gobj(error): Unable to find texture "phase_3/maps/hands/ms.png" on model-path /;/c/Toontown-Last-Laff-Workspace-10-21-2022/src/toontown/launcher;/c/Panda3D-1.11.0-x64/etc/..;/c/Panda3D-1.11.0-x64/etc/../models
:10-28-2022 18:12:54 :gobj(error): Texture::read() - couldn't read: phase_3/maps/hands/ms.png
:10-28-2022 18:12:54 :gobj(error): Unable to find texture "phase_3/maps/hands/ms.png" on model-path /;/c/Toontown-Last-Laff-Workspace-10-21-2022/src/toontown/launcher;/c/Panda3D-1.11.0-x64/etc/..;/c/Panda3D-1.11.0-x64/etc/../models
:10-28-2022 18:12:58 :gobj(error): Texture::read() - couldn't read: phase_3/maps/hands/ms.png
:10-28-2022 18:12:58 :gobj(error): Unable to find texture "phase_3/maps/hands/ms.png" on model-path /;/c/Toontown-Last-Laff-Workspace-10-21-2022/src/toontown/launcher;/c/Panda3D-1.11.0-x64/etc/..;/c/Panda3D-1.11.0-x64/etc/../models
:10-28-2022 18:12:58 ClassicFSM(warning): [DistributedSuit]: no transition exists from Walk to FromCogHQ
:10-28-2022 18:13:13 :gobj(error): Texture::read() - couldn't read: phase_3/maps/hands/ms.png
:10-28-2022 18:13:13 :gobj(error): Unable to find texture "phase_3/maps/hands/ms.png" on model-path /;/c/Toontown-Last-Laff-Workspace-10-21-2022/src/toontown/launcher;/c/Panda3D-1.11.0-x64/etc/..;/c/Panda3D-1.11.0-x64/etc/../models
:10-28-2022 18:13:14 ClassicFSM(warning): [DistributedSuit]: no transition exists from Walk to FromCogHQ
:10-28-2022 18:13:37 :gobj(error): Texture::read() - couldn't read: phase_3/maps/hands/gh.png
:10-28-2022 18:13:37 :gobj(error): Unable to find texture "phase_3/maps/hands/gh.png" on model-path /;/c/Toontown-Last-Laff-Workspace-10-21-2022/src/toontown/launcher;/c/Panda3D-1.11.0-x64/etc/..;/c/Panda3D-1.11.0-x64/etc/../models
:10-28-2022 18:13:47 :gobj(error): Texture::read() - couldn't read: phase_3/maps/hands/cc.png
:10-28-2022 18:13:47 :gobj(error): Unable to find texture "phase_3/maps/hands/cc.png" on model-path /;/c/Toontown-Last-Laff-Workspace-10-21-2022/src/toontown/launcher;/c/Panda3D-1.11.0-x64/etc/..;/c/Panda3D-1.11.0-x64/etc/../models
:10-28-2022 18:13:48 ClassicFSM(warning): [DistributedSuit]: no transition exists from Walk to FromCogHQ
:10-28-2022 18:14:40 :gobj(error): Texture::read() - couldn't read: phase_3/maps/hands/ms.png
:10-28-2022 18:14:40 :gobj(error): Unable to find texture "phase_3/maps/hands/ms.png" on model-path /;/c/Toontown-Last-Laff-Workspace-10-21-2022/src/toontown/launcher;/c/Panda3D-1.11.0-x64/etc/..;/c/Panda3D-1.11.0-x64/etc/../models
:10-28-2022 18:14:40 ClassicFSM(warning): [DistributedSuit]: no transition exists from Walk to FromCogHQ
:10-28-2022 18:14:44 :gobj(error): Texture::read() - couldn't read: phase_3/maps/hands/tm.png
:10-28-2022 18:14:44 :gobj(error): Unable to find texture "phase_3/maps/hands/tm.png" on model-path /;/c/Toontown-Last-Laff-Workspace-10-21-2022/src/toontown/launcher;/c/Panda3D-1.11.0-x64/etc/..;/c/Panda3D-1.11.0-x64/etc/../models
:10-28-2022 18:14:51 :gobj(error): Texture::read() - couldn't read: phase_3/maps/hands/nd.png
:10-28-2022 18:14:51 :gobj(error): Unable to find texture "phase_3/maps/hands/nd.png" on model-path /;/c/Toontown-Last-Laff-Workspace-10-21-2022/src/toontown/launcher;/c/Panda3D-1.11.0-x64/etc/..;/c/Panda3D-1.11.0-x64/etc/../models
:10-28-2022 18:14:52 ClassicFSM(warning): [DistributedSuit]: no transition exists from Walk to FromCogHQ
:10-28-2022 18:14:56 :gobj(error): Texture::read() - couldn't read: phase_3/maps/hands/nd.png
:10-28-2022 18:14:56 :gobj(error): Unable to find texture "phase_3/maps/hands/nd.png" on model-path /;/c/Toontown-Last-Laff-Workspace-10-21-2022/src/toontown/launcher;/c/Panda3D-1.11.0-x64/etc/..;/c/Panda3D-1.11.0-x64/etc/../models
:10-28-2022 18:15:07 :gobj(error): Texture::read() - couldn't read: phase_3/maps/hands/cc.png
:10-28-2022 18:15:07 :gobj(error): Unable to find texture "phase_3/maps/hands/cc.png" on model-path /;/c/Toontown-Last-Laff-Workspace-10-21-2022/src/toontown/launcher;/c/Panda3D-1.11.0-x64/etc/..;/c/Panda3D-1.11.0-x64/etc/../models
:10-28-2022 18:15:14 :gobj(error): Texture::read() - couldn't read: phase_3/maps/hands/cc.png
:10-28-2022 18:15:14 :gobj(error): Unable to find texture "phase_3/maps/hands/cc.png" on model-path /;/c/Toontown-Last-Laff-Workspace-10-21-2022/src/toontown/launcher;/c/Panda3D-1.11.0-x64/etc/..;/c/Panda3D-1.11.0-x64/etc/../models
:10-28-2022 18:15:14 ClassicFSM(warning): [DistributedSuit]: no transition exists from Walk to FromCogHQ
:10-28-2022 18:15:18 :gobj(error): Texture::read() - couldn't read: phase_3/maps/hands/nd.png
:10-28-2022 18:15:18 :gobj(error): Unable to find texture "phase_3/maps/hands/nd.png" on model-path /;/c/Toontown-Last-Laff-Workspace-10-21-2022/src/toontown/launcher;/c/Panda3D-1.11.0-x64/etc/..;/c/Panda3D-1.11.0-x64/etc/../models
:10-28-2022 18:15:21 :gobj(error): Texture::read() - couldn't read: phase_3/maps/hands/ms.png
:10-28-2022 18:15:21 :gobj(error): Unable to find texture "phase_3/maps/hands/ms.png" on model-path /;/c/Toontown-Last-Laff-Workspace-10-21-2022/src/toontown/launcher;/c/Panda3D-1.11.0-x64/etc/..;/c/Panda3D-1.11.0-x64/etc/../models
:10-28-2022 18:15:22 ClassicFSM(warning): [DistributedSuit]: no transition exists from Walk to FromCogHQ
:10-28-2022 18:15:29 :gobj(error): Texture::read() - couldn't read: phase_3/maps/hands/nd.png
:10-28-2022 18:15:29 :gobj(error): Unable to find texture "phase_3/maps/hands/nd.png" on model-path /;/c/Toontown-Last-Laff-Workspace-10-21-2022/src/toontown/launcher;/c/Panda3D-1.11.0-x64/etc/..;/c/Panda3D-1.11.0-x64/etc/../models
:10-28-2022 18:15:41 :gobj(error): Texture::read() - couldn't read: phase_3/maps/hands/tm.png
:10-28-2022 18:15:41 :gobj(error): Unable to find texture "phase_3/maps/hands/tm.png" on model-path /;/c/Toontown-Last-Laff-Workspace-10-21-2022/src/toontown/launcher;/c/Panda3D-1.11.0-x64/etc/..;/c/Panda3D-1.11.0-x64/etc/../models
:10-28-2022 18:15:42 ClassicFSM(warning): [DistributedSuit]: no transition exists from Walk to FromCogHQ
frame rate: 103.6 fps|0.002d|9 avs||906|907||0x0000|0x0000|808.7MB|778.9MB|16302.1MB|769|nt.2.6.2|3.601,3.601|4,8 cpus|OpenGL
handling timeout
:10-28-2022 18:16:02 :gobj(error): Texture::read() - couldn't read: phase_3/maps/hands/nd.png
:10-28-2022 18:16:02 :gobj(error): Unable to find texture "phase_3/maps/hands/nd.png" on model-path /;/c/Toontown-Last-Laff-Workspace-10-21-2022/src/toontown/launcher;/c/Panda3D-1.11.0-x64/etc/..;/c/Panda3D-1.11.0-x64/etc/../models
:10-28-2022 18:16:02 ClassicFSM(warning): [DistributedSuit]: no transition exists from Walk to FromCogHQ
:10-28-2022 18:16:04 DistributedToon: closing shard...
:10-28-2022 18:16:04 SellbotHQExterior: Unloading Place (11012). Fsm in final
:10-28-2022 18:16:04 OTPClientRepository: Exiting shard
:10-28-2022 18:16:04 DistributedObject: DistributedSuitPlanner 402002954: disabling
ignoring InputState-forward
:10-28-2022 18:16:04 OTPClientRepository: sending clientLogout
Assertion failed: _error_type != ET_not_found at line 592 of panda/src/pgraph/nodePath.cxx
Traceback (most recent call last):
  File "C:\Panda3D-1.11.0-x64\direct\distributed\ConnectionRepository.py", line 609, in readerPollUntilEmpty
    while self.readerPollOnce():
  File "C:\Panda3D-1.11.0-x64\direct\distributed\ConnectionRepository.py", line 616, in readerPollOnce
    self.handleDatagram(self.private__di)
  File "otp\distributed\OTPClientRepository.py", line 1838, in handleDatagram
    self.handler(msgType, di)
  File "toontown\distributed\ToontownClientRepository.py", line 528, in handleCloseShard
    self.handleMessageType(msgType, di)
  File "otp\distributed\OTPClientRepository.py", line 1732, in handleMessageType
    self.gotInterestDoneMessage(di)
  File "otp\distributed\OTPClientRepository.py", line 1759, in gotInterestDoneMessage
    self.handleInterestDoneMessage(di)
  File "C:\Panda3D-1.11.0-x64\direct\distributed\DoInterestManager.py", line 621, in handleInterestDoneMessage
    messenger.send(event)
  File "C:\Panda3D-1.11.0-x64\direct\showbase\Messenger.py", line 333, in send
    self.__dispatch(acceptorDict, event, sentArgs, foundWatch)
  File "C:\Panda3D-1.11.0-x64\direct\showbase\Messenger.py", line 418, in __dispatch
    result = method (*(extraArgs + sentArgs))
  File "C:\Panda3D-1.11.0-x64\direct\showbase\PythonUtil.py", line 124, in _do__call__
    return self._function(*(self._args + args), **_kargs)
  File "toontown\distributed\ToontownClientRepository.py", line 613, in _tcrRemoveShardInterestDone
    callback()
  File "otp\otpbase\PythonUtil.py", line 122, in _do__call__
    return self._function(*(self._args + args), **_kargs)
  File "otp\distributed\OTPClientRepository.py", line 1329, in _removeShardInterestComplete
    self._callRemoveShardInterestCallback(callback, None)
  File "otp\distributed\OTPClientRepository.py", line 1334, in _callRemoveShardInterestCallback
    callback()
  File "otp\otpbase\PythonUtil.py", line 122, in _do__call__
    return self._function(*(self._args + args), **_kargs)
  File "C:\Panda3D-1.11.0-x64\direct\fsm\ClassicFSM.py", line 281, in request
    exitArgList)
  File "C:\Panda3D-1.11.0-x64\direct\fsm\ClassicFSM.py", line 227, in __transition
    self.__exitCurrent(exitArgList)
  File "C:\Panda3D-1.11.0-x64\direct\fsm\ClassicFSM.py", line 185, in __exitCurrent
    self.__currentState.exit(argList)
  File "C:\Panda3D-1.11.0-x64\direct\fsm\State.py", line 213, in exit
    self.__exitFunc(*argList)
  File "toontown\distributed\ToontownClientRepository.py", line 430, in exitPlayingGame
    base.localAvatar.deleteOrDelay()
  File "C:\Panda3D-1.11.0-x64\direct\distributed\DistributedObject.py", line 201, in deleteOrDelay
    self.disableAnnounceAndDelete()
  File "C:\Panda3D-1.11.0-x64\direct\distributed\DistributedObject.py", line 204, in disableAnnounceAndDelete
    self.disableAndAnnounce()
  File "C:\Panda3D-1.11.0-x64\direct\distributed\DistributedObject.py", line 230, in disableAndAnnounce
    self.disable()
  File "toontown\toon\LocalToon.py", line 256, in disable
    self.book.unload()
  File "toontown\shtiker\ShtikerBook.py", line 150, in unload
    page.unload()
  File "toontown\shtiker\SuitPage.py", line 240, in unload
    shadow.removeNode()
AssertionError: _error_type != ET_not_found at line 592 of panda/src/pgraph/nodePath.cxx
:10-28-2022 18:16:04 :task(error): Exception occurred in PythonTask readerPollTask-91238960
:10-28-2022 18:16:04 TTOffLauncher: setting panda error code to 12
:10-28-2022 18:16:04 TTOffLauncher(warning): Handling Python exception.
:10-28-2022 18:16:04 OTPClientRepository: Sent disconnect message to server
:10-28-2022 18:16:04 OTPClientRepository: Closing connection to server.
:10-28-2022 18:16:04 TTOffLauncher: Exception exit.

Traceback (most recent call last):
  File "otp\launcher\LauncherBase.py", line 1081, in mainLoop
    self._runTaskManager()
  File "otp\launcher\LauncherBase.py", line 1052, in _runTaskManager
    taskMgr.run()
  File "C:\Panda3D-1.11.0-x64\direct\task\Task.py", line 528, in run
    self.step()
  File "C:\Panda3D-1.11.0-x64\direct\task\Task.py", line 482, in step
    self.mgr.poll()
  File "C:\Panda3D-1.11.0-x64\direct\distributed\ConnectionRepository.py", line 609, in readerPollUntilEmpty
    while self.readerPollOnce():
  File "C:\Panda3D-1.11.0-x64\direct\distributed\ConnectionRepository.py", line 616, in readerPollOnce
    self.handleDatagram(self.private__di)
  File "otp\distributed\OTPClientRepository.py", line 1838, in handleDatagram
    self.handler(msgType, di)
  File "toontown\distributed\ToontownClientRepository.py", line 528, in handleCloseShard
    self.handleMessageType(msgType, di)
  File "otp\distributed\OTPClientRepository.py", line 1732, in handleMessageType
    self.gotInterestDoneMessage(di)
  File "otp\distributed\OTPClientRepository.py", line 1759, in gotInterestDoneMessage
    self.handleInterestDoneMessage(di)
  File "C:\Panda3D-1.11.0-x64\direct\distributed\DoInterestManager.py", line 621, in handleInterestDoneMessage
    messenger.send(event)
  File "C:\Panda3D-1.11.0-x64\direct\showbase\Messenger.py", line 333, in send
    self.__dispatch(acceptorDict, event, sentArgs, foundWatch)
  File "C:\Panda3D-1.11.0-x64\direct\showbase\Messenger.py", line 418, in __dispatch
    result = method (*(extraArgs + sentArgs))
  File "C:\Panda3D-1.11.0-x64\direct\showbase\PythonUtil.py", line 124, in _do__call__
    return self._function(*(self._args + args), **_kargs)
  File "toontown\distributed\ToontownClientRepository.py", line 613, in _tcrRemoveShardInterestDone
    callback()
  File "otp\otpbase\PythonUtil.py", line 122, in _do__call__
    return self._function(*(self._args + args), **_kargs)
  File "otp\distributed\OTPClientRepository.py", line 1329, in _removeShardInterestComplete
    self._callRemoveShardInterestCallback(callback, None)
  File "otp\distributed\OTPClientRepository.py", line 1334, in _callRemoveShardInterestCallback
    callback()
  File "otp\otpbase\PythonUtil.py", line 122, in _do__call__
    return self._function(*(self._args + args), **_kargs)
  File "C:\Panda3D-1.11.0-x64\direct\fsm\ClassicFSM.py", line 281, in request
    exitArgList)
  File "C:\Panda3D-1.11.0-x64\direct\fsm\ClassicFSM.py", line 227, in __transition
    self.__exitCurrent(exitArgList)
  File "C:\Panda3D-1.11.0-x64\direct\fsm\ClassicFSM.py", line 185, in __exitCurrent
    self.__currentState.exit(argList)
  File "C:\Panda3D-1.11.0-x64\direct\fsm\State.py", line 213, in exit
    self.__exitFunc(*argList)
  File "toontown\distributed\ToontownClientRepository.py", line 430, in exitPlayingGame
    base.localAvatar.deleteOrDelay()
  File "C:\Panda3D-1.11.0-x64\direct\distributed\DistributedObject.py", line 201, in deleteOrDelay
    self.disableAnnounceAndDelete()
  File "C:\Panda3D-1.11.0-x64\direct\distributed\DistributedObject.py", line 204, in disableAnnounceAndDelete
    self.disableAndAnnounce()
  File "C:\Panda3D-1.11.0-x64\direct\distributed\DistributedObject.py", line 230, in disableAndAnnounce
    self.disable()
  File "toontown\toon\LocalToon.py", line 256, in disable
    self.book.unload()
  File "toontown\shtiker\ShtikerBook.py", line 150, in unload
    page.unload()
  File "toontown\shtiker\SuitPage.py", line 240, in unload
    shadow.removeNode()
AssertionError: _error_type != ET_not_found at line 592 of panda/src/pgraph/nodePath.cxx
