

Starting Toontown Online...
Current time: Tue Sep 20 22:30:24 2022 Eastern Standard Time
sys.path =  ['', 'C:\\Toontown-Last-Laff-Workspace\\src\\Panda3D-1.11.0-x64\\python\\python27.zip', 'C:\\Panda3D-1.11.0-x64', 'C:\\Toontown-Last-Laff-Workspace\\src\\Panda3D-1.11.0-x64\\python\\DLLs', 'C:\\Toontown-Last-Laff-Workspace\\src\\Panda3D-1.11.0-x64\\python\\lib', 'C:\\Toontown-Last-Laff-Workspace\\src\\Panda3D-1.11.0-x64\\python\\lib\\plat-win', 'C:\\Toontown-Last-Laff-Workspace\\src\\Panda3D-1.11.0-x64\\python\\lib\\lib-tk', 'C:\\Toontown-Last-Laff-Workspace\\src\\Panda3D-1.11.0-x64\\python', 'C:\\Toontown-Last-Laff-Workspace\\src\\Panda3D-1.11.0-x64', 'C:\\Toontown-Last-Laff-Workspace\\src\\Panda3D-1.11.0-x64\\bin', 'C:\\Toontown-Last-Laff-Workspace\\src\\Panda3D-1.11.0-x64\\python\\lib\\site-packages']
sys.argv =  ['C:\\Toontown-Last-Laff-Workspace\\src\\toontown\\launcher\\TTOffQuickStartLauncher.py']
generating standard configrc
os.environ =  {'TMP': 'C:\\Users\\theph\\AppData\\Local\\Temp', 'COMPUTERNAME': 'DESKTOP-7054VC9', 'USERDOMAIN': 'DESKTOP-7054VC9', 'NEKO_INSTPATH': 'C:\\HaxeToolkit\\neko', 'INTEL_DEV_REDIST': 'C:\\Program Files (x86)\\Common Files\\Intel\\Shared Libraries\\', 'PSMODULEPATH': 'C:\\Program Files\\WindowsPowerShell\\Modules;C:\\WINDOWS\\system32\\WindowsPowerShell\\v1.0\\Modules', 'COMMONPROGRAMFILES': 'C:\\Program Files\\Common Files', 'PROCESSOR_IDENTIFIER': 'Intel64 Family 6 Model 158 Stepping 13, GenuineIntel', 'PROGRAMFILES': 'C:\\Program Files', 'PROCESSOR_REVISION': '9e0d', 'PATH': 'C:\\Panda3D-1.11.0-x64\\panda3d\\..\\bin;C:\\Program Files (x86)\\Common Files\\Intel\\Shared Libraries\\redist\\intel64_win\\compiler;C:\\Program Files (x86)\\NVIDIA Corporation\\PhysX\\Common;C:\\Program Files\\Python38\\Scripts\\;C:\\Program Files\\Python38\\;C:\\WINDOWS\\system32;C:\\WINDOWS;C:\\WINDOWS\\System32\\Wbem;C:\\WINDOWS\\System32\\WindowsPowerShell\\v1.0\\;C:\\WINDOWS\\System32\\OpenSSH\\;C:\\Program Files\\NVIDIA Corporation\\NVIDIA NvDLISR;C:\\Program Files\\dotnet\\;C:\\Users\\theph\\AppData\\Local\\Programs\\Python\\Python39;C:\\Users\\theph\\AppData\\Local\\Programs\\Python\\Python39\\Scripts;C:\\Program Files\\Common Files\\Autodesk Shared\\;C:\\Program Files\\Git\\cmd;C:\\Program Files (x86)\\Windows Live\\Shared;C:\\HaxeToolkit\\haxe;C:\\HaxeToolkit\\neko;C:\\Program Files\\Microsoft SQL Server\\150\\Tools\\Binn\\;C:\\Program Files\\Microsoft SQL Server\\Client SDK\\ODBC\\170\\Tools\\Binn\\;C:\\Users\\theph\\AppData\\Local\\Microsoft\\WindowsApps;C:\\Users\\theph\\.dotnet\\tools;C:\\Program Files\\JetBrains\\PyCharm Community Edition 2020.3.3\\bin;C:\\Users\\theph\\AppData\\Local\\atom\\bin;C:\\Users\\theph\\AppData\\Local\\GitHubDesktop\\bin;C:\\Panda3D-1.9.0-x64\\python;C:\\Panda3D-1.9.0-x64\\python\\Scripts;C:\\Panda3D-1.9.0-x64\\bin;C:\\Panda3D-1.9.0\\python;C:\\Panda3D-1.9.0\\python\\Scripts;C:\\Panda3D-1.9.0\\bin;C:\\Panda3D-1.10.0\\python;C:\\Panda3D-1.10.0\\python\\Scripts;C:\\Panda3D-1.10.0\\bin;C:\\Program Files\\JetBrains\\PyCharm Community Edition 2022.1\\bin;;C:\\Users\\theph\\AppData\\Local\\Programs\\Microsoft VS Code\\bin;C:\\Panda3D-1.11.0\\python;C:\\Panda3D-1.11.0\\python\\Scripts;C:\\Panda3D-1.11.0\\bin;C:\\Users\\theph\\.dotnet\\tools;C:\\Panda3D-1.10.11-x64\\python;C:\\Panda3D-1.10.11-x64\\python\\Scripts;C:\\Panda3D-1.10.11-x64\\bin;C:\\Panda3D-1.11.0-x64\\python;C:\\Panda3D-1.11.0-x64\\python\\Scripts;C:\\Panda3D-1.11.0-x64\\bin;C:\\EventHorizon-battle-ng-teaser\\dependencies\\panda\\python;C:\\EventHorizon-battle-ng-teaser\\dependencies\\panda\\python\\Scripts;C:\\EventHorizon-battle-ng-teaser\\depe', 'SYSTEMROOT': 'C:\\WINDOWS', 'PROGRAMFILES(X86)': 'C:\\Program Files (x86)', 'COMSPEC': 'C:\\WINDOWS\\system32\\cmd.exe', 'DRIVERDATA': 'C:\\Windows\\System32\\Drivers\\DriverData', 'PPYTHON_PATH': '"Panda3D-1.11.0-x64\\python\\ppython.exe"', 'TEMP': 'C:\\Users\\theph\\AppData\\Local\\Temp', 'FPS_BROWSER_APP_PROFILE_STRING': 'Internet Explorer', 'COMMONPROGRAMFILES(X86)': 'C:\\Program Files (x86)\\Common Files', 'PROCESSOR_ARCHITECTURE': 'AMD64', 'ALLUSERSPROFILE': 'C:\\ProgramData', 'LOCALAPPDATA': 'C:\\Users\\theph\\AppData\\Local', 'FPS_BROWSER_USER_PROFILE_STRING': 'Default', 'HOMEPATH': '\\Users\\theph', 'USERDOMAIN_ROAMINGPROFILE': 'DESKTOP-7054VC9', 'PROGRAMW6432': 'C:\\Program Files', 'USERNAME': 'theph', 'LOGONSERVER': '\\\\DESKTOP-7054VC9', 'PROMPT': '$P$G', 'SESSIONNAME': 'Console', 'PROGRAMDATA': 'C:\\ProgramData', 'ONEDRIVE': 'C:\\Users\\theph\\OneDrive', 'ADSK_3DSMAX_X64_2019': 'C:\\Program Files\\Autodesk\\3ds Max 2019\\', 'ZES_ENABLE_SYSMAN': '1', 'HAXEPATH': 'C:\\HaxeToolkit\\haxe', 'PATHEXT': '.COM;.EXE;.BAT;.CMD;.VBS;.VBE;.JS;.JSE;.WSF;.WSH;.MSC;.PY;.PYW', 'TTOFF_LOGIN_TOKEN': 'dev', 'WINDIR': 'C:\\WINDOWS', 'PYCHARM COMMUNITY EDITION': 'C:\\Program Files\\JetBrains\\PyCharm Community Edition 2022.1\\bin;', 'HOMEDRIVE': 'C:', 'SYSTEMDRIVE': 'C:', 'PUBLIC': 'C:\\Users\\Public', 'NUMBER_OF_PROCESSORS': '16', 'APPDATA': 'C:\\Users\\theph\\AppData\\Roaming', 'PROCESSOR_LEVEL': '6', 'COMMONPROGRAMW6432': 'C:\\Program Files\\Common Files', 'OS': 'Windows_NT', 'ADSK_CLM_WPAD_PROXY_CHECK': 'FALSE', 'USERPROFILE': 'C:\\Users\\theph'}
:09-20-2022 22:30:24 TTOffLauncher: isTestServer: 0
:09-20-2022 22:30:24 TTOffLauncher: Game Server 127.0.0.1
:09-20-2022 22:30:24 TTOffLauncher: Starting Toontown Online... 
:09-20-2022 22:30:24 TTOffLauncher: foreground: Launcher now operating in foreground
useTTOffSpecificLogin=True
:09-20-2022 22:30:24 TTOffLauncher: maybeStartGame: starting game
:09-20-2022 22:30:24 TTOffLauncher: Starting Toontown Online...
:09-20-2022 22:30:24 TTOffLauncher: background: Launcher now operating in background
ToontownStart: Polling for game2 to finish...
ToontownStart: Game2 is finished.
ToontownStart: Starting the game.
ToontownStart: setting default font
:09-20-2022 22:30:24 TTOffLauncher: setting panda error code to 7
Known pipe types:
  wglGraphicsPipe
(all display modules loaded.)
:09-20-2022 22:30:24 ToonBase: Default graphics pipe is wglGraphicsPipe (OpenGL).
:09-20-2022 22:30:25 ToonBase: Successfully opened window of type wglGraphicsWindow (OpenGL)
:09-20-2022 22:30:25 ShowBase: __dev__ == False
:09-20-2022 22:30:25 TTOffLauncher: setting panda error code to 11
:09-20-2022 22:30:25 TTOffLauncher: setting panda error code to 0
ToontownStart: Loading default gui sounds
ToontownStart: serverVersion:  tto-dev
:09-20-2022 22:30:25 Loader: starting bulk load of block 'init'
:09-20-2022 22:30:25 :nativenet(error): Buffered_DatagramConnection Constructor rbufsize = 4096000 wbufsize = 4096000 write_flush_point = 1400
:09-20-2022 22:30:25 OTPClientRepository: Using connect method 'http'
:09-20-2022 22:30:26 TTOffLauncher: getRegistry ('DEPLOYMENT', None)
:09-20-2022 22:30:26 TTOffLauncher: checking env
:09-20-2022 22:30:26 TTOffLauncher: getRegistry ('GAME_DEPLOYMENT', None)
:09-20-2022 22:30:26 TTOffLauncher: checking env
:09-20-2022 22:30:26 OTPClientRepository: reg_deployment=
:09-20-2022 22:30:26 OTPClientRepository: required-login auto.
:09-20-2022 22:30:26 OTPClientRepository: loginInterface: LoginTTOffAccount
:09-20-2022 22:30:26 TTOffLauncher: getNeedPwForSecretKey using ttoff-specific-login
:09-20-2022 22:30:26 Loader: At end of block 'init', expected 138, loaded 5, duration=1.1016657
:09-20-2022 22:30:26 OTPClientRepository: Connecting to gameserver directly (no proxy).
:09-20-2022 22:30:26 OTPClientRepository: Connecting to //127.0.0.1:7198 via HTTP interface.
:09-20-2022 22:30:26 TTOffLauncher: Stopping mini task manager.
:09-20-2022 22:30:26 OTPClientRepository: Successfully connected to //127.0.0.1:7198.
:09-20-2022 22:30:26 TTOffLauncher: Setting Disconnect Details normal
{401000001: <toontown.distributed.ToontownDistrict.ToontownDistrict instance at 0x000000001AF450C8>}
:09-20-2022 22:30:27 StateData: AvatarChooser.enter
:09-20-2022 22:30:27 DisplayOptions: settingsFullScreen = False, embedded = False width=800 height=600
:09-20-2022 22:30:27 StateData: calling self.displayOptions.restrictToEmbedded(False)
:09-20-2022 22:30:29 OTPClientRepository: ================
:09-20-2022 22:30:29 OTPClientRepository: Chose avatar id: 100000002
:09-20-2022 22:30:29 OTPClientRepository: Chose avatar name: Prince Bert Whiskerfuddy
:09-20-2022 22:30:29 OTPClientRepository: Chose avatar dna: ('dls', 'ls', 'l', 'm', 20, 0, 20, 20, 1, 0, 1, 0, 1, 14)
:09-20-2022 22:30:29 OTPClientRepository: Chose avatar position: 4
:09-20-2022 22:30:29 OTPClientRepository: isPaid: 1
:09-20-2022 22:30:29 OTPClientRepository: freeTimeLeft: 0
:09-20-2022 22:30:29 OTPClientRepository: allowSecretChat: True
:09-20-2022 22:30:29 OTPClientRepository: ================
:09-20-2022 22:30:29 Loader: starting bulk load of block 'localAvatarPlayGame'
:09-20-2022 22:30:30 ToontownTimeManager(warning): error parsing date string=
local
:09-20-2022 22:30:30 NewsPageButtonManager(warning): Should not get here. NewsPageButtonManager.exitOff
:09-20-2022 22:30:30 :pnmimage:png(warning): iCCP: known incorrect sRGB profile
:09-20-2022 22:30:31 OTPClientRepository: Entering shard 401000001
:09-20-2022 22:30:31 StreetSign: Street sign url is https://ttoffline.com/images/
:09-20-2022 22:30:32 TimeManager: Clock sync: TimeManager.announceGenerate
:09-20-2022 22:30:32 NewsManager: setHolidayId: Starting Holiday 26
:09-20-2022 22:30:32 InGameNewsMgr: latestIssue=2013-08-22 16:49:46.000003-07:00
cpu info: GenuineIntel|Intel(R) Core(TM) i9-9900K CPU @ 3.60GHz|591597|0|3.600,3.600|8,16 cpus
:09-20-2022 22:30:34 OTPClientRepository: No sync from TimeManager.
:09-20-2022 22:30:34 OTPClientRepository: gotTimeSync
:09-20-2022 22:30:34 Loader: At end of block 'localAvatarPlayGame', expected 400, loaded 14, duration=4.3458674
:09-20-2022 22:30:34 TimeManager: Clock sync roundtrip took 1167.765 ms
:09-20-2022 22:30:34 TimeManager: AI time delta is -0:02 from server delta
:09-20-2022 22:30:34 TimeManager: Local clock uncertainty +/- 0.584 s
:09-20-2022 22:30:34 PlayGame: QA-REGRESSION: NEIGHBORHOODS: Visit Lawbot HQ
:09-20-2022 22:30:34 Loader: starting bulk load of block 'hood'
:09-20-2022 22:30:34 LawbotCogHQLoader: loadPlaceGeom: 13000
:09-20-2022 22:30:35 NewsManager: setInvasionStatus: msgType: 3 cogType: b, numRemaining: 1000000, skeleton: 0
:09-20-2022 22:30:35 DistributedObject: DistributedSuitPlanner 401002971: generating
:09-20-2022 22:30:35 DistributedToon: calling LocalAvatar.startchat
:09-20-2022 22:30:35 :loader(error): Couldn't load file phase_4/models/questmap/cog_hq_lawbot_maps.bam: not found on model path (currently: "/;/c/Toontown-Last-Laff-Workspace/src/toontown/launcher;/c/Panda3D-1.11.0-x64/etc/..;/c/Panda3D-1.11.0-x64/etc/../models")
:09-20-2022 22:30:35 Loader: At end of block 'hood', expected 2, loaded 4, duration=0.9774353
:09-20-2022 22:30:36 Teleport(debug): teleportInDone: walk
:09-20-2022 22:30:36 :loader(error): Couldn't load file phase_4/models/questmap/cog_hq_lawbot_maps.bam: not found on model path (currently: "/;/c/Toontown-Last-Laff-Workspace/src/toontown/launcher;/c/Panda3D-1.11.0-x64/etc/..;/c/Panda3D-1.11.0-x64/etc/../models")
:09-20-2022 22:30:37 ShtikerBook: QA-REGRESSION: SHTICKERBOOK: Open
OnscreenText.configure: mayChange == 0
OnscreenText.configure: mayChange == 0
OnscreenText.configure: mayChange == 0
OnscreenText.configure: mayChange == 0
:09-20-2022 22:30:39 ShtikerBook: QA-REGRESSION: SHTICKERBOOK: Browse tabs Map
:09-20-2022 22:30:41 ShtikerBook: QA-REGRESSION: SHTICKERBOOK: Close
:09-20-2022 22:30:47 LawbotHQExterior: Unloading Place (13000). Fsm in final
:09-20-2022 22:30:47 DistributedObject: DistributedSuitPlanner 401002971: disabling
:09-20-2022 22:30:47 PlayGame: QA-REGRESSION: NEIGHBORHOODS: Visit Sellbot HQ
:09-20-2022 22:30:47 Loader: starting bulk load of block 'hood'
:09-20-2022 22:30:47 SellbotCogHQLoader: loadPlaceGeom: 11000
:09-20-2022 22:30:47 DistributedObject: DistributedSuitPlanner 401002948: generating
:09-20-2022 22:30:47 DistributedToon: calling LocalAvatar.startchat
:09-20-2022 22:30:47 :loader(error): Couldn't load file phase_4/models/questmap/cog_hq_sellbot_maps.bam: not found on model path (currently: "/;/c/Toontown-Last-Laff-Workspace/src/toontown/launcher;/c/Panda3D-1.11.0-x64/etc/..;/c/Panda3D-1.11.0-x64/etc/../models")
:09-20-2022 22:30:47 Loader: At end of block 'hood', expected 43, loaded 1, duration=0.4042179
:09-20-2022 22:30:49 Teleport(debug): teleportInDone: walk
:09-20-2022 22:30:49 :loader(error): Couldn't load file phase_4/models/questmap/cog_hq_sellbot_maps.bam: not found on model path (currently: "/;/c/Toontown-Last-Laff-Workspace/src/toontown/launcher;/c/Panda3D-1.11.0-x64/etc/..;/c/Panda3D-1.11.0-x64/etc/../models")
:09-20-2022 22:30:50 TTOffMagicWordManager: Run mode has been toggled.
:09-20-2022 22:30:54 SellbotCogHQLoader: loadPlaceGeom: 11100
:09-20-2022 22:30:54 SellbotCogHQLoader: QA-REGRESSION: COGHQ: Visit SellbotLobby
:09-20-2022 22:30:54 SellbotHQExterior: Unloading Place (11000). Fsm in final
:09-20-2022 22:30:54 DistributedObject: DistributedSuitPlanner 401002948: disabling
:09-20-2022 22:30:54 DistributedToon: calling LocalAvatar.startchat
:09-20-2022 22:30:54 :loader(error): Couldn't load file phase_4/models/questmap/cog_hq_sellbot_maps.bam: not found on model path (currently: "/;/c/Toontown-Last-Laff-Workspace/src/toontown/launcher;/c/Panda3D-1.11.0-x64/etc/..;/c/Panda3D-1.11.0-x64/etc/../models")
:09-20-2022 22:30:55 :loader(error): Couldn't load file phase_4/models/questmap/cog_hq_sellbot_maps.bam: not found on model path (currently: "/;/c/Toontown-Last-Laff-Workspace/src/toontown/launcher;/c/Panda3D-1.11.0-x64/etc/..;/c/Panda3D-1.11.0-x64/etc/../models")
:09-20-2022 22:31:33 SellbotCogHQLoader: loadPlaceGeom: 61000
:09-20-2022 22:31:33 SellbotCogHQLoader(warning): loadPlaceGeom: unclassified zone 61000
:09-20-2022 22:31:33 CogHQLobby: Unloading Place (11100). Fsm in final
:09-20-2022 22:31:33 DistributedToon: calling LocalAvatar.startchat
:09-20-2022 22:31:33 SellbotHQBossBattle(warning): fsm.request('movie') returned 0 (zone id 61000, avatar pos LPoint3f(-2.57997, 95, 18.1093)).
:09-20-2022 22:31:47 SellbotHQBossBattle(warning): fsm.request('movie') returned 0 (zone id 61000, avatar pos LPoint3f(-2.57997, 95, 18.1093)).
Battle Event localtoon-battle-event-3
:09-20-2022 22:35:25 GarbageCollect(warning): garbage found, reverting gc threshold
frame rate: 142.4 fps|0.002d|16 avs||306|306||0x0000|0x0000|704.0MB|953.8MB|32590.0MB|800|nt.2.6.2|3.600,3.600|8,16 cpus|OpenGL
:09-20-2022 22:36:09 DistributedBattleFinal(warning): handleDied() - toon: 100000002
:09-20-2022 22:36:16 SellbotHQBossBattle: Unloading Place (61000). Fsm in final
:09-20-2022 22:36:16 PlayGame: QA-REGRESSION: NEIGHBORHOODS: Visit Daisy Gardens
:09-20-2022 22:36:16 Loader: starting bulk load of block 'hood'
:09-20-2022 22:36:17 OTPClientRepository: Sending heartbeat mid-frame.
:09-20-2022 22:36:18 DistributedObject(warning): no loader.getInteractiveProp self.interactiveProp is None
:09-20-2022 22:36:18 Actor(warning): no part named head-front*!
:09-20-2022 22:36:18 DistributedToon: calling LocalAvatar.startchat
:09-20-2022 22:36:18 Loader: At end of block 'hood', expected 11, loaded 8, duration=1.6431096
:09-20-2022 22:36:19 Teleport(debug): teleportInDone: popup
adding timeout task
adding timeout task
:09-20-2022 22:39:56 TTOffMagicWordManager: Maxed out Prince Bert Whiskerfuddy's stats.
:09-20-2022 22:39:57 ShtikerBook: QA-REGRESSION: SHTICKERBOOK: Open
OnscreenText.configure: mayChange == 0
OnscreenText.configure: mayChange == 0
OnscreenText.configure: mayChange == 0
OnscreenText.configure: mayChange == 0
:09-20-2022 22:39:57 ShtikerBook: QA-REGRESSION: SHTICKERBOOK: Browse tabs Map
:09-20-2022 22:39:58 ShtikerBook: QA-REGRESSION: SHTICKERBOOK: Close
:09-20-2022 22:40:00 ToontownChatManager: QA-REGRESSION: CHAT: Speedchat
:09-20-2022 22:40:04 Playground: Unloading Place (5000). Fsm in final
:09-20-2022 22:40:04 PlayGame: QA-REGRESSION: NEIGHBORHOODS: Visit Sellbot HQ
:09-20-2022 22:40:04 Loader: starting bulk load of block 'hood'
:09-20-2022 22:40:04 SellbotCogHQLoader: loadPlaceGeom: 11000
:09-20-2022 22:40:04 DistributedObject: DistributedSuitPlanner 401002948: generating
:09-20-2022 22:40:04 DistributedToon: calling LocalAvatar.startchat
:09-20-2022 22:40:04 :loader(error): Couldn't load file phase_4/models/questmap/cog_hq_sellbot_maps.bam: not found on model path (currently: "/;/c/Toontown-Last-Laff-Workspace/src/toontown/launcher;/c/Panda3D-1.11.0-x64/etc/..;/c/Panda3D-1.11.0-x64/etc/../models")
:09-20-2022 22:40:04 Loader: At end of block 'hood', expected 43, loaded 1, duration=0.3795864
:09-20-2022 22:40:05 Teleport(debug): teleportInDone: walk
:09-20-2022 22:40:05 :loader(error): Couldn't load file phase_4/models/questmap/cog_hq_sellbot_maps.bam: not found on model path (currently: "/;/c/Toontown-Last-Laff-Workspace/src/toontown/launcher;/c/Panda3D-1.11.0-x64/etc/..;/c/Panda3D-1.11.0-x64/etc/../models")
:09-20-2022 22:40:11 SellbotCogHQLoader: loadPlaceGeom: 11100
:09-20-2022 22:40:11 SellbotCogHQLoader: QA-REGRESSION: COGHQ: Visit SellbotLobby
:09-20-2022 22:40:11 SellbotHQExterior: Unloading Place (11000). Fsm in final
:09-20-2022 22:40:11 DistributedObject: DistributedSuitPlanner 401002948: disabling
:09-20-2022 22:40:11 DistributedToon: calling LocalAvatar.startchat
:09-20-2022 22:40:11 :loader(error): Couldn't load file phase_4/models/questmap/cog_hq_sellbot_maps.bam: not found on model path (currently: "/;/c/Toontown-Last-Laff-Workspace/src/toontown/launcher;/c/Panda3D-1.11.0-x64/etc/..;/c/Panda3D-1.11.0-x64/etc/../models")
:09-20-2022 22:40:12 :loader(error): Couldn't load file phase_4/models/questmap/cog_hq_sellbot_maps.bam: not found on model path (currently: "/;/c/Toontown-Last-Laff-Workspace/src/toontown/launcher;/c/Panda3D-1.11.0-x64/etc/..;/c/Panda3D-1.11.0-x64/etc/../models")
frame rate: 141.9 fps|0.004d|0 avs||606|606||0x0000|0x0000|779.7MB|1165.9MB|32590.0MB|1009|nt.2.6.2|3.600,3.600|8,16 cpus|OpenGL
:09-20-2022 22:40:49 SellbotCogHQLoader: loadPlaceGeom: 61001
:09-20-2022 22:40:49 SellbotCogHQLoader(warning): loadPlaceGeom: unclassified zone 61000
:09-20-2022 22:40:49 CogHQLobby: Unloading Place (11100). Fsm in final
:09-20-2022 22:40:50 DistributedToon: calling LocalAvatar.startchat
:09-20-2022 22:40:50 SellbotHQBossBattle(warning): fsm.request('movie') returned 0 (zone id 61001, avatar pos LPoint3f(-2.57997, 95, 18.1093)).
:09-20-2022 22:41:04 SellbotHQBossBattle(warning): fsm.request('movie') returned 0 (zone id 61001, avatar pos LPoint3f(-2.57997, 95, 18.1093)).
Battle Event localtoon-battle-event-10
:09-20-2022 22:42:39 TTOffMagicWordManager: Prince Bert Whiskerfuddy can now insta-kill Cogs!
:09-20-2022 22:42:41 ToonBase: User closed main window.
:09-20-2022 22:42:41 TimeManager: Client disconnect reason 2.
:09-20-2022 22:42:41 SellbotHQBossBattle(warning): fsm.request('walk') returned 0 (zone id 61001, avatar pos LPoint3f(-31, -35, 0.025)).
:09-20-2022 22:42:41 SellbotHQBossBattle: Unloading Place (61001). Fsm in final
:09-20-2022 22:42:41 OTPClientRepository(warning): unclean exit, abandoning shard
ignoring InputState-forward
:09-20-2022 22:42:41 OTPClientRepository: sending clientLogout
:09-20-2022 22:42:41 LocalAvatar(warning): redundant call to stopUpdateSmartCamera
:09-20-2022 22:42:42 OTPClientRepository: Sent disconnect message to server
:09-20-2022 22:42:42 OTPClientRepository: Closing connection to server.
:09-20-2022 22:42:42 OTPClientRepository: Exiting cleanly
:09-20-2022 22:42:42 ToonBase: Exiting Toontown: errorCode = None
:09-20-2022 22:42:42 TTOffLauncher: setting panda error code to 0
:09-20-2022 22:42:42 TTOffLauncher: Normal exit.
