

Starting Toontown Online...
Current time: Mon Oct 24 13:47:54 2022 Eastern Standard Time
sys.path =  ['', 'C:\\Toontown-Last-Laff-Workspace-10-21-2022\\src\\Panda3D-1.11.0-x64\\python\\python27.zip', 'C:\\Panda3D-1.11.0-x64', 'C:\\Toontown-Last-Laff-Workspace-10-21-2022\\src\\Panda3D-1.11.0-x64\\python\\DLLs', 'C:\\Toontown-Last-Laff-Workspace-10-21-2022\\src\\Panda3D-1.11.0-x64\\python\\lib', 'C:\\Toontown-Last-Laff-Workspace-10-21-2022\\src\\Panda3D-1.11.0-x64\\python\\lib\\plat-win', 'C:\\Toontown-Last-Laff-Workspace-10-21-2022\\src\\Panda3D-1.11.0-x64\\python\\lib\\lib-tk', 'C:\\Toontown-Last-Laff-Workspace-10-21-2022\\src\\Panda3D-1.11.0-x64\\python', 'C:\\Toontown-Last-Laff-Workspace-10-21-2022\\src\\Panda3D-1.11.0-x64', 'C:\\Toontown-Last-Laff-Workspace-10-21-2022\\src\\Panda3D-1.11.0-x64\\bin', 'C:\\Toontown-Last-Laff-Workspace-10-21-2022\\src\\Panda3D-1.11.0-x64\\python\\lib\\site-packages']
sys.argv =  ['C:\\Toontown-Last-Laff-Workspace-10-21-2022\\src\\toontown\\launcher\\TTOffQuickStartLauncher.py']
generating standard configrc
os.environ =  {'TMP': 'C:\\Users\\Philip\\AppData\\Local\\Temp', 'COMPUTERNAME': 'PHILIP-JR', 'USERDOMAIN': 'PHILIP-JR', 'NEKO_INSTPATH': 'C:\\HaxeToolkit\\neko', 'PSMODULEPATH': 'C:\\WINDOWS\\system32\\WindowsPowerShell\\v1.0\\Modules\\', 'DOKANLIBRARY1': 'C:\\Program Files\\Dokan\\Dokan Library-1.4.1\\', 'ADSK_3DSMAX_X64_2021': 'C:\\Program Files\\Autodesk\\3ds Max 2021\\', 'PROCESSOR_IDENTIFIER': 'Intel64 Family 6 Model 45 Stepping 7, GenuineIntel', 'VBOX_MSI_INSTALL_PATH': 'C:\\Program Files\\Oracle\\VirtualBox\\', 'PROGRAMFILES': 'C:\\Program Files', 'PROCESSOR_REVISION': '2d07', 'PATH': 'C:\\Panda3D-1.11.0-x64\\panda3d\\..\\bin;C:\\Program Files (x86)\\Common Files\\Oracle\\Java\\javapath;C:\\Windows\\system32;C:\\Windows;C:\\Windows\\System32\\Wbem;C:\\Windows\\System32\\WindowsPowerShell\\v1.0\\;C:\\Program Files (x86)\\NVIDIA Corporation\\PhysX\\Common;C:\\Program Files\\Git\\cmd;C:\\WINDOWS\\system32;C:\\WINDOWS;C:\\WINDOWS\\System32\\Wbem;C:\\WINDOWS\\System32\\WindowsPowerShell\\v1.0\\;C:\\Program Files\\dotnet\\;C:\\Program Files\\Common Files\\Autodesk Shared\\;C:\\Program Files\\Microsoft SQL Server\\120\\Tools\\Binn\\;C:\\HaxeToolkit\\haxe;C:\\HaxeToolkit\\neko;C:\\Program Files\\Animation Paper\\gstreamer\\bin;C:\\Program Files\\PuTTY\\;C:\\Program Files\\NVIDIA Corporation\\NVIDIA NvDLISR;C:\\Program Files (x86)\\Windows Live\\Shared;C:\\HaxeToolkit\\haxe;C:\\HaxeToolkit\\neko;C:\\Program Files (x86)\\Windows Kits\\8.1\\Windows Performance Toolkit\\;C:\\Users\\Philip\\anaconda3;C:\\Users\\Philip\\anaconda3\\Library\\mingw-w64\\bin;C:\\Users\\Philip\\anaconda3\\Library\\usr\\bin;C:\\Users\\Philip\\anaconda3\\Library\\bin;C:\\Users\\Philip\\anaconda3\\Scripts;C:\\Program Files\\MySQL\\MySQL Shell 8.0\\bin\\;C:\\Panda3D-1.10.02\\python;C:\\Panda3D-1.10.02\\python\\Scripts;C:\\Panda3D-1.10.02\\bin;C:\\Panda3D-1.11.0-x64-py2\\python;C:\\Panda3D-1.11.0-x64-py2\\python\\Scripts;C:\\Panda3D-1.11.0-x64-py2\\bin;C:\\Users\\Philip\\AppData\\Local\\GitHubDesktop\\bin;C:\\Panda3D-1.9.0\\python;C:\\Panda3D-1.9.0\\python\\Scripts;C:\\Panda3D-1.9.0\\bin;C:\\Panda3D-1.10.0-x64\\python;C:\\Panda3D-1.10.0-x64\\python\\Scripts;C:\\Panda3D-1.10.0-x64\\bin;C:\\Users\\Philip\\AppData\\Local\\atom\\bin;C:\\Panda3D-1.10.0\\python;C:\\Panda3D-1.10.0\\python\\Scripts;C:\\Panda3D-1.10.0\\bin;C:\\Panda3D-1.11.0-x64-astron\\python;C:\\Panda3D-1.11.0-x64-astron\\python\\Scripts;C:\\Panda3D-1.11.0-x64-astron\\bin;C:\\Panda3D-1.11.0-x64\\python;C:\\Panda3D-1.11.0-x64\\python\\Scripts;C:\\Panda3D-1.11.0-x64\\bin;C:\\Panda3D-1.10.9-x64\\python;C:\\Panda3D-1.10.9-x64\\python\\Scrip;C:\\Users\\Philip\\AppData\\Local\\Programs\\Microsoft VS Code\\bin;C:\\Users\\Philip\\.dotnet\\tools;%C:\\Program Files (x86)\\Windows Kits\\8.1\\bin\\x86\\rc.exe%;%C:\\Program Files (x86)\\Microsoft Visual Studio\\2019\\BuildTools\\Common7\\IDE%;C:\\Program Files\\JetBrains\\PyCharm Community Edition 2022.2.3\\bin;', 'SYSTEMROOT': 'C:\\WINDOWS', 'NUMBER_OF_PROCESSORS': '8', 'PROGRAMFILES(X86)': 'C:\\Program Files (x86)', 'COMSPEC': 'C:\\WINDOWS\\system32\\cmd.exe', 'KMP_BLOCKTIME': '0', 'PPYTHON_PATH': '"Panda3D-1.11.0-x64\\python\\ppython.exe"', 'PYCHARM COMMUNITY EDITION': 'C:\\Program Files\\JetBrains\\PyCharm Community Edition 2022.2.3\\bin;', 'COMMONPROGRAMFILES(X86)': 'C:\\Program Files (x86)\\Common Files', 'PROCESSOR_ARCHITECTURE': 'AMD64', 'DOKANLIBRARY1_LIBRARYPATH_X64': 'C:\\Program Files\\Dokan\\Dokan Library-1.4.1\\lib\\', 'ALLUSERSPROFILE': 'C:\\ProgramData', 'LOCALAPPDATA': 'C:\\Users\\Philip\\AppData\\Local', 'HOMEPATH': '\\Users\\Philip', 'USERDOMAIN_ROAMINGPROFILE': 'PHILIP-JR', 'PROGRAMW6432': 'C:\\Program Files', 'USERNAME': 'Philip', 'FP_NO_HOST_CHECK': 'NO', 'DOKANLIBRARY1_LIBRARYPATH_X86': 'C:\\Program Files\\Dokan\\Dokan Library-1.4.1\\x86\\lib\\', 'LOGONSERVER': '\\\\MicrosoftAccount', 'PROMPT': '$P$G', 'SESSIONNAME': 'Console', 'PROGRAMDATA': 'C:\\ProgramData', 'COMMONPROGRAMFILES': 'C:\\Program Files\\Common Files', 'TEMP': 'C:\\Users\\Philip\\AppData\\Local\\Temp', 'HAXEPATH': 'C:\\HaxeToolkit\\haxe', 'PATHEXT': '.COM;.EXE;.BAT;.CMD;.VBS;.VBE;.JS;.JSE;.WSF;.WSH;.MSC', 'TTOFF_LOGIN_TOKEN': 'dev', 'VS160COMCOMNTOOLS': 'C:\\Program Files (x86)\\Microsoft Visual Studio\\2019\\Community\\Common7\\Tools\\', 'WINDIR': 'C:\\WINDOWS', 'OMP_WAIT_POLICY': 'PASSIVE', 'MONGO': 'C:\\mongodb-win32-x86_64-windows-4.4.4/bin', 'HOMEDRIVE': 'C:', 'SYSTEMDRIVE': 'C:', 'PUBLIC': 'C:\\Users\\Public', 'APPDATA': 'C:\\Users\\Philip\\AppData\\Roaming', 'PROCESSOR_LEVEL': '6', 'CIOENGINE': 'C:\\cio-panda3d', 'COMMONPROGRAMW6432': 'C:\\Program Files\\Common Files', 'OS': 'Windows_NT', 'ADSK_CLM_WPAD_PROXY_CHECK': 'FALSE', 'USERPROFILE': 'C:\\Users\\Philip'}
:10-24-2022 13:47:54 TTOffLauncher: isTestServer: 0
:10-24-2022 13:47:54 TTOffLauncher: Game Server 127.0.0.1
:10-24-2022 13:47:54 TTOffLauncher: Starting Toontown Online... 
:10-24-2022 13:47:54 TTOffLauncher: foreground: Launcher now operating in foreground
useTTOffSpecificLogin=True
:10-24-2022 13:47:54 TTOffLauncher: maybeStartGame: starting game
:10-24-2022 13:47:54 TTOffLauncher: Starting Toontown Online...
:10-24-2022 13:47:54 TTOffLauncher: background: Launcher now operating in background
ToontownStart: Polling for game2 to finish...
ToontownStart: Game2 is finished.
ToontownStart: Starting the game.
ToontownStart: setting default font
:10-24-2022 13:47:54 TTOffLauncher: setting panda error code to 7
Known pipe types:
  wglGraphicsPipe
(all display modules loaded.)
:10-24-2022 13:47:55 ToonBase: Default graphics pipe is wglGraphicsPipe (OpenGL).
:10-24-2022 13:47:55 :display(warning): FrameBufferProperties available less than requested.
  requested: depth_bits=24 color_bits=3 red_bits=1 green_bits=1 blue_bits=1 alpha_bits=1 multisamples=70 back_buffers=1 force_hardware 
  got: depth_bits=24 color_bits=24 red_bits=8 green_bits=8 blue_bits=8 alpha_bits=8 accum_bits=64 multisamples=16 back_buffers=1 force_hardware 
:10-24-2022 13:47:55 ToonBase: Successfully opened window of type wglGraphicsWindow (OpenGL)
:10-24-2022 13:47:55 ShowBase: __dev__ == False
:10-24-2022 13:47:55 TTOffLauncher: setting panda error code to 11
:10-24-2022 13:47:55 TTOffLauncher: setting panda error code to 0
ToontownStart: Loading default gui sounds
ToontownStart: serverVersion:  tto-dev
:10-24-2022 13:47:55 Loader: starting bulk load of block 'init'
:10-24-2022 13:47:56 :nativenet(error): Buffered_DatagramConnection Constructor rbufsize = 4096000 wbufsize = 4096000 write_flush_point = 1400
:10-24-2022 13:47:56 OTPClientRepository: Using connect method 'http'
:10-24-2022 13:47:57 TTOffLauncher: getRegistry ('DEPLOYMENT', None)
:10-24-2022 13:47:57 TTOffLauncher: checking env
:10-24-2022 13:47:57 TTOffLauncher: getRegistry ('GAME_DEPLOYMENT', None)
:10-24-2022 13:47:57 TTOffLauncher: checking env
:10-24-2022 13:47:57 OTPClientRepository: reg_deployment=
:10-24-2022 13:47:57 OTPClientRepository: required-login auto.
:10-24-2022 13:47:57 OTPClientRepository: loginInterface: LoginTTOffAccount
:10-24-2022 13:47:57 TTOffLauncher: getNeedPwForSecretKey using ttoff-specific-login
:10-24-2022 13:47:57 Loader: At end of block 'init', expected 138, loaded 7, duration=1.58794059328
:10-24-2022 13:47:57 OTPClientRepository: Connecting to gameserver directly (no proxy).
:10-24-2022 13:47:57 OTPClientRepository: Connecting to //127.0.0.1:7198 via HTTP interface.
:10-24-2022 13:47:57 TTOffLauncher: Stopping mini task manager.
:10-24-2022 13:47:57 OTPClientRepository: Successfully connected to //127.0.0.1:7198.
:10-24-2022 13:47:57 TTOffLauncher: Setting Disconnect Details normal
{402000001: <toontown.distributed.ToontownDistrict.ToontownDistrict instance at 0x000000001797BAC8>}
:10-24-2022 13:47:58 StateData: AvatarChooser.enter
:10-24-2022 13:47:58 DisplayOptions: settingsFullScreen = False, embedded = False width=800 height=600
:10-24-2022 13:47:58 StateData: calling self.displayOptions.restrictToEmbedded(False)
:10-24-2022 13:48:00 OTPClientRepository: ================
:10-24-2022 13:48:00 OTPClientRepository: Chose avatar id: 100000001
:10-24-2022 13:48:00 OTPClientRepository: Chose avatar name: Wittybumble
:10-24-2022 13:48:00 OTPClientRepository: Chose avatar dna: ('dss', 'ms', 'm', 'm', 6, 0, 6, 6, 1, 9, 1, 9, 1, 18)
:10-24-2022 13:48:00 OTPClientRepository: Chose avatar position: 1
:10-24-2022 13:48:00 OTPClientRepository: isPaid: 1
:10-24-2022 13:48:00 OTPClientRepository: freeTimeLeft: 0
:10-24-2022 13:48:00 OTPClientRepository: allowSecretChat: True
:10-24-2022 13:48:00 OTPClientRepository: ================
:10-24-2022 13:48:00 Loader: starting bulk load of block 'localAvatarPlayGame'
:10-24-2022 13:48:01 ToontownTimeManager(warning): error parsing date string=
:10-24-2022 13:48:01 Actor(warning): no part named head-front*!
local
:10-24-2022 13:48:01 NewsPageButtonManager(warning): Should not get here. NewsPageButtonManager.exitOff
:10-24-2022 13:48:01 :pnmimage:png(warning): iCCP: known incorrect sRGB profile
:10-24-2022 13:48:03 Actor(warning): no part named head-front*!
:10-24-2022 13:48:04 OTPClientRepository: Entering shard 402000001
:10-24-2022 13:48:04 StreetSign: Street sign url is https://ttoffline.com/images/
:10-24-2022 13:48:05 TimeManager: Clock sync: TimeManager.announceGenerate
:10-24-2022 13:48:05 NewsManager: setHolidayId: Starting Holiday 26
:10-24-2022 13:48:05 NewsManager: setHolidayId: Starting Holiday 14
:10-24-2022 13:48:05 InGameNewsMgr: latestIssue=2013-08-22 16:49:46.000003-07:00
cpu info: GenuineIntel|        Intel(R) Core(TM) i7-3820 CPU @ 3.60GHz|132823|0|3.601,3.601|4,8 cpus
:10-24-2022 13:48:06 OTPClientRepository: No sync from TimeManager.
:10-24-2022 13:48:06 OTPClientRepository: gotTimeSync
:10-24-2022 13:48:06 Loader: At end of block 'localAvatarPlayGame', expected 400, loaded 23, duration=6.15914819226
:10-24-2022 13:48:06 TimeManager: Clock sync roundtrip took 1150.117 ms
:10-24-2022 13:48:06 TimeManager: AI time delta is -0:01 from server delta
:10-24-2022 13:48:06 TimeManager: Local clock uncertainty +/- 0.575 s
:10-24-2022 13:48:06 PlayGame: QA-REGRESSION: NEIGHBORHOODS: Visit Sellbot HQ
:10-24-2022 13:48:06 Loader: starting bulk load of block 'hood'
:10-24-2022 13:48:07 OTPClientRepository: Sending heartbeat mid-frame.
:10-24-2022 13:48:07 TownBattleSuitPanel: Loading Suit Battle Panel!
:10-24-2022 13:48:07 TownBattleSuitPanel: Loading Suit Battle Panel!
:10-24-2022 13:48:07 TownBattleSuitPanel: Loading Suit Battle Panel!
:10-24-2022 13:48:07 TownBattleSuitPanel: Loading Suit Battle Panel!
:10-24-2022 13:48:07 TownBattleSuitPanel: Loading Suit Battle Panel!
:10-24-2022 13:48:07 TownBattleSuitPanel: Loading Suit Battle Panel!
:10-24-2022 13:48:07 TownBattleSuitPanel: Loading Suit Battle Panel!
:10-24-2022 13:48:07 TownBattleSuitPanel: Loading Suit Battle Panel!
:10-24-2022 13:48:07 SellbotCogHQLoader: loadPlaceGeom: 11000
:10-24-2022 13:48:08 NewsManager: setInvasionStatus: msgType: 3 cogType: b, numRemaining: 1000000, skeleton: 0
:10-24-2022 13:48:08 DistributedObject: DistributedSuitPlanner 402002981: generating
:10-24-2022 13:48:08 DistributedToon: calling LocalAvatar.startchat
:10-24-2022 13:48:08 :loader(error): Couldn't load file phase_4/models/questmap/cog_hq_sellbot_maps.bam: not found on model path (currently: "/;/c/Toontown-Last-Laff-Workspace-10-21-2022/src/toontown/launcher;/c/Panda3D-1.11.0-x64/etc/..;/c/Panda3D-1.11.0-x64/etc/../models")
:10-24-2022 13:48:08 Loader: At end of block 'hood', expected 43, loaded 7, duration=1.68590940625
:10-24-2022 13:48:09 Teleport(debug): teleportInDone: walk
:10-24-2022 13:48:09 :loader(error): Couldn't load file phase_4/models/questmap/cog_hq_sellbot_maps.bam: not found on model path (currently: "/;/c/Toontown-Last-Laff-Workspace-10-21-2022/src/toontown/launcher;/c/Panda3D-1.11.0-x64/etc/..;/c/Panda3D-1.11.0-x64/etc/../models")
:10-24-2022 13:48:16 DistributedToon: QA-REGRESSION: VISITESTATE: Visit estate
:10-24-2022 13:48:21 SellbotHQExterior: Unloading Place (11000). Fsm in final
:10-24-2022 13:48:21 DistributedObject: DistributedSuitPlanner 402002981: disabling
:10-24-2022 13:48:21 PlayGame: QA-REGRESSION: NEIGHBORHOODS: Visit your house
:10-24-2022 13:48:21 Loader: starting bulk load of block 'hood'
:10-24-2022 13:48:21 DistributedToon: calling LocalAvatar.startchat
:10-24-2022 13:48:21 Estate: remove estate-check-toon-underwater to TaskMgr in enterTeleportIn()
:10-24-2022 13:48:21 Loader: At end of block 'hood', expected 10, loaded 3, duration=0.666006566677
:10-24-2022 13:48:23 Estate: add estate-check-toon-underwater to TaskMgr in teleportInDone()
:10-24-2022 13:48:23 Teleport(debug): teleportInDone: walk
:10-24-2022 13:48:25 Estate: remove estate-check-toon-underwater to TaskMgr in unload()
:10-24-2022 13:48:25 Estate: Unloading Place (61004). Fsm in final
:10-24-2022 13:48:25 DistributedToon: calling LocalAvatar.startchat
local
:10-24-2022 13:48:35 OTPClientRepository: Got query response for avatar 100000002.
:10-24-2022 13:48:43 ShtikerBook: QA-REGRESSION: SHTICKERBOOK: Open
OnscreenText.configure: mayChange == 0
OnscreenText.configure: mayChange == 0
OnscreenText.configure: mayChange == 0
OnscreenText.configure: mayChange == 0
OnscreenText.configure: mayChange == 0
OnscreenText.configure: mayChange == 0
OnscreenText.configure: mayChange == 0
OnscreenText.configure: mayChange == 0
:10-24-2022 13:48:45 ShtikerBook: QA-REGRESSION: SHTICKERBOOK: Browse tabs Map
OnscreenText.configure: mayChange == 0
OnscreenText.configure: mayChange == 0
OnscreenText.configure: mayChange == 0
OnscreenText.configure: mayChange == 0
:10-24-2022 13:48:45 ShtikerBook: QA-REGRESSION: SHTICKERBOOK: Browse tabs Map
OnscreenText.configure: mayChange == 0
OnscreenText.configure: mayChange == 0
OnscreenText.configure: mayChange == 0
OnscreenText.configure: mayChange == 0
:10-24-2022 13:48:45 ShtikerBook: QA-REGRESSION: SHTICKERBOOK: Browse tabs Map
:10-24-2022 13:48:46 ShtikerBook: QA-REGRESSION: SHTICKERBOOK: Browse tabs Gags
:10-24-2022 13:48:47 ShtikerBook: QA-REGRESSION: SHTICKERBOOK: Browse tabs Gag Training
:10-24-2022 13:48:47 ShtikerBook: QA-REGRESSION: SHTICKERBOOK: Browse tabs Cog Gallery
OnscreenText.configure: mayChange == 0
OnscreenText.configure: mayChange == 0
OnscreenText.configure: mayChange == 0
OnscreenText.configure: mayChange == 0
:10-24-2022 13:49:02 ShtikerBook: QA-REGRESSION: SHTICKERBOOK: Browse tabs Map
:10-24-2022 13:49:04 ShtikerBook: QA-REGRESSION: SHTICKERBOOK: Close
:10-24-2022 13:49:09 NewsManager: setInvasionStatus: msgType: 2 cogType: b, numRemaining: 1000000, skeleton: 0
:10-24-2022 13:49:09 TTOffMagicWordManager: Ta-da!
:10-24-2022 13:49:10 ShtikerBook: QA-REGRESSION: SHTICKERBOOK: Open
OnscreenText.configure: mayChange == 0
OnscreenText.configure: mayChange == 0
OnscreenText.configure: mayChange == 0
OnscreenText.configure: mayChange == 0
:10-24-2022 13:49:11 ShtikerBook: QA-REGRESSION: SHTICKERBOOK: Browse tabs Map
:10-24-2022 13:49:17 ShtikerBook: QA-REGRESSION: SHTICKERBOOK: Close
:10-24-2022 13:49:23 House: Unloading Place (61009). Fsm in final
:10-24-2022 13:49:23 PlayGame: QA-REGRESSION: NEIGHBORHOODS: Visit Daisy Gardens
:10-24-2022 13:49:23 Loader: starting bulk load of block 'hood'
:10-24-2022 13:49:24 DistributedObject(warning): no loader.getInteractiveProp self.interactiveProp is None
:10-24-2022 13:49:24 Actor(warning): no part named head-front*!
:10-24-2022 13:49:24 DistributedToon: calling LocalAvatar.startchat
:10-24-2022 13:49:24 Loader: At end of block 'hood', expected 11, loaded 8, duration=1.67754788688
:10-24-2022 13:49:26 Teleport(debug): teleportInDone: walk
:10-24-2022 13:49:42 Playground: Unloading Place (5000). Fsm in final
:10-24-2022 13:49:42 Loader: starting bulk load of block 'hood'
:10-24-2022 13:49:42 TownBattleSuitPanel: Loading Suit Battle Panel!
:10-24-2022 13:49:42 TownBattleSuitPanel: Loading Suit Battle Panel!
:10-24-2022 13:49:42 TownBattleSuitPanel: Loading Suit Battle Panel!
:10-24-2022 13:49:42 TownBattleSuitPanel: Loading Suit Battle Panel!
:10-24-2022 13:49:42 TownBattleSuitPanel: Loading Suit Battle Panel!
:10-24-2022 13:49:42 TownBattleSuitPanel: Loading Suit Battle Panel!
:10-24-2022 13:49:42 TownBattleSuitPanel: Loading Suit Battle Panel!
:10-24-2022 13:49:42 TownBattleSuitPanel: Loading Suit Battle Panel!
:10-24-2022 13:49:43 :loader(error): Couldn't load file phase_8/models/char/tt_a_ara_dga_mailbox_idle0Sleep.bam: not found on model path (currently: "/;/c/Toontown-Last-Laff-Workspace-10-21-2022/src/toontown/launcher;/c/Panda3D-1.11.0-x64/etc/..;/c/Panda3D-1.11.0-x64/etc/../models")
:10-24-2022 13:49:44 :loader(error): Couldn't load file phase_8/models/char/tt_a_ara_dga_mailbox_idle0Sleep.bam: not found on model path (currently: "/;/c/Toontown-Last-Laff-Workspace-10-21-2022/src/toontown/launcher;/c/Panda3D-1.11.0-x64/etc/..;/c/Panda3D-1.11.0-x64/etc/../models")
:10-24-2022 13:49:44 TownLoader: skipping self.geom.flattenMedium
:10-24-2022 13:49:44 Loader: At end of block 'hood', expected 40, loaded 7, duration=1.71350702819
:10-24-2022 13:49:44 DistributedObject: DistributedSuitPlanner 402001438: generating
:10-24-2022 13:49:48 :loader(error): Couldn't load file phase_8/models/char/tt_a_ara_dga_mailbox_idle0Sleep.bam: not found on model path (currently: "/;/c/Toontown-Last-Laff-Workspace-10-21-2022/src/toontown/launcher;/c/Panda3D-1.11.0-x64/etc/..;/c/Panda3D-1.11.0-x64/etc/../models")
:10-24-2022 13:50:04 :loader(error): Couldn't load file phase_8/models/char/tt_a_ara_dga_mailbox_idle0Sleep.bam: not found on model path (currently: "/;/c/Toontown-Last-Laff-Workspace-10-21-2022/src/toontown/launcher;/c/Panda3D-1.11.0-x64/etc/..;/c/Panda3D-1.11.0-x64/etc/../models")
:10-24-2022 13:50:38 Street: Unloading Place (None). Fsm in final
:10-24-2022 13:50:38 DistributedObject: DistributedSuitPlanner 402001438: disabling
:10-24-2022 13:50:38 PlayGame: QA-REGRESSION: NEIGHBORHOODS: Visit Sellbot HQ
:10-24-2022 13:50:38 Loader: starting bulk load of block 'hood'
:10-24-2022 13:50:38 TownBattleSuitPanel: Loading Suit Battle Panel!
:10-24-2022 13:50:38 TownBattleSuitPanel: Loading Suit Battle Panel!
:10-24-2022 13:50:38 TownBattleSuitPanel: Loading Suit Battle Panel!
:10-24-2022 13:50:38 TownBattleSuitPanel: Loading Suit Battle Panel!
:10-24-2022 13:50:38 TownBattleSuitPanel: Loading Suit Battle Panel!
:10-24-2022 13:50:38 TownBattleSuitPanel: Loading Suit Battle Panel!
:10-24-2022 13:50:38 TownBattleSuitPanel: Loading Suit Battle Panel!
:10-24-2022 13:50:38 TownBattleSuitPanel: Loading Suit Battle Panel!
:10-24-2022 13:50:38 SellbotCogHQLoader: loadPlaceGeom: 11000
:10-24-2022 13:50:38 :loader(error): Couldn't load file phase_4/models/questmap/cog_hq_sellbot_maps.bam: not found on model path (currently: "/;/c/Toontown-Last-Laff-Workspace-10-21-2022/src/toontown/launcher;/c/Panda3D-1.11.0-x64/etc/..;/c/Panda3D-1.11.0-x64/etc/../models")
:10-24-2022 13:50:38 DistributedObject: DistributedSuitPlanner 402002981: generating
:10-24-2022 13:50:38 DistributedToon: calling LocalAvatar.startchat
:10-24-2022 13:50:38 Loader: At end of block 'hood', expected 43, loaded 2, duration=0.587593002561
:10-24-2022 13:50:41 :loader(error): Couldn't load file phase_4/models/questmap/cog_hq_sellbot_maps.bam: not found on model path (currently: "/;/c/Toontown-Last-Laff-Workspace-10-21-2022/src/toontown/launcher;/c/Panda3D-1.11.0-x64/etc/..;/c/Panda3D-1.11.0-x64/etc/../models")
:10-24-2022 13:50:45 ClassicFSM(warning): [DistributedSuit]: no transition exists from Walk to FromCogHQ
:10-24-2022 13:50:47 SellbotHQExterior: QA-REGRESSION: COGBATTLE: Enter Battle
Battle Event localtoon-battle-event-3
:10-24-2022 13:51:02 ClassicFSM(warning): [DistributedSuit]: no transition exists from Walk to FromCogHQ
:10-24-2022 13:51:10 ClassicFSM(warning): [DistributedSuit]: no transition exists from Walk to FromCogHQ
:10-24-2022 13:51:27 OTPClientRepository: Sending heartbeat mid-frame.
:10-24-2022 13:51:40 :loader(error): Couldn't load file phase_4/models/questmap/cog_hq_sellbot_maps.bam: not found on model path (currently: "/;/c/Toontown-Last-Laff-Workspace-10-21-2022/src/toontown/launcher;/c/Panda3D-1.11.0-x64/etc/..;/c/Panda3D-1.11.0-x64/etc/../models")
:10-24-2022 13:51:40 ClassicFSM(warning): [DistributedSuit]: no transition exists from FlyAway to WaitForBattle
:10-24-2022 13:51:40 :loader(error): Couldn't load file phase_4/models/questmap/cog_hq_sellbot_maps.bam: not found on model path (currently: "/;/c/Toontown-Last-Laff-Workspace-10-21-2022/src/toontown/launcher;/c/Panda3D-1.11.0-x64/etc/..;/c/Panda3D-1.11.0-x64/etc/../models")
:10-24-2022 13:51:44 ClassicFSM(warning): [DistributedSuit]: no transition exists from Walk to FromCogHQ
:10-24-2022 13:52:09 ClassicFSM(warning): [DistributedSuit]: no transition exists from Walk to FromCogHQ
:10-24-2022 13:52:17 ClassicFSM(warning): [DistributedSuit]: no transition exists from Walk to FromCogHQ
:10-24-2022 13:52:30 ShtikerBook: QA-REGRESSION: SHTICKERBOOK: Open
:10-24-2022 13:52:30 ClassicFSM(warning): [DistributedSuit]: no transition exists from Walk to FromCogHQ
OnscreenText.configure: mayChange == 0
OnscreenText.configure: mayChange == 0
OnscreenText.configure: mayChange == 0
OnscreenText.configure: mayChange == 0
:10-24-2022 13:52:31 ShtikerBook: QA-REGRESSION: SHTICKERBOOK: Browse tabs Map
:10-24-2022 13:52:37 ShtikerBook: QA-REGRESSION: SHTICKERBOOK: Close
:10-24-2022 13:52:42 SellbotHQExterior: Unloading Place (11000). Fsm in final
:10-24-2022 13:52:42 DistributedObject: DistributedSuitPlanner 402002981: disabling
:10-24-2022 13:52:42 PlayGame: QA-REGRESSION: NEIGHBORHOODS: Visit Cashbot HQ
:10-24-2022 13:52:42 Loader: starting bulk load of block 'hood'
:10-24-2022 13:52:42 TownBattleSuitPanel: Loading Suit Battle Panel!
:10-24-2022 13:52:42 TownBattleSuitPanel: Loading Suit Battle Panel!
:10-24-2022 13:52:42 TownBattleSuitPanel: Loading Suit Battle Panel!
:10-24-2022 13:52:42 TownBattleSuitPanel: Loading Suit Battle Panel!
:10-24-2022 13:52:42 TownBattleSuitPanel: Loading Suit Battle Panel!
:10-24-2022 13:52:42 TownBattleSuitPanel: Loading Suit Battle Panel!
:10-24-2022 13:52:42 TownBattleSuitPanel: Loading Suit Battle Panel!
:10-24-2022 13:52:42 TownBattleSuitPanel: Loading Suit Battle Panel!
:10-24-2022 13:52:42 CashbotCogHQLoader: loadPlaceGeom: 12000
:10-24-2022 13:52:43 DistributedObject: DistributedSuitPlanner 402002997: generating
:10-24-2022 13:52:43 DistributedToon: calling LocalAvatar.startchat
:10-24-2022 13:52:43 :loader(error): Couldn't load file phase_4/models/questmap/cog_hq_cashbot_maps.bam: not found on model path (currently: "/;/c/Toontown-Last-Laff-Workspace-10-21-2022/src/toontown/launcher;/c/Panda3D-1.11.0-x64/etc/..;/c/Panda3D-1.11.0-x64/etc/../models")
:10-24-2022 13:52:43 Loader: At end of block 'hood', expected 2, loaded 4, duration=1.10681388736
:10-24-2022 13:52:45 Teleport(debug): teleportInDone: walk
:10-24-2022 13:52:45 :loader(error): Couldn't load file phase_4/models/questmap/cog_hq_cashbot_maps.bam: not found on model path (currently: "/;/c/Toontown-Last-Laff-Workspace-10-21-2022/src/toontown/launcher;/c/Panda3D-1.11.0-x64/etc/..;/c/Panda3D-1.11.0-x64/etc/../models")
:10-24-2022 13:52:45 CashbotHQExterior: QA-REGRESSION: COGBATTLE: Enter Battle
Battle Event localtoon-battle-event-9
:10-24-2022 13:52:55 GarbageCollect(warning): garbage found, reverting gc threshold
frame rate: 70.1 fps|0.018d|17 avs||308|309||0x0000|0x0000|747.6MB|733.1MB|16302.1MB|946|nt.2.6.2|3.601,3.601|4,8 cpus|OpenGL
:10-24-2022 13:53:48 :loader(error): Couldn't load file phase_4/models/questmap/cog_hq_cashbot_maps.bam: not found on model path (currently: "/;/c/Toontown-Last-Laff-Workspace-10-21-2022/src/toontown/launcher;/c/Panda3D-1.11.0-x64/etc/..;/c/Panda3D-1.11.0-x64/etc/../models")
:10-24-2022 13:54:47 OTPClientRepository: Sending heartbeat mid-frame.
:10-24-2022 13:55:35 ToonBase: User closed main window.
:10-24-2022 13:55:35 TimeManager: Client disconnect reason 2.
:10-24-2022 13:55:35 DistributedObject: DistributedSuitPlanner 402002997: disabling
:10-24-2022 13:55:35 CashbotHQExterior: Unloading Place (12006). Fsm in final
:10-24-2022 13:55:35 OTPClientRepository(warning): unclean exit, abandoning shard
ignoring InputState-forward
:10-24-2022 13:55:35 OTPClientRepository: sending clientLogout
Assertion failed: _error_type != ET_not_found at line 592 of panda/src/pgraph/nodePath.cxx
Traceback (most recent call last):
  File "C:\Panda3D-1.11.0-x64\direct\showbase\EventManager.py", line 49, in eventLoopTask
    self.doEvents()
  File "C:\Panda3D-1.11.0-x64\direct\showbase\EventManager.py", line 43, in doEvents
    processFunc(dequeueFunc())
  File "C:\Panda3D-1.11.0-x64\direct\showbase\EventManager.py", line 99, in processEvent
    messenger.send(eventName, paramList)
  File "C:\Panda3D-1.11.0-x64\direct\showbase\Messenger.py", line 333, in send
    self.__dispatch(acceptorDict, event, sentArgs, foundWatch)
  File "C:\Panda3D-1.11.0-x64\direct\showbase\Messenger.py", line 418, in __dispatch
    result = method (*(extraArgs + sentArgs))
  File "toontown\toonbase\ToonBase.py", line 169, in windowEvent
    OTPBase.OTPBase.windowEvent(self, win)
  File "C:\Panda3D-1.11.0-x64\direct\showbase\ShowBase.py", line 2791, in windowEvent
    self.userExit()
  File "toontown\toonbase\ToonBase.py", line 404, in userExit
    self.cr.loginFSM.request('shutdown')
  File "C:\Panda3D-1.11.0-x64\direct\fsm\ClassicFSM.py", line 281, in request
    exitArgList)
  File "C:\Panda3D-1.11.0-x64\direct\fsm\ClassicFSM.py", line 227, in __transition
    self.__exitCurrent(exitArgList)
  File "C:\Panda3D-1.11.0-x64\direct\fsm\ClassicFSM.py", line 185, in __exitCurrent
    self.__currentState.exit(argList)
  File "C:\Panda3D-1.11.0-x64\direct\fsm\State.py", line 213, in exit
    self.__exitFunc(*argList)
  File "toontown\distributed\ToontownClientRepository.py", line 430, in exitPlayingGame
    base.localAvatar.deleteOrDelay()
  File "C:\Panda3D-1.11.0-x64\direct\distributed\DistributedObject.py", line 201, in deleteOrDelay
    self.disableAnnounceAndDelete()
  File "C:\Panda3D-1.11.0-x64\direct\distributed\DistributedObject.py", line 204, in disableAnnounceAndDelete
    self.disableAndAnnounce()
  File "C:\Panda3D-1.11.0-x64\direct\distributed\DistributedObject.py", line 230, in disableAndAnnounce
    self.disable()
  File "toontown\toon\LocalToon.py", line 256, in disable
    self.book.unload()
  File "toontown\shtiker\ShtikerBook.py", line 150, in unload
    page.unload()
  File "toontown\shtiker\SuitPage.py", line 240, in unload
    shadow.removeNode()
AssertionError: _error_type != ET_not_found at line 592 of panda/src/pgraph/nodePath.cxx
:10-24-2022 13:55:35 :task(error): Exception occurred in PythonTask eventManager
:10-24-2022 13:55:35 TTOffLauncher: setting panda error code to 12
:10-24-2022 13:55:35 TTOffLauncher(warning): Handling Python exception.
:10-24-2022 13:55:35 OTPClientRepository: Sent disconnect message to server
:10-24-2022 13:55:35 OTPClientRepository: Closing connection to server.
:10-24-2022 13:55:35 TTOffLauncher: Exception exit.

Traceback (most recent call last):
  File "otp\launcher\LauncherBase.py", line 1081, in mainLoop
    self._runTaskManager()
  File "otp\launcher\LauncherBase.py", line 1052, in _runTaskManager
    taskMgr.run()
  File "C:\Panda3D-1.11.0-x64\direct\task\Task.py", line 528, in run
    self.step()
  File "C:\Panda3D-1.11.0-x64\direct\task\Task.py", line 482, in step
    self.mgr.poll()
  File "C:\Panda3D-1.11.0-x64\direct\showbase\EventManager.py", line 49, in eventLoopTask
    self.doEvents()
  File "C:\Panda3D-1.11.0-x64\direct\showbase\EventManager.py", line 43, in doEvents
    processFunc(dequeueFunc())
  File "C:\Panda3D-1.11.0-x64\direct\showbase\EventManager.py", line 99, in processEvent
    messenger.send(eventName, paramList)
  File "C:\Panda3D-1.11.0-x64\direct\showbase\Messenger.py", line 333, in send
    self.__dispatch(acceptorDict, event, sentArgs, foundWatch)
  File "C:\Panda3D-1.11.0-x64\direct\showbase\Messenger.py", line 418, in __dispatch
    result = method (*(extraArgs + sentArgs))
  File "toontown\toonbase\ToonBase.py", line 169, in windowEvent
    OTPBase.OTPBase.windowEvent(self, win)
  File "C:\Panda3D-1.11.0-x64\direct\showbase\ShowBase.py", line 2791, in windowEvent
    self.userExit()
  File "toontown\toonbase\ToonBase.py", line 404, in userExit
    self.cr.loginFSM.request('shutdown')
  File "C:\Panda3D-1.11.0-x64\direct\fsm\ClassicFSM.py", line 281, in request
    exitArgList)
  File "C:\Panda3D-1.11.0-x64\direct\fsm\ClassicFSM.py", line 227, in __transition
    self.__exitCurrent(exitArgList)
  File "C:\Panda3D-1.11.0-x64\direct\fsm\ClassicFSM.py", line 185, in __exitCurrent
    self.__currentState.exit(argList)
  File "C:\Panda3D-1.11.0-x64\direct\fsm\State.py", line 213, in exit
    self.__exitFunc(*argList)
  File "toontown\distributed\ToontownClientRepository.py", line 430, in exitPlayingGame
    base.localAvatar.deleteOrDelay()
  File "C:\Panda3D-1.11.0-x64\direct\distributed\DistributedObject.py", line 201, in deleteOrDelay
    self.disableAnnounceAndDelete()
  File "C:\Panda3D-1.11.0-x64\direct\distributed\DistributedObject.py", line 204, in disableAnnounceAndDelete
    self.disableAndAnnounce()
  File "C:\Panda3D-1.11.0-x64\direct\distributed\DistributedObject.py", line 230, in disableAndAnnounce
    self.disable()
  File "toontown\toon\LocalToon.py", line 256, in disable
    self.book.unload()
  File "toontown\shtiker\ShtikerBook.py", line 150, in unload
    page.unload()
  File "toontown\shtiker\SuitPage.py", line 240, in unload
    shadow.removeNode()
AssertionError: _error_type != ET_not_found at line 592 of panda/src/pgraph/nodePath.cxx
