

Starting Toontown Online...
Current time: Fri Sep 23 15:38:40 2022 Eastern Standard Time
sys.path =  ['', 'C:\\TTLastLaffFirstQA\\Toontown-Last-Laff-Workspace\\src\\Panda3D-1.11.0-x64\\python\\python27.zip', 'C:\\Panda3D-1.11.0-x64', 'C:\\TTLastLaffFirstQA\\Toontown-Last-Laff-Workspace\\src\\Panda3D-1.11.0-x64\\python\\DLLs', 'C:\\TTLastLaffFirstQA\\Toontown-Last-Laff-Workspace\\src\\Panda3D-1.11.0-x64\\python\\lib', 'C:\\TTLastLaffFirstQA\\Toontown-Last-Laff-Workspace\\src\\Panda3D-1.11.0-x64\\python\\lib\\plat-win', 'C:\\TTLastLaffFirstQA\\Toontown-Last-Laff-Workspace\\src\\Panda3D-1.11.0-x64\\python\\lib\\lib-tk', 'C:\\TTLastLaffFirstQA\\Toontown-Last-Laff-Workspace\\src\\Panda3D-1.11.0-x64\\python', 'C:\\TTLastLaffFirstQA\\Toontown-Last-Laff-Workspace\\src\\Panda3D-1.11.0-x64', 'C:\\TTLastLaffFirstQA\\Toontown-Last-Laff-Workspace\\src\\Panda3D-1.11.0-x64\\bin', 'C:\\TTLastLaffFirstQA\\Toontown-Last-Laff-Workspace\\src\\Panda3D-1.11.0-x64\\python\\lib\\site-packages']
sys.argv =  ['C:\\TTLastLaffFirstQA\\Toontown-Last-Laff-Workspace\\src\\toontown\\launcher\\TTOffQuickStartLauncher.py']
generating standard configrc
os.environ =  {'TMP': 'C:\\Users\\Philip\\AppData\\Local\\Temp', 'COMPUTERNAME': 'PHILIP-JR', 'USERDOMAIN': 'PHILIP-JR', 'NEKO_INSTPATH': 'C:\\HaxeToolkit\\neko', 'PSMODULEPATH': 'C:\\WINDOWS\\system32\\WindowsPowerShell\\v1.0\\Modules\\', 'DOKANLIBRARY1': 'C:\\Program Files\\Dokan\\Dokan Library-1.4.1\\', 'ADSK_3DSMAX_X64_2021': 'C:\\Program Files\\Autodesk\\3ds Max 2021\\', 'PROCESSOR_IDENTIFIER': 'Intel64 Family 6 Model 45 Stepping 7, GenuineIntel', 'VBOX_MSI_INSTALL_PATH': 'C:\\Program Files\\Oracle\\VirtualBox\\', 'PROGRAMFILES': 'C:\\Program Files', 'PROCESSOR_REVISION': '2d07', 'PATH': 'C:\\Panda3D-1.11.0-x64\\panda3d\\..\\bin;C:\\Program Files (x86)\\Common Files\\Oracle\\Java\\javapath;C:\\Windows\\system32;C:\\Windows;C:\\Windows\\System32\\Wbem;C:\\Windows\\System32\\WindowsPowerShell\\v1.0\\;C:\\Program Files (x86)\\NVIDIA Corporation\\PhysX\\Common;C:\\Program Files\\Git\\cmd;C:\\WINDOWS\\system32;C:\\WINDOWS;C:\\WINDOWS\\System32\\Wbem;C:\\WINDOWS\\System32\\WindowsPowerShell\\v1.0\\;C:\\Program Files\\dotnet\\;C:\\Program Files\\Common Files\\Autodesk Shared\\;C:\\Program Files\\Microsoft SQL Server\\120\\Tools\\Binn\\;C:\\HaxeToolkit\\haxe;C:\\HaxeToolkit\\neko;C:\\Program Files\\Animation Paper\\gstreamer\\bin;C:\\Program Files\\PuTTY\\;C:\\Program Files\\NVIDIA Corporation\\NVIDIA NvDLISR;C:\\Program Files (x86)\\Windows Live\\Shared;C:\\HaxeToolkit\\haxe;C:\\HaxeToolkit\\neko;C:\\Program Files (x86)\\Windows Kits\\8.1\\Windows Performance Toolkit\\;C:\\Users\\Philip\\anaconda3;C:\\Users\\Philip\\anaconda3\\Library\\mingw-w64\\bin;C:\\Users\\Philip\\anaconda3\\Library\\usr\\bin;C:\\Users\\Philip\\anaconda3\\Library\\bin;C:\\Users\\Philip\\anaconda3\\Scripts;C:\\Program Files\\MySQL\\MySQL Shell 8.0\\bin\\;C:\\Panda3D-1.10.02\\python;C:\\Panda3D-1.10.02\\python\\Scripts;C:\\Panda3D-1.10.02\\bin;C:\\Panda3D-1.11.0-x64-py2\\python;C:\\Panda3D-1.11.0-x64-py2\\python\\Scripts;C:\\Panda3D-1.11.0-x64-py2\\bin;C:\\Users\\Philip\\AppData\\Local\\GitHubDesktop\\bin;C:\\Panda3D-1.9.0\\python;C:\\Panda3D-1.9.0\\python\\Scripts;C:\\Panda3D-1.9.0\\bin;C:\\Panda3D-1.10.0-x64\\python;C:\\Panda3D-1.10.0-x64\\python\\Scripts;C:\\Panda3D-1.10.0-x64\\bin;C:\\Users\\Philip\\AppData\\Local\\atom\\bin;C:\\Panda3D-1.10.0\\python;C:\\Panda3D-1.10.0\\python\\Scripts;C:\\Panda3D-1.10.0\\bin;C:\\Panda3D-1.11.0-x64-astron\\python;C:\\Panda3D-1.11.0-x64-astron\\python\\Scripts;C:\\Panda3D-1.11.0-x64-astron\\bin;C:\\Panda3D-1.11.0-x64\\python;C:\\Panda3D-1.11.0-x64\\python\\Scripts;C:\\Panda3D-1.11.0-x64\\bin;C:\\Panda3D-1.10.9-x64\\python;C:\\Panda3D-1.10.9-x64\\python\\Scrip;C:\\Users\\Philip\\AppData\\Local\\Programs\\Microsoft VS Code\\bin;C:\\Users\\Philip\\.dotnet\\tools;%C:\\Program Files (x86)\\Windows Kits\\8.1\\bin\\x86\\rc.exe%;%C:\\Program Files (x86)\\Microsoft Visual Studio\\2019\\BuildTools\\Common7\\IDE%;C:\\Program Files\\JetBrains\\PyCharm Community Edition 2021.3.3\\bin;', 'SYSTEMROOT': 'C:\\WINDOWS', 'NUMBER_OF_PROCESSORS': '8', 'PROGRAMFILES(X86)': 'C:\\Program Files (x86)', 'COMSPEC': 'C:\\WINDOWS\\system32\\cmd.exe', 'KMP_BLOCKTIME': '0', 'PPYTHON_PATH': '"Panda3D-1.11.0-x64\\python\\ppython.exe"', 'PYCHARM COMMUNITY EDITION': 'C:\\Program Files\\JetBrains\\PyCharm Community Edition 2021.3.3\\bin;', 'COMMONPROGRAMFILES(X86)': 'C:\\Program Files (x86)\\Common Files', 'PROCESSOR_ARCHITECTURE': 'AMD64', 'DOKANLIBRARY1_LIBRARYPATH_X64': 'C:\\Program Files\\Dokan\\Dokan Library-1.4.1\\lib\\', 'ALLUSERSPROFILE': 'C:\\ProgramData', 'LOCALAPPDATA': 'C:\\Users\\Philip\\AppData\\Local', 'HOMEPATH': '\\Users\\Philip', 'USERDOMAIN_ROAMINGPROFILE': 'PHILIP-JR', 'PROGRAMW6432': 'C:\\Program Files', 'USERNAME': 'Philip', 'FP_NO_HOST_CHECK': 'NO', 'DOKANLIBRARY1_LIBRARYPATH_X86': 'C:\\Program Files\\Dokan\\Dokan Library-1.4.1\\x86\\lib\\', 'LOGONSERVER': '\\\\MicrosoftAccount', 'PROMPT': '$P$G', 'SESSIONNAME': 'Console', 'PROGRAMDATA': 'C:\\ProgramData', 'COMMONPROGRAMFILES': 'C:\\Program Files\\Common Files', 'TEMP': 'C:\\Users\\Philip\\AppData\\Local\\Temp', 'HAXEPATH': 'C:\\HaxeToolkit\\haxe', 'PATHEXT': '.COM;.EXE;.BAT;.CMD;.VBS;.VBE;.JS;.JSE;.WSF;.WSH;.MSC', 'TTOFF_LOGIN_TOKEN': 'dev', 'VS160COMCOMNTOOLS': 'C:\\Program Files (x86)\\Microsoft Visual Studio\\2019\\Community\\Common7\\Tools\\', 'WINDIR': 'C:\\WINDOWS', 'OMP_WAIT_POLICY': 'PASSIVE', 'MONGO': 'C:\\mongodb-win32-x86_64-windows-4.4.4/bin', 'HOMEDRIVE': 'C:', 'SYSTEMDRIVE': 'C:', 'PUBLIC': 'C:\\Users\\Public', 'APPDATA': 'C:\\Users\\Philip\\AppData\\Roaming', 'PROCESSOR_LEVEL': '6', 'CIOENGINE': 'C:\\cio-panda3d', 'COMMONPROGRAMW6432': 'C:\\Program Files\\Common Files', 'OS': 'Windows_NT', 'ADSK_CLM_WPAD_PROXY_CHECK': 'FALSE', 'USERPROFILE': 'C:\\Users\\Philip'}
:09-23-2022 15:38:40 TTOffLauncher: isTestServer: 0
:09-23-2022 15:38:40 TTOffLauncher: Game Server 127.0.0.1
:09-23-2022 15:38:40 TTOffLauncher: Starting Toontown Online... 
:09-23-2022 15:38:40 TTOffLauncher: foreground: Launcher now operating in foreground
useTTOffSpecificLogin=True
:09-23-2022 15:38:40 TTOffLauncher: maybeStartGame: starting game
:09-23-2022 15:38:40 TTOffLauncher: Starting Toontown Online...
:09-23-2022 15:38:40 TTOffLauncher: background: Launcher now operating in background
ToontownStart: Polling for game2 to finish...
ToontownStart: Game2 is finished.
ToontownStart: Starting the game.
ToontownStart: setting default font
:09-23-2022 15:38:40 TTOffLauncher: setting panda error code to 7
Known pipe types:
  wglGraphicsPipe
(all display modules loaded.)
:09-23-2022 15:38:40 ToonBase: Default graphics pipe is wglGraphicsPipe (OpenGL).
:09-23-2022 15:38:40 :display(warning): FrameBufferProperties available less than requested.
  requested: depth_bits=24 color_bits=3 red_bits=1 green_bits=1 blue_bits=1 alpha_bits=1 multisamples=70 back_buffers=1 force_hardware 
  got: depth_bits=24 color_bits=24 red_bits=8 green_bits=8 blue_bits=8 alpha_bits=8 accum_bits=64 multisamples=16 back_buffers=1 force_hardware 
:09-23-2022 15:38:40 ToonBase: Successfully opened window of type wglGraphicsWindow (OpenGL)
:09-23-2022 15:38:40 ShowBase: __dev__ == False
:09-23-2022 15:38:41 TTOffLauncher: setting panda error code to 11
:09-23-2022 15:38:41 TTOffLauncher: setting panda error code to 0
ToontownStart: Loading default gui sounds
ToontownStart: serverVersion:  tto-dev
:09-23-2022 15:38:41 Loader: starting bulk load of block 'init'
:09-23-2022 15:38:43 :nativenet(error): Buffered_DatagramConnection Constructor rbufsize = 4096000 wbufsize = 4096000 write_flush_point = 1400
:09-23-2022 15:38:43 OTPClientRepository: Using connect method 'http'
:09-23-2022 15:38:44 TTOffLauncher: getRegistry ('DEPLOYMENT', None)
:09-23-2022 15:38:44 TTOffLauncher: checking env
:09-23-2022 15:38:44 TTOffLauncher: getRegistry ('GAME_DEPLOYMENT', None)
:09-23-2022 15:38:44 TTOffLauncher: checking env
:09-23-2022 15:38:44 OTPClientRepository: reg_deployment=
:09-23-2022 15:38:44 OTPClientRepository: required-login auto.
:09-23-2022 15:38:44 OTPClientRepository: loginInterface: LoginTTOffAccount
:09-23-2022 15:38:44 TTOffLauncher: getNeedPwForSecretKey using ttoff-specific-login
:09-23-2022 15:38:44 Loader: At end of block 'init', expected 138, loaded 9, duration=3.76850357731
:09-23-2022 15:38:44 OTPClientRepository: Connecting to gameserver directly (no proxy).
:09-23-2022 15:38:44 OTPClientRepository: Connecting to //127.0.0.1:7198 via HTTP interface.
:09-23-2022 15:38:44 TTOffLauncher: Stopping mini task manager.
:09-23-2022 15:38:44 OTPClientRepository: Successfully connected to //127.0.0.1:7198.
:09-23-2022 15:38:45 TTOffLauncher: Setting Disconnect Details normal
{401000001: <toontown.distributed.ToontownDistrict.ToontownDistrict instance at 0x00000000187EEF48>}
:09-23-2022 15:38:45 StateData: AvatarChooser.enter
:09-23-2022 15:38:45 DisplayOptions: settingsFullScreen = False, embedded = False width=800 height=600
:09-23-2022 15:38:45 StateData: calling self.displayOptions.restrictToEmbedded(False)
:09-23-2022 15:38:47 MakeAToon: QA-REGRESSION: MAKEATOON: Starting Make A Toon
:09-23-2022 15:38:54 MakeAToon: QA-REGRESSION: MAKEATOON: Creating A Toon
:09-23-2022 15:39:01 Actor(warning): no part named head-front*!
:09-23-2022 15:39:07 NameShop: QA-REGRESSION: SKIPTUTORIAL: Skip Tutorial
:09-23-2022 15:39:08 NameShop(warning): No dislId, using 0
:09-23-2022 15:39:08 MakeAToon: QA-REGRESSION: MAKEATOON: Creating A Toon
:09-23-2022 15:39:08 Loader: starting bulk load of block 'localAvatarPlayGame'
:09-23-2022 15:39:09 ToontownTimeManager(warning): error parsing date string=
local
:09-23-2022 15:39:09 NewsPageButtonManager(warning): Should not get here. NewsPageButtonManager.exitOff
:09-23-2022 15:39:09 :gobj(error): Texture::read() - couldn't read: phase_3.5/maps/global_disabled.jpg
:09-23-2022 15:39:09 :gobj(error): Unable to find texture "phase_3.5/maps/global_disabled.jpg" on model-path /;/c/TTLastLaffFirstQA/Toontown-Last-Laff-Workspace/src/toontown/launcher;/c/Panda3D-1.11.0-x64/etc/..;/c/Panda3D-1.11.0-x64/etc/../models
:09-23-2022 15:39:09 :pnmimage:png(warning): iCCP: known incorrect sRGB profile
:09-23-2022 15:39:11 OTPClientRepository: Entering shard 401000001
:09-23-2022 15:39:11 StreetSign: Street sign url is https://ttoffline.com/images/
:09-23-2022 15:39:12 TimeManager: Clock sync: TimeManager.announceGenerate
:09-23-2022 15:39:12 NewsManager: setHolidayId: Starting Holiday 26
:09-23-2022 15:39:12 InGameNewsMgr: latestIssue=2013-08-22 16:49:46.000003-07:00
cpu info: GenuineIntel|        Intel(R) Core(TM) i7-3820 CPU @ 3.60GHz|132823|0|3.601,3.601|4,8 cpus
:09-23-2022 15:39:13 OTPClientRepository: No sync from TimeManager.
:09-23-2022 15:39:13 OTPClientRepository: gotTimeSync
:09-23-2022 15:39:13 Loader: At end of block 'localAvatarPlayGame', expected 400, loaded 17, duration=4.92332073531
:09-23-2022 15:39:13 TimeManager: Clock sync roundtrip took 1130.070 ms
:09-23-2022 15:39:13 TimeManager: AI time delta is -0:01 from server delta
:09-23-2022 15:39:13 TimeManager: Local clock uncertainty +/- 0.565 s
:09-23-2022 15:39:13 NewsManager: setInvasionStatus: msgType: 3 cogType: b, numRemaining: 1000000, skeleton: 0
:09-23-2022 15:39:13 Loader(warning): Tried to end a block ('localAvatarPlayGame'), but not in one
:09-23-2022 15:39:13 QuietZoneState: Requesting AI redirect from zone 0.
:09-23-2022 15:39:13 QuietZoneState: Redirecting to zone 22000.
:09-23-2022 15:39:13 PlayGame: QA-REGRESSION: NEIGHBORHOODS: Visit Toontown Central
:09-23-2022 15:39:13 Loader: starting bulk load of block 'hood'
:09-23-2022 15:39:15 OTPClientRepository: Sending heartbeat mid-frame.
:09-23-2022 15:39:16 DistributedObject(warning): no loader.getInteractiveProp self.interactiveProp is None
:09-23-2022 15:39:16 DistributedObject(warning): no loader.getInteractiveProp self.interactiveProp is None
:09-23-2022 15:39:16 DistributedObject(warning): no loader.getInteractiveProp self.interactiveProp is None
:09-23-2022 15:39:16 DistributedObject(warning): no loader.getInteractiveProp self.interactiveProp is None
:09-23-2022 15:39:16 DistributedObject(warning): no loader.getInteractiveProp self.interactiveProp is None
:09-23-2022 15:39:16 DistributedToon: calling LocalAvatar.startchat
:09-23-2022 15:39:16 Loader: At end of block 'hood', expected 8, loaded 14, duration=2.88569847063
:09-23-2022 15:39:18 Teleport(debug): teleportInDone: popup
:09-23-2022 15:39:24 TTOffMagicWordManager: Maxed out Tricky Hucklesmirk's stats.
local
:09-23-2022 15:39:24 ShtikerBook: QA-REGRESSION: SHTICKERBOOK: Open
OnscreenText.configure: mayChange == 0
OnscreenText.configure: mayChange == 0
OnscreenText.configure: mayChange == 0
OnscreenText.configure: mayChange == 0
:09-23-2022 15:39:25 ShtikerBook: QA-REGRESSION: SHTICKERBOOK: Browse tabs Map
:09-23-2022 15:39:26 ShtikerBook: QA-REGRESSION: SHTICKERBOOK: Close
:09-23-2022 15:39:31 Playground: Unloading Place (22000). Fsm in final
:09-23-2022 15:39:31 PlayGame: QA-REGRESSION: NEIGHBORHOODS: Visit Sellbot HQ
:09-23-2022 15:39:31 Loader: starting bulk load of block 'hood'
:09-23-2022 15:39:32 SellbotCogHQLoader: loadPlaceGeom: 11000
:09-23-2022 15:39:32 DistributedObject: DistributedSuitPlanner 401003555: generating
:09-23-2022 15:39:32 DistributedToon: calling LocalAvatar.startchat
:09-23-2022 15:39:32 :loader(error): Couldn't load file phase_4/models/questmap/cog_hq_sellbot_maps.bam: not found on model path (currently: "/;/c/TTLastLaffFirstQA/Toontown-Last-Laff-Workspace/src/toontown/launcher;/c/Panda3D-1.11.0-x64/etc/..;/c/Panda3D-1.11.0-x64/etc/../models")
:09-23-2022 15:39:32 Loader: At end of block 'hood', expected 43, loaded 2, duration=0.74162902762
:09-23-2022 15:39:34 Teleport(debug): teleportInDone: walk
:09-23-2022 15:39:34 :loader(error): Couldn't load file phase_4/models/questmap/cog_hq_sellbot_maps.bam: not found on model path (currently: "/;/c/TTLastLaffFirstQA/Toontown-Last-Laff-Workspace/src/toontown/launcher;/c/Panda3D-1.11.0-x64/etc/..;/c/Panda3D-1.11.0-x64/etc/../models")
:09-23-2022 15:39:43 SellbotCogHQLoader: loadPlaceGeom: 11100
:09-23-2022 15:39:43 SellbotCogHQLoader: QA-REGRESSION: COGHQ: Visit SellbotLobby
:09-23-2022 15:39:43 SellbotHQExterior: Unloading Place (11000). Fsm in final
:09-23-2022 15:39:43 DistributedObject: DistributedSuitPlanner 401003555: disabling
:09-23-2022 15:39:43 DistributedToon: calling LocalAvatar.startchat
:09-23-2022 15:39:43 :loader(error): Couldn't load file phase_4/models/questmap/cog_hq_sellbot_maps.bam: not found on model path (currently: "/;/c/TTLastLaffFirstQA/Toontown-Last-Laff-Workspace/src/toontown/launcher;/c/Panda3D-1.11.0-x64/etc/..;/c/Panda3D-1.11.0-x64/etc/../models")
:09-23-2022 15:39:44 :loader(error): Couldn't load file phase_4/models/questmap/cog_hq_sellbot_maps.bam: not found on model path (currently: "/;/c/TTLastLaffFirstQA/Toontown-Last-Laff-Workspace/src/toontown/launcher;/c/Panda3D-1.11.0-x64/etc/..;/c/Panda3D-1.11.0-x64/etc/../models")
rejectBoard 4
:09-23-2022 15:39:51 DistributedVPElevator(warning): Place was in state 'stopped' instead of Elevator.
rejectBoard 4
:09-23-2022 15:39:53 :loader(error): Couldn't load file phase_4/models/questmap/cog_hq_sellbot_maps.bam: not found on model path (currently: "/;/c/TTLastLaffFirstQA/Toontown-Last-Laff-Workspace/src/toontown/launcher;/c/Panda3D-1.11.0-x64/etc/..;/c/Panda3D-1.11.0-x64/etc/../models")
:09-23-2022 15:40:03 TTOffMagicWordManager: Ta-da!
:09-23-2022 15:40:09 SellbotCogHQLoader: loadPlaceGeom: 61000
:09-23-2022 15:40:09 SellbotCogHQLoader(warning): loadPlaceGeom: unclassified zone 61000
:09-23-2022 15:40:09 CogHQLobby: Unloading Place (11100). Fsm in final
:09-23-2022 15:40:09 Actor(warning): no part named head-front*!
:09-23-2022 15:40:09 DistributedToon: calling LocalAvatar.startchat
:09-23-2022 15:40:09 SellbotHQBossBattle(warning): fsm.request('movie') returned 0 (zone id 61000, avatar pos LPoint3f(-2.57997, 95, 18.1093)).
:09-23-2022 15:40:23 SellbotHQBossBattle(warning): fsm.request('movie') returned 0 (zone id 61000, avatar pos LPoint3f(-2.57997, 95, 18.1093)).
:09-23-2022 15:40:24 SellbotHQBossBattle(warning): fsm.request('walk') returned 0 (zone id 61000, avatar pos LPoint3f(-35.4, -35, 5.69584)).
:09-23-2022 15:40:24 TTOffMagicWordManager: Skipping to final round...
:09-23-2022 15:41:05 OTPClientRepository: Sending heartbeat mid-frame.
Battle Event localtoon-battle-event-10
:09-23-2022 15:41:23 TTOffMagicWordManager: Tricky Hucklesmirk can now insta-kill Cogs!
:09-23-2022 15:43:42 ToonBase: User closed main window.
:09-23-2022 15:43:42 TimeManager: Client disconnect reason 2.
:09-23-2022 15:43:43 SellbotHQBossBattle(warning): fsm.request('walk') returned 0 (zone id 61000, avatar pos LPoint3f(-31, 60, 17.952)).
:09-23-2022 15:43:43 SellbotHQBossBattle: Unloading Place (61000). Fsm in final
:09-23-2022 15:43:43 OTPClientRepository(warning): unclean exit, abandoning shard
ignoring InputState-forward
:09-23-2022 15:43:43 OTPClientRepository: sending clientLogout
:09-23-2022 15:43:43 LocalAvatar(warning): redundant call to stopUpdateSmartCamera
:09-23-2022 15:43:43 OTPClientRepository: Sent disconnect message to server
:09-23-2022 15:43:43 OTPClientRepository: Closing connection to server.
:09-23-2022 15:43:43 OTPClientRepository: Exiting cleanly
:09-23-2022 15:43:43 ToonBase: Exiting Toontown: errorCode = None
:09-23-2022 15:43:43 TTOffLauncher: setting panda error code to 0
:09-23-2022 15:43:43 TTOffLauncher: Normal exit.
