

Starting Toontown Online...
Current time: Mon Oct 24 14:04:28 2022 Eastern Standard Time
sys.path =  ['', 'C:\\Toontown-Last-Laff-Workspace-10-21-2022\\src\\Panda3D-1.11.0-x64\\python\\python27.zip', 'C:\\Panda3D-1.11.0-x64', 'C:\\Toontown-Last-Laff-Workspace-10-21-2022\\src\\Panda3D-1.11.0-x64\\python\\DLLs', 'C:\\Toontown-Last-Laff-Workspace-10-21-2022\\src\\Panda3D-1.11.0-x64\\python\\lib', 'C:\\Toontown-Last-Laff-Workspace-10-21-2022\\src\\Panda3D-1.11.0-x64\\python\\lib\\plat-win', 'C:\\Toontown-Last-Laff-Workspace-10-21-2022\\src\\Panda3D-1.11.0-x64\\python\\lib\\lib-tk', 'C:\\Toontown-Last-Laff-Workspace-10-21-2022\\src\\Panda3D-1.11.0-x64\\python', 'C:\\Toontown-Last-Laff-Workspace-10-21-2022\\src\\Panda3D-1.11.0-x64', 'C:\\Toontown-Last-Laff-Workspace-10-21-2022\\src\\Panda3D-1.11.0-x64\\bin', 'C:\\Toontown-Last-Laff-Workspace-10-21-2022\\src\\Panda3D-1.11.0-x64\\python\\lib\\site-packages']
sys.argv =  ['C:\\Toontown-Last-Laff-Workspace-10-21-2022\\src\\toontown\\launcher\\TTOffQuickStartLauncher.py']
generating standard configrc
os.environ =  {'TMP': 'C:\\Users\\Philip\\AppData\\Local\\Temp', 'COMPUTERNAME': 'PHILIP-JR', 'USERDOMAIN': 'PHILIP-JR', 'NEKO_INSTPATH': 'C:\\HaxeToolkit\\neko', 'PSMODULEPATH': 'C:\\WINDOWS\\system32\\WindowsPowerShell\\v1.0\\Modules\\', 'DOKANLIBRARY1': 'C:\\Program Files\\Dokan\\Dokan Library-1.4.1\\', 'ADSK_3DSMAX_X64_2021': 'C:\\Program Files\\Autodesk\\3ds Max 2021\\', 'PROCESSOR_IDENTIFIER': 'Intel64 Family 6 Model 45 Stepping 7, GenuineIntel', 'VBOX_MSI_INSTALL_PATH': 'C:\\Program Files\\Oracle\\VirtualBox\\', 'PROGRAMFILES': 'C:\\Program Files', 'PROCESSOR_REVISION': '2d07', 'PATH': 'C:\\Panda3D-1.11.0-x64\\panda3d\\..\\bin;C:\\Program Files (x86)\\Common Files\\Oracle\\Java\\javapath;C:\\Windows\\system32;C:\\Windows;C:\\Windows\\System32\\Wbem;C:\\Windows\\System32\\WindowsPowerShell\\v1.0\\;C:\\Program Files (x86)\\NVIDIA Corporation\\PhysX\\Common;C:\\Program Files\\Git\\cmd;C:\\WINDOWS\\system32;C:\\WINDOWS;C:\\WINDOWS\\System32\\Wbem;C:\\WINDOWS\\System32\\WindowsPowerShell\\v1.0\\;C:\\Program Files\\dotnet\\;C:\\Program Files\\Common Files\\Autodesk Shared\\;C:\\Program Files\\Microsoft SQL Server\\120\\Tools\\Binn\\;C:\\HaxeToolkit\\haxe;C:\\HaxeToolkit\\neko;C:\\Program Files\\Animation Paper\\gstreamer\\bin;C:\\Program Files\\PuTTY\\;C:\\Program Files\\NVIDIA Corporation\\NVIDIA NvDLISR;C:\\Program Files (x86)\\Windows Live\\Shared;C:\\HaxeToolkit\\haxe;C:\\HaxeToolkit\\neko;C:\\Program Files (x86)\\Windows Kits\\8.1\\Windows Performance Toolkit\\;C:\\Users\\Philip\\anaconda3;C:\\Users\\Philip\\anaconda3\\Library\\mingw-w64\\bin;C:\\Users\\Philip\\anaconda3\\Library\\usr\\bin;C:\\Users\\Philip\\anaconda3\\Library\\bin;C:\\Users\\Philip\\anaconda3\\Scripts;C:\\Program Files\\MySQL\\MySQL Shell 8.0\\bin\\;C:\\Panda3D-1.10.02\\python;C:\\Panda3D-1.10.02\\python\\Scripts;C:\\Panda3D-1.10.02\\bin;C:\\Panda3D-1.11.0-x64-py2\\python;C:\\Panda3D-1.11.0-x64-py2\\python\\Scripts;C:\\Panda3D-1.11.0-x64-py2\\bin;C:\\Users\\Philip\\AppData\\Local\\GitHubDesktop\\bin;C:\\Panda3D-1.9.0\\python;C:\\Panda3D-1.9.0\\python\\Scripts;C:\\Panda3D-1.9.0\\bin;C:\\Panda3D-1.10.0-x64\\python;C:\\Panda3D-1.10.0-x64\\python\\Scripts;C:\\Panda3D-1.10.0-x64\\bin;C:\\Users\\Philip\\AppData\\Local\\atom\\bin;C:\\Panda3D-1.10.0\\python;C:\\Panda3D-1.10.0\\python\\Scripts;C:\\Panda3D-1.10.0\\bin;C:\\Panda3D-1.11.0-x64-astron\\python;C:\\Panda3D-1.11.0-x64-astron\\python\\Scripts;C:\\Panda3D-1.11.0-x64-astron\\bin;C:\\Panda3D-1.11.0-x64\\python;C:\\Panda3D-1.11.0-x64\\python\\Scripts;C:\\Panda3D-1.11.0-x64\\bin;C:\\Panda3D-1.10.9-x64\\python;C:\\Panda3D-1.10.9-x64\\python\\Scrip;C:\\Users\\Philip\\AppData\\Local\\Programs\\Microsoft VS Code\\bin;C:\\Users\\Philip\\.dotnet\\tools;%C:\\Program Files (x86)\\Windows Kits\\8.1\\bin\\x86\\rc.exe%;%C:\\Program Files (x86)\\Microsoft Visual Studio\\2019\\BuildTools\\Common7\\IDE%;C:\\Program Files\\JetBrains\\PyCharm Community Edition 2022.2.3\\bin;', 'SYSTEMROOT': 'C:\\WINDOWS', 'NUMBER_OF_PROCESSORS': '8', 'PROGRAMFILES(X86)': 'C:\\Program Files (x86)', 'COMSPEC': 'C:\\WINDOWS\\system32\\cmd.exe', 'KMP_BLOCKTIME': '0', 'PPYTHON_PATH': '"Panda3D-1.11.0-x64\\python\\ppython.exe"', 'PYCHARM COMMUNITY EDITION': 'C:\\Program Files\\JetBrains\\PyCharm Community Edition 2022.2.3\\bin;', 'COMMONPROGRAMFILES(X86)': 'C:\\Program Files (x86)\\Common Files', 'PROCESSOR_ARCHITECTURE': 'AMD64', 'DOKANLIBRARY1_LIBRARYPATH_X64': 'C:\\Program Files\\Dokan\\Dokan Library-1.4.1\\lib\\', 'ALLUSERSPROFILE': 'C:\\ProgramData', 'LOCALAPPDATA': 'C:\\Users\\Philip\\AppData\\Local', 'HOMEPATH': '\\Users\\Philip', 'USERDOMAIN_ROAMINGPROFILE': 'PHILIP-JR', 'PROGRAMW6432': 'C:\\Program Files', 'USERNAME': 'Philip', 'FP_NO_HOST_CHECK': 'NO', 'DOKANLIBRARY1_LIBRARYPATH_X86': 'C:\\Program Files\\Dokan\\Dokan Library-1.4.1\\x86\\lib\\', 'LOGONSERVER': '\\\\MicrosoftAccount', 'PROMPT': '$P$G', 'SESSIONNAME': 'Console', 'PROGRAMDATA': 'C:\\ProgramData', 'COMMONPROGRAMFILES': 'C:\\Program Files\\Common Files', 'TEMP': 'C:\\Users\\Philip\\AppData\\Local\\Temp', 'HAXEPATH': 'C:\\HaxeToolkit\\haxe', 'PATHEXT': '.COM;.EXE;.BAT;.CMD;.VBS;.VBE;.JS;.JSE;.WSF;.WSH;.MSC', 'TTOFF_LOGIN_TOKEN': 'dev', 'VS160COMCOMNTOOLS': 'C:\\Program Files (x86)\\Microsoft Visual Studio\\2019\\Community\\Common7\\Tools\\', 'WINDIR': 'C:\\WINDOWS', 'OMP_WAIT_POLICY': 'PASSIVE', 'MONGO': 'C:\\mongodb-win32-x86_64-windows-4.4.4/bin', 'HOMEDRIVE': 'C:', 'SYSTEMDRIVE': 'C:', 'PUBLIC': 'C:\\Users\\Public', 'APPDATA': 'C:\\Users\\Philip\\AppData\\Roaming', 'PROCESSOR_LEVEL': '6', 'CIOENGINE': 'C:\\cio-panda3d', 'COMMONPROGRAMW6432': 'C:\\Program Files\\Common Files', 'OS': 'Windows_NT', 'ADSK_CLM_WPAD_PROXY_CHECK': 'FALSE', 'USERPROFILE': 'C:\\Users\\Philip'}
:10-24-2022 14:04:28 TTOffLauncher: isTestServer: 0
:10-24-2022 14:04:28 TTOffLauncher: Game Server 127.0.0.1
:10-24-2022 14:04:28 TTOffLauncher: Starting Toontown Online... 
:10-24-2022 14:04:28 TTOffLauncher: foreground: Launcher now operating in foreground
useTTOffSpecificLogin=True
:10-24-2022 14:04:28 TTOffLauncher: maybeStartGame: starting game
:10-24-2022 14:04:28 TTOffLauncher: Starting Toontown Online...
:10-24-2022 14:04:28 TTOffLauncher: background: Launcher now operating in background
ToontownStart: Polling for game2 to finish...
ToontownStart: Game2 is finished.
ToontownStart: Starting the game.
ToontownStart: setting default font
:10-24-2022 14:04:29 TTOffLauncher: setting panda error code to 7
Known pipe types:
  wglGraphicsPipe
(all display modules loaded.)
:10-24-2022 14:04:29 ToonBase: Default graphics pipe is wglGraphicsPipe (OpenGL).
:10-24-2022 14:04:29 :display(warning): FrameBufferProperties available less than requested.
  requested: depth_bits=24 color_bits=3 red_bits=1 green_bits=1 blue_bits=1 alpha_bits=1 multisamples=70 back_buffers=1 force_hardware 
  got: depth_bits=24 color_bits=24 red_bits=8 green_bits=8 blue_bits=8 alpha_bits=8 accum_bits=64 multisamples=16 back_buffers=1 force_hardware 
:10-24-2022 14:04:29 ToonBase: Successfully opened window of type wglGraphicsWindow (OpenGL)
:10-24-2022 14:04:29 ShowBase: __dev__ == False
:10-24-2022 14:04:29 TTOffLauncher: setting panda error code to 11
:10-24-2022 14:04:29 TTOffLauncher: setting panda error code to 0
ToontownStart: Loading default gui sounds
ToontownStart: serverVersion:  tto-dev
:10-24-2022 14:04:29 Loader: starting bulk load of block 'init'
:10-24-2022 14:04:30 :nativenet(error): Buffered_DatagramConnection Constructor rbufsize = 4096000 wbufsize = 4096000 write_flush_point = 1400
:10-24-2022 14:04:30 OTPClientRepository: Using connect method 'http'
:10-24-2022 14:04:31 TTOffLauncher: getRegistry ('DEPLOYMENT', None)
:10-24-2022 14:04:31 TTOffLauncher: checking env
:10-24-2022 14:04:31 TTOffLauncher: getRegistry ('GAME_DEPLOYMENT', None)
:10-24-2022 14:04:31 TTOffLauncher: checking env
:10-24-2022 14:04:31 OTPClientRepository: reg_deployment=
:10-24-2022 14:04:31 OTPClientRepository: required-login auto.
:10-24-2022 14:04:31 OTPClientRepository: loginInterface: LoginTTOffAccount
:10-24-2022 14:04:31 TTOffLauncher: getNeedPwForSecretKey using ttoff-specific-login
:10-24-2022 14:04:31 Loader: At end of block 'init', expected 138, loaded 7, duration=1.63284891551
:10-24-2022 14:04:31 OTPClientRepository: Connecting to gameserver directly (no proxy).
:10-24-2022 14:04:31 OTPClientRepository: Connecting to //127.0.0.1:7198 via HTTP interface.
:10-24-2022 14:04:31 TTOffLauncher: Stopping mini task manager.
:10-24-2022 14:04:31 OTPClientRepository: Successfully connected to //127.0.0.1:7198.
:10-24-2022 14:04:31 TTOffLauncher: Setting Disconnect Details normal
{402000001: <toontown.distributed.ToontownDistrict.ToontownDistrict instance at 0x000000001794DB08>}
:10-24-2022 14:04:32 StateData: AvatarChooser.enter
:10-24-2022 14:04:32 DisplayOptions: settingsFullScreen = False, embedded = False width=800 height=600
:10-24-2022 14:04:32 StateData: calling self.displayOptions.restrictToEmbedded(False)
:10-24-2022 14:04:36 OTPClientRepository: ================
:10-24-2022 14:04:36 OTPClientRepository: Chose avatar id: 100000001
:10-24-2022 14:04:36 OTPClientRepository: Chose avatar name: Wittybumble
:10-24-2022 14:04:36 OTPClientRepository: Chose avatar dna: ('dss', 'ms', 'm', 'm', 6, 0, 6, 6, 1, 9, 1, 9, 1, 18)
:10-24-2022 14:04:36 OTPClientRepository: Chose avatar position: 1
:10-24-2022 14:04:36 OTPClientRepository: isPaid: 1
:10-24-2022 14:04:36 OTPClientRepository: freeTimeLeft: 0
:10-24-2022 14:04:36 OTPClientRepository: allowSecretChat: True
:10-24-2022 14:04:36 OTPClientRepository: ================
:10-24-2022 14:04:36 Loader: starting bulk load of block 'localAvatarPlayGame'
:10-24-2022 14:04:37 ToontownTimeManager(warning): error parsing date string=
:10-24-2022 14:04:37 Actor(warning): no part named head-front*!
local
:10-24-2022 14:04:37 NewsPageButtonManager(warning): Should not get here. NewsPageButtonManager.exitOff
:10-24-2022 14:04:37 :pnmimage:png(warning): iCCP: known incorrect sRGB profile
:10-24-2022 14:04:39 Actor(warning): no part named head-front*!
:10-24-2022 14:04:40 OTPClientRepository: Entering shard 402000001
:10-24-2022 14:04:40 StreetSign: Street sign url is https://ttoffline.com/images/
:10-24-2022 14:04:41 OTPClientRepository: Sending heartbeat mid-frame.
:10-24-2022 14:04:41 TimeManager: Clock sync: TimeManager.announceGenerate
:10-24-2022 14:04:41 NewsManager: setHolidayId: Starting Holiday 26
:10-24-2022 14:04:41 NewsManager: setHolidayId: Starting Holiday 14
:10-24-2022 14:04:41 InGameNewsMgr: latestIssue=2013-08-22 16:49:46.000003-07:00
cpu info: GenuineIntel|        Intel(R) Core(TM) i7-3820 CPU @ 3.60GHz|132823|0|3.601,3.601|4,8 cpus
:10-24-2022 14:04:42 OTPClientRepository: No sync from TimeManager.
:10-24-2022 14:04:42 OTPClientRepository: gotTimeSync
:10-24-2022 14:04:42 Loader: At end of block 'localAvatarPlayGame', expected 400, loaded 20, duration=5.7356723363
:10-24-2022 14:04:42 TimeManager: Clock sync roundtrip took 1197.104 ms
:10-24-2022 14:04:42 TimeManager: AI time delta is -0:01 from server delta
:10-24-2022 14:04:42 TimeManager: Local clock uncertainty +/- 0.599 s
:10-24-2022 14:04:42 PlayGame: QA-REGRESSION: NEIGHBORHOODS: Visit Cashbot HQ
:10-24-2022 14:04:42 Loader: starting bulk load of block 'hood'
:10-24-2022 14:04:43 TownBattleSuitPanel: Loading Suit Battle Panel!
:10-24-2022 14:04:43 TownBattleSuitPanel: Loading Suit Battle Panel!
:10-24-2022 14:04:43 TownBattleSuitPanel: Loading Suit Battle Panel!
:10-24-2022 14:04:43 TownBattleSuitPanel: Loading Suit Battle Panel!
:10-24-2022 14:04:43 TownBattleSuitPanel: Loading Suit Battle Panel!
:10-24-2022 14:04:43 TownBattleSuitPanel: Loading Suit Battle Panel!
:10-24-2022 14:04:43 TownBattleSuitPanel: Loading Suit Battle Panel!
:10-24-2022 14:04:43 TownBattleSuitPanel: Loading Suit Battle Panel!
:10-24-2022 14:04:43 CashbotCogHQLoader: loadPlaceGeom: 12000
:10-24-2022 14:04:44 DistributedObject: DistributedSuitPlanner 402002997: generating
:10-24-2022 14:04:44 DistributedToon: calling LocalAvatar.startchat
:10-24-2022 14:04:44 :loader(error): Couldn't load file phase_4/models/questmap/cog_hq_cashbot_maps.bam: not found on model path (currently: "/;/c/Toontown-Last-Laff-Workspace-10-21-2022/src/toontown/launcher;/c/Panda3D-1.11.0-x64/etc/..;/c/Panda3D-1.11.0-x64/etc/../models")
:10-24-2022 14:04:44 Loader: At end of block 'hood', expected 2, loaded 8, duration=1.97144579249
:10-24-2022 14:04:45 Teleport(debug): teleportInDone: walk
:10-24-2022 14:04:45 :loader(error): Couldn't load file phase_4/models/questmap/cog_hq_cashbot_maps.bam: not found on model path (currently: "/;/c/Toontown-Last-Laff-Workspace-10-21-2022/src/toontown/launcher;/c/Panda3D-1.11.0-x64/etc/..;/c/Panda3D-1.11.0-x64/etc/../models")
:10-24-2022 14:05:33 CashbotCogHQLoader: loadPlaceGeom: 61011
:10-24-2022 14:05:33 CashbotCogHQLoader(warning): loadPlaceGeom: unclassified zone 61000
:10-24-2022 14:05:33 CashbotHQExterior: Unloading Place (12000). Fsm in final
:10-24-2022 14:05:33 DistributedObject: DistributedSuitPlanner 402002997: disabling
:10-24-2022 14:05:33 TimeManager: Clock sync: DistributedLevel.generate
:10-24-2022 14:05:33 Loader: loader.loadModelCopy() is deprecated; use loader.loadModel() instead.
:10-24-2022 14:05:33 Loader: loader.loadModelCopy() is deprecated; use loader.loadModel() instead.
:10-24-2022 14:05:33 Loader: loader.loadModelCopy() is deprecated; use loader.loadModel() instead.
:10-24-2022 14:05:33 Loader: loader.loadModelCopy() is deprecated; use loader.loadModel() instead.
:10-24-2022 14:05:33 Loader: loader.loadModelCopy() is deprecated; use loader.loadModel() instead.
:10-24-2022 14:05:33 Loader: loader.loadModelCopy() is deprecated; use loader.loadModel() instead.
:10-24-2022 14:05:33 Loader: loader.loadModelCopy() is deprecated; use loader.loadModel() instead.
:10-24-2022 14:05:33 Loader: loader.loadModelCopy() is deprecated; use loader.loadModel() instead.
:10-24-2022 14:05:33 Loader: loader.loadModelCopy() is deprecated; use loader.loadModel() instead.
:10-24-2022 14:05:33 Loader: loader.loadModelCopy() is deprecated; use loader.loadModel() instead.
:10-24-2022 14:05:33 Loader: loader.loadModelCopy() is deprecated; use loader.loadModel() instead.
:10-24-2022 14:05:33 Loader: loader.loadModelCopy() is deprecated; use loader.loadModel() instead.
:10-24-2022 14:05:33 Loader: loader.loadModelCopy() is deprecated; use loader.loadModel() instead.
:10-24-2022 14:05:33 Loader: loader.loadModelCopy() is deprecated; use loader.loadModel() instead.
:10-24-2022 14:05:33 Loader: loader.loadModelCopy() is deprecated; use loader.loadModel() instead.
:10-24-2022 14:05:33 Loader: loader.loadModelCopy() is deprecated; use loader.loadModel() instead.
:10-24-2022 14:05:33 Loader: loader.loadModelCopy() is deprecated; use loader.loadModel() instead.
:10-24-2022 14:05:33 Loader: loader.loadModelCopy() is deprecated; use loader.loadModel() instead.
:10-24-2022 14:05:33 Loader: loader.loadModelCopy() is deprecated; use loader.loadModel() instead.
:10-24-2022 14:05:33 Loader: loader.loadModelCopy() is deprecated; use loader.loadModel() instead.
:10-24-2022 14:05:33 Loader: loader.loadModelCopy() is deprecated; use loader.loadModel() instead.
:10-24-2022 14:05:33 Loader: loader.loadModelCopy() is deprecated; use loader.loadModel() instead.
:10-24-2022 14:05:33 Loader: loader.loadModelCopy() is deprecated; use loader.loadModel() instead.
:10-24-2022 14:05:33 DistributedMint: mintId 12500, floor 1, [100000001]
:10-24-2022 14:05:33 Loader: loader.loadModelCopy() is deprecated; use loader.loadModel() instead.
:10-24-2022 14:05:33 Loader: loader.loadModelCopy() is deprecated; use loader.loadModel() instead.
:10-24-2022 14:05:33 Loader: loader.loadModelCopy() is deprecated; use loader.loadModel() instead.
:10-24-2022 14:05:33 Loader: loader.loadModelCopy() is deprecated; use loader.loadModel() instead.
:10-24-2022 14:05:33 Loader: loader.loadModelCopy() is deprecated; use loader.loadModel() instead.
:10-24-2022 14:05:33 Loader: loader.loadModelCopy() is deprecated; use loader.loadModel() instead.
:10-24-2022 14:05:33 DistributedToon: calling LocalAvatar.startchat
:10-24-2022 14:05:33 TimeManager: Clock sync roundtrip took 595.819 ms
:10-24-2022 14:05:33 TimeManager: AI time delta is -0:00 from server delta
:10-24-2022 14:05:33 ClockDelta: previous delta at -1015.165 s, +/- 0.613 s.
:10-24-2022 14:05:33 ClockDelta: new delta at -1015.468 s, +/- 0.298 s.
:10-24-2022 14:05:33 ClockDelta: intersection at -1015.468 s, +/- 0.298 s.
:10-24-2022 14:05:33 TimeManager: Local clock uncertainty +/- 0.298 s
:10-24-2022 14:05:35 Teleport(debug): teleportInDone: walk
:10-24-2022 14:05:49 TTOffMagicWordManager: Going ghost!
:10-24-2022 14:06:53 TTOffMagicWordManager: Voila!
spec = {'parentEntId': 10000, 'pos': LPoint3f(0, 0, 0)}
h = None
:10-24-2022 14:06:54 MintInterior: QA-REGRESSION: COGBATTLE: Enter Battle
Battle Event localtoon-battle-event-3
:10-24-2022 14:07:34 TTOffMagicWordManager: Wittybumble can now insta-kill Cogs!
:10-24-2022 14:07:56 MintInterior(warning): fsm.request('walk') returned 0 (zone id 12500, avatar pos LPoint3f(-452.921, 784.49, 40.0642)).
:10-24-2022 14:07:56 DistributedMintRoom: setDefeated
:10-24-2022 14:08:00 CashbotCogHQLoader: loadPlaceGeom: 12000
:10-24-2022 14:08:00 MintInterior: Unloading Place (12500). Fsm in final
:10-24-2022 14:08:00 DistributedGoon(warning): called actor.removeNode() on DistributedGoon-10014 without calling cleanup()
:10-24-2022 14:08:00 DistributedGoon(warning): called actor.removeNode() on DistributedGoon-10025 without calling cleanup()
:10-24-2022 14:08:00 Entity(warning): Entity 10005 destroyed after level??
:10-24-2022 14:08:00 Entity(warning): Entity 10014 destroyed after level??
:10-24-2022 14:08:00 Entity(warning): Entity 10001 destroyed after level??
:10-24-2022 14:08:00 Entity(warning): Entity 10001 destroyed after level??
:10-24-2022 14:08:00 Entity(warning): Entity 10017 destroyed after level??
:10-24-2022 14:08:00 Entity(warning): Entity 10003 destroyed after level??
:10-24-2022 14:08:00 Entity(warning): Entity 10009 destroyed after level??
:10-24-2022 14:08:00 Entity(warning): Entity 10010 destroyed after level??
:10-24-2022 14:08:00 Entity(warning): Entity 10002 destroyed after level??
:10-24-2022 14:08:00 Entity(warning): Entity 10015 destroyed after level??
:10-24-2022 14:08:00 Entity(warning): Entity 10018 destroyed after level??
:10-24-2022 14:08:00 Entity(warning): Entity 10015 destroyed after level??
:10-24-2022 14:08:00 DistributedObject: DistributedSuitPlanner 402002997: generating
:10-24-2022 14:08:00 DistributedToon: calling LocalAvatar.startchat
:10-24-2022 14:08:01 :loader(error): Couldn't load file phase_4/models/questmap/cog_hq_cashbot_maps.bam: not found on model path (currently: "/;/c/Toontown-Last-Laff-Workspace-10-21-2022/src/toontown/launcher;/c/Panda3D-1.11.0-x64/etc/..;/c/Panda3D-1.11.0-x64/etc/../models")
:10-24-2022 14:08:02 Teleport(debug): teleportInDone: walk
:10-24-2022 14:08:02 :loader(error): Couldn't load file phase_4/models/questmap/cog_hq_cashbot_maps.bam: not found on model path (currently: "/;/c/Toontown-Last-Laff-Workspace-10-21-2022/src/toontown/launcher;/c/Panda3D-1.11.0-x64/etc/..;/c/Panda3D-1.11.0-x64/etc/../models")
:10-24-2022 14:08:13 TTOffMagicWordManager: Run mode has been toggled.
:10-24-2022 14:08:25 ToontownChatManager: QA-REGRESSION: CHAT: Speedchat
:10-24-2022 14:08:29 ToontownChatManager: QA-REGRESSION: CHAT: Speedchat
:10-24-2022 14:08:34 CashbotCogHQLoader: loadPlaceGeom: 12100
:10-24-2022 14:08:34 CashbotCogHQLoader: QA-REGRESSION: COGHQ: Visit CashbotLobby
:10-24-2022 14:08:34 CashbotHQExterior: Unloading Place (12000). Fsm in final
:10-24-2022 14:08:34 DistributedObject: DistributedSuitPlanner 402002997: disabling
:10-24-2022 14:08:34 DistributedToon: calling LocalAvatar.startchat
:10-24-2022 14:08:34 :loader(error): Couldn't load file phase_4/models/questmap/cog_hq_cashbot_maps.bam: not found on model path (currently: "/;/c/Toontown-Last-Laff-Workspace-10-21-2022/src/toontown/launcher;/c/Panda3D-1.11.0-x64/etc/..;/c/Panda3D-1.11.0-x64/etc/../models")
:10-24-2022 14:08:35 :loader(error): Couldn't load file phase_4/models/questmap/cog_hq_cashbot_maps.bam: not found on model path (currently: "/;/c/Toontown-Last-Laff-Workspace-10-21-2022/src/toontown/launcher;/c/Panda3D-1.11.0-x64/etc/..;/c/Panda3D-1.11.0-x64/etc/../models")
rejectBoard 4
:10-24-2022 14:08:41 DistributedElevator(warning): Place was in state 'stopped' instead of Elevator.
rejectBoard 4
:10-24-2022 14:08:43 :loader(error): Couldn't load file phase_4/models/questmap/cog_hq_cashbot_maps.bam: not found on model path (currently: "/;/c/Toontown-Last-Laff-Workspace-10-21-2022/src/toontown/launcher;/c/Panda3D-1.11.0-x64/etc/..;/c/Panda3D-1.11.0-x64/etc/../models")
:10-24-2022 14:08:50 TTOffMagicWordManager: Ta-da!
:10-24-2022 14:09:24 CashbotCogHQLoader: loadPlaceGeom: 61019
:10-24-2022 14:09:24 CashbotCogHQLoader(warning): loadPlaceGeom: unclassified zone 61000
:10-24-2022 14:09:24 CogHQLobby: Unloading Place (12100). Fsm in final
:10-24-2022 14:09:24 DistributedToon: calling LocalAvatar.startchat
:10-24-2022 14:09:24 CashbotHQBossBattle(warning): fsm.request('movie') returned 0 (zone id 61019, avatar pos LPoint3f(58.6267, -232.917, 0.129106)).
:10-24-2022 14:09:38 CashbotHQBossBattle(warning): fsm.request('movie') returned 0 (zone id 61019, avatar pos LPoint3f(58.6267, -232.917, 0.129106)).
frame rate: 158.0 fps|0.012d|72 avs||310|311||0x0000|0x0000|753.3MB|738.4MB|16302.1MB|820|nt.2.6.2|3.601,3.601|4,8 cpus|OpenGL
[Actor goon--1, parts = ['modelRoot'], LODs = ['lodRoot'], anims = ['walk', 'recovery', 'collapse'], Actor goon--2, parts = ['modelRoot'], LODs = ['lodRoot'], anims = ['walk', 'recovery', 'collapse'], Actor goon--3, parts = ['modelRoot'], LODs = ['lodRoot'], anims = ['walk', 'recovery', 'collapse']]
Battle Event localtoon-battle-event-9
:10-24-2022 14:10:28 TTOffMagicWordManager: Wittybumble can no longer insta-kill Cogs!
:10-24-2022 14:10:58 TTOffMagicWordManager: Wittybumble can now insta-kill Cogs!
frame rate: 119.5 fps|0.002d|39 avs||610|611||0x0000|0x0000|785.9MB|771.2MB|16302.1MB|835|nt.2.6.2|3.601,3.601|4,8 cpus|OpenGL
:10-24-2022 14:14:43 ToonBase: User closed main window.
:10-24-2022 14:14:43 TimeManager: Client disconnect reason 2.
:10-24-2022 14:14:43 DistributedCashbotBossGoon(warning): called actor.removeNode() on goon--1 without calling cleanup()
:10-24-2022 14:14:43 DistributedCashbotBossGoon(warning): called actor.removeNode() on goon--2 without calling cleanup()
:10-24-2022 14:14:43 DistributedCashbotBossGoon(warning): called actor.removeNode() on goon--3 without calling cleanup()
:10-24-2022 14:14:43 CashbotHQBossBattle(warning): fsm.request('walk') returned 0 (zone id 61019, avatar pos LPoint3f(151, -230, 0.0232452)).
:10-24-2022 14:14:43 CashbotHQBossBattle: Unloading Place (61019). Fsm in final
:10-24-2022 14:14:43 OTPClientRepository(warning): unclean exit, abandoning shard
ignoring InputState-forward
:10-24-2022 14:14:43 OTPClientRepository: sending clientLogout
Assertion failed: _error_type != ET_not_found at line 592 of panda/src/pgraph/nodePath.cxx
Traceback (most recent call last):
  File "C:\Panda3D-1.11.0-x64\direct\showbase\EventManager.py", line 49, in eventLoopTask
    self.doEvents()
  File "C:\Panda3D-1.11.0-x64\direct\showbase\EventManager.py", line 43, in doEvents
    processFunc(dequeueFunc())
  File "C:\Panda3D-1.11.0-x64\direct\showbase\EventManager.py", line 99, in processEvent
    messenger.send(eventName, paramList)
  File "C:\Panda3D-1.11.0-x64\direct\showbase\Messenger.py", line 333, in send
    self.__dispatch(acceptorDict, event, sentArgs, foundWatch)
  File "C:\Panda3D-1.11.0-x64\direct\showbase\Messenger.py", line 418, in __dispatch
    result = method (*(extraArgs + sentArgs))
  File "toontown\toonbase\ToonBase.py", line 169, in windowEvent
    OTPBase.OTPBase.windowEvent(self, win)
  File "C:\Panda3D-1.11.0-x64\direct\showbase\ShowBase.py", line 2791, in windowEvent
    self.userExit()
  File "toontown\toonbase\ToonBase.py", line 404, in userExit
    self.cr.loginFSM.request('shutdown')
  File "C:\Panda3D-1.11.0-x64\direct\fsm\ClassicFSM.py", line 281, in request
    exitArgList)
  File "C:\Panda3D-1.11.0-x64\direct\fsm\ClassicFSM.py", line 227, in __transition
    self.__exitCurrent(exitArgList)
  File "C:\Panda3D-1.11.0-x64\direct\fsm\ClassicFSM.py", line 185, in __exitCurrent
    self.__currentState.exit(argList)
  File "C:\Panda3D-1.11.0-x64\direct\fsm\State.py", line 213, in exit
    self.__exitFunc(*argList)
  File "toontown\distributed\ToontownClientRepository.py", line 430, in exitPlayingGame
    base.localAvatar.deleteOrDelay()
  File "C:\Panda3D-1.11.0-x64\direct\distributed\DistributedObject.py", line 201, in deleteOrDelay
    self.disableAnnounceAndDelete()
  File "C:\Panda3D-1.11.0-x64\direct\distributed\DistributedObject.py", line 204, in disableAnnounceAndDelete
    self.disableAndAnnounce()
  File "C:\Panda3D-1.11.0-x64\direct\distributed\DistributedObject.py", line 230, in disableAndAnnounce
    self.disable()
  File "toontown\toon\LocalToon.py", line 256, in disable
    self.book.unload()
  File "toontown\shtiker\ShtikerBook.py", line 150, in unload
    page.unload()
  File "toontown\shtiker\SuitPage.py", line 240, in unload
    shadow.removeNode()
AssertionError: _error_type != ET_not_found at line 592 of panda/src/pgraph/nodePath.cxx
:10-24-2022 14:14:43 :task(error): Exception occurred in PythonTask eventManager
:10-24-2022 14:14:43 TTOffLauncher: setting panda error code to 12
:10-24-2022 14:14:43 TTOffLauncher(warning): Handling Python exception.
:10-24-2022 14:14:43 OTPClientRepository: Sent disconnect message to server
:10-24-2022 14:14:43 OTPClientRepository: Closing connection to server.
:10-24-2022 14:14:43 TTOffLauncher: Exception exit.

Traceback (most recent call last):
  File "otp\launcher\LauncherBase.py", line 1081, in mainLoop
    self._runTaskManager()
  File "otp\launcher\LauncherBase.py", line 1052, in _runTaskManager
    taskMgr.run()
  File "C:\Panda3D-1.11.0-x64\direct\task\Task.py", line 528, in run
    self.step()
  File "C:\Panda3D-1.11.0-x64\direct\task\Task.py", line 482, in step
    self.mgr.poll()
  File "C:\Panda3D-1.11.0-x64\direct\showbase\EventManager.py", line 49, in eventLoopTask
    self.doEvents()
  File "C:\Panda3D-1.11.0-x64\direct\showbase\EventManager.py", line 43, in doEvents
    processFunc(dequeueFunc())
  File "C:\Panda3D-1.11.0-x64\direct\showbase\EventManager.py", line 99, in processEvent
    messenger.send(eventName, paramList)
  File "C:\Panda3D-1.11.0-x64\direct\showbase\Messenger.py", line 333, in send
    self.__dispatch(acceptorDict, event, sentArgs, foundWatch)
  File "C:\Panda3D-1.11.0-x64\direct\showbase\Messenger.py", line 418, in __dispatch
    result = method (*(extraArgs + sentArgs))
  File "toontown\toonbase\ToonBase.py", line 169, in windowEvent
    OTPBase.OTPBase.windowEvent(self, win)
  File "C:\Panda3D-1.11.0-x64\direct\showbase\ShowBase.py", line 2791, in windowEvent
    self.userExit()
  File "toontown\toonbase\ToonBase.py", line 404, in userExit
    self.cr.loginFSM.request('shutdown')
  File "C:\Panda3D-1.11.0-x64\direct\fsm\ClassicFSM.py", line 281, in request
    exitArgList)
  File "C:\Panda3D-1.11.0-x64\direct\fsm\ClassicFSM.py", line 227, in __transition
    self.__exitCurrent(exitArgList)
  File "C:\Panda3D-1.11.0-x64\direct\fsm\ClassicFSM.py", line 185, in __exitCurrent
    self.__currentState.exit(argList)
  File "C:\Panda3D-1.11.0-x64\direct\fsm\State.py", line 213, in exit
    self.__exitFunc(*argList)
  File "toontown\distributed\ToontownClientRepository.py", line 430, in exitPlayingGame
    base.localAvatar.deleteOrDelay()
  File "C:\Panda3D-1.11.0-x64\direct\distributed\DistributedObject.py", line 201, in deleteOrDelay
    self.disableAnnounceAndDelete()
  File "C:\Panda3D-1.11.0-x64\direct\distributed\DistributedObject.py", line 204, in disableAnnounceAndDelete
    self.disableAndAnnounce()
  File "C:\Panda3D-1.11.0-x64\direct\distributed\DistributedObject.py", line 230, in disableAndAnnounce
    self.disable()
  File "toontown\toon\LocalToon.py", line 256, in disable
    self.book.unload()
  File "toontown\shtiker\ShtikerBook.py", line 150, in unload
    page.unload()
  File "toontown\shtiker\SuitPage.py", line 240, in unload
    shadow.removeNode()
AssertionError: _error_type != ET_not_found at line 592 of panda/src/pgraph/nodePath.cxx
