

Starting Toontown Online...
Current time: Tue Oct 25 11:38:43 2022 Eastern Standard Time
sys.path =  ['', 'C:\\Toontown-Last-Laff-Workspace-10-21-2022\\src\\Panda3D-1.11.0-x64\\python\\python27.zip', 'C:\\Panda3D-1.11.0-x64', 'C:\\Toontown-Last-Laff-Workspace-10-21-2022\\src\\Panda3D-1.11.0-x64\\python\\DLLs', 'C:\\Toontown-Last-Laff-Workspace-10-21-2022\\src\\Panda3D-1.11.0-x64\\python\\lib', 'C:\\Toontown-Last-Laff-Workspace-10-21-2022\\src\\Panda3D-1.11.0-x64\\python\\lib\\plat-win', 'C:\\Toontown-Last-Laff-Workspace-10-21-2022\\src\\Panda3D-1.11.0-x64\\python\\lib\\lib-tk', 'C:\\Toontown-Last-Laff-Workspace-10-21-2022\\src\\Panda3D-1.11.0-x64\\python', 'C:\\Toontown-Last-Laff-Workspace-10-21-2022\\src\\Panda3D-1.11.0-x64', 'C:\\Toontown-Last-Laff-Workspace-10-21-2022\\src\\Panda3D-1.11.0-x64\\bin', 'C:\\Toontown-Last-Laff-Workspace-10-21-2022\\src\\Panda3D-1.11.0-x64\\python\\lib\\site-packages']
sys.argv =  ['C:\\Toontown-Last-Laff-Workspace-10-21-2022\\src\\toontown\\launcher\\TTOffQuickStartLauncher.py']
generating standard configrc
os.environ =  {'TMP': 'C:\\Users\\Philip\\AppData\\Local\\Temp', 'COMPUTERNAME': 'PHILIP-JR', 'USERDOMAIN': 'PHILIP-JR', 'NEKO_INSTPATH': 'C:\\HaxeToolkit\\neko', 'PSMODULEPATH': 'C:\\WINDOWS\\system32\\WindowsPowerShell\\v1.0\\Modules\\', 'DOKANLIBRARY1': 'C:\\Program Files\\Dokan\\Dokan Library-1.4.1\\', 'ADSK_3DSMAX_X64_2021': 'C:\\Program Files\\Autodesk\\3ds Max 2021\\', 'PROCESSOR_IDENTIFIER': 'Intel64 Family 6 Model 45 Stepping 7, GenuineIntel', 'VBOX_MSI_INSTALL_PATH': 'C:\\Program Files\\Oracle\\VirtualBox\\', 'PROGRAMFILES': 'C:\\Program Files', 'PROCESSOR_REVISION': '2d07', 'PATH': 'C:\\Panda3D-1.11.0-x64\\panda3d\\..\\bin;C:\\Program Files (x86)\\Common Files\\Oracle\\Java\\javapath;C:\\Windows\\system32;C:\\Windows;C:\\Windows\\System32\\Wbem;C:\\Windows\\System32\\WindowsPowerShell\\v1.0\\;C:\\Program Files (x86)\\NVIDIA Corporation\\PhysX\\Common;C:\\Program Files\\Git\\cmd;C:\\WINDOWS\\system32;C:\\WINDOWS;C:\\WINDOWS\\System32\\Wbem;C:\\WINDOWS\\System32\\WindowsPowerShell\\v1.0\\;C:\\Program Files\\dotnet\\;C:\\Program Files\\Common Files\\Autodesk Shared\\;C:\\Program Files\\Microsoft SQL Server\\120\\Tools\\Binn\\;C:\\HaxeToolkit\\haxe;C:\\HaxeToolkit\\neko;C:\\Program Files\\Animation Paper\\gstreamer\\bin;C:\\Program Files\\PuTTY\\;C:\\Program Files\\NVIDIA Corporation\\NVIDIA NvDLISR;C:\\Program Files (x86)\\Windows Live\\Shared;C:\\HaxeToolkit\\haxe;C:\\HaxeToolkit\\neko;C:\\Program Files (x86)\\Windows Kits\\8.1\\Windows Performance Toolkit\\;C:\\Users\\Philip\\anaconda3;C:\\Users\\Philip\\anaconda3\\Library\\mingw-w64\\bin;C:\\Users\\Philip\\anaconda3\\Library\\usr\\bin;C:\\Users\\Philip\\anaconda3\\Library\\bin;C:\\Users\\Philip\\anaconda3\\Scripts;C:\\Program Files\\MySQL\\MySQL Shell 8.0\\bin\\;C:\\Panda3D-1.10.02\\python;C:\\Panda3D-1.10.02\\python\\Scripts;C:\\Panda3D-1.10.02\\bin;C:\\Panda3D-1.11.0-x64-py2\\python;C:\\Panda3D-1.11.0-x64-py2\\python\\Scripts;C:\\Panda3D-1.11.0-x64-py2\\bin;C:\\Users\\Philip\\AppData\\Local\\GitHubDesktop\\bin;C:\\Panda3D-1.9.0\\python;C:\\Panda3D-1.9.0\\python\\Scripts;C:\\Panda3D-1.9.0\\bin;C:\\Panda3D-1.10.0-x64\\python;C:\\Panda3D-1.10.0-x64\\python\\Scripts;C:\\Panda3D-1.10.0-x64\\bin;C:\\Users\\Philip\\AppData\\Local\\atom\\bin;C:\\Panda3D-1.10.0\\python;C:\\Panda3D-1.10.0\\python\\Scripts;C:\\Panda3D-1.10.0\\bin;C:\\Panda3D-1.11.0-x64-astron\\python;C:\\Panda3D-1.11.0-x64-astron\\python\\Scripts;C:\\Panda3D-1.11.0-x64-astron\\bin;C:\\Panda3D-1.11.0-x64\\python;C:\\Panda3D-1.11.0-x64\\python\\Scripts;C:\\Panda3D-1.11.0-x64\\bin;C:\\Panda3D-1.10.9-x64\\python;C:\\Panda3D-1.10.9-x64\\python\\Scrip;C:\\Users\\Philip\\AppData\\Local\\Programs\\Microsoft VS Code\\bin;C:\\Users\\Philip\\.dotnet\\tools;%C:\\Program Files (x86)\\Windows Kits\\8.1\\bin\\x86\\rc.exe%;%C:\\Program Files (x86)\\Microsoft Visual Studio\\2019\\BuildTools\\Common7\\IDE%;C:\\Program Files\\JetBrains\\PyCharm Community Edition 2022.2.3\\bin;', 'SYSTEMROOT': 'C:\\WINDOWS', 'NUMBER_OF_PROCESSORS': '8', 'PROGRAMFILES(X86)': 'C:\\Program Files (x86)', 'COMSPEC': 'C:\\WINDOWS\\system32\\cmd.exe', 'KMP_BLOCKTIME': '0', 'PPYTHON_PATH': '"Panda3D-1.11.0-x64\\python\\ppython.exe"', 'PYCHARM COMMUNITY EDITION': 'C:\\Program Files\\JetBrains\\PyCharm Community Edition 2022.2.3\\bin;', 'COMMONPROGRAMFILES(X86)': 'C:\\Program Files (x86)\\Common Files', 'PROCESSOR_ARCHITECTURE': 'AMD64', 'DOKANLIBRARY1_LIBRARYPATH_X64': 'C:\\Program Files\\Dokan\\Dokan Library-1.4.1\\lib\\', 'ALLUSERSPROFILE': 'C:\\ProgramData', 'LOCALAPPDATA': 'C:\\Users\\Philip\\AppData\\Local', 'HOMEPATH': '\\Users\\Philip', 'USERDOMAIN_ROAMINGPROFILE': 'PHILIP-JR', 'PROGRAMW6432': 'C:\\Program Files', 'USERNAME': 'Philip', 'FP_NO_HOST_CHECK': 'NO', 'DOKANLIBRARY1_LIBRARYPATH_X86': 'C:\\Program Files\\Dokan\\Dokan Library-1.4.1\\x86\\lib\\', 'LOGONSERVER': '\\\\MicrosoftAccount', 'PROMPT': '$P$G', 'SESSIONNAME': 'Console', 'PROGRAMDATA': 'C:\\ProgramData', 'COMMONPROGRAMFILES': 'C:\\Program Files\\Common Files', 'TEMP': 'C:\\Users\\Philip\\AppData\\Local\\Temp', 'HAXEPATH': 'C:\\HaxeToolkit\\haxe', 'PATHEXT': '.COM;.EXE;.BAT;.CMD;.VBS;.VBE;.JS;.JSE;.WSF;.WSH;.MSC', 'TTOFF_LOGIN_TOKEN': 'dev', 'VS160COMCOMNTOOLS': 'C:\\Program Files (x86)\\Microsoft Visual Studio\\2019\\Community\\Common7\\Tools\\', 'WINDIR': 'C:\\WINDOWS', 'OMP_WAIT_POLICY': 'PASSIVE', 'MONGO': 'C:\\mongodb-win32-x86_64-windows-4.4.4/bin', 'HOMEDRIVE': 'C:', 'SYSTEMDRIVE': 'C:', 'PUBLIC': 'C:\\Users\\Public', 'APPDATA': 'C:\\Users\\Philip\\AppData\\Roaming', 'PROCESSOR_LEVEL': '6', 'CIOENGINE': 'C:\\cio-panda3d', 'COMMONPROGRAMW6432': 'C:\\Program Files\\Common Files', 'OS': 'Windows_NT', 'ADSK_CLM_WPAD_PROXY_CHECK': 'FALSE', 'USERPROFILE': 'C:\\Users\\Philip'}
:10-25-2022 11:38:43 TTOffLauncher: isTestServer: 0
:10-25-2022 11:38:43 TTOffLauncher: Game Server 127.0.0.1
:10-25-2022 11:38:43 TTOffLauncher: Starting Toontown Online... 
:10-25-2022 11:38:43 TTOffLauncher: foreground: Launcher now operating in foreground
useTTOffSpecificLogin=True
:10-25-2022 11:38:43 TTOffLauncher: maybeStartGame: starting game
:10-25-2022 11:38:43 TTOffLauncher: Starting Toontown Online...
:10-25-2022 11:38:43 TTOffLauncher: background: Launcher now operating in background
ToontownStart: Polling for game2 to finish...
ToontownStart: Game2 is finished.
ToontownStart: Starting the game.
ToontownStart: setting default font
:10-25-2022 11:38:43 TTOffLauncher: setting panda error code to 7
Known pipe types:
  wglGraphicsPipe
(all display modules loaded.)
:10-25-2022 11:38:43 ToonBase: Default graphics pipe is wglGraphicsPipe (OpenGL).
:10-25-2022 11:38:43 :display(warning): FrameBufferProperties available less than requested.
  requested: depth_bits=24 color_bits=3 red_bits=1 green_bits=1 blue_bits=1 alpha_bits=1 multisamples=70 back_buffers=1 force_hardware 
  got: depth_bits=24 color_bits=24 red_bits=8 green_bits=8 blue_bits=8 alpha_bits=8 accum_bits=64 multisamples=16 back_buffers=1 force_hardware 
:10-25-2022 11:38:43 ToonBase: Successfully opened window of type wglGraphicsWindow (OpenGL)
:10-25-2022 11:38:43 ShowBase: __dev__ == False
:10-25-2022 11:38:43 TTOffLauncher: setting panda error code to 11
:10-25-2022 11:38:43 TTOffLauncher: setting panda error code to 0
ToontownStart: Loading default gui sounds
ToontownStart: serverVersion:  tto-dev
:10-25-2022 11:38:43 Loader: starting bulk load of block 'init'
:10-25-2022 11:38:44 :nativenet(error): Buffered_DatagramConnection Constructor rbufsize = 4096000 wbufsize = 4096000 write_flush_point = 1400
:10-25-2022 11:38:44 OTPClientRepository: Using connect method 'http'
:10-25-2022 11:38:45 TTOffLauncher: getRegistry ('DEPLOYMENT', None)
:10-25-2022 11:38:45 TTOffLauncher: checking env
:10-25-2022 11:38:45 TTOffLauncher: getRegistry ('GAME_DEPLOYMENT', None)
:10-25-2022 11:38:45 TTOffLauncher: checking env
:10-25-2022 11:38:45 OTPClientRepository: reg_deployment=
:10-25-2022 11:38:45 OTPClientRepository: required-login auto.
:10-25-2022 11:38:45 OTPClientRepository: loginInterface: LoginTTOffAccount
:10-25-2022 11:38:45 TTOffLauncher: getNeedPwForSecretKey using ttoff-specific-login
:10-25-2022 11:38:45 Loader: At end of block 'init', expected 138, loaded 6, duration=1.34202936147
:10-25-2022 11:38:45 OTPClientRepository: Connecting to gameserver directly (no proxy).
:10-25-2022 11:38:45 OTPClientRepository: Connecting to //127.0.0.1:7198 via HTTP interface.
:10-25-2022 11:38:45 TTOffLauncher: Stopping mini task manager.
:10-25-2022 11:38:45 OTPClientRepository: Successfully connected to //127.0.0.1:7198.
:10-25-2022 11:38:45 TTOffLauncher: Setting Disconnect Details normal
{402000001: <toontown.distributed.ToontownDistrict.ToontownDistrict instance at 0x00000000184EEB08>}
:10-25-2022 11:38:46 StateData: AvatarChooser.enter
:10-25-2022 11:38:46 DisplayOptions: settingsFullScreen = False, embedded = False width=800 height=600
:10-25-2022 11:38:46 StateData: calling self.displayOptions.restrictToEmbedded(False)
:10-25-2022 11:38:47 OTPClientRepository: ================
:10-25-2022 11:38:47 OTPClientRepository: Chose avatar id: 100000001
:10-25-2022 11:38:47 OTPClientRepository: Chose avatar name: Wittybumble
:10-25-2022 11:38:47 OTPClientRepository: Chose avatar dna: ('dss', 'ms', 'm', 'm', 6, 0, 6, 6, 1, 9, 1, 9, 1, 18)
:10-25-2022 11:38:47 OTPClientRepository: Chose avatar position: 1
:10-25-2022 11:38:47 OTPClientRepository: isPaid: 1
:10-25-2022 11:38:47 OTPClientRepository: freeTimeLeft: 0
:10-25-2022 11:38:47 OTPClientRepository: allowSecretChat: True
:10-25-2022 11:38:47 OTPClientRepository: ================
:10-25-2022 11:38:47 Loader: starting bulk load of block 'localAvatarPlayGame'
:10-25-2022 11:38:48 ToontownTimeManager(warning): error parsing date string=
:10-25-2022 11:38:48 Actor(warning): no part named head-front*!
local
:10-25-2022 11:38:48 NewsPageButtonManager(warning): Should not get here. NewsPageButtonManager.exitOff
:10-25-2022 11:38:48 :pnmimage:png(warning): iCCP: known incorrect sRGB profile
:10-25-2022 11:38:50 Actor(warning): no part named head-front*!
:10-25-2022 11:38:51 OTPClientRepository: Entering shard 402000001
:10-25-2022 11:38:51 StreetSign: Street sign url is https://ttoffline.com/images/
:10-25-2022 11:38:52 TimeManager: Clock sync: TimeManager.announceGenerate
:10-25-2022 11:38:52 NewsManager: setHolidayId: Starting Holiday 26
:10-25-2022 11:38:52 InGameNewsMgr: latestIssue=2013-08-22 16:49:46.000003-07:00
cpu info: GenuineIntel|        Intel(R) Core(TM) i7-3820 CPU @ 3.60GHz|132823|0|3.601,3.601|4,8 cpus
:10-25-2022 11:38:53 OTPClientRepository: No sync from TimeManager.
:10-25-2022 11:38:53 OTPClientRepository: gotTimeSync
:10-25-2022 11:38:53 Loader: At end of block 'localAvatarPlayGame', expected 400, loaded 20, duration=5.69942838093
:10-25-2022 11:38:53 TimeManager: Clock sync roundtrip took 1138.765 ms
:10-25-2022 11:38:53 TimeManager: AI time delta is -0:01 from server delta
:10-25-2022 11:38:53 TimeManager: Local clock uncertainty +/- 0.570 s
:10-25-2022 11:38:53 PlayGame: QA-REGRESSION: NEIGHBORHOODS: Visit Sellbot HQ
:10-25-2022 11:38:53 Loader: starting bulk load of block 'hood'
:10-25-2022 11:38:54 TownBattleSuitPanel: Loading Suit Battle Panel!
:10-25-2022 11:38:54 TownBattleSuitPanel: Loading Suit Battle Panel!
:10-25-2022 11:38:54 TownBattleSuitPanel: Loading Suit Battle Panel!
:10-25-2022 11:38:54 TownBattleSuitPanel: Loading Suit Battle Panel!
:10-25-2022 11:38:54 TownBattleSuitPanel: Loading Suit Battle Panel!
:10-25-2022 11:38:54 TownBattleSuitPanel: Loading Suit Battle Panel!
:10-25-2022 11:38:54 TownBattleSuitPanel: Loading Suit Battle Panel!
:10-25-2022 11:38:54 TownBattleSuitPanel: Loading Suit Battle Panel!
:10-25-2022 11:38:54 SellbotCogHQLoader: loadPlaceGeom: 11000
:10-25-2022 11:38:54 DistributedObject: DistributedSuitPlanner 402002950: generating
:10-25-2022 11:38:54 DistributedToon: calling LocalAvatar.startchat
:10-25-2022 11:38:54 :loader(error): Couldn't load file phase_4/models/questmap/cog_hq_sellbot_maps.bam: not found on model path (currently: "/;/c/Toontown-Last-Laff-Workspace-10-21-2022/src/toontown/launcher;/c/Panda3D-1.11.0-x64/etc/..;/c/Panda3D-1.11.0-x64/etc/../models")
:10-25-2022 11:38:55 Loader: At end of block 'hood', expected 43, loaded 6, duration=1.48371130279
:10-25-2022 11:38:55 :gobj(error): Texture::read() - couldn't read: phase_3/maps/hands/gh.png
:10-25-2022 11:38:55 :gobj(error): Unable to find texture "phase_3/maps/hands/gh.png" on model-path /;/c/Toontown-Last-Laff-Workspace-10-21-2022/src/toontown/launcher;/c/Panda3D-1.11.0-x64/etc/..;/c/Panda3D-1.11.0-x64/etc/../models
:10-25-2022 11:38:55 :gobj(error): Texture::read() - couldn't read: phase_3/maps/hands/nd.png
:10-25-2022 11:38:55 :gobj(error): Unable to find texture "phase_3/maps/hands/nd.png" on model-path /;/c/Toontown-Last-Laff-Workspace-10-21-2022/src/toontown/launcher;/c/Panda3D-1.11.0-x64/etc/..;/c/Panda3D-1.11.0-x64/etc/../models
:10-25-2022 11:38:55 :gobj(error): Texture::read() - couldn't read: phase_3/maps/hands/gh.png
:10-25-2022 11:38:55 :gobj(error): Unable to find texture "phase_3/maps/hands/gh.png" on model-path /;/c/Toontown-Last-Laff-Workspace-10-21-2022/src/toontown/launcher;/c/Panda3D-1.11.0-x64/etc/..;/c/Panda3D-1.11.0-x64/etc/../models
:10-25-2022 11:38:56 Teleport(debug): teleportInDone: walk
:10-25-2022 11:38:56 :loader(error): Couldn't load file phase_4/models/questmap/cog_hq_sellbot_maps.bam: not found on model path (currently: "/;/c/Toontown-Last-Laff-Workspace-10-21-2022/src/toontown/launcher;/c/Panda3D-1.11.0-x64/etc/..;/c/Panda3D-1.11.0-x64/etc/../models")
:10-25-2022 11:39:04 :gobj(error): Texture::read() - couldn't read: phase_3/maps/hands/tf.png
:10-25-2022 11:39:04 :gobj(error): Unable to find texture "phase_3/maps/hands/tf.png" on model-path /;/c/Toontown-Last-Laff-Workspace-10-21-2022/src/toontown/launcher;/c/Panda3D-1.11.0-x64/etc/..;/c/Panda3D-1.11.0-x64/etc/../models
:10-25-2022 11:39:04 :gobj(error): Texture::read() - couldn't read: phase_3/maps/hands/nd.png
:10-25-2022 11:39:04 :gobj(error): Unable to find texture "phase_3/maps/hands/nd.png" on model-path /;/c/Toontown-Last-Laff-Workspace-10-21-2022/src/toontown/launcher;/c/Panda3D-1.11.0-x64/etc/..;/c/Panda3D-1.11.0-x64/etc/../models
:10-25-2022 11:39:07 :gobj(error): Texture::read() - couldn't read: phase_3/maps/hands/mh.png
:10-25-2022 11:39:07 :gobj(error): Unable to find texture "phase_3/maps/hands/mh.png" on model-path /;/c/Toontown-Last-Laff-Workspace-10-21-2022/src/toontown/launcher;/c/Panda3D-1.11.0-x64/etc/..;/c/Panda3D-1.11.0-x64/etc/../models
:10-25-2022 11:39:07 TTOffMagicWordManager: Spawned mh in current zone.
:10-25-2022 11:39:14 :loader(error): Couldn't load file phase_4/models/questmap/cog_hq_sellbot_maps.bam: not found on model path (currently: "/;/c/Toontown-Last-Laff-Workspace-10-21-2022/src/toontown/launcher;/c/Panda3D-1.11.0-x64/etc/..;/c/Panda3D-1.11.0-x64/etc/../models")
:10-25-2022 11:39:16 :gobj(error): Texture::read() - couldn't read: phase_3/maps/hands/tf.png
:10-25-2022 11:39:16 :gobj(error): Unable to find texture "phase_3/maps/hands/tf.png" on model-path /;/c/Toontown-Last-Laff-Workspace-10-21-2022/src/toontown/launcher;/c/Panda3D-1.11.0-x64/etc/..;/c/Panda3D-1.11.0-x64/etc/../models
:10-25-2022 11:39:28 :gobj(error): Texture::read() - couldn't read: phase_3/maps/hands/gh.png
:10-25-2022 11:39:28 :gobj(error): Unable to find texture "phase_3/maps/hands/gh.png" on model-path /;/c/Toontown-Last-Laff-Workspace-10-21-2022/src/toontown/launcher;/c/Panda3D-1.11.0-x64/etc/..;/c/Panda3D-1.11.0-x64/etc/../models
:10-25-2022 11:39:33 SellbotHQExterior: QA-REGRESSION: COGBATTLE: Enter Battle
Battle Event localtoon-battle-event-3
:10-25-2022 11:39:39 :gobj(error): Texture::read() - couldn't read: phase_3/maps/hands/ms.png
:10-25-2022 11:39:39 :gobj(error): Unable to find texture "phase_3/maps/hands/ms.png" on model-path /;/c/Toontown-Last-Laff-Workspace-10-21-2022/src/toontown/launcher;/c/Panda3D-1.11.0-x64/etc/..;/c/Panda3D-1.11.0-x64/etc/../models
:10-25-2022 11:39:42 ToontownChatManager: QA-REGRESSION: CHAT: Speedchat
:10-25-2022 11:39:45 ToontownChatManager: QA-REGRESSION: CHAT: Speedchat
:10-25-2022 11:40:00 :loader(error): Couldn't load file phase_4/models/questmap/cog_hq_sellbot_maps.bam: not found on model path (currently: "/;/c/Toontown-Last-Laff-Workspace-10-21-2022/src/toontown/launcher;/c/Panda3D-1.11.0-x64/etc/..;/c/Panda3D-1.11.0-x64/etc/../models")
:10-25-2022 11:40:01 :gobj(error): Texture::read() - couldn't read: phase_3/maps/hands/gh.png
:10-25-2022 11:40:01 :gobj(error): Unable to find texture "phase_3/maps/hands/gh.png" on model-path /;/c/Toontown-Last-Laff-Workspace-10-21-2022/src/toontown/launcher;/c/Panda3D-1.11.0-x64/etc/..;/c/Panda3D-1.11.0-x64/etc/../models
:10-25-2022 11:40:02 :gobj(error): Texture::read() - couldn't read: phase_3/maps/hands/gh.png
:10-25-2022 11:40:02 :gobj(error): Unable to find texture "phase_3/maps/hands/gh.png" on model-path /;/c/Toontown-Last-Laff-Workspace-10-21-2022/src/toontown/launcher;/c/Panda3D-1.11.0-x64/etc/..;/c/Panda3D-1.11.0-x64/etc/../models
:10-25-2022 11:40:02 ClassicFSM(warning): [DistributedSuit]: no transition exists from Walk to FromCogHQ
:10-25-2022 11:40:05 :gobj(error): Texture::read() - couldn't read: phase_3/maps/hands/nd.png
:10-25-2022 11:40:05 :gobj(error): Unable to find texture "phase_3/maps/hands/nd.png" on model-path /;/c/Toontown-Last-Laff-Workspace-10-21-2022/src/toontown/launcher;/c/Panda3D-1.11.0-x64/etc/..;/c/Panda3D-1.11.0-x64/etc/../models
:10-25-2022 11:40:05 ClassicFSM(warning): [DistributedSuit]: no transition exists from Walk to FromCogHQ
:10-25-2022 11:40:11 :gobj(error): Texture::read() - couldn't read: phase_3/maps/hands/cr.png
:10-25-2022 11:40:11 :gobj(error): Unable to find texture "phase_3/maps/hands/cr.png" on model-path /;/c/Toontown-Last-Laff-Workspace-10-21-2022/src/toontown/launcher;/c/Panda3D-1.11.0-x64/etc/..;/c/Panda3D-1.11.0-x64/etc/../models
:10-25-2022 11:40:11 TTOffMagicWordManager: Spawned cr in current zone.
:10-25-2022 11:40:15 :gobj(error): Texture::read() - couldn't read: phase_3/maps/hands/gh.png
:10-25-2022 11:40:15 :gobj(error): Unable to find texture "phase_3/maps/hands/gh.png" on model-path /;/c/Toontown-Last-Laff-Workspace-10-21-2022/src/toontown/launcher;/c/Panda3D-1.11.0-x64/etc/..;/c/Panda3D-1.11.0-x64/etc/../models
:10-25-2022 11:40:16 ClassicFSM(warning): [DistributedSuit]: no transition exists from Walk to FromCogHQ
:10-25-2022 11:40:20 SellbotHQExterior: QA-REGRESSION: COGBATTLE: Enter Battle
Battle Event localtoon-battle-event-9
:10-25-2022 11:40:31 :gobj(error): Texture::read() - couldn't read: phase_3/maps/hands/tf.png
:10-25-2022 11:40:31 :gobj(error): Unable to find texture "phase_3/maps/hands/tf.png" on model-path /;/c/Toontown-Last-Laff-Workspace-10-21-2022/src/toontown/launcher;/c/Panda3D-1.11.0-x64/etc/..;/c/Panda3D-1.11.0-x64/etc/../models
:10-25-2022 11:40:31 ClassicFSM(warning): [DistributedSuit]: no transition exists from Walk to FromCogHQ
:10-25-2022 11:40:41 :gobj(error): Texture::read() - couldn't read: phase_3/maps/hands/ms.png
:10-25-2022 11:40:41 :gobj(error): Unable to find texture "phase_3/maps/hands/ms.png" on model-path /;/c/Toontown-Last-Laff-Workspace-10-21-2022/src/toontown/launcher;/c/Panda3D-1.11.0-x64/etc/..;/c/Panda3D-1.11.0-x64/etc/../models
:10-25-2022 11:40:42 ClassicFSM(warning): [DistributedSuit]: no transition exists from Walk to FromCogHQ
:10-25-2022 11:40:45 :gobj(error): Texture::read() - couldn't read: phase_3/maps/hands/gh.png
:10-25-2022 11:40:45 :gobj(error): Unable to find texture "phase_3/maps/hands/gh.png" on model-path /;/c/Toontown-Last-Laff-Workspace-10-21-2022/src/toontown/launcher;/c/Panda3D-1.11.0-x64/etc/..;/c/Panda3D-1.11.0-x64/etc/../models
:10-25-2022 11:40:51 :loader(error): Couldn't load file phase_4/models/questmap/cog_hq_sellbot_maps.bam: not found on model path (currently: "/;/c/Toontown-Last-Laff-Workspace-10-21-2022/src/toontown/launcher;/c/Panda3D-1.11.0-x64/etc/..;/c/Panda3D-1.11.0-x64/etc/../models")
:10-25-2022 11:40:56 :gobj(error): Texture::read() - couldn't read: phase_3/maps/hands/cc.png
:10-25-2022 11:40:56 :gobj(error): Unable to find texture "phase_3/maps/hands/cc.png" on model-path /;/c/Toontown-Last-Laff-Workspace-10-21-2022/src/toontown/launcher;/c/Panda3D-1.11.0-x64/etc/..;/c/Panda3D-1.11.0-x64/etc/../models
:10-25-2022 11:41:17 :gobj(error): Texture::read() - couldn't read: phase_3/maps/hands/tm.png
:10-25-2022 11:41:17 :gobj(error): Unable to find texture "phase_3/maps/hands/tm.png" on model-path /;/c/Toontown-Last-Laff-Workspace-10-21-2022/src/toontown/launcher;/c/Panda3D-1.11.0-x64/etc/..;/c/Panda3D-1.11.0-x64/etc/../models
:10-25-2022 11:41:19 :gobj(error): Texture::read() - couldn't read: phase_3/maps/hands/gh.png
:10-25-2022 11:41:19 :gobj(error): Unable to find texture "phase_3/maps/hands/gh.png" on model-path /;/c/Toontown-Last-Laff-Workspace-10-21-2022/src/toontown/launcher;/c/Panda3D-1.11.0-x64/etc/..;/c/Panda3D-1.11.0-x64/etc/../models
:10-25-2022 11:41:20 ClassicFSM(warning): [DistributedSuit]: no transition exists from Walk to FromCogHQ
:10-25-2022 11:41:31 :gobj(error): Texture::read() - couldn't read: phase_3/maps/hands/cc.png
:10-25-2022 11:41:31 :gobj(error): Unable to find texture "phase_3/maps/hands/cc.png" on model-path /;/c/Toontown-Last-Laff-Workspace-10-21-2022/src/toontown/launcher;/c/Panda3D-1.11.0-x64/etc/..;/c/Panda3D-1.11.0-x64/etc/../models
:10-25-2022 11:41:31 SellbotHQExterior: QA-REGRESSION: COGBATTLE: Enter Battle
Battle Event localtoon-battle-event-15
:10-25-2022 11:41:31 ClassicFSM(warning): [DistributedSuit]: no transition exists from Walk to FromCogHQ
:10-25-2022 11:41:40 :gobj(error): Texture::read() - couldn't read: phase_3/maps/hands/gh.png
:10-25-2022 11:41:40 :gobj(error): Unable to find texture "phase_3/maps/hands/gh.png" on model-path /;/c/Toontown-Last-Laff-Workspace-10-21-2022/src/toontown/launcher;/c/Panda3D-1.11.0-x64/etc/..;/c/Panda3D-1.11.0-x64/etc/../models
:10-25-2022 11:41:51 :gobj(error): Texture::read() - couldn't read: phase_3/maps/hands/tm.png
:10-25-2022 11:41:51 :gobj(error): Unable to find texture "phase_3/maps/hands/tm.png" on model-path /;/c/Toontown-Last-Laff-Workspace-10-21-2022/src/toontown/launcher;/c/Panda3D-1.11.0-x64/etc/..;/c/Panda3D-1.11.0-x64/etc/../models
:10-25-2022 11:42:02 :gobj(error): Texture::read() - couldn't read: phase_3/maps/hands/tf.png
:10-25-2022 11:42:02 :gobj(error): Unable to find texture "phase_3/maps/hands/tf.png" on model-path /;/c/Toontown-Last-Laff-Workspace-10-21-2022/src/toontown/launcher;/c/Panda3D-1.11.0-x64/etc/..;/c/Panda3D-1.11.0-x64/etc/../models
:10-25-2022 11:42:14 :loader(error): Couldn't load file phase_4/models/questmap/cog_hq_sellbot_maps.bam: not found on model path (currently: "/;/c/Toontown-Last-Laff-Workspace-10-21-2022/src/toontown/launcher;/c/Panda3D-1.11.0-x64/etc/..;/c/Panda3D-1.11.0-x64/etc/../models")
:10-25-2022 11:42:14 :gobj(error): Texture::read() - couldn't read: phase_3/maps/hands/ms.png
:10-25-2022 11:42:14 :gobj(error): Unable to find texture "phase_3/maps/hands/ms.png" on model-path /;/c/Toontown-Last-Laff-Workspace-10-21-2022/src/toontown/launcher;/c/Panda3D-1.11.0-x64/etc/..;/c/Panda3D-1.11.0-x64/etc/../models
:10-25-2022 11:42:26 :gobj(error): Texture::read() - couldn't read: phase_3/maps/hands/tf.png
:10-25-2022 11:42:26 :gobj(error): Unable to find texture "phase_3/maps/hands/tf.png" on model-path /;/c/Toontown-Last-Laff-Workspace-10-21-2022/src/toontown/launcher;/c/Panda3D-1.11.0-x64/etc/..;/c/Panda3D-1.11.0-x64/etc/../models
:10-25-2022 11:42:36 :gobj(error): Texture::read() - couldn't read: phase_3/maps/hands/ms.png
:10-25-2022 11:42:36 :gobj(error): Unable to find texture "phase_3/maps/hands/ms.png" on model-path /;/c/Toontown-Last-Laff-Workspace-10-21-2022/src/toontown/launcher;/c/Panda3D-1.11.0-x64/etc/..;/c/Panda3D-1.11.0-x64/etc/../models
:10-25-2022 11:42:41 :gobj(error): Texture::read() - couldn't read: phase_3/maps/hands/gh.png
:10-25-2022 11:42:41 :gobj(error): Unable to find texture "phase_3/maps/hands/gh.png" on model-path /;/c/Toontown-Last-Laff-Workspace-10-21-2022/src/toontown/launcher;/c/Panda3D-1.11.0-x64/etc/..;/c/Panda3D-1.11.0-x64/etc/../models
:10-25-2022 11:42:41 ClassicFSM(warning): [DistributedSuit]: no transition exists from Walk to FromCogHQ
:10-25-2022 11:42:47 :gobj(error): Texture::read() - couldn't read: phase_3/maps/hands/tf.png
:10-25-2022 11:42:47 :gobj(error): Unable to find texture "phase_3/maps/hands/tf.png" on model-path /;/c/Toontown-Last-Laff-Workspace-10-21-2022/src/toontown/launcher;/c/Panda3D-1.11.0-x64/etc/..;/c/Panda3D-1.11.0-x64/etc/../models
:10-25-2022 11:42:57 :gobj(error): Texture::read() - couldn't read: phase_3/maps/hands/ms.png
:10-25-2022 11:42:57 :gobj(error): Unable to find texture "phase_3/maps/hands/ms.png" on model-path /;/c/Toontown-Last-Laff-Workspace-10-21-2022/src/toontown/launcher;/c/Panda3D-1.11.0-x64/etc/..;/c/Panda3D-1.11.0-x64/etc/../models
:10-25-2022 11:42:57 ClassicFSM(warning): [DistributedSuit]: no transition exists from Walk to FromCogHQ
:10-25-2022 11:42:58 :gobj(error): Texture::read() - couldn't read: phase_3/maps/hands/tf.png
:10-25-2022 11:42:58 :gobj(error): Unable to find texture "phase_3/maps/hands/tf.png" on model-path /;/c/Toontown-Last-Laff-Workspace-10-21-2022/src/toontown/launcher;/c/Panda3D-1.11.0-x64/etc/..;/c/Panda3D-1.11.0-x64/etc/../models
:10-25-2022 11:43:03 :gobj(error): Texture::read() - couldn't read: phase_3/maps/hands/tf.png
:10-25-2022 11:43:03 :gobj(error): Unable to find texture "phase_3/maps/hands/tf.png" on model-path /;/c/Toontown-Last-Laff-Workspace-10-21-2022/src/toontown/launcher;/c/Panda3D-1.11.0-x64/etc/..;/c/Panda3D-1.11.0-x64/etc/../models
:10-25-2022 11:43:04 ClassicFSM(warning): [DistributedSuit]: no transition exists from Walk to FromCogHQ
:10-25-2022 11:43:40 :gobj(error): Texture::read() - couldn't read: phase_3/maps/hands/tf.png
:10-25-2022 11:43:40 :gobj(error): Unable to find texture "phase_3/maps/hands/tf.png" on model-path /;/c/Toontown-Last-Laff-Workspace-10-21-2022/src/toontown/launcher;/c/Panda3D-1.11.0-x64/etc/..;/c/Panda3D-1.11.0-x64/etc/../models
:10-25-2022 11:43:41 ClassicFSM(warning): [DistributedSuit]: no transition exists from Walk to FromCogHQ
frame rate: 124.6 fps|0.003d|7 avs||307|307||0x0000|0x0000|717.9MB|699.3MB|16302.1MB|633|nt.2.6.2|3.601,3.601|4,8 cpus|OpenGL
:10-25-2022 11:43:54 :gobj(error): Texture::read() - couldn't read: phase_3/maps/hands/nd.png
:10-25-2022 11:43:54 :gobj(error): Unable to find texture "phase_3/maps/hands/nd.png" on model-path /;/c/Toontown-Last-Laff-Workspace-10-21-2022/src/toontown/launcher;/c/Panda3D-1.11.0-x64/etc/..;/c/Panda3D-1.11.0-x64/etc/../models
:10-25-2022 11:43:57 :gobj(error): Texture::read() - couldn't read: phase_3/maps/hands/ms.png
:10-25-2022 11:43:57 :gobj(error): Unable to find texture "phase_3/maps/hands/ms.png" on model-path /;/c/Toontown-Last-Laff-Workspace-10-21-2022/src/toontown/launcher;/c/Panda3D-1.11.0-x64/etc/..;/c/Panda3D-1.11.0-x64/etc/../models
:10-25-2022 11:43:58 ClassicFSM(warning): [DistributedSuit]: no transition exists from Walk to FromCogHQ
:10-25-2022 11:44:05 :gobj(error): Texture::read() - couldn't read: phase_3/maps/hands/tf.png
:10-25-2022 11:44:05 :gobj(error): Unable to find texture "phase_3/maps/hands/tf.png" on model-path /;/c/Toontown-Last-Laff-Workspace-10-21-2022/src/toontown/launcher;/c/Panda3D-1.11.0-x64/etc/..;/c/Panda3D-1.11.0-x64/etc/../models
:10-25-2022 11:44:16 :gobj(error): Texture::read() - couldn't read: phase_3/maps/hands/gh.png
:10-25-2022 11:44:16 :gobj(error): Unable to find texture "phase_3/maps/hands/gh.png" on model-path /;/c/Toontown-Last-Laff-Workspace-10-21-2022/src/toontown/launcher;/c/Panda3D-1.11.0-x64/etc/..;/c/Panda3D-1.11.0-x64/etc/../models
:10-25-2022 11:44:24 :gobj(error): Texture::read() - couldn't read: phase_3/maps/hands/ms.png
:10-25-2022 11:44:24 :gobj(error): Unable to find texture "phase_3/maps/hands/ms.png" on model-path /;/c/Toontown-Last-Laff-Workspace-10-21-2022/src/toontown/launcher;/c/Panda3D-1.11.0-x64/etc/..;/c/Panda3D-1.11.0-x64/etc/../models
:10-25-2022 11:44:24 ClassicFSM(warning): [DistributedSuit]: no transition exists from Walk to FromCogHQ
:10-25-2022 11:44:27 :gobj(error): Texture::read() - couldn't read: phase_3/maps/hands/gh.png
:10-25-2022 11:44:27 :gobj(error): Unable to find texture "phase_3/maps/hands/gh.png" on model-path /;/c/Toontown-Last-Laff-Workspace-10-21-2022/src/toontown/launcher;/c/Panda3D-1.11.0-x64/etc/..;/c/Panda3D-1.11.0-x64/etc/../models
:10-25-2022 11:44:27 ClassicFSM(warning): [DistributedSuit]: no transition exists from Walk to FromCogHQ
adding timeout task
adding timeout task
:10-25-2022 11:44:53 :gobj(error): Texture::read() - couldn't read: phase_3/maps/hands/tf.png
:10-25-2022 11:44:53 :gobj(error): Unable to find texture "phase_3/maps/hands/tf.png" on model-path /;/c/Toontown-Last-Laff-Workspace-10-21-2022/src/toontown/launcher;/c/Panda3D-1.11.0-x64/etc/..;/c/Panda3D-1.11.0-x64/etc/../models
:10-25-2022 11:44:53 ClassicFSM(warning): [DistributedSuit]: no transition exists from Walk to FromCogHQ
:10-25-2022 11:44:55 OTPClientRepository: Sending heartbeat mid-frame.
:10-25-2022 11:45:10 :gobj(error): Texture::read() - couldn't read: phase_3/maps/hands/gh.png
:10-25-2022 11:45:10 :gobj(error): Unable to find texture "phase_3/maps/hands/gh.png" on model-path /;/c/Toontown-Last-Laff-Workspace-10-21-2022/src/toontown/launcher;/c/Panda3D-1.11.0-x64/etc/..;/c/Panda3D-1.11.0-x64/etc/../models
:10-25-2022 11:45:32 :gobj(error): Texture::read() - couldn't read: phase_3/maps/hands/gh.png
:10-25-2022 11:45:32 :gobj(error): Unable to find texture "phase_3/maps/hands/gh.png" on model-path /;/c/Toontown-Last-Laff-Workspace-10-21-2022/src/toontown/launcher;/c/Panda3D-1.11.0-x64/etc/..;/c/Panda3D-1.11.0-x64/etc/../models
:10-25-2022 11:45:37 :gobj(error): Texture::read() - couldn't read: phase_3/maps/hands/gh.png
:10-25-2022 11:45:37 :gobj(error): Unable to find texture "phase_3/maps/hands/gh.png" on model-path /;/c/Toontown-Last-Laff-Workspace-10-21-2022/src/toontown/launcher;/c/Panda3D-1.11.0-x64/etc/..;/c/Panda3D-1.11.0-x64/etc/../models
:10-25-2022 11:45:37 ClassicFSM(warning): [DistributedSuit]: no transition exists from Walk to FromCogHQ
:10-25-2022 11:45:43 :gobj(error): Texture::read() - couldn't read: phase_3/maps/hands/gh.png
:10-25-2022 11:45:43 :gobj(error): Unable to find texture "phase_3/maps/hands/gh.png" on model-path /;/c/Toontown-Last-Laff-Workspace-10-21-2022/src/toontown/launcher;/c/Panda3D-1.11.0-x64/etc/..;/c/Panda3D-1.11.0-x64/etc/../models
:10-25-2022 11:45:44 ClassicFSM(warning): [DistributedSuit]: no transition exists from Walk to FromCogHQ
:10-25-2022 11:45:44 :gobj(error): Texture::read() - couldn't read: phase_3/maps/hands/gh.png
:10-25-2022 11:45:44 :gobj(error): Unable to find texture "phase_3/maps/hands/gh.png" on model-path /;/c/Toontown-Last-Laff-Workspace-10-21-2022/src/toontown/launcher;/c/Panda3D-1.11.0-x64/etc/..;/c/Panda3D-1.11.0-x64/etc/../models
:10-25-2022 11:45:54 :gobj(error): Texture::read() - couldn't read: phase_3/maps/hands/tf.png
:10-25-2022 11:45:54 :gobj(error): Unable to find texture "phase_3/maps/hands/tf.png" on model-path /;/c/Toontown-Last-Laff-Workspace-10-21-2022/src/toontown/launcher;/c/Panda3D-1.11.0-x64/etc/..;/c/Panda3D-1.11.0-x64/etc/../models
:10-25-2022 11:46:02 :gobj(error): Texture::read() - couldn't read: phase_3/maps/hands/gh.png
:10-25-2022 11:46:02 :gobj(error): Unable to find texture "phase_3/maps/hands/gh.png" on model-path /;/c/Toontown-Last-Laff-Workspace-10-21-2022/src/toontown/launcher;/c/Panda3D-1.11.0-x64/etc/..;/c/Panda3D-1.11.0-x64/etc/../models
:10-25-2022 11:46:02 ClassicFSM(warning): [DistributedSuit]: no transition exists from Walk to FromCogHQ
:10-25-2022 11:46:16 :gobj(error): Texture::read() - couldn't read: phase_3/maps/hands/tm.png
:10-25-2022 11:46:16 :gobj(error): Unable to find texture "phase_3/maps/hands/tm.png" on model-path /;/c/Toontown-Last-Laff-Workspace-10-21-2022/src/toontown/launcher;/c/Panda3D-1.11.0-x64/etc/..;/c/Panda3D-1.11.0-x64/etc/../models
:10-25-2022 11:46:21 :gobj(error): Texture::read() - couldn't read: phase_3/maps/hands/gh.png
:10-25-2022 11:46:21 :gobj(error): Unable to find texture "phase_3/maps/hands/gh.png" on model-path /;/c/Toontown-Last-Laff-Workspace-10-21-2022/src/toontown/launcher;/c/Panda3D-1.11.0-x64/etc/..;/c/Panda3D-1.11.0-x64/etc/../models
:10-25-2022 11:46:22 ClassicFSM(warning): [DistributedSuit]: no transition exists from Walk to FromCogHQ
:10-25-2022 11:46:27 :gobj(error): Texture::read() - couldn't read: phase_3/maps/hands/nd.png
:10-25-2022 11:46:27 :gobj(error): Unable to find texture "phase_3/maps/hands/nd.png" on model-path /;/c/Toontown-Last-Laff-Workspace-10-21-2022/src/toontown/launcher;/c/Panda3D-1.11.0-x64/etc/..;/c/Panda3D-1.11.0-x64/etc/../models
:10-25-2022 11:46:39 :gobj(error): Texture::read() - couldn't read: phase_3/maps/hands/ms.png
:10-25-2022 11:46:39 :gobj(error): Unable to find texture "phase_3/maps/hands/ms.png" on model-path /;/c/Toontown-Last-Laff-Workspace-10-21-2022/src/toontown/launcher;/c/Panda3D-1.11.0-x64/etc/..;/c/Panda3D-1.11.0-x64/etc/../models
:10-25-2022 11:46:46 :gobj(error): Texture::read() - couldn't read: phase_3/maps/hands/tm.png
:10-25-2022 11:46:46 :gobj(error): Unable to find texture "phase_3/maps/hands/tm.png" on model-path /;/c/Toontown-Last-Laff-Workspace-10-21-2022/src/toontown/launcher;/c/Panda3D-1.11.0-x64/etc/..;/c/Panda3D-1.11.0-x64/etc/../models
:10-25-2022 11:46:46 ClassicFSM(warning): [DistributedSuit]: no transition exists from Walk to FromCogHQ
:10-25-2022 11:47:00 :gobj(error): Texture::read() - couldn't read: phase_3/maps/hands/nd.png
:10-25-2022 11:47:00 :gobj(error): Unable to find texture "phase_3/maps/hands/nd.png" on model-path /;/c/Toontown-Last-Laff-Workspace-10-21-2022/src/toontown/launcher;/c/Panda3D-1.11.0-x64/etc/..;/c/Panda3D-1.11.0-x64/etc/../models
:10-25-2022 11:47:02 :gobj(error): Texture::read() - couldn't read: phase_3/maps/hands/gh.png
:10-25-2022 11:47:02 :gobj(error): Unable to find texture "phase_3/maps/hands/gh.png" on model-path /;/c/Toontown-Last-Laff-Workspace-10-21-2022/src/toontown/launcher;/c/Panda3D-1.11.0-x64/etc/..;/c/Panda3D-1.11.0-x64/etc/../models
:10-25-2022 11:47:02 ClassicFSM(warning): [DistributedSuit]: no transition exists from Walk to FromCogHQ
:10-25-2022 11:47:10 :gobj(error): Texture::read() - couldn't read: phase_3/maps/hands/gh.png
:10-25-2022 11:47:10 :gobj(error): Unable to find texture "phase_3/maps/hands/gh.png" on model-path /;/c/Toontown-Last-Laff-Workspace-10-21-2022/src/toontown/launcher;/c/Panda3D-1.11.0-x64/etc/..;/c/Panda3D-1.11.0-x64/etc/../models
:10-25-2022 11:47:10 ClassicFSM(warning): [DistributedSuit]: no transition exists from Walk to FromCogHQ
:10-25-2022 11:47:12 :gobj(error): Texture::read() - couldn't read: phase_3/maps/hands/nd.png
:10-25-2022 11:47:12 :gobj(error): Unable to find texture "phase_3/maps/hands/nd.png" on model-path /;/c/Toontown-Last-Laff-Workspace-10-21-2022/src/toontown/launcher;/c/Panda3D-1.11.0-x64/etc/..;/c/Panda3D-1.11.0-x64/etc/../models
:10-25-2022 11:47:17 :gobj(error): Texture::read() - couldn't read: phase_3/maps/hands/ms.png
:10-25-2022 11:47:17 :gobj(error): Unable to find texture "phase_3/maps/hands/ms.png" on model-path /;/c/Toontown-Last-Laff-Workspace-10-21-2022/src/toontown/launcher;/c/Panda3D-1.11.0-x64/etc/..;/c/Panda3D-1.11.0-x64/etc/../models
:10-25-2022 11:47:17 ClassicFSM(warning): [DistributedSuit]: no transition exists from Walk to FromCogHQ
:10-25-2022 11:47:23 :gobj(error): Texture::read() - couldn't read: phase_3/maps/hands/ms.png
:10-25-2022 11:47:23 :gobj(error): Unable to find texture "phase_3/maps/hands/ms.png" on model-path /;/c/Toontown-Last-Laff-Workspace-10-21-2022/src/toontown/launcher;/c/Panda3D-1.11.0-x64/etc/..;/c/Panda3D-1.11.0-x64/etc/../models
:10-25-2022 11:47:32 :gobj(error): Texture::read() - couldn't read: phase_3/maps/hands/nd.png
:10-25-2022 11:47:32 :gobj(error): Unable to find texture "phase_3/maps/hands/nd.png" on model-path /;/c/Toontown-Last-Laff-Workspace-10-21-2022/src/toontown/launcher;/c/Panda3D-1.11.0-x64/etc/..;/c/Panda3D-1.11.0-x64/etc/../models
:10-25-2022 11:47:33 ClassicFSM(warning): [DistributedSuit]: no transition exists from Walk to FromCogHQ
:10-25-2022 11:47:34 :gobj(error): Texture::read() - couldn't read: phase_3/maps/hands/gh.png
:10-25-2022 11:47:34 :gobj(error): Unable to find texture "phase_3/maps/hands/gh.png" on model-path /;/c/Toontown-Last-Laff-Workspace-10-21-2022/src/toontown/launcher;/c/Panda3D-1.11.0-x64/etc/..;/c/Panda3D-1.11.0-x64/etc/../models
:10-25-2022 11:47:44 :gobj(error): Texture::read() - couldn't read: phase_3/maps/hands/nd.png
:10-25-2022 11:47:44 :gobj(error): Unable to find texture "phase_3/maps/hands/nd.png" on model-path /;/c/Toontown-Last-Laff-Workspace-10-21-2022/src/toontown/launcher;/c/Panda3D-1.11.0-x64/etc/..;/c/Panda3D-1.11.0-x64/etc/../models
:10-25-2022 11:47:44 ClassicFSM(warning): [DistributedSuit]: no transition exists from Walk to FromCogHQ
:10-25-2022 11:47:45 :gobj(error): Texture::read() - couldn't read: phase_3/maps/hands/tm.png
:10-25-2022 11:47:45 :gobj(error): Unable to find texture "phase_3/maps/hands/tm.png" on model-path /;/c/Toontown-Last-Laff-Workspace-10-21-2022/src/toontown/launcher;/c/Panda3D-1.11.0-x64/etc/..;/c/Panda3D-1.11.0-x64/etc/../models
:10-25-2022 11:47:55 :gobj(error): Texture::read() - couldn't read: phase_3/maps/hands/ms.png
:10-25-2022 11:47:55 :gobj(error): Unable to find texture "phase_3/maps/hands/ms.png" on model-path /;/c/Toontown-Last-Laff-Workspace-10-21-2022/src/toontown/launcher;/c/Panda3D-1.11.0-x64/etc/..;/c/Panda3D-1.11.0-x64/etc/../models
:10-25-2022 11:47:57 :gobj(error): Texture::read() - couldn't read: phase_3/maps/hands/ms.png
:10-25-2022 11:47:57 :gobj(error): Unable to find texture "phase_3/maps/hands/ms.png" on model-path /;/c/Toontown-Last-Laff-Workspace-10-21-2022/src/toontown/launcher;/c/Panda3D-1.11.0-x64/etc/..;/c/Panda3D-1.11.0-x64/etc/../models
:10-25-2022 11:47:58 ClassicFSM(warning): [DistributedSuit]: no transition exists from Walk to FromCogHQ
:10-25-2022 11:48:08 :gobj(error): Texture::read() - couldn't read: phase_3/maps/hands/gh.png
:10-25-2022 11:48:08 :gobj(error): Unable to find texture "phase_3/maps/hands/gh.png" on model-path /;/c/Toontown-Last-Laff-Workspace-10-21-2022/src/toontown/launcher;/c/Panda3D-1.11.0-x64/etc/..;/c/Panda3D-1.11.0-x64/etc/../models
:10-25-2022 11:48:09 ClassicFSM(warning): [DistributedSuit]: no transition exists from Walk to FromCogHQ
:10-25-2022 11:48:18 :gobj(error): Texture::read() - couldn't read: phase_3/maps/hands/tm.png
:10-25-2022 11:48:18 :gobj(error): Unable to find texture "phase_3/maps/hands/tm.png" on model-path /;/c/Toontown-Last-Laff-Workspace-10-21-2022/src/toontown/launcher;/c/Panda3D-1.11.0-x64/etc/..;/c/Panda3D-1.11.0-x64/etc/../models
:10-25-2022 11:48:38 :gobj(error): Texture::read() - couldn't read: phase_3/maps/hands/ms.png
:10-25-2022 11:48:38 :gobj(error): Unable to find texture "phase_3/maps/hands/ms.png" on model-path /;/c/Toontown-Last-Laff-Workspace-10-21-2022/src/toontown/launcher;/c/Panda3D-1.11.0-x64/etc/..;/c/Panda3D-1.11.0-x64/etc/../models
:10-25-2022 11:48:39 ClassicFSM(warning): [DistributedSuit]: no transition exists from Walk to FromCogHQ
:10-25-2022 11:48:43 :gobj(error): Texture::read() - couldn't read: phase_3/maps/hands/ms.png
:10-25-2022 11:48:43 :gobj(error): Unable to find texture "phase_3/maps/hands/ms.png" on model-path /;/c/Toontown-Last-Laff-Workspace-10-21-2022/src/toontown/launcher;/c/Panda3D-1.11.0-x64/etc/..;/c/Panda3D-1.11.0-x64/etc/../models
:10-25-2022 11:48:44 ClassicFSM(warning): [DistributedSuit]: no transition exists from Walk to FromCogHQ
:10-25-2022 11:48:50 :gobj(error): Texture::read() - couldn't read: phase_3/maps/hands/ms.png
:10-25-2022 11:48:50 :gobj(error): Unable to find texture "phase_3/maps/hands/ms.png" on model-path /;/c/Toontown-Last-Laff-Workspace-10-21-2022/src/toontown/launcher;/c/Panda3D-1.11.0-x64/etc/..;/c/Panda3D-1.11.0-x64/etc/../models
frame rate: 125.0 fps|0.001d|9 avs||607|607||0x0000|0x0000|776.1MB|752.4MB|16302.1MB|649|nt.2.6.2|3.601,3.601|4,8 cpus|OpenGL
:10-25-2022 11:49:06 :gobj(error): Texture::read() - couldn't read: phase_3/maps/hands/tm.png
:10-25-2022 11:49:06 :gobj(error): Unable to find texture "phase_3/maps/hands/tm.png" on model-path /;/c/Toontown-Last-Laff-Workspace-10-21-2022/src/toontown/launcher;/c/Panda3D-1.11.0-x64/etc/..;/c/Panda3D-1.11.0-x64/etc/../models
:10-25-2022 11:49:07 ClassicFSM(warning): [DistributedSuit]: no transition exists from Walk to FromCogHQ
:10-25-2022 11:49:11 :gobj(error): Texture::read() - couldn't read: phase_3/maps/hands/ms.png
:10-25-2022 11:49:11 :gobj(error): Unable to find texture "phase_3/maps/hands/ms.png" on model-path /;/c/Toontown-Last-Laff-Workspace-10-21-2022/src/toontown/launcher;/c/Panda3D-1.11.0-x64/etc/..;/c/Panda3D-1.11.0-x64/etc/../models
:10-25-2022 11:49:19 :gobj(error): Texture::read() - couldn't read: phase_3/maps/hands/ms.png
:10-25-2022 11:49:19 :gobj(error): Unable to find texture "phase_3/maps/hands/ms.png" on model-path /;/c/Toontown-Last-Laff-Workspace-10-21-2022/src/toontown/launcher;/c/Panda3D-1.11.0-x64/etc/..;/c/Panda3D-1.11.0-x64/etc/../models
:10-25-2022 11:49:20 ClassicFSM(warning): [DistributedSuit]: no transition exists from Walk to FromCogHQ
:10-25-2022 11:49:29 :gobj(error): Texture::read() - couldn't read: phase_3/maps/hands/tm.png
:10-25-2022 11:49:29 :gobj(error): Unable to find texture "phase_3/maps/hands/tm.png" on model-path /;/c/Toontown-Last-Laff-Workspace-10-21-2022/src/toontown/launcher;/c/Panda3D-1.11.0-x64/etc/..;/c/Panda3D-1.11.0-x64/etc/../models
:10-25-2022 11:49:30 ClassicFSM(warning): [DistributedSuit]: no transition exists from Walk to FromCogHQ
:10-25-2022 11:49:45 :gobj(error): Texture::read() - couldn't read: phase_3/maps/hands/ms.png
:10-25-2022 11:49:45 :gobj(error): Unable to find texture "phase_3/maps/hands/ms.png" on model-path /;/c/Toontown-Last-Laff-Workspace-10-21-2022/src/toontown/launcher;/c/Panda3D-1.11.0-x64/etc/..;/c/Panda3D-1.11.0-x64/etc/../models
:10-25-2022 11:49:46 ClassicFSM(warning): [DistributedSuit]: no transition exists from Walk to FromCogHQ
:10-25-2022 11:50:01 :gobj(error): Texture::read() - couldn't read: phase_3/maps/hands/gh.png
:10-25-2022 11:50:01 :gobj(error): Unable to find texture "phase_3/maps/hands/gh.png" on model-path /;/c/Toontown-Last-Laff-Workspace-10-21-2022/src/toontown/launcher;/c/Panda3D-1.11.0-x64/etc/..;/c/Panda3D-1.11.0-x64/etc/../models
:10-25-2022 11:50:02 ClassicFSM(warning): [DistributedSuit]: no transition exists from Walk to FromCogHQ
:10-25-2022 11:50:05 :gobj(error): Texture::read() - couldn't read: phase_3/maps/hands/ms.png
:10-25-2022 11:50:05 :gobj(error): Unable to find texture "phase_3/maps/hands/ms.png" on model-path /;/c/Toontown-Last-Laff-Workspace-10-21-2022/src/toontown/launcher;/c/Panda3D-1.11.0-x64/etc/..;/c/Panda3D-1.11.0-x64/etc/../models
:10-25-2022 11:50:05 ClassicFSM(warning): [DistributedSuit]: no transition exists from Walk to FromCogHQ
:10-25-2022 11:50:27 :gobj(error): Texture::read() - couldn't read: phase_3/maps/hands/tf.png
:10-25-2022 11:50:27 :gobj(error): Unable to find texture "phase_3/maps/hands/tf.png" on model-path /;/c/Toontown-Last-Laff-Workspace-10-21-2022/src/toontown/launcher;/c/Panda3D-1.11.0-x64/etc/..;/c/Panda3D-1.11.0-x64/etc/../models
:10-25-2022 11:50:37 :gobj(error): Texture::read() - couldn't read: phase_3/maps/hands/gh.png
:10-25-2022 11:50:37 :gobj(error): Unable to find texture "phase_3/maps/hands/gh.png" on model-path /;/c/Toontown-Last-Laff-Workspace-10-21-2022/src/toontown/launcher;/c/Panda3D-1.11.0-x64/etc/..;/c/Panda3D-1.11.0-x64/etc/../models
:10-25-2022 11:50:58 :gobj(error): Texture::read() - couldn't read: phase_3/maps/hands/tm.png
:10-25-2022 11:50:58 :gobj(error): Unable to find texture "phase_3/maps/hands/tm.png" on model-path /;/c/Toontown-Last-Laff-Workspace-10-21-2022/src/toontown/launcher;/c/Panda3D-1.11.0-x64/etc/..;/c/Panda3D-1.11.0-x64/etc/../models
:10-25-2022 11:51:08 :gobj(error): Texture::read() - couldn't read: phase_3/maps/hands/tf.png
:10-25-2022 11:51:08 :gobj(error): Unable to find texture "phase_3/maps/hands/tf.png" on model-path /;/c/Toontown-Last-Laff-Workspace-10-21-2022/src/toontown/launcher;/c/Panda3D-1.11.0-x64/etc/..;/c/Panda3D-1.11.0-x64/etc/../models
:10-25-2022 11:51:08 ClassicFSM(warning): [DistributedSuit]: no transition exists from Walk to FromCogHQ
:10-25-2022 11:51:10 :gobj(error): Texture::read() - couldn't read: phase_3/maps/hands/gh.png
:10-25-2022 11:51:10 :gobj(error): Unable to find texture "phase_3/maps/hands/gh.png" on model-path /;/c/Toontown-Last-Laff-Workspace-10-21-2022/src/toontown/launcher;/c/Panda3D-1.11.0-x64/etc/..;/c/Panda3D-1.11.0-x64/etc/../models
:10-25-2022 11:51:21 :gobj(error): Texture::read() - couldn't read: phase_3/maps/hands/gh.png
:10-25-2022 11:51:21 :gobj(error): Unable to find texture "phase_3/maps/hands/gh.png" on model-path /;/c/Toontown-Last-Laff-Workspace-10-21-2022/src/toontown/launcher;/c/Panda3D-1.11.0-x64/etc/..;/c/Panda3D-1.11.0-x64/etc/../models
:10-25-2022 11:51:32 :gobj(error): Texture::read() - couldn't read: phase_3/maps/hands/nd.png
:10-25-2022 11:51:32 :gobj(error): Unable to find texture "phase_3/maps/hands/nd.png" on model-path /;/c/Toontown-Last-Laff-Workspace-10-21-2022/src/toontown/launcher;/c/Panda3D-1.11.0-x64/etc/..;/c/Panda3D-1.11.0-x64/etc/../models
:10-25-2022 11:51:32 :gobj(error): Texture::read() - couldn't read: phase_3/maps/hands/tm.png
:10-25-2022 11:51:32 :gobj(error): Unable to find texture "phase_3/maps/hands/tm.png" on model-path /;/c/Toontown-Last-Laff-Workspace-10-21-2022/src/toontown/launcher;/c/Panda3D-1.11.0-x64/etc/..;/c/Panda3D-1.11.0-x64/etc/../models
:10-25-2022 11:51:32 ClassicFSM(warning): [DistributedSuit]: no transition exists from Walk to FromCogHQ
:10-25-2022 11:51:43 :gobj(error): Texture::read() - couldn't read: phase_3/maps/hands/tf.png
:10-25-2022 11:51:43 :gobj(error): Unable to find texture "phase_3/maps/hands/tf.png" on model-path /;/c/Toontown-Last-Laff-Workspace-10-21-2022/src/toontown/launcher;/c/Panda3D-1.11.0-x64/etc/..;/c/Panda3D-1.11.0-x64/etc/../models
:10-25-2022 11:51:53 :gobj(error): Texture::read() - couldn't read: phase_3/maps/hands/cc.png
:10-25-2022 11:51:53 :gobj(error): Unable to find texture "phase_3/maps/hands/cc.png" on model-path /;/c/Toontown-Last-Laff-Workspace-10-21-2022/src/toontown/launcher;/c/Panda3D-1.11.0-x64/etc/..;/c/Panda3D-1.11.0-x64/etc/../models
:10-25-2022 11:51:55 :gobj(error): Texture::read() - couldn't read: phase_3/maps/hands/gh.png
:10-25-2022 11:51:55 :gobj(error): Unable to find texture "phase_3/maps/hands/gh.png" on model-path /;/c/Toontown-Last-Laff-Workspace-10-21-2022/src/toontown/launcher;/c/Panda3D-1.11.0-x64/etc/..;/c/Panda3D-1.11.0-x64/etc/../models
:10-25-2022 11:51:55 ClassicFSM(warning): [DistributedSuit]: no transition exists from Walk to FromCogHQ
:10-25-2022 11:51:59 :gobj(error): Texture::read() - couldn't read: phase_3/maps/hands/gh.png
:10-25-2022 11:51:59 :gobj(error): Unable to find texture "phase_3/maps/hands/gh.png" on model-path /;/c/Toontown-Last-Laff-Workspace-10-21-2022/src/toontown/launcher;/c/Panda3D-1.11.0-x64/etc/..;/c/Panda3D-1.11.0-x64/etc/../models
:10-25-2022 11:52:00 ClassicFSM(warning): [DistributedSuit]: no transition exists from Walk to FromCogHQ
:10-25-2022 11:52:04 :gobj(error): Texture::read() - couldn't read: phase_3/maps/hands/ms.png
:10-25-2022 11:52:04 :gobj(error): Unable to find texture "phase_3/maps/hands/ms.png" on model-path /;/c/Toontown-Last-Laff-Workspace-10-21-2022/src/toontown/launcher;/c/Panda3D-1.11.0-x64/etc/..;/c/Panda3D-1.11.0-x64/etc/../models
:10-25-2022 11:52:16 :gobj(error): Texture::read() - couldn't read: phase_3/maps/hands/gh.png
:10-25-2022 11:52:16 :gobj(error): Unable to find texture "phase_3/maps/hands/gh.png" on model-path /;/c/Toontown-Last-Laff-Workspace-10-21-2022/src/toontown/launcher;/c/Panda3D-1.11.0-x64/etc/..;/c/Panda3D-1.11.0-x64/etc/../models
:10-25-2022 11:52:16 OTPClientRepository: Sending heartbeat mid-frame.
:10-25-2022 11:52:27 :gobj(error): Texture::read() - couldn't read: phase_3/maps/hands/tm.png
:10-25-2022 11:52:27 :gobj(error): Unable to find texture "phase_3/maps/hands/tm.png" on model-path /;/c/Toontown-Last-Laff-Workspace-10-21-2022/src/toontown/launcher;/c/Panda3D-1.11.0-x64/etc/..;/c/Panda3D-1.11.0-x64/etc/../models
:10-25-2022 11:52:31 :gobj(error): Texture::read() - couldn't read: phase_3/maps/hands/gh.png
:10-25-2022 11:52:31 :gobj(error): Unable to find texture "phase_3/maps/hands/gh.png" on model-path /;/c/Toontown-Last-Laff-Workspace-10-21-2022/src/toontown/launcher;/c/Panda3D-1.11.0-x64/etc/..;/c/Panda3D-1.11.0-x64/etc/../models
:10-25-2022 11:52:31 ClassicFSM(warning): [DistributedSuit]: no transition exists from Walk to FromCogHQ
:10-25-2022 11:52:37 :gobj(error): Texture::read() - couldn't read: phase_3/maps/hands/gh.png
:10-25-2022 11:52:37 :gobj(error): Unable to find texture "phase_3/maps/hands/gh.png" on model-path /;/c/Toontown-Last-Laff-Workspace-10-21-2022/src/toontown/launcher;/c/Panda3D-1.11.0-x64/etc/..;/c/Panda3D-1.11.0-x64/etc/../models
:10-25-2022 11:52:48 :gobj(error): Texture::read() - couldn't read: phase_3/maps/hands/nd.png
:10-25-2022 11:52:48 :gobj(error): Unable to find texture "phase_3/maps/hands/nd.png" on model-path /;/c/Toontown-Last-Laff-Workspace-10-21-2022/src/toontown/launcher;/c/Panda3D-1.11.0-x64/etc/..;/c/Panda3D-1.11.0-x64/etc/../models
:10-25-2022 11:52:55 :gobj(error): Texture::read() - couldn't read: phase_3/maps/hands/cc.png
:10-25-2022 11:52:55 :gobj(error): Unable to find texture "phase_3/maps/hands/cc.png" on model-path /;/c/Toontown-Last-Laff-Workspace-10-21-2022/src/toontown/launcher;/c/Panda3D-1.11.0-x64/etc/..;/c/Panda3D-1.11.0-x64/etc/../models
:10-25-2022 11:52:55 ClassicFSM(warning): [DistributedSuit]: no transition exists from Walk to FromCogHQ
:10-25-2022 11:53:07 :gobj(error): Texture::read() - couldn't read: phase_3/maps/hands/gh.png
:10-25-2022 11:53:07 :gobj(error): Unable to find texture "phase_3/maps/hands/gh.png" on model-path /;/c/Toontown-Last-Laff-Workspace-10-21-2022/src/toontown/launcher;/c/Panda3D-1.11.0-x64/etc/..;/c/Panda3D-1.11.0-x64/etc/../models
:10-25-2022 11:53:07 ClassicFSM(warning): [DistributedSuit]: no transition exists from Walk to FromCogHQ
:10-25-2022 11:53:11 :gobj(error): Texture::read() - couldn't read: phase_3/maps/hands/gh.png
:10-25-2022 11:53:11 :gobj(error): Unable to find texture "phase_3/maps/hands/gh.png" on model-path /;/c/Toontown-Last-Laff-Workspace-10-21-2022/src/toontown/launcher;/c/Panda3D-1.11.0-x64/etc/..;/c/Panda3D-1.11.0-x64/etc/../models
:10-25-2022 11:53:22 :gobj(error): Texture::read() - couldn't read: phase_3/maps/hands/tm.png
:10-25-2022 11:53:22 :gobj(error): Unable to find texture "phase_3/maps/hands/tm.png" on model-path /;/c/Toontown-Last-Laff-Workspace-10-21-2022/src/toontown/launcher;/c/Panda3D-1.11.0-x64/etc/..;/c/Panda3D-1.11.0-x64/etc/../models
:10-25-2022 11:53:26 :gobj(error): Texture::read() - couldn't read: phase_3/maps/hands/gh.png
:10-25-2022 11:53:26 :gobj(error): Unable to find texture "phase_3/maps/hands/gh.png" on model-path /;/c/Toontown-Last-Laff-Workspace-10-21-2022/src/toontown/launcher;/c/Panda3D-1.11.0-x64/etc/..;/c/Panda3D-1.11.0-x64/etc/../models
:10-25-2022 11:53:26 ClassicFSM(warning): [DistributedSuit]: no transition exists from Walk to FromCogHQ
:10-25-2022 11:53:33 :gobj(error): Texture::read() - couldn't read: phase_3/maps/hands/tm.png
:10-25-2022 11:53:33 :gobj(error): Unable to find texture "phase_3/maps/hands/tm.png" on model-path /;/c/Toontown-Last-Laff-Workspace-10-21-2022/src/toontown/launcher;/c/Panda3D-1.11.0-x64/etc/..;/c/Panda3D-1.11.0-x64/etc/../models
:10-25-2022 11:53:44 :gobj(error): Texture::read() - couldn't read: phase_3/maps/hands/gh.png
:10-25-2022 11:53:44 :gobj(error): Unable to find texture "phase_3/maps/hands/gh.png" on model-path /;/c/Toontown-Last-Laff-Workspace-10-21-2022/src/toontown/launcher;/c/Panda3D-1.11.0-x64/etc/..;/c/Panda3D-1.11.0-x64/etc/../models
:10-25-2022 11:53:48 :gobj(error): Texture::read() - couldn't read: phase_3/maps/hands/tm.png
:10-25-2022 11:53:48 :gobj(error): Unable to find texture "phase_3/maps/hands/tm.png" on model-path /;/c/Toontown-Last-Laff-Workspace-10-21-2022/src/toontown/launcher;/c/Panda3D-1.11.0-x64/etc/..;/c/Panda3D-1.11.0-x64/etc/../models
:10-25-2022 11:53:48 ClassicFSM(warning): [DistributedSuit]: no transition exists from Walk to FromCogHQ
:10-25-2022 11:53:49 :gobj(error): Texture::read() - couldn't read: phase_3/maps/hands/gh.png
:10-25-2022 11:53:49 :gobj(error): Unable to find texture "phase_3/maps/hands/gh.png" on model-path /;/c/Toontown-Last-Laff-Workspace-10-21-2022/src/toontown/launcher;/c/Panda3D-1.11.0-x64/etc/..;/c/Panda3D-1.11.0-x64/etc/../models
:10-25-2022 11:53:49 ClassicFSM(warning): [DistributedSuit]: no transition exists from Walk to FromCogHQ
frame rate: 144.3 fps|0.002d|9 avs||907|907||0x0000|0x0000|835.3MB|807.4MB|16302.1MB|665|nt.2.6.2|3.601,3.601|4,8 cpus|OpenGL
:10-25-2022 11:53:56 :gobj(error): Texture::read() - couldn't read: phase_3/maps/hands/tm.png
:10-25-2022 11:53:56 :gobj(error): Unable to find texture "phase_3/maps/hands/tm.png" on model-path /;/c/Toontown-Last-Laff-Workspace-10-21-2022/src/toontown/launcher;/c/Panda3D-1.11.0-x64/etc/..;/c/Panda3D-1.11.0-x64/etc/../models
:10-25-2022 11:53:57 ClassicFSM(warning): [DistributedSuit]: no transition exists from Walk to FromCogHQ
:10-25-2022 11:54:07 :gobj(error): Texture::read() - couldn't read: phase_3/maps/hands/tm.png
:10-25-2022 11:54:07 :gobj(error): Unable to find texture "phase_3/maps/hands/tm.png" on model-path /;/c/Toontown-Last-Laff-Workspace-10-21-2022/src/toontown/launcher;/c/Panda3D-1.11.0-x64/etc/..;/c/Panda3D-1.11.0-x64/etc/../models
:10-25-2022 11:54:07 ClassicFSM(warning): [DistributedSuit]: no transition exists from Walk to FromCogHQ
:10-25-2022 11:54:22 :gobj(error): Texture::read() - couldn't read: phase_3/maps/hands/gh.png
:10-25-2022 11:54:22 :gobj(error): Unable to find texture "phase_3/maps/hands/gh.png" on model-path /;/c/Toontown-Last-Laff-Workspace-10-21-2022/src/toontown/launcher;/c/Panda3D-1.11.0-x64/etc/..;/c/Panda3D-1.11.0-x64/etc/../models
:10-25-2022 11:54:23 ClassicFSM(warning): [DistributedSuit]: no transition exists from Walk to FromCogHQ
handling timeout
:10-25-2022 11:54:32 DistributedToon: closing shard...
:10-25-2022 11:54:32 SellbotHQExterior: Unloading Place (11051). Fsm in final
:10-25-2022 11:54:32 OTPClientRepository: Exiting shard
:10-25-2022 11:54:32 DistributedObject: DistributedSuitPlanner 402002950: disabling
ignoring InputState-forward
:10-25-2022 11:54:32 OTPClientRepository: sending clientLogout
Assertion failed: _error_type != ET_not_found at line 592 of panda/src/pgraph/nodePath.cxx
Traceback (most recent call last):
  File "C:\Panda3D-1.11.0-x64\direct\distributed\ConnectionRepository.py", line 609, in readerPollUntilEmpty
    while self.readerPollOnce():
  File "C:\Panda3D-1.11.0-x64\direct\distributed\ConnectionRepository.py", line 616, in readerPollOnce
    self.handleDatagram(self.private__di)
  File "otp\distributed\OTPClientRepository.py", line 1838, in handleDatagram
    self.handler(msgType, di)
  File "toontown\distributed\ToontownClientRepository.py", line 528, in handleCloseShard
    self.handleMessageType(msgType, di)
  File "otp\distributed\OTPClientRepository.py", line 1732, in handleMessageType
    self.gotInterestDoneMessage(di)
  File "otp\distributed\OTPClientRepository.py", line 1759, in gotInterestDoneMessage
    self.handleInterestDoneMessage(di)
  File "C:\Panda3D-1.11.0-x64\direct\distributed\DoInterestManager.py", line 621, in handleInterestDoneMessage
    messenger.send(event)
  File "C:\Panda3D-1.11.0-x64\direct\showbase\Messenger.py", line 333, in send
    self.__dispatch(acceptorDict, event, sentArgs, foundWatch)
  File "C:\Panda3D-1.11.0-x64\direct\showbase\Messenger.py", line 418, in __dispatch
    result = method (*(extraArgs + sentArgs))
  File "C:\Panda3D-1.11.0-x64\direct\showbase\PythonUtil.py", line 124, in _do__call__
    return self._function(*(self._args + args), **_kargs)
  File "toontown\distributed\ToontownClientRepository.py", line 613, in _tcrRemoveShardInterestDone
    callback()
  File "otp\otpbase\PythonUtil.py", line 122, in _do__call__
    return self._function(*(self._args + args), **_kargs)
  File "otp\distributed\OTPClientRepository.py", line 1329, in _removeShardInterestComplete
    self._callRemoveShardInterestCallback(callback, None)
  File "otp\distributed\OTPClientRepository.py", line 1334, in _callRemoveShardInterestCallback
    callback()
  File "otp\otpbase\PythonUtil.py", line 122, in _do__call__
    return self._function(*(self._args + args), **_kargs)
  File "C:\Panda3D-1.11.0-x64\direct\fsm\ClassicFSM.py", line 281, in request
    exitArgList)
  File "C:\Panda3D-1.11.0-x64\direct\fsm\ClassicFSM.py", line 227, in __transition
    self.__exitCurrent(exitArgList)
  File "C:\Panda3D-1.11.0-x64\direct\fsm\ClassicFSM.py", line 185, in __exitCurrent
    self.__currentState.exit(argList)
  File "C:\Panda3D-1.11.0-x64\direct\fsm\State.py", line 213, in exit
    self.__exitFunc(*argList)
  File "toontown\distributed\ToontownClientRepository.py", line 430, in exitPlayingGame
    base.localAvatar.deleteOrDelay()
  File "C:\Panda3D-1.11.0-x64\direct\distributed\DistributedObject.py", line 201, in deleteOrDelay
    self.disableAnnounceAndDelete()
  File "C:\Panda3D-1.11.0-x64\direct\distributed\DistributedObject.py", line 204, in disableAnnounceAndDelete
    self.disableAndAnnounce()
  File "C:\Panda3D-1.11.0-x64\direct\distributed\DistributedObject.py", line 230, in disableAndAnnounce
    self.disable()
  File "toontown\toon\LocalToon.py", line 256, in disable
    self.book.unload()
  File "toontown\shtiker\ShtikerBook.py", line 150, in unload
    page.unload()
  File "toontown\shtiker\SuitPage.py", line 240, in unload
    shadow.removeNode()
AssertionError: _error_type != ET_not_found at line 592 of panda/src/pgraph/nodePath.cxx
:10-25-2022 11:54:33 :task(error): Exception occurred in PythonTask readerPollTask-101462624
:10-25-2022 11:54:33 TTOffLauncher: setting panda error code to 12
:10-25-2022 11:54:33 TTOffLauncher(warning): Handling Python exception.
:10-25-2022 11:54:33 OTPClientRepository: Sent disconnect message to server
:10-25-2022 11:54:33 OTPClientRepository: Closing connection to server.
:10-25-2022 11:54:33 TTOffLauncher: Exception exit.

Traceback (most recent call last):
  File "otp\launcher\LauncherBase.py", line 1081, in mainLoop
    self._runTaskManager()
  File "otp\launcher\LauncherBase.py", line 1052, in _runTaskManager
    taskMgr.run()
  File "C:\Panda3D-1.11.0-x64\direct\task\Task.py", line 528, in run
    self.step()
  File "C:\Panda3D-1.11.0-x64\direct\task\Task.py", line 482, in step
    self.mgr.poll()
  File "C:\Panda3D-1.11.0-x64\direct\distributed\ConnectionRepository.py", line 609, in readerPollUntilEmpty
    while self.readerPollOnce():
  File "C:\Panda3D-1.11.0-x64\direct\distributed\ConnectionRepository.py", line 616, in readerPollOnce
    self.handleDatagram(self.private__di)
  File "otp\distributed\OTPClientRepository.py", line 1838, in handleDatagram
    self.handler(msgType, di)
  File "toontown\distributed\ToontownClientRepository.py", line 528, in handleCloseShard
    self.handleMessageType(msgType, di)
  File "otp\distributed\OTPClientRepository.py", line 1732, in handleMessageType
    self.gotInterestDoneMessage(di)
  File "otp\distributed\OTPClientRepository.py", line 1759, in gotInterestDoneMessage
    self.handleInterestDoneMessage(di)
  File "C:\Panda3D-1.11.0-x64\direct\distributed\DoInterestManager.py", line 621, in handleInterestDoneMessage
    messenger.send(event)
  File "C:\Panda3D-1.11.0-x64\direct\showbase\Messenger.py", line 333, in send
    self.__dispatch(acceptorDict, event, sentArgs, foundWatch)
  File "C:\Panda3D-1.11.0-x64\direct\showbase\Messenger.py", line 418, in __dispatch
    result = method (*(extraArgs + sentArgs))
  File "C:\Panda3D-1.11.0-x64\direct\showbase\PythonUtil.py", line 124, in _do__call__
    return self._function(*(self._args + args), **_kargs)
  File "toontown\distributed\ToontownClientRepository.py", line 613, in _tcrRemoveShardInterestDone
    callback()
  File "otp\otpbase\PythonUtil.py", line 122, in _do__call__
    return self._function(*(self._args + args), **_kargs)
  File "otp\distributed\OTPClientRepository.py", line 1329, in _removeShardInterestComplete
    self._callRemoveShardInterestCallback(callback, None)
  File "otp\distributed\OTPClientRepository.py", line 1334, in _callRemoveShardInterestCallback
    callback()
  File "otp\otpbase\PythonUtil.py", line 122, in _do__call__
    return self._function(*(self._args + args), **_kargs)
  File "C:\Panda3D-1.11.0-x64\direct\fsm\ClassicFSM.py", line 281, in request
    exitArgList)
  File "C:\Panda3D-1.11.0-x64\direct\fsm\ClassicFSM.py", line 227, in __transition
    self.__exitCurrent(exitArgList)
  File "C:\Panda3D-1.11.0-x64\direct\fsm\ClassicFSM.py", line 185, in __exitCurrent
    self.__currentState.exit(argList)
  File "C:\Panda3D-1.11.0-x64\direct\fsm\State.py", line 213, in exit
    self.__exitFunc(*argList)
  File "toontown\distributed\ToontownClientRepository.py", line 430, in exitPlayingGame
    base.localAvatar.deleteOrDelay()
  File "C:\Panda3D-1.11.0-x64\direct\distributed\DistributedObject.py", line 201, in deleteOrDelay
    self.disableAnnounceAndDelete()
  File "C:\Panda3D-1.11.0-x64\direct\distributed\DistributedObject.py", line 204, in disableAnnounceAndDelete
    self.disableAndAnnounce()
  File "C:\Panda3D-1.11.0-x64\direct\distributed\DistributedObject.py", line 230, in disableAndAnnounce
    self.disable()
  File "toontown\toon\LocalToon.py", line 256, in disable
    self.book.unload()
  File "toontown\shtiker\ShtikerBook.py", line 150, in unload
    page.unload()
  File "toontown\shtiker\SuitPage.py", line 240, in unload
    shadow.removeNode()
AssertionError: _error_type != ET_not_found at line 592 of panda/src/pgraph/nodePath.cxx
