

Starting Toontown Online...
Current time: Tue Sep 20 19:56:29 2022 Eastern Standard Time
sys.path =  ['', 'C:\\Toontown-Last-Laff-Workspace\\src\\Panda3D-1.11.0-x64\\python\\python27.zip', 'C:\\Panda3D-1.11.0-x64', 'C:\\Toontown-Last-Laff-Workspace\\src\\Panda3D-1.11.0-x64\\python\\DLLs', 'C:\\Toontown-Last-Laff-Workspace\\src\\Panda3D-1.11.0-x64\\python\\lib', 'C:\\Toontown-Last-Laff-Workspace\\src\\Panda3D-1.11.0-x64\\python\\lib\\plat-win', 'C:\\Toontown-Last-Laff-Workspace\\src\\Panda3D-1.11.0-x64\\python\\lib\\lib-tk', 'C:\\Toontown-Last-Laff-Workspace\\src\\Panda3D-1.11.0-x64\\python', 'C:\\Toontown-Last-Laff-Workspace\\src\\Panda3D-1.11.0-x64', 'C:\\Toontown-Last-Laff-Workspace\\src\\Panda3D-1.11.0-x64\\bin', 'C:\\Toontown-Last-Laff-Workspace\\src\\Panda3D-1.11.0-x64\\python\\lib\\site-packages']
sys.argv =  ['C:\\Toontown-Last-Laff-Workspace\\src\\toontown\\launcher\\TTOffQuickStartLauncher.py']
generating standard configrc
os.environ =  {'TMP': 'C:\\Users\\theph\\AppData\\Local\\Temp', 'COMPUTERNAME': 'DESKTOP-7054VC9', 'USERDOMAIN': 'DESKTOP-7054VC9', 'NEKO_INSTPATH': 'C:\\HaxeToolkit\\neko', 'INTEL_DEV_REDIST': 'C:\\Program Files (x86)\\Common Files\\Intel\\Shared Libraries\\', 'PSMODULEPATH': 'C:\\Program Files\\WindowsPowerShell\\Modules;C:\\WINDOWS\\system32\\WindowsPowerShell\\v1.0\\Modules', 'COMMONPROGRAMFILES': 'C:\\Program Files\\Common Files', 'PROCESSOR_IDENTIFIER': 'Intel64 Family 6 Model 158 Stepping 13, GenuineIntel', 'PROGRAMFILES': 'C:\\Program Files', 'PROCESSOR_REVISION': '9e0d', 'PATH': 'C:\\Panda3D-1.11.0-x64\\panda3d\\..\\bin;C:\\Program Files (x86)\\Common Files\\Intel\\Shared Libraries\\redist\\intel64_win\\compiler;C:\\Program Files (x86)\\NVIDIA Corporation\\PhysX\\Common;C:\\Program Files\\Python38\\Scripts\\;C:\\Program Files\\Python38\\;C:\\WINDOWS\\system32;C:\\WINDOWS;C:\\WINDOWS\\System32\\Wbem;C:\\WINDOWS\\System32\\WindowsPowerShell\\v1.0\\;C:\\WINDOWS\\System32\\OpenSSH\\;C:\\Program Files\\NVIDIA Corporation\\NVIDIA NvDLISR;C:\\Program Files\\dotnet\\;C:\\Users\\theph\\AppData\\Local\\Programs\\Python\\Python39;C:\\Users\\theph\\AppData\\Local\\Programs\\Python\\Python39\\Scripts;C:\\Program Files\\Common Files\\Autodesk Shared\\;C:\\Program Files\\Git\\cmd;C:\\Program Files (x86)\\Windows Live\\Shared;C:\\HaxeToolkit\\haxe;C:\\HaxeToolkit\\neko;C:\\Program Files\\Microsoft SQL Server\\150\\Tools\\Binn\\;C:\\Program Files\\Microsoft SQL Server\\Client SDK\\ODBC\\170\\Tools\\Binn\\;C:\\Users\\theph\\AppData\\Local\\Microsoft\\WindowsApps;C:\\Users\\theph\\.dotnet\\tools;C:\\Program Files\\JetBrains\\PyCharm Community Edition 2020.3.3\\bin;C:\\Users\\theph\\AppData\\Local\\atom\\bin;C:\\Users\\theph\\AppData\\Local\\GitHubDesktop\\bin;C:\\Panda3D-1.9.0-x64\\python;C:\\Panda3D-1.9.0-x64\\python\\Scripts;C:\\Panda3D-1.9.0-x64\\bin;C:\\Panda3D-1.9.0\\python;C:\\Panda3D-1.9.0\\python\\Scripts;C:\\Panda3D-1.9.0\\bin;C:\\Panda3D-1.10.0\\python;C:\\Panda3D-1.10.0\\python\\Scripts;C:\\Panda3D-1.10.0\\bin;C:\\Program Files\\JetBrains\\PyCharm Community Edition 2022.1\\bin;;C:\\Users\\theph\\AppData\\Local\\Programs\\Microsoft VS Code\\bin;C:\\Panda3D-1.11.0\\python;C:\\Panda3D-1.11.0\\python\\Scripts;C:\\Panda3D-1.11.0\\bin;C:\\Users\\theph\\.dotnet\\tools;C:\\Panda3D-1.10.11-x64\\python;C:\\Panda3D-1.10.11-x64\\python\\Scripts;C:\\Panda3D-1.10.11-x64\\bin;C:\\Panda3D-1.11.0-x64\\python;C:\\Panda3D-1.11.0-x64\\python\\Scripts;C:\\Panda3D-1.11.0-x64\\bin;C:\\EventHorizon-battle-ng-teaser\\dependencies\\panda\\python;C:\\EventHorizon-battle-ng-teaser\\dependencies\\panda\\python\\Scripts;C:\\EventHorizon-battle-ng-teaser\\depe', 'SYSTEMROOT': 'C:\\WINDOWS', 'PROGRAMFILES(X86)': 'C:\\Program Files (x86)', 'COMSPEC': 'C:\\WINDOWS\\system32\\cmd.exe', 'DRIVERDATA': 'C:\\Windows\\System32\\Drivers\\DriverData', 'PPYTHON_PATH': '"Panda3D-1.11.0-x64\\python\\ppython.exe"', 'TEMP': 'C:\\Users\\theph\\AppData\\Local\\Temp', 'FPS_BROWSER_APP_PROFILE_STRING': 'Internet Explorer', 'COMMONPROGRAMFILES(X86)': 'C:\\Program Files (x86)\\Common Files', 'PROCESSOR_ARCHITECTURE': 'AMD64', 'ALLUSERSPROFILE': 'C:\\ProgramData', 'LOCALAPPDATA': 'C:\\Users\\theph\\AppData\\Local', 'FPS_BROWSER_USER_PROFILE_STRING': 'Default', 'HOMEPATH': '\\Users\\theph', 'USERDOMAIN_ROAMINGPROFILE': 'DESKTOP-7054VC9', 'PROGRAMW6432': 'C:\\Program Files', 'USERNAME': 'theph', 'LOGONSERVER': '\\\\DESKTOP-7054VC9', 'PROMPT': '$P$G', 'SESSIONNAME': 'Console', 'PROGRAMDATA': 'C:\\ProgramData', 'ONEDRIVE': 'C:\\Users\\theph\\OneDrive', 'ADSK_3DSMAX_X64_2019': 'C:\\Program Files\\Autodesk\\3ds Max 2019\\', 'ZES_ENABLE_SYSMAN': '1', 'HAXEPATH': 'C:\\HaxeToolkit\\haxe', 'PATHEXT': '.COM;.EXE;.BAT;.CMD;.VBS;.VBE;.JS;.JSE;.WSF;.WSH;.MSC;.PY;.PYW', 'TTOFF_LOGIN_TOKEN': 'dev', 'WINDIR': 'C:\\WINDOWS', 'PYCHARM COMMUNITY EDITION': 'C:\\Program Files\\JetBrains\\PyCharm Community Edition 2022.1\\bin;', 'HOMEDRIVE': 'C:', 'SYSTEMDRIVE': 'C:', 'PUBLIC': 'C:\\Users\\Public', 'NUMBER_OF_PROCESSORS': '16', 'APPDATA': 'C:\\Users\\theph\\AppData\\Roaming', 'PROCESSOR_LEVEL': '6', 'COMMONPROGRAMW6432': 'C:\\Program Files\\Common Files', 'OS': 'Windows_NT', 'ADSK_CLM_WPAD_PROXY_CHECK': 'FALSE', 'USERPROFILE': 'C:\\Users\\theph'}
:09-20-2022 19:56:29 TTOffLauncher: isTestServer: 0
:09-20-2022 19:56:29 TTOffLauncher: Game Server 127.0.0.1
:09-20-2022 19:56:29 TTOffLauncher: Starting Toontown Online... 
:09-20-2022 19:56:29 TTOffLauncher: foreground: Launcher now operating in foreground
useTTOffSpecificLogin=True
:09-20-2022 19:56:29 TTOffLauncher: maybeStartGame: starting game
:09-20-2022 19:56:29 TTOffLauncher: Starting Toontown Online...
:09-20-2022 19:56:29 TTOffLauncher: background: Launcher now operating in background
ToontownStart: Polling for game2 to finish...
ToontownStart: Game2 is finished.
ToontownStart: Starting the game.
ToontownStart: setting default font
:09-20-2022 19:56:29 TTOffLauncher: setting panda error code to 7
Known pipe types:
  wglGraphicsPipe
(all display modules loaded.)
:09-20-2022 19:56:29 ToonBase: Default graphics pipe is wglGraphicsPipe (OpenGL).
:09-20-2022 19:56:29 ToonBase: Successfully opened window of type wglGraphicsWindow (OpenGL)
:09-20-2022 19:56:29 ShowBase: __dev__ == False
:09-20-2022 19:56:29 TTOffLauncher: setting panda error code to 11
:09-20-2022 19:56:29 TTOffLauncher: setting panda error code to 0
ToontownStart: Loading default gui sounds
ToontownStart: serverVersion:  tto-dev
:09-20-2022 19:56:29 Loader: starting bulk load of block 'init'
:09-20-2022 19:56:30 :nativenet(error): Buffered_DatagramConnection Constructor rbufsize = 4096000 wbufsize = 4096000 write_flush_point = 1400
:09-20-2022 19:56:30 OTPClientRepository: Using connect method 'http'
:09-20-2022 19:56:30 TTOffLauncher: getRegistry ('DEPLOYMENT', None)
:09-20-2022 19:56:30 TTOffLauncher: checking env
:09-20-2022 19:56:30 TTOffLauncher: getRegistry ('GAME_DEPLOYMENT', None)
:09-20-2022 19:56:30 TTOffLauncher: checking env
:09-20-2022 19:56:30 OTPClientRepository: reg_deployment=
:09-20-2022 19:56:30 OTPClientRepository: required-login auto.
:09-20-2022 19:56:30 OTPClientRepository: loginInterface: LoginTTOffAccount
:09-20-2022 19:56:30 TTOffLauncher: getNeedPwForSecretKey using ttoff-specific-login
:09-20-2022 19:56:31 Loader: At end of block 'init', expected 138, loaded 5, duration=1.0723874
:09-20-2022 19:56:31 OTPClientRepository: Connecting to gameserver directly (no proxy).
:09-20-2022 19:56:31 OTPClientRepository: Connecting to //127.0.0.1:7198 via HTTP interface.
:09-20-2022 19:56:31 TTOffLauncher: Stopping mini task manager.
:09-20-2022 19:56:31 OTPClientRepository: Successfully connected to //127.0.0.1:7198.
:09-20-2022 19:56:31 TTOffLauncher: Setting Disconnect Details normal
{401000001: <toontown.distributed.ToontownDistrict.ToontownDistrict instance at 0x000000001AE25F88>}
:09-20-2022 19:56:32 StateData: AvatarChooser.enter
:09-20-2022 19:56:32 DisplayOptions: settingsFullScreen = False, embedded = False width=800 height=600
:09-20-2022 19:56:32 StateData: calling self.displayOptions.restrictToEmbedded(False)
:09-20-2022 19:56:34 OTPClientRepository: ================
:09-20-2022 19:56:34 OTPClientRepository: Chose avatar id: 100000002
:09-20-2022 19:56:34 OTPClientRepository: Chose avatar name: Prince Bert Whiskerfuddy
:09-20-2022 19:56:34 OTPClientRepository: Chose avatar dna: ('dls', 'ls', 'l', 'm', 20, 0, 20, 20, 1, 0, 1, 0, 1, 14)
:09-20-2022 19:56:34 OTPClientRepository: Chose avatar position: 4
:09-20-2022 19:56:34 OTPClientRepository: isPaid: 1
:09-20-2022 19:56:34 OTPClientRepository: freeTimeLeft: 0
:09-20-2022 19:56:34 OTPClientRepository: allowSecretChat: True
:09-20-2022 19:56:34 OTPClientRepository: ================
:09-20-2022 19:56:34 Loader: starting bulk load of block 'localAvatarPlayGame'
:09-20-2022 19:56:34 ToontownTimeManager(warning): error parsing date string=
local
:09-20-2022 19:56:35 NewsPageButtonManager(warning): Should not get here. NewsPageButtonManager.exitOff
:09-20-2022 19:56:35 :pnmimage:png(warning): iCCP: known incorrect sRGB profile
:09-20-2022 19:56:36 OTPClientRepository: Entering shard 401000001
:09-20-2022 19:56:36 StreetSign: Street sign url is https://ttoffline.com/images/
:09-20-2022 19:56:37 TimeManager: Clock sync: TimeManager.announceGenerate
:09-20-2022 19:56:37 NewsManager: setHolidayId: Starting Holiday 26
:09-20-2022 19:56:37 InGameNewsMgr: latestIssue=2013-08-22 16:49:46.000003-07:00
cpu info: GenuineIntel|Intel(R) Core(TM) i9-9900K CPU @ 3.60GHz|591597|0|3.600,3.600|8,16 cpus
:09-20-2022 19:56:38 OTPClientRepository: No sync from TimeManager.
:09-20-2022 19:56:38 OTPClientRepository: gotTimeSync
:09-20-2022 19:56:38 Loader: At end of block 'localAvatarPlayGame', expected 400, loaded 14, duration=4.2000134
:09-20-2022 19:56:38 TimeManager: Clock sync roundtrip took 1136.510 ms
:09-20-2022 19:56:38 TimeManager: AI time delta is -0:01 from server delta
:09-20-2022 19:56:38 TimeManager: Local clock uncertainty +/- 0.568 s
:09-20-2022 19:56:38 PlayGame: QA-REGRESSION: NEIGHBORHOODS: Visit Donald's Dreamland
:09-20-2022 19:56:38 Loader: starting bulk load of block 'hood'
:09-20-2022 19:56:39 NewsManager: setInvasionStatus: msgType: 3 cogType: b, numRemaining: 1000000, skeleton: 0
:09-20-2022 19:56:39 DistributedObject(warning): no loader.getInteractiveProp self.interactiveProp is None
:09-20-2022 19:56:39 DistributedObject(warning): no loader.getInteractiveProp self.interactiveProp is None
:09-20-2022 19:56:39 DistributedObject(warning): no loader.getInteractiveProp self.interactiveProp is None
:09-20-2022 19:56:40 DistributedToon: calling LocalAvatar.startchat
:09-20-2022 19:56:40 Loader: At end of block 'hood', expected 7, loaded 6, duration=1.3021195
:09-20-2022 19:56:41 Teleport(debug): teleportInDone: walk
:09-20-2022 19:56:42 ShtikerBook: QA-REGRESSION: SHTICKERBOOK: Open
OnscreenText.configure: mayChange == 0
OnscreenText.configure: mayChange == 0
OnscreenText.configure: mayChange == 0
OnscreenText.configure: mayChange == 0
:09-20-2022 19:56:43 ShtikerBook: QA-REGRESSION: SHTICKERBOOK: Browse tabs Map
:09-20-2022 19:56:44 ShtikerBook: QA-REGRESSION: SHTICKERBOOK: Close
:09-20-2022 19:56:51 Teleport(debug): teleportInDone: walk
:09-20-2022 19:56:52 ShtikerBook: QA-REGRESSION: SHTICKERBOOK: Open
OnscreenText.configure: mayChange == 0
OnscreenText.configure: mayChange == 0
OnscreenText.configure: mayChange == 0
OnscreenText.configure: mayChange == 0
:09-20-2022 19:56:53 ShtikerBook: QA-REGRESSION: SHTICKERBOOK: Close
:09-20-2022 19:56:59 Playground: Unloading Place (9000). Fsm in final
:09-20-2022 19:56:59 PlayGame: QA-REGRESSION: NEIGHBORHOODS: Visit Lawbot HQ
:09-20-2022 19:56:59 Loader: starting bulk load of block 'hood'
:09-20-2022 19:56:59 LawbotCogHQLoader: loadPlaceGeom: 13000
:09-20-2022 19:56:59 DistributedObject: DistributedSuitPlanner 401002971: generating
:09-20-2022 19:56:59 DistributedToon: calling LocalAvatar.startchat
:09-20-2022 19:56:59 :loader(error): Couldn't load file phase_4/models/questmap/cog_hq_lawbot_maps.bam: not found on model path (currently: "/;/c/Toontown-Last-Laff-Workspace/src/toontown/launcher;/c/Panda3D-1.11.0-x64/etc/..;/c/Panda3D-1.11.0-x64/etc/../models")
:09-20-2022 19:56:59 Loader: At end of block 'hood', expected 2, loaded 2, duration=0.4862774
:09-20-2022 19:57:01 Teleport(debug): teleportInDone: walk
:09-20-2022 19:57:01 :loader(error): Couldn't load file phase_4/models/questmap/cog_hq_lawbot_maps.bam: not found on model path (currently: "/;/c/Toontown-Last-Laff-Workspace/src/toontown/launcher;/c/Panda3D-1.11.0-x64/etc/..;/c/Panda3D-1.11.0-x64/etc/../models")
:09-20-2022 19:57:17 LawbotCogHQLoader: loadPlaceGeom: 13200
:09-20-2022 19:57:17 LawbotHQExterior: Unloading Place (13000). Fsm in final
:09-20-2022 19:57:17 DistributedObject: DistributedSuitPlanner 401002971: disabling
:09-20-2022 19:57:17 DistributedToon: calling LocalAvatar.startchat
:09-20-2022 19:57:17 :loader(error): Couldn't load file phase_4/models/questmap/cog_hq_lawbot_maps.bam: not found on model path (currently: "/;/c/Toontown-Last-Laff-Workspace/src/toontown/launcher;/c/Panda3D-1.11.0-x64/etc/..;/c/Panda3D-1.11.0-x64/etc/../models")
:09-20-2022 19:57:19 :loader(error): Couldn't load file phase_4/models/questmap/cog_hq_lawbot_maps.bam: not found on model path (currently: "/;/c/Toontown-Last-Laff-Workspace/src/toontown/launcher;/c/Panda3D-1.11.0-x64/etc/..;/c/Panda3D-1.11.0-x64/etc/../models")
:09-20-2022 19:57:51 LawbotCogHQLoader: loadPlaceGeom: 61000
:09-20-2022 19:57:51 LawbotCogHQLoader(warning): loadPlaceGeom: unclassified zone 61000
:09-20-2022 19:57:51 LawbotOfficeExterior: Unloading Place (13200). Fsm in final
:09-20-2022 19:57:51 DistributedElevatorFloor: Setting latch
:09-20-2022 19:57:51 DistributedElevatorFloor: Setting latch in announce generate
:09-20-2022 19:57:51 DistributedElevatorFloor: Setting latch
:09-20-2022 19:57:51 TimeManager: Clock sync: DistributedLevel.generate
:09-20-2022 19:57:51 Loader: loader.loadModelCopy() is deprecated; use loader.loadModel() instead.
:09-20-2022 19:57:51 Loader: loader.loadModelCopy() is deprecated; use loader.loadModel() instead.
:09-20-2022 19:57:51 Loader: loader.loadModelCopy() is deprecated; use loader.loadModel() instead.
:09-20-2022 19:57:51 Loader: loader.loadModelCopy() is deprecated; use loader.loadModel() instead.
:09-20-2022 19:57:51 Loader: loader.loadModelCopy() is deprecated; use loader.loadModel() instead.
:09-20-2022 19:57:51 Loader: loader.loadModelCopy() is deprecated; use loader.loadModel() instead.
:09-20-2022 19:57:51 Loader: loader.loadModelCopy() is deprecated; use loader.loadModel() instead.
:09-20-2022 19:57:51 Loader: loader.loadModelCopy() is deprecated; use loader.loadModel() instead.
:09-20-2022 19:57:51 Loader: loader.loadModelCopy() is deprecated; use loader.loadModel() instead.
:09-20-2022 19:57:51 Loader: loader.loadModelCopy() is deprecated; use loader.loadModel() instead.
:09-20-2022 19:57:51 Loader: loader.loadModelCopy() is deprecated; use loader.loadModel() instead.
:09-20-2022 19:57:51 Loader: loader.loadModelCopy() is deprecated; use loader.loadModel() instead.
:09-20-2022 19:57:51 Loader: loader.loadModelCopy() is deprecated; use loader.loadModel() instead.
:09-20-2022 19:57:51 Loader: loader.loadModelCopy() is deprecated; use loader.loadModel() instead.
:09-20-2022 19:57:51 Loader: loader.loadModelCopy() is deprecated; use loader.loadModel() instead.
:09-20-2022 19:57:51 Loader: loader.loadModelCopy() is deprecated; use loader.loadModel() instead.
:09-20-2022 19:57:51 Loader: loader.loadModelCopy() is deprecated; use loader.loadModel() instead.
:09-20-2022 19:57:51 Loader: loader.loadModelCopy() is deprecated; use loader.loadModel() instead.
:09-20-2022 19:57:51 Loader: loader.loadModelCopy() is deprecated; use loader.loadModel() instead.
:09-20-2022 19:57:51 Loader: loader.loadModelCopy() is deprecated; use loader.loadModel() instead.
:09-20-2022 19:57:51 Loader: loader.loadModelCopy() is deprecated; use loader.loadModel() instead.
:09-20-2022 19:57:51 Loader: loader.loadModelCopy() is deprecated; use loader.loadModel() instead.
:09-20-2022 19:57:51 Loader: loader.loadModelCopy() is deprecated; use loader.loadModel() instead.
:09-20-2022 19:57:51 Loader: loader.loadModelCopy() is deprecated; use loader.loadModel() instead.
:09-20-2022 19:57:51 Loader: loader.loadModelCopy() is deprecated; use loader.loadModel() instead.
:09-20-2022 19:57:51 Loader: loader.loadModelCopy() is deprecated; use loader.loadModel() instead.
:09-20-2022 19:57:51 Loader: loader.loadModelCopy() is deprecated; use loader.loadModel() instead.
:09-20-2022 19:57:51 Loader: loader.loadModelCopy() is deprecated; use loader.loadModel() instead.
:09-20-2022 19:57:51 Loader: loader.loadModelCopy() is deprecated; use loader.loadModel() instead.
:09-20-2022 19:57:51 Loader: loader.loadModelCopy() is deprecated; use loader.loadModel() instead.
:09-20-2022 19:57:51 Loader: loader.loadModelCopy() is deprecated; use loader.loadModel() instead.
:09-20-2022 19:57:51 Loader: loader.loadModelCopy() is deprecated; use loader.loadModel() instead.
:09-20-2022 19:57:51 Loader: loader.loadModelCopy() is deprecated; use loader.loadModel() instead.
:09-20-2022 19:57:51 Loader: loader.loadModelCopy() is deprecated; use loader.loadModel() instead.
:09-20-2022 19:57:51 Loader: loader.loadModelCopy() is deprecated; use loader.loadModel() instead.
:09-20-2022 19:57:51 Loader: loader.loadModelCopy() is deprecated; use loader.loadModel() instead.
:09-20-2022 19:57:51 Loader: loader.loadModelCopy() is deprecated; use loader.loadModel() instead.
:09-20-2022 19:57:51 Loader: loader.loadModelCopy() is deprecated; use loader.loadModel() instead.
:09-20-2022 19:57:51 Loader: loader.loadModelCopy() is deprecated; use loader.loadModel() instead.
:09-20-2022 19:57:51 Loader: loader.loadModelCopy() is deprecated; use loader.loadModel() instead.
:09-20-2022 19:57:51 Loader: loader.loadModelCopy() is deprecated; use loader.loadModel() instead.
:09-20-2022 19:57:51 Loader: loader.loadModelCopy() is deprecated; use loader.loadModel() instead.
:09-20-2022 19:57:51 Loader: loader.loadModelCopy() is deprecated; use loader.loadModel() instead.
:09-20-2022 19:57:51 Loader: loader.loadModelCopy() is deprecated; use loader.loadModel() instead.
:09-20-2022 19:57:51 Loader: loader.loadModelCopy() is deprecated; use loader.loadModel() instead.
:09-20-2022 19:57:51 Loader: loader.loadModelCopy() is deprecated; use loader.loadModel() instead.
:09-20-2022 19:57:51 Loader: loader.loadModelCopy() is deprecated; use loader.loadModel() instead.
:09-20-2022 19:57:51 Loader: loader.loadModelCopy() is deprecated; use loader.loadModel() instead.
:09-20-2022 19:57:51 Loader: loader.loadModelCopy() is deprecated; use loader.loadModel() instead.
:09-20-2022 19:57:51 Loader: loader.loadModelCopy() is deprecated; use loader.loadModel() instead.
:09-20-2022 19:57:51 Loader: loader.loadModelCopy() is deprecated; use loader.loadModel() instead.
:09-20-2022 19:57:51 Loader: loader.loadModelCopy() is deprecated; use loader.loadModel() instead.
:09-20-2022 19:57:51 Loader: loader.loadModelCopy() is deprecated; use loader.loadModel() instead.
:09-20-2022 19:57:51 Loader: loader.loadModelCopy() is deprecated; use loader.loadModel() instead.
:09-20-2022 19:57:51 Loader: loader.loadModelCopy() is deprecated; use loader.loadModel() instead.
:09-20-2022 19:57:51 Loader: loader.loadModelCopy() is deprecated; use loader.loadModel() instead.
:09-20-2022 19:57:51 Loader: loader.loadModelCopy() is deprecated; use loader.loadModel() instead.
:09-20-2022 19:57:51 Loader: loader.loadModelCopy() is deprecated; use loader.loadModel() instead.
:09-20-2022 19:57:51 Loader: loader.loadModelCopy() is deprecated; use loader.loadModel() instead.
:09-20-2022 19:57:51 Loader: loader.loadModelCopy() is deprecated; use loader.loadModel() instead.
:09-20-2022 19:57:51 Loader: loader.loadModelCopy() is deprecated; use loader.loadModel() instead.
:09-20-2022 19:57:51 Loader: loader.loadModelCopy() is deprecated; use loader.loadModel() instead.
:09-20-2022 19:57:51 Loader: loader.loadModelCopy() is deprecated; use loader.loadModel() instead.
:09-20-2022 19:57:51 Loader: loader.loadModelCopy() is deprecated; use loader.loadModel() instead.
:09-20-2022 19:57:51 Loader: loader.loadModelCopy() is deprecated; use loader.loadModel() instead.
:09-20-2022 19:57:51 Loader: loader.loadModelCopy() is deprecated; use loader.loadModel() instead.
:09-20-2022 19:57:51 Loader: loader.loadModelCopy() is deprecated; use loader.loadModel() instead.
:09-20-2022 19:57:51 Loader: loader.loadModelCopy() is deprecated; use loader.loadModel() instead.
:09-20-2022 19:57:51 Loader: loader.loadModelCopy() is deprecated; use loader.loadModel() instead.
:09-20-2022 19:57:51 Loader: loader.loadModelCopy() is deprecated; use loader.loadModel() instead.
:09-20-2022 19:57:51 Loader: loader.loadModelCopy() is deprecated; use loader.loadModel() instead.
:09-20-2022 19:57:51 Loader: loader.loadModelCopy() is deprecated; use loader.loadModel() instead.
:09-20-2022 19:57:51 Loader: loader.loadModelCopy() is deprecated; use loader.loadModel() instead.
:09-20-2022 19:57:51 Loader: loader.loadModelCopy() is deprecated; use loader.loadModel() instead.
:09-20-2022 19:57:52 Loader: loader.loadModelCopy() is deprecated; use loader.loadModel() instead.
:09-20-2022 19:57:52 DistributedStage: stageId 13400, floor 0, [100000002]
:09-20-2022 19:57:52 Loader: loader.loadModelCopy() is deprecated; use loader.loadModel() instead.
:09-20-2022 19:57:52 Loader: loader.loadModelCopy() is deprecated; use loader.loadModel() instead.
:09-20-2022 19:57:52 Loader: loader.loadModelCopy() is deprecated; use loader.loadModel() instead.
:09-20-2022 19:57:52 Loader: loader.loadModelCopy() is deprecated; use loader.loadModel() instead.
:09-20-2022 19:57:52 DistributedStage: CAMENTERROOM doID401004125 num0
:09-20-2022 19:57:52 DistributedStage: av: LPoint3f(1, -2, 0), cam: LPoint3f(0, -16, 5.5)
:09-20-2022 19:57:52 DistributedToon: calling LocalAvatar.startchat
:09-20-2022 19:57:52 TimeManager: Clock sync roundtrip took 546.351 ms
:09-20-2022 19:57:52 TimeManager: AI time delta is -0:01 from server delta
:09-20-2022 19:57:52 ClockDelta: previous delta at -0.229 s, +/- 0.589 s.
:09-20-2022 19:57:52 ClockDelta: new delta at -0.504 s, +/- 0.273 s.
:09-20-2022 19:57:52 ClockDelta: intersection at -0.504 s, +/- 0.273 s.
:09-20-2022 19:57:52 TimeManager: Local clock uncertainty +/- 0.273 s
:09-20-2022 19:57:52 :pgraph(warning): No bin named default; creating default bin.
:09-20-2022 19:57:52 DistributedStage: CAMENTERROOM doID401004125 num0
:09-20-2022 19:57:52 DistributedStage: av: LPoint3f(1, -2, 0), cam: LPoint3f(0, -15, 5)
CollisionEntry:
  from render/Prince Bert Whiskerfuddy-100000002/camFloorRayNode/ccRay2Node
  into render/stage401004125/ZoneEntity-0/-PandaNode/Z03a_ALL/Collsion/stageFloorColl0 []
  at 1 -16.2 -0.0281949
  normal 0 0 1
  respect_prev_transform = 1


:09-20-2022 19:57:52 DistributedStage: CAMENTERROOM doID401004125 num0
:09-20-2022 19:57:52 DistributedStage: av: LPoint3f(1, -2, 0), cam: LPoint3f(0, -15, 5)
:09-20-2022 19:57:54 DistributedStage: CAMENTERROOM doID401004125 num1
:09-20-2022 19:57:54 DistributedStage: av: LPoint3f(1, 52.5816, 4.97638), cam: LPoint3f(0, -15, 5)
CollisionEntry:
  from render/Prince Bert Whiskerfuddy-100000002/camFloorRayNode/ccRay2Node
  into render/stage401004125/LB_connector_7cubeLR.egg/-PandaNode/connector_7cubeL/collison/stageFloorColl1 []
  at 1 38.3816 0.0432653
  normal 0 0 1
  respect_prev_transform = 1


:09-20-2022 19:57:54 DistributedStage: CAMENTERROOM doID401004125 num1
:09-20-2022 19:57:54 DistributedStage: av: LPoint3f(3.43864, 63.4441, 4.97622), cam: LPoint3f(0, -15, 5)
CollisionEntry:
  from render/Prince Bert Whiskerfuddy-100000002/camFloorRayNode/ccRay2Node
  into render/stage401004125/LB_connector_7cubeLR.egg/-PandaNode/connector_7cubeL/collison/stageFloorColl1 []
  at -3.40918 51.0044 4.95177
  normal 0 0 1
  respect_prev_transform = 1


:09-20-2022 19:58:03 DistributedStage: CAMENTERROOM doID401004125 num2
:09-20-2022 19:58:03 DistributedStage: av: LPoint3f(26.3585, 124.688, 6.2529), cam: LPoint3f(0, -15, 5)
CollisionEntry:
  from render/Prince Bert Whiskerfuddy-100000002/camFloorRayNode/ccRay2Node
  into render/stage401004125/ZoneEntity-0/-PandaNode/Z04a_ALL/Z04/lobby/collision_lobby/stageFloorColl2 []
  at 30.0955 110.988 4.95065
  normal 0 0 1
  respect_prev_transform = 1


:09-20-2022 19:58:10 DistributedStage: CAMENTERROOM doID401004125 num3
:09-20-2022 19:58:10 DistributedStage: av: LPoint3f(26.5646, 259.362, 10.0085), cam: LPoint3f(0, -15, 5)
CollisionEntry:
  from render/Prince Bert Whiskerfuddy-100000002/camFloorRayNode/ccRay2Node
  into render/stage401004125/LB_connector_7cubeLR.egg/-PandaNode/connector_7cubeL/collison/stageFloorColl3 []
  at 22.4173 245.781 4.94232
  normal 0 0 1
  respect_prev_transform = 1


:09-20-2022 19:58:10 DistributedStage: CAMENTERROOM doID401004125 num3
:09-20-2022 19:58:10 DistributedStage: av: LPoint3f(27.2508, 261.474, 9.96574), cam: LPoint3f(0, -15, 5)
CollisionEntry:
  from render/Prince Bert Whiskerfuddy-100000002/camFloorRayNode/ccRay2Node
  into render/stage401004125/LB_connector_7cubeLR.egg/-PandaNode/connector_7cubeL/collison/stageFloorColl3 []
  at 22.8364 247.978 5.0151
  normal 0 0 1
  respect_prev_transform = 1


:09-20-2022 19:58:11 DistributedStage: CAMENTERROOM doID401004125 num3
:09-20-2022 19:58:11 DistributedStage: av: LPoint3f(31.4144, 274.204, 9.96546), cam: LPoint3f(0, -15, 5)
CollisionEntry:
  from render/Prince Bert Whiskerfuddy-100000002/camFloorRayNode/ccRay2Node
  into render/stage401004125/LB_connector_7cubeLR.egg/-PandaNode/connector_7cubeL/collison/stageFloorColl3 []
  at 26.7295 260.799 9.94074
  normal 0 0 1
  respect_prev_transform = 1


:09-20-2022 19:58:13 DistributedStage: CAMENTERROOM doID401004125 num4
:09-20-2022 19:58:13 DistributedStage: av: LPoint3f(52.7528, 334.893, 9.96477), cam: LPoint3f(0, -15, 5)
CollisionEntry:
  from render/Prince Bert Whiskerfuddy-100000002/camFloorRayNode/ccRay2Node
  into render/stage401004125/ZoneEntity-0/-PandaNode/Z13_ALL/room/collsion/stageFloorColl4 []
  at 53.8307 320.734 9.93978
  normal 0 0 1
  respect_prev_transform = 1


spec = {'parentEntId': 10000, 'pos': LPoint3f(0, 0, 0)}
h = None
:09-20-2022 19:58:20 StageInterior: QA-REGRESSION: COGBATTLE: Enter Battle
Battle Event localtoon-battle-event-3
:09-20-2022 19:58:40 ToonBase: User closed main window.
:09-20-2022 19:58:40 TimeManager: Client disconnect reason 2.
:09-20-2022 19:58:40 DistributedGoon(warning): called actor.removeNode() on DistributedGoon-10020 without calling cleanup()
:09-20-2022 19:58:40 Entity(warning): Entity 10010 destroyed after level??
:09-20-2022 19:58:40 Entity(warning): Entity 10037 destroyed after level??
:09-20-2022 19:58:40 Entity(warning): Entity 10057 destroyed after level??
:09-20-2022 19:58:40 Entity(warning): Entity 10071 destroyed after level??
:09-20-2022 19:58:40 Entity(warning): Entity 10072 destroyed after level??
:09-20-2022 19:58:40 Entity(warning): Entity 10040 destroyed after level??
:09-20-2022 19:58:40 Entity(warning): Entity 10041 destroyed after level??
:09-20-2022 19:58:40 Entity(warning): Entity 10043 destroyed after level??
:09-20-2022 19:58:40 Entity(warning): Entity 100016 destroyed after level??
:09-20-2022 19:58:40 Entity(warning): Entity 100021 destroyed after level??
:09-20-2022 19:58:40 Entity(warning): Entity 10001 destroyed after level??
:09-20-2022 19:58:40 Entity(warning): Entity 10001 destroyed after level??
:09-20-2022 19:58:40 DistributedGoon(warning): called actor.removeNode() on DistributedGoon-10001 without calling cleanup()
:09-20-2022 19:58:40 Entity(warning): Entity 10008 destroyed after level??
:09-20-2022 19:58:40 DistributedGoon(warning): called actor.removeNode() on DistributedGoon-10008 without calling cleanup()
:09-20-2022 19:58:40 Entity(warning): Entity 10012 destroyed after level??
:09-20-2022 19:58:40 DistributedGoon(warning): called actor.removeNode() on DistributedGoon-10012 without calling cleanup()
:09-20-2022 19:58:40 Entity(warning): Entity 10042 destroyed after level??
:09-20-2022 19:58:40 Entity(warning): Entity 10047 destroyed after level??
:09-20-2022 19:58:40 DistributedGoon(warning): called actor.removeNode() on DistributedGoon-10047 without calling cleanup()
:09-20-2022 19:58:40 Entity(warning): Entity 10052 destroyed after level??
:09-20-2022 19:58:40 DistributedGoon(warning): called actor.removeNode() on DistributedGoon-10052 without calling cleanup()
:09-20-2022 19:58:40 Entity(warning): Entity 10057 destroyed after level??
:09-20-2022 19:58:40 DistributedGoon(warning): called actor.removeNode() on DistributedGoon-10057 without calling cleanup()
:09-20-2022 19:58:40 Entity(warning): Entity 100030 destroyed after level??
:09-20-2022 19:58:40 Entity(warning): Entity 100000 destroyed after level??
:09-20-2022 19:58:40 StageInterior: Unloading Place (13400). Fsm in final
:09-20-2022 19:58:40 OTPClientRepository(warning): unclean exit, abandoning shard
ignoring InputState-forward
:09-20-2022 19:58:40 OTPClientRepository: sending clientLogout
:09-20-2022 19:58:40 LocalAvatar(warning): redundant call to stopUpdateSmartCamera
:09-20-2022 19:58:40 OTPClientRepository: Sent disconnect message to server
:09-20-2022 19:58:40 OTPClientRepository: Closing connection to server.
:09-20-2022 19:58:40 OTPClientRepository: Exiting cleanly
:09-20-2022 19:58:40 ToonBase: Exiting Toontown: errorCode = None
:09-20-2022 19:58:40 TTOffLauncher: setting panda error code to 0
:09-20-2022 19:58:40 TTOffLauncher: Normal exit.
