

Starting Toontown Online...
Current time: Sat Oct 29 11:18:45 2022 Eastern Standard Time
sys.path =  ['', 'C:\\Toontown-Last-Laff-Workspace-10-21-2022\\src\\Panda3D-1.11.0-x64\\python\\python27.zip', 'C:\\Panda3D-1.11.0-x64', 'C:\\Toontown-Last-Laff-Workspace-10-21-2022\\src\\Panda3D-1.11.0-x64\\python\\DLLs', 'C:\\Toontown-Last-Laff-Workspace-10-21-2022\\src\\Panda3D-1.11.0-x64\\python\\lib', 'C:\\Toontown-Last-Laff-Workspace-10-21-2022\\src\\Panda3D-1.11.0-x64\\python\\lib\\plat-win', 'C:\\Toontown-Last-Laff-Workspace-10-21-2022\\src\\Panda3D-1.11.0-x64\\python\\lib\\lib-tk', 'C:\\Toontown-Last-Laff-Workspace-10-21-2022\\src\\Panda3D-1.11.0-x64\\python', 'C:\\Toontown-Last-Laff-Workspace-10-21-2022\\src\\Panda3D-1.11.0-x64', 'C:\\Toontown-Last-Laff-Workspace-10-21-2022\\src\\Panda3D-1.11.0-x64\\bin', 'C:\\Toontown-Last-Laff-Workspace-10-21-2022\\src\\Panda3D-1.11.0-x64\\python\\lib\\site-packages']
sys.argv =  ['C:\\Toontown-Last-Laff-Workspace-10-21-2022\\src\\toontown\\launcher\\TTOffQuickStartLauncher.py']
generating standard configrc
os.environ =  {'TMP': 'C:\\Users\\Philip\\AppData\\Local\\Temp', 'COMPUTERNAME': 'PHILIP-JR', 'USERDOMAIN': 'PHILIP-JR', 'NEKO_INSTPATH': 'C:\\HaxeToolkit\\neko', 'PSMODULEPATH': 'C:\\WINDOWS\\system32\\WindowsPowerShell\\v1.0\\Modules\\', 'DOKANLIBRARY1': 'C:\\Program Files\\Dokan\\Dokan Library-1.4.1\\', 'ADSK_3DSMAX_X64_2021': 'C:\\Program Files\\Autodesk\\3ds Max 2021\\', 'PROCESSOR_IDENTIFIER': 'Intel64 Family 6 Model 45 Stepping 7, GenuineIntel', 'VBOX_MSI_INSTALL_PATH': 'C:\\Program Files\\Oracle\\VirtualBox\\', 'PROGRAMFILES': 'C:\\Program Files', 'PROCESSOR_REVISION': '2d07', 'PATH': 'C:\\Panda3D-1.11.0-x64\\panda3d\\..\\bin;C:\\Program Files (x86)\\Common Files\\Oracle\\Java\\javapath;C:\\Windows\\system32;C:\\Windows;C:\\Windows\\System32\\Wbem;C:\\Windows\\System32\\WindowsPowerShell\\v1.0\\;C:\\Program Files (x86)\\NVIDIA Corporation\\PhysX\\Common;C:\\Program Files\\Git\\cmd;C:\\WINDOWS\\system32;C:\\WINDOWS;C:\\WINDOWS\\System32\\Wbem;C:\\WINDOWS\\System32\\WindowsPowerShell\\v1.0\\;C:\\Program Files\\dotnet\\;C:\\Program Files\\Common Files\\Autodesk Shared\\;C:\\Program Files\\Microsoft SQL Server\\120\\Tools\\Binn\\;C:\\HaxeToolkit\\haxe;C:\\HaxeToolkit\\neko;C:\\Program Files\\Animation Paper\\gstreamer\\bin;C:\\Program Files\\PuTTY\\;C:\\Program Files\\NVIDIA Corporation\\NVIDIA NvDLISR;C:\\Program Files (x86)\\Windows Live\\Shared;C:\\HaxeToolkit\\haxe;C:\\HaxeToolkit\\neko;C:\\Program Files (x86)\\Windows Kits\\8.1\\Windows Performance Toolkit\\;C:\\Users\\Philip\\anaconda3;C:\\Users\\Philip\\anaconda3\\Library\\mingw-w64\\bin;C:\\Users\\Philip\\anaconda3\\Library\\usr\\bin;C:\\Users\\Philip\\anaconda3\\Library\\bin;C:\\Users\\Philip\\anaconda3\\Scripts;C:\\Program Files\\MySQL\\MySQL Shell 8.0\\bin\\;C:\\Panda3D-1.10.02\\python;C:\\Panda3D-1.10.02\\python\\Scripts;C:\\Panda3D-1.10.02\\bin;C:\\Panda3D-1.11.0-x64-py2\\python;C:\\Panda3D-1.11.0-x64-py2\\python\\Scripts;C:\\Panda3D-1.11.0-x64-py2\\bin;C:\\Users\\Philip\\AppData\\Local\\GitHubDesktop\\bin;C:\\Panda3D-1.9.0\\python;C:\\Panda3D-1.9.0\\python\\Scripts;C:\\Panda3D-1.9.0\\bin;C:\\Panda3D-1.10.0-x64\\python;C:\\Panda3D-1.10.0-x64\\python\\Scripts;C:\\Panda3D-1.10.0-x64\\bin;C:\\Users\\Philip\\AppData\\Local\\atom\\bin;C:\\Panda3D-1.10.0\\python;C:\\Panda3D-1.10.0\\python\\Scripts;C:\\Panda3D-1.10.0\\bin;C:\\Panda3D-1.11.0-x64-astron\\python;C:\\Panda3D-1.11.0-x64-astron\\python\\Scripts;C:\\Panda3D-1.11.0-x64-astron\\bin;C:\\Panda3D-1.11.0-x64\\python;C:\\Panda3D-1.11.0-x64\\python\\Scripts;C:\\Panda3D-1.11.0-x64\\bin;C:\\Panda3D-1.10.9-x64\\python;C:\\Panda3D-1.10.9-x64\\python\\Scrip;C:\\Users\\Philip\\AppData\\Local\\Programs\\Microsoft VS Code\\bin;C:\\Users\\Philip\\.dotnet\\tools;%C:\\Program Files (x86)\\Windows Kits\\8.1\\bin\\x86\\rc.exe%;%C:\\Program Files (x86)\\Microsoft Visual Studio\\2019\\BuildTools\\Common7\\IDE%;C:\\Program Files\\JetBrains\\PyCharm Community Edition 2022.2.3\\bin;', 'SYSTEMROOT': 'C:\\WINDOWS', 'NUMBER_OF_PROCESSORS': '8', 'PROGRAMFILES(X86)': 'C:\\Program Files (x86)', 'COMSPEC': 'C:\\WINDOWS\\system32\\cmd.exe', 'KMP_BLOCKTIME': '0', 'PPYTHON_PATH': '"Panda3D-1.11.0-x64\\python\\ppython.exe"', 'PYCHARM COMMUNITY EDITION': 'C:\\Program Files\\JetBrains\\PyCharm Community Edition 2022.2.3\\bin;', 'COMMONPROGRAMFILES(X86)': 'C:\\Program Files (x86)\\Common Files', 'PROCESSOR_ARCHITECTURE': 'AMD64', 'DOKANLIBRARY1_LIBRARYPATH_X64': 'C:\\Program Files\\Dokan\\Dokan Library-1.4.1\\lib\\', 'ALLUSERSPROFILE': 'C:\\ProgramData', 'LOCALAPPDATA': 'C:\\Users\\Philip\\AppData\\Local', 'HOMEPATH': '\\Users\\Philip', 'USERDOMAIN_ROAMINGPROFILE': 'PHILIP-JR', 'PROGRAMW6432': 'C:\\Program Files', 'USERNAME': 'Philip', 'FP_NO_HOST_CHECK': 'NO', 'DOKANLIBRARY1_LIBRARYPATH_X86': 'C:\\Program Files\\Dokan\\Dokan Library-1.4.1\\x86\\lib\\', 'LOGONSERVER': '\\\\MicrosoftAccount', 'PROMPT': '$P$G', 'SESSIONNAME': 'Console', 'PROGRAMDATA': 'C:\\ProgramData', 'COMMONPROGRAMFILES': 'C:\\Program Files\\Common Files', 'TEMP': 'C:\\Users\\Philip\\AppData\\Local\\Temp', 'HAXEPATH': 'C:\\HaxeToolkit\\haxe', 'PATHEXT': '.COM;.EXE;.BAT;.CMD;.VBS;.VBE;.JS;.JSE;.WSF;.WSH;.MSC', 'TTOFF_LOGIN_TOKEN': 'dev', 'VS160COMCOMNTOOLS': 'C:\\Program Files (x86)\\Microsoft Visual Studio\\2019\\Community\\Common7\\Tools\\', 'WINDIR': 'C:\\WINDOWS', 'OMP_WAIT_POLICY': 'PASSIVE', 'MONGO': 'C:\\mongodb-win32-x86_64-windows-4.4.4/bin', 'HOMEDRIVE': 'C:', 'SYSTEMDRIVE': 'C:', 'PUBLIC': 'C:\\Users\\Public', 'APPDATA': 'C:\\Users\\Philip\\AppData\\Roaming', 'PROCESSOR_LEVEL': '6', 'CIOENGINE': 'C:\\cio-panda3d', 'COMMONPROGRAMW6432': 'C:\\Program Files\\Common Files', 'OS': 'Windows_NT', 'ADSK_CLM_WPAD_PROXY_CHECK': 'FALSE', 'USERPROFILE': 'C:\\Users\\Philip'}
:10-29-2022 11:18:45 TTOffLauncher: isTestServer: 0
:10-29-2022 11:18:45 TTOffLauncher: Game Server 127.0.0.1
:10-29-2022 11:18:45 TTOffLauncher: Starting Toontown Online... 
:10-29-2022 11:18:45 TTOffLauncher: foreground: Launcher now operating in foreground
useTTOffSpecificLogin=True
:10-29-2022 11:18:45 TTOffLauncher: maybeStartGame: starting game
:10-29-2022 11:18:45 TTOffLauncher: Starting Toontown Online...
:10-29-2022 11:18:45 TTOffLauncher: background: Launcher now operating in background
ToontownStart: Polling for game2 to finish...
ToontownStart: Game2 is finished.
ToontownStart: Starting the game.
ToontownStart: setting default font
:10-29-2022 11:18:45 TTOffLauncher: setting panda error code to 7
Known pipe types:
  wglGraphicsPipe
(all display modules loaded.)
:10-29-2022 11:18:45 ToonBase: Default graphics pipe is wglGraphicsPipe (OpenGL).
:10-29-2022 11:18:46 :display(warning): FrameBufferProperties available less than requested.
  requested: depth_bits=24 color_bits=3 red_bits=1 green_bits=1 blue_bits=1 alpha_bits=1 multisamples=70 back_buffers=1 force_hardware 
  got: depth_bits=24 color_bits=24 red_bits=8 green_bits=8 blue_bits=8 alpha_bits=8 accum_bits=64 multisamples=16 back_buffers=1 force_hardware 
:10-29-2022 11:18:46 ToonBase: Successfully opened window of type wglGraphicsWindow (OpenGL)
:10-29-2022 11:18:46 ShowBase: __dev__ == False
:10-29-2022 11:18:46 TTOffLauncher: setting panda error code to 11
:10-29-2022 11:18:46 TTOffLauncher: setting panda error code to 0
ToontownStart: Loading default gui sounds
ToontownStart: serverVersion:  tto-dev
:10-29-2022 11:18:46 Loader: starting bulk load of block 'init'
:10-29-2022 11:18:47 :nativenet(error): Buffered_DatagramConnection Constructor rbufsize = 4096000 wbufsize = 4096000 write_flush_point = 1400
:10-29-2022 11:18:47 OTPClientRepository: Using connect method 'http'
:10-29-2022 11:18:47 TTOffLauncher: getRegistry ('DEPLOYMENT', None)
:10-29-2022 11:18:47 TTOffLauncher: checking env
:10-29-2022 11:18:47 TTOffLauncher: getRegistry ('GAME_DEPLOYMENT', None)
:10-29-2022 11:18:47 TTOffLauncher: checking env
:10-29-2022 11:18:47 OTPClientRepository: reg_deployment=
:10-29-2022 11:18:47 OTPClientRepository: required-login auto.
:10-29-2022 11:18:47 OTPClientRepository: loginInterface: LoginTTOffAccount
:10-29-2022 11:18:47 TTOffLauncher: getNeedPwForSecretKey using ttoff-specific-login
:10-29-2022 11:18:47 Loader: At end of block 'init', expected 138, loaded 7, duration=1.5014594832
:10-29-2022 11:18:47 OTPClientRepository: Connecting to gameserver directly (no proxy).
:10-29-2022 11:18:47 OTPClientRepository: Connecting to //127.0.0.1:7198 via HTTP interface.
:10-29-2022 11:18:47 TTOffLauncher: Stopping mini task manager.
:10-29-2022 11:18:47 OTPClientRepository: Successfully connected to //127.0.0.1:7198.
:10-29-2022 11:18:47 TTOffLauncher: Setting Disconnect Details normal
{402000001: <toontown.distributed.ToontownDistrict.ToontownDistrict instance at 0x0000000018326A88>}
:10-29-2022 11:18:49 StateData: AvatarChooser.enter
:10-29-2022 11:18:49 DisplayOptions: settingsFullScreen = False, embedded = False width=800 height=600
:10-29-2022 11:18:49 StateData: calling self.displayOptions.restrictToEmbedded(False)
:10-29-2022 11:18:54 OTPClientRepository: ================
:10-29-2022 11:18:54 OTPClientRepository: Chose avatar id: 100000001
:10-29-2022 11:18:54 OTPClientRepository: Chose avatar name: Wittybumble
:10-29-2022 11:18:54 OTPClientRepository: Chose avatar dna: ('dss', 'ms', 'm', 'm', 6, 0, 6, 6, 1, 9, 1, 9, 1, 18)
:10-29-2022 11:18:54 OTPClientRepository: Chose avatar position: 1
:10-29-2022 11:18:54 OTPClientRepository: isPaid: 1
:10-29-2022 11:18:54 OTPClientRepository: freeTimeLeft: 0
:10-29-2022 11:18:54 OTPClientRepository: allowSecretChat: True
:10-29-2022 11:18:54 OTPClientRepository: ================
:10-29-2022 11:18:54 Loader: starting bulk load of block 'localAvatarPlayGame'
:10-29-2022 11:18:55 ToontownTimeManager(warning): error parsing date string=
:10-29-2022 11:18:55 Actor(warning): no part named head-front*!
local
:10-29-2022 11:18:55 NewsPageButtonManager(warning): Should not get here. NewsPageButtonManager.exitOff
:10-29-2022 11:18:55 :pnmimage:png(warning): iCCP: known incorrect sRGB profile
:10-29-2022 11:18:57 Actor(warning): no part named head-front*!
:10-29-2022 11:18:57 OTPClientRepository: Entering shard 402000001
:10-29-2022 11:18:57 StreetSign: Street sign url is https://ttoffline.com/images/
:10-29-2022 11:18:59 OTPClientRepository: Sending heartbeat mid-frame.
:10-29-2022 11:18:59 TimeManager: Clock sync: TimeManager.announceGenerate
:10-29-2022 11:18:59 NewsManager: setHolidayId: Starting Holiday 26
:10-29-2022 11:18:59 NewsManager: setHolidayId: Starting Holiday 19
:10-29-2022 11:18:59 InGameNewsMgr: latestIssue=2013-08-22 16:49:46.000003-07:00
cpu info: GenuineIntel|        Intel(R) Core(TM) i7-3820 CPU @ 3.60GHz|132823|0|3.601,3.601|4,8 cpus
:10-29-2022 11:19:00 OTPClientRepository: No sync from TimeManager.
:10-29-2022 11:19:00 OTPClientRepository: gotTimeSync
:10-29-2022 11:19:00 Loader: At end of block 'localAvatarPlayGame', expected 400, loaded 20, duration=5.45077124201
:10-29-2022 11:19:00 TimeManager: Clock sync roundtrip took 1134.774 ms
:10-29-2022 11:19:00 TimeManager: AI time delta is -0:01 from server delta
:10-29-2022 11:19:00 TimeManager: Local clock uncertainty +/- 0.568 s
:10-29-2022 11:19:00 PlayGame: QA-REGRESSION: NEIGHBORHOODS: Visit Bossbot HQ
:10-29-2022 11:19:00 Loader: starting bulk load of block 'hood'
:10-29-2022 11:19:00 TownBattleSuitPanel: Loading Suit Battle Panel!
:10-29-2022 11:19:00 TownBattleSuitPanel: Loading Suit Battle Panel!
:10-29-2022 11:19:00 TownBattleSuitPanel: Loading Suit Battle Panel!
:10-29-2022 11:19:00 TownBattleSuitPanel: Loading Suit Battle Panel!
:10-29-2022 11:19:00 TownBattleSuitPanel: Loading Suit Battle Panel!
:10-29-2022 11:19:00 TownBattleSuitPanel: Loading Suit Battle Panel!
:10-29-2022 11:19:00 TownBattleSuitPanel: Loading Suit Battle Panel!
:10-29-2022 11:19:00 TownBattleSuitPanel: Loading Suit Battle Panel!
:10-29-2022 11:19:01 :pnmimage:png(warning): Interlace handling should be turned on when using png_read_image
:10-29-2022 11:19:01 BossbotCogHQLoader: loadPlaceGeom: 10000
:10-29-2022 11:19:01 HoodMgr(warning): getPlaygroundCenterFromId: No such hood name as: 10000
:10-29-2022 11:19:01 DistributedToon: calling LocalAvatar.startchat
:10-29-2022 11:19:01 :loader(error): Couldn't load file phase_4/models/questmap/cog_hq_bossbot_maps.bam: not found on model path (currently: "/;/c/Toontown-Last-Laff-Workspace-10-21-2022/src/toontown/launcher;/c/Panda3D-1.11.0-x64/etc/..;/c/Panda3D-1.11.0-x64/etc/../models")
:10-29-2022 11:19:01 Loader: At end of block 'hood', expected 2, loaded 6, duration=1.38558402652
:10-29-2022 11:19:03 Teleport(debug): teleportInDone: walk
:10-29-2022 11:19:03 LocalAvatar(warning): redundant call to startUpdateSmartCamera
:10-29-2022 11:19:03 :loader(error): Couldn't load file phase_4/models/questmap/cog_hq_bossbot_maps.bam: not found on model path (currently: "/;/c/Toontown-Last-Laff-Workspace-10-21-2022/src/toontown/launcher;/c/Panda3D-1.11.0-x64/etc/..;/c/Panda3D-1.11.0-x64/etc/../models")
:10-29-2022 11:19:03 ToontownChatManager: QA-REGRESSION: CHAT: Speedchat Plus
:10-29-2022 11:19:06 TTOffMagicWordManager: Wittybumble's laff has been set to 137.
:10-29-2022 11:19:14 BossbotCogHQLoader: loadPlaceGeom: 10100
:10-29-2022 11:19:14 BossbotCogHQLoader: QA-REGRESSION: COGHQ: Visit BossbotLobby
:10-29-2022 11:19:14 BossbotHQExterior: Unloading Place (10000). Fsm in final
:10-29-2022 11:19:14 DistributedToon: calling LocalAvatar.startchat
:10-29-2022 11:19:14 :loader(error): Couldn't load file phase_4/models/questmap/cog_hq_bossbot_maps.bam: not found on model path (currently: "/;/c/Toontown-Last-Laff-Workspace-10-21-2022/src/toontown/launcher;/c/Panda3D-1.11.0-x64/etc/..;/c/Panda3D-1.11.0-x64/etc/../models")
:10-29-2022 11:19:16 LocalAvatar(warning): redundant call to startUpdateSmartCamera
:10-29-2022 11:19:16 :loader(error): Couldn't load file phase_4/models/questmap/cog_hq_bossbot_maps.bam: not found on model path (currently: "/;/c/Toontown-Last-Laff-Workspace-10-21-2022/src/toontown/launcher;/c/Panda3D-1.11.0-x64/etc/..;/c/Panda3D-1.11.0-x64/etc/../models")
:10-29-2022 11:19:24 BossbotCogHQLoader: loadPlaceGeom: 61000
:10-29-2022 11:19:24 BossbotCogHQLoader(warning): loadPlaceGeom: unclassified zone 61000
:10-29-2022 11:19:24 CogHQLobby: Unloading Place (10100). Fsm in final
:10-29-2022 11:19:24 :gobj(error): Texture::read() - couldn't read: phase_3/maps/hands/f.png
:10-29-2022 11:19:24 :gobj(error): Unable to find texture "phase_3/maps/hands/f.png" on model-path /;/c/Toontown-Last-Laff-Workspace-10-21-2022/src/toontown/launcher;/c/Panda3D-1.11.0-x64/etc/..;/c/Panda3D-1.11.0-x64/etc/../models
Assertion failed: !is_singleton() && !is_empty() at line 5124 of panda/src/pgraph/nodePath.cxx
Assertion failed: !is_singleton() && !is_empty() at line 5124 of panda/src/pgraph/nodePath.cxx
Assertion failed: !is_singleton() && !is_empty() at line 5124 of panda/src/pgraph/nodePath.cxx
Assertion failed: !is_singleton() && !is_empty() at line 5141 of panda/src/pgraph/nodePath.cxx
Assertion failed: !is_singleton() && !is_empty() at line 5124 of panda/src/pgraph/nodePath.cxx
Assertion failed: !is_singleton() && !is_empty() at line 5124 of panda/src/pgraph/nodePath.cxx
:10-29-2022 11:19:24 DistributedToon: calling LocalAvatar.startchat
:10-29-2022 11:19:24 :gobj(error): Texture::read() - couldn't read: phase_3/maps/hands/cr.png
:10-29-2022 11:19:24 :gobj(error): Unable to find texture "phase_3/maps/hands/cr.png" on model-path /;/c/Toontown-Last-Laff-Workspace-10-21-2022/src/toontown/launcher;/c/Panda3D-1.11.0-x64/etc/..;/c/Panda3D-1.11.0-x64/etc/../models
:10-29-2022 11:19:24 :gobj(error): Texture::read() - couldn't read: phase_3/maps/hands/ds.png
:10-29-2022 11:19:24 :gobj(error): Unable to find texture "phase_3/maps/hands/ds.png" on model-path /;/c/Toontown-Last-Laff-Workspace-10-21-2022/src/toontown/launcher;/c/Panda3D-1.11.0-x64/etc/..;/c/Panda3D-1.11.0-x64/etc/../models
:10-29-2022 11:19:24 :gobj(error): Texture::read() - couldn't read: phase_3/maps/hands/ym.png
:10-29-2022 11:19:24 :gobj(error): Unable to find texture "phase_3/maps/hands/ym.png" on model-path /;/c/Toontown-Last-Laff-Workspace-10-21-2022/src/toontown/launcher;/c/Panda3D-1.11.0-x64/etc/..;/c/Panda3D-1.11.0-x64/etc/../models
:10-29-2022 11:19:25 :gobj(error): Texture::read() - couldn't read: phase_3/maps/hands/mm.png
:10-29-2022 11:19:25 :gobj(error): Unable to find texture "phase_3/maps/hands/mm.png" on model-path /;/c/Toontown-Last-Laff-Workspace-10-21-2022/src/toontown/launcher;/c/Panda3D-1.11.0-x64/etc/..;/c/Panda3D-1.11.0-x64/etc/../models
:10-29-2022 11:19:25 :gobj(error): Texture::read() - couldn't read: phase_3/maps/hands/p.png
:10-29-2022 11:19:25 :gobj(error): Unable to find texture "phase_3/maps/hands/p.png" on model-path /;/c/Toontown-Last-Laff-Workspace-10-21-2022/src/toontown/launcher;/c/Panda3D-1.11.0-x64/etc/..;/c/Panda3D-1.11.0-x64/etc/../models
:10-29-2022 11:19:25 :gobj(error): Texture::read() - couldn't read: phase_3/maps/hands/hh.png
:10-29-2022 11:19:25 :gobj(error): Unable to find texture "phase_3/maps/hands/hh.png" on model-path /;/c/Toontown-Last-Laff-Workspace-10-21-2022/src/toontown/launcher;/c/Panda3D-1.11.0-x64/etc/..;/c/Panda3D-1.11.0-x64/etc/../models
:10-29-2022 11:19:25 :gobj(error): Texture::read() - couldn't read: phase_3/maps/hands/tbc.png
:10-29-2022 11:19:25 :gobj(error): Unable to find texture "phase_3/maps/hands/tbc.png" on model-path /;/c/Toontown-Last-Laff-Workspace-10-21-2022/src/toontown/launcher;/c/Panda3D-1.11.0-x64/etc/..;/c/Panda3D-1.11.0-x64/etc/../models
:10-29-2022 11:19:25 :gobj(error): Texture::read() - couldn't read: phase_3/maps/hands/mm.png
:10-29-2022 11:19:25 :gobj(error): Unable to find texture "phase_3/maps/hands/mm.png" on model-path /;/c/Toontown-Last-Laff-Workspace-10-21-2022/src/toontown/launcher;/c/Panda3D-1.11.0-x64/etc/..;/c/Panda3D-1.11.0-x64/etc/../models
:10-29-2022 11:19:25 :gobj(error): Texture::read() - couldn't read: phase_3/maps/hands/tbc.png
:10-29-2022 11:19:25 :gobj(error): Unable to find texture "phase_3/maps/hands/tbc.png" on model-path /;/c/Toontown-Last-Laff-Workspace-10-21-2022/src/toontown/launcher;/c/Panda3D-1.11.0-x64/etc/..;/c/Panda3D-1.11.0-x64/etc/../models
:10-29-2022 11:19:25 :gobj(error): Texture::read() - couldn't read: phase_3/maps/hands/hh.png
:10-29-2022 11:19:25 :gobj(error): Unable to find texture "phase_3/maps/hands/hh.png" on model-path /;/c/Toontown-Last-Laff-Workspace-10-21-2022/src/toontown/launcher;/c/Panda3D-1.11.0-x64/etc/..;/c/Panda3D-1.11.0-x64/etc/../models
:10-29-2022 11:19:25 :gobj(error): Texture::read() - couldn't read: phase_3/maps/hands/mm.png
:10-29-2022 11:19:25 :gobj(error): Unable to find texture "phase_3/maps/hands/mm.png" on model-path /;/c/Toontown-Last-Laff-Workspace-10-21-2022/src/toontown/launcher;/c/Panda3D-1.11.0-x64/etc/..;/c/Panda3D-1.11.0-x64/etc/../models
:10-29-2022 11:19:25 :gobj(error): Texture::read() - couldn't read: phase_3/maps/hands/mm.png
:10-29-2022 11:19:25 :gobj(error): Unable to find texture "phase_3/maps/hands/mm.png" on model-path /;/c/Toontown-Last-Laff-Workspace-10-21-2022/src/toontown/launcher;/c/Panda3D-1.11.0-x64/etc/..;/c/Panda3D-1.11.0-x64/etc/../models
:10-29-2022 11:19:25 :gobj(error): Texture::read() - couldn't read: phase_3/maps/hands/cr.png
:10-29-2022 11:19:25 :gobj(error): Unable to find texture "phase_3/maps/hands/cr.png" on model-path /;/c/Toontown-Last-Laff-Workspace-10-21-2022/src/toontown/launcher;/c/Panda3D-1.11.0-x64/etc/..;/c/Panda3D-1.11.0-x64/etc/../models
:10-29-2022 11:19:25 :gobj(error): Texture::read() - couldn't read: phase_3/maps/hands/ds.png
:10-29-2022 11:19:25 :gobj(error): Unable to find texture "phase_3/maps/hands/ds.png" on model-path /;/c/Toontown-Last-Laff-Workspace-10-21-2022/src/toontown/launcher;/c/Panda3D-1.11.0-x64/etc/..;/c/Panda3D-1.11.0-x64/etc/../models
:10-29-2022 11:19:25 :gobj(error): Texture::read() - couldn't read: phase_3/maps/hands/ds.png
:10-29-2022 11:19:25 :gobj(error): Unable to find texture "phase_3/maps/hands/ds.png" on model-path /;/c/Toontown-Last-Laff-Workspace-10-21-2022/src/toontown/launcher;/c/Panda3D-1.11.0-x64/etc/..;/c/Panda3D-1.11.0-x64/etc/../models
:10-29-2022 11:19:25 :gobj(error): Texture::read() - couldn't read: phase_3/maps/hands/hh.png
:10-29-2022 11:19:25 :gobj(error): Unable to find texture "phase_3/maps/hands/hh.png" on model-path /;/c/Toontown-Last-Laff-Workspace-10-21-2022/src/toontown/launcher;/c/Panda3D-1.11.0-x64/etc/..;/c/Panda3D-1.11.0-x64/etc/../models
:10-29-2022 11:19:25 :gobj(error): Texture::read() - couldn't read: phase_3/maps/hands/cr.png
:10-29-2022 11:19:25 :gobj(error): Unable to find texture "phase_3/maps/hands/cr.png" on model-path /;/c/Toontown-Last-Laff-Workspace-10-21-2022/src/toontown/launcher;/c/Panda3D-1.11.0-x64/etc/..;/c/Panda3D-1.11.0-x64/etc/../models
:10-29-2022 11:19:25 :gobj(error): Texture::read() - couldn't read: phase_3/maps/hands/ds.png
:10-29-2022 11:19:25 :gobj(error): Unable to find texture "phase_3/maps/hands/ds.png" on model-path /;/c/Toontown-Last-Laff-Workspace-10-21-2022/src/toontown/launcher;/c/Panda3D-1.11.0-x64/etc/..;/c/Panda3D-1.11.0-x64/etc/../models
:10-29-2022 11:19:25 :gobj(error): Texture::read() - couldn't read: phase_3/maps/hands/ds.png
:10-29-2022 11:19:25 :gobj(error): Unable to find texture "phase_3/maps/hands/ds.png" on model-path /;/c/Toontown-Last-Laff-Workspace-10-21-2022/src/toontown/launcher;/c/Panda3D-1.11.0-x64/etc/..;/c/Panda3D-1.11.0-x64/etc/../models
:10-29-2022 11:19:25 :gobj(error): Texture::read() - couldn't read: phase_3/maps/hands/tbc.png
:10-29-2022 11:19:25 :gobj(error): Unable to find texture "phase_3/maps/hands/tbc.png" on model-path /;/c/Toontown-Last-Laff-Workspace-10-21-2022/src/toontown/launcher;/c/Panda3D-1.11.0-x64/etc/..;/c/Panda3D-1.11.0-x64/etc/../models
:10-29-2022 11:19:25 :gobj(error): Texture::read() - couldn't read: phase_3/maps/hands/hh.png
:10-29-2022 11:19:25 :gobj(error): Unable to find texture "phase_3/maps/hands/hh.png" on model-path /;/c/Toontown-Last-Laff-Workspace-10-21-2022/src/toontown/launcher;/c/Panda3D-1.11.0-x64/etc/..;/c/Panda3D-1.11.0-x64/etc/../models
:10-29-2022 11:19:25 :gobj(error): Texture::read() - couldn't read: phase_3/maps/hands/cr.png
:10-29-2022 11:19:25 :gobj(error): Unable to find texture "phase_3/maps/hands/cr.png" on model-path /;/c/Toontown-Last-Laff-Workspace-10-21-2022/src/toontown/launcher;/c/Panda3D-1.11.0-x64/etc/..;/c/Panda3D-1.11.0-x64/etc/../models
:10-29-2022 11:19:25 :gobj(error): Texture::read() - couldn't read: phase_3/maps/hands/cr.png
:10-29-2022 11:19:25 :gobj(error): Unable to find texture "phase_3/maps/hands/cr.png" on model-path /;/c/Toontown-Last-Laff-Workspace-10-21-2022/src/toontown/launcher;/c/Panda3D-1.11.0-x64/etc/..;/c/Panda3D-1.11.0-x64/etc/../models
:10-29-2022 11:19:25 :gobj(error): Texture::read() - couldn't read: phase_3/maps/hands/ym.png
:10-29-2022 11:19:25 :gobj(error): Unable to find texture "phase_3/maps/hands/ym.png" on model-path /;/c/Toontown-Last-Laff-Workspace-10-21-2022/src/toontown/launcher;/c/Panda3D-1.11.0-x64/etc/..;/c/Panda3D-1.11.0-x64/etc/../models
:10-29-2022 11:19:25 :gobj(error): Texture::read() - couldn't read: phase_3/maps/hands/mm.png
:10-29-2022 11:19:25 :gobj(error): Unable to find texture "phase_3/maps/hands/mm.png" on model-path /;/c/Toontown-Last-Laff-Workspace-10-21-2022/src/toontown/launcher;/c/Panda3D-1.11.0-x64/etc/..;/c/Panda3D-1.11.0-x64/etc/../models
:10-29-2022 11:19:25 :gobj(error): Texture::read() - couldn't read: phase_3/maps/hands/hh.png
:10-29-2022 11:19:25 :gobj(error): Unable to find texture "phase_3/maps/hands/hh.png" on model-path /;/c/Toontown-Last-Laff-Workspace-10-21-2022/src/toontown/launcher;/c/Panda3D-1.11.0-x64/etc/..;/c/Panda3D-1.11.0-x64/etc/../models
:10-29-2022 11:19:25 :gobj(error): Texture::read() - couldn't read: phase_3/maps/hands/cr.png
:10-29-2022 11:19:25 :gobj(error): Unable to find texture "phase_3/maps/hands/cr.png" on model-path /;/c/Toontown-Last-Laff-Workspace-10-21-2022/src/toontown/launcher;/c/Panda3D-1.11.0-x64/etc/..;/c/Panda3D-1.11.0-x64/etc/../models
:10-29-2022 11:19:25 :gobj(error): Texture::read() - couldn't read: phase_3/maps/hands/hh.png
:10-29-2022 11:19:25 :gobj(error): Unable to find texture "phase_3/maps/hands/hh.png" on model-path /;/c/Toontown-Last-Laff-Workspace-10-21-2022/src/toontown/launcher;/c/Panda3D-1.11.0-x64/etc/..;/c/Panda3D-1.11.0-x64/etc/../models
:10-29-2022 11:19:25 :gobj(error): Texture::read() - couldn't read: phase_3/maps/hands/ds.png
:10-29-2022 11:19:25 :gobj(error): Unable to find texture "phase_3/maps/hands/ds.png" on model-path /;/c/Toontown-Last-Laff-Workspace-10-21-2022/src/toontown/launcher;/c/Panda3D-1.11.0-x64/etc/..;/c/Panda3D-1.11.0-x64/etc/../models
:10-29-2022 11:19:25 :gobj(error): Texture::read() - couldn't read: phase_3/maps/hands/ds.png
:10-29-2022 11:19:25 :gobj(error): Unable to find texture "phase_3/maps/hands/ds.png" on model-path /;/c/Toontown-Last-Laff-Workspace-10-21-2022/src/toontown/launcher;/c/Panda3D-1.11.0-x64/etc/..;/c/Panda3D-1.11.0-x64/etc/../models
:10-29-2022 11:19:25 :gobj(error): Texture::read() - couldn't read: phase_3/maps/hands/hh.png
:10-29-2022 11:19:25 :gobj(error): Unable to find texture "phase_3/maps/hands/hh.png" on model-path /;/c/Toontown-Last-Laff-Workspace-10-21-2022/src/toontown/launcher;/c/Panda3D-1.11.0-x64/etc/..;/c/Panda3D-1.11.0-x64/etc/../models
:10-29-2022 11:19:25 :gobj(error): Texture::read() - couldn't read: phase_3/maps/hands/hh.png
:10-29-2022 11:19:25 :gobj(error): Unable to find texture "phase_3/maps/hands/hh.png" on model-path /;/c/Toontown-Last-Laff-Workspace-10-21-2022/src/toontown/launcher;/c/Panda3D-1.11.0-x64/etc/..;/c/Panda3D-1.11.0-x64/etc/../models
:10-29-2022 11:19:25 :gobj(error): Texture::read() - couldn't read: phase_3/maps/hands/hh.png
:10-29-2022 11:19:25 :gobj(error): Unable to find texture "phase_3/maps/hands/hh.png" on model-path /;/c/Toontown-Last-Laff-Workspace-10-21-2022/src/toontown/launcher;/c/Panda3D-1.11.0-x64/etc/..;/c/Panda3D-1.11.0-x64/etc/../models
:10-29-2022 11:19:25 :gobj(error): Texture::read() - couldn't read: phase_3/maps/hands/tbc.png
:10-29-2022 11:19:25 :gobj(error): Unable to find texture "phase_3/maps/hands/tbc.png" on model-path /;/c/Toontown-Last-Laff-Workspace-10-21-2022/src/toontown/launcher;/c/Panda3D-1.11.0-x64/etc/..;/c/Panda3D-1.11.0-x64/etc/../models
:10-29-2022 11:19:25 :gobj(error): Texture::read() - couldn't read: phase_3/maps/hands/cr.png
:10-29-2022 11:19:25 :gobj(error): Unable to find texture "phase_3/maps/hands/cr.png" on model-path /;/c/Toontown-Last-Laff-Workspace-10-21-2022/src/toontown/launcher;/c/Panda3D-1.11.0-x64/etc/..;/c/Panda3D-1.11.0-x64/etc/../models
:10-29-2022 11:19:25 :gobj(error): Texture::read() - couldn't read: phase_3/maps/hands/hh.png
:10-29-2022 11:19:25 :gobj(error): Unable to find texture "phase_3/maps/hands/hh.png" on model-path /;/c/Toontown-Last-Laff-Workspace-10-21-2022/src/toontown/launcher;/c/Panda3D-1.11.0-x64/etc/..;/c/Panda3D-1.11.0-x64/etc/../models
:10-29-2022 11:19:25 :gobj(error): Texture::read() - couldn't read: phase_3/maps/hands/ds.png
:10-29-2022 11:19:25 :gobj(error): Unable to find texture "phase_3/maps/hands/ds.png" on model-path /;/c/Toontown-Last-Laff-Workspace-10-21-2022/src/toontown/launcher;/c/Panda3D-1.11.0-x64/etc/..;/c/Panda3D-1.11.0-x64/etc/../models
:10-29-2022 11:19:25 :gobj(error): Texture::read() - couldn't read: phase_3/maps/hands/hh.png
:10-29-2022 11:19:25 :gobj(error): Unable to find texture "phase_3/maps/hands/hh.png" on model-path /;/c/Toontown-Last-Laff-Workspace-10-21-2022/src/toontown/launcher;/c/Panda3D-1.11.0-x64/etc/..;/c/Panda3D-1.11.0-x64/etc/../models
:10-29-2022 11:19:25 :gobj(error): Texture::read() - couldn't read: phase_3/maps/hands/cr.png
:10-29-2022 11:19:25 :gobj(error): Unable to find texture "phase_3/maps/hands/cr.png" on model-path /;/c/Toontown-Last-Laff-Workspace-10-21-2022/src/toontown/launcher;/c/Panda3D-1.11.0-x64/etc/..;/c/Panda3D-1.11.0-x64/etc/../models
:10-29-2022 11:19:25 :gobj(error): Texture::read() - couldn't read: phase_3/maps/hands/cr.png
:10-29-2022 11:19:25 :gobj(error): Unable to find texture "phase_3/maps/hands/cr.png" on model-path /;/c/Toontown-Last-Laff-Workspace-10-21-2022/src/toontown/launcher;/c/Panda3D-1.11.0-x64/etc/..;/c/Panda3D-1.11.0-x64/etc/../models
:10-29-2022 11:19:26 BossbotHQBossBattle(warning): fsm.request('movie') returned 0 (zone id 61000, avatar pos LPoint3f(2.49858, -89.487, 0.0825828)).
Assertion failed: !is_singleton() && !is_empty() at line 5124 of panda/src/pgraph/nodePath.cxx
Assertion failed: !is_singleton() && !is_empty() at line 5124 of panda/src/pgraph/nodePath.cxx
Assertion failed: !is_singleton() && !is_empty() at line 5124 of panda/src/pgraph/nodePath.cxx
Assertion failed: !is_singleton() && !is_empty() at line 5141 of panda/src/pgraph/nodePath.cxx
Assertion failed: !is_singleton() && !is_empty() at line 5124 of panda/src/pgraph/nodePath.cxx
Assertion failed: !is_singleton() && !is_empty() at line 5124 of panda/src/pgraph/nodePath.cxx
:10-29-2022 11:19:26 ToontownChatManager: QA-REGRESSION: CHAT: Speedchat Plus
:10-29-2022 11:19:33 :gobj(error): Texture::read() - couldn't read: phase_3/maps/hands/m.png
:10-29-2022 11:19:33 :gobj(error): Unable to find texture "phase_3/maps/hands/m.png" on model-path /;/c/Toontown-Last-Laff-Workspace-10-21-2022/src/toontown/launcher;/c/Panda3D-1.11.0-x64/etc/..;/c/Panda3D-1.11.0-x64/etc/../models
:10-29-2022 11:19:33 :gobj(error): Texture::read() - couldn't read: phase_3/maps/hands/ls.png
:10-29-2022 11:19:33 :gobj(error): Unable to find texture "phase_3/maps/hands/ls.png" on model-path /;/c/Toontown-Last-Laff-Workspace-10-21-2022/src/toontown/launcher;/c/Panda3D-1.11.0-x64/etc/..;/c/Panda3D-1.11.0-x64/etc/../models
:10-29-2022 11:19:33 :gobj(error): Texture::read() - couldn't read: phase_3/maps/hands/le.png
:10-29-2022 11:19:33 :gobj(error): Unable to find texture "phase_3/maps/hands/le.png" on model-path /;/c/Toontown-Last-Laff-Workspace-10-21-2022/src/toontown/launcher;/c/Panda3D-1.11.0-x64/etc/..;/c/Panda3D-1.11.0-x64/etc/../models
:10-29-2022 11:19:33 :gobj(error): Texture::read() - couldn't read: phase_3/maps/hands/le.png
:10-29-2022 11:19:33 :gobj(error): Unable to find texture "phase_3/maps/hands/le.png" on model-path /;/c/Toontown-Last-Laff-Workspace-10-21-2022/src/toontown/launcher;/c/Panda3D-1.11.0-x64/etc/..;/c/Panda3D-1.11.0-x64/etc/../models
:10-29-2022 11:19:33 :gobj(error): Texture::read() - couldn't read: phase_3/maps/hands/cr.png
:10-29-2022 11:19:33 :gobj(error): Unable to find texture "phase_3/maps/hands/cr.png" on model-path /;/c/Toontown-Last-Laff-Workspace-10-21-2022/src/toontown/launcher;/c/Panda3D-1.11.0-x64/etc/..;/c/Panda3D-1.11.0-x64/etc/../models
:10-29-2022 11:19:33 :gobj(error): Texture::read() - couldn't read: phase_3/maps/hands/ls.png
:10-29-2022 11:19:33 :gobj(error): Unable to find texture "phase_3/maps/hands/ls.png" on model-path /;/c/Toontown-Last-Laff-Workspace-10-21-2022/src/toontown/launcher;/c/Panda3D-1.11.0-x64/etc/..;/c/Panda3D-1.11.0-x64/etc/../models
:10-29-2022 11:19:33 :gobj(error): Texture::read() - couldn't read: phase_3/maps/hands/m.png
:10-29-2022 11:19:33 :gobj(error): Unable to find texture "phase_3/maps/hands/m.png" on model-path /;/c/Toontown-Last-Laff-Workspace-10-21-2022/src/toontown/launcher;/c/Panda3D-1.11.0-x64/etc/..;/c/Panda3D-1.11.0-x64/etc/../models
:10-29-2022 11:19:33 :gobj(error): Texture::read() - couldn't read: phase_3/maps/hands/cr.png
:10-29-2022 11:19:33 :gobj(error): Unable to find texture "phase_3/maps/hands/cr.png" on model-path /;/c/Toontown-Last-Laff-Workspace-10-21-2022/src/toontown/launcher;/c/Panda3D-1.11.0-x64/etc/..;/c/Panda3D-1.11.0-x64/etc/../models
:10-29-2022 11:19:33 :gobj(error): Texture::read() - couldn't read: phase_3/maps/hands/m.png
:10-29-2022 11:19:33 :gobj(error): Unable to find texture "phase_3/maps/hands/m.png" on model-path /;/c/Toontown-Last-Laff-Workspace-10-21-2022/src/toontown/launcher;/c/Panda3D-1.11.0-x64/etc/..;/c/Panda3D-1.11.0-x64/etc/../models
:10-29-2022 11:19:33 :gobj(error): Texture::read() - couldn't read: phase_3/maps/hands/cr.png
:10-29-2022 11:19:33 :gobj(error): Unable to find texture "phase_3/maps/hands/cr.png" on model-path /;/c/Toontown-Last-Laff-Workspace-10-21-2022/src/toontown/launcher;/c/Panda3D-1.11.0-x64/etc/..;/c/Panda3D-1.11.0-x64/etc/../models
:10-29-2022 11:19:33 :gobj(error): Texture::read() - couldn't read: phase_3/maps/hands/ls.png
:10-29-2022 11:19:33 :gobj(error): Unable to find texture "phase_3/maps/hands/ls.png" on model-path /;/c/Toontown-Last-Laff-Workspace-10-21-2022/src/toontown/launcher;/c/Panda3D-1.11.0-x64/etc/..;/c/Panda3D-1.11.0-x64/etc/../models
:10-29-2022 11:19:33 :gobj(error): Texture::read() - couldn't read: phase_3/maps/hands/le.png
:10-29-2022 11:19:33 :gobj(error): Unable to find texture "phase_3/maps/hands/le.png" on model-path /;/c/Toontown-Last-Laff-Workspace-10-21-2022/src/toontown/launcher;/c/Panda3D-1.11.0-x64/etc/..;/c/Panda3D-1.11.0-x64/etc/../models
:10-29-2022 11:19:33 :gobj(error): Texture::read() - couldn't read: phase_3/maps/hands/m.png
:10-29-2022 11:19:33 :gobj(error): Unable to find texture "phase_3/maps/hands/m.png" on model-path /;/c/Toontown-Last-Laff-Workspace-10-21-2022/src/toontown/launcher;/c/Panda3D-1.11.0-x64/etc/..;/c/Panda3D-1.11.0-x64/etc/../models
:10-29-2022 11:19:33 :gobj(error): Texture::read() - couldn't read: phase_3/maps/hands/ls.png
:10-29-2022 11:19:33 :gobj(error): Unable to find texture "phase_3/maps/hands/ls.png" on model-path /;/c/Toontown-Last-Laff-Workspace-10-21-2022/src/toontown/launcher;/c/Panda3D-1.11.0-x64/etc/..;/c/Panda3D-1.11.0-x64/etc/../models
:10-29-2022 11:19:33 :gobj(error): Texture::read() - couldn't read: phase_3/maps/hands/m.png
:10-29-2022 11:19:33 :gobj(error): Unable to find texture "phase_3/maps/hands/m.png" on model-path /;/c/Toontown-Last-Laff-Workspace-10-21-2022/src/toontown/launcher;/c/Panda3D-1.11.0-x64/etc/..;/c/Panda3D-1.11.0-x64/etc/../models
:10-29-2022 11:19:33 :gobj(error): Texture::read() - couldn't read: phase_3/maps/hands/m.png
:10-29-2022 11:19:33 :gobj(error): Unable to find texture "phase_3/maps/hands/m.png" on model-path /;/c/Toontown-Last-Laff-Workspace-10-21-2022/src/toontown/launcher;/c/Panda3D-1.11.0-x64/etc/..;/c/Panda3D-1.11.0-x64/etc/../models
:10-29-2022 11:19:33 :gobj(error): Texture::read() - couldn't read: phase_3/maps/hands/ls.png
:10-29-2022 11:19:33 :gobj(error): Unable to find texture "phase_3/maps/hands/ls.png" on model-path /;/c/Toontown-Last-Laff-Workspace-10-21-2022/src/toontown/launcher;/c/Panda3D-1.11.0-x64/etc/..;/c/Panda3D-1.11.0-x64/etc/../models
:10-29-2022 11:19:33 :gobj(error): Texture::read() - couldn't read: phase_3/maps/hands/cr.png
:10-29-2022 11:19:33 :gobj(error): Unable to find texture "phase_3/maps/hands/cr.png" on model-path /;/c/Toontown-Last-Laff-Workspace-10-21-2022/src/toontown/launcher;/c/Panda3D-1.11.0-x64/etc/..;/c/Panda3D-1.11.0-x64/etc/../models
:10-29-2022 11:19:33 :gobj(error): Texture::read() - couldn't read: phase_3/maps/hands/le.png
:10-29-2022 11:19:33 :gobj(error): Unable to find texture "phase_3/maps/hands/le.png" on model-path /;/c/Toontown-Last-Laff-Workspace-10-21-2022/src/toontown/launcher;/c/Panda3D-1.11.0-x64/etc/..;/c/Panda3D-1.11.0-x64/etc/../models
:10-29-2022 11:19:33 :gobj(error): Texture::read() - couldn't read: phase_3/maps/hands/ls.png
:10-29-2022 11:19:33 :gobj(error): Unable to find texture "phase_3/maps/hands/ls.png" on model-path /;/c/Toontown-Last-Laff-Workspace-10-21-2022/src/toontown/launcher;/c/Panda3D-1.11.0-x64/etc/..;/c/Panda3D-1.11.0-x64/etc/../models
:10-29-2022 11:19:33 :gobj(error): Texture::read() - couldn't read: phase_3/maps/hands/ls.png
:10-29-2022 11:19:33 :gobj(error): Unable to find texture "phase_3/maps/hands/ls.png" on model-path /;/c/Toontown-Last-Laff-Workspace-10-21-2022/src/toontown/launcher;/c/Panda3D-1.11.0-x64/etc/..;/c/Panda3D-1.11.0-x64/etc/../models
:10-29-2022 11:19:33 :gobj(error): Texture::read() - couldn't read: phase_3/maps/hands/cr.png
:10-29-2022 11:19:33 :gobj(error): Unable to find texture "phase_3/maps/hands/cr.png" on model-path /;/c/Toontown-Last-Laff-Workspace-10-21-2022/src/toontown/launcher;/c/Panda3D-1.11.0-x64/etc/..;/c/Panda3D-1.11.0-x64/etc/../models
:10-29-2022 11:19:33 :gobj(error): Texture::read() - couldn't read: phase_3/maps/hands/le.png
:10-29-2022 11:19:33 :gobj(error): Unable to find texture "phase_3/maps/hands/le.png" on model-path /;/c/Toontown-Last-Laff-Workspace-10-21-2022/src/toontown/launcher;/c/Panda3D-1.11.0-x64/etc/..;/c/Panda3D-1.11.0-x64/etc/../models
:10-29-2022 11:19:33 :gobj(error): Texture::read() - couldn't read: phase_3/maps/hands/le.png
:10-29-2022 11:19:33 :gobj(error): Unable to find texture "phase_3/maps/hands/le.png" on model-path /;/c/Toontown-Last-Laff-Workspace-10-21-2022/src/toontown/launcher;/c/Panda3D-1.11.0-x64/etc/..;/c/Panda3D-1.11.0-x64/etc/../models
:10-29-2022 11:19:33 :gobj(error): Texture::read() - couldn't read: phase_3/maps/hands/m.png
:10-29-2022 11:19:33 :gobj(error): Unable to find texture "phase_3/maps/hands/m.png" on model-path /;/c/Toontown-Last-Laff-Workspace-10-21-2022/src/toontown/launcher;/c/Panda3D-1.11.0-x64/etc/..;/c/Panda3D-1.11.0-x64/etc/../models
:10-29-2022 11:19:33 :gobj(error): Texture::read() - couldn't read: phase_3/maps/hands/cr.png
:10-29-2022 11:19:33 :gobj(error): Unable to find texture "phase_3/maps/hands/cr.png" on model-path /;/c/Toontown-Last-Laff-Workspace-10-21-2022/src/toontown/launcher;/c/Panda3D-1.11.0-x64/etc/..;/c/Panda3D-1.11.0-x64/etc/../models
:10-29-2022 11:19:34 :gobj(error): Texture::read() - couldn't read: phase_3/maps/hands/le.png
:10-29-2022 11:19:34 :gobj(error): Unable to find texture "phase_3/maps/hands/le.png" on model-path /;/c/Toontown-Last-Laff-Workspace-10-21-2022/src/toontown/launcher;/c/Panda3D-1.11.0-x64/etc/..;/c/Panda3D-1.11.0-x64/etc/../models
:10-29-2022 11:19:34 :gobj(error): Texture::read() - couldn't read: phase_3/maps/hands/le.png
:10-29-2022 11:19:34 :gobj(error): Unable to find texture "phase_3/maps/hands/le.png" on model-path /;/c/Toontown-Last-Laff-Workspace-10-21-2022/src/toontown/launcher;/c/Panda3D-1.11.0-x64/etc/..;/c/Panda3D-1.11.0-x64/etc/../models
:10-29-2022 11:19:34 :gobj(error): Texture::read() - couldn't read: phase_3/maps/hands/ls.png
:10-29-2022 11:19:34 :gobj(error): Unable to find texture "phase_3/maps/hands/ls.png" on model-path /;/c/Toontown-Last-Laff-Workspace-10-21-2022/src/toontown/launcher;/c/Panda3D-1.11.0-x64/etc/..;/c/Panda3D-1.11.0-x64/etc/../models
:10-29-2022 11:19:34 :gobj(error): Texture::read() - couldn't read: phase_3/maps/hands/le.png
:10-29-2022 11:19:34 :gobj(error): Unable to find texture "phase_3/maps/hands/le.png" on model-path /;/c/Toontown-Last-Laff-Workspace-10-21-2022/src/toontown/launcher;/c/Panda3D-1.11.0-x64/etc/..;/c/Panda3D-1.11.0-x64/etc/../models
:10-29-2022 11:19:34 :gobj(error): Texture::read() - couldn't read: phase_3/maps/hands/le.png
:10-29-2022 11:19:34 :gobj(error): Unable to find texture "phase_3/maps/hands/le.png" on model-path /;/c/Toontown-Last-Laff-Workspace-10-21-2022/src/toontown/launcher;/c/Panda3D-1.11.0-x64/etc/..;/c/Panda3D-1.11.0-x64/etc/../models
:10-29-2022 11:19:34 :gobj(error): Texture::read() - couldn't read: phase_3/maps/hands/le.png
:10-29-2022 11:19:34 :gobj(error): Unable to find texture "phase_3/maps/hands/le.png" on model-path /;/c/Toontown-Last-Laff-Workspace-10-21-2022/src/toontown/launcher;/c/Panda3D-1.11.0-x64/etc/..;/c/Panda3D-1.11.0-x64/etc/../models
:10-29-2022 11:19:34 :gobj(error): Texture::read() - couldn't read: phase_3/maps/hands/ls.png
:10-29-2022 11:19:34 :gobj(error): Unable to find texture "phase_3/maps/hands/ls.png" on model-path /;/c/Toontown-Last-Laff-Workspace-10-21-2022/src/toontown/launcher;/c/Panda3D-1.11.0-x64/etc/..;/c/Panda3D-1.11.0-x64/etc/../models
:10-29-2022 11:19:34 :gobj(error): Texture::read() - couldn't read: phase_3/maps/hands/ls.png
:10-29-2022 11:19:34 :gobj(error): Unable to find texture "phase_3/maps/hands/ls.png" on model-path /;/c/Toontown-Last-Laff-Workspace-10-21-2022/src/toontown/launcher;/c/Panda3D-1.11.0-x64/etc/..;/c/Panda3D-1.11.0-x64/etc/../models
:10-29-2022 11:19:34 :gobj(error): Texture::read() - couldn't read: phase_3/maps/hands/le.png
:10-29-2022 11:19:34 :gobj(error): Unable to find texture "phase_3/maps/hands/le.png" on model-path /;/c/Toontown-Last-Laff-Workspace-10-21-2022/src/toontown/launcher;/c/Panda3D-1.11.0-x64/etc/..;/c/Panda3D-1.11.0-x64/etc/../models
:10-29-2022 11:19:34 :gobj(error): Texture::read() - couldn't read: phase_3/maps/hands/ls.png
:10-29-2022 11:19:34 :gobj(error): Unable to find texture "phase_3/maps/hands/ls.png" on model-path /;/c/Toontown-Last-Laff-Workspace-10-21-2022/src/toontown/launcher;/c/Panda3D-1.11.0-x64/etc/..;/c/Panda3D-1.11.0-x64/etc/../models
:10-29-2022 11:19:34 :gobj(error): Texture::read() - couldn't read: phase_3/maps/hands/ls.png
:10-29-2022 11:19:34 :gobj(error): Unable to find texture "phase_3/maps/hands/ls.png" on model-path /;/c/Toontown-Last-Laff-Workspace-10-21-2022/src/toontown/launcher;/c/Panda3D-1.11.0-x64/etc/..;/c/Panda3D-1.11.0-x64/etc/../models
:10-29-2022 11:19:34 :gobj(error): Texture::read() - couldn't read: phase_3/maps/hands/cr.png
:10-29-2022 11:19:34 :gobj(error): Unable to find texture "phase_3/maps/hands/cr.png" on model-path /;/c/Toontown-Last-Laff-Workspace-10-21-2022/src/toontown/launcher;/c/Panda3D-1.11.0-x64/etc/..;/c/Panda3D-1.11.0-x64/etc/../models
:10-29-2022 11:19:34 :gobj(error): Texture::read() - couldn't read: phase_3/maps/hands/le.png
:10-29-2022 11:19:34 :gobj(error): Unable to find texture "phase_3/maps/hands/le.png" on model-path /;/c/Toontown-Last-Laff-Workspace-10-21-2022/src/toontown/launcher;/c/Panda3D-1.11.0-x64/etc/..;/c/Panda3D-1.11.0-x64/etc/../models
:10-29-2022 11:19:34 :gobj(error): Texture::read() - couldn't read: phase_3/maps/hands/m.png
:10-29-2022 11:19:34 :gobj(error): Unable to find texture "phase_3/maps/hands/m.png" on model-path /;/c/Toontown-Last-Laff-Workspace-10-21-2022/src/toontown/launcher;/c/Panda3D-1.11.0-x64/etc/..;/c/Panda3D-1.11.0-x64/etc/../models
:10-29-2022 11:19:34 :gobj(error): Texture::read() - couldn't read: phase_3/maps/hands/cr.png
:10-29-2022 11:19:34 :gobj(error): Unable to find texture "phase_3/maps/hands/cr.png" on model-path /;/c/Toontown-Last-Laff-Workspace-10-21-2022/src/toontown/launcher;/c/Panda3D-1.11.0-x64/etc/..;/c/Panda3D-1.11.0-x64/etc/../models
:10-29-2022 11:19:34 :gobj(error): Texture::read() - couldn't read: phase_3/maps/hands/le.png
:10-29-2022 11:19:34 :gobj(error): Unable to find texture "phase_3/maps/hands/le.png" on model-path /;/c/Toontown-Last-Laff-Workspace-10-21-2022/src/toontown/launcher;/c/Panda3D-1.11.0-x64/etc/..;/c/Panda3D-1.11.0-x64/etc/../models
:10-29-2022 11:19:34 :gobj(error): Texture::read() - couldn't read: phase_3/maps/hands/m.png
:10-29-2022 11:19:34 :gobj(error): Unable to find texture "phase_3/maps/hands/m.png" on model-path /;/c/Toontown-Last-Laff-Workspace-10-21-2022/src/toontown/launcher;/c/Panda3D-1.11.0-x64/etc/..;/c/Panda3D-1.11.0-x64/etc/../models
:10-29-2022 11:19:34 :gobj(error): Texture::read() - couldn't read: phase_3/maps/hands/le.png
:10-29-2022 11:19:34 :gobj(error): Unable to find texture "phase_3/maps/hands/le.png" on model-path /;/c/Toontown-Last-Laff-Workspace-10-21-2022/src/toontown/launcher;/c/Panda3D-1.11.0-x64/etc/..;/c/Panda3D-1.11.0-x64/etc/../models
:10-29-2022 11:19:34 :gobj(error): Texture::read() - couldn't read: phase_3/maps/hands/cr.png
:10-29-2022 11:19:34 :gobj(error): Unable to find texture "phase_3/maps/hands/cr.png" on model-path /;/c/Toontown-Last-Laff-Workspace-10-21-2022/src/toontown/launcher;/c/Panda3D-1.11.0-x64/etc/..;/c/Panda3D-1.11.0-x64/etc/../models
:10-29-2022 11:19:34 :gobj(error): Texture::read() - couldn't read: phase_3/maps/hands/le.png
:10-29-2022 11:19:34 :gobj(error): Unable to find texture "phase_3/maps/hands/le.png" on model-path /;/c/Toontown-Last-Laff-Workspace-10-21-2022/src/toontown/launcher;/c/Panda3D-1.11.0-x64/etc/..;/c/Panda3D-1.11.0-x64/etc/../models
:10-29-2022 11:19:34 :gobj(error): Texture::read() - couldn't read: phase_3/maps/hands/m.png
:10-29-2022 11:19:34 :gobj(error): Unable to find texture "phase_3/maps/hands/m.png" on model-path /;/c/Toontown-Last-Laff-Workspace-10-21-2022/src/toontown/launcher;/c/Panda3D-1.11.0-x64/etc/..;/c/Panda3D-1.11.0-x64/etc/../models
:10-29-2022 11:19:34 :gobj(error): Texture::read() - couldn't read: phase_3/maps/hands/m.png
:10-29-2022 11:19:34 :gobj(error): Unable to find texture "phase_3/maps/hands/m.png" on model-path /;/c/Toontown-Last-Laff-Workspace-10-21-2022/src/toontown/launcher;/c/Panda3D-1.11.0-x64/etc/..;/c/Panda3D-1.11.0-x64/etc/../models
:10-29-2022 11:19:34 :gobj(error): Texture::read() - couldn't read: phase_3/maps/hands/ls.png
:10-29-2022 11:19:34 :gobj(error): Unable to find texture "phase_3/maps/hands/ls.png" on model-path /;/c/Toontown-Last-Laff-Workspace-10-21-2022/src/toontown/launcher;/c/Panda3D-1.11.0-x64/etc/..;/c/Panda3D-1.11.0-x64/etc/../models
:10-29-2022 11:19:34 :gobj(error): Texture::read() - couldn't read: phase_3/maps/hands/m.png
:10-29-2022 11:19:34 :gobj(error): Unable to find texture "phase_3/maps/hands/m.png" on model-path /;/c/Toontown-Last-Laff-Workspace-10-21-2022/src/toontown/launcher;/c/Panda3D-1.11.0-x64/etc/..;/c/Panda3D-1.11.0-x64/etc/../models
:10-29-2022 11:19:34 :gobj(error): Texture::read() - couldn't read: phase_3/maps/hands/ls.png
:10-29-2022 11:19:34 :gobj(error): Unable to find texture "phase_3/maps/hands/ls.png" on model-path /;/c/Toontown-Last-Laff-Workspace-10-21-2022/src/toontown/launcher;/c/Panda3D-1.11.0-x64/etc/..;/c/Panda3D-1.11.0-x64/etc/../models
:10-29-2022 11:19:34 :gobj(error): Texture::read() - couldn't read: phase_3/maps/hands/le.png
:10-29-2022 11:19:34 :gobj(error): Unable to find texture "phase_3/maps/hands/le.png" on model-path /;/c/Toontown-Last-Laff-Workspace-10-21-2022/src/toontown/launcher;/c/Panda3D-1.11.0-x64/etc/..;/c/Panda3D-1.11.0-x64/etc/../models
:10-29-2022 11:19:34 :gobj(error): Texture::read() - couldn't read: phase_3/maps/hands/m.png
:10-29-2022 11:19:34 :gobj(error): Unable to find texture "phase_3/maps/hands/m.png" on model-path /;/c/Toontown-Last-Laff-Workspace-10-21-2022/src/toontown/launcher;/c/Panda3D-1.11.0-x64/etc/..;/c/Panda3D-1.11.0-x64/etc/../models
:10-29-2022 11:19:34 :gobj(error): Texture::read() - couldn't read: phase_3/maps/hands/m.png
:10-29-2022 11:19:34 :gobj(error): Unable to find texture "phase_3/maps/hands/m.png" on model-path /;/c/Toontown-Last-Laff-Workspace-10-21-2022/src/toontown/launcher;/c/Panda3D-1.11.0-x64/etc/..;/c/Panda3D-1.11.0-x64/etc/../models
:10-29-2022 11:19:34 :gobj(error): Texture::read() - couldn't read: phase_3/maps/hands/m.png
:10-29-2022 11:19:34 :gobj(error): Unable to find texture "phase_3/maps/hands/m.png" on model-path /;/c/Toontown-Last-Laff-Workspace-10-21-2022/src/toontown/launcher;/c/Panda3D-1.11.0-x64/etc/..;/c/Panda3D-1.11.0-x64/etc/../models
:10-29-2022 11:19:34 :gobj(error): Texture::read() - couldn't read: phase_3/maps/hands/m.png
:10-29-2022 11:19:34 :gobj(error): Unable to find texture "phase_3/maps/hands/m.png" on model-path /;/c/Toontown-Last-Laff-Workspace-10-21-2022/src/toontown/launcher;/c/Panda3D-1.11.0-x64/etc/..;/c/Panda3D-1.11.0-x64/etc/../models
:10-29-2022 11:19:34 :gobj(error): Texture::read() - couldn't read: phase_3/maps/hands/ls.png
:10-29-2022 11:19:34 :gobj(error): Unable to find texture "phase_3/maps/hands/ls.png" on model-path /;/c/Toontown-Last-Laff-Workspace-10-21-2022/src/toontown/launcher;/c/Panda3D-1.11.0-x64/etc/..;/c/Panda3D-1.11.0-x64/etc/../models
:10-29-2022 11:19:34 :gobj(error): Texture::read() - couldn't read: phase_3/maps/hands/m.png
:10-29-2022 11:19:34 :gobj(error): Unable to find texture "phase_3/maps/hands/m.png" on model-path /;/c/Toontown-Last-Laff-Workspace-10-21-2022/src/toontown/launcher;/c/Panda3D-1.11.0-x64/etc/..;/c/Panda3D-1.11.0-x64/etc/../models
:10-29-2022 11:19:34 :gobj(error): Texture::read() - couldn't read: phase_3/maps/hands/cr.png
:10-29-2022 11:19:34 :gobj(error): Unable to find texture "phase_3/maps/hands/cr.png" on model-path /;/c/Toontown-Last-Laff-Workspace-10-21-2022/src/toontown/launcher;/c/Panda3D-1.11.0-x64/etc/..;/c/Panda3D-1.11.0-x64/etc/../models
:10-29-2022 11:19:34 :gobj(error): Texture::read() - couldn't read: phase_3/maps/hands/cr.png
:10-29-2022 11:19:34 :gobj(error): Unable to find texture "phase_3/maps/hands/cr.png" on model-path /;/c/Toontown-Last-Laff-Workspace-10-21-2022/src/toontown/launcher;/c/Panda3D-1.11.0-x64/etc/..;/c/Panda3D-1.11.0-x64/etc/../models
:10-29-2022 11:19:34 :gobj(error): Texture::read() - couldn't read: phase_3/maps/hands/cr.png
:10-29-2022 11:19:34 :gobj(error): Unable to find texture "phase_3/maps/hands/cr.png" on model-path /;/c/Toontown-Last-Laff-Workspace-10-21-2022/src/toontown/launcher;/c/Panda3D-1.11.0-x64/etc/..;/c/Panda3D-1.11.0-x64/etc/../models
:10-29-2022 11:19:34 :gobj(error): Texture::read() - couldn't read: phase_3/maps/hands/m.png
:10-29-2022 11:19:34 :gobj(error): Unable to find texture "phase_3/maps/hands/m.png" on model-path /;/c/Toontown-Last-Laff-Workspace-10-21-2022/src/toontown/launcher;/c/Panda3D-1.11.0-x64/etc/..;/c/Panda3D-1.11.0-x64/etc/../models
:10-29-2022 11:19:34 :gobj(error): Texture::read() - couldn't read: phase_3/maps/hands/ls.png
:10-29-2022 11:19:34 :gobj(error): Unable to find texture "phase_3/maps/hands/ls.png" on model-path /;/c/Toontown-Last-Laff-Workspace-10-21-2022/src/toontown/launcher;/c/Panda3D-1.11.0-x64/etc/..;/c/Panda3D-1.11.0-x64/etc/../models
:10-29-2022 11:19:34 :gobj(error): Texture::read() - couldn't read: phase_3/maps/hands/le.png
:10-29-2022 11:19:34 :gobj(error): Unable to find texture "phase_3/maps/hands/le.png" on model-path /;/c/Toontown-Last-Laff-Workspace-10-21-2022/src/toontown/launcher;/c/Panda3D-1.11.0-x64/etc/..;/c/Panda3D-1.11.0-x64/etc/../models
:10-29-2022 11:19:35 :gobj(error): Texture::read() - couldn't read: phase_3/maps/hands/ls.png
:10-29-2022 11:19:35 :gobj(error): Unable to find texture "phase_3/maps/hands/ls.png" on model-path /;/c/Toontown-Last-Laff-Workspace-10-21-2022/src/toontown/launcher;/c/Panda3D-1.11.0-x64/etc/..;/c/Panda3D-1.11.0-x64/etc/../models
:10-29-2022 11:19:35 :gobj(error): Texture::read() - couldn't read: phase_3/maps/hands/cr.png
:10-29-2022 11:19:35 :gobj(error): Unable to find texture "phase_3/maps/hands/cr.png" on model-path /;/c/Toontown-Last-Laff-Workspace-10-21-2022/src/toontown/launcher;/c/Panda3D-1.11.0-x64/etc/..;/c/Panda3D-1.11.0-x64/etc/../models
:10-29-2022 11:19:35 :gobj(error): Texture::read() - couldn't read: phase_3/maps/hands/ls.png
:10-29-2022 11:19:35 :gobj(error): Unable to find texture "phase_3/maps/hands/ls.png" on model-path /;/c/Toontown-Last-Laff-Workspace-10-21-2022/src/toontown/launcher;/c/Panda3D-1.11.0-x64/etc/..;/c/Panda3D-1.11.0-x64/etc/../models
:10-29-2022 11:19:35 :gobj(error): Texture::read() - couldn't read: phase_3/maps/hands/ls.png
:10-29-2022 11:19:35 :gobj(error): Unable to find texture "phase_3/maps/hands/ls.png" on model-path /;/c/Toontown-Last-Laff-Workspace-10-21-2022/src/toontown/launcher;/c/Panda3D-1.11.0-x64/etc/..;/c/Panda3D-1.11.0-x64/etc/../models
:10-29-2022 11:19:35 :gobj(error): Texture::read() - couldn't read: phase_3/maps/hands/ls.png
:10-29-2022 11:19:35 :gobj(error): Unable to find texture "phase_3/maps/hands/ls.png" on model-path /;/c/Toontown-Last-Laff-Workspace-10-21-2022/src/toontown/launcher;/c/Panda3D-1.11.0-x64/etc/..;/c/Panda3D-1.11.0-x64/etc/../models
:10-29-2022 11:19:35 :gobj(error): Texture::read() - couldn't read: phase_3/maps/hands/ls.png
:10-29-2022 11:19:35 :gobj(error): Unable to find texture "phase_3/maps/hands/ls.png" on model-path /;/c/Toontown-Last-Laff-Workspace-10-21-2022/src/toontown/launcher;/c/Panda3D-1.11.0-x64/etc/..;/c/Panda3D-1.11.0-x64/etc/../models
:10-29-2022 11:19:35 :gobj(error): Texture::read() - couldn't read: phase_3/maps/hands/le.png
:10-29-2022 11:19:35 :gobj(error): Unable to find texture "phase_3/maps/hands/le.png" on model-path /;/c/Toontown-Last-Laff-Workspace-10-21-2022/src/toontown/launcher;/c/Panda3D-1.11.0-x64/etc/..;/c/Panda3D-1.11.0-x64/etc/../models
:10-29-2022 11:19:35 :gobj(error): Texture::read() - couldn't read: phase_3/maps/hands/ls.png
:10-29-2022 11:19:35 :gobj(error): Unable to find texture "phase_3/maps/hands/ls.png" on model-path /;/c/Toontown-Last-Laff-Workspace-10-21-2022/src/toontown/launcher;/c/Panda3D-1.11.0-x64/etc/..;/c/Panda3D-1.11.0-x64/etc/../models
:10-29-2022 11:19:35 :gobj(error): Texture::read() - couldn't read: phase_3/maps/hands/m.png
:10-29-2022 11:19:35 :gobj(error): Unable to find texture "phase_3/maps/hands/m.png" on model-path /;/c/Toontown-Last-Laff-Workspace-10-21-2022/src/toontown/launcher;/c/Panda3D-1.11.0-x64/etc/..;/c/Panda3D-1.11.0-x64/etc/../models
:10-29-2022 11:19:35 :gobj(error): Texture::read() - couldn't read: phase_3/maps/hands/ls.png
:10-29-2022 11:19:35 :gobj(error): Unable to find texture "phase_3/maps/hands/ls.png" on model-path /;/c/Toontown-Last-Laff-Workspace-10-21-2022/src/toontown/launcher;/c/Panda3D-1.11.0-x64/etc/..;/c/Panda3D-1.11.0-x64/etc/../models
:10-29-2022 11:19:35 :gobj(error): Texture::read() - couldn't read: phase_3/maps/hands/m.png
:10-29-2022 11:19:35 :gobj(error): Unable to find texture "phase_3/maps/hands/m.png" on model-path /;/c/Toontown-Last-Laff-Workspace-10-21-2022/src/toontown/launcher;/c/Panda3D-1.11.0-x64/etc/..;/c/Panda3D-1.11.0-x64/etc/../models
:10-29-2022 11:19:35 :gobj(error): Texture::read() - couldn't read: phase_3/maps/hands/m.png
:10-29-2022 11:19:35 :gobj(error): Unable to find texture "phase_3/maps/hands/m.png" on model-path /;/c/Toontown-Last-Laff-Workspace-10-21-2022/src/toontown/launcher;/c/Panda3D-1.11.0-x64/etc/..;/c/Panda3D-1.11.0-x64/etc/../models
:10-29-2022 11:19:35 :gobj(error): Texture::read() - couldn't read: phase_3/maps/hands/ls.png
:10-29-2022 11:19:35 :gobj(error): Unable to find texture "phase_3/maps/hands/ls.png" on model-path /;/c/Toontown-Last-Laff-Workspace-10-21-2022/src/toontown/launcher;/c/Panda3D-1.11.0-x64/etc/..;/c/Panda3D-1.11.0-x64/etc/../models
:10-29-2022 11:19:35 :gobj(error): Texture::read() - couldn't read: phase_3/maps/hands/ls.png
:10-29-2022 11:19:35 :gobj(error): Unable to find texture "phase_3/maps/hands/ls.png" on model-path /;/c/Toontown-Last-Laff-Workspace-10-21-2022/src/toontown/launcher;/c/Panda3D-1.11.0-x64/etc/..;/c/Panda3D-1.11.0-x64/etc/../models
:10-29-2022 11:19:35 :gobj(error): Texture::read() - couldn't read: phase_3/maps/hands/ls.png
:10-29-2022 11:19:35 :gobj(error): Unable to find texture "phase_3/maps/hands/ls.png" on model-path /;/c/Toontown-Last-Laff-Workspace-10-21-2022/src/toontown/launcher;/c/Panda3D-1.11.0-x64/etc/..;/c/Panda3D-1.11.0-x64/etc/../models
:10-29-2022 11:19:35 :gobj(error): Texture::read() - couldn't read: phase_3/maps/hands/le.png
:10-29-2022 11:19:35 :gobj(error): Unable to find texture "phase_3/maps/hands/le.png" on model-path /;/c/Toontown-Last-Laff-Workspace-10-21-2022/src/toontown/launcher;/c/Panda3D-1.11.0-x64/etc/..;/c/Panda3D-1.11.0-x64/etc/../models
:10-29-2022 11:19:35 :gobj(error): Texture::read() - couldn't read: phase_3/maps/hands/le.png
:10-29-2022 11:19:35 :gobj(error): Unable to find texture "phase_3/maps/hands/le.png" on model-path /;/c/Toontown-Last-Laff-Workspace-10-21-2022/src/toontown/launcher;/c/Panda3D-1.11.0-x64/etc/..;/c/Panda3D-1.11.0-x64/etc/../models
:10-29-2022 11:19:35 :gobj(error): Texture::read() - couldn't read: phase_3/maps/hands/m.png
:10-29-2022 11:19:35 :gobj(error): Unable to find texture "phase_3/maps/hands/m.png" on model-path /;/c/Toontown-Last-Laff-Workspace-10-21-2022/src/toontown/launcher;/c/Panda3D-1.11.0-x64/etc/..;/c/Panda3D-1.11.0-x64/etc/../models
:10-29-2022 11:19:35 :gobj(error): Texture::read() - couldn't read: phase_3/maps/hands/cr.png
:10-29-2022 11:19:35 :gobj(error): Unable to find texture "phase_3/maps/hands/cr.png" on model-path /;/c/Toontown-Last-Laff-Workspace-10-21-2022/src/toontown/launcher;/c/Panda3D-1.11.0-x64/etc/..;/c/Panda3D-1.11.0-x64/etc/../models
:10-29-2022 11:19:35 :gobj(error): Texture::read() - couldn't read: phase_3/maps/hands/ls.png
:10-29-2022 11:19:35 :gobj(error): Unable to find texture "phase_3/maps/hands/ls.png" on model-path /;/c/Toontown-Last-Laff-Workspace-10-21-2022/src/toontown/launcher;/c/Panda3D-1.11.0-x64/etc/..;/c/Panda3D-1.11.0-x64/etc/../models
:10-29-2022 11:19:35 :gobj(error): Texture::read() - couldn't read: phase_3/maps/hands/le.png
:10-29-2022 11:19:35 :gobj(error): Unable to find texture "phase_3/maps/hands/le.png" on model-path /;/c/Toontown-Last-Laff-Workspace-10-21-2022/src/toontown/launcher;/c/Panda3D-1.11.0-x64/etc/..;/c/Panda3D-1.11.0-x64/etc/../models
:10-29-2022 11:19:35 :gobj(error): Texture::read() - couldn't read: phase_3/maps/hands/m.png
:10-29-2022 11:19:35 :gobj(error): Unable to find texture "phase_3/maps/hands/m.png" on model-path /;/c/Toontown-Last-Laff-Workspace-10-21-2022/src/toontown/launcher;/c/Panda3D-1.11.0-x64/etc/..;/c/Panda3D-1.11.0-x64/etc/../models
:10-29-2022 11:19:35 :gobj(error): Texture::read() - couldn't read: phase_3/maps/hands/cr.png
:10-29-2022 11:19:35 :gobj(error): Unable to find texture "phase_3/maps/hands/cr.png" on model-path /;/c/Toontown-Last-Laff-Workspace-10-21-2022/src/toontown/launcher;/c/Panda3D-1.11.0-x64/etc/..;/c/Panda3D-1.11.0-x64/etc/../models
:10-29-2022 11:19:35 :gobj(error): Texture::read() - couldn't read: phase_3/maps/hands/m.png
:10-29-2022 11:19:35 :gobj(error): Unable to find texture "phase_3/maps/hands/m.png" on model-path /;/c/Toontown-Last-Laff-Workspace-10-21-2022/src/toontown/launcher;/c/Panda3D-1.11.0-x64/etc/..;/c/Panda3D-1.11.0-x64/etc/../models
:10-29-2022 11:19:35 :gobj(error): Texture::read() - couldn't read: phase_3/maps/hands/le.png
:10-29-2022 11:19:35 :gobj(error): Unable to find texture "phase_3/maps/hands/le.png" on model-path /;/c/Toontown-Last-Laff-Workspace-10-21-2022/src/toontown/launcher;/c/Panda3D-1.11.0-x64/etc/..;/c/Panda3D-1.11.0-x64/etc/../models
:10-29-2022 11:19:35 :gobj(error): Texture::read() - couldn't read: phase_3/maps/hands/m.png
:10-29-2022 11:19:35 :gobj(error): Unable to find texture "phase_3/maps/hands/m.png" on model-path /;/c/Toontown-Last-Laff-Workspace-10-21-2022/src/toontown/launcher;/c/Panda3D-1.11.0-x64/etc/..;/c/Panda3D-1.11.0-x64/etc/../models
:10-29-2022 11:19:35 :gobj(error): Texture::read() - couldn't read: phase_3/maps/hands/le.png
:10-29-2022 11:19:35 :gobj(error): Unable to find texture "phase_3/maps/hands/le.png" on model-path /;/c/Toontown-Last-Laff-Workspace-10-21-2022/src/toontown/launcher;/c/Panda3D-1.11.0-x64/etc/..;/c/Panda3D-1.11.0-x64/etc/../models
:10-29-2022 11:19:35 :gobj(error): Texture::read() - couldn't read: phase_3/maps/hands/m.png
:10-29-2022 11:19:35 :gobj(error): Unable to find texture "phase_3/maps/hands/m.png" on model-path /;/c/Toontown-Last-Laff-Workspace-10-21-2022/src/toontown/launcher;/c/Panda3D-1.11.0-x64/etc/..;/c/Panda3D-1.11.0-x64/etc/../models
:10-29-2022 11:19:35 :gobj(error): Texture::read() - couldn't read: phase_3/maps/hands/ls.png
:10-29-2022 11:19:35 :gobj(error): Unable to find texture "phase_3/maps/hands/ls.png" on model-path /;/c/Toontown-Last-Laff-Workspace-10-21-2022/src/toontown/launcher;/c/Panda3D-1.11.0-x64/etc/..;/c/Panda3D-1.11.0-x64/etc/../models
:10-29-2022 11:19:35 :gobj(error): Texture::read() - couldn't read: phase_3/maps/hands/m.png
:10-29-2022 11:19:35 :gobj(error): Unable to find texture "phase_3/maps/hands/m.png" on model-path /;/c/Toontown-Last-Laff-Workspace-10-21-2022/src/toontown/launcher;/c/Panda3D-1.11.0-x64/etc/..;/c/Panda3D-1.11.0-x64/etc/../models
:10-29-2022 11:19:35 :gobj(error): Texture::read() - couldn't read: phase_3/maps/hands/ls.png
:10-29-2022 11:19:35 :gobj(error): Unable to find texture "phase_3/maps/hands/ls.png" on model-path /;/c/Toontown-Last-Laff-Workspace-10-21-2022/src/toontown/launcher;/c/Panda3D-1.11.0-x64/etc/..;/c/Panda3D-1.11.0-x64/etc/../models
:10-29-2022 11:19:35 :gobj(error): Texture::read() - couldn't read: phase_3/maps/hands/cr.png
:10-29-2022 11:19:35 :gobj(error): Unable to find texture "phase_3/maps/hands/cr.png" on model-path /;/c/Toontown-Last-Laff-Workspace-10-21-2022/src/toontown/launcher;/c/Panda3D-1.11.0-x64/etc/..;/c/Panda3D-1.11.0-x64/etc/../models
:10-29-2022 11:19:35 :gobj(error): Texture::read() - couldn't read: phase_3/maps/hands/cr.png
:10-29-2022 11:19:35 :gobj(error): Unable to find texture "phase_3/maps/hands/cr.png" on model-path /;/c/Toontown-Last-Laff-Workspace-10-21-2022/src/toontown/launcher;/c/Panda3D-1.11.0-x64/etc/..;/c/Panda3D-1.11.0-x64/etc/../models
:10-29-2022 11:19:35 :gobj(error): Texture::read() - couldn't read: phase_3/maps/hands/m.png
:10-29-2022 11:19:35 :gobj(error): Unable to find texture "phase_3/maps/hands/m.png" on model-path /;/c/Toontown-Last-Laff-Workspace-10-21-2022/src/toontown/launcher;/c/Panda3D-1.11.0-x64/etc/..;/c/Panda3D-1.11.0-x64/etc/../models
:10-29-2022 11:19:35 :gobj(error): Texture::read() - couldn't read: phase_3/maps/hands/le.png
:10-29-2022 11:19:35 :gobj(error): Unable to find texture "phase_3/maps/hands/le.png" on model-path /;/c/Toontown-Last-Laff-Workspace-10-21-2022/src/toontown/launcher;/c/Panda3D-1.11.0-x64/etc/..;/c/Panda3D-1.11.0-x64/etc/../models
:10-29-2022 11:19:35 :gobj(error): Texture::read() - couldn't read: phase_3/maps/hands/le.png
:10-29-2022 11:19:35 :gobj(error): Unable to find texture "phase_3/maps/hands/le.png" on model-path /;/c/Toontown-Last-Laff-Workspace-10-21-2022/src/toontown/launcher;/c/Panda3D-1.11.0-x64/etc/..;/c/Panda3D-1.11.0-x64/etc/../models
:10-29-2022 11:19:35 :gobj(error): Texture::read() - couldn't read: phase_3/maps/hands/ls.png
:10-29-2022 11:19:35 :gobj(error): Unable to find texture "phase_3/maps/hands/ls.png" on model-path /;/c/Toontown-Last-Laff-Workspace-10-21-2022/src/toontown/launcher;/c/Panda3D-1.11.0-x64/etc/..;/c/Panda3D-1.11.0-x64/etc/../models
:10-29-2022 11:19:35 :gobj(error): Texture::read() - couldn't read: phase_3/maps/hands/ls.png
:10-29-2022 11:19:35 :gobj(error): Unable to find texture "phase_3/maps/hands/ls.png" on model-path /;/c/Toontown-Last-Laff-Workspace-10-21-2022/src/toontown/launcher;/c/Panda3D-1.11.0-x64/etc/..;/c/Panda3D-1.11.0-x64/etc/../models
:10-29-2022 11:19:35 :gobj(error): Texture::read() - couldn't read: phase_3/maps/hands/m.png
:10-29-2022 11:19:35 :gobj(error): Unable to find texture "phase_3/maps/hands/m.png" on model-path /;/c/Toontown-Last-Laff-Workspace-10-21-2022/src/toontown/launcher;/c/Panda3D-1.11.0-x64/etc/..;/c/Panda3D-1.11.0-x64/etc/../models
:10-29-2022 11:19:35 :gobj(error): Texture::read() - couldn't read: phase_3/maps/hands/le.png
:10-29-2022 11:19:36 :gobj(error): Unable to find texture "phase_3/maps/hands/le.png" on model-path /;/c/Toontown-Last-Laff-Workspace-10-21-2022/src/toontown/launcher;/c/Panda3D-1.11.0-x64/etc/..;/c/Panda3D-1.11.0-x64/etc/../models
:10-29-2022 11:19:36 :gobj(error): Texture::read() - couldn't read: phase_3/maps/hands/le.png
:10-29-2022 11:19:36 :gobj(error): Unable to find texture "phase_3/maps/hands/le.png" on model-path /;/c/Toontown-Last-Laff-Workspace-10-21-2022/src/toontown/launcher;/c/Panda3D-1.11.0-x64/etc/..;/c/Panda3D-1.11.0-x64/etc/../models
:10-29-2022 11:19:36 :gobj(error): Texture::read() - couldn't read: phase_3/maps/hands/m.png
:10-29-2022 11:19:36 :gobj(error): Unable to find texture "phase_3/maps/hands/m.png" on model-path /;/c/Toontown-Last-Laff-Workspace-10-21-2022/src/toontown/launcher;/c/Panda3D-1.11.0-x64/etc/..;/c/Panda3D-1.11.0-x64/etc/../models
:10-29-2022 11:19:36 :gobj(error): Texture::read() - couldn't read: phase_3/maps/hands/ls.png
:10-29-2022 11:19:36 :gobj(error): Unable to find texture "phase_3/maps/hands/ls.png" on model-path /;/c/Toontown-Last-Laff-Workspace-10-21-2022/src/toontown/launcher;/c/Panda3D-1.11.0-x64/etc/..;/c/Panda3D-1.11.0-x64/etc/../models
:10-29-2022 11:19:36 :gobj(error): Texture::read() - couldn't read: phase_3/maps/hands/m.png
:10-29-2022 11:19:36 :gobj(error): Unable to find texture "phase_3/maps/hands/m.png" on model-path /;/c/Toontown-Last-Laff-Workspace-10-21-2022/src/toontown/launcher;/c/Panda3D-1.11.0-x64/etc/..;/c/Panda3D-1.11.0-x64/etc/../models
:10-29-2022 11:19:36 :gobj(error): Texture::read() - couldn't read: phase_3/maps/hands/m.png
:10-29-2022 11:19:36 :gobj(error): Unable to find texture "phase_3/maps/hands/m.png" on model-path /;/c/Toontown-Last-Laff-Workspace-10-21-2022/src/toontown/launcher;/c/Panda3D-1.11.0-x64/etc/..;/c/Panda3D-1.11.0-x64/etc/../models
:10-29-2022 11:19:36 :gobj(error): Texture::read() - couldn't read: phase_3/maps/hands/cr.png
:10-29-2022 11:19:36 :gobj(error): Unable to find texture "phase_3/maps/hands/cr.png" on model-path /;/c/Toontown-Last-Laff-Workspace-10-21-2022/src/toontown/launcher;/c/Panda3D-1.11.0-x64/etc/..;/c/Panda3D-1.11.0-x64/etc/../models
:10-29-2022 11:19:36 :gobj(error): Texture::read() - couldn't read: phase_3/maps/hands/ls.png
:10-29-2022 11:19:36 :gobj(error): Unable to find texture "phase_3/maps/hands/ls.png" on model-path /;/c/Toontown-Last-Laff-Workspace-10-21-2022/src/toontown/launcher;/c/Panda3D-1.11.0-x64/etc/..;/c/Panda3D-1.11.0-x64/etc/../models
:10-29-2022 11:19:36 :gobj(error): Texture::read() - couldn't read: phase_3/maps/hands/m.png
:10-29-2022 11:19:36 :gobj(error): Unable to find texture "phase_3/maps/hands/m.png" on model-path /;/c/Toontown-Last-Laff-Workspace-10-21-2022/src/toontown/launcher;/c/Panda3D-1.11.0-x64/etc/..;/c/Panda3D-1.11.0-x64/etc/../models
:10-29-2022 11:19:36 :gobj(error): Texture::read() - couldn't read: phase_3/maps/hands/le.png
:10-29-2022 11:19:36 :gobj(error): Unable to find texture "phase_3/maps/hands/le.png" on model-path /;/c/Toontown-Last-Laff-Workspace-10-21-2022/src/toontown/launcher;/c/Panda3D-1.11.0-x64/etc/..;/c/Panda3D-1.11.0-x64/etc/../models
:10-29-2022 11:19:36 :gobj(error): Texture::read() - couldn't read: phase_3/maps/hands/m.png
:10-29-2022 11:19:36 :gobj(error): Unable to find texture "phase_3/maps/hands/m.png" on model-path /;/c/Toontown-Last-Laff-Workspace-10-21-2022/src/toontown/launcher;/c/Panda3D-1.11.0-x64/etc/..;/c/Panda3D-1.11.0-x64/etc/../models
:10-29-2022 11:19:36 :gobj(error): Texture::read() - couldn't read: phase_3/maps/hands/m.png
:10-29-2022 11:19:36 :gobj(error): Unable to find texture "phase_3/maps/hands/m.png" on model-path /;/c/Toontown-Last-Laff-Workspace-10-21-2022/src/toontown/launcher;/c/Panda3D-1.11.0-x64/etc/..;/c/Panda3D-1.11.0-x64/etc/../models
:10-29-2022 11:19:36 :gobj(error): Texture::read() - couldn't read: phase_3/maps/hands/ls.png
:10-29-2022 11:19:36 :gobj(error): Unable to find texture "phase_3/maps/hands/ls.png" on model-path /;/c/Toontown-Last-Laff-Workspace-10-21-2022/src/toontown/launcher;/c/Panda3D-1.11.0-x64/etc/..;/c/Panda3D-1.11.0-x64/etc/../models
:10-29-2022 11:19:36 :gobj(error): Texture::read() - couldn't read: phase_3/maps/hands/le.png
:10-29-2022 11:19:36 :gobj(error): Unable to find texture "phase_3/maps/hands/le.png" on model-path /;/c/Toontown-Last-Laff-Workspace-10-21-2022/src/toontown/launcher;/c/Panda3D-1.11.0-x64/etc/..;/c/Panda3D-1.11.0-x64/etc/../models
:10-29-2022 11:19:36 :gobj(error): Texture::read() - couldn't read: phase_3/maps/hands/cr.png
:10-29-2022 11:19:36 :gobj(error): Unable to find texture "phase_3/maps/hands/cr.png" on model-path /;/c/Toontown-Last-Laff-Workspace-10-21-2022/src/toontown/launcher;/c/Panda3D-1.11.0-x64/etc/..;/c/Panda3D-1.11.0-x64/etc/../models
:10-29-2022 11:19:36 :gobj(error): Texture::read() - couldn't read: phase_3/maps/hands/ls.png
:10-29-2022 11:19:36 :gobj(error): Unable to find texture "phase_3/maps/hands/ls.png" on model-path /;/c/Toontown-Last-Laff-Workspace-10-21-2022/src/toontown/launcher;/c/Panda3D-1.11.0-x64/etc/..;/c/Panda3D-1.11.0-x64/etc/../models
:10-29-2022 11:19:36 :gobj(error): Texture::read() - couldn't read: phase_3/maps/hands/le.png
:10-29-2022 11:19:36 :gobj(error): Unable to find texture "phase_3/maps/hands/le.png" on model-path /;/c/Toontown-Last-Laff-Workspace-10-21-2022/src/toontown/launcher;/c/Panda3D-1.11.0-x64/etc/..;/c/Panda3D-1.11.0-x64/etc/../models
:10-29-2022 11:19:36 :gobj(error): Texture::read() - couldn't read: phase_3/maps/hands/tbc.png
:10-29-2022 11:19:36 :gobj(error): Unable to find texture "phase_3/maps/hands/tbc.png" on model-path /;/c/Toontown-Last-Laff-Workspace-10-21-2022/src/toontown/launcher;/c/Panda3D-1.11.0-x64/etc/..;/c/Panda3D-1.11.0-x64/etc/../models
:10-29-2022 11:19:36 :gobj(error): Texture::read() - couldn't read: phase_3/maps/hands/tbc.png
:10-29-2022 11:19:36 :gobj(error): Unable to find texture "phase_3/maps/hands/tbc.png" on model-path /;/c/Toontown-Last-Laff-Workspace-10-21-2022/src/toontown/launcher;/c/Panda3D-1.11.0-x64/etc/..;/c/Panda3D-1.11.0-x64/etc/../models
:10-29-2022 11:19:36 BossbotHQBossBattle(warning): fsm.request('movie') returned 0 (zone id 61000, avatar pos LPoint3f(2.49858, -89.487, 0.0825828)).
:10-29-2022 11:19:36 TTOffMagicWordManager: Skipping to third round...
:10-29-2022 11:19:38 ToontownChatManager: QA-REGRESSION: CHAT: Speedchat Plus
:10-29-2022 11:19:41 TTOffMagicWordManager: Wittybumble can now insta-kill Cogs!
Battle Event localtoon-battle-event-10
:10-29-2022 11:19:48 ToontownChatManager: QA-REGRESSION: CHAT: Speedchat
:10-29-2022 11:22:48 OTPClientRepository: Sending heartbeat mid-frame.
:10-29-2022 11:23:46 GarbageCollect(warning): garbage found, reverting gc threshold
:10-29-2022 11:23:56 ToontownChatManager: QA-REGRESSION: CHAT: Speedchat
frame rate: 36.5 fps|0.005d|34 avs||311|312||0x0000|0x0000|830.2MB|809.8MB|16302.1MB|831|nt.2.6.2|3.601,3.601|4,8 cpus|OpenGL
:10-29-2022 11:23:59 OTPClientRepository: Sending heartbeat mid-frame.
:10-29-2022 11:27:12 OTPClientRepository(warning): Server is booting us out (153): The session object with id 100000001 has been unexpectedly deleted.
:10-29-2022 11:27:12 OTPClientRepository(warning): Lost connection to gameserver.
:10-29-2022 11:27:12 BossbotHQBossBattle: Unloading Place (61000). Fsm in final
:10-29-2022 11:27:12 OTPClientRepository(warning): unclean exit, abandoning shard
ignoring InputState-forward
:10-29-2022 11:27:12 OTPClientRepository: sending clientLogout
Assertion failed: _error_type != ET_not_found at line 592 of panda/src/pgraph/nodePath.cxx
Traceback (most recent call last):
  File "C:\Panda3D-1.11.0-x64\direct\distributed\ConnectionRepository.py", line 609, in readerPollUntilEmpty
    while self.readerPollOnce():
  File "C:\Panda3D-1.11.0-x64\direct\distributed\ConnectionRepository.py", line 616, in readerPollOnce
    self.handleDatagram(self.private__di)
  File "otp\distributed\OTPClientRepository.py", line 1838, in handleDatagram
    self.handler(msgType, di)
  File "otp\distributed\OTPClientRepository.py", line 1445, in handlePlayGame
    self.handleMessageType(msgType, di)
  File "otp\distributed\OTPClientRepository.py", line 1716, in handleMessageType
    self.handleGoGetLost(di)
  File "C:\Panda3D-1.11.0-x64\direct\distributed\ClientRepositoryBase.py", line 494, in handleGoGetLost
    self.lostConnection()
  File "otp\distributed\OTPClientRepository.py", line 1621, in lostConnection
    self.loginFSM.request('noConnection')
  File "C:\Panda3D-1.11.0-x64\direct\fsm\ClassicFSM.py", line 281, in request
    exitArgList)
  File "C:\Panda3D-1.11.0-x64\direct\fsm\ClassicFSM.py", line 227, in __transition
    self.__exitCurrent(exitArgList)
  File "C:\Panda3D-1.11.0-x64\direct\fsm\ClassicFSM.py", line 185, in __exitCurrent
    self.__currentState.exit(argList)
  File "C:\Panda3D-1.11.0-x64\direct\fsm\State.py", line 213, in exit
    self.__exitFunc(*argList)
  File "toontown\distributed\ToontownClientRepository.py", line 430, in exitPlayingGame
    base.localAvatar.deleteOrDelay()
  File "C:\Panda3D-1.11.0-x64\direct\distributed\DistributedObject.py", line 201, in deleteOrDelay
    self.disableAnnounceAndDelete()
  File "C:\Panda3D-1.11.0-x64\direct\distributed\DistributedObject.py", line 204, in disableAnnounceAndDelete
    self.disableAndAnnounce()
  File "C:\Panda3D-1.11.0-x64\direct\distributed\DistributedObject.py", line 230, in disableAndAnnounce
    self.disable()
  File "toontown\toon\LocalToon.py", line 256, in disable
    self.book.unload()
  File "toontown\shtiker\ShtikerBook.py", line 150, in unload
    page.unload()
  File "toontown\shtiker\SuitPage.py", line 240, in unload
    shadow.removeNode()
AssertionError: _error_type != ET_not_found at line 592 of panda/src/pgraph/nodePath.cxx
:10-29-2022 11:27:12 :task(error): Exception occurred in PythonTask readerPollTask-97017824
Traceback (most recent call last):
  File "C:\Panda3D-1.11.0-x64\direct\showbase\EventManager.py", line 49, in eventLoopTask
    self.doEvents()
  File "C:\Panda3D-1.11.0-x64\direct\showbase\EventManager.py", line 42, in doEvents
    while not isEmptyFunc():
  File "C:\Panda3D-1.11.0-x64\direct\distributed\ConnectionRepository.py", line 609, in readerPollUntilEmpty
    while self.readerPollOnce():
  File "C:\Panda3D-1.11.0-x64\direct\distributed\ConnectionRepository.py", line 616, in readerPollOnce
    self.handleDatagram(self.private__di)
  File "otp\distributed\OTPClientRepository.py", line 1838, in handleDatagram
    self.handler(msgType, di)
  File "otp\distributed\OTPClientRepository.py", line 1445, in handlePlayGame
    self.handleMessageType(msgType, di)
  File "otp\distributed\OTPClientRepository.py", line 1716, in handleMessageType
    self.handleGoGetLost(di)
  File "C:\Panda3D-1.11.0-x64\direct\distributed\ClientRepositoryBase.py", line 494, in handleGoGetLost
    self.lostConnection()
  File "otp\distributed\OTPClientRepository.py", line 1621, in lostConnection
    self.loginFSM.request('noConnection')
  File "C:\Panda3D-1.11.0-x64\direct\fsm\ClassicFSM.py", line 281, in request
    exitArgList)
  File "C:\Panda3D-1.11.0-x64\direct\fsm\ClassicFSM.py", line 227, in __transition
    self.__exitCurrent(exitArgList)
  File "C:\Panda3D-1.11.0-x64\direct\fsm\ClassicFSM.py", line 185, in __exitCurrent
    self.__currentState.exit(argList)
  File "C:\Panda3D-1.11.0-x64\direct\fsm\State.py", line 213, in exit
    self.__exitFunc(*argList)
  File "toontown\distributed\ToontownClientRepository.py", line 430, in exitPlayingGame
    base.localAvatar.deleteOrDelay()
  File "C:\Panda3D-1.11.0-x64\direct\distributed\DistributedObject.py", line 201, in deleteOrDelay
    self.disableAnnounceAndDelete()
  File "C:\Panda3D-1.11.0-x64\direct\distributed\DistributedObject.py", line 204, in disableAnnounceAndDelete
    self.disableAndAnnounce()
  File "C:\Panda3D-1.11.0-x64\direct\distributed\DistributedObject.py", line 230, in disableAndAnnounce
    self.disable()
  File "toontown\toon\LocalToon.py", line 256, in disable
    self.book.unload()
  File "toontown\shtiker\ShtikerBook.py", line 150, in unload
    page.unload()
  File "toontown\shtiker\SuitPage.py", line 240, in unload
    shadow.removeNode()
AssertionError: _error_type != ET_not_found at line 592 of panda/src/pgraph/nodePath.cxx
:10-29-2022 11:27:12 :task(error): Exception occurred in PythonTask eventManager
:10-29-2022 11:27:12 TTOffLauncher: setting panda error code to 12
:10-29-2022 11:27:12 TTOffLauncher(warning): Handling Python exception.
:10-29-2022 11:27:12 OTPClientRepository: Sent disconnect message to server
:10-29-2022 11:27:12 OTPClientRepository: Closing connection to server.
:10-29-2022 11:27:12 TTOffLauncher: Exception exit.

Traceback (most recent call last):
  File "otp\launcher\LauncherBase.py", line 1081, in mainLoop
    self._runTaskManager()
  File "otp\launcher\LauncherBase.py", line 1052, in _runTaskManager
    taskMgr.run()
  File "C:\Panda3D-1.11.0-x64\direct\task\Task.py", line 528, in run
    self.step()
  File "C:\Panda3D-1.11.0-x64\direct\task\Task.py", line 482, in step
    self.mgr.poll()
  File "C:\Panda3D-1.11.0-x64\direct\showbase\EventManager.py", line 49, in eventLoopTask
    self.doEvents()
  File "C:\Panda3D-1.11.0-x64\direct\showbase\EventManager.py", line 42, in doEvents
    while not isEmptyFunc():
  File "C:\Panda3D-1.11.0-x64\direct\distributed\ConnectionRepository.py", line 609, in readerPollUntilEmpty
    while self.readerPollOnce():
  File "C:\Panda3D-1.11.0-x64\direct\distributed\ConnectionRepository.py", line 616, in readerPollOnce
    self.handleDatagram(self.private__di)
  File "otp\distributed\OTPClientRepository.py", line 1838, in handleDatagram
    self.handler(msgType, di)
  File "otp\distributed\OTPClientRepository.py", line 1445, in handlePlayGame
    self.handleMessageType(msgType, di)
  File "otp\distributed\OTPClientRepository.py", line 1716, in handleMessageType
    self.handleGoGetLost(di)
  File "C:\Panda3D-1.11.0-x64\direct\distributed\ClientRepositoryBase.py", line 494, in handleGoGetLost
    self.lostConnection()
  File "otp\distributed\OTPClientRepository.py", line 1621, in lostConnection
    self.loginFSM.request('noConnection')
  File "C:\Panda3D-1.11.0-x64\direct\fsm\ClassicFSM.py", line 281, in request
    exitArgList)
  File "C:\Panda3D-1.11.0-x64\direct\fsm\ClassicFSM.py", line 227, in __transition
    self.__exitCurrent(exitArgList)
  File "C:\Panda3D-1.11.0-x64\direct\fsm\ClassicFSM.py", line 185, in __exitCurrent
    self.__currentState.exit(argList)
  File "C:\Panda3D-1.11.0-x64\direct\fsm\State.py", line 213, in exit
    self.__exitFunc(*argList)
  File "toontown\distributed\ToontownClientRepository.py", line 430, in exitPlayingGame
    base.localAvatar.deleteOrDelay()
  File "C:\Panda3D-1.11.0-x64\direct\distributed\DistributedObject.py", line 201, in deleteOrDelay
    self.disableAnnounceAndDelete()
  File "C:\Panda3D-1.11.0-x64\direct\distributed\DistributedObject.py", line 204, in disableAnnounceAndDelete
    self.disableAndAnnounce()
  File "C:\Panda3D-1.11.0-x64\direct\distributed\DistributedObject.py", line 230, in disableAndAnnounce
    self.disable()
  File "toontown\toon\LocalToon.py", line 256, in disable
    self.book.unload()
  File "toontown\shtiker\ShtikerBook.py", line 150, in unload
    page.unload()
  File "toontown\shtiker\SuitPage.py", line 240, in unload
    shadow.removeNode()
AssertionError: _error_type != ET_not_found at line 592 of panda/src/pgraph/nodePath.cxx
