

Starting Toontown Online...
Current time: Fri Oct 28 20:33:14 2022 Eastern Standard Time
sys.path =  ['', 'C:\\Toontown-Last-Laff-Workspace-10-21-2022\\src\\Panda3D-1.11.0-x64\\python\\python27.zip', 'C:\\Panda3D-1.11.0-x64', 'C:\\Toontown-Last-Laff-Workspace-10-21-2022\\src\\Panda3D-1.11.0-x64\\python\\DLLs', 'C:\\Toontown-Last-Laff-Workspace-10-21-2022\\src\\Panda3D-1.11.0-x64\\python\\lib', 'C:\\Toontown-Last-Laff-Workspace-10-21-2022\\src\\Panda3D-1.11.0-x64\\python\\lib\\plat-win', 'C:\\Toontown-Last-Laff-Workspace-10-21-2022\\src\\Panda3D-1.11.0-x64\\python\\lib\\lib-tk', 'C:\\Toontown-Last-Laff-Workspace-10-21-2022\\src\\Panda3D-1.11.0-x64\\python', 'C:\\Toontown-Last-Laff-Workspace-10-21-2022\\src\\Panda3D-1.11.0-x64', 'C:\\Toontown-Last-Laff-Workspace-10-21-2022\\src\\Panda3D-1.11.0-x64\\bin', 'C:\\Toontown-Last-Laff-Workspace-10-21-2022\\src\\Panda3D-1.11.0-x64\\python\\lib\\site-packages']
sys.argv =  ['C:\\Toontown-Last-Laff-Workspace-10-21-2022\\src\\toontown\\launcher\\TTOffQuickStartLauncher.py']
generating standard configrc
os.environ =  {'TMP': 'C:\\Users\\Philip\\AppData\\Local\\Temp', 'COMPUTERNAME': 'PHILIP-JR', 'USERDOMAIN': 'PHILIP-JR', 'NEKO_INSTPATH': 'C:\\HaxeToolkit\\neko', 'PSMODULEPATH': 'C:\\WINDOWS\\system32\\WindowsPowerShell\\v1.0\\Modules\\', 'DOKANLIBRARY1': 'C:\\Program Files\\Dokan\\Dokan Library-1.4.1\\', 'ADSK_3DSMAX_X64_2021': 'C:\\Program Files\\Autodesk\\3ds Max 2021\\', 'PROCESSOR_IDENTIFIER': 'Intel64 Family 6 Model 45 Stepping 7, GenuineIntel', 'VBOX_MSI_INSTALL_PATH': 'C:\\Program Files\\Oracle\\VirtualBox\\', 'PROGRAMFILES': 'C:\\Program Files', 'PROCESSOR_REVISION': '2d07', 'PATH': 'C:\\Panda3D-1.11.0-x64\\panda3d\\..\\bin;C:\\Program Files (x86)\\Common Files\\Oracle\\Java\\javapath;C:\\Windows\\system32;C:\\Windows;C:\\Windows\\System32\\Wbem;C:\\Windows\\System32\\WindowsPowerShell\\v1.0\\;C:\\Program Files (x86)\\NVIDIA Corporation\\PhysX\\Common;C:\\Program Files\\Git\\cmd;C:\\WINDOWS\\system32;C:\\WINDOWS;C:\\WINDOWS\\System32\\Wbem;C:\\WINDOWS\\System32\\WindowsPowerShell\\v1.0\\;C:\\Program Files\\dotnet\\;C:\\Program Files\\Common Files\\Autodesk Shared\\;C:\\Program Files\\Microsoft SQL Server\\120\\Tools\\Binn\\;C:\\HaxeToolkit\\haxe;C:\\HaxeToolkit\\neko;C:\\Program Files\\Animation Paper\\gstreamer\\bin;C:\\Program Files\\PuTTY\\;C:\\Program Files\\NVIDIA Corporation\\NVIDIA NvDLISR;C:\\Program Files (x86)\\Windows Live\\Shared;C:\\HaxeToolkit\\haxe;C:\\HaxeToolkit\\neko;C:\\Program Files (x86)\\Windows Kits\\8.1\\Windows Performance Toolkit\\;C:\\Users\\Philip\\anaconda3;C:\\Users\\Philip\\anaconda3\\Library\\mingw-w64\\bin;C:\\Users\\Philip\\anaconda3\\Library\\usr\\bin;C:\\Users\\Philip\\anaconda3\\Library\\bin;C:\\Users\\Philip\\anaconda3\\Scripts;C:\\Program Files\\MySQL\\MySQL Shell 8.0\\bin\\;C:\\Panda3D-1.10.02\\python;C:\\Panda3D-1.10.02\\python\\Scripts;C:\\Panda3D-1.10.02\\bin;C:\\Panda3D-1.11.0-x64-py2\\python;C:\\Panda3D-1.11.0-x64-py2\\python\\Scripts;C:\\Panda3D-1.11.0-x64-py2\\bin;C:\\Users\\Philip\\AppData\\Local\\GitHubDesktop\\bin;C:\\Panda3D-1.9.0\\python;C:\\Panda3D-1.9.0\\python\\Scripts;C:\\Panda3D-1.9.0\\bin;C:\\Panda3D-1.10.0-x64\\python;C:\\Panda3D-1.10.0-x64\\python\\Scripts;C:\\Panda3D-1.10.0-x64\\bin;C:\\Users\\Philip\\AppData\\Local\\atom\\bin;C:\\Panda3D-1.10.0\\python;C:\\Panda3D-1.10.0\\python\\Scripts;C:\\Panda3D-1.10.0\\bin;C:\\Panda3D-1.11.0-x64-astron\\python;C:\\Panda3D-1.11.0-x64-astron\\python\\Scripts;C:\\Panda3D-1.11.0-x64-astron\\bin;C:\\Panda3D-1.11.0-x64\\python;C:\\Panda3D-1.11.0-x64\\python\\Scripts;C:\\Panda3D-1.11.0-x64\\bin;C:\\Panda3D-1.10.9-x64\\python;C:\\Panda3D-1.10.9-x64\\python\\Scrip;C:\\Users\\Philip\\AppData\\Local\\Programs\\Microsoft VS Code\\bin;C:\\Users\\Philip\\.dotnet\\tools;%C:\\Program Files (x86)\\Windows Kits\\8.1\\bin\\x86\\rc.exe%;%C:\\Program Files (x86)\\Microsoft Visual Studio\\2019\\BuildTools\\Common7\\IDE%;C:\\Program Files\\JetBrains\\PyCharm Community Edition 2022.2.3\\bin;', 'SYSTEMROOT': 'C:\\WINDOWS', 'NUMBER_OF_PROCESSORS': '8', 'PROGRAMFILES(X86)': 'C:\\Program Files (x86)', 'COMSPEC': 'C:\\WINDOWS\\system32\\cmd.exe', 'KMP_BLOCKTIME': '0', 'PPYTHON_PATH': '"Panda3D-1.11.0-x64\\python\\ppython.exe"', 'PYCHARM COMMUNITY EDITION': 'C:\\Program Files\\JetBrains\\PyCharm Community Edition 2022.2.3\\bin;', 'COMMONPROGRAMFILES(X86)': 'C:\\Program Files (x86)\\Common Files', 'PROCESSOR_ARCHITECTURE': 'AMD64', 'DOKANLIBRARY1_LIBRARYPATH_X64': 'C:\\Program Files\\Dokan\\Dokan Library-1.4.1\\lib\\', 'ALLUSERSPROFILE': 'C:\\ProgramData', 'LOCALAPPDATA': 'C:\\Users\\Philip\\AppData\\Local', 'HOMEPATH': '\\Users\\Philip', 'USERDOMAIN_ROAMINGPROFILE': 'PHILIP-JR', 'PROGRAMW6432': 'C:\\Program Files', 'USERNAME': 'Philip', 'FP_NO_HOST_CHECK': 'NO', 'DOKANLIBRARY1_LIBRARYPATH_X86': 'C:\\Program Files\\Dokan\\Dokan Library-1.4.1\\x86\\lib\\', 'LOGONSERVER': '\\\\MicrosoftAccount', 'PROMPT': '$P$G', 'SESSIONNAME': 'Console', 'PROGRAMDATA': 'C:\\ProgramData', 'COMMONPROGRAMFILES': 'C:\\Program Files\\Common Files', 'TEMP': 'C:\\Users\\Philip\\AppData\\Local\\Temp', 'HAXEPATH': 'C:\\HaxeToolkit\\haxe', 'PATHEXT': '.COM;.EXE;.BAT;.CMD;.VBS;.VBE;.JS;.JSE;.WSF;.WSH;.MSC', 'TTOFF_LOGIN_TOKEN': 'dev', 'VS160COMCOMNTOOLS': 'C:\\Program Files (x86)\\Microsoft Visual Studio\\2019\\Community\\Common7\\Tools\\', 'WINDIR': 'C:\\WINDOWS', 'OMP_WAIT_POLICY': 'PASSIVE', 'MONGO': 'C:\\mongodb-win32-x86_64-windows-4.4.4/bin', 'HOMEDRIVE': 'C:', 'SYSTEMDRIVE': 'C:', 'PUBLIC': 'C:\\Users\\Public', 'APPDATA': 'C:\\Users\\Philip\\AppData\\Roaming', 'PROCESSOR_LEVEL': '6', 'CIOENGINE': 'C:\\cio-panda3d', 'COMMONPROGRAMW6432': 'C:\\Program Files\\Common Files', 'OS': 'Windows_NT', 'ADSK_CLM_WPAD_PROXY_CHECK': 'FALSE', 'USERPROFILE': 'C:\\Users\\Philip'}
:10-28-2022 20:33:14 TTOffLauncher: isTestServer: 0
:10-28-2022 20:33:14 TTOffLauncher: Game Server 127.0.0.1
:10-28-2022 20:33:14 TTOffLauncher: Starting Toontown Online... 
:10-28-2022 20:33:14 TTOffLauncher: foreground: Launcher now operating in foreground
useTTOffSpecificLogin=True
:10-28-2022 20:33:14 TTOffLauncher: maybeStartGame: starting game
:10-28-2022 20:33:14 TTOffLauncher: Starting Toontown Online...
:10-28-2022 20:33:14 TTOffLauncher: background: Launcher now operating in background
ToontownStart: Polling for game2 to finish...
ToontownStart: Game2 is finished.
ToontownStart: Starting the game.
ToontownStart: setting default font
:10-28-2022 20:33:14 TTOffLauncher: setting panda error code to 7
Known pipe types:
  wglGraphicsPipe
(all display modules loaded.)
:10-28-2022 20:33:15 ToonBase: Default graphics pipe is wglGraphicsPipe (OpenGL).
:10-28-2022 20:33:15 :display(warning): FrameBufferProperties available less than requested.
  requested: depth_bits=24 color_bits=3 red_bits=1 green_bits=1 blue_bits=1 alpha_bits=1 multisamples=70 back_buffers=1 force_hardware 
  got: depth_bits=24 color_bits=24 red_bits=8 green_bits=8 blue_bits=8 alpha_bits=8 accum_bits=64 multisamples=16 back_buffers=1 force_hardware 
:10-28-2022 20:33:15 ToonBase: Successfully opened window of type wglGraphicsWindow (OpenGL)
:10-28-2022 20:33:15 ShowBase: __dev__ == False
:10-28-2022 20:33:15 TTOffLauncher: setting panda error code to 11
:10-28-2022 20:33:15 TTOffLauncher: setting panda error code to 0
ToontownStart: Loading default gui sounds
ToontownStart: serverVersion:  tto-dev
:10-28-2022 20:33:15 Loader: starting bulk load of block 'init'
:10-28-2022 20:33:16 :nativenet(error): Buffered_DatagramConnection Constructor rbufsize = 4096000 wbufsize = 4096000 write_flush_point = 1400
:10-28-2022 20:33:16 OTPClientRepository: Using connect method 'http'
:10-28-2022 20:33:17 TTOffLauncher: getRegistry ('DEPLOYMENT', None)
:10-28-2022 20:33:17 TTOffLauncher: checking env
:10-28-2022 20:33:17 TTOffLauncher: getRegistry ('GAME_DEPLOYMENT', None)
:10-28-2022 20:33:17 TTOffLauncher: checking env
:10-28-2022 20:33:17 OTPClientRepository: reg_deployment=
:10-28-2022 20:33:17 OTPClientRepository: required-login auto.
:10-28-2022 20:33:17 OTPClientRepository: loginInterface: LoginTTOffAccount
:10-28-2022 20:33:17 TTOffLauncher: getNeedPwForSecretKey using ttoff-specific-login
:10-28-2022 20:33:17 Loader: At end of block 'init', expected 138, loaded 6, duration=1.44386721234
:10-28-2022 20:33:17 OTPClientRepository: Connecting to gameserver directly (no proxy).
:10-28-2022 20:33:17 OTPClientRepository: Connecting to //127.0.0.1:7198 via HTTP interface.
:10-28-2022 20:33:17 TTOffLauncher: Stopping mini task manager.
:10-28-2022 20:33:17 OTPClientRepository: Successfully connected to //127.0.0.1:7198.
:10-28-2022 20:33:17 TTOffLauncher: Setting Disconnect Details normal
{402000001: <toontown.distributed.ToontownDistrict.ToontownDistrict instance at 0x0000000017FC7B88>}
:10-28-2022 20:33:19 StateData: AvatarChooser.enter
:10-28-2022 20:33:19 DisplayOptions: settingsFullScreen = False, embedded = False width=800 height=600
:10-28-2022 20:33:19 StateData: calling self.displayOptions.restrictToEmbedded(False)
:10-28-2022 20:33:21 OTPClientRepository: ================
:10-28-2022 20:33:21 OTPClientRepository: Chose avatar id: 100000001
:10-28-2022 20:33:21 OTPClientRepository: Chose avatar name: Wittybumble
:10-28-2022 20:33:21 OTPClientRepository: Chose avatar dna: ('dss', 'ms', 'm', 'm', 6, 0, 6, 6, 1, 9, 1, 9, 1, 18)
:10-28-2022 20:33:21 OTPClientRepository: Chose avatar position: 1
:10-28-2022 20:33:21 OTPClientRepository: isPaid: 1
:10-28-2022 20:33:21 OTPClientRepository: freeTimeLeft: 0
:10-28-2022 20:33:21 OTPClientRepository: allowSecretChat: True
:10-28-2022 20:33:21 OTPClientRepository: ================
:10-28-2022 20:33:21 Loader: starting bulk load of block 'localAvatarPlayGame'
:10-28-2022 20:33:22 ToontownTimeManager(warning): error parsing date string=
:10-28-2022 20:33:22 Actor(warning): no part named head-front*!
local
:10-28-2022 20:33:22 NewsPageButtonManager(warning): Should not get here. NewsPageButtonManager.exitOff
:10-28-2022 20:33:22 :pnmimage:png(warning): iCCP: known incorrect sRGB profile
:10-28-2022 20:33:24 Actor(warning): no part named head-front*!
:10-28-2022 20:33:24 OTPClientRepository: Entering shard 402000001
:10-28-2022 20:33:24 StreetSign: Street sign url is https://ttoffline.com/images/
:10-28-2022 20:33:26 TimeManager: Clock sync: TimeManager.announceGenerate
:10-28-2022 20:33:26 NewsManager: setHolidayId: Starting Holiday 26
:10-28-2022 20:33:26 InGameNewsMgr: latestIssue=2013-08-22 16:49:46.000003-07:00
cpu info: GenuineIntel|        Intel(R) Core(TM) i7-3820 CPU @ 3.60GHz|132823|0|3.601,3.601|4,8 cpus
:10-28-2022 20:33:27 OTPClientRepository: No sync from TimeManager.
:10-28-2022 20:33:27 OTPClientRepository: gotTimeSync
:10-28-2022 20:33:27 Loader: At end of block 'localAvatarPlayGame', expected 400, loaded 21, duration=5.89948453022
:10-28-2022 20:33:27 OTPClientRepository: Sending heartbeat mid-frame.
:10-28-2022 20:33:27 TimeManager: Clock sync roundtrip took 1230.314 ms
:10-28-2022 20:33:27 TimeManager: AI time delta is -0:01 from server delta
:10-28-2022 20:33:27 TimeManager: Local clock uncertainty +/- 0.615 s
:10-28-2022 20:33:27 PlayGame: QA-REGRESSION: NEIGHBORHOODS: Visit Daisy Gardens
:10-28-2022 20:33:27 Loader: starting bulk load of block 'hood'
:10-28-2022 20:33:29 DistributedObject(warning): no loader.getInteractiveProp self.interactiveProp is None
:10-28-2022 20:33:29 Actor(warning): no part named head-front*!
:10-28-2022 20:33:29 DistributedToon: calling LocalAvatar.startchat
Traceback (most recent call last):
  File "C:\Panda3D-1.11.0-x64\direct\distributed\ConnectionRepository.py", line 609, in readerPollUntilEmpty
    while self.readerPollOnce():
  File "C:\Panda3D-1.11.0-x64\direct\distributed\ConnectionRepository.py", line 616, in readerPollOnce
    self.handleDatagram(self.private__di)
  File "otp\distributed\OTPClientRepository.py", line 1838, in handleDatagram
    self.handler(msgType, di)
  File "otp\distributed\OTPClientRepository.py", line 1445, in handlePlayGame
    self.handleMessageType(msgType, di)
  File "otp\distributed\OTPClientRepository.py", line 1732, in handleMessageType
    self.gotInterestDoneMessage(di)
  File "otp\distributed\OTPClientRepository.py", line 1759, in gotInterestDoneMessage
    self.handleInterestDoneMessage(di)
  File "C:\Panda3D-1.11.0-x64\direct\distributed\DoInterestManager.py", line 621, in handleInterestDoneMessage
    messenger.send(event)
  File "C:\Panda3D-1.11.0-x64\direct\showbase\Messenger.py", line 333, in send
    self.__dispatch(acceptorDict, event, sentArgs, foundWatch)
  File "C:\Panda3D-1.11.0-x64\direct\showbase\Messenger.py", line 418, in __dispatch
    result = method (*(extraArgs + sentArgs))
  File "toontown\distributed\ToontownClientRepository.py", line 928, in _handleEmuSetZoneDone
    messenger.send(event)
  File "C:\Panda3D-1.11.0-x64\direct\showbase\Messenger.py", line 333, in send
    self.__dispatch(acceptorDict, event, sentArgs, foundWatch)
  File "C:\Panda3D-1.11.0-x64\direct\showbase\Messenger.py", line 418, in __dispatch
    result = method (*(extraArgs + sentArgs))
  File "toontown\hood\QuietZoneState.py", line 305, in _handleSetZoneComplete
    self.fsm.request('waitForLocalAvatarOnShard')
  File "C:\Panda3D-1.11.0-x64\direct\fsm\ClassicFSM.py", line 281, in request
    exitArgList)
  File "C:\Panda3D-1.11.0-x64\direct\fsm\ClassicFSM.py", line 228, in __transition
    self.__enter(aState, enterArgList)
  File "C:\Panda3D-1.11.0-x64\direct\fsm\ClassicFSM.py", line 214, in __enter
    aState.enter(argList)
  File "C:\Panda3D-1.11.0-x64\direct\fsm\State.py", line 202, in enter
    self.__enterFunc(*argList)
  File "toontown\hood\QuietZoneState.py", line 323, in enterWaitForLocalAvatarOnShard
    self._announceDone()
  File "toontown\hood\QuietZoneState.py", line 334, in _announceDone
    self._setZoneCompleteCallbacks()
  File "otp\otpbase\PythonUtil.py", line 4288, in __call__
    callback()
  File "C:\Panda3D-1.11.0-x64\direct\showbase\PythonUtil.py", line 124, in _do__call__
    return self._function(*(self._args + args), **_kargs)
  File "toontown\hood\Place.py", line 753, in _placeTeleportInPostZoneComplete
    base.localAvatar.startUpdateSmartCamera()
  File "otp\avatar\LocalAvatar.py", line 891, in startUpdateSmartCamera
    self.orbitalCamera.start()
  File "toontown\toon\OrbitalCamera.py", line 483, in start
    self.request("Active")
  File "C:\Panda3D-1.11.0-x64\direct\fsm\FSM.py", line 321, in request
    self.__setState(*result)
  File "C:\Panda3D-1.11.0-x64\direct\fsm\FSM.py", line 456, in __setState
    self.__callEnterFunc(self.newState, *args)
  File "C:\Panda3D-1.11.0-x64\direct\fsm\FSM.py", line 492, in __callEnterFunc
    func(*args)
  File "toontown\toon\OrbitalCamera.py", line 102, in enterActive
    self._startCollisionCheck()
  File "toontown\toon\OrbitalCamera.py", line 320, in _startCollisionCheck
    self._collSolid = CollisionSegment(0, 0, 0, 0, -(self._maxDistance + 1.0), 0)
AttributeError: 'OrbitalCamera' object has no attribute '_maxDistance'
:10-28-2022 20:33:29 :task(error): Exception occurred in PythonTask readerPollTask-95584960
:10-28-2022 20:33:29 TTOffLauncher: setting panda error code to 12
:10-28-2022 20:33:29 TTOffLauncher(warning): Handling Python exception.
:10-28-2022 20:33:29 TimeManager: Client disconnect reason 3.
:10-28-2022 20:33:29 TimeManager: Client exception: toontown.toon.OrbitalCamera:320, toontown.toon.OrbitalCamera:102, direct.fsm.FSM:492, direct.fsm.FSM:467, AttributeError: 'OrbitalCamera' object has no attribute '_maxDistance'
:10-28-2022 20:33:29 OTPClientRepository: Sent disconnect message to server
:10-28-2022 20:33:29 OTPClientRepository: Closing connection to server.
:10-28-2022 20:33:29 TTOffLauncher: Exception exit.

Traceback (most recent call last):
  File "otp\launcher\LauncherBase.py", line 1081, in mainLoop
    self._runTaskManager()
  File "otp\launcher\LauncherBase.py", line 1052, in _runTaskManager
    taskMgr.run()
  File "C:\Panda3D-1.11.0-x64\direct\task\Task.py", line 528, in run
    self.step()
  File "C:\Panda3D-1.11.0-x64\direct\task\Task.py", line 482, in step
    self.mgr.poll()
  File "C:\Panda3D-1.11.0-x64\direct\distributed\ConnectionRepository.py", line 609, in readerPollUntilEmpty
    while self.readerPollOnce():
  File "C:\Panda3D-1.11.0-x64\direct\distributed\ConnectionRepository.py", line 616, in readerPollOnce
    self.handleDatagram(self.private__di)
  File "otp\distributed\OTPClientRepository.py", line 1838, in handleDatagram
    self.handler(msgType, di)
  File "otp\distributed\OTPClientRepository.py", line 1445, in handlePlayGame
    self.handleMessageType(msgType, di)
  File "otp\distributed\OTPClientRepository.py", line 1732, in handleMessageType
    self.gotInterestDoneMessage(di)
  File "otp\distributed\OTPClientRepository.py", line 1759, in gotInterestDoneMessage
    self.handleInterestDoneMessage(di)
  File "C:\Panda3D-1.11.0-x64\direct\distributed\DoInterestManager.py", line 621, in handleInterestDoneMessage
    messenger.send(event)
  File "C:\Panda3D-1.11.0-x64\direct\showbase\Messenger.py", line 333, in send
    self.__dispatch(acceptorDict, event, sentArgs, foundWatch)
  File "C:\Panda3D-1.11.0-x64\direct\showbase\Messenger.py", line 418, in __dispatch
    result = method (*(extraArgs + sentArgs))
  File "toontown\distributed\ToontownClientRepository.py", line 928, in _handleEmuSetZoneDone
    messenger.send(event)
  File "C:\Panda3D-1.11.0-x64\direct\showbase\Messenger.py", line 333, in send
    self.__dispatch(acceptorDict, event, sentArgs, foundWatch)
  File "C:\Panda3D-1.11.0-x64\direct\showbase\Messenger.py", line 418, in __dispatch
    result = method (*(extraArgs + sentArgs))
  File "toontown\hood\QuietZoneState.py", line 305, in _handleSetZoneComplete
    self.fsm.request('waitForLocalAvatarOnShard')
  File "C:\Panda3D-1.11.0-x64\direct\fsm\ClassicFSM.py", line 281, in request
    exitArgList)
  File "C:\Panda3D-1.11.0-x64\direct\fsm\ClassicFSM.py", line 228, in __transition
    self.__enter(aState, enterArgList)
  File "C:\Panda3D-1.11.0-x64\direct\fsm\ClassicFSM.py", line 214, in __enter
    aState.enter(argList)
  File "C:\Panda3D-1.11.0-x64\direct\fsm\State.py", line 202, in enter
    self.__enterFunc(*argList)
  File "toontown\hood\QuietZoneState.py", line 323, in enterWaitForLocalAvatarOnShard
    self._announceDone()
  File "toontown\hood\QuietZoneState.py", line 334, in _announceDone
    self._setZoneCompleteCallbacks()
  File "otp\otpbase\PythonUtil.py", line 4288, in __call__
    callback()
  File "C:\Panda3D-1.11.0-x64\direct\showbase\PythonUtil.py", line 124, in _do__call__
    return self._function(*(self._args + args), **_kargs)
  File "toontown\hood\Place.py", line 753, in _placeTeleportInPostZoneComplete
    base.localAvatar.startUpdateSmartCamera()
  File "otp\avatar\LocalAvatar.py", line 891, in startUpdateSmartCamera
    self.orbitalCamera.start()
  File "toontown\toon\OrbitalCamera.py", line 483, in start
    self.request("Active")
  File "C:\Panda3D-1.11.0-x64\direct\fsm\FSM.py", line 321, in request
    self.__setState(*result)
  File "C:\Panda3D-1.11.0-x64\direct\fsm\FSM.py", line 456, in __setState
    self.__callEnterFunc(self.newState, *args)
  File "C:\Panda3D-1.11.0-x64\direct\fsm\FSM.py", line 492, in __callEnterFunc
    func(*args)
  File "toontown\toon\OrbitalCamera.py", line 102, in enterActive
    self._startCollisionCheck()
  File "toontown\toon\OrbitalCamera.py", line 320, in _startCollisionCheck
    self._collSolid = CollisionSegment(0, 0, 0, 0, -(self._maxDistance + 1.0), 0)
AttributeError: 'OrbitalCamera' object has no attribute '_maxDistance'
