

Starting Toontown Online...
Current time: Fri Sep 23 18:41:34 2022 Eastern Standard Time
sys.path =  ['', 'C:\\TTLastLaffFirstQA\\Toontown-Last-Laff-Workspace\\src\\Panda3D-1.11.0-x64\\python\\python27.zip', 'C:\\Panda3D-1.11.0-x64', 'C:\\TTLastLaffFirstQA\\Toontown-Last-Laff-Workspace\\src\\Panda3D-1.11.0-x64\\python\\DLLs', 'C:\\TTLastLaffFirstQA\\Toontown-Last-Laff-Workspace\\src\\Panda3D-1.11.0-x64\\python\\lib', 'C:\\TTLastLaffFirstQA\\Toontown-Last-Laff-Workspace\\src\\Panda3D-1.11.0-x64\\python\\lib\\plat-win', 'C:\\TTLastLaffFirstQA\\Toontown-Last-Laff-Workspace\\src\\Panda3D-1.11.0-x64\\python\\lib\\lib-tk', 'C:\\TTLastLaffFirstQA\\Toontown-Last-Laff-Workspace\\src\\Panda3D-1.11.0-x64\\python', 'C:\\TTLastLaffFirstQA\\Toontown-Last-Laff-Workspace\\src\\Panda3D-1.11.0-x64', 'C:\\TTLastLaffFirstQA\\Toontown-Last-Laff-Workspace\\src\\Panda3D-1.11.0-x64\\bin', 'C:\\TTLastLaffFirstQA\\Toontown-Last-Laff-Workspace\\src\\Panda3D-1.11.0-x64\\python\\lib\\site-packages']
sys.argv =  ['C:\\TTLastLaffFirstQA\\Toontown-Last-Laff-Workspace\\src\\toontown\\launcher\\TTOffQuickStartLauncher.py']
generating standard configrc
os.environ =  {'TMP': 'C:\\Users\\Philip\\AppData\\Local\\Temp', 'COMPUTERNAME': 'PHILIP-JR', 'USERDOMAIN': 'PHILIP-JR', 'NEKO_INSTPATH': 'C:\\HaxeToolkit\\neko', 'PSMODULEPATH': 'C:\\WINDOWS\\system32\\WindowsPowerShell\\v1.0\\Modules\\', 'DOKANLIBRARY1': 'C:\\Program Files\\Dokan\\Dokan Library-1.4.1\\', 'ADSK_3DSMAX_X64_2021': 'C:\\Program Files\\Autodesk\\3ds Max 2021\\', 'PROCESSOR_IDENTIFIER': 'Intel64 Family 6 Model 45 Stepping 7, GenuineIntel', 'VBOX_MSI_INSTALL_PATH': 'C:\\Program Files\\Oracle\\VirtualBox\\', 'PROGRAMFILES': 'C:\\Program Files', 'PROCESSOR_REVISION': '2d07', 'PATH': 'C:\\Panda3D-1.11.0-x64\\panda3d\\..\\bin;C:\\Program Files (x86)\\Common Files\\Oracle\\Java\\javapath;C:\\Windows\\system32;C:\\Windows;C:\\Windows\\System32\\Wbem;C:\\Windows\\System32\\WindowsPowerShell\\v1.0\\;C:\\Program Files (x86)\\NVIDIA Corporation\\PhysX\\Common;C:\\Program Files\\Git\\cmd;C:\\WINDOWS\\system32;C:\\WINDOWS;C:\\WINDOWS\\System32\\Wbem;C:\\WINDOWS\\System32\\WindowsPowerShell\\v1.0\\;C:\\Program Files\\dotnet\\;C:\\Program Files\\Common Files\\Autodesk Shared\\;C:\\Program Files\\Microsoft SQL Server\\120\\Tools\\Binn\\;C:\\HaxeToolkit\\haxe;C:\\HaxeToolkit\\neko;C:\\Program Files\\Animation Paper\\gstreamer\\bin;C:\\Program Files\\PuTTY\\;C:\\Program Files\\NVIDIA Corporation\\NVIDIA NvDLISR;C:\\Program Files (x86)\\Windows Live\\Shared;C:\\HaxeToolkit\\haxe;C:\\HaxeToolkit\\neko;C:\\Program Files (x86)\\Windows Kits\\8.1\\Windows Performance Toolkit\\;C:\\Users\\Philip\\anaconda3;C:\\Users\\Philip\\anaconda3\\Library\\mingw-w64\\bin;C:\\Users\\Philip\\anaconda3\\Library\\usr\\bin;C:\\Users\\Philip\\anaconda3\\Library\\bin;C:\\Users\\Philip\\anaconda3\\Scripts;C:\\Program Files\\MySQL\\MySQL Shell 8.0\\bin\\;C:\\Panda3D-1.10.02\\python;C:\\Panda3D-1.10.02\\python\\Scripts;C:\\Panda3D-1.10.02\\bin;C:\\Panda3D-1.11.0-x64-py2\\python;C:\\Panda3D-1.11.0-x64-py2\\python\\Scripts;C:\\Panda3D-1.11.0-x64-py2\\bin;C:\\Users\\Philip\\AppData\\Local\\GitHubDesktop\\bin;C:\\Panda3D-1.9.0\\python;C:\\Panda3D-1.9.0\\python\\Scripts;C:\\Panda3D-1.9.0\\bin;C:\\Panda3D-1.10.0-x64\\python;C:\\Panda3D-1.10.0-x64\\python\\Scripts;C:\\Panda3D-1.10.0-x64\\bin;C:\\Users\\Philip\\AppData\\Local\\atom\\bin;C:\\Panda3D-1.10.0\\python;C:\\Panda3D-1.10.0\\python\\Scripts;C:\\Panda3D-1.10.0\\bin;C:\\Panda3D-1.11.0-x64-astron\\python;C:\\Panda3D-1.11.0-x64-astron\\python\\Scripts;C:\\Panda3D-1.11.0-x64-astron\\bin;C:\\Panda3D-1.11.0-x64\\python;C:\\Panda3D-1.11.0-x64\\python\\Scripts;C:\\Panda3D-1.11.0-x64\\bin;C:\\Panda3D-1.10.9-x64\\python;C:\\Panda3D-1.10.9-x64\\python\\Scrip;C:\\Users\\Philip\\AppData\\Local\\Programs\\Microsoft VS Code\\bin;C:\\Users\\Philip\\.dotnet\\tools;%C:\\Program Files (x86)\\Windows Kits\\8.1\\bin\\x86\\rc.exe%;%C:\\Program Files (x86)\\Microsoft Visual Studio\\2019\\BuildTools\\Common7\\IDE%;C:\\Program Files\\JetBrains\\PyCharm Community Edition 2021.3.3\\bin;', 'SYSTEMROOT': 'C:\\WINDOWS', 'NUMBER_OF_PROCESSORS': '8', 'PROGRAMFILES(X86)': 'C:\\Program Files (x86)', 'COMSPEC': 'C:\\WINDOWS\\system32\\cmd.exe', 'KMP_BLOCKTIME': '0', 'PPYTHON_PATH': '"Panda3D-1.11.0-x64\\python\\ppython.exe"', 'PYCHARM COMMUNITY EDITION': 'C:\\Program Files\\JetBrains\\PyCharm Community Edition 2021.3.3\\bin;', 'COMMONPROGRAMFILES(X86)': 'C:\\Program Files (x86)\\Common Files', 'PROCESSOR_ARCHITECTURE': 'AMD64', 'DOKANLIBRARY1_LIBRARYPATH_X64': 'C:\\Program Files\\Dokan\\Dokan Library-1.4.1\\lib\\', 'ALLUSERSPROFILE': 'C:\\ProgramData', 'LOCALAPPDATA': 'C:\\Users\\Philip\\AppData\\Local', 'HOMEPATH': '\\Users\\Philip', 'USERDOMAIN_ROAMINGPROFILE': 'PHILIP-JR', 'PROGRAMW6432': 'C:\\Program Files', 'USERNAME': 'Philip', 'FP_NO_HOST_CHECK': 'NO', 'DOKANLIBRARY1_LIBRARYPATH_X86': 'C:\\Program Files\\Dokan\\Dokan Library-1.4.1\\x86\\lib\\', 'LOGONSERVER': '\\\\MicrosoftAccount', 'PROMPT': '$P$G', 'SESSIONNAME': 'Console', 'PROGRAMDATA': 'C:\\ProgramData', 'COMMONPROGRAMFILES': 'C:\\Program Files\\Common Files', 'TEMP': 'C:\\Users\\Philip\\AppData\\Local\\Temp', 'HAXEPATH': 'C:\\HaxeToolkit\\haxe', 'PATHEXT': '.COM;.EXE;.BAT;.CMD;.VBS;.VBE;.JS;.JSE;.WSF;.WSH;.MSC', 'TTOFF_LOGIN_TOKEN': 'dev', 'VS160COMCOMNTOOLS': 'C:\\Program Files (x86)\\Microsoft Visual Studio\\2019\\Community\\Common7\\Tools\\', 'WINDIR': 'C:\\WINDOWS', 'OMP_WAIT_POLICY': 'PASSIVE', 'MONGO': 'C:\\mongodb-win32-x86_64-windows-4.4.4/bin', 'HOMEDRIVE': 'C:', 'SYSTEMDRIVE': 'C:', 'PUBLIC': 'C:\\Users\\Public', 'APPDATA': 'C:\\Users\\Philip\\AppData\\Roaming', 'PROCESSOR_LEVEL': '6', 'CIOENGINE': 'C:\\cio-panda3d', 'COMMONPROGRAMW6432': 'C:\\Program Files\\Common Files', 'OS': 'Windows_NT', 'ADSK_CLM_WPAD_PROXY_CHECK': 'FALSE', 'USERPROFILE': 'C:\\Users\\Philip'}
:09-23-2022 18:41:34 TTOffLauncher: isTestServer: 0
:09-23-2022 18:41:34 TTOffLauncher: Game Server 127.0.0.1
:09-23-2022 18:41:34 TTOffLauncher: Starting Toontown Online... 
:09-23-2022 18:41:34 TTOffLauncher: foreground: Launcher now operating in foreground
useTTOffSpecificLogin=True
:09-23-2022 18:41:34 TTOffLauncher: maybeStartGame: starting game
:09-23-2022 18:41:34 TTOffLauncher: Starting Toontown Online...
:09-23-2022 18:41:34 TTOffLauncher: background: Launcher now operating in background
ToontownStart: Polling for game2 to finish...
ToontownStart: Game2 is finished.
ToontownStart: Starting the game.
ToontownStart: setting default font
:09-23-2022 18:41:35 TTOffLauncher: setting panda error code to 7
Known pipe types:
  wglGraphicsPipe
(all display modules loaded.)
:09-23-2022 18:41:35 ToonBase: Default graphics pipe is wglGraphicsPipe (OpenGL).
:09-23-2022 18:41:35 :display(warning): FrameBufferProperties available less than requested.
  requested: depth_bits=24 color_bits=3 red_bits=1 green_bits=1 blue_bits=1 alpha_bits=1 multisamples=70 back_buffers=1 force_hardware 
  got: depth_bits=24 color_bits=24 red_bits=8 green_bits=8 blue_bits=8 alpha_bits=8 accum_bits=64 multisamples=16 back_buffers=1 force_hardware 
:09-23-2022 18:41:35 ToonBase: Successfully opened window of type wglGraphicsWindow (OpenGL)
:09-23-2022 18:41:35 ShowBase: __dev__ == False
:09-23-2022 18:41:35 TTOffLauncher: setting panda error code to 11
:09-23-2022 18:41:35 TTOffLauncher: setting panda error code to 0
ToontownStart: Loading default gui sounds
ToontownStart: serverVersion:  tto-dev
:09-23-2022 18:41:35 Loader: starting bulk load of block 'init'
:09-23-2022 18:41:36 :nativenet(error): Buffered_DatagramConnection Constructor rbufsize = 4096000 wbufsize = 4096000 write_flush_point = 1400
:09-23-2022 18:41:36 OTPClientRepository: Using connect method 'http'
:09-23-2022 18:41:36 TTOffLauncher: getRegistry ('DEPLOYMENT', None)
:09-23-2022 18:41:36 TTOffLauncher: checking env
:09-23-2022 18:41:36 TTOffLauncher: getRegistry ('GAME_DEPLOYMENT', None)
:09-23-2022 18:41:36 TTOffLauncher: checking env
:09-23-2022 18:41:36 OTPClientRepository: reg_deployment=
:09-23-2022 18:41:36 OTPClientRepository: required-login auto.
:09-23-2022 18:41:36 OTPClientRepository: loginInterface: LoginTTOffAccount
:09-23-2022 18:41:36 TTOffLauncher: getNeedPwForSecretKey using ttoff-specific-login
:09-23-2022 18:41:36 Loader: At end of block 'init', expected 138, loaded 5, duration=1.23467366171
:09-23-2022 18:41:36 OTPClientRepository: Connecting to gameserver directly (no proxy).
:09-23-2022 18:41:36 OTPClientRepository: Connecting to //127.0.0.1:7198 via HTTP interface.
:09-23-2022 18:41:36 TTOffLauncher: Stopping mini task manager.
:09-23-2022 18:41:36 OTPClientRepository: Successfully connected to //127.0.0.1:7198.
:09-23-2022 18:41:36 TTOffLauncher: Setting Disconnect Details normal
{401000001: <toontown.distributed.ToontownDistrict.ToontownDistrict instance at 0x0000000017D8A308>}
:09-23-2022 18:41:37 StateData: AvatarChooser.enter
:09-23-2022 18:41:37 DisplayOptions: settingsFullScreen = False, embedded = False width=800 height=600
:09-23-2022 18:41:37 StateData: calling self.displayOptions.restrictToEmbedded(False)
:09-23-2022 18:41:38 OTPClientRepository: ================
:09-23-2022 18:41:38 OTPClientRepository: Chose avatar id: 100000001
:09-23-2022 18:41:38 OTPClientRepository: Chose avatar name: Tricky Hucklesmirk
:09-23-2022 18:41:38 OTPClientRepository: Chose avatar dna: ('dls', 'ss', 'm', 'm', 15, 0, 15, 15, 0, 11, 0, 11, 1, 15)
:09-23-2022 18:41:38 OTPClientRepository: Chose avatar position: 1
:09-23-2022 18:41:38 OTPClientRepository: isPaid: 1
:09-23-2022 18:41:38 OTPClientRepository: freeTimeLeft: 0
:09-23-2022 18:41:38 OTPClientRepository: allowSecretChat: True
:09-23-2022 18:41:38 OTPClientRepository: ================
:09-23-2022 18:41:38 Loader: starting bulk load of block 'localAvatarPlayGame'
:09-23-2022 18:41:39 ToontownTimeManager(warning): error parsing date string=
local
:09-23-2022 18:41:39 NewsPageButtonManager(warning): Should not get here. NewsPageButtonManager.exitOff
:09-23-2022 18:41:39 :pnmimage:png(warning): iCCP: known incorrect sRGB profile
:09-23-2022 18:41:41 OTPClientRepository: Entering shard 401000001
:09-23-2022 18:41:41 StreetSign: Street sign url is https://ttoffline.com/images/
:09-23-2022 18:41:42 TimeManager: Clock sync: TimeManager.announceGenerate
:09-23-2022 18:41:42 NewsManager: setHolidayId: Starting Holiday 26
:09-23-2022 18:41:42 InGameNewsMgr: latestIssue=2013-08-22 16:49:46.000003-07:00
cpu info: GenuineIntel|        Intel(R) Core(TM) i7-3820 CPU @ 3.60GHz|132823|0|3.601,3.601|4,8 cpus
:09-23-2022 18:41:43 OTPClientRepository: No sync from TimeManager.
:09-23-2022 18:41:43 OTPClientRepository: gotTimeSync
:09-23-2022 18:41:43 Loader: At end of block 'localAvatarPlayGame', expected 400, loaded 18, duration=5.05665270331
:09-23-2022 18:41:43 TimeManager: Clock sync roundtrip took 1133.542 ms
:09-23-2022 18:41:43 TimeManager: AI time delta is -0:01 from server delta
:09-23-2022 18:41:43 TimeManager: Local clock uncertainty +/- 0.567 s
:09-23-2022 18:41:43 PlayGame: QA-REGRESSION: NEIGHBORHOODS: Visit Sellbot HQ
:09-23-2022 18:41:43 Loader: starting bulk load of block 'hood'
:09-23-2022 18:41:44 SellbotCogHQLoader: loadPlaceGeom: 11000
:09-23-2022 18:41:45 NewsManager: setInvasionStatus: msgType: 3 cogType: b, numRemaining: 1000000, skeleton: 0
:09-23-2022 18:41:45 DistributedObject: DistributedSuitPlanner 401002945: generating
:09-23-2022 18:41:45 DistributedToon: calling LocalAvatar.startchat
:09-23-2022 18:41:45 :loader(error): Couldn't load file phase_4/models/questmap/cog_hq_sellbot_maps.bam: not found on model path (currently: "/;/c/TTLastLaffFirstQA/Toontown-Last-Laff-Workspace/src/toontown/launcher;/c/Panda3D-1.11.0-x64/etc/..;/c/Panda3D-1.11.0-x64/etc/../models")
:09-23-2022 18:41:45 Loader: At end of block 'hood', expected 43, loaded 6, duration=1.42150072064
:09-23-2022 18:41:46 TTOffMagicWordManager: Run mode has been toggled.
:09-23-2022 18:41:46 Teleport(debug): teleportInDone: walk
:09-23-2022 18:41:46 :loader(error): Couldn't load file phase_4/models/questmap/cog_hq_sellbot_maps.bam: not found on model path (currently: "/;/c/TTLastLaffFirstQA/Toontown-Last-Laff-Workspace/src/toontown/launcher;/c/Panda3D-1.11.0-x64/etc/..;/c/Panda3D-1.11.0-x64/etc/../models")
:09-23-2022 18:41:48 ShtikerBook: QA-REGRESSION: SHTICKERBOOK: Open
:09-23-2022 18:41:49 ShtikerBook: QA-REGRESSION: SHTICKERBOOK: Browse tabs Districts
:09-23-2022 18:41:49 ShtikerBook: QA-REGRESSION: SHTICKERBOOK: Browse tabs Districts
OnscreenText.configure: mayChange == 0
OnscreenText.configure: mayChange == 0
OnscreenText.configure: mayChange == 0
OnscreenText.configure: mayChange == 0
:09-23-2022 18:41:49 ShtikerBook: QA-REGRESSION: SHTICKERBOOK: Browse tabs Map
OnscreenText.configure: mayChange == 0
OnscreenText.configure: mayChange == 0
OnscreenText.configure: mayChange == 0
OnscreenText.configure: mayChange == 0
:09-23-2022 18:41:50 ShtikerBook: QA-REGRESSION: SHTICKERBOOK: Browse tabs Map
:09-23-2022 18:41:51 ShtikerBook: QA-REGRESSION: SHTICKERBOOK: Close
:09-23-2022 18:41:57 SellbotHQExterior: Unloading Place (11000). Fsm in final
:09-23-2022 18:41:57 DistributedObject: DistributedSuitPlanner 401002945: disabling
:09-23-2022 18:41:57 PlayGame: QA-REGRESSION: NEIGHBORHOODS: Visit Daisy Gardens
:09-23-2022 18:41:57 Loader: starting bulk load of block 'hood'
:09-23-2022 18:41:58 DistributedObject(warning): no loader.getInteractiveProp self.interactiveProp is None
:09-23-2022 18:41:58 Actor(warning): no part named head-front*!
:09-23-2022 18:41:58 DistributedToon: calling LocalAvatar.startchat
:09-23-2022 18:41:58 Loader: At end of block 'hood', expected 11, loaded 7, duration=1.62909417968
:09-23-2022 18:42:00 Teleport(debug): teleportInDone: walk
:09-23-2022 18:42:05 Playground: Unloading Place (5000). Fsm in final
:09-23-2022 18:42:05 Loader: starting bulk load of block 'hood'
:09-23-2022 18:42:06 :loader(error): Couldn't load file phase_8/models/char/tt_a_ara_dga_mailbox_idle0Sleep.bam: not found on model path (currently: "/;/c/TTLastLaffFirstQA/Toontown-Last-Laff-Workspace/src/toontown/launcher;/c/Panda3D-1.11.0-x64/etc/..;/c/Panda3D-1.11.0-x64/etc/../models")
:09-23-2022 18:42:06 :loader(error): Couldn't load file phase_8/models/char/tt_a_ara_dga_mailbox_idle0Sleep.bam: not found on model path (currently: "/;/c/TTLastLaffFirstQA/Toontown-Last-Laff-Workspace/src/toontown/launcher;/c/Panda3D-1.11.0-x64/etc/..;/c/Panda3D-1.11.0-x64/etc/../models")
:09-23-2022 18:42:06 TownLoader: skipping self.geom.flattenMedium
:09-23-2022 18:42:06 Loader: At end of block 'hood', expected 40, loaded 4, duration=1.11892943258
:09-23-2022 18:42:06 DistributedSuit(warning): Suit 401003909 created before its suit planner, 401001412
:09-23-2022 18:42:06 DistributedSuit(warning): Suit 401003909 does not have a suit planner!  Expected SP doId 401001412.
:09-23-2022 18:42:06 DistributedSuit(warning): Suit 401003909 does not have a suit planner!  Expected SP doId 401001412.
:09-23-2022 18:42:06 DistributedSuit(warning): Suit 401003909 does not have a path!
:09-23-2022 18:42:06 DistributedSuit(warning): Suit 401003960 created before its suit planner, 401001412
:09-23-2022 18:42:06 DistributedSuit(warning): Suit 401003960 does not have a suit planner!  Expected SP doId 401001412.
:09-23-2022 18:42:06 DistributedSuit(warning): Suit 401003960 does not have a suit planner!  Expected SP doId 401001412.
:09-23-2022 18:42:06 DistributedSuit(warning): Suit 401003960 does not have a path!
:09-23-2022 18:42:06 DistributedObject: DistributedSuitPlanner 401001412: generating
:09-23-2022 18:42:06 OTPClientRepository: Sending heartbeat mid-frame.
:09-23-2022 18:42:10 :loader(error): Couldn't load file phase_8/models/char/tt_a_ara_dga_mailbox_idle0Sleep.bam: not found on model path (currently: "/;/c/TTLastLaffFirstQA/Toontown-Last-Laff-Workspace/src/toontown/launcher;/c/Panda3D-1.11.0-x64/etc/..;/c/Panda3D-1.11.0-x64/etc/../models")
:09-23-2022 18:42:14 ShtikerBook: QA-REGRESSION: SHTICKERBOOK: Open
OnscreenText.configure: mayChange == 0
OnscreenText.configure: mayChange == 0
OnscreenText.configure: mayChange == 0
OnscreenText.configure: mayChange == 0
:09-23-2022 18:42:15 ShtikerBook: QA-REGRESSION: SHTICKERBOOK: Close
:09-23-2022 18:42:21 Street: Unloading Place (None). Fsm in final
:09-23-2022 18:42:21 DistributedObject: DistributedSuitPlanner 401001412: disabling
:09-23-2022 18:42:21 Loader: starting bulk load of block 'hood'
:09-23-2022 18:42:21 Loader: At end of block 'hood', expected 9, loaded 0, duration=0.196200909595
:09-23-2022 18:42:21 DistributedObject(warning): no loader.getInteractiveProp self.interactiveProp is None
:09-23-2022 18:42:21 Actor(warning): no part named head-front*!
:09-23-2022 18:42:23 Teleport(debug): teleportInDone: walk
:09-23-2022 18:42:28 Playground: Unloading Place (5000). Fsm in final
:09-23-2022 18:42:28 Loader: starting bulk load of block 'hood'
:09-23-2022 18:42:29 TownLoader: skipping self.geom.flattenMedium
:09-23-2022 18:42:29 Loader: At end of block 'hood', expected 40, loaded 5, duration=1.18995537359
:09-23-2022 18:42:29 DistributedObject: DistributedSuitPlanner 401001410: generating
:09-23-2022 18:42:37 Actor(warning): no part named head-front*!
:09-23-2022 18:42:50 Street: Unloading Place (None). Fsm in final
:09-23-2022 18:42:50 DistributedObject: DistributedSuitPlanner 401001410: disabling
:09-23-2022 18:42:50 PlayGame: QA-REGRESSION: NEIGHBORHOODS: Visit Sellbot HQ
:09-23-2022 18:42:50 Loader: starting bulk load of block 'hood'
:09-23-2022 18:42:50 SellbotCogHQLoader: loadPlaceGeom: 11600
:09-23-2022 18:42:51 :loader(error): Couldn't load file phase_4/models/questmap/cog_hq_sellbot_maps.bam: not found on model path (currently: "/;/c/TTLastLaffFirstQA/Toontown-Last-Laff-Workspace/src/toontown/launcher;/c/Panda3D-1.11.0-x64/etc/..;/c/Panda3D-1.11.0-x64/etc/../models")
:09-23-2022 18:42:51 :dna(error): unable to find phase_9/dna/cog_hq_sellbot_11600.dna
Traceback (most recent call last):
  File "C:\Panda3D-1.11.0-x64\direct\distributed\ConnectionRepository.py", line 609, in readerPollUntilEmpty
    while self.readerPollOnce():
  File "C:\Panda3D-1.11.0-x64\direct\distributed\ConnectionRepository.py", line 616, in readerPollOnce
    self.handleDatagram(self.private__di)
  File "otp\distributed\OTPClientRepository.py", line 1838, in handleDatagram
    self.handler(msgType, di)
  File "toontown\hood\QuietZoneState.py", line 153, in handleWaitForQuietZoneResponse
    base.cr.handlePlayGame(msgType, di)
  File "otp\distributed\OTPClientRepository.py", line 1445, in handlePlayGame
    self.handleMessageType(msgType, di)
  File "otp\distributed\OTPClientRepository.py", line 1732, in handleMessageType
    self.gotInterestDoneMessage(di)
  File "otp\distributed\OTPClientRepository.py", line 1759, in gotInterestDoneMessage
    self.handleInterestDoneMessage(di)
  File "C:\Panda3D-1.11.0-x64\direct\distributed\DoInterestManager.py", line 621, in handleInterestDoneMessage
    messenger.send(event)
  File "C:\Panda3D-1.11.0-x64\direct\showbase\Messenger.py", line 333, in send
    self.__dispatch(acceptorDict, event, sentArgs, foundWatch)
  File "C:\Panda3D-1.11.0-x64\direct\showbase\Messenger.py", line 418, in __dispatch
    result = method (*(extraArgs + sentArgs))
  File "toontown\distributed\ToontownClientRepository.py", line 928, in _handleEmuSetZoneDone
    messenger.send(event)
  File "C:\Panda3D-1.11.0-x64\direct\showbase\Messenger.py", line 333, in send
    self.__dispatch(acceptorDict, event, sentArgs, foundWatch)
  File "C:\Panda3D-1.11.0-x64\direct\showbase\Messenger.py", line 418, in __dispatch
    result = method (*(extraArgs + sentArgs))
  File "toontown\hood\QuietZoneState.py", line 196, in _handleQuietZoneComplete
    self.fsm.request('waitForZoneRedirect')
  File "C:\Panda3D-1.11.0-x64\direct\fsm\ClassicFSM.py", line 281, in request
    exitArgList)
  File "C:\Panda3D-1.11.0-x64\direct\fsm\ClassicFSM.py", line 228, in __transition
    self.__enter(aState, enterArgList)
  File "C:\Panda3D-1.11.0-x64\direct\fsm\ClassicFSM.py", line 214, in __enter
    aState.enter(argList)
  File "C:\Panda3D-1.11.0-x64\direct\fsm\State.py", line 202, in enter
    self.__enterFunc(*argList)
  File "toontown\hood\QuietZoneState.py", line 237, in enterWaitForZoneRedirect
    self.fsm.request('waitForSetZoneResponse')
  File "C:\Panda3D-1.11.0-x64\direct\fsm\ClassicFSM.py", line 281, in request
    exitArgList)
  File "C:\Panda3D-1.11.0-x64\direct\fsm\ClassicFSM.py", line 228, in __transition
    self.__enter(aState, enterArgList)
  File "C:\Panda3D-1.11.0-x64\direct\fsm\ClassicFSM.py", line 214, in __enter
    aState.enter(argList)
  File "C:\Panda3D-1.11.0-x64\direct\fsm\State.py", line 202, in enter
    self.__enterFunc(*argList)
  File "toontown\hood\QuietZoneState.py", line 263, in enterWaitForSetZoneResponse
    self.fsm.request('waitForSetZoneComplete')
  File "C:\Panda3D-1.11.0-x64\direct\fsm\ClassicFSM.py", line 281, in request
    exitArgList)
  File "C:\Panda3D-1.11.0-x64\direct\fsm\ClassicFSM.py", line 228, in __transition
    self.__enter(aState, enterArgList)
  File "C:\Panda3D-1.11.0-x64\direct\fsm\ClassicFSM.py", line 214, in __enter
    aState.enter(argList)
  File "C:\Panda3D-1.11.0-x64\direct\fsm\State.py", line 202, in enter
    self.__enterFunc(*argList)
  File "toontown\hood\QuietZoneState.py", line 301, in enterWaitForSetZoneComplete
    messenger.send(self.getQuietZoneLeftEvent())
  File "C:\Panda3D-1.11.0-x64\direct\showbase\Messenger.py", line 333, in send
    self.__dispatch(acceptorDict, event, sentArgs, foundWatch)
  File "C:\Panda3D-1.11.0-x64\direct\showbase\Messenger.py", line 418, in __dispatch
    result = method (*(extraArgs + sentArgs))
  File "toontown\distributed\PlayGame.py", line 288, in handleLeftQuietZone
    self.fsm.request(hoodState, [status])
  File "C:\Panda3D-1.11.0-x64\direct\fsm\ClassicFSM.py", line 281, in request
    exitArgList)
  File "C:\Panda3D-1.11.0-x64\direct\fsm\ClassicFSM.py", line 228, in __transition
    self.__enter(aState, enterArgList)
  File "C:\Panda3D-1.11.0-x64\direct\fsm\ClassicFSM.py", line 214, in __enter
    aState.enter(argList)
  File "C:\Panda3D-1.11.0-x64\direct\fsm\State.py", line 202, in enter
    self.__enterFunc(*argList)
  File "toontown\distributed\PlayGame.py", line 365, in enterSellbotHQ
    self.hood.enter(requestStatus)
  File "toontown\hood\SellbotHQ.py", line 27, in enter
    CogHood.CogHood.enter(self, *args)
  File "toontown\hood\Hood.py", line 41, in enter
    self.fsm.request(requestStatus['loader'], [requestStatus])
  File "C:\Panda3D-1.11.0-x64\direct\fsm\ClassicFSM.py", line 281, in request
    exitArgList)
  File "C:\Panda3D-1.11.0-x64\direct\fsm\ClassicFSM.py", line 228, in __transition
    self.__enter(aState, enterArgList)
  File "C:\Panda3D-1.11.0-x64\direct\fsm\ClassicFSM.py", line 214, in __enter
    aState.enter(argList)
  File "C:\Panda3D-1.11.0-x64\direct\fsm\State.py", line 202, in enter
    self.__enterFunc(*argList)
  File "toontown\hood\CogHood.py", line 39, in enterCogHQLoader
    self.loader.enter(requestStatus)
  File "toontown\coghq\CogHQLoader.py", line 61, in enter
    self.fsm.request(requestStatus['where'], [requestStatus])
  File "C:\Panda3D-1.11.0-x64\direct\fsm\ClassicFSM.py", line 281, in request
    exitArgList)
  File "C:\Panda3D-1.11.0-x64\direct\fsm\ClassicFSM.py", line 228, in __transition
    self.__enter(aState, enterArgList)
  File "C:\Panda3D-1.11.0-x64\direct\fsm\ClassicFSM.py", line 214, in __enter
    aState.enter(argList)
  File "C:\Panda3D-1.11.0-x64\direct\fsm\State.py", line 202, in enter
    self.__enterFunc(*argList)
  File "toontown\coghq\CogHQLoader.py", line 121, in enterCogHQExterior
    self.enterPlace(requestStatus)
  File "toontown\coghq\CogHQLoader.py", line 90, in enterPlace
    self.place.enter(requestStatus)
  File "toontown\coghq\SellbotHQExterior.py", line 8, in enter
    CogHQExterior.CogHQExterior.enter(self, requestStatus)
  File "toontown\coghq\CogHQExterior.py", line 80, in enter
    self.handleInterests()
  File "toontown\coghq\CogHQExterior.py", line 163, in handleInterests
    base.cr.sendSetZoneMsg(self.zoneId, self.zoneVisDict.values()[0])
IndexError: list index out of range
:09-23-2022 18:42:51 :task(error): Exception occurred in PythonTask readerPollTask-106599504
:09-23-2022 18:42:51 TTOffLauncher: setting panda error code to 12
:09-23-2022 18:42:51 TTOffLauncher(warning): Handling Python exception.
:09-23-2022 18:42:51 TimeManager: Client disconnect reason 3.
:09-23-2022 18:42:51 TimeManager: Client exception: toontown.coghq.CogHQExterior:163, toontown.coghq.CogHQExterior:80, toontown.coghq.SellbotHQExterior:8, toontown.coghq.CogHQLoader:90, IndexError: list index out of range
:09-23-2022 18:42:51 OTPClientRepository: Sent disconnect message to server
:09-23-2022 18:42:51 OTPClientRepository: Closing connection to server.
:09-23-2022 18:42:51 TTOffLauncher: Exception exit.

Traceback (most recent call last):
  File "otp\launcher\LauncherBase.py", line 1081, in mainLoop
    self._runTaskManager()
  File "otp\launcher\LauncherBase.py", line 1052, in _runTaskManager
    taskMgr.run()
  File "C:\Panda3D-1.11.0-x64\direct\task\Task.py", line 528, in run
    self.step()
  File "C:\Panda3D-1.11.0-x64\direct\task\Task.py", line 482, in step
    self.mgr.poll()
  File "C:\Panda3D-1.11.0-x64\direct\distributed\ConnectionRepository.py", line 609, in readerPollUntilEmpty
    while self.readerPollOnce():
  File "C:\Panda3D-1.11.0-x64\direct\distributed\ConnectionRepository.py", line 616, in readerPollOnce
    self.handleDatagram(self.private__di)
  File "otp\distributed\OTPClientRepository.py", line 1838, in handleDatagram
    self.handler(msgType, di)
  File "toontown\hood\QuietZoneState.py", line 153, in handleWaitForQuietZoneResponse
    base.cr.handlePlayGame(msgType, di)
  File "otp\distributed\OTPClientRepository.py", line 1445, in handlePlayGame
    self.handleMessageType(msgType, di)
  File "otp\distributed\OTPClientRepository.py", line 1732, in handleMessageType
    self.gotInterestDoneMessage(di)
  File "otp\distributed\OTPClientRepository.py", line 1759, in gotInterestDoneMessage
    self.handleInterestDoneMessage(di)
  File "C:\Panda3D-1.11.0-x64\direct\distributed\DoInterestManager.py", line 621, in handleInterestDoneMessage
    messenger.send(event)
  File "C:\Panda3D-1.11.0-x64\direct\showbase\Messenger.py", line 333, in send
    self.__dispatch(acceptorDict, event, sentArgs, foundWatch)
  File "C:\Panda3D-1.11.0-x64\direct\showbase\Messenger.py", line 418, in __dispatch
    result = method (*(extraArgs + sentArgs))
  File "toontown\distributed\ToontownClientRepository.py", line 928, in _handleEmuSetZoneDone
    messenger.send(event)
  File "C:\Panda3D-1.11.0-x64\direct\showbase\Messenger.py", line 333, in send
    self.__dispatch(acceptorDict, event, sentArgs, foundWatch)
  File "C:\Panda3D-1.11.0-x64\direct\showbase\Messenger.py", line 418, in __dispatch
    result = method (*(extraArgs + sentArgs))
  File "toontown\hood\QuietZoneState.py", line 196, in _handleQuietZoneComplete
    self.fsm.request('waitForZoneRedirect')
  File "C:\Panda3D-1.11.0-x64\direct\fsm\ClassicFSM.py", line 281, in request
    exitArgList)
  File "C:\Panda3D-1.11.0-x64\direct\fsm\ClassicFSM.py", line 228, in __transition
    self.__enter(aState, enterArgList)
  File "C:\Panda3D-1.11.0-x64\direct\fsm\ClassicFSM.py", line 214, in __enter
    aState.enter(argList)
  File "C:\Panda3D-1.11.0-x64\direct\fsm\State.py", line 202, in enter
    self.__enterFunc(*argList)
  File "toontown\hood\QuietZoneState.py", line 237, in enterWaitForZoneRedirect
    self.fsm.request('waitForSetZoneResponse')
  File "C:\Panda3D-1.11.0-x64\direct\fsm\ClassicFSM.py", line 281, in request
    exitArgList)
  File "C:\Panda3D-1.11.0-x64\direct\fsm\ClassicFSM.py", line 228, in __transition
    self.__enter(aState, enterArgList)
  File "C:\Panda3D-1.11.0-x64\direct\fsm\ClassicFSM.py", line 214, in __enter
    aState.enter(argList)
  File "C:\Panda3D-1.11.0-x64\direct\fsm\State.py", line 202, in enter
    self.__enterFunc(*argList)
  File "toontown\hood\QuietZoneState.py", line 263, in enterWaitForSetZoneResponse
    self.fsm.request('waitForSetZoneComplete')
  File "C:\Panda3D-1.11.0-x64\direct\fsm\ClassicFSM.py", line 281, in request
    exitArgList)
  File "C:\Panda3D-1.11.0-x64\direct\fsm\ClassicFSM.py", line 228, in __transition
    self.__enter(aState, enterArgList)
  File "C:\Panda3D-1.11.0-x64\direct\fsm\ClassicFSM.py", line 214, in __enter
    aState.enter(argList)
  File "C:\Panda3D-1.11.0-x64\direct\fsm\State.py", line 202, in enter
    self.__enterFunc(*argList)
  File "toontown\hood\QuietZoneState.py", line 301, in enterWaitForSetZoneComplete
    messenger.send(self.getQuietZoneLeftEvent())
  File "C:\Panda3D-1.11.0-x64\direct\showbase\Messenger.py", line 333, in send
    self.__dispatch(acceptorDict, event, sentArgs, foundWatch)
  File "C:\Panda3D-1.11.0-x64\direct\showbase\Messenger.py", line 418, in __dispatch
    result = method (*(extraArgs + sentArgs))
  File "toontown\distributed\PlayGame.py", line 288, in handleLeftQuietZone
    self.fsm.request(hoodState, [status])
  File "C:\Panda3D-1.11.0-x64\direct\fsm\ClassicFSM.py", line 281, in request
    exitArgList)
  File "C:\Panda3D-1.11.0-x64\direct\fsm\ClassicFSM.py", line 228, in __transition
    self.__enter(aState, enterArgList)
  File "C:\Panda3D-1.11.0-x64\direct\fsm\ClassicFSM.py", line 214, in __enter
    aState.enter(argList)
  File "C:\Panda3D-1.11.0-x64\direct\fsm\State.py", line 202, in enter
    self.__enterFunc(*argList)
  File "toontown\distributed\PlayGame.py", line 365, in enterSellbotHQ
    self.hood.enter(requestStatus)
  File "toontown\hood\SellbotHQ.py", line 27, in enter
    CogHood.CogHood.enter(self, *args)
  File "toontown\hood\Hood.py", line 41, in enter
    self.fsm.request(requestStatus['loader'], [requestStatus])
  File "C:\Panda3D-1.11.0-x64\direct\fsm\ClassicFSM.py", line 281, in request
    exitArgList)
  File "C:\Panda3D-1.11.0-x64\direct\fsm\ClassicFSM.py", line 228, in __transition
    self.__enter(aState, enterArgList)
  File "C:\Panda3D-1.11.0-x64\direct\fsm\ClassicFSM.py", line 214, in __enter
    aState.enter(argList)
  File "C:\Panda3D-1.11.0-x64\direct\fsm\State.py", line 202, in enter
    self.__enterFunc(*argList)
  File "toontown\hood\CogHood.py", line 39, in enterCogHQLoader
    self.loader.enter(requestStatus)
  File "toontown\coghq\CogHQLoader.py", line 61, in enter
    self.fsm.request(requestStatus['where'], [requestStatus])
  File "C:\Panda3D-1.11.0-x64\direct\fsm\ClassicFSM.py", line 281, in request
    exitArgList)
  File "C:\Panda3D-1.11.0-x64\direct\fsm\ClassicFSM.py", line 228, in __transition
    self.__enter(aState, enterArgList)
  File "C:\Panda3D-1.11.0-x64\direct\fsm\ClassicFSM.py", line 214, in __enter
    aState.enter(argList)
  File "C:\Panda3D-1.11.0-x64\direct\fsm\State.py", line 202, in enter
    self.__enterFunc(*argList)
  File "toontown\coghq\CogHQLoader.py", line 121, in enterCogHQExterior
    self.enterPlace(requestStatus)
  File "toontown\coghq\CogHQLoader.py", line 90, in enterPlace
    self.place.enter(requestStatus)
  File "toontown\coghq\SellbotHQExterior.py", line 8, in enter
    CogHQExterior.CogHQExterior.enter(self, requestStatus)
  File "toontown\coghq\CogHQExterior.py", line 80, in enter
    self.handleInterests()
  File "toontown\coghq\CogHQExterior.py", line 163, in handleInterests
    base.cr.sendSetZoneMsg(self.zoneId, self.zoneVisDict.values()[0])
IndexError: list index out of range
