

Starting Toontown Online...
Current time: Sat Oct 29 15:04:08 2022 Eastern Standard Time
sys.path =  ['', 'C:\\Toontown-Last-Laff-Workspace-10-21-2022\\src\\Panda3D-1.11.0-x64\\python\\python27.zip', 'C:\\Panda3D-1.11.0-x64', 'C:\\Toontown-Last-Laff-Workspace-10-21-2022\\src\\Panda3D-1.11.0-x64\\python\\DLLs', 'C:\\Toontown-Last-Laff-Workspace-10-21-2022\\src\\Panda3D-1.11.0-x64\\python\\lib', 'C:\\Toontown-Last-Laff-Workspace-10-21-2022\\src\\Panda3D-1.11.0-x64\\python\\lib\\plat-win', 'C:\\Toontown-Last-Laff-Workspace-10-21-2022\\src\\Panda3D-1.11.0-x64\\python\\lib\\lib-tk', 'C:\\Toontown-Last-Laff-Workspace-10-21-2022\\src\\Panda3D-1.11.0-x64\\python', 'C:\\Toontown-Last-Laff-Workspace-10-21-2022\\src\\Panda3D-1.11.0-x64', 'C:\\Toontown-Last-Laff-Workspace-10-21-2022\\src\\Panda3D-1.11.0-x64\\bin', 'C:\\Toontown-Last-Laff-Workspace-10-21-2022\\src\\Panda3D-1.11.0-x64\\python\\lib\\site-packages']
sys.argv =  ['C:\\Toontown-Last-Laff-Workspace-10-21-2022\\src\\toontown\\launcher\\TTOffQuickStartLauncher.py']
generating standard configrc
os.environ =  {'TMP': 'C:\\Users\\Philip\\AppData\\Local\\Temp', 'COMPUTERNAME': 'PHILIP-JR', 'USERDOMAIN': 'PHILIP-JR', 'NEKO_INSTPATH': 'C:\\HaxeToolkit\\neko', 'PSMODULEPATH': 'C:\\WINDOWS\\system32\\WindowsPowerShell\\v1.0\\Modules\\', 'DOKANLIBRARY1': 'C:\\Program Files\\Dokan\\Dokan Library-1.4.1\\', 'ADSK_3DSMAX_X64_2021': 'C:\\Program Files\\Autodesk\\3ds Max 2021\\', 'PROCESSOR_IDENTIFIER': 'Intel64 Family 6 Model 45 Stepping 7, GenuineIntel', 'VBOX_MSI_INSTALL_PATH': 'C:\\Program Files\\Oracle\\VirtualBox\\', 'PROGRAMFILES': 'C:\\Program Files', 'PROCESSOR_REVISION': '2d07', 'PATH': 'C:\\Panda3D-1.11.0-x64\\panda3d\\..\\bin;C:\\Program Files (x86)\\Common Files\\Oracle\\Java\\javapath;C:\\Windows\\system32;C:\\Windows;C:\\Windows\\System32\\Wbem;C:\\Windows\\System32\\WindowsPowerShell\\v1.0\\;C:\\Program Files (x86)\\NVIDIA Corporation\\PhysX\\Common;C:\\Program Files\\Git\\cmd;C:\\WINDOWS\\system32;C:\\WINDOWS;C:\\WINDOWS\\System32\\Wbem;C:\\WINDOWS\\System32\\WindowsPowerShell\\v1.0\\;C:\\Program Files\\dotnet\\;C:\\Program Files\\Common Files\\Autodesk Shared\\;C:\\Program Files\\Microsoft SQL Server\\120\\Tools\\Binn\\;C:\\HaxeToolkit\\haxe;C:\\HaxeToolkit\\neko;C:\\Program Files\\Animation Paper\\gstreamer\\bin;C:\\Program Files\\PuTTY\\;C:\\Program Files\\NVIDIA Corporation\\NVIDIA NvDLISR;C:\\Program Files (x86)\\Windows Live\\Shared;C:\\HaxeToolkit\\haxe;C:\\HaxeToolkit\\neko;C:\\Program Files (x86)\\Windows Kits\\8.1\\Windows Performance Toolkit\\;C:\\Users\\Philip\\anaconda3;C:\\Users\\Philip\\anaconda3\\Library\\mingw-w64\\bin;C:\\Users\\Philip\\anaconda3\\Library\\usr\\bin;C:\\Users\\Philip\\anaconda3\\Library\\bin;C:\\Users\\Philip\\anaconda3\\Scripts;C:\\Program Files\\MySQL\\MySQL Shell 8.0\\bin\\;C:\\Panda3D-1.10.02\\python;C:\\Panda3D-1.10.02\\python\\Scripts;C:\\Panda3D-1.10.02\\bin;C:\\Panda3D-1.11.0-x64-py2\\python;C:\\Panda3D-1.11.0-x64-py2\\python\\Scripts;C:\\Panda3D-1.11.0-x64-py2\\bin;C:\\Users\\Philip\\AppData\\Local\\GitHubDesktop\\bin;C:\\Panda3D-1.9.0\\python;C:\\Panda3D-1.9.0\\python\\Scripts;C:\\Panda3D-1.9.0\\bin;C:\\Panda3D-1.10.0-x64\\python;C:\\Panda3D-1.10.0-x64\\python\\Scripts;C:\\Panda3D-1.10.0-x64\\bin;C:\\Users\\Philip\\AppData\\Local\\atom\\bin;C:\\Panda3D-1.10.0\\python;C:\\Panda3D-1.10.0\\python\\Scripts;C:\\Panda3D-1.10.0\\bin;C:\\Panda3D-1.11.0-x64-astron\\python;C:\\Panda3D-1.11.0-x64-astron\\python\\Scripts;C:\\Panda3D-1.11.0-x64-astron\\bin;C:\\Panda3D-1.11.0-x64\\python;C:\\Panda3D-1.11.0-x64\\python\\Scripts;C:\\Panda3D-1.11.0-x64\\bin;C:\\Panda3D-1.10.9-x64\\python;C:\\Panda3D-1.10.9-x64\\python\\Scrip;C:\\Users\\Philip\\AppData\\Local\\Programs\\Microsoft VS Code\\bin;C:\\Users\\Philip\\.dotnet\\tools;%C:\\Program Files (x86)\\Windows Kits\\8.1\\bin\\x86\\rc.exe%;%C:\\Program Files (x86)\\Microsoft Visual Studio\\2019\\BuildTools\\Common7\\IDE%;C:\\Program Files\\JetBrains\\PyCharm Community Edition 2022.2.3\\bin;', 'SYSTEMROOT': 'C:\\WINDOWS', 'NUMBER_OF_PROCESSORS': '8', 'PROGRAMFILES(X86)': 'C:\\Program Files (x86)', 'COMSPEC': 'C:\\WINDOWS\\system32\\cmd.exe', 'KMP_BLOCKTIME': '0', 'PPYTHON_PATH': '"Panda3D-1.11.0-x64\\python\\ppython.exe"', 'PYCHARM COMMUNITY EDITION': 'C:\\Program Files\\JetBrains\\PyCharm Community Edition 2022.2.3\\bin;', 'COMMONPROGRAMFILES(X86)': 'C:\\Program Files (x86)\\Common Files', 'PROCESSOR_ARCHITECTURE': 'AMD64', 'DOKANLIBRARY1_LIBRARYPATH_X64': 'C:\\Program Files\\Dokan\\Dokan Library-1.4.1\\lib\\', 'ALLUSERSPROFILE': 'C:\\ProgramData', 'LOCALAPPDATA': 'C:\\Users\\Philip\\AppData\\Local', 'HOMEPATH': '\\Users\\Philip', 'USERDOMAIN_ROAMINGPROFILE': 'PHILIP-JR', 'TTOFF_GAME_SERVER': '25.66.10.148', 'PROGRAMW6432': 'C:\\Program Files', 'USERNAME': 'Philip', 'FP_NO_HOST_CHECK': 'NO', 'DOKANLIBRARY1_LIBRARYPATH_X86': 'C:\\Program Files\\Dokan\\Dokan Library-1.4.1\\x86\\lib\\', 'LOGONSERVER': '\\\\MicrosoftAccount', 'PROMPT': '$P$G', 'SESSIONNAME': 'Console', 'PROGRAMDATA': 'C:\\ProgramData', 'COMMONPROGRAMFILES': 'C:\\Program Files\\Common Files', 'TEMP': 'C:\\Users\\Philip\\AppData\\Local\\Temp', 'HAXEPATH': 'C:\\HaxeToolkit\\haxe', 'PATHEXT': '.COM;.EXE;.BAT;.CMD;.VBS;.VBE;.JS;.JSE;.WSF;.WSH;.MSC', 'TTOFF_LOGIN_TOKEN': 'Doctor Bumpy', 'VS160COMCOMNTOOLS': 'C:\\Program Files (x86)\\Microsoft Visual Studio\\2019\\Community\\Common7\\Tools\\', 'WINDIR': 'C:\\WINDOWS', 'OMP_WAIT_POLICY': 'PASSIVE', 'MONGO': 'C:\\mongodb-win32-x86_64-windows-4.4.4/bin', 'HOMEDRIVE': 'C:', 'SYSTEMDRIVE': 'C:', 'PUBLIC': 'C:\\Users\\Public', 'APPDATA': 'C:\\Users\\Philip\\AppData\\Roaming', 'PROCESSOR_LEVEL': '6', 'CIOENGINE': 'C:\\cio-panda3d', 'COMMONPROGRAMW6432': 'C:\\Program Files\\Common Files', 'OS': 'Windows_NT', 'ADSK_CLM_WPAD_PROXY_CHECK': 'FALSE', 'USERPROFILE': 'C:\\Users\\Philip'}
:10-29-2022 15:04:08 TTOffLauncher: isTestServer: 0
:10-29-2022 15:04:08 TTOffLauncher: Game Server 25.66.10.148
:10-29-2022 15:04:08 TTOffLauncher: Starting Toontown Online... 
:10-29-2022 15:04:08 TTOffLauncher: foreground: Launcher now operating in foreground
useTTOffSpecificLogin=True
:10-29-2022 15:04:08 TTOffLauncher: maybeStartGame: starting game
:10-29-2022 15:04:08 TTOffLauncher: Starting Toontown Online...
:10-29-2022 15:04:08 TTOffLauncher: background: Launcher now operating in background
ToontownStart: Polling for game2 to finish...
ToontownStart: Game2 is finished.
ToontownStart: Starting the game.
ToontownStart: setting default font
:10-29-2022 15:04:08 TTOffLauncher: setting panda error code to 7
Known pipe types:
  wglGraphicsPipe
(all display modules loaded.)
:10-29-2022 15:04:08 ToonBase: Default graphics pipe is wglGraphicsPipe (OpenGL).
:10-29-2022 15:04:09 :display(warning): FrameBufferProperties available less than requested.
  requested: depth_bits=24 color_bits=3 red_bits=1 green_bits=1 blue_bits=1 alpha_bits=1 multisamples=70 back_buffers=1 force_hardware 
  got: depth_bits=24 color_bits=24 red_bits=8 green_bits=8 blue_bits=8 alpha_bits=8 accum_bits=64 multisamples=16 back_buffers=1 force_hardware 
:10-29-2022 15:04:09 ToonBase: Successfully opened window of type wglGraphicsWindow (OpenGL)
:10-29-2022 15:04:09 ShowBase: __dev__ == False
:10-29-2022 15:04:09 TTOffLauncher: setting panda error code to 11
:10-29-2022 15:04:09 TTOffLauncher: setting panda error code to 0
ToontownStart: Loading default gui sounds
ToontownStart: serverVersion:  tto-dev
:10-29-2022 15:04:09 Loader: starting bulk load of block 'init'
:10-29-2022 15:04:09 :nativenet(error): Buffered_DatagramConnection Constructor rbufsize = 4096000 wbufsize = 4096000 write_flush_point = 1400
:10-29-2022 15:04:09 OTPClientRepository: Using connect method 'http'
:10-29-2022 15:04:10 TTOffLauncher: getRegistry ('DEPLOYMENT', None)
:10-29-2022 15:04:10 TTOffLauncher: checking env
:10-29-2022 15:04:10 TTOffLauncher: getRegistry ('GAME_DEPLOYMENT', None)
:10-29-2022 15:04:10 TTOffLauncher: checking env
:10-29-2022 15:04:10 OTPClientRepository: reg_deployment=
:10-29-2022 15:04:10 OTPClientRepository: required-login auto.
:10-29-2022 15:04:10 OTPClientRepository: loginInterface: LoginTTOffAccount
:10-29-2022 15:04:10 TTOffLauncher: getNeedPwForSecretKey using ttoff-specific-login
:10-29-2022 15:04:10 Loader: At end of block 'init', expected 138, loaded 6, duration=1.4486746038
:10-29-2022 15:04:10 ToonBase: Using gameServer from launcher: 25.66.10.148 
:10-29-2022 15:04:10 OTPClientRepository: Connecting to gameserver directly (no proxy).
:10-29-2022 15:04:10 OTPClientRepository: Connecting to //25.66.10.148:7198 via HTTP interface.
:10-29-2022 15:04:10 TTOffLauncher: Stopping mini task manager.
:10-29-2022 15:04:10 OTPClientRepository: Successfully connected to //25.66.10.148:7198.
:10-29-2022 15:04:10 TTOffLauncher: Setting Disconnect Details normal
{402000001: <toontown.distributed.ToontownDistrict.ToontownDistrict instance at 0x0000000018378A88>}
:10-29-2022 15:04:12 StateData: AvatarChooser.enter
:10-29-2022 15:04:12 DisplayOptions: settingsFullScreen = False, embedded = False width=800 height=600
:10-29-2022 15:04:12 StateData: calling self.displayOptions.restrictToEmbedded(False)
:10-29-2022 15:04:14 OTPClientRepository: ================
:10-29-2022 15:04:14 OTPClientRepository: Chose avatar id: 100000007
:10-29-2022 15:04:14 OTPClientRepository: Chose avatar name: Doctor Bumpy
:10-29-2022 15:04:14 OTPClientRepository: Chose avatar dna: ('bss', 'ms', 'm', 'm', 20, 0, 4, 4, 1, 9, 1, 9, 1, 10)
:10-29-2022 15:04:14 OTPClientRepository: Chose avatar position: 1
:10-29-2022 15:04:14 OTPClientRepository: isPaid: 1
:10-29-2022 15:04:14 OTPClientRepository: freeTimeLeft: 0
:10-29-2022 15:04:14 OTPClientRepository: allowSecretChat: True
:10-29-2022 15:04:14 OTPClientRepository: ================
:10-29-2022 15:04:14 Loader: starting bulk load of block 'localAvatarPlayGame'
:10-29-2022 15:04:14 ToontownTimeManager(warning): error parsing date string=
local
:10-29-2022 15:04:15 NewsPageButtonManager(warning): Should not get here. NewsPageButtonManager.exitOff
:10-29-2022 15:04:15 :pnmimage:png(warning): iCCP: known incorrect sRGB profile
:10-29-2022 15:04:17 OTPClientRepository: Entering shard 402000001
:10-29-2022 15:04:17 StreetSign: Street sign url is https://ttoffline.com/images/
:10-29-2022 15:04:18 TimeManager: Clock sync: TimeManager.announceGenerate
:10-29-2022 15:04:18 NewsManager: setHolidayId: Starting Holiday 26
:10-29-2022 15:04:18 NewsManager: setHolidayId: Starting Holiday 19
:10-29-2022 15:04:18 InGameNewsMgr: latestIssue=2013-08-22 16:49:46.000003-07:00
cpu info: GenuineIntel|        Intel(R) Core(TM) i7-3820 CPU @ 3.60GHz|132823|0|3.601,3.601|4,8 cpus
:10-29-2022 15:04:19 OTPClientRepository: No sync from TimeManager.
:10-29-2022 15:04:19 OTPClientRepository: gotTimeSync
:10-29-2022 15:04:19 Loader: At end of block 'localAvatarPlayGame', expected 400, loaded 20, duration=5.63944933878
:10-29-2022 15:04:19 TimeManager: Clock sync roundtrip took 1142.762 ms
:10-29-2022 15:04:19 TimeManager: AI time delta is -0:01 from server delta
:10-29-2022 15:04:19 TimeManager: Local clock uncertainty +/- 0.572 s
:10-29-2022 15:04:19 PlayGame: QA-REGRESSION: NEIGHBORHOODS: Visit Bossbot HQ
:10-29-2022 15:04:19 Loader: starting bulk load of block 'hood'
:10-29-2022 15:04:20 OTPClientRepository: Sending heartbeat mid-frame.
:10-29-2022 15:04:20 TownBattleSuitPanel: Loading Suit Battle Panel!
:10-29-2022 15:04:20 TownBattleSuitPanel: Loading Suit Battle Panel!
:10-29-2022 15:04:20 TownBattleSuitPanel: Loading Suit Battle Panel!
:10-29-2022 15:04:20 TownBattleSuitPanel: Loading Suit Battle Panel!
:10-29-2022 15:04:20 TownBattleSuitPanel: Loading Suit Battle Panel!
:10-29-2022 15:04:20 TownBattleSuitPanel: Loading Suit Battle Panel!
:10-29-2022 15:04:20 TownBattleSuitPanel: Loading Suit Battle Panel!
:10-29-2022 15:04:20 TownBattleSuitPanel: Loading Suit Battle Panel!
:10-29-2022 15:04:21 :pnmimage:png(warning): Interlace handling should be turned on when using png_read_image
:10-29-2022 15:04:21 BossbotCogHQLoader: loadPlaceGeom: 10000
:10-29-2022 15:04:21 HoodMgr(warning): getPlaygroundCenterFromId: No such hood name as: 10000
:10-29-2022 15:04:21 DistributedToon: calling LocalAvatar.startchat
:10-29-2022 15:04:21 :loader(error): Couldn't load file phase_4/models/questmap/cog_hq_bossbot_maps.bam: not found on model path (currently: "/;/c/Toontown-Last-Laff-Workspace-10-21-2022/src/toontown/launcher;/c/Panda3D-1.11.0-x64/etc/..;/c/Panda3D-1.11.0-x64/etc/../models")
:10-29-2022 15:04:21 Loader: At end of block 'hood', expected 2, loaded 8, duration=1.6423626163
:10-29-2022 15:04:23 Teleport(debug): teleportInDone: walk
:10-29-2022 15:04:23 LocalAvatar(warning): redundant call to startUpdateSmartCamera
:10-29-2022 15:04:23 :loader(error): Couldn't load file phase_4/models/questmap/cog_hq_bossbot_maps.bam: not found on model path (currently: "/;/c/Toontown-Last-Laff-Workspace-10-21-2022/src/toontown/launcher;/c/Panda3D-1.11.0-x64/etc/..;/c/Panda3D-1.11.0-x64/etc/../models")
:10-29-2022 15:04:46 BossbotCogHQLoader: loadPlaceGeom: 61000
:10-29-2022 15:04:46 BossbotCogHQLoader(warning): loadPlaceGeom: unclassified zone 61000
:10-29-2022 15:04:46 BossbotHQExterior: Unloading Place (10000). Fsm in final
:10-29-2022 15:04:46 TimeManager: Clock sync: DistributedLevel.generate
:10-29-2022 15:04:46 DistributedCountryClub: countryClubId 10500, floor 0, [100000007]
:10-29-2022 15:04:46 Loader: loader.loadModelCopy() is deprecated; use loader.loadModel() instead.
:10-29-2022 15:04:46 Loader: loader.loadModelCopy() is deprecated; use loader.loadModel() instead.
:10-29-2022 15:04:46 Loader: loader.loadModelCopy() is deprecated; use loader.loadModel() instead.
:10-29-2022 15:04:46 Loader: loader.loadModelCopy() is deprecated; use loader.loadModel() instead.
:10-29-2022 15:04:46 DistributedClubElevator: Setting latch
:10-29-2022 15:04:46 DistributedClubElevator: Setting latch in announce generate
:10-29-2022 15:04:46 DistributedClubElevator: Setting latch
:10-29-2022 15:04:46 DistributedToon: calling LocalAvatar.startchat
:10-29-2022 15:04:46 BossbotCogHQLoader: enterCountryClubInterior, requestStatus={'zoneId': 61000, 'how': 'teleportIn', 'countryClubId': 10500, 'hoodId': 10000, 'loader': 'cogHQLoader', 'where': 'countryClubInterior'}
:10-29-2022 15:04:46 TimeManager: Clock sync roundtrip took 197.931 ms
:10-29-2022 15:04:46 TimeManager: AI time delta is -0:00 from server delta
:10-29-2022 15:04:46 ClockDelta: previous delta at -12.190 s, +/- 0.579 s.
:10-29-2022 15:04:46 ClockDelta: new delta at -12.674 s, +/- 0.099 s.
:10-29-2022 15:04:46 ClockDelta: intersection at -12.672 s, +/- 0.097 s.
:10-29-2022 15:04:46 TimeManager: Local clock uncertainty +/- 0.097 s
:10-29-2022 15:04:46 :gobj(error): Texture::read() - couldn't read: phase_3/maps/hands/cr.png
:10-29-2022 15:04:46 :gobj(error): Unable to find texture "phase_3/maps/hands/cr.png" on model-path /;/c/Toontown-Last-Laff-Workspace-10-21-2022/src/toontown/launcher;/c/Panda3D-1.11.0-x64/etc/..;/c/Panda3D-1.11.0-x64/etc/../models
:10-29-2022 15:04:46 :gobj(error): Texture::read() - couldn't read: phase_3/maps/hands/tbc.png
:10-29-2022 15:04:46 :gobj(error): Unable to find texture "phase_3/maps/hands/tbc.png" on model-path /;/c/Toontown-Last-Laff-Workspace-10-21-2022/src/toontown/launcher;/c/Panda3D-1.11.0-x64/etc/..;/c/Panda3D-1.11.0-x64/etc/../models
:10-29-2022 15:04:46 :gobj(error): Texture::read() - couldn't read: phase_3/maps/hands/hh.png
:10-29-2022 15:04:46 :gobj(error): Unable to find texture "phase_3/maps/hands/hh.png" on model-path /;/c/Toontown-Last-Laff-Workspace-10-21-2022/src/toontown/launcher;/c/Panda3D-1.11.0-x64/etc/..;/c/Panda3D-1.11.0-x64/etc/../models
:10-29-2022 15:04:46 :gobj(error): Texture::read() - couldn't read: phase_3/maps/hands/cr.png
:10-29-2022 15:04:46 :gobj(error): Unable to find texture "phase_3/maps/hands/cr.png" on model-path /;/c/Toontown-Last-Laff-Workspace-10-21-2022/src/toontown/launcher;/c/Panda3D-1.11.0-x64/etc/..;/c/Panda3D-1.11.0-x64/etc/../models
:10-29-2022 15:04:46 :gobj(error): Texture::read() - couldn't read: phase_3/maps/hands/cr.png
:10-29-2022 15:04:46 :gobj(error): Unable to find texture "phase_3/maps/hands/cr.png" on model-path /;/c/Toontown-Last-Laff-Workspace-10-21-2022/src/toontown/launcher;/c/Panda3D-1.11.0-x64/etc/..;/c/Panda3D-1.11.0-x64/etc/../models
:10-29-2022 15:04:46 :gobj(error): Texture::read() - couldn't read: phase_3/maps/hands/cr.png
:10-29-2022 15:04:46 :gobj(error): Unable to find texture "phase_3/maps/hands/cr.png" on model-path /;/c/Toontown-Last-Laff-Workspace-10-21-2022/src/toontown/launcher;/c/Panda3D-1.11.0-x64/etc/..;/c/Panda3D-1.11.0-x64/etc/../models
:10-29-2022 15:04:47 :gobj(error): Texture::read() - couldn't read: phase_3/maps/hands/mm.png
:10-29-2022 15:04:47 :gobj(error): Unable to find texture "phase_3/maps/hands/mm.png" on model-path /;/c/Toontown-Last-Laff-Workspace-10-21-2022/src/toontown/launcher;/c/Panda3D-1.11.0-x64/etc/..;/c/Panda3D-1.11.0-x64/etc/../models
:10-29-2022 15:04:47 :gobj(error): Texture::read() - couldn't read: phase_3/maps/hands/hh.png
:10-29-2022 15:04:47 :gobj(error): Unable to find texture "phase_3/maps/hands/hh.png" on model-path /;/c/Toontown-Last-Laff-Workspace-10-21-2022/src/toontown/launcher;/c/Panda3D-1.11.0-x64/etc/..;/c/Panda3D-1.11.0-x64/etc/../models
:10-29-2022 15:04:47 LocalAvatar(warning): redundant call to startUpdateSmartCamera
:10-29-2022 15:04:48 Teleport(debug): teleportInDone: walk
:10-29-2022 15:04:48 LocalAvatar(warning): redundant call to startUpdateSmartCamera
doors enter state 1
openInnerDoors
openInnerDoors
openInnerDoors stage Two
:10-29-2022 15:05:20 ToontownChatManager: QA-REGRESSION: CHAT: Speedchat Plus
:10-29-2022 15:05:21 TTOffMagicWordManager: Run mode has been toggled.
:10-29-2022 15:05:23 LocalAvatar(warning): redundant call to startUpdateSmartCamera
:10-29-2022 15:05:23 LocalAvatar(warning): redundant call to startUpdateSmartCamera
:10-29-2022 15:05:24 LocalAvatar(warning): redundant call to startUpdateSmartCamera
:10-29-2022 15:05:24 LocalAvatar(warning): redundant call to startUpdateSmartCamera
:10-29-2022 15:05:28 CountryClubInterior(warning): fsm.request('WaitForBattle') returned 0 (zone id 10500, avatar pos LPoint3f(627.26, -57.0661, -0.147851)).
:10-29-2022 15:05:28 CountryClubInterior(warning): fsm.request('WaitForBattle') returned 0 (zone id 10500, avatar pos LPoint3f(627.26, -57.0661, -0.147851)).
spec = {'parentEntId': 110000, 'pos': LPoint3f(0, 0, 0)}
h = None
:10-29-2022 15:05:28 CountryClubInterior: QA-REGRESSION: COGBATTLE: Enter Battle
Battle Event localtoon-battle-event-3
Traceback (most recent call last):
  File "C:\Panda3D-1.11.0-x64\direct\distributed\ConnectionRepository.py", line 609, in readerPollUntilEmpty
    while self.readerPollOnce():
  File "C:\Panda3D-1.11.0-x64\direct\distributed\ConnectionRepository.py", line 616, in readerPollOnce
    self.handleDatagram(self.private__di)
  File "otp\distributed\OTPClientRepository.py", line 1838, in handleDatagram
    self.handler(msgType, di)
  File "otp\distributed\OTPClientRepository.py", line 1437, in handlePlayGame
    self.handleGenerateWithRequired(di)
  File "otp\distributed\OTPClientRepository.py", line 1923, in handleGenerateWithRequired
    return self.__doGenerate(doId, parentId, zoneId, classId, di, other)
  File "otp\distributed\OTPClientRepository.py", line 1987, in __doGenerate
    distObj = self.generateWithRequiredFields(dclass, doId, di, parentId, zoneId)
  File "C:\Panda3D-1.11.0-x64\direct\distributed\ClientRepositoryBase.py", line 264, in generateWithRequiredFields
    distObj.updateRequiredFields(dclass, di)
  File "C:\Panda3D-1.11.0-x64\direct\distributed\DistributedObject.py", line 341, in updateRequiredFields
    dclass.receiveUpdateBroadcastRequired(self, di)
  File "toontown\battle\DistributedBattle.py", line 66, in setMembers
    oldtoons = DistributedBattleBase.DistributedBattleBase.setMembers(self, suits, suitsJoining, suitsPending, suitsActive, suitsLured, suitTraps, toons, toonsJoining, toonsPending, toonsActive, toonsRunning, timestamp)
  File "toontown\battle\DistributedBattleBase.py", line 526, in setMembers
    self.localToonFsm.request('HasLocalToon')
  File "C:\Panda3D-1.11.0-x64\direct\fsm\ClassicFSM.py", line 281, in request
    exitArgList)
  File "C:\Panda3D-1.11.0-x64\direct\fsm\ClassicFSM.py", line 228, in __transition
    self.__enter(aState, enterArgList)
  File "C:\Panda3D-1.11.0-x64\direct\fsm\ClassicFSM.py", line 214, in __enter
    aState.enter(argList)
  File "C:\Panda3D-1.11.0-x64\direct\fsm\State.py", line 202, in enter
    self.__enterFunc(*argList)
  File "toontown\battle\DistributedBattleBase.py", line 1242, in enterHasLocalToon
    base.cr.playGame.getPlace().setState('battle', self.localToonBattleEvent)
  File "toontown\battle\BattlePlace.py", line 18, in setState
    if not self.fsm.request(state, [battleEvent]):
  File "C:\Panda3D-1.11.0-x64\direct\fsm\ClassicFSM.py", line 281, in request
    exitArgList)
  File "C:\Panda3D-1.11.0-x64\direct\fsm\ClassicFSM.py", line 228, in __transition
    self.__enter(aState, enterArgList)
  File "C:\Panda3D-1.11.0-x64\direct\fsm\ClassicFSM.py", line 214, in __enter
    aState.enter(argList)
  File "C:\Panda3D-1.11.0-x64\direct\fsm\State.py", line 202, in enter
    self.__enterFunc(*argList)
  File "toontown\coghq\CountryClubInterior.py", line 176, in enterBattle
    self.battleMusic.start()
AttributeError: CountryClubInterior instance has no attribute 'battleMusic'
:10-29-2022 15:05:28 :task(error): Exception occurred in PythonTask readerPollTask-100004256
:10-29-2022 15:05:28 TTOffLauncher: setting panda error code to 12
:10-29-2022 15:05:28 TTOffLauncher(warning): Handling Python exception.
:10-29-2022 15:05:28 TimeManager: Client disconnect reason 3.
:10-29-2022 15:05:28 TimeManager: Client exception: toontown.coghq.CountryClubInterior:176, direct.fsm.State:202, direct.fsm.ClassicFSM:214, direct.fsm.ClassicFSM:228, AttributeError: CountryClubInterior instance has no attribute 'battleMusic'
:10-29-2022 15:05:28 OTPClientRepository: Sent disconnect message to server
:10-29-2022 15:05:28 OTPClientRepository: Closing connection to server.
:10-29-2022 15:05:28 TTOffLauncher: Exception exit.

Traceback (most recent call last):
  File "otp\launcher\LauncherBase.py", line 1081, in mainLoop
    self._runTaskManager()
  File "otp\launcher\LauncherBase.py", line 1052, in _runTaskManager
    taskMgr.run()
  File "C:\Panda3D-1.11.0-x64\direct\task\Task.py", line 528, in run
    self.step()
  File "C:\Panda3D-1.11.0-x64\direct\task\Task.py", line 482, in step
    self.mgr.poll()
  File "C:\Panda3D-1.11.0-x64\direct\distributed\ConnectionRepository.py", line 609, in readerPollUntilEmpty
    while self.readerPollOnce():
  File "C:\Panda3D-1.11.0-x64\direct\distributed\ConnectionRepository.py", line 616, in readerPollOnce
    self.handleDatagram(self.private__di)
  File "otp\distributed\OTPClientRepository.py", line 1838, in handleDatagram
    self.handler(msgType, di)
  File "otp\distributed\OTPClientRepository.py", line 1437, in handlePlayGame
    self.handleGenerateWithRequired(di)
  File "otp\distributed\OTPClientRepository.py", line 1923, in handleGenerateWithRequired
    return self.__doGenerate(doId, parentId, zoneId, classId, di, other)
  File "otp\distributed\OTPClientRepository.py", line 1987, in __doGenerate
    distObj = self.generateWithRequiredFields(dclass, doId, di, parentId, zoneId)
  File "C:\Panda3D-1.11.0-x64\direct\distributed\ClientRepositoryBase.py", line 264, in generateWithRequiredFields
    distObj.updateRequiredFields(dclass, di)
  File "C:\Panda3D-1.11.0-x64\direct\distributed\DistributedObject.py", line 341, in updateRequiredFields
    dclass.receiveUpdateBroadcastRequired(self, di)
  File "toontown\battle\DistributedBattle.py", line 66, in setMembers
    oldtoons = DistributedBattleBase.DistributedBattleBase.setMembers(self, suits, suitsJoining, suitsPending, suitsActive, suitsLured, suitTraps, toons, toonsJoining, toonsPending, toonsActive, toonsRunning, timestamp)
  File "toontown\battle\DistributedBattleBase.py", line 526, in setMembers
    self.localToonFsm.request('HasLocalToon')
  File "C:\Panda3D-1.11.0-x64\direct\fsm\ClassicFSM.py", line 281, in request
    exitArgList)
  File "C:\Panda3D-1.11.0-x64\direct\fsm\ClassicFSM.py", line 228, in __transition
    self.__enter(aState, enterArgList)
  File "C:\Panda3D-1.11.0-x64\direct\fsm\ClassicFSM.py", line 214, in __enter
    aState.enter(argList)
  File "C:\Panda3D-1.11.0-x64\direct\fsm\State.py", line 202, in enter
    self.__enterFunc(*argList)
  File "toontown\battle\DistributedBattleBase.py", line 1242, in enterHasLocalToon
    base.cr.playGame.getPlace().setState('battle', self.localToonBattleEvent)
  File "toontown\battle\BattlePlace.py", line 18, in setState
    if not self.fsm.request(state, [battleEvent]):
  File "C:\Panda3D-1.11.0-x64\direct\fsm\ClassicFSM.py", line 281, in request
    exitArgList)
  File "C:\Panda3D-1.11.0-x64\direct\fsm\ClassicFSM.py", line 228, in __transition
    self.__enter(aState, enterArgList)
  File "C:\Panda3D-1.11.0-x64\direct\fsm\ClassicFSM.py", line 214, in __enter
    aState.enter(argList)
  File "C:\Panda3D-1.11.0-x64\direct\fsm\State.py", line 202, in enter
    self.__enterFunc(*argList)
  File "toontown\coghq\CountryClubInterior.py", line 176, in enterBattle
    self.battleMusic.start()
AttributeError: CountryClubInterior instance has no attribute 'battleMusic'
