

Starting Toontown Online...
Current time: Sun Nov  6 15:48:09 2022 Eastern Standard Time
sys.path =  ['', 'C:\\Toontown-Last-Laff-Workspace-10-21-2022\\src\\Panda3D-1.11.0-x64\\python\\python27.zip', 'C:\\Panda3D-1.11.0-x64', 'C:\\Toontown-Last-Laff-Workspace-10-21-2022\\src\\Panda3D-1.11.0-x64\\python\\DLLs', 'C:\\Toontown-Last-Laff-Workspace-10-21-2022\\src\\Panda3D-1.11.0-x64\\python\\lib', 'C:\\Toontown-Last-Laff-Workspace-10-21-2022\\src\\Panda3D-1.11.0-x64\\python\\lib\\plat-win', 'C:\\Toontown-Last-Laff-Workspace-10-21-2022\\src\\Panda3D-1.11.0-x64\\python\\lib\\lib-tk', 'C:\\Toontown-Last-Laff-Workspace-10-21-2022\\src\\Panda3D-1.11.0-x64\\python', 'C:\\Toontown-Last-Laff-Workspace-10-21-2022\\src\\Panda3D-1.11.0-x64', 'C:\\Toontown-Last-Laff-Workspace-10-21-2022\\src\\Panda3D-1.11.0-x64\\bin', 'C:\\Toontown-Last-Laff-Workspace-10-21-2022\\src\\Panda3D-1.11.0-x64\\python\\lib\\site-packages']
sys.argv =  ['C:\\Toontown-Last-Laff-Workspace-10-21-2022\\src\\toontown\\launcher\\TTOffQuickStartLauncher.py']
generating standard configrc
os.environ =  {'TMP': 'C:\\Users\\Philip\\AppData\\Local\\Temp', 'COMPUTERNAME': 'PHILIP-JR', 'USERDOMAIN': 'PHILIP-JR', 'NEKO_INSTPATH': 'C:\\HaxeToolkit\\neko', 'PSMODULEPATH': 'C:\\WINDOWS\\system32\\WindowsPowerShell\\v1.0\\Modules\\', 'DOKANLIBRARY1': 'C:\\Program Files\\Dokan\\Dokan Library-1.4.1\\', 'ADSK_3DSMAX_X64_2021': 'C:\\Program Files\\Autodesk\\3ds Max 2021\\', 'PROCESSOR_IDENTIFIER': 'Intel64 Family 6 Model 45 Stepping 7, GenuineIntel', 'LOGONSERVER': '\\\\MicrosoftAccount', 'VBOX_MSI_INSTALL_PATH': 'C:\\Program Files\\Oracle\\VirtualBox\\', 'PROGRAMFILES': 'C:\\Program Files', 'PROCESSOR_REVISION': '2d07', 'PATH': 'C:\\Toontown-Last-Laff-Workspace-10-21-2022\\src\\Panda3D-1.11.0-x64\\panda3d\\..\\bin;C:\\Program Files (x86)\\Common Files\\Oracle\\Java\\javapath;C:\\Windows\\system32;C:\\Windows;C:\\Windows\\System32\\Wbem;C:\\Windows\\System32\\WindowsPowerShell\\v1.0\\;C:\\Program Files (x86)\\NVIDIA Corporation\\PhysX\\Common;C:\\Program Files\\Git\\cmd;C:\\WINDOWS\\system32;C:\\WINDOWS;C:\\WINDOWS\\System32\\Wbem;C:\\WINDOWS\\System32\\WindowsPowerShell\\v1.0\\;C:\\Program Files\\dotnet\\;C:\\Program Files\\Common Files\\Autodesk Shared\\;C:\\Program Files\\Microsoft SQL Server\\120\\Tools\\Binn\\;C:\\HaxeToolkit\\haxe;C:\\HaxeToolkit\\neko;C:\\Program Files\\Animation Paper\\gstreamer\\bin;C:\\Program Files\\PuTTY\\;C:\\Program Files\\NVIDIA Corporation\\NVIDIA NvDLISR;C:\\Program Files (x86)\\Windows Live\\Shared;C:\\HaxeToolkit\\haxe;C:\\HaxeToolkit\\neko;C:\\Program Files (x86)\\Windows Kits\\8.1\\Windows Performance Toolkit\\;C:\\Users\\Philip\\anaconda3;C:\\Users\\Philip\\anaconda3\\Library\\mingw-w64\\bin;C:\\Users\\Philip\\anaconda3\\Library\\usr\\bin;C:\\Users\\Philip\\anaconda3\\Library\\bin;C:\\Users\\Philip\\anaconda3\\Scripts;C:\\Program Files\\MySQL\\MySQL Shell 8.0\\bin\\;C:\\Panda3D-1.10.02\\python;C:\\Panda3D-1.10.02\\python\\Scripts;C:\\Panda3D-1.10.02\\bin;C:\\Panda3D-1.11.0-x64-py2\\python;C:\\Panda3D-1.11.0-x64-py2\\python\\Scripts;C:\\Panda3D-1.11.0-x64-py2\\bin;C:\\Users\\Philip\\AppData\\Local\\GitHubDesktop\\bin;C:\\Panda3D-1.9.0\\python;C:\\Panda3D-1.9.0\\python\\Scripts;C:\\Panda3D-1.9.0\\bin;C:\\Panda3D-1.10.0-x64\\python;C:\\Panda3D-1.10.0-x64\\python\\Scripts;C:\\Panda3D-1.10.0-x64\\bin;C:\\Users\\Philip\\AppData\\Local\\atom\\bin;C:\\Panda3D-1.10.0\\python;C:\\Panda3D-1.10.0\\python\\Scripts;C:\\Panda3D-1.10.0\\bin;C:\\Panda3D-1.11.0-x64-astron\\python;C:\\Panda3D-1.11.0-x64-astron\\python\\Scripts;C:\\Panda3D-1.11.0-x64-astron\\bin;C:\\Panda3D-1.11.0-x64\\python;C:\\Panda3D-1.11.0-x64\\python\\Scripts;C:\\Panda3D-1.11.0-x64\\bin;C:\\Panda3D-1.10.9-x64\\python;C:\\Panda3D-1.10.9-x64\\python\\Scrip;C:\\Users\\Philip\\AppData\\Local\\Programs\\Microsoft VS Code\\bin;C:\\Users\\Philip\\.dotnet\\tools;%C:\\Program Files (x86)\\Windows Kits\\8.1\\bin\\x86\\rc.exe%;%C:\\Program Files (x86)\\Microsoft Visual Studio\\2019\\BuildTools\\Common7\\IDE%;C:\\Program Files\\JetBrains\\PyCharm Community Edition 2022.2.3\\bin;', 'SYSTEMROOT': 'C:\\WINDOWS', 'NUMBER_OF_PROCESSORS': '8', 'PROGRAMFILES(X86)': 'C:\\Program Files (x86)', 'COMSPEC': 'C:\\WINDOWS\\system32\\cmd.exe', 'KMP_BLOCKTIME': '0', 'PPYTHON_PATH': '"Panda3D-1.11.0-x64\\python\\ppython.exe"', 'PYCHARM COMMUNITY EDITION': 'C:\\Program Files\\JetBrains\\PyCharm Community Edition 2022.2.3\\bin;', 'COMMONPROGRAMFILES(X86)': 'C:\\Program Files (x86)\\Common Files', 'PROCESSOR_ARCHITECTURE': 'AMD64', 'DOKANLIBRARY1_LIBRARYPATH_X64': 'C:\\Program Files\\Dokan\\Dokan Library-1.4.1\\lib\\', 'ALLUSERSPROFILE': 'C:\\ProgramData', 'LOCALAPPDATA': 'C:\\Users\\Philip\\AppData\\Local', 'HOMEPATH': '\\Users\\Philip', 'USERDOMAIN_ROAMINGPROFILE': 'PHILIP-JR', 'PROGRAMW6432': 'C:\\Program Files', 'USERNAME': 'Philip', 'FP_NO_HOST_CHECK': 'NO', 'DOKANLIBRARY1_LIBRARYPATH_X86': 'C:\\Program Files\\Dokan\\Dokan Library-1.4.1\\x86\\lib\\', 'THIRDPARTY': 'C:\\thirdparty', 'PROMPT': '$P$G', 'SESSIONNAME': 'Console', 'PROGRAMDATA': 'C:\\ProgramData', 'COMMONPROGRAMFILES': 'C:\\Program Files\\Common Files', 'TEMP': 'C:\\Users\\Philip\\AppData\\Local\\Temp', 'HAXEPATH': 'C:\\HaxeToolkit\\haxe', 'PATHEXT': '.COM;.EXE;.BAT;.CMD;.VBS;.VBE;.JS;.JSE;.WSF;.WSH;.MSC', 'TTOFF_LOGIN_TOKEN': 'dev', 'VS160COMCOMNTOOLS': 'C:\\Program Files (x86)\\Microsoft Visual Studio\\2019\\Community\\Common7\\Tools\\', 'WINDIR': 'C:\\WINDOWS', 'OMP_WAIT_POLICY': 'PASSIVE', 'MONGO': 'C:\\mongodb-win32-x86_64-windows-4.4.4/bin', 'HOMEDRIVE': 'C:', 'SYSTEMDRIVE': 'C:', 'PUBLIC': 'C:\\Users\\Public', 'APPDATA': 'C:\\Users\\Philip\\AppData\\Roaming', 'PROCESSOR_LEVEL': '6', 'CIOENGINE': 'C:\\cio-panda3d', 'COMMONPROGRAMW6432': 'C:\\Program Files\\Common Files', 'OS': 'Windows_NT', 'ADSK_CLM_WPAD_PROXY_CHECK': 'FALSE', 'USERPROFILE': 'C:\\Users\\Philip'}
:11-06-2022 15:48:09 TTOffLauncher: isTestServer: 0
:11-06-2022 15:48:09 TTOffLauncher: Game Server 127.0.0.1
:11-06-2022 15:48:09 TTOffLauncher: Starting Toontown Online... 
:11-06-2022 15:48:09 TTOffLauncher: foreground: Launcher now operating in foreground
useTTOffSpecificLogin=True
:11-06-2022 15:48:09 TTOffLauncher: maybeStartGame: starting game
:11-06-2022 15:48:09 TTOffLauncher: Starting Toontown Online...
:11-06-2022 15:48:09 TTOffLauncher: background: Launcher now operating in background
ToontownStart: Polling for game2 to finish...
ToontownStart: Game2 is finished.
ToontownStart: Starting the game.
ToontownStart: setting default font
:11-06-2022 15:48:09 TTOffLauncher: setting panda error code to 7
Known pipe types:
  wglGraphicsPipe
(all display modules loaded.)
:11-06-2022 15:48:09 ToonBase: Default graphics pipe is wglGraphicsPipe (OpenGL).
:11-06-2022 15:48:10 :display(warning): FrameBufferProperties available less than requested.
  requested: depth_bits=24 color_bits=3 red_bits=1 green_bits=1 blue_bits=1 alpha_bits=1 multisamples=70 back_buffers=1 force_hardware 
  got: depth_bits=24 color_bits=24 red_bits=8 green_bits=8 blue_bits=8 alpha_bits=8 accum_bits=64 multisamples=16 back_buffers=1 force_hardware 
:11-06-2022 15:48:10 ToonBase: Successfully opened window of type wglGraphicsWindow (OpenGL)
:11-06-2022 15:48:10 ShowBase: __dev__ == False
:11-06-2022 15:48:10 TTOffLauncher: setting panda error code to 11
:11-06-2022 15:48:10 TTOffLauncher: setting panda error code to 0
ToontownStart: Loading default gui sounds
ToontownStart: serverVersion:  tto-dev
:11-06-2022 15:48:10 Loader: starting bulk load of block 'init'
:11-06-2022 15:48:11 :nativenet(error): Buffered_DatagramConnection Constructor rbufsize = 4096000 wbufsize = 4096000 write_flush_point = 1400
:11-06-2022 15:48:11 OTPClientRepository: Using connect method 'http'
:11-06-2022 15:48:12 TTOffLauncher: getRegistry ('DEPLOYMENT', None)
:11-06-2022 15:48:12 TTOffLauncher: checking env
:11-06-2022 15:48:12 TTOffLauncher: getRegistry ('GAME_DEPLOYMENT', None)
:11-06-2022 15:48:12 TTOffLauncher: checking env
:11-06-2022 15:48:12 OTPClientRepository: reg_deployment=
:11-06-2022 15:48:12 OTPClientRepository: required-login auto.
:11-06-2022 15:48:12 OTPClientRepository: loginInterface: LoginTTOffAccount
:11-06-2022 15:48:12 TTOffLauncher: getNeedPwForSecretKey using ttoff-specific-login
:11-06-2022 15:48:12 Loader: At end of block 'init', expected 138, loaded 10, duration=2.11576522404
:11-06-2022 15:48:12 OTPClientRepository: Connecting to gameserver directly (no proxy).
:11-06-2022 15:48:12 OTPClientRepository: Connecting to //127.0.0.1:7198 via HTTP interface.
:11-06-2022 15:48:12 TTOffLauncher: Stopping mini task manager.
:11-06-2022 15:48:12 OTPClientRepository: Successfully connected to //127.0.0.1:7198.
:11-06-2022 15:48:12 TTOffLauncher: Setting Disconnect Details normal
{402000001: <toontown.distributed.ToontownDistrict.ToontownDistrict instance at 0x0000000016B25B48>}
:11-06-2022 15:48:14 StateData: AvatarChooser.enter
:11-06-2022 15:48:14 DisplayOptions: settingsFullScreen = False, embedded = False width=800 height=600
:11-06-2022 15:48:14 StateData: calling self.displayOptions.restrictToEmbedded(False)
:11-06-2022 15:48:15 OTPClientRepository: ================
:11-06-2022 15:48:15 OTPClientRepository: Chose avatar id: 100000001
:11-06-2022 15:48:15 OTPClientRepository: Chose avatar name: Wittybumble
:11-06-2022 15:48:15 OTPClientRepository: Chose avatar dna: ('dss', 'ms', 'm', 'm', 6, 0, 6, 6, 1, 9, 1, 9, 1, 18)
:11-06-2022 15:48:15 OTPClientRepository: Chose avatar position: 1
:11-06-2022 15:48:15 OTPClientRepository: isPaid: 1
:11-06-2022 15:48:15 OTPClientRepository: freeTimeLeft: 0
:11-06-2022 15:48:15 OTPClientRepository: allowSecretChat: True
:11-06-2022 15:48:15 OTPClientRepository: ================
:11-06-2022 15:48:16 Loader: starting bulk load of block 'localAvatarPlayGame'
:11-06-2022 15:48:16 ToontownTimeManager(warning): error parsing date string=
:11-06-2022 15:48:16 Actor(warning): no part named head-front*!
local
:11-06-2022 15:48:17 NewsPageButtonManager(warning): Should not get here. NewsPageButtonManager.exitOff
:11-06-2022 15:48:17 :pnmimage:png(warning): iCCP: known incorrect sRGB profile
:11-06-2022 15:48:19 Actor(warning): no part named head-front*!
:11-06-2022 15:48:20 OTPClientRepository: Entering shard 402000001
:11-06-2022 15:48:20 StreetSign: Street sign url is https://ttoffline.com/images/
:11-06-2022 15:48:21 TimeManager: Clock sync: TimeManager.announceGenerate
:11-06-2022 15:48:21 NewsManager: setHolidayId: Starting Holiday 26
:11-06-2022 15:48:21 InGameNewsMgr: latestIssue=2013-08-22 16:49:46.000003-07:00
cpu info: GenuineIntel|        Intel(R) Core(TM) i7-3820 CPU @ 3.60GHz|132823|0|3.601,3.601|4,8 cpus
:11-06-2022 15:48:22 OTPClientRepository: No sync from TimeManager.
:11-06-2022 15:48:22 OTPClientRepository: gotTimeSync
:11-06-2022 15:48:22 Loader: At end of block 'localAvatarPlayGame', expected 400, loaded 24, duration=6.56629548552
:11-06-2022 15:48:22 OTPClientRepository: Sending heartbeat mid-frame.
:11-06-2022 15:48:22 TimeManager: Clock sync roundtrip took 1229.982 ms
:11-06-2022 15:48:22 TimeManager: AI time delta is -0:01 from server delta
:11-06-2022 15:48:22 TimeManager: Local clock uncertainty +/- 0.615 s
:11-06-2022 15:48:22 PlayGame: QA-REGRESSION: NEIGHBORHOODS: Visit Bossbot HQ
:11-06-2022 15:48:22 Loader: starting bulk load of block 'hood'
:11-06-2022 15:48:33 OTPClientRepository: Sending heartbeat mid-frame.
:11-06-2022 15:48:33 TownBattleSuitPanel: Loading Suit Battle Panel!
:11-06-2022 15:48:33 TownBattleSuitPanel: Loading Suit Battle Panel!
:11-06-2022 15:48:33 TownBattleSuitPanel: Loading Suit Battle Panel!
:11-06-2022 15:48:33 TownBattleSuitPanel: Loading Suit Battle Panel!
:11-06-2022 15:48:33 TownBattleSuitPanel: Loading Suit Battle Panel!
:11-06-2022 15:48:33 TownBattleSuitPanel: Loading Suit Battle Panel!
:11-06-2022 15:48:33 TownBattleSuitPanel: Loading Suit Battle Panel!
:11-06-2022 15:48:33 TownBattleSuitPanel: Loading Suit Battle Panel!
:11-06-2022 15:48:33 :pnmimage:png(warning): Interlace handling should be turned on when using png_read_image
:11-06-2022 15:48:33 BossbotCogHQLoader: loadPlaceGeom: 10000
:11-06-2022 15:48:34 HoodMgr(warning): getPlaygroundCenterFromId: No such hood name as: 10000
:11-06-2022 15:48:34 DistributedToon: calling LocalAvatar.startchat
:11-06-2022 15:48:34 :loader(error): Couldn't load file phase_4/models/questmap/cog_hq_bossbot_maps.bam: not found on model path (currently: "/;/c/Toontown-Last-Laff-Workspace-10-21-2022/src/toontown/launcher;/c/Toontown-Last-Laff-Workspace-10-21-2022/src/Panda3D-1.11.0-x64/etc/..;/c/Toontown-Last-Laff-Workspace-10-21-2022/src/Panda3D-1.11.0-x64/etc/../models")
:11-06-2022 15:48:34 Loader: At end of block 'hood', expected 2, loaded 57, duration=11.568392695
:11-06-2022 15:48:34 ToontownChatManager: QA-REGRESSION: CHAT: Speedchat Plus
:11-06-2022 15:48:35 Teleport(debug): teleportInDone: walk
:11-06-2022 15:48:35 :loader(error): Couldn't load file phase_4/models/questmap/cog_hq_bossbot_maps.bam: not found on model path (currently: "/;/c/Toontown-Last-Laff-Workspace-10-21-2022/src/toontown/launcher;/c/Toontown-Last-Laff-Workspace-10-21-2022/src/Panda3D-1.11.0-x64/etc/..;/c/Toontown-Last-Laff-Workspace-10-21-2022/src/Panda3D-1.11.0-x64/etc/../models")
:11-06-2022 15:48:36 TTOffMagicWordManager: Run mode has been toggled.
:11-06-2022 15:48:41 BossbotCogHQLoader: loadPlaceGeom: 10100
:11-06-2022 15:48:41 BossbotCogHQLoader: QA-REGRESSION: COGHQ: Visit BossbotLobby
:11-06-2022 15:48:41 BossbotHQExterior: Unloading Place (10000). Fsm in final
:11-06-2022 15:48:41 DistributedToon: calling LocalAvatar.startchat
:11-06-2022 15:48:41 :loader(error): Couldn't load file phase_4/models/questmap/cog_hq_bossbot_maps.bam: not found on model path (currently: "/;/c/Toontown-Last-Laff-Workspace-10-21-2022/src/toontown/launcher;/c/Toontown-Last-Laff-Workspace-10-21-2022/src/Panda3D-1.11.0-x64/etc/..;/c/Toontown-Last-Laff-Workspace-10-21-2022/src/Panda3D-1.11.0-x64/etc/../models")
:11-06-2022 15:48:42 :loader(error): Couldn't load file phase_4/models/questmap/cog_hq_bossbot_maps.bam: not found on model path (currently: "/;/c/Toontown-Last-Laff-Workspace-10-21-2022/src/toontown/launcher;/c/Toontown-Last-Laff-Workspace-10-21-2022/src/Panda3D-1.11.0-x64/etc/..;/c/Toontown-Last-Laff-Workspace-10-21-2022/src/Panda3D-1.11.0-x64/etc/../models")
:11-06-2022 15:48:49 BossbotCogHQLoader: loadPlaceGeom: 61000
:11-06-2022 15:48:49 BossbotCogHQLoader(warning): loadPlaceGeom: unclassified zone 61000
:11-06-2022 15:48:49 CogHQLobby: Unloading Place (10100). Fsm in final
:11-06-2022 15:48:49 :gobj(error): Texture::read() - couldn't read: phase_3/maps/hands/f.png
:11-06-2022 15:48:49 :gobj(error): Unable to find texture "phase_3/maps/hands/f.png" on model-path /;/c/Toontown-Last-Laff-Workspace-10-21-2022/src/toontown/launcher;/c/Toontown-Last-Laff-Workspace-10-21-2022/src/Panda3D-1.11.0-x64/etc/..;/c/Toontown-Last-Laff-Workspace-10-21-2022/src/Panda3D-1.11.0-x64/etc/../models
Assertion failed: !is_singleton() && !is_empty() at line 5124 of panda/src/pgraph/nodePath.cxx
Assertion failed: !is_singleton() && !is_empty() at line 5124 of panda/src/pgraph/nodePath.cxx
Assertion failed: !is_singleton() && !is_empty() at line 5124 of panda/src/pgraph/nodePath.cxx
Assertion failed: !is_singleton() && !is_empty() at line 5141 of panda/src/pgraph/nodePath.cxx
Assertion failed: !is_singleton() && !is_empty() at line 5124 of panda/src/pgraph/nodePath.cxx
Assertion failed: !is_singleton() && !is_empty() at line 5124 of panda/src/pgraph/nodePath.cxx
:11-06-2022 15:48:49 DistributedToon: calling LocalAvatar.startchat
:11-06-2022 15:48:49 :gobj(error): Texture::read() - couldn't read: phase_3/maps/hands/tbc.png
:11-06-2022 15:48:49 :gobj(error): Unable to find texture "phase_3/maps/hands/tbc.png" on model-path /;/c/Toontown-Last-Laff-Workspace-10-21-2022/src/toontown/launcher;/c/Toontown-Last-Laff-Workspace-10-21-2022/src/Panda3D-1.11.0-x64/etc/..;/c/Toontown-Last-Laff-Workspace-10-21-2022/src/Panda3D-1.11.0-x64/etc/../models
:11-06-2022 15:48:49 :gobj(error): Texture::read() - couldn't read: phase_3/maps/hands/hh.png
:11-06-2022 15:48:49 :gobj(error): Unable to find texture "phase_3/maps/hands/hh.png" on model-path /;/c/Toontown-Last-Laff-Workspace-10-21-2022/src/toontown/launcher;/c/Toontown-Last-Laff-Workspace-10-21-2022/src/Panda3D-1.11.0-x64/etc/..;/c/Toontown-Last-Laff-Workspace-10-21-2022/src/Panda3D-1.11.0-x64/etc/../models
:11-06-2022 15:48:50 :gobj(error): Texture::read() - couldn't read: phase_3/maps/hands/hh.png
:11-06-2022 15:48:50 :gobj(error): Unable to find texture "phase_3/maps/hands/hh.png" on model-path /;/c/Toontown-Last-Laff-Workspace-10-21-2022/src/toontown/launcher;/c/Toontown-Last-Laff-Workspace-10-21-2022/src/Panda3D-1.11.0-x64/etc/..;/c/Toontown-Last-Laff-Workspace-10-21-2022/src/Panda3D-1.11.0-x64/etc/../models
:11-06-2022 15:48:50 :gobj(error): Texture::read() - couldn't read: phase_3/maps/hands/ym.png
:11-06-2022 15:48:50 :gobj(error): Unable to find texture "phase_3/maps/hands/ym.png" on model-path /;/c/Toontown-Last-Laff-Workspace-10-21-2022/src/toontown/launcher;/c/Toontown-Last-Laff-Workspace-10-21-2022/src/Panda3D-1.11.0-x64/etc/..;/c/Toontown-Last-Laff-Workspace-10-21-2022/src/Panda3D-1.11.0-x64/etc/../models
:11-06-2022 15:48:50 :gobj(error): Texture::read() - couldn't read: phase_3/maps/hands/mm.png
:11-06-2022 15:48:50 :gobj(error): Unable to find texture "phase_3/maps/hands/mm.png" on model-path /;/c/Toontown-Last-Laff-Workspace-10-21-2022/src/toontown/launcher;/c/Toontown-Last-Laff-Workspace-10-21-2022/src/Panda3D-1.11.0-x64/etc/..;/c/Toontown-Last-Laff-Workspace-10-21-2022/src/Panda3D-1.11.0-x64/etc/../models
:11-06-2022 15:48:50 :gobj(error): Texture::read() - couldn't read: phase_3/maps/hands/mm.png
:11-06-2022 15:48:50 :gobj(error): Unable to find texture "phase_3/maps/hands/mm.png" on model-path /;/c/Toontown-Last-Laff-Workspace-10-21-2022/src/toontown/launcher;/c/Toontown-Last-Laff-Workspace-10-21-2022/src/Panda3D-1.11.0-x64/etc/..;/c/Toontown-Last-Laff-Workspace-10-21-2022/src/Panda3D-1.11.0-x64/etc/../models
:11-06-2022 15:48:50 :gobj(error): Texture::read() - couldn't read: phase_3/maps/hands/ym.png
:11-06-2022 15:48:50 :gobj(error): Unable to find texture "phase_3/maps/hands/ym.png" on model-path /;/c/Toontown-Last-Laff-Workspace-10-21-2022/src/toontown/launcher;/c/Toontown-Last-Laff-Workspace-10-21-2022/src/Panda3D-1.11.0-x64/etc/..;/c/Toontown-Last-Laff-Workspace-10-21-2022/src/Panda3D-1.11.0-x64/etc/../models
:11-06-2022 15:48:50 :gobj(error): Texture::read() - couldn't read: phase_3/maps/hands/mm.png
:11-06-2022 15:48:50 :gobj(error): Unable to find texture "phase_3/maps/hands/mm.png" on model-path /;/c/Toontown-Last-Laff-Workspace-10-21-2022/src/toontown/launcher;/c/Toontown-Last-Laff-Workspace-10-21-2022/src/Panda3D-1.11.0-x64/etc/..;/c/Toontown-Last-Laff-Workspace-10-21-2022/src/Panda3D-1.11.0-x64/etc/../models
:11-06-2022 15:48:50 :gobj(error): Texture::read() - couldn't read: phase_3/maps/hands/mm.png
:11-06-2022 15:48:50 :gobj(error): Unable to find texture "phase_3/maps/hands/mm.png" on model-path /;/c/Toontown-Last-Laff-Workspace-10-21-2022/src/toontown/launcher;/c/Toontown-Last-Laff-Workspace-10-21-2022/src/Panda3D-1.11.0-x64/etc/..;/c/Toontown-Last-Laff-Workspace-10-21-2022/src/Panda3D-1.11.0-x64/etc/../models
:11-06-2022 15:48:50 :gobj(error): Texture::read() - couldn't read: phase_3/maps/hands/tbc.png
:11-06-2022 15:48:50 :gobj(error): Unable to find texture "phase_3/maps/hands/tbc.png" on model-path /;/c/Toontown-Last-Laff-Workspace-10-21-2022/src/toontown/launcher;/c/Toontown-Last-Laff-Workspace-10-21-2022/src/Panda3D-1.11.0-x64/etc/..;/c/Toontown-Last-Laff-Workspace-10-21-2022/src/Panda3D-1.11.0-x64/etc/../models
:11-06-2022 15:48:50 :gobj(error): Texture::read() - couldn't read: phase_3/maps/hands/mm.png
:11-06-2022 15:48:50 :gobj(error): Unable to find texture "phase_3/maps/hands/mm.png" on model-path /;/c/Toontown-Last-Laff-Workspace-10-21-2022/src/toontown/launcher;/c/Toontown-Last-Laff-Workspace-10-21-2022/src/Panda3D-1.11.0-x64/etc/..;/c/Toontown-Last-Laff-Workspace-10-21-2022/src/Panda3D-1.11.0-x64/etc/../models
:11-06-2022 15:48:50 :gobj(error): Texture::read() - couldn't read: phase_3/maps/hands/cr.png
:11-06-2022 15:48:50 :gobj(error): Unable to find texture "phase_3/maps/hands/cr.png" on model-path /;/c/Toontown-Last-Laff-Workspace-10-21-2022/src/toontown/launcher;/c/Toontown-Last-Laff-Workspace-10-21-2022/src/Panda3D-1.11.0-x64/etc/..;/c/Toontown-Last-Laff-Workspace-10-21-2022/src/Panda3D-1.11.0-x64/etc/../models
:11-06-2022 15:48:50 :gobj(error): Texture::read() - couldn't read: phase_3/maps/hands/ds.png
:11-06-2022 15:48:50 :gobj(error): Unable to find texture "phase_3/maps/hands/ds.png" on model-path /;/c/Toontown-Last-Laff-Workspace-10-21-2022/src/toontown/launcher;/c/Toontown-Last-Laff-Workspace-10-21-2022/src/Panda3D-1.11.0-x64/etc/..;/c/Toontown-Last-Laff-Workspace-10-21-2022/src/Panda3D-1.11.0-x64/etc/../models
:11-06-2022 15:48:50 :gobj(error): Texture::read() - couldn't read: phase_3/maps/hands/hh.png
:11-06-2022 15:48:50 :gobj(error): Unable to find texture "phase_3/maps/hands/hh.png" on model-path /;/c/Toontown-Last-Laff-Workspace-10-21-2022/src/toontown/launcher;/c/Toontown-Last-Laff-Workspace-10-21-2022/src/Panda3D-1.11.0-x64/etc/..;/c/Toontown-Last-Laff-Workspace-10-21-2022/src/Panda3D-1.11.0-x64/etc/../models
:11-06-2022 15:48:50 :gobj(error): Texture::read() - couldn't read: phase_3/maps/hands/ds.png
:11-06-2022 15:48:50 :gobj(error): Unable to find texture "phase_3/maps/hands/ds.png" on model-path /;/c/Toontown-Last-Laff-Workspace-10-21-2022/src/toontown/launcher;/c/Toontown-Last-Laff-Workspace-10-21-2022/src/Panda3D-1.11.0-x64/etc/..;/c/Toontown-Last-Laff-Workspace-10-21-2022/src/Panda3D-1.11.0-x64/etc/../models
:11-06-2022 15:48:50 :gobj(error): Texture::read() - couldn't read: phase_3/maps/hands/ds.png
:11-06-2022 15:48:50 :gobj(error): Unable to find texture "phase_3/maps/hands/ds.png" on model-path /;/c/Toontown-Last-Laff-Workspace-10-21-2022/src/toontown/launcher;/c/Toontown-Last-Laff-Workspace-10-21-2022/src/Panda3D-1.11.0-x64/etc/..;/c/Toontown-Last-Laff-Workspace-10-21-2022/src/Panda3D-1.11.0-x64/etc/../models
:11-06-2022 15:48:50 :gobj(error): Texture::read() - couldn't read: phase_3/maps/hands/ds.png
:11-06-2022 15:48:50 :gobj(error): Unable to find texture "phase_3/maps/hands/ds.png" on model-path /;/c/Toontown-Last-Laff-Workspace-10-21-2022/src/toontown/launcher;/c/Toontown-Last-Laff-Workspace-10-21-2022/src/Panda3D-1.11.0-x64/etc/..;/c/Toontown-Last-Laff-Workspace-10-21-2022/src/Panda3D-1.11.0-x64/etc/../models
:11-06-2022 15:48:50 :gobj(error): Texture::read() - couldn't read: phase_3/maps/hands/ds.png
:11-06-2022 15:48:50 :gobj(error): Unable to find texture "phase_3/maps/hands/ds.png" on model-path /;/c/Toontown-Last-Laff-Workspace-10-21-2022/src/toontown/launcher;/c/Toontown-Last-Laff-Workspace-10-21-2022/src/Panda3D-1.11.0-x64/etc/..;/c/Toontown-Last-Laff-Workspace-10-21-2022/src/Panda3D-1.11.0-x64/etc/../models
:11-06-2022 15:48:50 :gobj(error): Texture::read() - couldn't read: phase_3/maps/hands/hh.png
:11-06-2022 15:48:50 :gobj(error): Unable to find texture "phase_3/maps/hands/hh.png" on model-path /;/c/Toontown-Last-Laff-Workspace-10-21-2022/src/toontown/launcher;/c/Toontown-Last-Laff-Workspace-10-21-2022/src/Panda3D-1.11.0-x64/etc/..;/c/Toontown-Last-Laff-Workspace-10-21-2022/src/Panda3D-1.11.0-x64/etc/../models
:11-06-2022 15:48:50 :gobj(error): Texture::read() - couldn't read: phase_3/maps/hands/cr.png
:11-06-2022 15:48:50 :gobj(error): Unable to find texture "phase_3/maps/hands/cr.png" on model-path /;/c/Toontown-Last-Laff-Workspace-10-21-2022/src/toontown/launcher;/c/Toontown-Last-Laff-Workspace-10-21-2022/src/Panda3D-1.11.0-x64/etc/..;/c/Toontown-Last-Laff-Workspace-10-21-2022/src/Panda3D-1.11.0-x64/etc/../models
:11-06-2022 15:48:50 :gobj(error): Texture::read() - couldn't read: phase_3/maps/hands/ds.png
:11-06-2022 15:48:50 :gobj(error): Unable to find texture "phase_3/maps/hands/ds.png" on model-path /;/c/Toontown-Last-Laff-Workspace-10-21-2022/src/toontown/launcher;/c/Toontown-Last-Laff-Workspace-10-21-2022/src/Panda3D-1.11.0-x64/etc/..;/c/Toontown-Last-Laff-Workspace-10-21-2022/src/Panda3D-1.11.0-x64/etc/../models
:11-06-2022 15:48:50 :gobj(error): Texture::read() - couldn't read: phase_3/maps/hands/ds.png
:11-06-2022 15:48:50 :gobj(error): Unable to find texture "phase_3/maps/hands/ds.png" on model-path /;/c/Toontown-Last-Laff-Workspace-10-21-2022/src/toontown/launcher;/c/Toontown-Last-Laff-Workspace-10-21-2022/src/Panda3D-1.11.0-x64/etc/..;/c/Toontown-Last-Laff-Workspace-10-21-2022/src/Panda3D-1.11.0-x64/etc/../models
:11-06-2022 15:48:50 :gobj(error): Texture::read() - couldn't read: phase_3/maps/hands/tbc.png
:11-06-2022 15:48:50 :gobj(error): Unable to find texture "phase_3/maps/hands/tbc.png" on model-path /;/c/Toontown-Last-Laff-Workspace-10-21-2022/src/toontown/launcher;/c/Toontown-Last-Laff-Workspace-10-21-2022/src/Panda3D-1.11.0-x64/etc/..;/c/Toontown-Last-Laff-Workspace-10-21-2022/src/Panda3D-1.11.0-x64/etc/../models
:11-06-2022 15:48:50 :gobj(error): Texture::read() - couldn't read: phase_3/maps/hands/ym.png
:11-06-2022 15:48:50 :gobj(error): Unable to find texture "phase_3/maps/hands/ym.png" on model-path /;/c/Toontown-Last-Laff-Workspace-10-21-2022/src/toontown/launcher;/c/Toontown-Last-Laff-Workspace-10-21-2022/src/Panda3D-1.11.0-x64/etc/..;/c/Toontown-Last-Laff-Workspace-10-21-2022/src/Panda3D-1.11.0-x64/etc/../models
:11-06-2022 15:48:50 :gobj(error): Texture::read() - couldn't read: phase_3/maps/hands/mm.png
:11-06-2022 15:48:50 :gobj(error): Unable to find texture "phase_3/maps/hands/mm.png" on model-path /;/c/Toontown-Last-Laff-Workspace-10-21-2022/src/toontown/launcher;/c/Toontown-Last-Laff-Workspace-10-21-2022/src/Panda3D-1.11.0-x64/etc/..;/c/Toontown-Last-Laff-Workspace-10-21-2022/src/Panda3D-1.11.0-x64/etc/../models
:11-06-2022 15:48:50 :gobj(error): Texture::read() - couldn't read: phase_3/maps/hands/mm.png
:11-06-2022 15:48:50 :gobj(error): Unable to find texture "phase_3/maps/hands/mm.png" on model-path /;/c/Toontown-Last-Laff-Workspace-10-21-2022/src/toontown/launcher;/c/Toontown-Last-Laff-Workspace-10-21-2022/src/Panda3D-1.11.0-x64/etc/..;/c/Toontown-Last-Laff-Workspace-10-21-2022/src/Panda3D-1.11.0-x64/etc/../models
:11-06-2022 15:48:50 :gobj(error): Texture::read() - couldn't read: phase_3/maps/hands/ym.png
:11-06-2022 15:48:50 :gobj(error): Unable to find texture "phase_3/maps/hands/ym.png" on model-path /;/c/Toontown-Last-Laff-Workspace-10-21-2022/src/toontown/launcher;/c/Toontown-Last-Laff-Workspace-10-21-2022/src/Panda3D-1.11.0-x64/etc/..;/c/Toontown-Last-Laff-Workspace-10-21-2022/src/Panda3D-1.11.0-x64/etc/../models
:11-06-2022 15:48:50 :gobj(error): Texture::read() - couldn't read: phase_3/maps/hands/mm.png
:11-06-2022 15:48:50 :gobj(error): Unable to find texture "phase_3/maps/hands/mm.png" on model-path /;/c/Toontown-Last-Laff-Workspace-10-21-2022/src/toontown/launcher;/c/Toontown-Last-Laff-Workspace-10-21-2022/src/Panda3D-1.11.0-x64/etc/..;/c/Toontown-Last-Laff-Workspace-10-21-2022/src/Panda3D-1.11.0-x64/etc/../models
:11-06-2022 15:48:50 :gobj(error): Texture::read() - couldn't read: phase_3/maps/hands/ds.png
:11-06-2022 15:48:50 :gobj(error): Unable to find texture "phase_3/maps/hands/ds.png" on model-path /;/c/Toontown-Last-Laff-Workspace-10-21-2022/src/toontown/launcher;/c/Toontown-Last-Laff-Workspace-10-21-2022/src/Panda3D-1.11.0-x64/etc/..;/c/Toontown-Last-Laff-Workspace-10-21-2022/src/Panda3D-1.11.0-x64/etc/../models
:11-06-2022 15:48:50 :gobj(error): Texture::read() - couldn't read: phase_3/maps/hands/ym.png
:11-06-2022 15:48:50 :gobj(error): Unable to find texture "phase_3/maps/hands/ym.png" on model-path /;/c/Toontown-Last-Laff-Workspace-10-21-2022/src/toontown/launcher;/c/Toontown-Last-Laff-Workspace-10-21-2022/src/Panda3D-1.11.0-x64/etc/..;/c/Toontown-Last-Laff-Workspace-10-21-2022/src/Panda3D-1.11.0-x64/etc/../models
:11-06-2022 15:48:50 :gobj(error): Texture::read() - couldn't read: phase_3/maps/hands/cr.png
:11-06-2022 15:48:50 :gobj(error): Unable to find texture "phase_3/maps/hands/cr.png" on model-path /;/c/Toontown-Last-Laff-Workspace-10-21-2022/src/toontown/launcher;/c/Toontown-Last-Laff-Workspace-10-21-2022/src/Panda3D-1.11.0-x64/etc/..;/c/Toontown-Last-Laff-Workspace-10-21-2022/src/Panda3D-1.11.0-x64/etc/../models
:11-06-2022 15:48:50 :gobj(error): Texture::read() - couldn't read: phase_3/maps/hands/tbc.png
:11-06-2022 15:48:50 :gobj(error): Unable to find texture "phase_3/maps/hands/tbc.png" on model-path /;/c/Toontown-Last-Laff-Workspace-10-21-2022/src/toontown/launcher;/c/Toontown-Last-Laff-Workspace-10-21-2022/src/Panda3D-1.11.0-x64/etc/..;/c/Toontown-Last-Laff-Workspace-10-21-2022/src/Panda3D-1.11.0-x64/etc/../models
:11-06-2022 15:48:50 :gobj(error): Texture::read() - couldn't read: phase_3/maps/hands/tbc.png
:11-06-2022 15:48:50 :gobj(error): Unable to find texture "phase_3/maps/hands/tbc.png" on model-path /;/c/Toontown-Last-Laff-Workspace-10-21-2022/src/toontown/launcher;/c/Toontown-Last-Laff-Workspace-10-21-2022/src/Panda3D-1.11.0-x64/etc/..;/c/Toontown-Last-Laff-Workspace-10-21-2022/src/Panda3D-1.11.0-x64/etc/../models
:11-06-2022 15:48:50 :gobj(error): Texture::read() - couldn't read: phase_3/maps/hands/tbc.png
:11-06-2022 15:48:50 :gobj(error): Unable to find texture "phase_3/maps/hands/tbc.png" on model-path /;/c/Toontown-Last-Laff-Workspace-10-21-2022/src/toontown/launcher;/c/Toontown-Last-Laff-Workspace-10-21-2022/src/Panda3D-1.11.0-x64/etc/..;/c/Toontown-Last-Laff-Workspace-10-21-2022/src/Panda3D-1.11.0-x64/etc/../models
:11-06-2022 15:48:50 :gobj(error): Texture::read() - couldn't read: phase_3/maps/hands/ds.png
:11-06-2022 15:48:50 :gobj(error): Unable to find texture "phase_3/maps/hands/ds.png" on model-path /;/c/Toontown-Last-Laff-Workspace-10-21-2022/src/toontown/launcher;/c/Toontown-Last-Laff-Workspace-10-21-2022/src/Panda3D-1.11.0-x64/etc/..;/c/Toontown-Last-Laff-Workspace-10-21-2022/src/Panda3D-1.11.0-x64/etc/../models
:11-06-2022 15:48:50 :gobj(error): Texture::read() - couldn't read: phase_3/maps/hands/ds.png
:11-06-2022 15:48:50 :gobj(error): Unable to find texture "phase_3/maps/hands/ds.png" on model-path /;/c/Toontown-Last-Laff-Workspace-10-21-2022/src/toontown/launcher;/c/Toontown-Last-Laff-Workspace-10-21-2022/src/Panda3D-1.11.0-x64/etc/..;/c/Toontown-Last-Laff-Workspace-10-21-2022/src/Panda3D-1.11.0-x64/etc/../models
:11-06-2022 15:48:50 :gobj(error): Texture::read() - couldn't read: phase_3/maps/hands/cr.png
:11-06-2022 15:48:50 :gobj(error): Unable to find texture "phase_3/maps/hands/cr.png" on model-path /;/c/Toontown-Last-Laff-Workspace-10-21-2022/src/toontown/launcher;/c/Toontown-Last-Laff-Workspace-10-21-2022/src/Panda3D-1.11.0-x64/etc/..;/c/Toontown-Last-Laff-Workspace-10-21-2022/src/Panda3D-1.11.0-x64/etc/../models
:11-06-2022 15:48:50 :gobj(error): Texture::read() - couldn't read: phase_3/maps/hands/cr.png
:11-06-2022 15:48:50 :gobj(error): Unable to find texture "phase_3/maps/hands/cr.png" on model-path /;/c/Toontown-Last-Laff-Workspace-10-21-2022/src/toontown/launcher;/c/Toontown-Last-Laff-Workspace-10-21-2022/src/Panda3D-1.11.0-x64/etc/..;/c/Toontown-Last-Laff-Workspace-10-21-2022/src/Panda3D-1.11.0-x64/etc/../models
:11-06-2022 15:48:50 :gobj(error): Texture::read() - couldn't read: phase_3/maps/hands/ds.png
:11-06-2022 15:48:50 :gobj(error): Unable to find texture "phase_3/maps/hands/ds.png" on model-path /;/c/Toontown-Last-Laff-Workspace-10-21-2022/src/toontown/launcher;/c/Toontown-Last-Laff-Workspace-10-21-2022/src/Panda3D-1.11.0-x64/etc/..;/c/Toontown-Last-Laff-Workspace-10-21-2022/src/Panda3D-1.11.0-x64/etc/../models
:11-06-2022 15:48:50 :gobj(error): Texture::read() - couldn't read: phase_3/maps/hands/tbc.png
:11-06-2022 15:48:50 :gobj(error): Unable to find texture "phase_3/maps/hands/tbc.png" on model-path /;/c/Toontown-Last-Laff-Workspace-10-21-2022/src/toontown/launcher;/c/Toontown-Last-Laff-Workspace-10-21-2022/src/Panda3D-1.11.0-x64/etc/..;/c/Toontown-Last-Laff-Workspace-10-21-2022/src/Panda3D-1.11.0-x64/etc/../models
:11-06-2022 15:48:51 :gobj(error): Texture::read() - couldn't read: phase_3/maps/hands/p.png
:11-06-2022 15:48:51 :gobj(error): Unable to find texture "phase_3/maps/hands/p.png" on model-path /;/c/Toontown-Last-Laff-Workspace-10-21-2022/src/toontown/launcher;/c/Toontown-Last-Laff-Workspace-10-21-2022/src/Panda3D-1.11.0-x64/etc/..;/c/Toontown-Last-Laff-Workspace-10-21-2022/src/Panda3D-1.11.0-x64/etc/../models
:11-06-2022 15:48:51 BossbotHQBossBattle(warning): fsm.request('movie') returned 0 (zone id 61000, avatar pos LPoint3f(2.49858, -89.487, 0.0825828)).
:11-06-2022 15:48:52 ToontownChatManager: QA-REGRESSION: CHAT: Speedchat Plus
:11-06-2022 15:48:56 :gobj(error): Texture::read() - couldn't read: phase_3/maps/hands/le.png
:11-06-2022 15:48:56 :gobj(error): Unable to find texture "phase_3/maps/hands/le.png" on model-path /;/c/Toontown-Last-Laff-Workspace-10-21-2022/src/toontown/launcher;/c/Toontown-Last-Laff-Workspace-10-21-2022/src/Panda3D-1.11.0-x64/etc/..;/c/Toontown-Last-Laff-Workspace-10-21-2022/src/Panda3D-1.11.0-x64/etc/../models
:11-06-2022 15:48:56 :gobj(error): Texture::read() - couldn't read: phase_3/maps/hands/cr.png
:11-06-2022 15:48:56 :gobj(error): Unable to find texture "phase_3/maps/hands/cr.png" on model-path /;/c/Toontown-Last-Laff-Workspace-10-21-2022/src/toontown/launcher;/c/Toontown-Last-Laff-Workspace-10-21-2022/src/Panda3D-1.11.0-x64/etc/..;/c/Toontown-Last-Laff-Workspace-10-21-2022/src/Panda3D-1.11.0-x64/etc/../models
:11-06-2022 15:48:56 :gobj(error): Texture::read() - couldn't read: phase_3/maps/hands/cr.png
:11-06-2022 15:48:56 :gobj(error): Unable to find texture "phase_3/maps/hands/cr.png" on model-path /;/c/Toontown-Last-Laff-Workspace-10-21-2022/src/toontown/launcher;/c/Toontown-Last-Laff-Workspace-10-21-2022/src/Panda3D-1.11.0-x64/etc/..;/c/Toontown-Last-Laff-Workspace-10-21-2022/src/Panda3D-1.11.0-x64/etc/../models
:11-06-2022 15:48:56 :gobj(error): Texture::read() - couldn't read: phase_3/maps/hands/cr.png
:11-06-2022 15:48:56 :gobj(error): Unable to find texture "phase_3/maps/hands/cr.png" on model-path /;/c/Toontown-Last-Laff-Workspace-10-21-2022/src/toontown/launcher;/c/Toontown-Last-Laff-Workspace-10-21-2022/src/Panda3D-1.11.0-x64/etc/..;/c/Toontown-Last-Laff-Workspace-10-21-2022/src/Panda3D-1.11.0-x64/etc/../models
:11-06-2022 15:48:56 :gobj(error): Texture::read() - couldn't read: phase_3/maps/hands/le.png
:11-06-2022 15:48:56 :gobj(error): Unable to find texture "phase_3/maps/hands/le.png" on model-path /;/c/Toontown-Last-Laff-Workspace-10-21-2022/src/toontown/launcher;/c/Toontown-Last-Laff-Workspace-10-21-2022/src/Panda3D-1.11.0-x64/etc/..;/c/Toontown-Last-Laff-Workspace-10-21-2022/src/Panda3D-1.11.0-x64/etc/../models
:11-06-2022 15:48:56 :gobj(error): Texture::read() - couldn't read: phase_3/maps/hands/ls.png
:11-06-2022 15:48:56 :gobj(error): Unable to find texture "phase_3/maps/hands/ls.png" on model-path /;/c/Toontown-Last-Laff-Workspace-10-21-2022/src/toontown/launcher;/c/Toontown-Last-Laff-Workspace-10-21-2022/src/Panda3D-1.11.0-x64/etc/..;/c/Toontown-Last-Laff-Workspace-10-21-2022/src/Panda3D-1.11.0-x64/etc/../models
:11-06-2022 15:48:56 :gobj(error): Texture::read() - couldn't read: phase_3/maps/hands/cr.png
:11-06-2022 15:48:56 :gobj(error): Unable to find texture "phase_3/maps/hands/cr.png" on model-path /;/c/Toontown-Last-Laff-Workspace-10-21-2022/src/toontown/launcher;/c/Toontown-Last-Laff-Workspace-10-21-2022/src/Panda3D-1.11.0-x64/etc/..;/c/Toontown-Last-Laff-Workspace-10-21-2022/src/Panda3D-1.11.0-x64/etc/../models
:11-06-2022 15:48:56 :gobj(error): Texture::read() - couldn't read: phase_3/maps/hands/le.png
:11-06-2022 15:48:56 :gobj(error): Unable to find texture "phase_3/maps/hands/le.png" on model-path /;/c/Toontown-Last-Laff-Workspace-10-21-2022/src/toontown/launcher;/c/Toontown-Last-Laff-Workspace-10-21-2022/src/Panda3D-1.11.0-x64/etc/..;/c/Toontown-Last-Laff-Workspace-10-21-2022/src/Panda3D-1.11.0-x64/etc/../models
:11-06-2022 15:48:56 :gobj(error): Texture::read() - couldn't read: phase_3/maps/hands/cr.png
:11-06-2022 15:48:56 :gobj(error): Unable to find texture "phase_3/maps/hands/cr.png" on model-path /;/c/Toontown-Last-Laff-Workspace-10-21-2022/src/toontown/launcher;/c/Toontown-Last-Laff-Workspace-10-21-2022/src/Panda3D-1.11.0-x64/etc/..;/c/Toontown-Last-Laff-Workspace-10-21-2022/src/Panda3D-1.11.0-x64/etc/../models
:11-06-2022 15:48:56 :gobj(error): Texture::read() - couldn't read: phase_3/maps/hands/m.png
:11-06-2022 15:48:56 :gobj(error): Unable to find texture "phase_3/maps/hands/m.png" on model-path /;/c/Toontown-Last-Laff-Workspace-10-21-2022/src/toontown/launcher;/c/Toontown-Last-Laff-Workspace-10-21-2022/src/Panda3D-1.11.0-x64/etc/..;/c/Toontown-Last-Laff-Workspace-10-21-2022/src/Panda3D-1.11.0-x64/etc/../models
:11-06-2022 15:48:56 :gobj(error): Texture::read() - couldn't read: phase_3/maps/hands/cr.png
:11-06-2022 15:48:56 :gobj(error): Unable to find texture "phase_3/maps/hands/cr.png" on model-path /;/c/Toontown-Last-Laff-Workspace-10-21-2022/src/toontown/launcher;/c/Toontown-Last-Laff-Workspace-10-21-2022/src/Panda3D-1.11.0-x64/etc/..;/c/Toontown-Last-Laff-Workspace-10-21-2022/src/Panda3D-1.11.0-x64/etc/../models
:11-06-2022 15:48:56 :gobj(error): Texture::read() - couldn't read: phase_3/maps/hands/le.png
:11-06-2022 15:48:56 :gobj(error): Unable to find texture "phase_3/maps/hands/le.png" on model-path /;/c/Toontown-Last-Laff-Workspace-10-21-2022/src/toontown/launcher;/c/Toontown-Last-Laff-Workspace-10-21-2022/src/Panda3D-1.11.0-x64/etc/..;/c/Toontown-Last-Laff-Workspace-10-21-2022/src/Panda3D-1.11.0-x64/etc/../models
:11-06-2022 15:48:56 :gobj(error): Texture::read() - couldn't read: phase_3/maps/hands/m.png
:11-06-2022 15:48:56 :gobj(error): Unable to find texture "phase_3/maps/hands/m.png" on model-path /;/c/Toontown-Last-Laff-Workspace-10-21-2022/src/toontown/launcher;/c/Toontown-Last-Laff-Workspace-10-21-2022/src/Panda3D-1.11.0-x64/etc/..;/c/Toontown-Last-Laff-Workspace-10-21-2022/src/Panda3D-1.11.0-x64/etc/../models
:11-06-2022 15:48:56 :gobj(error): Texture::read() - couldn't read: phase_3/maps/hands/ls.png
:11-06-2022 15:48:56 :gobj(error): Unable to find texture "phase_3/maps/hands/ls.png" on model-path /;/c/Toontown-Last-Laff-Workspace-10-21-2022/src/toontown/launcher;/c/Toontown-Last-Laff-Workspace-10-21-2022/src/Panda3D-1.11.0-x64/etc/..;/c/Toontown-Last-Laff-Workspace-10-21-2022/src/Panda3D-1.11.0-x64/etc/../models
:11-06-2022 15:48:56 :gobj(error): Texture::read() - couldn't read: phase_3/maps/hands/ls.png
:11-06-2022 15:48:56 :gobj(error): Unable to find texture "phase_3/maps/hands/ls.png" on model-path /;/c/Toontown-Last-Laff-Workspace-10-21-2022/src/toontown/launcher;/c/Toontown-Last-Laff-Workspace-10-21-2022/src/Panda3D-1.11.0-x64/etc/..;/c/Toontown-Last-Laff-Workspace-10-21-2022/src/Panda3D-1.11.0-x64/etc/../models
:11-06-2022 15:48:56 :gobj(error): Texture::read() - couldn't read: phase_3/maps/hands/m.png
:11-06-2022 15:48:56 :gobj(error): Unable to find texture "phase_3/maps/hands/m.png" on model-path /;/c/Toontown-Last-Laff-Workspace-10-21-2022/src/toontown/launcher;/c/Toontown-Last-Laff-Workspace-10-21-2022/src/Panda3D-1.11.0-x64/etc/..;/c/Toontown-Last-Laff-Workspace-10-21-2022/src/Panda3D-1.11.0-x64/etc/../models
:11-06-2022 15:48:56 :gobj(error): Texture::read() - couldn't read: phase_3/maps/hands/le.png
:11-06-2022 15:48:56 :gobj(error): Unable to find texture "phase_3/maps/hands/le.png" on model-path /;/c/Toontown-Last-Laff-Workspace-10-21-2022/src/toontown/launcher;/c/Toontown-Last-Laff-Workspace-10-21-2022/src/Panda3D-1.11.0-x64/etc/..;/c/Toontown-Last-Laff-Workspace-10-21-2022/src/Panda3D-1.11.0-x64/etc/../models
:11-06-2022 15:48:56 :gobj(error): Texture::read() - couldn't read: phase_3/maps/hands/cr.png
:11-06-2022 15:48:56 :gobj(error): Unable to find texture "phase_3/maps/hands/cr.png" on model-path /;/c/Toontown-Last-Laff-Workspace-10-21-2022/src/toontown/launcher;/c/Toontown-Last-Laff-Workspace-10-21-2022/src/Panda3D-1.11.0-x64/etc/..;/c/Toontown-Last-Laff-Workspace-10-21-2022/src/Panda3D-1.11.0-x64/etc/../models
:11-06-2022 15:48:56 :gobj(error): Texture::read() - couldn't read: phase_3/maps/hands/ls.png
:11-06-2022 15:48:56 :gobj(error): Unable to find texture "phase_3/maps/hands/ls.png" on model-path /;/c/Toontown-Last-Laff-Workspace-10-21-2022/src/toontown/launcher;/c/Toontown-Last-Laff-Workspace-10-21-2022/src/Panda3D-1.11.0-x64/etc/..;/c/Toontown-Last-Laff-Workspace-10-21-2022/src/Panda3D-1.11.0-x64/etc/../models
:11-06-2022 15:48:56 :gobj(error): Texture::read() - couldn't read: phase_3/maps/hands/cr.png
:11-06-2022 15:48:56 :gobj(error): Unable to find texture "phase_3/maps/hands/cr.png" on model-path /;/c/Toontown-Last-Laff-Workspace-10-21-2022/src/toontown/launcher;/c/Toontown-Last-Laff-Workspace-10-21-2022/src/Panda3D-1.11.0-x64/etc/..;/c/Toontown-Last-Laff-Workspace-10-21-2022/src/Panda3D-1.11.0-x64/etc/../models
:11-06-2022 15:48:56 :gobj(error): Texture::read() - couldn't read: phase_3/maps/hands/ls.png
:11-06-2022 15:48:56 :gobj(error): Unable to find texture "phase_3/maps/hands/ls.png" on model-path /;/c/Toontown-Last-Laff-Workspace-10-21-2022/src/toontown/launcher;/c/Toontown-Last-Laff-Workspace-10-21-2022/src/Panda3D-1.11.0-x64/etc/..;/c/Toontown-Last-Laff-Workspace-10-21-2022/src/Panda3D-1.11.0-x64/etc/../models
:11-06-2022 15:48:56 :gobj(error): Texture::read() - couldn't read: phase_3/maps/hands/ls.png
:11-06-2022 15:48:56 :gobj(error): Unable to find texture "phase_3/maps/hands/ls.png" on model-path /;/c/Toontown-Last-Laff-Workspace-10-21-2022/src/toontown/launcher;/c/Toontown-Last-Laff-Workspace-10-21-2022/src/Panda3D-1.11.0-x64/etc/..;/c/Toontown-Last-Laff-Workspace-10-21-2022/src/Panda3D-1.11.0-x64/etc/../models
:11-06-2022 15:48:56 :gobj(error): Texture::read() - couldn't read: phase_3/maps/hands/ls.png
:11-06-2022 15:48:56 :gobj(error): Unable to find texture "phase_3/maps/hands/ls.png" on model-path /;/c/Toontown-Last-Laff-Workspace-10-21-2022/src/toontown/launcher;/c/Toontown-Last-Laff-Workspace-10-21-2022/src/Panda3D-1.11.0-x64/etc/..;/c/Toontown-Last-Laff-Workspace-10-21-2022/src/Panda3D-1.11.0-x64/etc/../models
:11-06-2022 15:48:57 :gobj(error): Texture::read() - couldn't read: phase_3/maps/hands/m.png
:11-06-2022 15:48:57 :gobj(error): Unable to find texture "phase_3/maps/hands/m.png" on model-path /;/c/Toontown-Last-Laff-Workspace-10-21-2022/src/toontown/launcher;/c/Toontown-Last-Laff-Workspace-10-21-2022/src/Panda3D-1.11.0-x64/etc/..;/c/Toontown-Last-Laff-Workspace-10-21-2022/src/Panda3D-1.11.0-x64/etc/../models
:11-06-2022 15:48:57 :gobj(error): Texture::read() - couldn't read: phase_3/maps/hands/cr.png
:11-06-2022 15:48:57 :gobj(error): Unable to find texture "phase_3/maps/hands/cr.png" on model-path /;/c/Toontown-Last-Laff-Workspace-10-21-2022/src/toontown/launcher;/c/Toontown-Last-Laff-Workspace-10-21-2022/src/Panda3D-1.11.0-x64/etc/..;/c/Toontown-Last-Laff-Workspace-10-21-2022/src/Panda3D-1.11.0-x64/etc/../models
:11-06-2022 15:48:57 :gobj(error): Texture::read() - couldn't read: phase_3/maps/hands/le.png
:11-06-2022 15:48:57 :gobj(error): Unable to find texture "phase_3/maps/hands/le.png" on model-path /;/c/Toontown-Last-Laff-Workspace-10-21-2022/src/toontown/launcher;/c/Toontown-Last-Laff-Workspace-10-21-2022/src/Panda3D-1.11.0-x64/etc/..;/c/Toontown-Last-Laff-Workspace-10-21-2022/src/Panda3D-1.11.0-x64/etc/../models
:11-06-2022 15:48:57 :gobj(error): Texture::read() - couldn't read: phase_3/maps/hands/m.png
:11-06-2022 15:48:57 :gobj(error): Unable to find texture "phase_3/maps/hands/m.png" on model-path /;/c/Toontown-Last-Laff-Workspace-10-21-2022/src/toontown/launcher;/c/Toontown-Last-Laff-Workspace-10-21-2022/src/Panda3D-1.11.0-x64/etc/..;/c/Toontown-Last-Laff-Workspace-10-21-2022/src/Panda3D-1.11.0-x64/etc/../models
:11-06-2022 15:48:57 :gobj(error): Texture::read() - couldn't read: phase_3/maps/hands/ls.png
:11-06-2022 15:48:57 :gobj(error): Unable to find texture "phase_3/maps/hands/ls.png" on model-path /;/c/Toontown-Last-Laff-Workspace-10-21-2022/src/toontown/launcher;/c/Toontown-Last-Laff-Workspace-10-21-2022/src/Panda3D-1.11.0-x64/etc/..;/c/Toontown-Last-Laff-Workspace-10-21-2022/src/Panda3D-1.11.0-x64/etc/../models
:11-06-2022 15:48:57 :gobj(error): Texture::read() - couldn't read: phase_3/maps/hands/m.png
:11-06-2022 15:48:57 :gobj(error): Unable to find texture "phase_3/maps/hands/m.png" on model-path /;/c/Toontown-Last-Laff-Workspace-10-21-2022/src/toontown/launcher;/c/Toontown-Last-Laff-Workspace-10-21-2022/src/Panda3D-1.11.0-x64/etc/..;/c/Toontown-Last-Laff-Workspace-10-21-2022/src/Panda3D-1.11.0-x64/etc/../models
:11-06-2022 15:48:57 :gobj(error): Texture::read() - couldn't read: phase_3/maps/hands/ls.png
:11-06-2022 15:48:57 :gobj(error): Unable to find texture "phase_3/maps/hands/ls.png" on model-path /;/c/Toontown-Last-Laff-Workspace-10-21-2022/src/toontown/launcher;/c/Toontown-Last-Laff-Workspace-10-21-2022/src/Panda3D-1.11.0-x64/etc/..;/c/Toontown-Last-Laff-Workspace-10-21-2022/src/Panda3D-1.11.0-x64/etc/../models
:11-06-2022 15:48:57 :gobj(error): Texture::read() - couldn't read: phase_3/maps/hands/cr.png
:11-06-2022 15:48:57 :gobj(error): Unable to find texture "phase_3/maps/hands/cr.png" on model-path /;/c/Toontown-Last-Laff-Workspace-10-21-2022/src/toontown/launcher;/c/Toontown-Last-Laff-Workspace-10-21-2022/src/Panda3D-1.11.0-x64/etc/..;/c/Toontown-Last-Laff-Workspace-10-21-2022/src/Panda3D-1.11.0-x64/etc/../models
:11-06-2022 15:48:57 :gobj(error): Texture::read() - couldn't read: phase_3/maps/hands/m.png
:11-06-2022 15:48:57 :gobj(error): Unable to find texture "phase_3/maps/hands/m.png" on model-path /;/c/Toontown-Last-Laff-Workspace-10-21-2022/src/toontown/launcher;/c/Toontown-Last-Laff-Workspace-10-21-2022/src/Panda3D-1.11.0-x64/etc/..;/c/Toontown-Last-Laff-Workspace-10-21-2022/src/Panda3D-1.11.0-x64/etc/../models
:11-06-2022 15:48:57 :gobj(error): Texture::read() - couldn't read: phase_3/maps/hands/le.png
:11-06-2022 15:48:57 :gobj(error): Unable to find texture "phase_3/maps/hands/le.png" on model-path /;/c/Toontown-Last-Laff-Workspace-10-21-2022/src/toontown/launcher;/c/Toontown-Last-Laff-Workspace-10-21-2022/src/Panda3D-1.11.0-x64/etc/..;/c/Toontown-Last-Laff-Workspace-10-21-2022/src/Panda3D-1.11.0-x64/etc/../models
:11-06-2022 15:48:57 :gobj(error): Texture::read() - couldn't read: phase_3/maps/hands/le.png
:11-06-2022 15:48:57 :gobj(error): Unable to find texture "phase_3/maps/hands/le.png" on model-path /;/c/Toontown-Last-Laff-Workspace-10-21-2022/src/toontown/launcher;/c/Toontown-Last-Laff-Workspace-10-21-2022/src/Panda3D-1.11.0-x64/etc/..;/c/Toontown-Last-Laff-Workspace-10-21-2022/src/Panda3D-1.11.0-x64/etc/../models
:11-06-2022 15:48:57 :gobj(error): Texture::read() - couldn't read: phase_3/maps/hands/m.png
:11-06-2022 15:48:57 :gobj(error): Unable to find texture "phase_3/maps/hands/m.png" on model-path /;/c/Toontown-Last-Laff-Workspace-10-21-2022/src/toontown/launcher;/c/Toontown-Last-Laff-Workspace-10-21-2022/src/Panda3D-1.11.0-x64/etc/..;/c/Toontown-Last-Laff-Workspace-10-21-2022/src/Panda3D-1.11.0-x64/etc/../models
:11-06-2022 15:48:57 :gobj(error): Texture::read() - couldn't read: phase_3/maps/hands/ls.png
:11-06-2022 15:48:57 :gobj(error): Unable to find texture "phase_3/maps/hands/ls.png" on model-path /;/c/Toontown-Last-Laff-Workspace-10-21-2022/src/toontown/launcher;/c/Toontown-Last-Laff-Workspace-10-21-2022/src/Panda3D-1.11.0-x64/etc/..;/c/Toontown-Last-Laff-Workspace-10-21-2022/src/Panda3D-1.11.0-x64/etc/../models
:11-06-2022 15:48:57 :gobj(error): Texture::read() - couldn't read: phase_3/maps/hands/le.png
:11-06-2022 15:48:57 :gobj(error): Unable to find texture "phase_3/maps/hands/le.png" on model-path /;/c/Toontown-Last-Laff-Workspace-10-21-2022/src/toontown/launcher;/c/Toontown-Last-Laff-Workspace-10-21-2022/src/Panda3D-1.11.0-x64/etc/..;/c/Toontown-Last-Laff-Workspace-10-21-2022/src/Panda3D-1.11.0-x64/etc/../models
:11-06-2022 15:48:57 :gobj(error): Texture::read() - couldn't read: phase_3/maps/hands/m.png
:11-06-2022 15:48:57 :gobj(error): Unable to find texture "phase_3/maps/hands/m.png" on model-path /;/c/Toontown-Last-Laff-Workspace-10-21-2022/src/toontown/launcher;/c/Toontown-Last-Laff-Workspace-10-21-2022/src/Panda3D-1.11.0-x64/etc/..;/c/Toontown-Last-Laff-Workspace-10-21-2022/src/Panda3D-1.11.0-x64/etc/../models
:11-06-2022 15:48:57 :gobj(error): Texture::read() - couldn't read: phase_3/maps/hands/le.png
:11-06-2022 15:48:57 :gobj(error): Unable to find texture "phase_3/maps/hands/le.png" on model-path /;/c/Toontown-Last-Laff-Workspace-10-21-2022/src/toontown/launcher;/c/Toontown-Last-Laff-Workspace-10-21-2022/src/Panda3D-1.11.0-x64/etc/..;/c/Toontown-Last-Laff-Workspace-10-21-2022/src/Panda3D-1.11.0-x64/etc/../models
:11-06-2022 15:48:57 :gobj(error): Texture::read() - couldn't read: phase_3/maps/hands/ls.png
:11-06-2022 15:48:57 :gobj(error): Unable to find texture "phase_3/maps/hands/ls.png" on model-path /;/c/Toontown-Last-Laff-Workspace-10-21-2022/src/toontown/launcher;/c/Toontown-Last-Laff-Workspace-10-21-2022/src/Panda3D-1.11.0-x64/etc/..;/c/Toontown-Last-Laff-Workspace-10-21-2022/src/Panda3D-1.11.0-x64/etc/../models
:11-06-2022 15:48:57 :gobj(error): Texture::read() - couldn't read: phase_3/maps/hands/ls.png
:11-06-2022 15:48:57 :gobj(error): Unable to find texture "phase_3/maps/hands/ls.png" on model-path /;/c/Toontown-Last-Laff-Workspace-10-21-2022/src/toontown/launcher;/c/Toontown-Last-Laff-Workspace-10-21-2022/src/Panda3D-1.11.0-x64/etc/..;/c/Toontown-Last-Laff-Workspace-10-21-2022/src/Panda3D-1.11.0-x64/etc/../models
:11-06-2022 15:48:57 :gobj(error): Texture::read() - couldn't read: phase_3/maps/hands/le.png
:11-06-2022 15:48:57 :gobj(error): Unable to find texture "phase_3/maps/hands/le.png" on model-path /;/c/Toontown-Last-Laff-Workspace-10-21-2022/src/toontown/launcher;/c/Toontown-Last-Laff-Workspace-10-21-2022/src/Panda3D-1.11.0-x64/etc/..;/c/Toontown-Last-Laff-Workspace-10-21-2022/src/Panda3D-1.11.0-x64/etc/../models
:11-06-2022 15:48:57 :gobj(error): Texture::read() - couldn't read: phase_3/maps/hands/ls.png
:11-06-2022 15:48:57 :gobj(error): Unable to find texture "phase_3/maps/hands/ls.png" on model-path /;/c/Toontown-Last-Laff-Workspace-10-21-2022/src/toontown/launcher;/c/Toontown-Last-Laff-Workspace-10-21-2022/src/Panda3D-1.11.0-x64/etc/..;/c/Toontown-Last-Laff-Workspace-10-21-2022/src/Panda3D-1.11.0-x64/etc/../models
:11-06-2022 15:48:57 :gobj(error): Texture::read() - couldn't read: phase_3/maps/hands/ls.png
:11-06-2022 15:48:57 :gobj(error): Unable to find texture "phase_3/maps/hands/ls.png" on model-path /;/c/Toontown-Last-Laff-Workspace-10-21-2022/src/toontown/launcher;/c/Toontown-Last-Laff-Workspace-10-21-2022/src/Panda3D-1.11.0-x64/etc/..;/c/Toontown-Last-Laff-Workspace-10-21-2022/src/Panda3D-1.11.0-x64/etc/../models
:11-06-2022 15:48:57 :gobj(error): Texture::read() - couldn't read: phase_3/maps/hands/m.png
:11-06-2022 15:48:57 :gobj(error): Unable to find texture "phase_3/maps/hands/m.png" on model-path /;/c/Toontown-Last-Laff-Workspace-10-21-2022/src/toontown/launcher;/c/Toontown-Last-Laff-Workspace-10-21-2022/src/Panda3D-1.11.0-x64/etc/..;/c/Toontown-Last-Laff-Workspace-10-21-2022/src/Panda3D-1.11.0-x64/etc/../models
:11-06-2022 15:48:57 :gobj(error): Texture::read() - couldn't read: phase_3/maps/hands/le.png
:11-06-2022 15:48:57 :gobj(error): Unable to find texture "phase_3/maps/hands/le.png" on model-path /;/c/Toontown-Last-Laff-Workspace-10-21-2022/src/toontown/launcher;/c/Toontown-Last-Laff-Workspace-10-21-2022/src/Panda3D-1.11.0-x64/etc/..;/c/Toontown-Last-Laff-Workspace-10-21-2022/src/Panda3D-1.11.0-x64/etc/../models
:11-06-2022 15:48:57 :gobj(error): Texture::read() - couldn't read: phase_3/maps/hands/m.png
:11-06-2022 15:48:57 :gobj(error): Unable to find texture "phase_3/maps/hands/m.png" on model-path /;/c/Toontown-Last-Laff-Workspace-10-21-2022/src/toontown/launcher;/c/Toontown-Last-Laff-Workspace-10-21-2022/src/Panda3D-1.11.0-x64/etc/..;/c/Toontown-Last-Laff-Workspace-10-21-2022/src/Panda3D-1.11.0-x64/etc/../models
:11-06-2022 15:48:57 :gobj(error): Texture::read() - couldn't read: phase_3/maps/hands/ls.png
:11-06-2022 15:48:57 :gobj(error): Unable to find texture "phase_3/maps/hands/ls.png" on model-path /;/c/Toontown-Last-Laff-Workspace-10-21-2022/src/toontown/launcher;/c/Toontown-Last-Laff-Workspace-10-21-2022/src/Panda3D-1.11.0-x64/etc/..;/c/Toontown-Last-Laff-Workspace-10-21-2022/src/Panda3D-1.11.0-x64/etc/../models
:11-06-2022 15:48:57 :gobj(error): Texture::read() - couldn't read: phase_3/maps/hands/m.png
:11-06-2022 15:48:57 :gobj(error): Unable to find texture "phase_3/maps/hands/m.png" on model-path /;/c/Toontown-Last-Laff-Workspace-10-21-2022/src/toontown/launcher;/c/Toontown-Last-Laff-Workspace-10-21-2022/src/Panda3D-1.11.0-x64/etc/..;/c/Toontown-Last-Laff-Workspace-10-21-2022/src/Panda3D-1.11.0-x64/etc/../models
:11-06-2022 15:48:57 :gobj(error): Texture::read() - couldn't read: phase_3/maps/hands/ls.png
:11-06-2022 15:48:57 :gobj(error): Unable to find texture "phase_3/maps/hands/ls.png" on model-path /;/c/Toontown-Last-Laff-Workspace-10-21-2022/src/toontown/launcher;/c/Toontown-Last-Laff-Workspace-10-21-2022/src/Panda3D-1.11.0-x64/etc/..;/c/Toontown-Last-Laff-Workspace-10-21-2022/src/Panda3D-1.11.0-x64/etc/../models
:11-06-2022 15:48:57 :gobj(error): Texture::read() - couldn't read: phase_3/maps/hands/cr.png
:11-06-2022 15:48:57 :gobj(error): Unable to find texture "phase_3/maps/hands/cr.png" on model-path /;/c/Toontown-Last-Laff-Workspace-10-21-2022/src/toontown/launcher;/c/Toontown-Last-Laff-Workspace-10-21-2022/src/Panda3D-1.11.0-x64/etc/..;/c/Toontown-Last-Laff-Workspace-10-21-2022/src/Panda3D-1.11.0-x64/etc/../models
:11-06-2022 15:48:57 :gobj(error): Texture::read() - couldn't read: phase_3/maps/hands/m.png
:11-06-2022 15:48:57 :gobj(error): Unable to find texture "phase_3/maps/hands/m.png" on model-path /;/c/Toontown-Last-Laff-Workspace-10-21-2022/src/toontown/launcher;/c/Toontown-Last-Laff-Workspace-10-21-2022/src/Panda3D-1.11.0-x64/etc/..;/c/Toontown-Last-Laff-Workspace-10-21-2022/src/Panda3D-1.11.0-x64/etc/../models
:11-06-2022 15:48:57 :gobj(error): Texture::read() - couldn't read: phase_3/maps/hands/ls.png
:11-06-2022 15:48:57 :gobj(error): Unable to find texture "phase_3/maps/hands/ls.png" on model-path /;/c/Toontown-Last-Laff-Workspace-10-21-2022/src/toontown/launcher;/c/Toontown-Last-Laff-Workspace-10-21-2022/src/Panda3D-1.11.0-x64/etc/..;/c/Toontown-Last-Laff-Workspace-10-21-2022/src/Panda3D-1.11.0-x64/etc/../models
:11-06-2022 15:48:57 :gobj(error): Texture::read() - couldn't read: phase_3/maps/hands/m.png
:11-06-2022 15:48:57 :gobj(error): Unable to find texture "phase_3/maps/hands/m.png" on model-path /;/c/Toontown-Last-Laff-Workspace-10-21-2022/src/toontown/launcher;/c/Toontown-Last-Laff-Workspace-10-21-2022/src/Panda3D-1.11.0-x64/etc/..;/c/Toontown-Last-Laff-Workspace-10-21-2022/src/Panda3D-1.11.0-x64/etc/../models
:11-06-2022 15:48:57 :gobj(error): Texture::read() - couldn't read: phase_3/maps/hands/ls.png
:11-06-2022 15:48:57 :gobj(error): Unable to find texture "phase_3/maps/hands/ls.png" on model-path /;/c/Toontown-Last-Laff-Workspace-10-21-2022/src/toontown/launcher;/c/Toontown-Last-Laff-Workspace-10-21-2022/src/Panda3D-1.11.0-x64/etc/..;/c/Toontown-Last-Laff-Workspace-10-21-2022/src/Panda3D-1.11.0-x64/etc/../models
:11-06-2022 15:48:57 :gobj(error): Texture::read() - couldn't read: phase_3/maps/hands/le.png
:11-06-2022 15:48:57 :gobj(error): Unable to find texture "phase_3/maps/hands/le.png" on model-path /;/c/Toontown-Last-Laff-Workspace-10-21-2022/src/toontown/launcher;/c/Toontown-Last-Laff-Workspace-10-21-2022/src/Panda3D-1.11.0-x64/etc/..;/c/Toontown-Last-Laff-Workspace-10-21-2022/src/Panda3D-1.11.0-x64/etc/../models
:11-06-2022 15:48:57 :gobj(error): Texture::read() - couldn't read: phase_3/maps/hands/cr.png
:11-06-2022 15:48:57 :gobj(error): Unable to find texture "phase_3/maps/hands/cr.png" on model-path /;/c/Toontown-Last-Laff-Workspace-10-21-2022/src/toontown/launcher;/c/Toontown-Last-Laff-Workspace-10-21-2022/src/Panda3D-1.11.0-x64/etc/..;/c/Toontown-Last-Laff-Workspace-10-21-2022/src/Panda3D-1.11.0-x64/etc/../models
:11-06-2022 15:48:57 :gobj(error): Texture::read() - couldn't read: phase_3/maps/hands/ls.png
:11-06-2022 15:48:57 :gobj(error): Unable to find texture "phase_3/maps/hands/ls.png" on model-path /;/c/Toontown-Last-Laff-Workspace-10-21-2022/src/toontown/launcher;/c/Toontown-Last-Laff-Workspace-10-21-2022/src/Panda3D-1.11.0-x64/etc/..;/c/Toontown-Last-Laff-Workspace-10-21-2022/src/Panda3D-1.11.0-x64/etc/../models
:11-06-2022 15:48:57 :gobj(error): Texture::read() - couldn't read: phase_3/maps/hands/cr.png
:11-06-2022 15:48:57 :gobj(error): Unable to find texture "phase_3/maps/hands/cr.png" on model-path /;/c/Toontown-Last-Laff-Workspace-10-21-2022/src/toontown/launcher;/c/Toontown-Last-Laff-Workspace-10-21-2022/src/Panda3D-1.11.0-x64/etc/..;/c/Toontown-Last-Laff-Workspace-10-21-2022/src/Panda3D-1.11.0-x64/etc/../models
:11-06-2022 15:48:57 :gobj(error): Texture::read() - couldn't read: phase_3/maps/hands/m.png
:11-06-2022 15:48:57 :gobj(error): Unable to find texture "phase_3/maps/hands/m.png" on model-path /;/c/Toontown-Last-Laff-Workspace-10-21-2022/src/toontown/launcher;/c/Toontown-Last-Laff-Workspace-10-21-2022/src/Panda3D-1.11.0-x64/etc/..;/c/Toontown-Last-Laff-Workspace-10-21-2022/src/Panda3D-1.11.0-x64/etc/../models
:11-06-2022 15:48:58 :gobj(error): Texture::read() - couldn't read: phase_3/maps/hands/cr.png
:11-06-2022 15:48:58 :gobj(error): Unable to find texture "phase_3/maps/hands/cr.png" on model-path /;/c/Toontown-Last-Laff-Workspace-10-21-2022/src/toontown/launcher;/c/Toontown-Last-Laff-Workspace-10-21-2022/src/Panda3D-1.11.0-x64/etc/..;/c/Toontown-Last-Laff-Workspace-10-21-2022/src/Panda3D-1.11.0-x64/etc/../models
:11-06-2022 15:48:58 :gobj(error): Texture::read() - couldn't read: phase_3/maps/hands/ls.png
:11-06-2022 15:48:58 :gobj(error): Unable to find texture "phase_3/maps/hands/ls.png" on model-path /;/c/Toontown-Last-Laff-Workspace-10-21-2022/src/toontown/launcher;/c/Toontown-Last-Laff-Workspace-10-21-2022/src/Panda3D-1.11.0-x64/etc/..;/c/Toontown-Last-Laff-Workspace-10-21-2022/src/Panda3D-1.11.0-x64/etc/../models
:11-06-2022 15:48:58 :gobj(error): Texture::read() - couldn't read: phase_3/maps/hands/m.png
:11-06-2022 15:48:58 :gobj(error): Unable to find texture "phase_3/maps/hands/m.png" on model-path /;/c/Toontown-Last-Laff-Workspace-10-21-2022/src/toontown/launcher;/c/Toontown-Last-Laff-Workspace-10-21-2022/src/Panda3D-1.11.0-x64/etc/..;/c/Toontown-Last-Laff-Workspace-10-21-2022/src/Panda3D-1.11.0-x64/etc/../models
:11-06-2022 15:48:58 :gobj(error): Texture::read() - couldn't read: phase_3/maps/hands/m.png
:11-06-2022 15:48:58 :gobj(error): Unable to find texture "phase_3/maps/hands/m.png" on model-path /;/c/Toontown-Last-Laff-Workspace-10-21-2022/src/toontown/launcher;/c/Toontown-Last-Laff-Workspace-10-21-2022/src/Panda3D-1.11.0-x64/etc/..;/c/Toontown-Last-Laff-Workspace-10-21-2022/src/Panda3D-1.11.0-x64/etc/../models
:11-06-2022 15:48:58 :gobj(error): Texture::read() - couldn't read: phase_3/maps/hands/m.png
:11-06-2022 15:48:58 :gobj(error): Unable to find texture "phase_3/maps/hands/m.png" on model-path /;/c/Toontown-Last-Laff-Workspace-10-21-2022/src/toontown/launcher;/c/Toontown-Last-Laff-Workspace-10-21-2022/src/Panda3D-1.11.0-x64/etc/..;/c/Toontown-Last-Laff-Workspace-10-21-2022/src/Panda3D-1.11.0-x64/etc/../models
:11-06-2022 15:48:58 :gobj(error): Texture::read() - couldn't read: phase_3/maps/hands/cr.png
:11-06-2022 15:48:58 :gobj(error): Unable to find texture "phase_3/maps/hands/cr.png" on model-path /;/c/Toontown-Last-Laff-Workspace-10-21-2022/src/toontown/launcher;/c/Toontown-Last-Laff-Workspace-10-21-2022/src/Panda3D-1.11.0-x64/etc/..;/c/Toontown-Last-Laff-Workspace-10-21-2022/src/Panda3D-1.11.0-x64/etc/../models
:11-06-2022 15:48:58 :gobj(error): Texture::read() - couldn't read: phase_3/maps/hands/cr.png
:11-06-2022 15:48:58 :gobj(error): Unable to find texture "phase_3/maps/hands/cr.png" on model-path /;/c/Toontown-Last-Laff-Workspace-10-21-2022/src/toontown/launcher;/c/Toontown-Last-Laff-Workspace-10-21-2022/src/Panda3D-1.11.0-x64/etc/..;/c/Toontown-Last-Laff-Workspace-10-21-2022/src/Panda3D-1.11.0-x64/etc/../models
:11-06-2022 15:48:58 :gobj(error): Texture::read() - couldn't read: phase_3/maps/hands/ls.png
:11-06-2022 15:48:58 :gobj(error): Unable to find texture "phase_3/maps/hands/ls.png" on model-path /;/c/Toontown-Last-Laff-Workspace-10-21-2022/src/toontown/launcher;/c/Toontown-Last-Laff-Workspace-10-21-2022/src/Panda3D-1.11.0-x64/etc/..;/c/Toontown-Last-Laff-Workspace-10-21-2022/src/Panda3D-1.11.0-x64/etc/../models
:11-06-2022 15:48:58 :gobj(error): Texture::read() - couldn't read: phase_3/maps/hands/ls.png
:11-06-2022 15:48:58 :gobj(error): Unable to find texture "phase_3/maps/hands/ls.png" on model-path /;/c/Toontown-Last-Laff-Workspace-10-21-2022/src/toontown/launcher;/c/Toontown-Last-Laff-Workspace-10-21-2022/src/Panda3D-1.11.0-x64/etc/..;/c/Toontown-Last-Laff-Workspace-10-21-2022/src/Panda3D-1.11.0-x64/etc/../models
:11-06-2022 15:48:58 :gobj(error): Texture::read() - couldn't read: phase_3/maps/hands/ls.png
:11-06-2022 15:48:58 :gobj(error): Unable to find texture "phase_3/maps/hands/ls.png" on model-path /;/c/Toontown-Last-Laff-Workspace-10-21-2022/src/toontown/launcher;/c/Toontown-Last-Laff-Workspace-10-21-2022/src/Panda3D-1.11.0-x64/etc/..;/c/Toontown-Last-Laff-Workspace-10-21-2022/src/Panda3D-1.11.0-x64/etc/../models
:11-06-2022 15:48:58 :gobj(error): Texture::read() - couldn't read: phase_3/maps/hands/le.png
:11-06-2022 15:48:58 :gobj(error): Unable to find texture "phase_3/maps/hands/le.png" on model-path /;/c/Toontown-Last-Laff-Workspace-10-21-2022/src/toontown/launcher;/c/Toontown-Last-Laff-Workspace-10-21-2022/src/Panda3D-1.11.0-x64/etc/..;/c/Toontown-Last-Laff-Workspace-10-21-2022/src/Panda3D-1.11.0-x64/etc/../models
:11-06-2022 15:48:58 :gobj(error): Texture::read() - couldn't read: phase_3/maps/hands/le.png
:11-06-2022 15:48:58 :gobj(error): Unable to find texture "phase_3/maps/hands/le.png" on model-path /;/c/Toontown-Last-Laff-Workspace-10-21-2022/src/toontown/launcher;/c/Toontown-Last-Laff-Workspace-10-21-2022/src/Panda3D-1.11.0-x64/etc/..;/c/Toontown-Last-Laff-Workspace-10-21-2022/src/Panda3D-1.11.0-x64/etc/../models
:11-06-2022 15:48:58 :gobj(error): Texture::read() - couldn't read: phase_3/maps/hands/le.png
:11-06-2022 15:48:58 :gobj(error): Unable to find texture "phase_3/maps/hands/le.png" on model-path /;/c/Toontown-Last-Laff-Workspace-10-21-2022/src/toontown/launcher;/c/Toontown-Last-Laff-Workspace-10-21-2022/src/Panda3D-1.11.0-x64/etc/..;/c/Toontown-Last-Laff-Workspace-10-21-2022/src/Panda3D-1.11.0-x64/etc/../models
:11-06-2022 15:48:58 :gobj(error): Texture::read() - couldn't read: phase_3/maps/hands/le.png
:11-06-2022 15:48:58 :gobj(error): Unable to find texture "phase_3/maps/hands/le.png" on model-path /;/c/Toontown-Last-Laff-Workspace-10-21-2022/src/toontown/launcher;/c/Toontown-Last-Laff-Workspace-10-21-2022/src/Panda3D-1.11.0-x64/etc/..;/c/Toontown-Last-Laff-Workspace-10-21-2022/src/Panda3D-1.11.0-x64/etc/../models
:11-06-2022 15:48:58 :gobj(error): Texture::read() - couldn't read: phase_3/maps/hands/ls.png
:11-06-2022 15:48:58 :gobj(error): Unable to find texture "phase_3/maps/hands/ls.png" on model-path /;/c/Toontown-Last-Laff-Workspace-10-21-2022/src/toontown/launcher;/c/Toontown-Last-Laff-Workspace-10-21-2022/src/Panda3D-1.11.0-x64/etc/..;/c/Toontown-Last-Laff-Workspace-10-21-2022/src/Panda3D-1.11.0-x64/etc/../models
:11-06-2022 15:48:58 :gobj(error): Texture::read() - couldn't read: phase_3/maps/hands/m.png
:11-06-2022 15:48:58 :gobj(error): Unable to find texture "phase_3/maps/hands/m.png" on model-path /;/c/Toontown-Last-Laff-Workspace-10-21-2022/src/toontown/launcher;/c/Toontown-Last-Laff-Workspace-10-21-2022/src/Panda3D-1.11.0-x64/etc/..;/c/Toontown-Last-Laff-Workspace-10-21-2022/src/Panda3D-1.11.0-x64/etc/../models
:11-06-2022 15:48:58 :gobj(error): Texture::read() - couldn't read: phase_3/maps/hands/cr.png
:11-06-2022 15:48:58 :gobj(error): Unable to find texture "phase_3/maps/hands/cr.png" on model-path /;/c/Toontown-Last-Laff-Workspace-10-21-2022/src/toontown/launcher;/c/Toontown-Last-Laff-Workspace-10-21-2022/src/Panda3D-1.11.0-x64/etc/..;/c/Toontown-Last-Laff-Workspace-10-21-2022/src/Panda3D-1.11.0-x64/etc/../models
:11-06-2022 15:48:58 :gobj(error): Texture::read() - couldn't read: phase_3/maps/hands/ls.png
:11-06-2022 15:48:58 :gobj(error): Unable to find texture "phase_3/maps/hands/ls.png" on model-path /;/c/Toontown-Last-Laff-Workspace-10-21-2022/src/toontown/launcher;/c/Toontown-Last-Laff-Workspace-10-21-2022/src/Panda3D-1.11.0-x64/etc/..;/c/Toontown-Last-Laff-Workspace-10-21-2022/src/Panda3D-1.11.0-x64/etc/../models
:11-06-2022 15:48:58 :gobj(error): Texture::read() - couldn't read: phase_3/maps/hands/m.png
:11-06-2022 15:48:58 :gobj(error): Unable to find texture "phase_3/maps/hands/m.png" on model-path /;/c/Toontown-Last-Laff-Workspace-10-21-2022/src/toontown/launcher;/c/Toontown-Last-Laff-Workspace-10-21-2022/src/Panda3D-1.11.0-x64/etc/..;/c/Toontown-Last-Laff-Workspace-10-21-2022/src/Panda3D-1.11.0-x64/etc/../models
:11-06-2022 15:48:58 :gobj(error): Texture::read() - couldn't read: phase_3/maps/hands/ls.png
:11-06-2022 15:48:58 :gobj(error): Unable to find texture "phase_3/maps/hands/ls.png" on model-path /;/c/Toontown-Last-Laff-Workspace-10-21-2022/src/toontown/launcher;/c/Toontown-Last-Laff-Workspace-10-21-2022/src/Panda3D-1.11.0-x64/etc/..;/c/Toontown-Last-Laff-Workspace-10-21-2022/src/Panda3D-1.11.0-x64/etc/../models
:11-06-2022 15:48:58 :gobj(error): Texture::read() - couldn't read: phase_3/maps/hands/cr.png
:11-06-2022 15:48:58 :gobj(error): Unable to find texture "phase_3/maps/hands/cr.png" on model-path /;/c/Toontown-Last-Laff-Workspace-10-21-2022/src/toontown/launcher;/c/Toontown-Last-Laff-Workspace-10-21-2022/src/Panda3D-1.11.0-x64/etc/..;/c/Toontown-Last-Laff-Workspace-10-21-2022/src/Panda3D-1.11.0-x64/etc/../models
:11-06-2022 15:48:58 :gobj(error): Texture::read() - couldn't read: phase_3/maps/hands/m.png
:11-06-2022 15:48:58 :gobj(error): Unable to find texture "phase_3/maps/hands/m.png" on model-path /;/c/Toontown-Last-Laff-Workspace-10-21-2022/src/toontown/launcher;/c/Toontown-Last-Laff-Workspace-10-21-2022/src/Panda3D-1.11.0-x64/etc/..;/c/Toontown-Last-Laff-Workspace-10-21-2022/src/Panda3D-1.11.0-x64/etc/../models
:11-06-2022 15:48:58 :gobj(error): Texture::read() - couldn't read: phase_3/maps/hands/le.png
:11-06-2022 15:48:58 :gobj(error): Unable to find texture "phase_3/maps/hands/le.png" on model-path /;/c/Toontown-Last-Laff-Workspace-10-21-2022/src/toontown/launcher;/c/Toontown-Last-Laff-Workspace-10-21-2022/src/Panda3D-1.11.0-x64/etc/..;/c/Toontown-Last-Laff-Workspace-10-21-2022/src/Panda3D-1.11.0-x64/etc/../models
:11-06-2022 15:48:58 :gobj(error): Texture::read() - couldn't read: phase_3/maps/hands/m.png
:11-06-2022 15:48:58 :gobj(error): Unable to find texture "phase_3/maps/hands/m.png" on model-path /;/c/Toontown-Last-Laff-Workspace-10-21-2022/src/toontown/launcher;/c/Toontown-Last-Laff-Workspace-10-21-2022/src/Panda3D-1.11.0-x64/etc/..;/c/Toontown-Last-Laff-Workspace-10-21-2022/src/Panda3D-1.11.0-x64/etc/../models
:11-06-2022 15:48:58 :gobj(error): Texture::read() - couldn't read: phase_3/maps/hands/m.png
:11-06-2022 15:48:58 :gobj(error): Unable to find texture "phase_3/maps/hands/m.png" on model-path /;/c/Toontown-Last-Laff-Workspace-10-21-2022/src/toontown/launcher;/c/Toontown-Last-Laff-Workspace-10-21-2022/src/Panda3D-1.11.0-x64/etc/..;/c/Toontown-Last-Laff-Workspace-10-21-2022/src/Panda3D-1.11.0-x64/etc/../models
:11-06-2022 15:48:58 :gobj(error): Texture::read() - couldn't read: phase_3/maps/hands/cr.png
:11-06-2022 15:48:58 :gobj(error): Unable to find texture "phase_3/maps/hands/cr.png" on model-path /;/c/Toontown-Last-Laff-Workspace-10-21-2022/src/toontown/launcher;/c/Toontown-Last-Laff-Workspace-10-21-2022/src/Panda3D-1.11.0-x64/etc/..;/c/Toontown-Last-Laff-Workspace-10-21-2022/src/Panda3D-1.11.0-x64/etc/../models
:11-06-2022 15:48:58 :gobj(error): Texture::read() - couldn't read: phase_3/maps/hands/m.png
:11-06-2022 15:48:58 :gobj(error): Unable to find texture "phase_3/maps/hands/m.png" on model-path /;/c/Toontown-Last-Laff-Workspace-10-21-2022/src/toontown/launcher;/c/Toontown-Last-Laff-Workspace-10-21-2022/src/Panda3D-1.11.0-x64/etc/..;/c/Toontown-Last-Laff-Workspace-10-21-2022/src/Panda3D-1.11.0-x64/etc/../models
:11-06-2022 15:48:58 :gobj(error): Texture::read() - couldn't read: phase_3/maps/hands/ls.png
:11-06-2022 15:48:58 :gobj(error): Unable to find texture "phase_3/maps/hands/ls.png" on model-path /;/c/Toontown-Last-Laff-Workspace-10-21-2022/src/toontown/launcher;/c/Toontown-Last-Laff-Workspace-10-21-2022/src/Panda3D-1.11.0-x64/etc/..;/c/Toontown-Last-Laff-Workspace-10-21-2022/src/Panda3D-1.11.0-x64/etc/../models
:11-06-2022 15:48:58 :gobj(error): Texture::read() - couldn't read: phase_3/maps/hands/le.png
:11-06-2022 15:48:58 :gobj(error): Unable to find texture "phase_3/maps/hands/le.png" on model-path /;/c/Toontown-Last-Laff-Workspace-10-21-2022/src/toontown/launcher;/c/Toontown-Last-Laff-Workspace-10-21-2022/src/Panda3D-1.11.0-x64/etc/..;/c/Toontown-Last-Laff-Workspace-10-21-2022/src/Panda3D-1.11.0-x64/etc/../models
:11-06-2022 15:48:58 :gobj(error): Texture::read() - couldn't read: phase_3/maps/hands/le.png
:11-06-2022 15:48:58 :gobj(error): Unable to find texture "phase_3/maps/hands/le.png" on model-path /;/c/Toontown-Last-Laff-Workspace-10-21-2022/src/toontown/launcher;/c/Toontown-Last-Laff-Workspace-10-21-2022/src/Panda3D-1.11.0-x64/etc/..;/c/Toontown-Last-Laff-Workspace-10-21-2022/src/Panda3D-1.11.0-x64/etc/../models
:11-06-2022 15:48:58 :gobj(error): Texture::read() - couldn't read: phase_3/maps/hands/cr.png
:11-06-2022 15:48:58 :gobj(error): Unable to find texture "phase_3/maps/hands/cr.png" on model-path /;/c/Toontown-Last-Laff-Workspace-10-21-2022/src/toontown/launcher;/c/Toontown-Last-Laff-Workspace-10-21-2022/src/Panda3D-1.11.0-x64/etc/..;/c/Toontown-Last-Laff-Workspace-10-21-2022/src/Panda3D-1.11.0-x64/etc/../models
:11-06-2022 15:48:58 :gobj(error): Texture::read() - couldn't read: phase_3/maps/hands/m.png
:11-06-2022 15:48:58 :gobj(error): Unable to find texture "phase_3/maps/hands/m.png" on model-path /;/c/Toontown-Last-Laff-Workspace-10-21-2022/src/toontown/launcher;/c/Toontown-Last-Laff-Workspace-10-21-2022/src/Panda3D-1.11.0-x64/etc/..;/c/Toontown-Last-Laff-Workspace-10-21-2022/src/Panda3D-1.11.0-x64/etc/../models
:11-06-2022 15:48:58 :gobj(error): Texture::read() - couldn't read: phase_3/maps/hands/ls.png
:11-06-2022 15:48:58 :gobj(error): Unable to find texture "phase_3/maps/hands/ls.png" on model-path /;/c/Toontown-Last-Laff-Workspace-10-21-2022/src/toontown/launcher;/c/Toontown-Last-Laff-Workspace-10-21-2022/src/Panda3D-1.11.0-x64/etc/..;/c/Toontown-Last-Laff-Workspace-10-21-2022/src/Panda3D-1.11.0-x64/etc/../models
:11-06-2022 15:48:58 :gobj(error): Texture::read() - couldn't read: phase_3/maps/hands/m.png
:11-06-2022 15:48:58 :gobj(error): Unable to find texture "phase_3/maps/hands/m.png" on model-path /;/c/Toontown-Last-Laff-Workspace-10-21-2022/src/toontown/launcher;/c/Toontown-Last-Laff-Workspace-10-21-2022/src/Panda3D-1.11.0-x64/etc/..;/c/Toontown-Last-Laff-Workspace-10-21-2022/src/Panda3D-1.11.0-x64/etc/../models
:11-06-2022 15:48:58 :gobj(error): Texture::read() - couldn't read: phase_3/maps/hands/cr.png
:11-06-2022 15:48:58 :gobj(error): Unable to find texture "phase_3/maps/hands/cr.png" on model-path /;/c/Toontown-Last-Laff-Workspace-10-21-2022/src/toontown/launcher;/c/Toontown-Last-Laff-Workspace-10-21-2022/src/Panda3D-1.11.0-x64/etc/..;/c/Toontown-Last-Laff-Workspace-10-21-2022/src/Panda3D-1.11.0-x64/etc/../models
:11-06-2022 15:48:58 :gobj(error): Texture::read() - couldn't read: phase_3/maps/hands/ls.png
:11-06-2022 15:48:58 :gobj(error): Unable to find texture "phase_3/maps/hands/ls.png" on model-path /;/c/Toontown-Last-Laff-Workspace-10-21-2022/src/toontown/launcher;/c/Toontown-Last-Laff-Workspace-10-21-2022/src/Panda3D-1.11.0-x64/etc/..;/c/Toontown-Last-Laff-Workspace-10-21-2022/src/Panda3D-1.11.0-x64/etc/../models
:11-06-2022 15:48:58 :gobj(error): Texture::read() - couldn't read: phase_3/maps/hands/ls.png
:11-06-2022 15:48:58 :gobj(error): Unable to find texture "phase_3/maps/hands/ls.png" on model-path /;/c/Toontown-Last-Laff-Workspace-10-21-2022/src/toontown/launcher;/c/Toontown-Last-Laff-Workspace-10-21-2022/src/Panda3D-1.11.0-x64/etc/..;/c/Toontown-Last-Laff-Workspace-10-21-2022/src/Panda3D-1.11.0-x64/etc/../models
:11-06-2022 15:48:59 :gobj(error): Texture::read() - couldn't read: phase_3/maps/hands/cr.png
:11-06-2022 15:48:59 :gobj(error): Unable to find texture "phase_3/maps/hands/cr.png" on model-path /;/c/Toontown-Last-Laff-Workspace-10-21-2022/src/toontown/launcher;/c/Toontown-Last-Laff-Workspace-10-21-2022/src/Panda3D-1.11.0-x64/etc/..;/c/Toontown-Last-Laff-Workspace-10-21-2022/src/Panda3D-1.11.0-x64/etc/../models
:11-06-2022 15:48:59 :gobj(error): Texture::read() - couldn't read: phase_3/maps/hands/m.png
:11-06-2022 15:48:59 :gobj(error): Unable to find texture "phase_3/maps/hands/m.png" on model-path /;/c/Toontown-Last-Laff-Workspace-10-21-2022/src/toontown/launcher;/c/Toontown-Last-Laff-Workspace-10-21-2022/src/Panda3D-1.11.0-x64/etc/..;/c/Toontown-Last-Laff-Workspace-10-21-2022/src/Panda3D-1.11.0-x64/etc/../models
:11-06-2022 15:48:59 :gobj(error): Texture::read() - couldn't read: phase_3/maps/hands/le.png
:11-06-2022 15:48:59 :gobj(error): Unable to find texture "phase_3/maps/hands/le.png" on model-path /;/c/Toontown-Last-Laff-Workspace-10-21-2022/src/toontown/launcher;/c/Toontown-Last-Laff-Workspace-10-21-2022/src/Panda3D-1.11.0-x64/etc/..;/c/Toontown-Last-Laff-Workspace-10-21-2022/src/Panda3D-1.11.0-x64/etc/../models
:11-06-2022 15:48:59 :gobj(error): Texture::read() - couldn't read: phase_3/maps/hands/cr.png
:11-06-2022 15:48:59 :gobj(error): Unable to find texture "phase_3/maps/hands/cr.png" on model-path /;/c/Toontown-Last-Laff-Workspace-10-21-2022/src/toontown/launcher;/c/Toontown-Last-Laff-Workspace-10-21-2022/src/Panda3D-1.11.0-x64/etc/..;/c/Toontown-Last-Laff-Workspace-10-21-2022/src/Panda3D-1.11.0-x64/etc/../models
:11-06-2022 15:48:59 :gobj(error): Texture::read() - couldn't read: phase_3/maps/hands/ls.png
:11-06-2022 15:48:59 :gobj(error): Unable to find texture "phase_3/maps/hands/ls.png" on model-path /;/c/Toontown-Last-Laff-Workspace-10-21-2022/src/toontown/launcher;/c/Toontown-Last-Laff-Workspace-10-21-2022/src/Panda3D-1.11.0-x64/etc/..;/c/Toontown-Last-Laff-Workspace-10-21-2022/src/Panda3D-1.11.0-x64/etc/../models
:11-06-2022 15:48:59 :gobj(error): Texture::read() - couldn't read: phase_3/maps/hands/le.png
:11-06-2022 15:48:59 :gobj(error): Unable to find texture "phase_3/maps/hands/le.png" on model-path /;/c/Toontown-Last-Laff-Workspace-10-21-2022/src/toontown/launcher;/c/Toontown-Last-Laff-Workspace-10-21-2022/src/Panda3D-1.11.0-x64/etc/..;/c/Toontown-Last-Laff-Workspace-10-21-2022/src/Panda3D-1.11.0-x64/etc/../models
:11-06-2022 15:48:59 :gobj(error): Texture::read() - couldn't read: phase_3/maps/hands/ls.png
:11-06-2022 15:48:59 :gobj(error): Unable to find texture "phase_3/maps/hands/ls.png" on model-path /;/c/Toontown-Last-Laff-Workspace-10-21-2022/src/toontown/launcher;/c/Toontown-Last-Laff-Workspace-10-21-2022/src/Panda3D-1.11.0-x64/etc/..;/c/Toontown-Last-Laff-Workspace-10-21-2022/src/Panda3D-1.11.0-x64/etc/../models
:11-06-2022 15:48:59 :gobj(error): Texture::read() - couldn't read: phase_3/maps/hands/le.png
:11-06-2022 15:48:59 :gobj(error): Unable to find texture "phase_3/maps/hands/le.png" on model-path /;/c/Toontown-Last-Laff-Workspace-10-21-2022/src/toontown/launcher;/c/Toontown-Last-Laff-Workspace-10-21-2022/src/Panda3D-1.11.0-x64/etc/..;/c/Toontown-Last-Laff-Workspace-10-21-2022/src/Panda3D-1.11.0-x64/etc/../models
:11-06-2022 15:48:59 :gobj(error): Texture::read() - couldn't read: phase_3/maps/hands/cr.png
:11-06-2022 15:48:59 :gobj(error): Unable to find texture "phase_3/maps/hands/cr.png" on model-path /;/c/Toontown-Last-Laff-Workspace-10-21-2022/src/toontown/launcher;/c/Toontown-Last-Laff-Workspace-10-21-2022/src/Panda3D-1.11.0-x64/etc/..;/c/Toontown-Last-Laff-Workspace-10-21-2022/src/Panda3D-1.11.0-x64/etc/../models
:11-06-2022 15:48:59 :gobj(error): Texture::read() - couldn't read: phase_3/maps/hands/le.png
:11-06-2022 15:48:59 :gobj(error): Unable to find texture "phase_3/maps/hands/le.png" on model-path /;/c/Toontown-Last-Laff-Workspace-10-21-2022/src/toontown/launcher;/c/Toontown-Last-Laff-Workspace-10-21-2022/src/Panda3D-1.11.0-x64/etc/..;/c/Toontown-Last-Laff-Workspace-10-21-2022/src/Panda3D-1.11.0-x64/etc/../models
:11-06-2022 15:48:59 :gobj(error): Texture::read() - couldn't read: phase_3/maps/hands/cr.png
:11-06-2022 15:48:59 :gobj(error): Unable to find texture "phase_3/maps/hands/cr.png" on model-path /;/c/Toontown-Last-Laff-Workspace-10-21-2022/src/toontown/launcher;/c/Toontown-Last-Laff-Workspace-10-21-2022/src/Panda3D-1.11.0-x64/etc/..;/c/Toontown-Last-Laff-Workspace-10-21-2022/src/Panda3D-1.11.0-x64/etc/../models
:11-06-2022 15:48:59 :gobj(error): Texture::read() - couldn't read: phase_3/maps/hands/le.png
:11-06-2022 15:48:59 :gobj(error): Unable to find texture "phase_3/maps/hands/le.png" on model-path /;/c/Toontown-Last-Laff-Workspace-10-21-2022/src/toontown/launcher;/c/Toontown-Last-Laff-Workspace-10-21-2022/src/Panda3D-1.11.0-x64/etc/..;/c/Toontown-Last-Laff-Workspace-10-21-2022/src/Panda3D-1.11.0-x64/etc/../models
:11-06-2022 15:48:59 :gobj(error): Texture::read() - couldn't read: phase_3/maps/hands/ls.png
:11-06-2022 15:48:59 :gobj(error): Unable to find texture "phase_3/maps/hands/ls.png" on model-path /;/c/Toontown-Last-Laff-Workspace-10-21-2022/src/toontown/launcher;/c/Toontown-Last-Laff-Workspace-10-21-2022/src/Panda3D-1.11.0-x64/etc/..;/c/Toontown-Last-Laff-Workspace-10-21-2022/src/Panda3D-1.11.0-x64/etc/../models
:11-06-2022 15:48:59 :gobj(error): Texture::read() - couldn't read: phase_3/maps/hands/cr.png
:11-06-2022 15:48:59 :gobj(error): Unable to find texture "phase_3/maps/hands/cr.png" on model-path /;/c/Toontown-Last-Laff-Workspace-10-21-2022/src/toontown/launcher;/c/Toontown-Last-Laff-Workspace-10-21-2022/src/Panda3D-1.11.0-x64/etc/..;/c/Toontown-Last-Laff-Workspace-10-21-2022/src/Panda3D-1.11.0-x64/etc/../models
:11-06-2022 15:48:59 :gobj(error): Texture::read() - couldn't read: phase_3/maps/hands/cr.png
:11-06-2022 15:48:59 :gobj(error): Unable to find texture "phase_3/maps/hands/cr.png" on model-path /;/c/Toontown-Last-Laff-Workspace-10-21-2022/src/toontown/launcher;/c/Toontown-Last-Laff-Workspace-10-21-2022/src/Panda3D-1.11.0-x64/etc/..;/c/Toontown-Last-Laff-Workspace-10-21-2022/src/Panda3D-1.11.0-x64/etc/../models
:11-06-2022 15:48:59 :gobj(error): Texture::read() - couldn't read: phase_3/maps/hands/cr.png
:11-06-2022 15:48:59 :gobj(error): Unable to find texture "phase_3/maps/hands/cr.png" on model-path /;/c/Toontown-Last-Laff-Workspace-10-21-2022/src/toontown/launcher;/c/Toontown-Last-Laff-Workspace-10-21-2022/src/Panda3D-1.11.0-x64/etc/..;/c/Toontown-Last-Laff-Workspace-10-21-2022/src/Panda3D-1.11.0-x64/etc/../models
:11-06-2022 15:48:59 :gobj(error): Texture::read() - couldn't read: phase_3/maps/hands/le.png
:11-06-2022 15:48:59 :gobj(error): Unable to find texture "phase_3/maps/hands/le.png" on model-path /;/c/Toontown-Last-Laff-Workspace-10-21-2022/src/toontown/launcher;/c/Toontown-Last-Laff-Workspace-10-21-2022/src/Panda3D-1.11.0-x64/etc/..;/c/Toontown-Last-Laff-Workspace-10-21-2022/src/Panda3D-1.11.0-x64/etc/../models
:11-06-2022 15:48:59 :gobj(error): Texture::read() - couldn't read: phase_3/maps/hands/ls.png
:11-06-2022 15:48:59 :gobj(error): Unable to find texture "phase_3/maps/hands/ls.png" on model-path /;/c/Toontown-Last-Laff-Workspace-10-21-2022/src/toontown/launcher;/c/Toontown-Last-Laff-Workspace-10-21-2022/src/Panda3D-1.11.0-x64/etc/..;/c/Toontown-Last-Laff-Workspace-10-21-2022/src/Panda3D-1.11.0-x64/etc/../models
:11-06-2022 15:48:59 :gobj(error): Texture::read() - couldn't read: phase_3/maps/hands/m.png
:11-06-2022 15:48:59 :gobj(error): Unable to find texture "phase_3/maps/hands/m.png" on model-path /;/c/Toontown-Last-Laff-Workspace-10-21-2022/src/toontown/launcher;/c/Toontown-Last-Laff-Workspace-10-21-2022/src/Panda3D-1.11.0-x64/etc/..;/c/Toontown-Last-Laff-Workspace-10-21-2022/src/Panda3D-1.11.0-x64/etc/../models
:11-06-2022 15:48:59 :gobj(error): Texture::read() - couldn't read: phase_3/maps/hands/le.png
:11-06-2022 15:48:59 :gobj(error): Unable to find texture "phase_3/maps/hands/le.png" on model-path /;/c/Toontown-Last-Laff-Workspace-10-21-2022/src/toontown/launcher;/c/Toontown-Last-Laff-Workspace-10-21-2022/src/Panda3D-1.11.0-x64/etc/..;/c/Toontown-Last-Laff-Workspace-10-21-2022/src/Panda3D-1.11.0-x64/etc/../models
:11-06-2022 15:48:59 :gobj(error): Texture::read() - couldn't read: phase_3/maps/hands/m.png
:11-06-2022 15:48:59 :gobj(error): Unable to find texture "phase_3/maps/hands/m.png" on model-path /;/c/Toontown-Last-Laff-Workspace-10-21-2022/src/toontown/launcher;/c/Toontown-Last-Laff-Workspace-10-21-2022/src/Panda3D-1.11.0-x64/etc/..;/c/Toontown-Last-Laff-Workspace-10-21-2022/src/Panda3D-1.11.0-x64/etc/../models
:11-06-2022 15:48:59 :gobj(error): Texture::read() - couldn't read: phase_3/maps/hands/le.png
:11-06-2022 15:48:59 :gobj(error): Unable to find texture "phase_3/maps/hands/le.png" on model-path /;/c/Toontown-Last-Laff-Workspace-10-21-2022/src/toontown/launcher;/c/Toontown-Last-Laff-Workspace-10-21-2022/src/Panda3D-1.11.0-x64/etc/..;/c/Toontown-Last-Laff-Workspace-10-21-2022/src/Panda3D-1.11.0-x64/etc/../models
:11-06-2022 15:48:59 :gobj(error): Texture::read() - couldn't read: phase_3/maps/hands/ls.png
:11-06-2022 15:48:59 :gobj(error): Unable to find texture "phase_3/maps/hands/ls.png" on model-path /;/c/Toontown-Last-Laff-Workspace-10-21-2022/src/toontown/launcher;/c/Toontown-Last-Laff-Workspace-10-21-2022/src/Panda3D-1.11.0-x64/etc/..;/c/Toontown-Last-Laff-Workspace-10-21-2022/src/Panda3D-1.11.0-x64/etc/../models
:11-06-2022 15:48:59 :gobj(error): Texture::read() - couldn't read: phase_3/maps/hands/tbc.png
:11-06-2022 15:48:59 :gobj(error): Unable to find texture "phase_3/maps/hands/tbc.png" on model-path /;/c/Toontown-Last-Laff-Workspace-10-21-2022/src/toontown/launcher;/c/Toontown-Last-Laff-Workspace-10-21-2022/src/Panda3D-1.11.0-x64/etc/..;/c/Toontown-Last-Laff-Workspace-10-21-2022/src/Panda3D-1.11.0-x64/etc/../models
:11-06-2022 15:48:59 :gobj(error): Texture::read() - couldn't read: phase_3/maps/hands/tbc.png
:11-06-2022 15:48:59 :gobj(error): Unable to find texture "phase_3/maps/hands/tbc.png" on model-path /;/c/Toontown-Last-Laff-Workspace-10-21-2022/src/toontown/launcher;/c/Toontown-Last-Laff-Workspace-10-21-2022/src/Panda3D-1.11.0-x64/etc/..;/c/Toontown-Last-Laff-Workspace-10-21-2022/src/Panda3D-1.11.0-x64/etc/../models
:11-06-2022 15:48:59 BossbotHQBossBattle(warning): fsm.request('movie') returned 0 (zone id 61000, avatar pos LPoint3f(2.49858, -89.487, 0.0825828)).
:11-06-2022 15:48:59 TTOffMagicWordManager: Skipping to third round...
:11-06-2022 15:49:01 ToontownChatManager: QA-REGRESSION: CHAT: Speedchat Plus
:11-06-2022 15:49:04 TTOffMagicWordManager: Wittybumble can now insta-kill Cogs!
Battle Event localtoon-battle-event-10
:11-06-2022 15:52:08 ToontownChatManager: QA-REGRESSION: CHAT: Speedchat
:11-06-2022 15:53:10 GarbageCollect(warning): garbage found, reverting gc threshold
frame rate: 37.1 fps|0.005d|30 avs||309|310||0x0000|0x0000|1298.9MB|1279.0MB|16302.1MB|1599|nt.2.6.2|3.601,3.601|4,8 cpus|OpenGL
:11-06-2022 15:56:05 ToontownChatManager: QA-REGRESSION: CHAT: Speedchat Plus
:11-06-2022 15:56:06 ToontownChatManager: QA-REGRESSION: CHAT: Speedchat
:11-06-2022 15:56:45 BossbotHQBossBattle(warning): fsm.request('walk') returned 0 (zone id 61000, avatar pos LPoint3f(20, 109, 0.0252441)).
ModelRoot tt_m_ara_bhq_seltzerBottle.egg
  PandaNode 
    PandaNode Bottle
      GeomNode pCylinder1 (1 geoms: S:(TextureAttrib))
      GeomNode pCube1 (1 geoms: S:(ColorAttrib TextureAttrib))
      GeomNode pCube2 (1 geoms: S:(ColorAttrib TextureAttrib))
      ModelNode nozzle_tip T:m(pos 0.00104368 0.790143 2.1865)
      ModelNode hand_locator T:m(pos 0.0655336 -0.00322584 2.48897)
ModelRoot tt_m_ara_bhq_seltzerBottle.egg
  PandaNode 
    PandaNode Bottle
      GeomNode pCylinder1 (1 geoms: S:(TextureAttrib))
      GeomNode pCube1 (1 geoms: S:(ColorAttrib TextureAttrib))
      GeomNode pCube2 (1 geoms: S:(ColorAttrib TextureAttrib))
      ModelNode nozzle_tip T:m(pos 0.00104368 0.790143 2.1865)
      ModelNode hand_locator T:m(pos 0.0655336 -0.00322584 2.48897)
ModelRoot tt_m_ara_bhq_seltzerBottle.egg
  PandaNode 
    PandaNode Bottle
      GeomNode pCylinder1 (1 geoms: S:(TextureAttrib))
      GeomNode pCube1 (1 geoms: S:(ColorAttrib TextureAttrib))
      GeomNode pCube2 (1 geoms: S:(ColorAttrib TextureAttrib))
      ModelNode nozzle_tip T:m(pos 0.00104368 0.790143 2.1865)
      ModelNode hand_locator T:m(pos 0.0655336 -0.00322584 2.48897)
ModelRoot tt_m_ara_bhq_seltzerBottle.egg
  PandaNode 
    PandaNode Bottle
      GeomNode pCylinder1 (1 geoms: S:(TextureAttrib))
      GeomNode pCube1 (1 geoms: S:(ColorAttrib TextureAttrib))
      GeomNode pCube2 (1 geoms: S:(ColorAttrib TextureAttrib))
      ModelNode nozzle_tip T:m(pos 0.00104368 0.790143 2.1865)
      ModelNode hand_locator T:m(pos 0.0655336 -0.00322584 2.48897)
ModelRoot tt_m_ara_bhq_seltzerBottle.egg
  PandaNode 
    PandaNode Bottle
      GeomNode pCylinder1 (1 geoms: S:(TextureAttrib))
      GeomNode pCube1 (1 geoms: S:(ColorAttrib TextureAttrib))
      GeomNode pCube2 (1 geoms: S:(ColorAttrib TextureAttrib))
      ModelNode nozzle_tip T:m(pos 0.00104368 0.790143 2.1865)
      ModelNode hand_locator T:m(pos 0.0655336 -0.00322584 2.48897)
ModelRoot tt_m_ara_bhq_seltzerBottle.egg
  PandaNode 
    PandaNode Bottle
      GeomNode pCylinder1 (1 geoms: S:(TextureAttrib))
      GeomNode pCube1 (1 geoms: S:(ColorAttrib TextureAttrib))
      GeomNode pCube2 (1 geoms: S:(ColorAttrib TextureAttrib))
      ModelNode nozzle_tip T:m(pos 0.00104368 0.790143 2.1865)
      ModelNode hand_locator T:m(pos 0.0655336 -0.00322584 2.48897)
ModelRoot tt_m_ara_bhq_seltzerBottle.egg
  PandaNode 
    PandaNode Bottle
      GeomNode pCylinder1 (1 geoms: S:(TextureAttrib))
      GeomNode pCube1 (1 geoms: S:(ColorAttrib TextureAttrib))
      GeomNode pCube2 (1 geoms: S:(ColorAttrib TextureAttrib))
      ModelNode nozzle_tip T:m(pos 0.00104368 0.790143 2.1865)
      ModelNode hand_locator T:m(pos 0.0655336 -0.00322584 2.48897)
ModelRoot tt_m_ara_bhq_seltzerBottle.egg
  PandaNode 
    PandaNode Bottle
      GeomNode pCylinder1 (1 geoms: S:(TextureAttrib))
      GeomNode pCube1 (1 geoms: S:(ColorAttrib TextureAttrib))
      GeomNode pCube2 (1 geoms: S:(ColorAttrib TextureAttrib))
      ModelNode nozzle_tip T:m(pos 0.00104368 0.790143 2.1865)
      ModelNode hand_locator T:m(pos 0.0655336 -0.00322584 2.48897)
ModelRoot tt_m_ara_bhq_seltzerBottle.egg
  PandaNode 
    PandaNode Bottle
      GeomNode pCylinder1 (1 geoms: S:(TextureAttrib))
      GeomNode pCube1 (1 geoms: S:(ColorAttrib TextureAttrib))
      GeomNode pCube2 (1 geoms: S:(ColorAttrib TextureAttrib))
      ModelNode nozzle_tip T:m(pos 0.00104368 0.790143 2.1865)
      ModelNode hand_locator T:m(pos 0.0655336 -0.00322584 2.48897)
ModelRoot tt_m_ara_bhq_seltzerBottle.egg
  PandaNode 
    PandaNode Bottle
      GeomNode pCylinder1 (1 geoms: S:(TextureAttrib))
      GeomNode pCube1 (1 geoms: S:(ColorAttrib TextureAttrib))
      GeomNode pCube2 (1 geoms: S:(ColorAttrib TextureAttrib))
      ModelNode nozzle_tip T:m(pos 0.00104368 0.790143 2.1865)
      ModelNode hand_locator T:m(pos 0.0655336 -0.00322584 2.48897)
:11-06-2022 15:57:04 ToontownChatManager: QA-REGRESSION: CHAT: Speedchat Plus
:11-06-2022 15:57:05 TTOffMagicWordManager: Run mode has been toggled.
:11-06-2022 15:57:57 ClassicFSM(warning): [CogHQBossBattle]: no transition exists from crane to movie
:11-06-2022 15:57:57 BossbotHQBossBattle(warning): fsm.request('movie') returned 0 (zone id 61000, avatar pos LPoint3f(57.0563, 154.247, 3.64072)).
:11-06-2022 15:57:59 BossbotHQBossBattle(warning): fsm.request('crane') returned 0 (zone id 61000, avatar pos LPoint3f(57.0563, 154.247, 3.64072)).
frame rate: 137.1 fps|0.002d|1 avs||609|610||0x0000|0x0000|1319.6MB|1298.1MB|16302.1MB|1638|nt.2.6.2|3.601,3.601|4,8 cpus|OpenGL
:11-06-2022 15:58:30 ClassicFSM(warning): [CogHQBossBattle]: no transition exists from crane to movie
:11-06-2022 15:58:30 BossbotHQBossBattle(warning): fsm.request('movie') returned 0 (zone id 61000, avatar pos LPoint3f(57.6804, 154.424, 3.64072)).
:11-06-2022 15:58:33 BossbotHQBossBattle(warning): fsm.request('crane') returned 0 (zone id 61000, avatar pos LPoint3f(57.6804, 154.424, 3.64072)).
:11-06-2022 15:59:33 ToontownChatManager: QA-REGRESSION: CHAT: Speedchat
:11-06-2022 15:59:36 ToonBase: User closed main window.
:11-06-2022 15:59:36 TimeManager: Client disconnect reason 2.
:11-06-2022 15:59:36 BossbotHQBossBattle: Unloading Place (61000). Fsm in final
:11-06-2022 15:59:37 OTPClientRepository(warning): unclean exit, abandoning shard
ignoring InputState-forward
:11-06-2022 15:59:37 OTPClientRepository: sending clientLogout
Assertion failed: _error_type != ET_not_found at line 592 of panda/src/pgraph/nodePath.cxx
Traceback (most recent call last):
  File "C:\Toontown-Last-Laff-Workspace-10-21-2022\src\Panda3D-1.11.0-x64\direct\showbase\EventManager.py", line 49, in eventLoopTask
    self.doEvents()
  File "C:\Toontown-Last-Laff-Workspace-10-21-2022\src\Panda3D-1.11.0-x64\direct\showbase\EventManager.py", line 43, in doEvents
    processFunc(dequeueFunc())
  File "C:\Toontown-Last-Laff-Workspace-10-21-2022\src\Panda3D-1.11.0-x64\direct\showbase\EventManager.py", line 99, in processEvent
    messenger.send(eventName, paramList)
  File "C:\Toontown-Last-Laff-Workspace-10-21-2022\src\Panda3D-1.11.0-x64\direct\showbase\Messenger.py", line 333, in send
    self.__dispatch(acceptorDict, event, sentArgs, foundWatch)
  File "C:\Toontown-Last-Laff-Workspace-10-21-2022\src\Panda3D-1.11.0-x64\direct\showbase\Messenger.py", line 418, in __dispatch
    result = method (*(extraArgs + sentArgs))
  File "toontown\toonbase\ToonBase.py", line 187, in windowEvent
    OTPBase.OTPBase.windowEvent(self, win)
  File "C:\Toontown-Last-Laff-Workspace-10-21-2022\src\Panda3D-1.11.0-x64\direct\showbase\ShowBase.py", line 2791, in windowEvent
    self.userExit()
  File "toontown\toonbase\ToonBase.py", line 422, in userExit
    self.cr.loginFSM.request('shutdown')
  File "C:\Toontown-Last-Laff-Workspace-10-21-2022\src\Panda3D-1.11.0-x64\direct\fsm\ClassicFSM.py", line 281, in request
    exitArgList)
  File "C:\Toontown-Last-Laff-Workspace-10-21-2022\src\Panda3D-1.11.0-x64\direct\fsm\ClassicFSM.py", line 227, in __transition
    self.__exitCurrent(exitArgList)
  File "C:\Toontown-Last-Laff-Workspace-10-21-2022\src\Panda3D-1.11.0-x64\direct\fsm\ClassicFSM.py", line 185, in __exitCurrent
    self.__currentState.exit(argList)
  File "C:\Toontown-Last-Laff-Workspace-10-21-2022\src\Panda3D-1.11.0-x64\direct\fsm\State.py", line 213, in exit
    self.__exitFunc(*argList)
  File "toontown\distributed\ToontownClientRepository.py", line 430, in exitPlayingGame
    base.localAvatar.deleteOrDelay()
  File "C:\Toontown-Last-Laff-Workspace-10-21-2022\src\Panda3D-1.11.0-x64\direct\distributed\DistributedObject.py", line 201, in deleteOrDelay
    self.disableAnnounceAndDelete()
  File "C:\Toontown-Last-Laff-Workspace-10-21-2022\src\Panda3D-1.11.0-x64\direct\distributed\DistributedObject.py", line 204, in disableAnnounceAndDelete
    self.disableAndAnnounce()
  File "C:\Toontown-Last-Laff-Workspace-10-21-2022\src\Panda3D-1.11.0-x64\direct\distributed\DistributedObject.py", line 230, in disableAndAnnounce
    self.disable()
  File "toontown\toon\LocalToon.py", line 256, in disable
    self.book.unload()
  File "toontown\shtiker\ShtikerBook.py", line 150, in unload
    page.unload()
  File "toontown\shtiker\SuitPage.py", line 240, in unload
    shadow.removeNode()
AssertionError: _error_type != ET_not_found at line 592 of panda/src/pgraph/nodePath.cxx
:11-06-2022 15:59:37 :task(error): Exception occurred in PythonTask eventManager
:11-06-2022 15:59:37 TTOffLauncher: setting panda error code to 12
:11-06-2022 15:59:37 TTOffLauncher(warning): Handling Python exception.
:11-06-2022 15:59:37 OTPClientRepository: Sent disconnect message to server
:11-06-2022 15:59:37 OTPClientRepository: Closing connection to server.
:11-06-2022 15:59:37 TTOffLauncher: Exception exit.

Traceback (most recent call last):
  File "otp\launcher\LauncherBase.py", line 1081, in mainLoop
    self._runTaskManager()
  File "otp\launcher\LauncherBase.py", line 1052, in _runTaskManager
    taskMgr.run()
  File "C:\Toontown-Last-Laff-Workspace-10-21-2022\src\Panda3D-1.11.0-x64\direct\task\Task.py", line 528, in run
    self.step()
  File "C:\Toontown-Last-Laff-Workspace-10-21-2022\src\Panda3D-1.11.0-x64\direct\task\Task.py", line 482, in step
    self.mgr.poll()
  File "C:\Toontown-Last-Laff-Workspace-10-21-2022\src\Panda3D-1.11.0-x64\direct\showbase\EventManager.py", line 49, in eventLoopTask
    self.doEvents()
  File "C:\Toontown-Last-Laff-Workspace-10-21-2022\src\Panda3D-1.11.0-x64\direct\showbase\EventManager.py", line 43, in doEvents
    processFunc(dequeueFunc())
  File "C:\Toontown-Last-Laff-Workspace-10-21-2022\src\Panda3D-1.11.0-x64\direct\showbase\EventManager.py", line 99, in processEvent
    messenger.send(eventName, paramList)
  File "C:\Toontown-Last-Laff-Workspace-10-21-2022\src\Panda3D-1.11.0-x64\direct\showbase\Messenger.py", line 333, in send
    self.__dispatch(acceptorDict, event, sentArgs, foundWatch)
  File "C:\Toontown-Last-Laff-Workspace-10-21-2022\src\Panda3D-1.11.0-x64\direct\showbase\Messenger.py", line 418, in __dispatch
    result = method (*(extraArgs + sentArgs))
  File "toontown\toonbase\ToonBase.py", line 187, in windowEvent
    OTPBase.OTPBase.windowEvent(self, win)
  File "C:\Toontown-Last-Laff-Workspace-10-21-2022\src\Panda3D-1.11.0-x64\direct\showbase\ShowBase.py", line 2791, in windowEvent
    self.userExit()
  File "toontown\toonbase\ToonBase.py", line 422, in userExit
    self.cr.loginFSM.request('shutdown')
  File "C:\Toontown-Last-Laff-Workspace-10-21-2022\src\Panda3D-1.11.0-x64\direct\fsm\ClassicFSM.py", line 281, in request
    exitArgList)
  File "C:\Toontown-Last-Laff-Workspace-10-21-2022\src\Panda3D-1.11.0-x64\direct\fsm\ClassicFSM.py", line 227, in __transition
    self.__exitCurrent(exitArgList)
  File "C:\Toontown-Last-Laff-Workspace-10-21-2022\src\Panda3D-1.11.0-x64\direct\fsm\ClassicFSM.py", line 185, in __exitCurrent
    self.__currentState.exit(argList)
  File "C:\Toontown-Last-Laff-Workspace-10-21-2022\src\Panda3D-1.11.0-x64\direct\fsm\State.py", line 213, in exit
    self.__exitFunc(*argList)
  File "toontown\distributed\ToontownClientRepository.py", line 430, in exitPlayingGame
    base.localAvatar.deleteOrDelay()
  File "C:\Toontown-Last-Laff-Workspace-10-21-2022\src\Panda3D-1.11.0-x64\direct\distributed\DistributedObject.py", line 201, in deleteOrDelay
    self.disableAnnounceAndDelete()
  File "C:\Toontown-Last-Laff-Workspace-10-21-2022\src\Panda3D-1.11.0-x64\direct\distributed\DistributedObject.py", line 204, in disableAnnounceAndDelete
    self.disableAndAnnounce()
  File "C:\Toontown-Last-Laff-Workspace-10-21-2022\src\Panda3D-1.11.0-x64\direct\distributed\DistributedObject.py", line 230, in disableAndAnnounce
    self.disable()
  File "toontown\toon\LocalToon.py", line 256, in disable
    self.book.unload()
  File "toontown\shtiker\ShtikerBook.py", line 150, in unload
    page.unload()
  File "toontown\shtiker\SuitPage.py", line 240, in unload
    shadow.removeNode()
AssertionError: _error_type != ET_not_found at line 592 of panda/src/pgraph/nodePath.cxx
