

Starting Toontown Online...
Current time: Mon Oct 24 17:14:14 2022 Eastern Standard Time
sys.path =  ['', 'C:\\Toontown-Last-Laff-Workspace-10-21-2022\\src\\Panda3D-1.11.0-x64\\python\\python27.zip', 'C:\\Panda3D-1.11.0-x64', 'C:\\Toontown-Last-Laff-Workspace-10-21-2022\\src\\Panda3D-1.11.0-x64\\python\\DLLs', 'C:\\Toontown-Last-Laff-Workspace-10-21-2022\\src\\Panda3D-1.11.0-x64\\python\\lib', 'C:\\Toontown-Last-Laff-Workspace-10-21-2022\\src\\Panda3D-1.11.0-x64\\python\\lib\\plat-win', 'C:\\Toontown-Last-Laff-Workspace-10-21-2022\\src\\Panda3D-1.11.0-x64\\python\\lib\\lib-tk', 'C:\\Toontown-Last-Laff-Workspace-10-21-2022\\src\\Panda3D-1.11.0-x64\\python', 'C:\\Toontown-Last-Laff-Workspace-10-21-2022\\src\\Panda3D-1.11.0-x64', 'C:\\Toontown-Last-Laff-Workspace-10-21-2022\\src\\Panda3D-1.11.0-x64\\bin', 'C:\\Toontown-Last-Laff-Workspace-10-21-2022\\src\\Panda3D-1.11.0-x64\\python\\lib\\site-packages']
sys.argv =  ['C:\\Toontown-Last-Laff-Workspace-10-21-2022\\src\\toontown\\launcher\\TTOffQuickStartLauncher.py']
generating standard configrc
os.environ =  {'TMP': 'C:\\Users\\Philip\\AppData\\Local\\Temp', 'COMPUTERNAME': 'PHILIP-JR', 'USERDOMAIN': 'PHILIP-JR', 'NEKO_INSTPATH': 'C:\\HaxeToolkit\\neko', 'PSMODULEPATH': 'C:\\WINDOWS\\system32\\WindowsPowerShell\\v1.0\\Modules\\', 'DOKANLIBRARY1': 'C:\\Program Files\\Dokan\\Dokan Library-1.4.1\\', 'ADSK_3DSMAX_X64_2021': 'C:\\Program Files\\Autodesk\\3ds Max 2021\\', 'PROCESSOR_IDENTIFIER': 'Intel64 Family 6 Model 45 Stepping 7, GenuineIntel', 'VBOX_MSI_INSTALL_PATH': 'C:\\Program Files\\Oracle\\VirtualBox\\', 'PROGRAMFILES': 'C:\\Program Files', 'PROCESSOR_REVISION': '2d07', 'PATH': 'C:\\Panda3D-1.11.0-x64\\panda3d\\..\\bin;C:\\Program Files (x86)\\Common Files\\Oracle\\Java\\javapath;C:\\Windows\\system32;C:\\Windows;C:\\Windows\\System32\\Wbem;C:\\Windows\\System32\\WindowsPowerShell\\v1.0\\;C:\\Program Files (x86)\\NVIDIA Corporation\\PhysX\\Common;C:\\Program Files\\Git\\cmd;C:\\WINDOWS\\system32;C:\\WINDOWS;C:\\WINDOWS\\System32\\Wbem;C:\\WINDOWS\\System32\\WindowsPowerShell\\v1.0\\;C:\\Program Files\\dotnet\\;C:\\Program Files\\Common Files\\Autodesk Shared\\;C:\\Program Files\\Microsoft SQL Server\\120\\Tools\\Binn\\;C:\\HaxeToolkit\\haxe;C:\\HaxeToolkit\\neko;C:\\Program Files\\Animation Paper\\gstreamer\\bin;C:\\Program Files\\PuTTY\\;C:\\Program Files\\NVIDIA Corporation\\NVIDIA NvDLISR;C:\\Program Files (x86)\\Windows Live\\Shared;C:\\HaxeToolkit\\haxe;C:\\HaxeToolkit\\neko;C:\\Program Files (x86)\\Windows Kits\\8.1\\Windows Performance Toolkit\\;C:\\Users\\Philip\\anaconda3;C:\\Users\\Philip\\anaconda3\\Library\\mingw-w64\\bin;C:\\Users\\Philip\\anaconda3\\Library\\usr\\bin;C:\\Users\\Philip\\anaconda3\\Library\\bin;C:\\Users\\Philip\\anaconda3\\Scripts;C:\\Program Files\\MySQL\\MySQL Shell 8.0\\bin\\;C:\\Panda3D-1.10.02\\python;C:\\Panda3D-1.10.02\\python\\Scripts;C:\\Panda3D-1.10.02\\bin;C:\\Panda3D-1.11.0-x64-py2\\python;C:\\Panda3D-1.11.0-x64-py2\\python\\Scripts;C:\\Panda3D-1.11.0-x64-py2\\bin;C:\\Users\\Philip\\AppData\\Local\\GitHubDesktop\\bin;C:\\Panda3D-1.9.0\\python;C:\\Panda3D-1.9.0\\python\\Scripts;C:\\Panda3D-1.9.0\\bin;C:\\Panda3D-1.10.0-x64\\python;C:\\Panda3D-1.10.0-x64\\python\\Scripts;C:\\Panda3D-1.10.0-x64\\bin;C:\\Users\\Philip\\AppData\\Local\\atom\\bin;C:\\Panda3D-1.10.0\\python;C:\\Panda3D-1.10.0\\python\\Scripts;C:\\Panda3D-1.10.0\\bin;C:\\Panda3D-1.11.0-x64-astron\\python;C:\\Panda3D-1.11.0-x64-astron\\python\\Scripts;C:\\Panda3D-1.11.0-x64-astron\\bin;C:\\Panda3D-1.11.0-x64\\python;C:\\Panda3D-1.11.0-x64\\python\\Scripts;C:\\Panda3D-1.11.0-x64\\bin;C:\\Panda3D-1.10.9-x64\\python;C:\\Panda3D-1.10.9-x64\\python\\Scrip;C:\\Users\\Philip\\AppData\\Local\\Programs\\Microsoft VS Code\\bin;C:\\Users\\Philip\\.dotnet\\tools;%C:\\Program Files (x86)\\Windows Kits\\8.1\\bin\\x86\\rc.exe%;%C:\\Program Files (x86)\\Microsoft Visual Studio\\2019\\BuildTools\\Common7\\IDE%;C:\\Program Files\\JetBrains\\PyCharm Community Edition 2022.2.3\\bin;', 'SYSTEMROOT': 'C:\\WINDOWS', 'NUMBER_OF_PROCESSORS': '8', 'PROGRAMFILES(X86)': 'C:\\Program Files (x86)', 'COMSPEC': 'C:\\WINDOWS\\system32\\cmd.exe', 'KMP_BLOCKTIME': '0', 'PPYTHON_PATH': '"Panda3D-1.11.0-x64\\python\\ppython.exe"', 'PYCHARM COMMUNITY EDITION': 'C:\\Program Files\\JetBrains\\PyCharm Community Edition 2022.2.3\\bin;', 'COMMONPROGRAMFILES(X86)': 'C:\\Program Files (x86)\\Common Files', 'PROCESSOR_ARCHITECTURE': 'AMD64', 'DOKANLIBRARY1_LIBRARYPATH_X64': 'C:\\Program Files\\Dokan\\Dokan Library-1.4.1\\lib\\', 'ALLUSERSPROFILE': 'C:\\ProgramData', 'LOCALAPPDATA': 'C:\\Users\\Philip\\AppData\\Local', 'HOMEPATH': '\\Users\\Philip', 'USERDOMAIN_ROAMINGPROFILE': 'PHILIP-JR', 'PROGRAMW6432': 'C:\\Program Files', 'USERNAME': 'Philip', 'FP_NO_HOST_CHECK': 'NO', 'DOKANLIBRARY1_LIBRARYPATH_X86': 'C:\\Program Files\\Dokan\\Dokan Library-1.4.1\\x86\\lib\\', 'LOGONSERVER': '\\\\MicrosoftAccount', 'PROMPT': '$P$G', 'SESSIONNAME': 'Console', 'PROGRAMDATA': 'C:\\ProgramData', 'COMMONPROGRAMFILES': 'C:\\Program Files\\Common Files', 'TEMP': 'C:\\Users\\Philip\\AppData\\Local\\Temp', 'HAXEPATH': 'C:\\HaxeToolkit\\haxe', 'PATHEXT': '.COM;.EXE;.BAT;.CMD;.VBS;.VBE;.JS;.JSE;.WSF;.WSH;.MSC', 'TTOFF_LOGIN_TOKEN': 'dev', 'VS160COMCOMNTOOLS': 'C:\\Program Files (x86)\\Microsoft Visual Studio\\2019\\Community\\Common7\\Tools\\', 'WINDIR': 'C:\\WINDOWS', 'OMP_WAIT_POLICY': 'PASSIVE', 'MONGO': 'C:\\mongodb-win32-x86_64-windows-4.4.4/bin', 'HOMEDRIVE': 'C:', 'SYSTEMDRIVE': 'C:', 'PUBLIC': 'C:\\Users\\Public', 'APPDATA': 'C:\\Users\\Philip\\AppData\\Roaming', 'PROCESSOR_LEVEL': '6', 'CIOENGINE': 'C:\\cio-panda3d', 'COMMONPROGRAMW6432': 'C:\\Program Files\\Common Files', 'OS': 'Windows_NT', 'ADSK_CLM_WPAD_PROXY_CHECK': 'FALSE', 'USERPROFILE': 'C:\\Users\\Philip'}
:10-24-2022 17:14:14 TTOffLauncher: isTestServer: 0
:10-24-2022 17:14:14 TTOffLauncher: Game Server 127.0.0.1
:10-24-2022 17:14:14 TTOffLauncher: Starting Toontown Online... 
:10-24-2022 17:14:14 TTOffLauncher: foreground: Launcher now operating in foreground
useTTOffSpecificLogin=True
:10-24-2022 17:14:14 TTOffLauncher: maybeStartGame: starting game
:10-24-2022 17:14:14 TTOffLauncher: Starting Toontown Online...
:10-24-2022 17:14:14 TTOffLauncher: background: Launcher now operating in background
ToontownStart: Polling for game2 to finish...
ToontownStart: Game2 is finished.
ToontownStart: Starting the game.
ToontownStart: setting default font
:10-24-2022 17:14:14 TTOffLauncher: setting panda error code to 7
Known pipe types:
  wglGraphicsPipe
(all display modules loaded.)
:10-24-2022 17:14:14 ToonBase: Default graphics pipe is wglGraphicsPipe (OpenGL).
:10-24-2022 17:14:15 :display(warning): FrameBufferProperties available less than requested.
  requested: depth_bits=24 color_bits=3 red_bits=1 green_bits=1 blue_bits=1 alpha_bits=1 multisamples=70 back_buffers=1 force_hardware 
  got: depth_bits=24 color_bits=24 red_bits=8 green_bits=8 blue_bits=8 alpha_bits=8 accum_bits=64 multisamples=16 back_buffers=1 force_hardware 
:10-24-2022 17:14:15 ToonBase: Successfully opened window of type wglGraphicsWindow (OpenGL)
:10-24-2022 17:14:15 ShowBase: __dev__ == False
:10-24-2022 17:14:15 TTOffLauncher: setting panda error code to 11
:10-24-2022 17:14:15 TTOffLauncher: setting panda error code to 0
ToontownStart: Loading default gui sounds
ToontownStart: serverVersion:  tto-dev
:10-24-2022 17:14:15 Loader: starting bulk load of block 'init'
:10-24-2022 17:14:16 :nativenet(error): Buffered_DatagramConnection Constructor rbufsize = 4096000 wbufsize = 4096000 write_flush_point = 1400
:10-24-2022 17:14:16 OTPClientRepository: Using connect method 'http'
:10-24-2022 17:14:16 TTOffLauncher: getRegistry ('DEPLOYMENT', None)
:10-24-2022 17:14:16 TTOffLauncher: checking env
:10-24-2022 17:14:16 TTOffLauncher: getRegistry ('GAME_DEPLOYMENT', None)
:10-24-2022 17:14:16 TTOffLauncher: checking env
:10-24-2022 17:14:16 OTPClientRepository: reg_deployment=
:10-24-2022 17:14:16 OTPClientRepository: required-login auto.
:10-24-2022 17:14:16 OTPClientRepository: loginInterface: LoginTTOffAccount
:10-24-2022 17:14:16 TTOffLauncher: getNeedPwForSecretKey using ttoff-specific-login
:10-24-2022 17:14:16 Loader: At end of block 'init', expected 138, loaded 6, duration=1.34932042033
:10-24-2022 17:14:16 OTPClientRepository: Connecting to gameserver directly (no proxy).
:10-24-2022 17:14:16 OTPClientRepository: Connecting to //127.0.0.1:7198 via HTTP interface.
:10-24-2022 17:14:16 TTOffLauncher: Stopping mini task manager.
:10-24-2022 17:14:16 OTPClientRepository: Successfully connected to //127.0.0.1:7198.
:10-24-2022 17:14:16 TTOffLauncher: Setting Disconnect Details normal
{402000001: <toontown.distributed.ToontownDistrict.ToontownDistrict instance at 0x00000000170ECC48>}
:10-24-2022 17:14:18 StateData: AvatarChooser.enter
:10-24-2022 17:14:18 DisplayOptions: settingsFullScreen = False, embedded = False width=800 height=600
:10-24-2022 17:14:18 StateData: calling self.displayOptions.restrictToEmbedded(False)
:10-24-2022 17:14:20 OTPClientRepository: ================
:10-24-2022 17:14:20 OTPClientRepository: Chose avatar id: 100000001
:10-24-2022 17:14:20 OTPClientRepository: Chose avatar name: Wittybumble
:10-24-2022 17:14:20 OTPClientRepository: Chose avatar dna: ('dss', 'ms', 'm', 'm', 6, 0, 6, 6, 1, 9, 1, 9, 1, 18)
:10-24-2022 17:14:20 OTPClientRepository: Chose avatar position: 1
:10-24-2022 17:14:20 OTPClientRepository: isPaid: 1
:10-24-2022 17:14:20 OTPClientRepository: freeTimeLeft: 0
:10-24-2022 17:14:20 OTPClientRepository: allowSecretChat: True
:10-24-2022 17:14:20 OTPClientRepository: ================
:10-24-2022 17:14:20 Loader: starting bulk load of block 'localAvatarPlayGame'
:10-24-2022 17:14:20 ToontownTimeManager(warning): error parsing date string=
:10-24-2022 17:14:20 Actor(warning): no part named head-front*!
local
:10-24-2022 17:14:21 NewsPageButtonManager(warning): Should not get here. NewsPageButtonManager.exitOff
:10-24-2022 17:14:21 :pnmimage:png(warning): iCCP: known incorrect sRGB profile
:10-24-2022 17:14:23 Actor(warning): no part named head-front*!
:10-24-2022 17:14:23 OTPClientRepository: Entering shard 402000001
:10-24-2022 17:14:23 StreetSign: Street sign url is https://ttoffline.com/images/
:10-24-2022 17:14:25 TimeManager: Clock sync: TimeManager.announceGenerate
:10-24-2022 17:14:25 NewsManager: setHolidayId: Starting Holiday 26
:10-24-2022 17:14:25 NewsManager: setHolidayId: Starting Holiday 14
:10-24-2022 17:14:25 InGameNewsMgr: latestIssue=2013-08-22 16:49:46.000003-07:00
cpu info: GenuineIntel|        Intel(R) Core(TM) i7-3820 CPU @ 3.60GHz|132823|0|3.601,3.601|4,8 cpus
:10-24-2022 17:14:26 OTPClientRepository: No sync from TimeManager.
:10-24-2022 17:14:26 OTPClientRepository: gotTimeSync
:10-24-2022 17:14:26 Loader: At end of block 'localAvatarPlayGame', expected 400, loaded 21, duration=5.9590716199
:10-24-2022 17:14:26 TimeManager: Clock sync roundtrip took 1163.753 ms
:10-24-2022 17:14:26 TimeManager: AI time delta is -0:01 from server delta
:10-24-2022 17:14:26 TimeManager: Local clock uncertainty +/- 0.582 s
:10-24-2022 17:14:26 PlayGame: QA-REGRESSION: NEIGHBORHOODS: Visit Lawbot HQ
:10-24-2022 17:14:26 Loader: starting bulk load of block 'hood'
:10-24-2022 17:14:26 OTPClientRepository: Sending heartbeat mid-frame.
:10-24-2022 17:14:27 TownBattleSuitPanel: Loading Suit Battle Panel!
:10-24-2022 17:14:27 TownBattleSuitPanel: Loading Suit Battle Panel!
:10-24-2022 17:14:27 TownBattleSuitPanel: Loading Suit Battle Panel!
:10-24-2022 17:14:27 TownBattleSuitPanel: Loading Suit Battle Panel!
:10-24-2022 17:14:27 TownBattleSuitPanel: Loading Suit Battle Panel!
:10-24-2022 17:14:27 TownBattleSuitPanel: Loading Suit Battle Panel!
:10-24-2022 17:14:27 TownBattleSuitPanel: Loading Suit Battle Panel!
:10-24-2022 17:14:27 TownBattleSuitPanel: Loading Suit Battle Panel!
:10-24-2022 17:14:27 LawbotCogHQLoader: loadPlaceGeom: 13000
:10-24-2022 17:14:27 DistributedObject: DistributedSuitPlanner 402002972: generating
:10-24-2022 17:14:27 DistributedToon: calling LocalAvatar.startchat
:10-24-2022 17:14:27 :loader(error): Couldn't load file phase_4/models/questmap/cog_hq_lawbot_maps.bam: not found on model path (currently: "/;/c/Toontown-Last-Laff-Workspace-10-21-2022/src/toontown/launcher;/c/Panda3D-1.11.0-x64/etc/..;/c/Panda3D-1.11.0-x64/etc/../models")
:10-24-2022 17:14:27 Loader: At end of block 'hood', expected 2, loaded 7, duration=1.58071315261
:10-24-2022 17:14:29 Teleport(debug): teleportInDone: walk
:10-24-2022 17:14:29 :loader(error): Couldn't load file phase_4/models/questmap/cog_hq_lawbot_maps.bam: not found on model path (currently: "/;/c/Toontown-Last-Laff-Workspace-10-21-2022/src/toontown/launcher;/c/Panda3D-1.11.0-x64/etc/..;/c/Panda3D-1.11.0-x64/etc/../models")
:10-24-2022 17:14:38 ShtikerBook: QA-REGRESSION: SHTICKERBOOK: Open
OnscreenText.configure: mayChange == 0
OnscreenText.configure: mayChange == 0
OnscreenText.configure: mayChange == 0
OnscreenText.configure: mayChange == 0
:10-24-2022 17:14:39 ShtikerBook: QA-REGRESSION: SHTICKERBOOK: Browse tabs Map
:10-24-2022 17:14:40 ShtikerBook: QA-REGRESSION: SHTICKERBOOK: Close
:10-24-2022 17:14:46 LawbotHQExterior: Unloading Place (13000). Fsm in final
:10-24-2022 17:14:46 DistributedObject: DistributedSuitPlanner 402002972: disabling
:10-24-2022 17:14:46 PlayGame: QA-REGRESSION: NEIGHBORHOODS: Visit Sellbot HQ
:10-24-2022 17:14:46 Loader: starting bulk load of block 'hood'
:10-24-2022 17:14:46 TownBattleSuitPanel: Loading Suit Battle Panel!
:10-24-2022 17:14:46 TownBattleSuitPanel: Loading Suit Battle Panel!
:10-24-2022 17:14:46 TownBattleSuitPanel: Loading Suit Battle Panel!
:10-24-2022 17:14:46 TownBattleSuitPanel: Loading Suit Battle Panel!
:10-24-2022 17:14:46 TownBattleSuitPanel: Loading Suit Battle Panel!
:10-24-2022 17:14:46 TownBattleSuitPanel: Loading Suit Battle Panel!
:10-24-2022 17:14:46 TownBattleSuitPanel: Loading Suit Battle Panel!
:10-24-2022 17:14:46 TownBattleSuitPanel: Loading Suit Battle Panel!
:10-24-2022 17:14:46 SellbotCogHQLoader: loadPlaceGeom: 11000
:10-24-2022 17:14:46 OTPClientRepository: Sending heartbeat mid-frame.
:10-24-2022 17:14:46 DistributedObject: DistributedSuitPlanner 402002946: generating
:10-24-2022 17:14:46 DistributedToon: calling LocalAvatar.startchat
:10-24-2022 17:14:46 :loader(error): Couldn't load file phase_4/models/questmap/cog_hq_sellbot_maps.bam: not found on model path (currently: "/;/c/Toontown-Last-Laff-Workspace-10-21-2022/src/toontown/launcher;/c/Panda3D-1.11.0-x64/etc/..;/c/Panda3D-1.11.0-x64/etc/../models")
:10-24-2022 17:14:47 Loader: At end of block 'hood', expected 43, loaded 2, duration=0.732551415408
:10-24-2022 17:14:48 TTOffMagicWordManager: Run mode has been toggled.
:10-24-2022 17:14:48 Teleport(debug): teleportInDone: walk
:10-24-2022 17:14:48 :loader(error): Couldn't load file phase_4/models/questmap/cog_hq_sellbot_maps.bam: not found on model path (currently: "/;/c/Toontown-Last-Laff-Workspace-10-21-2022/src/toontown/launcher;/c/Panda3D-1.11.0-x64/etc/..;/c/Panda3D-1.11.0-x64/etc/../models")
:10-24-2022 17:14:53 SellbotCogHQLoader: loadPlaceGeom: 11200
:10-24-2022 17:14:53 SellbotHQExterior: Unloading Place (11000). Fsm in final
:10-24-2022 17:14:53 DistributedObject: DistributedSuitPlanner 402002946: disabling
:10-24-2022 17:14:53 DistributedObject: DistributedSuitPlanner 402002947: generating
:10-24-2022 17:14:53 DistributedToon: calling LocalAvatar.startchat
:10-24-2022 17:14:53 :loader(error): Couldn't load file phase_4/models/questmap/cog_hq_sellbot_maps.bam: not found on model path (currently: "/;/c/Toontown-Last-Laff-Workspace-10-21-2022/src/toontown/launcher;/c/Panda3D-1.11.0-x64/etc/..;/c/Panda3D-1.11.0-x64/etc/../models")
:10-24-2022 17:14:56 :loader(error): Couldn't load file phase_4/models/questmap/cog_hq_sellbot_maps.bam: not found on model path (currently: "/;/c/Toontown-Last-Laff-Workspace-10-21-2022/src/toontown/launcher;/c/Panda3D-1.11.0-x64/etc/..;/c/Panda3D-1.11.0-x64/etc/../models")
:10-24-2022 17:15:20 SellbotCogHQLoader: loadPlaceGeom: 61000
:10-24-2022 17:15:20 SellbotCogHQLoader(warning): loadPlaceGeom: unclassified zone 61000
:10-24-2022 17:15:20 FactoryExterior: Unloading Place (11200). Fsm in final
:10-24-2022 17:15:20 DistributedObject: DistributedSuitPlanner 402002947: disabling
:10-24-2022 17:15:20 TimeManager: Clock sync: DistributedLevel.generate
:10-24-2022 17:15:20 Loader: starting bulk load of block 'factory'
:10-24-2022 17:15:21 Loader: loader.loadModelCopy() is deprecated; use loader.loadModel() instead.
:10-24-2022 17:15:21 Loader: loader.loadModelCopy() is deprecated; use loader.loadModel() instead.
:10-24-2022 17:15:21 Loader: loader.loadModelCopy() is deprecated; use loader.loadModel() instead.
:10-24-2022 17:15:21 Loader: loader.loadModelCopy() is deprecated; use loader.loadModel() instead.
:10-24-2022 17:15:21 Loader: loader.loadModelCopy() is deprecated; use loader.loadModel() instead.
:10-24-2022 17:15:21 Loader: loader.loadModelCopy() is deprecated; use loader.loadModel() instead.
:10-24-2022 17:15:21 Loader: loader.loadModelCopy() is deprecated; use loader.loadModel() instead.
:10-24-2022 17:15:21 Loader: loader.loadModelCopy() is deprecated; use loader.loadModel() instead.
:10-24-2022 17:15:21 Loader: loader.loadModelCopy() is deprecated; use loader.loadModel() instead.
:10-24-2022 17:15:21 Loader: loader.loadModelCopy() is deprecated; use loader.loadModel() instead.
:10-24-2022 17:15:21 Loader: loader.loadModelCopy() is deprecated; use loader.loadModel() instead.
:10-24-2022 17:15:21 Loader: loader.loadModelCopy() is deprecated; use loader.loadModel() instead.
:10-24-2022 17:15:21 Loader: At end of block 'factory', expected 496, loaded 5, duration=1.20725622641
:10-24-2022 17:15:21 DistributedToon: calling LocalAvatar.startchat
:10-24-2022 17:15:21 TimeManager: Clock sync roundtrip took 1221.222 ms
:10-24-2022 17:15:21 TimeManager: AI time delta is -0:01 from server delta
:10-24-2022 17:15:21 ClockDelta: previous delta at -1.378 s, +/- 0.597 s.
:10-24-2022 17:15:21 ClockDelta: new delta at -1.348 s, +/- 0.611 s.
:10-24-2022 17:15:21 ClockDelta: intersection at -1.369 s, +/- 0.589 s.
:10-24-2022 17:15:21 TimeManager: Local clock uncertainty +/- 0.589 s
:10-24-2022 17:15:23 Teleport(debug): teleportInDone: walk
:10-24-2022 17:15:26 TTOffMagicWordManager: Wittybumble can now insta-kill Cogs!
doors enter state 1
openInnerDoors
openInnerDoors
openInnerDoors stage Two
:10-24-2022 17:15:33 FactoryInterior: enterWaitForBattle
spec = {'parentEntId': 10014, 'pos': LPoint3f(0, 0, 0)}
h = None
:10-24-2022 17:15:33 FactoryInterior: exitWaitForBattle
:10-24-2022 17:15:33 FactoryInterior: enterBattle
:10-24-2022 17:15:33 FactoryInterior: QA-REGRESSION: COGBATTLE: Enter Battle
Battle Event localtoon-battle-event-3
:10-24-2022 17:15:59 DistributedBattleFactory: enterReward()
:10-24-2022 17:16:03 DistributedBattleFactory: exitReward()
:10-24-2022 17:16:03 FactoryInterior: exitBattle
:10-24-2022 17:16:03 FactoryInterior(warning): fsm.request('walk') returned 0 (zone id 11500, avatar pos LPoint3f(20.7849, 151.363, 3.75101)).
doors enter state 1
openInnerDoors
openInnerDoors
openInnerDoors stage Two
doors enter state 1
openInnerDoors
openInnerDoors
openInnerDoors stage Two
doors enter state 1
:10-24-2022 17:16:18 :gobj(error): Texture::read() - couldn't read: /phase_5/models/char/tex/cog_robot_tie_sales.jpg
:10-24-2022 17:16:18 :gobj(error): Texture "/phase_5/models/char/tex/cog_robot_tie_sales.jpg" does not exist.
:10-24-2022 17:16:18 :gobj(error): Texture::read() - couldn't read: /phase_5/models/char/tex/cogRobots_rerigged_palette_4amla_1.jpg
:10-24-2022 17:16:18 :gobj(error): Texture "/phase_5/models/char/tex/cogRobots_rerigged_palette_4amla_1.jpg" does not exist.
:10-24-2022 17:16:18 :gobj(error): Texture::read() - couldn't read: /phase_5/models/char/tex/cogRobots_rerigged_palette_1lmla_1.jpg
:10-24-2022 17:16:18 :gobj(error): Texture "/phase_5/models/char/tex/cogRobots_rerigged_palette_1lmla_1.jpg" does not exist.
:10-24-2022 17:16:18 :gobj(error): Texture::read() - couldn't read: /phase_5/models/char/tex/cogRobots_rerigged_palette_3cmla_1.jpg
:10-24-2022 17:16:18 :gobj(error): Texture "/phase_5/models/char/tex/cogRobots_rerigged_palette_3cmla_1.jpg" does not exist.
openInnerDoors
:10-24-2022 17:16:21 DistributedGoon(warning): called actor.removeNode() on DistributedGoon-20052 without calling cleanup()
openInnerDoors
openInnerDoors stage Two
:10-24-2022 17:16:30 TTOffMagicWordManager: Going ghost!
