

Starting Toontown Online...
Current time: Sat Oct 29 15:12:55 2022 Eastern Standard Time
sys.path =  ['', 'C:\\Toontown-Last-Laff-Workspace-10-21-2022\\src\\Panda3D-1.11.0-x64\\python\\python27.zip', 'C:\\Panda3D-1.11.0-x64', 'C:\\Toontown-Last-Laff-Workspace-10-21-2022\\src\\Panda3D-1.11.0-x64\\python\\DLLs', 'C:\\Toontown-Last-Laff-Workspace-10-21-2022\\src\\Panda3D-1.11.0-x64\\python\\lib', 'C:\\Toontown-Last-Laff-Workspace-10-21-2022\\src\\Panda3D-1.11.0-x64\\python\\lib\\plat-win', 'C:\\Toontown-Last-Laff-Workspace-10-21-2022\\src\\Panda3D-1.11.0-x64\\python\\lib\\lib-tk', 'C:\\Toontown-Last-Laff-Workspace-10-21-2022\\src\\Panda3D-1.11.0-x64\\python', 'C:\\Toontown-Last-Laff-Workspace-10-21-2022\\src\\Panda3D-1.11.0-x64', 'C:\\Toontown-Last-Laff-Workspace-10-21-2022\\src\\Panda3D-1.11.0-x64\\bin', 'C:\\Toontown-Last-Laff-Workspace-10-21-2022\\src\\Panda3D-1.11.0-x64\\python\\lib\\site-packages']
sys.argv =  ['C:\\Toontown-Last-Laff-Workspace-10-21-2022\\src\\toontown\\launcher\\TTOffQuickStartLauncher.py']
generating standard configrc
os.environ =  {'TMP': 'C:\\Users\\Philip\\AppData\\Local\\Temp', 'COMPUTERNAME': 'PHILIP-JR', 'USERDOMAIN': 'PHILIP-JR', 'NEKO_INSTPATH': 'C:\\HaxeToolkit\\neko', 'PSMODULEPATH': 'C:\\WINDOWS\\system32\\WindowsPowerShell\\v1.0\\Modules\\', 'DOKANLIBRARY1': 'C:\\Program Files\\Dokan\\Dokan Library-1.4.1\\', 'ADSK_3DSMAX_X64_2021': 'C:\\Program Files\\Autodesk\\3ds Max 2021\\', 'PROCESSOR_IDENTIFIER': 'Intel64 Family 6 Model 45 Stepping 7, GenuineIntel', 'VBOX_MSI_INSTALL_PATH': 'C:\\Program Files\\Oracle\\VirtualBox\\', 'PROGRAMFILES': 'C:\\Program Files', 'PROCESSOR_REVISION': '2d07', 'PATH': 'C:\\Panda3D-1.11.0-x64\\panda3d\\..\\bin;C:\\Program Files (x86)\\Common Files\\Oracle\\Java\\javapath;C:\\Windows\\system32;C:\\Windows;C:\\Windows\\System32\\Wbem;C:\\Windows\\System32\\WindowsPowerShell\\v1.0\\;C:\\Program Files (x86)\\NVIDIA Corporation\\PhysX\\Common;C:\\Program Files\\Git\\cmd;C:\\WINDOWS\\system32;C:\\WINDOWS;C:\\WINDOWS\\System32\\Wbem;C:\\WINDOWS\\System32\\WindowsPowerShell\\v1.0\\;C:\\Program Files\\dotnet\\;C:\\Program Files\\Common Files\\Autodesk Shared\\;C:\\Program Files\\Microsoft SQL Server\\120\\Tools\\Binn\\;C:\\HaxeToolkit\\haxe;C:\\HaxeToolkit\\neko;C:\\Program Files\\Animation Paper\\gstreamer\\bin;C:\\Program Files\\PuTTY\\;C:\\Program Files\\NVIDIA Corporation\\NVIDIA NvDLISR;C:\\Program Files (x86)\\Windows Live\\Shared;C:\\HaxeToolkit\\haxe;C:\\HaxeToolkit\\neko;C:\\Program Files (x86)\\Windows Kits\\8.1\\Windows Performance Toolkit\\;C:\\Users\\Philip\\anaconda3;C:\\Users\\Philip\\anaconda3\\Library\\mingw-w64\\bin;C:\\Users\\Philip\\anaconda3\\Library\\usr\\bin;C:\\Users\\Philip\\anaconda3\\Library\\bin;C:\\Users\\Philip\\anaconda3\\Scripts;C:\\Program Files\\MySQL\\MySQL Shell 8.0\\bin\\;C:\\Panda3D-1.10.02\\python;C:\\Panda3D-1.10.02\\python\\Scripts;C:\\Panda3D-1.10.02\\bin;C:\\Panda3D-1.11.0-x64-py2\\python;C:\\Panda3D-1.11.0-x64-py2\\python\\Scripts;C:\\Panda3D-1.11.0-x64-py2\\bin;C:\\Users\\Philip\\AppData\\Local\\GitHubDesktop\\bin;C:\\Panda3D-1.9.0\\python;C:\\Panda3D-1.9.0\\python\\Scripts;C:\\Panda3D-1.9.0\\bin;C:\\Panda3D-1.10.0-x64\\python;C:\\Panda3D-1.10.0-x64\\python\\Scripts;C:\\Panda3D-1.10.0-x64\\bin;C:\\Users\\Philip\\AppData\\Local\\atom\\bin;C:\\Panda3D-1.10.0\\python;C:\\Panda3D-1.10.0\\python\\Scripts;C:\\Panda3D-1.10.0\\bin;C:\\Panda3D-1.11.0-x64-astron\\python;C:\\Panda3D-1.11.0-x64-astron\\python\\Scripts;C:\\Panda3D-1.11.0-x64-astron\\bin;C:\\Panda3D-1.11.0-x64\\python;C:\\Panda3D-1.11.0-x64\\python\\Scripts;C:\\Panda3D-1.11.0-x64\\bin;C:\\Panda3D-1.10.9-x64\\python;C:\\Panda3D-1.10.9-x64\\python\\Scrip;C:\\Users\\Philip\\AppData\\Local\\Programs\\Microsoft VS Code\\bin;C:\\Users\\Philip\\.dotnet\\tools;%C:\\Program Files (x86)\\Windows Kits\\8.1\\bin\\x86\\rc.exe%;%C:\\Program Files (x86)\\Microsoft Visual Studio\\2019\\BuildTools\\Common7\\IDE%;C:\\Program Files\\JetBrains\\PyCharm Community Edition 2022.2.3\\bin;', 'SYSTEMROOT': 'C:\\WINDOWS', 'NUMBER_OF_PROCESSORS': '8', 'PROGRAMFILES(X86)': 'C:\\Program Files (x86)', 'COMSPEC': 'C:\\WINDOWS\\system32\\cmd.exe', 'KMP_BLOCKTIME': '0', 'PPYTHON_PATH': '"Panda3D-1.11.0-x64\\python\\ppython.exe"', 'PYCHARM COMMUNITY EDITION': 'C:\\Program Files\\JetBrains\\PyCharm Community Edition 2022.2.3\\bin;', 'COMMONPROGRAMFILES(X86)': 'C:\\Program Files (x86)\\Common Files', 'PROCESSOR_ARCHITECTURE': 'AMD64', 'DOKANLIBRARY1_LIBRARYPATH_X64': 'C:\\Program Files\\Dokan\\Dokan Library-1.4.1\\lib\\', 'ALLUSERSPROFILE': 'C:\\ProgramData', 'LOCALAPPDATA': 'C:\\Users\\Philip\\AppData\\Local', 'HOMEPATH': '\\Users\\Philip', 'USERDOMAIN_ROAMINGPROFILE': 'PHILIP-JR', 'TTOFF_GAME_SERVER': '25.66.10.148', 'PROGRAMW6432': 'C:\\Program Files', 'USERNAME': 'Philip', 'FP_NO_HOST_CHECK': 'NO', 'DOKANLIBRARY1_LIBRARYPATH_X86': 'C:\\Program Files\\Dokan\\Dokan Library-1.4.1\\x86\\lib\\', 'LOGONSERVER': '\\\\MicrosoftAccount', 'PROMPT': '$P$G', 'SESSIONNAME': 'Console', 'PROGRAMDATA': 'C:\\ProgramData', 'COMMONPROGRAMFILES': 'C:\\Program Files\\Common Files', 'TEMP': 'C:\\Users\\Philip\\AppData\\Local\\Temp', 'HAXEPATH': 'C:\\HaxeToolkit\\haxe', 'PATHEXT': '.COM;.EXE;.BAT;.CMD;.VBS;.VBE;.JS;.JSE;.WSF;.WSH;.MSC', 'TTOFF_LOGIN_TOKEN': 'Doctor Bumpy', 'VS160COMCOMNTOOLS': 'C:\\Program Files (x86)\\Microsoft Visual Studio\\2019\\Community\\Common7\\Tools\\', 'WINDIR': 'C:\\WINDOWS', 'OMP_WAIT_POLICY': 'PASSIVE', 'MONGO': 'C:\\mongodb-win32-x86_64-windows-4.4.4/bin', 'HOMEDRIVE': 'C:', 'SYSTEMDRIVE': 'C:', 'PUBLIC': 'C:\\Users\\Public', 'APPDATA': 'C:\\Users\\Philip\\AppData\\Roaming', 'PROCESSOR_LEVEL': '6', 'CIOENGINE': 'C:\\cio-panda3d', 'COMMONPROGRAMW6432': 'C:\\Program Files\\Common Files', 'OS': 'Windows_NT', 'ADSK_CLM_WPAD_PROXY_CHECK': 'FALSE', 'USERPROFILE': 'C:\\Users\\Philip'}
:10-29-2022 15:12:55 TTOffLauncher: isTestServer: 0
:10-29-2022 15:12:55 TTOffLauncher: Game Server 25.66.10.148
:10-29-2022 15:12:55 TTOffLauncher: Starting Toontown Online... 
:10-29-2022 15:12:55 TTOffLauncher: foreground: Launcher now operating in foreground
useTTOffSpecificLogin=True
:10-29-2022 15:12:55 TTOffLauncher: maybeStartGame: starting game
:10-29-2022 15:12:55 TTOffLauncher: Starting Toontown Online...
:10-29-2022 15:12:55 TTOffLauncher: background: Launcher now operating in background
ToontownStart: Polling for game2 to finish...
ToontownStart: Game2 is finished.
ToontownStart: Starting the game.
ToontownStart: setting default font
:10-29-2022 15:12:55 TTOffLauncher: setting panda error code to 7
Known pipe types:
  wglGraphicsPipe
(all display modules loaded.)
:10-29-2022 15:12:55 ToonBase: Default graphics pipe is wglGraphicsPipe (OpenGL).
:10-29-2022 15:12:56 :display(warning): FrameBufferProperties available less than requested.
  requested: depth_bits=24 color_bits=3 red_bits=1 green_bits=1 blue_bits=1 alpha_bits=1 multisamples=70 back_buffers=1 force_hardware 
  got: depth_bits=24 color_bits=24 red_bits=8 green_bits=8 blue_bits=8 alpha_bits=8 accum_bits=64 multisamples=16 back_buffers=1 force_hardware 
:10-29-2022 15:12:56 ToonBase: Successfully opened window of type wglGraphicsWindow (OpenGL)
:10-29-2022 15:12:56 ShowBase: __dev__ == False
:10-29-2022 15:12:56 TTOffLauncher: setting panda error code to 11
:10-29-2022 15:12:56 TTOffLauncher: setting panda error code to 0
ToontownStart: Loading default gui sounds
ToontownStart: serverVersion:  tto-dev
:10-29-2022 15:12:56 Loader: starting bulk load of block 'init'
:10-29-2022 15:12:57 :nativenet(error): Buffered_DatagramConnection Constructor rbufsize = 4096000 wbufsize = 4096000 write_flush_point = 1400
:10-29-2022 15:12:57 OTPClientRepository: Using connect method 'http'
:10-29-2022 15:12:57 TTOffLauncher: getRegistry ('DEPLOYMENT', None)
:10-29-2022 15:12:57 TTOffLauncher: checking env
:10-29-2022 15:12:57 TTOffLauncher: getRegistry ('GAME_DEPLOYMENT', None)
:10-29-2022 15:12:57 TTOffLauncher: checking env
:10-29-2022 15:12:57 OTPClientRepository: reg_deployment=
:10-29-2022 15:12:57 OTPClientRepository: required-login auto.
:10-29-2022 15:12:57 OTPClientRepository: loginInterface: LoginTTOffAccount
:10-29-2022 15:12:57 TTOffLauncher: getNeedPwForSecretKey using ttoff-specific-login
:10-29-2022 15:12:57 Loader: At end of block 'init', expected 138, loaded 6, duration=1.43954963381
:10-29-2022 15:12:57 ToonBase: Using gameServer from launcher: 25.66.10.148 
:10-29-2022 15:12:58 OTPClientRepository: Connecting to gameserver directly (no proxy).
:10-29-2022 15:12:58 OTPClientRepository: Connecting to //25.66.10.148:7198 via HTTP interface.
:10-29-2022 15:12:58 TTOffLauncher: Stopping mini task manager.
:10-29-2022 15:12:58 OTPClientRepository: Successfully connected to //25.66.10.148:7198.
:10-29-2022 15:12:58 TTOffLauncher: Setting Disconnect Details normal
{402000001: <toontown.distributed.ToontownDistrict.ToontownDistrict instance at 0x00000000181A0A88>}
:10-29-2022 15:13:00 StateData: AvatarChooser.enter
:10-29-2022 15:13:00 DisplayOptions: settingsFullScreen = False, embedded = False width=800 height=600
:10-29-2022 15:13:00 StateData: calling self.displayOptions.restrictToEmbedded(False)
:10-29-2022 15:13:21 OTPClientRepository: ================
:10-29-2022 15:13:21 OTPClientRepository: Chose avatar id: 100000007
:10-29-2022 15:13:21 OTPClientRepository: Chose avatar name: Doctor Bumpy
:10-29-2022 15:13:21 OTPClientRepository: Chose avatar dna: ('bss', 'ms', 'm', 'm', 20, 0, 4, 4, 1, 9, 1, 9, 1, 10)
:10-29-2022 15:13:21 OTPClientRepository: Chose avatar position: 1
:10-29-2022 15:13:21 OTPClientRepository: isPaid: 1
:10-29-2022 15:13:21 OTPClientRepository: freeTimeLeft: 0
:10-29-2022 15:13:21 OTPClientRepository: allowSecretChat: True
:10-29-2022 15:13:21 OTPClientRepository: ================
:10-29-2022 15:13:21 Loader: starting bulk load of block 'localAvatarPlayGame'
:10-29-2022 15:13:21 ToontownTimeManager(warning): error parsing date string=
local
:10-29-2022 15:13:22 NewsPageButtonManager(warning): Should not get here. NewsPageButtonManager.exitOff
:10-29-2022 15:13:22 :pnmimage:png(warning): iCCP: known incorrect sRGB profile
:10-29-2022 15:13:24 OTPClientRepository: Entering shard 402000001
:10-29-2022 15:13:24 StreetSign: Street sign url is https://ttoffline.com/images/
:10-29-2022 15:13:25 TimeManager: Clock sync: TimeManager.announceGenerate
:10-29-2022 15:13:25 NewsManager: setHolidayId: Starting Holiday 26
:10-29-2022 15:13:25 NewsManager: setHolidayId: Starting Holiday 19
:10-29-2022 15:13:25 InGameNewsMgr: latestIssue=2013-08-22 16:49:46.000003-07:00
cpu info: GenuineIntel|        Intel(R) Core(TM) i7-3820 CPU @ 3.60GHz|132823|0|3.601,3.601|4,8 cpus
:10-29-2022 15:13:26 OTPClientRepository: No sync from TimeManager.
:10-29-2022 15:13:26 OTPClientRepository: gotTimeSync
:10-29-2022 15:13:26 Loader: At end of block 'localAvatarPlayGame', expected 400, loaded 20, duration=5.59045098059
:10-29-2022 15:13:26 TimeManager: Clock sync roundtrip took 1188.859 ms
:10-29-2022 15:13:26 TimeManager: AI time delta is -0:01 from server delta
:10-29-2022 15:13:26 TimeManager: Local clock uncertainty +/- 0.595 s
:10-29-2022 15:13:26 PlayGame: QA-REGRESSION: NEIGHBORHOODS: Visit Cashbot HQ
:10-29-2022 15:13:26 Loader: starting bulk load of block 'hood'
:10-29-2022 15:13:27 TownBattleSuitPanel: Loading Suit Battle Panel!
:10-29-2022 15:13:27 TownBattleSuitPanel: Loading Suit Battle Panel!
:10-29-2022 15:13:27 TownBattleSuitPanel: Loading Suit Battle Panel!
:10-29-2022 15:13:27 TownBattleSuitPanel: Loading Suit Battle Panel!
:10-29-2022 15:13:27 TownBattleSuitPanel: Loading Suit Battle Panel!
:10-29-2022 15:13:27 TownBattleSuitPanel: Loading Suit Battle Panel!
:10-29-2022 15:13:27 TownBattleSuitPanel: Loading Suit Battle Panel!
:10-29-2022 15:13:27 TownBattleSuitPanel: Loading Suit Battle Panel!
:10-29-2022 15:13:27 :pnmimage:png(warning): Interlace handling should be turned on when using png_read_image
:10-29-2022 15:13:27 CashbotCogHQLoader: loadPlaceGeom: 12000
:10-29-2022 15:13:28 OTPClientRepository: Sending heartbeat mid-frame.
:10-29-2022 15:13:28 DistributedObject: DistributedSuitPlanner 402002970: generating
:10-29-2022 15:13:28 DistributedToon: calling LocalAvatar.startchat
:10-29-2022 15:13:28 :loader(error): Couldn't load file phase_4/models/questmap/cog_hq_cashbot_maps.bam: not found on model path (currently: "/;/c/Toontown-Last-Laff-Workspace-10-21-2022/src/toontown/launcher;/c/Panda3D-1.11.0-x64/etc/..;/c/Panda3D-1.11.0-x64/etc/../models")
:10-29-2022 15:13:28 Loader: At end of block 'hood', expected 2, loaded 8, duration=1.87467985805
:10-29-2022 15:13:28 :gobj(error): Texture::read() - couldn't read: phase_3/maps/hands/mb.png
:10-29-2022 15:13:28 :gobj(error): Unable to find texture "phase_3/maps/hands/mb.png" on model-path /;/c/Toontown-Last-Laff-Workspace-10-21-2022/src/toontown/launcher;/c/Panda3D-1.11.0-x64/etc/..;/c/Panda3D-1.11.0-x64/etc/../models
:10-29-2022 15:13:28 :gobj(error): Texture::read() - couldn't read: phase_3/maps/hands/mb.png
:10-29-2022 15:13:28 :gobj(error): Unable to find texture "phase_3/maps/hands/mb.png" on model-path /;/c/Toontown-Last-Laff-Workspace-10-21-2022/src/toontown/launcher;/c/Panda3D-1.11.0-x64/etc/..;/c/Panda3D-1.11.0-x64/etc/../models
:10-29-2022 15:13:28 :gobj(error): Texture::read() - couldn't read: phase_3/maps/hands/nc.png
:10-29-2022 15:13:29 :gobj(error): Unable to find texture "phase_3/maps/hands/nc.png" on model-path /;/c/Toontown-Last-Laff-Workspace-10-21-2022/src/toontown/launcher;/c/Panda3D-1.11.0-x64/etc/..;/c/Panda3D-1.11.0-x64/etc/../models
:10-29-2022 15:13:29 :gobj(error): Texture::read() - couldn't read: phase_3/maps/hands/mb.png
:10-29-2022 15:13:29 :gobj(error): Unable to find texture "phase_3/maps/hands/mb.png" on model-path /;/c/Toontown-Last-Laff-Workspace-10-21-2022/src/toontown/launcher;/c/Panda3D-1.11.0-x64/etc/..;/c/Panda3D-1.11.0-x64/etc/../models
:10-29-2022 15:13:29 :gobj(error): Texture::read() - couldn't read: phase_3/maps/hands/bc.png
:10-29-2022 15:13:29 :gobj(error): Unable to find texture "phase_3/maps/hands/bc.png" on model-path /;/c/Toontown-Last-Laff-Workspace-10-21-2022/src/toontown/launcher;/c/Panda3D-1.11.0-x64/etc/..;/c/Panda3D-1.11.0-x64/etc/../models
:10-29-2022 15:13:29 :gobj(error): Texture::read() - couldn't read: phase_3/maps/hands/mb.png
:10-29-2022 15:13:29 :gobj(error): Unable to find texture "phase_3/maps/hands/mb.png" on model-path /;/c/Toontown-Last-Laff-Workspace-10-21-2022/src/toontown/launcher;/c/Panda3D-1.11.0-x64/etc/..;/c/Panda3D-1.11.0-x64/etc/../models
:10-29-2022 15:13:29 :gobj(error): Texture::read() - couldn't read: phase_3/maps/hands/mb.png
:10-29-2022 15:13:29 :gobj(error): Unable to find texture "phase_3/maps/hands/mb.png" on model-path /;/c/Toontown-Last-Laff-Workspace-10-21-2022/src/toontown/launcher;/c/Panda3D-1.11.0-x64/etc/..;/c/Panda3D-1.11.0-x64/etc/../models
:10-29-2022 15:13:29 :gobj(error): Texture::read() - couldn't read: phase_3/maps/hands/nc.png
:10-29-2022 15:13:29 :gobj(error): Unable to find texture "phase_3/maps/hands/nc.png" on model-path /;/c/Toontown-Last-Laff-Workspace-10-21-2022/src/toontown/launcher;/c/Panda3D-1.11.0-x64/etc/..;/c/Panda3D-1.11.0-x64/etc/../models
:10-29-2022 15:13:29 :gobj(error): Texture::read() - couldn't read: phase_3/maps/hands/mb.png
:10-29-2022 15:13:29 :gobj(error): Unable to find texture "phase_3/maps/hands/mb.png" on model-path /;/c/Toontown-Last-Laff-Workspace-10-21-2022/src/toontown/launcher;/c/Panda3D-1.11.0-x64/etc/..;/c/Panda3D-1.11.0-x64/etc/../models
:10-29-2022 15:13:29 :gobj(error): Texture::read() - couldn't read: phase_3/maps/hands/mb.png
:10-29-2022 15:13:29 :gobj(error): Unable to find texture "phase_3/maps/hands/mb.png" on model-path /;/c/Toontown-Last-Laff-Workspace-10-21-2022/src/toontown/launcher;/c/Panda3D-1.11.0-x64/etc/..;/c/Panda3D-1.11.0-x64/etc/../models
:10-29-2022 15:13:29 :gobj(error): Texture::read() - couldn't read: phase_3/maps/hands/mb.png
:10-29-2022 15:13:29 :gobj(error): Unable to find texture "phase_3/maps/hands/mb.png" on model-path /;/c/Toontown-Last-Laff-Workspace-10-21-2022/src/toontown/launcher;/c/Panda3D-1.11.0-x64/etc/..;/c/Panda3D-1.11.0-x64/etc/../models
:10-29-2022 15:13:29 :gobj(error): Texture::read() - couldn't read: phase_3/maps/hands/mb.png
:10-29-2022 15:13:29 :gobj(error): Unable to find texture "phase_3/maps/hands/mb.png" on model-path /;/c/Toontown-Last-Laff-Workspace-10-21-2022/src/toontown/launcher;/c/Panda3D-1.11.0-x64/etc/..;/c/Panda3D-1.11.0-x64/etc/../models
:10-29-2022 15:13:29 :gobj(error): Texture::read() - couldn't read: phase_3/maps/hands/tw.png
:10-29-2022 15:13:29 :gobj(error): Unable to find texture "phase_3/maps/hands/tw.png" on model-path /;/c/Toontown-Last-Laff-Workspace-10-21-2022/src/toontown/launcher;/c/Panda3D-1.11.0-x64/etc/..;/c/Panda3D-1.11.0-x64/etc/../models
:10-29-2022 15:13:30 Teleport(debug): teleportInDone: walk
:10-29-2022 15:13:30 LocalAvatar(warning): redundant call to startUpdateSmartCamera
:10-29-2022 15:13:30 :loader(error): Couldn't load file phase_4/models/questmap/cog_hq_cashbot_maps.bam: not found on model path (currently: "/;/c/Toontown-Last-Laff-Workspace-10-21-2022/src/toontown/launcher;/c/Panda3D-1.11.0-x64/etc/..;/c/Panda3D-1.11.0-x64/etc/../models")
:10-29-2022 15:13:36 :gobj(error): Texture::read() - couldn't read: phase_3/maps/hands/nc.png
:10-29-2022 15:13:36 :gobj(error): Unable to find texture "phase_3/maps/hands/nc.png" on model-path /;/c/Toontown-Last-Laff-Workspace-10-21-2022/src/toontown/launcher;/c/Panda3D-1.11.0-x64/etc/..;/c/Panda3D-1.11.0-x64/etc/../models
:10-29-2022 15:13:47 :gobj(error): Texture::read() - couldn't read: phase_3/maps/hands/mb.png
:10-29-2022 15:13:47 :gobj(error): Unable to find texture "phase_3/maps/hands/mb.png" on model-path /;/c/Toontown-Last-Laff-Workspace-10-21-2022/src/toontown/launcher;/c/Panda3D-1.11.0-x64/etc/..;/c/Panda3D-1.11.0-x64/etc/../models
:10-29-2022 15:13:59 :gobj(error): Texture::read() - couldn't read: phase_3/maps/hands/mb.png
:10-29-2022 15:13:59 :gobj(error): Unable to find texture "phase_3/maps/hands/mb.png" on model-path /;/c/Toontown-Last-Laff-Workspace-10-21-2022/src/toontown/launcher;/c/Panda3D-1.11.0-x64/etc/..;/c/Panda3D-1.11.0-x64/etc/../models
:10-29-2022 15:14:09 CashbotCogHQLoader: loadPlaceGeom: 61022
:10-29-2022 15:14:09 CashbotCogHQLoader(warning): loadPlaceGeom: unclassified zone 61000
:10-29-2022 15:14:09 CashbotHQExterior: Unloading Place (12000). Fsm in final
:10-29-2022 15:14:09 DistributedObject: DistributedSuitPlanner 402002970: disabling
:10-29-2022 15:14:09 TimeManager: Clock sync: DistributedLevel.generate
:10-29-2022 15:14:09 Loader: loader.loadModelCopy() is deprecated; use loader.loadModel() instead.
:10-29-2022 15:14:09 Loader: loader.loadModelCopy() is deprecated; use loader.loadModel() instead.
:10-29-2022 15:14:09 Loader: loader.loadModelCopy() is deprecated; use loader.loadModel() instead.
:10-29-2022 15:14:09 Loader: loader.loadModelCopy() is deprecated; use loader.loadModel() instead.
:10-29-2022 15:14:09 Loader: loader.loadModelCopy() is deprecated; use loader.loadModel() instead.
:10-29-2022 15:14:09 Loader: loader.loadModelCopy() is deprecated; use loader.loadModel() instead.
:10-29-2022 15:14:09 Loader: loader.loadModelCopy() is deprecated; use loader.loadModel() instead.
:10-29-2022 15:14:09 Loader: loader.loadModelCopy() is deprecated; use loader.loadModel() instead.
:10-29-2022 15:14:09 Loader: loader.loadModelCopy() is deprecated; use loader.loadModel() instead.
:10-29-2022 15:14:09 Loader: loader.loadModelCopy() is deprecated; use loader.loadModel() instead.
:10-29-2022 15:14:09 Loader: loader.loadModelCopy() is deprecated; use loader.loadModel() instead.
:10-29-2022 15:14:09 Loader: loader.loadModelCopy() is deprecated; use loader.loadModel() instead.
:10-29-2022 15:14:09 Loader: loader.loadModelCopy() is deprecated; use loader.loadModel() instead.
:10-29-2022 15:14:09 Loader: loader.loadModelCopy() is deprecated; use loader.loadModel() instead.
:10-29-2022 15:14:09 Loader: loader.loadModelCopy() is deprecated; use loader.loadModel() instead.
:10-29-2022 15:14:09 Loader: loader.loadModelCopy() is deprecated; use loader.loadModel() instead.
:10-29-2022 15:14:09 Loader: loader.loadModelCopy() is deprecated; use loader.loadModel() instead.
:10-29-2022 15:14:09 Loader: loader.loadModelCopy() is deprecated; use loader.loadModel() instead.
:10-29-2022 15:14:09 Loader: loader.loadModelCopy() is deprecated; use loader.loadModel() instead.
:10-29-2022 15:14:09 Loader: loader.loadModelCopy() is deprecated; use loader.loadModel() instead.
:10-29-2022 15:14:09 Loader: loader.loadModelCopy() is deprecated; use loader.loadModel() instead.
:10-29-2022 15:14:09 Loader: loader.loadModelCopy() is deprecated; use loader.loadModel() instead.
:10-29-2022 15:14:09 Loader: loader.loadModelCopy() is deprecated; use loader.loadModel() instead.
:10-29-2022 15:14:09 Loader: loader.loadModelCopy() is deprecated; use loader.loadModel() instead.
:10-29-2022 15:14:09 Loader: loader.loadModelCopy() is deprecated; use loader.loadModel() instead.
:10-29-2022 15:14:09 Loader: loader.loadModelCopy() is deprecated; use loader.loadModel() instead.
:10-29-2022 15:14:09 Loader: loader.loadModelCopy() is deprecated; use loader.loadModel() instead.
:10-29-2022 15:14:09 Loader: loader.loadModelCopy() is deprecated; use loader.loadModel() instead.
:10-29-2022 15:14:09 Loader: loader.loadModelCopy() is deprecated; use loader.loadModel() instead.
:10-29-2022 15:14:09 Loader: loader.loadModelCopy() is deprecated; use loader.loadModel() instead.
:10-29-2022 15:14:09 Loader: loader.loadModelCopy() is deprecated; use loader.loadModel() instead.
:10-29-2022 15:14:09 Loader: loader.loadModelCopy() is deprecated; use loader.loadModel() instead.
:10-29-2022 15:14:09 Loader: loader.loadModelCopy() is deprecated; use loader.loadModel() instead.
:10-29-2022 15:14:09 Loader: loader.loadModelCopy() is deprecated; use loader.loadModel() instead.
:10-29-2022 15:14:09 Loader: loader.loadModelCopy() is deprecated; use loader.loadModel() instead.
:10-29-2022 15:14:09 Loader: loader.loadModelCopy() is deprecated; use loader.loadModel() instead.
:10-29-2022 15:14:09 Loader: loader.loadModelCopy() is deprecated; use loader.loadModel() instead.
:10-29-2022 15:14:09 Loader: loader.loadModelCopy() is deprecated; use loader.loadModel() instead.
:10-29-2022 15:14:09 Loader: loader.loadModelCopy() is deprecated; use loader.loadModel() instead.
:10-29-2022 15:14:09 Loader: loader.loadModelCopy() is deprecated; use loader.loadModel() instead.
:10-29-2022 15:14:09 Loader: loader.loadModelCopy() is deprecated; use loader.loadModel() instead.
:10-29-2022 15:14:09 Loader: loader.loadModelCopy() is deprecated; use loader.loadModel() instead.
:10-29-2022 15:14:09 Loader: loader.loadModelCopy() is deprecated; use loader.loadModel() instead.
:10-29-2022 15:14:09 Loader: loader.loadModelCopy() is deprecated; use loader.loadModel() instead.
:10-29-2022 15:14:09 Loader: loader.loadModelCopy() is deprecated; use loader.loadModel() instead.
:10-29-2022 15:14:09 Loader: loader.loadModelCopy() is deprecated; use loader.loadModel() instead.
:10-29-2022 15:14:09 Loader: loader.loadModelCopy() is deprecated; use loader.loadModel() instead.
:10-29-2022 15:14:09 Loader: loader.loadModelCopy() is deprecated; use loader.loadModel() instead.
:10-29-2022 15:14:09 Loader: loader.loadModelCopy() is deprecated; use loader.loadModel() instead.
:10-29-2022 15:14:09 Loader: loader.loadModelCopy() is deprecated; use loader.loadModel() instead.
:10-29-2022 15:14:09 Loader: loader.loadModelCopy() is deprecated; use loader.loadModel() instead.
:10-29-2022 15:14:09 Loader: loader.loadModelCopy() is deprecated; use loader.loadModel() instead.
:10-29-2022 15:14:09 Loader: loader.loadModelCopy() is deprecated; use loader.loadModel() instead.
:10-29-2022 15:14:09 Loader: loader.loadModelCopy() is deprecated; use loader.loadModel() instead.
:10-29-2022 15:14:09 Loader: loader.loadModelCopy() is deprecated; use loader.loadModel() instead.
:10-29-2022 15:14:09 Loader: loader.loadModelCopy() is deprecated; use loader.loadModel() instead.
:10-29-2022 15:14:09 Loader: loader.loadModelCopy() is deprecated; use loader.loadModel() instead.
:10-29-2022 15:14:09 Loader: loader.loadModelCopy() is deprecated; use loader.loadModel() instead.
:10-29-2022 15:14:09 Loader: loader.loadModelCopy() is deprecated; use loader.loadModel() instead.
:10-29-2022 15:14:09 Loader: loader.loadModelCopy() is deprecated; use loader.loadModel() instead.
:10-29-2022 15:14:09 Loader: loader.loadModelCopy() is deprecated; use loader.loadModel() instead.
:10-29-2022 15:14:09 Loader: loader.loadModelCopy() is deprecated; use loader.loadModel() instead.
:10-29-2022 15:14:09 Loader: loader.loadModelCopy() is deprecated; use loader.loadModel() instead.
:10-29-2022 15:14:09 Loader: loader.loadModelCopy() is deprecated; use loader.loadModel() instead.
:10-29-2022 15:14:09 Loader: loader.loadModelCopy() is deprecated; use loader.loadModel() instead.
:10-29-2022 15:14:09 Loader: loader.loadModelCopy() is deprecated; use loader.loadModel() instead.
:10-29-2022 15:14:09 Loader: loader.loadModelCopy() is deprecated; use loader.loadModel() instead.
:10-29-2022 15:14:09 Loader: loader.loadModelCopy() is deprecated; use loader.loadModel() instead.
:10-29-2022 15:14:09 Loader: loader.loadModelCopy() is deprecated; use loader.loadModel() instead.
:10-29-2022 15:14:09 Loader: loader.loadModelCopy() is deprecated; use loader.loadModel() instead.
:10-29-2022 15:14:09 Loader: loader.loadModelCopy() is deprecated; use loader.loadModel() instead.
:10-29-2022 15:14:09 Loader: loader.loadModelCopy() is deprecated; use loader.loadModel() instead.
:10-29-2022 15:14:09 Loader: loader.loadModelCopy() is deprecated; use loader.loadModel() instead.
:10-29-2022 15:14:09 Loader: loader.loadModelCopy() is deprecated; use loader.loadModel() instead.
:10-29-2022 15:14:09 Loader: loader.loadModelCopy() is deprecated; use loader.loadModel() instead.
:10-29-2022 15:14:09 Loader: loader.loadModelCopy() is deprecated; use loader.loadModel() instead.
:10-29-2022 15:14:09 Loader: loader.loadModelCopy() is deprecated; use loader.loadModel() instead.
:10-29-2022 15:14:09 Loader: loader.loadModelCopy() is deprecated; use loader.loadModel() instead.
:10-29-2022 15:14:09 Loader: loader.loadModelCopy() is deprecated; use loader.loadModel() instead.
:10-29-2022 15:14:09 Loader: loader.loadModelCopy() is deprecated; use loader.loadModel() instead.
:10-29-2022 15:14:09 Loader: loader.loadModelCopy() is deprecated; use loader.loadModel() instead.
:10-29-2022 15:14:09 Loader: loader.loadModelCopy() is deprecated; use loader.loadModel() instead.
:10-29-2022 15:14:09 Loader: loader.loadModelCopy() is deprecated; use loader.loadModel() instead.
:10-29-2022 15:14:09 Loader: loader.loadModelCopy() is deprecated; use loader.loadModel() instead.
:10-29-2022 15:14:09 Loader: loader.loadModelCopy() is deprecated; use loader.loadModel() instead.
:10-29-2022 15:14:09 Loader: loader.loadModelCopy() is deprecated; use loader.loadModel() instead.
:10-29-2022 15:14:09 Loader: loader.loadModelCopy() is deprecated; use loader.loadModel() instead.
:10-29-2022 15:14:09 Loader: loader.loadModelCopy() is deprecated; use loader.loadModel() instead.
:10-29-2022 15:14:09 Loader: loader.loadModelCopy() is deprecated; use loader.loadModel() instead.
:10-29-2022 15:14:09 Loader: loader.loadModelCopy() is deprecated; use loader.loadModel() instead.
:10-29-2022 15:14:09 Loader: loader.loadModelCopy() is deprecated; use loader.loadModel() instead.
:10-29-2022 15:14:09 Loader: loader.loadModelCopy() is deprecated; use loader.loadModel() instead.
:10-29-2022 15:14:09 Loader: loader.loadModelCopy() is deprecated; use loader.loadModel() instead.
:10-29-2022 15:14:09 Loader: loader.loadModelCopy() is deprecated; use loader.loadModel() instead.
:10-29-2022 15:14:09 Loader: loader.loadModelCopy() is deprecated; use loader.loadModel() instead.
:10-29-2022 15:14:09 Loader: loader.loadModelCopy() is deprecated; use loader.loadModel() instead.
:10-29-2022 15:14:09 Loader: loader.loadModelCopy() is deprecated; use loader.loadModel() instead.
:10-29-2022 15:14:09 Loader: loader.loadModelCopy() is deprecated; use loader.loadModel() instead.
:10-29-2022 15:14:09 Loader: loader.loadModelCopy() is deprecated; use loader.loadModel() instead.
:10-29-2022 15:14:09 Loader: loader.loadModelCopy() is deprecated; use loader.loadModel() instead.
:10-29-2022 15:14:09 Loader: loader.loadModelCopy() is deprecated; use loader.loadModel() instead.
:10-29-2022 15:14:09 Loader: loader.loadModelCopy() is deprecated; use loader.loadModel() instead.
:10-29-2022 15:14:09 Loader: loader.loadModelCopy() is deprecated; use loader.loadModel() instead.
:10-29-2022 15:14:09 Loader: loader.loadModelCopy() is deprecated; use loader.loadModel() instead.
:10-29-2022 15:14:09 Loader: loader.loadModelCopy() is deprecated; use loader.loadModel() instead.
:10-29-2022 15:14:09 Loader: loader.loadModelCopy() is deprecated; use loader.loadModel() instead.
:10-29-2022 15:14:09 Loader: loader.loadModelCopy() is deprecated; use loader.loadModel() instead.
:10-29-2022 15:14:09 Loader: loader.loadModelCopy() is deprecated; use loader.loadModel() instead.
:10-29-2022 15:14:09 Loader: loader.loadModelCopy() is deprecated; use loader.loadModel() instead.
:10-29-2022 15:14:09 Loader: loader.loadModelCopy() is deprecated; use loader.loadModel() instead.
:10-29-2022 15:14:09 Loader: loader.loadModelCopy() is deprecated; use loader.loadModel() instead.
:10-29-2022 15:14:09 Loader: loader.loadModelCopy() is deprecated; use loader.loadModel() instead.
:10-29-2022 15:14:09 Loader: loader.loadModelCopy() is deprecated; use loader.loadModel() instead.
:10-29-2022 15:14:09 Loader: loader.loadModelCopy() is deprecated; use loader.loadModel() instead.
:10-29-2022 15:14:09 Loader: loader.loadModelCopy() is deprecated; use loader.loadModel() instead.
:10-29-2022 15:14:09 Loader: loader.loadModelCopy() is deprecated; use loader.loadModel() instead.
:10-29-2022 15:14:09 Loader: loader.loadModelCopy() is deprecated; use loader.loadModel() instead.
:10-29-2022 15:14:09 Loader: loader.loadModelCopy() is deprecated; use loader.loadModel() instead.
:10-29-2022 15:14:09 Loader: loader.loadModelCopy() is deprecated; use loader.loadModel() instead.
:10-29-2022 15:14:09 Loader: loader.loadModelCopy() is deprecated; use loader.loadModel() instead.
:10-29-2022 15:14:09 Loader: loader.loadModelCopy() is deprecated; use loader.loadModel() instead.
:10-29-2022 15:14:09 Loader: loader.loadModelCopy() is deprecated; use loader.loadModel() instead.
:10-29-2022 15:14:09 Loader: loader.loadModelCopy() is deprecated; use loader.loadModel() instead.
:10-29-2022 15:14:09 Loader: loader.loadModelCopy() is deprecated; use loader.loadModel() instead.
:10-29-2022 15:14:09 Loader: loader.loadModelCopy() is deprecated; use loader.loadModel() instead.
:10-29-2022 15:14:09 Loader: loader.loadModelCopy() is deprecated; use loader.loadModel() instead.
:10-29-2022 15:14:09 Loader: loader.loadModelCopy() is deprecated; use loader.loadModel() instead.
:10-29-2022 15:14:09 Loader: loader.loadModelCopy() is deprecated; use loader.loadModel() instead.
:10-29-2022 15:14:09 Loader: loader.loadModelCopy() is deprecated; use loader.loadModel() instead.
:10-29-2022 15:14:09 Loader: loader.loadModelCopy() is deprecated; use loader.loadModel() instead.
:10-29-2022 15:14:09 Loader: loader.loadModelCopy() is deprecated; use loader.loadModel() instead.
:10-29-2022 15:14:09 Loader: loader.loadModelCopy() is deprecated; use loader.loadModel() instead.
:10-29-2022 15:14:09 Loader: loader.loadModelCopy() is deprecated; use loader.loadModel() instead.
:10-29-2022 15:14:09 Loader: loader.loadModelCopy() is deprecated; use loader.loadModel() instead.
:10-29-2022 15:14:09 Loader: loader.loadModelCopy() is deprecated; use loader.loadModel() instead.
:10-29-2022 15:14:09 Loader: loader.loadModelCopy() is deprecated; use loader.loadModel() instead.
:10-29-2022 15:14:09 Loader: loader.loadModelCopy() is deprecated; use loader.loadModel() instead.
:10-29-2022 15:14:09 Loader: loader.loadModelCopy() is deprecated; use loader.loadModel() instead.
:10-29-2022 15:14:09 Loader: loader.loadModelCopy() is deprecated; use loader.loadModel() instead.
:10-29-2022 15:14:09 Loader: loader.loadModelCopy() is deprecated; use loader.loadModel() instead.
:10-29-2022 15:14:09 Loader: loader.loadModelCopy() is deprecated; use loader.loadModel() instead.
:10-29-2022 15:14:09 Loader: loader.loadModelCopy() is deprecated; use loader.loadModel() instead.
:10-29-2022 15:14:09 Loader: loader.loadModelCopy() is deprecated; use loader.loadModel() instead.
:10-29-2022 15:14:09 Loader: loader.loadModelCopy() is deprecated; use loader.loadModel() instead.
:10-29-2022 15:14:09 Loader: loader.loadModelCopy() is deprecated; use loader.loadModel() instead.
:10-29-2022 15:14:09 Loader: loader.loadModelCopy() is deprecated; use loader.loadModel() instead.
:10-29-2022 15:14:09 Loader: loader.loadModelCopy() is deprecated; use loader.loadModel() instead.
:10-29-2022 15:14:09 Loader: loader.loadModelCopy() is deprecated; use loader.loadModel() instead.
:10-29-2022 15:14:09 Loader: loader.loadModelCopy() is deprecated; use loader.loadModel() instead.
:10-29-2022 15:14:09 Loader: loader.loadModelCopy() is deprecated; use loader.loadModel() instead.
:10-29-2022 15:14:09 Loader: loader.loadModelCopy() is deprecated; use loader.loadModel() instead.
:10-29-2022 15:14:09 DistributedMint: mintId 12600, floor 18, [100000007]
:10-29-2022 15:14:09 Loader: loader.loadModelCopy() is deprecated; use loader.loadModel() instead.
:10-29-2022 15:14:09 Loader: loader.loadModelCopy() is deprecated; use loader.loadModel() instead.
:10-29-2022 15:14:09 Loader: loader.loadModelCopy() is deprecated; use loader.loadModel() instead.
:10-29-2022 15:14:09 Loader: loader.loadModelCopy() is deprecated; use loader.loadModel() instead.
:10-29-2022 15:14:09 Loader: loader.loadModelCopy() is deprecated; use loader.loadModel() instead.
:10-29-2022 15:14:09 Loader: loader.loadModelCopy() is deprecated; use loader.loadModel() instead.
:10-29-2022 15:14:09 Loader: loader.loadModelCopy() is deprecated; use loader.loadModel() instead.
:10-29-2022 15:14:09 Loader: loader.loadModelCopy() is deprecated; use loader.loadModel() instead.
:10-29-2022 15:14:09 Loader: loader.loadModelCopy() is deprecated; use loader.loadModel() instead.
:10-29-2022 15:14:09 Loader: loader.loadModelCopy() is deprecated; use loader.loadModel() instead.
:10-29-2022 15:14:09 Loader: loader.loadModelCopy() is deprecated; use loader.loadModel() instead.
:10-29-2022 15:14:09 DistributedToon: calling LocalAvatar.startchat
:10-29-2022 15:14:09 TimeManager: Clock sync roundtrip took 583.652 ms
:10-29-2022 15:14:09 TimeManager: AI time delta is -0:00 from server delta
:10-29-2022 15:14:09 ClockDelta: previous delta at -539.545 s, +/- 0.606 s.
:10-29-2022 15:14:09 ClockDelta: new delta at -539.869 s, +/- 0.292 s.
:10-29-2022 15:14:09 ClockDelta: intersection at -539.864 s, +/- 0.287 s.
:10-29-2022 15:14:09 TimeManager: Local clock uncertainty +/- 0.287 s
:10-29-2022 15:14:09 :gobj(error): Texture::read() - couldn't read: phase_3/maps/hands/ls.png
:10-29-2022 15:14:09 :gobj(error): Unable to find texture "phase_3/maps/hands/ls.png" on model-path /;/c/Toontown-Last-Laff-Workspace-10-21-2022/src/toontown/launcher;/c/Panda3D-1.11.0-x64/etc/..;/c/Panda3D-1.11.0-x64/etc/../models
:10-29-2022 15:14:09 :gobj(error): Texture::read() - couldn't read: phase_3/maps/hands/rb.png
:10-29-2022 15:14:09 :gobj(error): Unable to find texture "phase_3/maps/hands/rb.png" on model-path /;/c/Toontown-Last-Laff-Workspace-10-21-2022/src/toontown/launcher;/c/Panda3D-1.11.0-x64/etc/..;/c/Panda3D-1.11.0-x64/etc/../models
:10-29-2022 15:14:09 :gobj(error): Texture::read() - couldn't read: phase_3/maps/hands/mb.png
:10-29-2022 15:14:09 :gobj(error): Unable to find texture "phase_3/maps/hands/mb.png" on model-path /;/c/Toontown-Last-Laff-Workspace-10-21-2022/src/toontown/launcher;/c/Panda3D-1.11.0-x64/etc/..;/c/Panda3D-1.11.0-x64/etc/../models
:10-29-2022 15:14:09 :gobj(error): Texture::read() - couldn't read: phase_3/maps/hands/rb.png
:10-29-2022 15:14:09 :gobj(error): Unable to find texture "phase_3/maps/hands/rb.png" on model-path /;/c/Toontown-Last-Laff-Workspace-10-21-2022/src/toontown/launcher;/c/Panda3D-1.11.0-x64/etc/..;/c/Panda3D-1.11.0-x64/etc/../models
:10-29-2022 15:14:09 :gobj(error): Texture::read() - couldn't read: phase_3/maps/hands/mb.png
:10-29-2022 15:14:09 :gobj(error): Unable to find texture "phase_3/maps/hands/mb.png" on model-path /;/c/Toontown-Last-Laff-Workspace-10-21-2022/src/toontown/launcher;/c/Panda3D-1.11.0-x64/etc/..;/c/Panda3D-1.11.0-x64/etc/../models
:10-29-2022 15:14:09 :gobj(error): Texture::read() - couldn't read: phase_3/maps/hands/mb.png
:10-29-2022 15:14:09 :gobj(error): Unable to find texture "phase_3/maps/hands/mb.png" on model-path /;/c/Toontown-Last-Laff-Workspace-10-21-2022/src/toontown/launcher;/c/Panda3D-1.11.0-x64/etc/..;/c/Panda3D-1.11.0-x64/etc/../models
:10-29-2022 15:14:09 :gobj(error): Texture::read() - couldn't read: phase_3/maps/hands/mb.png
:10-29-2022 15:14:09 :gobj(error): Unable to find texture "phase_3/maps/hands/mb.png" on model-path /;/c/Toontown-Last-Laff-Workspace-10-21-2022/src/toontown/launcher;/c/Panda3D-1.11.0-x64/etc/..;/c/Panda3D-1.11.0-x64/etc/../models
:10-29-2022 15:14:10 :gobj(error): Texture::read() - couldn't read: phase_3/maps/hands/mb.png
:10-29-2022 15:14:10 :gobj(error): Unable to find texture "phase_3/maps/hands/mb.png" on model-path /;/c/Toontown-Last-Laff-Workspace-10-21-2022/src/toontown/launcher;/c/Panda3D-1.11.0-x64/etc/..;/c/Panda3D-1.11.0-x64/etc/../models
:10-29-2022 15:14:10 :gobj(error): Texture::read() - couldn't read: phase_3/maps/hands/rb.png
:10-29-2022 15:14:10 :gobj(error): Unable to find texture "phase_3/maps/hands/rb.png" on model-path /;/c/Toontown-Last-Laff-Workspace-10-21-2022/src/toontown/launcher;/c/Panda3D-1.11.0-x64/etc/..;/c/Panda3D-1.11.0-x64/etc/../models
:10-29-2022 15:14:10 :gobj(error): Texture::read() - couldn't read: phase_3/maps/hands/ls.png
:10-29-2022 15:14:10 :gobj(error): Unable to find texture "phase_3/maps/hands/ls.png" on model-path /;/c/Toontown-Last-Laff-Workspace-10-21-2022/src/toontown/launcher;/c/Panda3D-1.11.0-x64/etc/..;/c/Panda3D-1.11.0-x64/etc/../models
:10-29-2022 15:14:10 :gobj(error): Texture::read() - couldn't read: phase_3/maps/hands/mb.png
:10-29-2022 15:14:10 :gobj(error): Unable to find texture "phase_3/maps/hands/mb.png" on model-path /;/c/Toontown-Last-Laff-Workspace-10-21-2022/src/toontown/launcher;/c/Panda3D-1.11.0-x64/etc/..;/c/Panda3D-1.11.0-x64/etc/../models
:10-29-2022 15:14:10 :gobj(error): Texture::read() - couldn't read: phase_3/maps/hands/nc.png
:10-29-2022 15:14:10 :gobj(error): Unable to find texture "phase_3/maps/hands/nc.png" on model-path /;/c/Toontown-Last-Laff-Workspace-10-21-2022/src/toontown/launcher;/c/Panda3D-1.11.0-x64/etc/..;/c/Panda3D-1.11.0-x64/etc/../models
:10-29-2022 15:14:10 :gobj(error): Texture::read() - couldn't read: phase_3/maps/hands/ls.png
:10-29-2022 15:14:10 :gobj(error): Unable to find texture "phase_3/maps/hands/ls.png" on model-path /;/c/Toontown-Last-Laff-Workspace-10-21-2022/src/toontown/launcher;/c/Panda3D-1.11.0-x64/etc/..;/c/Panda3D-1.11.0-x64/etc/../models
:10-29-2022 15:14:10 :gobj(error): Texture::read() - couldn't read: phase_3/maps/hands/ls.png
:10-29-2022 15:14:10 :gobj(error): Unable to find texture "phase_3/maps/hands/ls.png" on model-path /;/c/Toontown-Last-Laff-Workspace-10-21-2022/src/toontown/launcher;/c/Panda3D-1.11.0-x64/etc/..;/c/Panda3D-1.11.0-x64/etc/../models
:10-29-2022 15:14:10 :gobj(error): Texture::read() - couldn't read: phase_3/maps/hands/mb.png
:10-29-2022 15:14:10 :gobj(error): Unable to find texture "phase_3/maps/hands/mb.png" on model-path /;/c/Toontown-Last-Laff-Workspace-10-21-2022/src/toontown/launcher;/c/Panda3D-1.11.0-x64/etc/..;/c/Panda3D-1.11.0-x64/etc/../models
:10-29-2022 15:14:10 :gobj(error): Texture::read() - couldn't read: phase_3/maps/hands/rb.png
:10-29-2022 15:14:10 :gobj(error): Unable to find texture "phase_3/maps/hands/rb.png" on model-path /;/c/Toontown-Last-Laff-Workspace-10-21-2022/src/toontown/launcher;/c/Panda3D-1.11.0-x64/etc/..;/c/Panda3D-1.11.0-x64/etc/../models
:10-29-2022 15:14:10 :gobj(error): Texture::read() - couldn't read: phase_3/maps/hands/rb.png
:10-29-2022 15:14:10 :gobj(error): Unable to find texture "phase_3/maps/hands/rb.png" on model-path /;/c/Toontown-Last-Laff-Workspace-10-21-2022/src/toontown/launcher;/c/Panda3D-1.11.0-x64/etc/..;/c/Panda3D-1.11.0-x64/etc/../models
:10-29-2022 15:14:10 :gobj(error): Texture::read() - couldn't read: phase_3/maps/hands/mb.png
:10-29-2022 15:14:10 :gobj(error): Unable to find texture "phase_3/maps/hands/mb.png" on model-path /;/c/Toontown-Last-Laff-Workspace-10-21-2022/src/toontown/launcher;/c/Panda3D-1.11.0-x64/etc/..;/c/Panda3D-1.11.0-x64/etc/../models
:10-29-2022 15:14:10 :gobj(error): Texture::read() - couldn't read: phase_3/maps/hands/mb.png
:10-29-2022 15:14:10 :gobj(error): Unable to find texture "phase_3/maps/hands/mb.png" on model-path /;/c/Toontown-Last-Laff-Workspace-10-21-2022/src/toontown/launcher;/c/Panda3D-1.11.0-x64/etc/..;/c/Panda3D-1.11.0-x64/etc/../models
:10-29-2022 15:14:10 :gobj(error): Texture::read() - couldn't read: phase_3/maps/hands/ls.png
:10-29-2022 15:14:10 :gobj(error): Unable to find texture "phase_3/maps/hands/ls.png" on model-path /;/c/Toontown-Last-Laff-Workspace-10-21-2022/src/toontown/launcher;/c/Panda3D-1.11.0-x64/etc/..;/c/Panda3D-1.11.0-x64/etc/../models
:10-29-2022 15:14:10 :gobj(error): Texture::read() - couldn't read: phase_3/maps/hands/mb.png
:10-29-2022 15:14:10 :gobj(error): Unable to find texture "phase_3/maps/hands/mb.png" on model-path /;/c/Toontown-Last-Laff-Workspace-10-21-2022/src/toontown/launcher;/c/Panda3D-1.11.0-x64/etc/..;/c/Panda3D-1.11.0-x64/etc/../models
:10-29-2022 15:14:10 :gobj(error): Texture::read() - couldn't read: phase_3/maps/hands/rb.png
:10-29-2022 15:14:10 :gobj(error): Unable to find texture "phase_3/maps/hands/rb.png" on model-path /;/c/Toontown-Last-Laff-Workspace-10-21-2022/src/toontown/launcher;/c/Panda3D-1.11.0-x64/etc/..;/c/Panda3D-1.11.0-x64/etc/../models
:10-29-2022 15:14:10 :gobj(error): Texture::read() - couldn't read: phase_3/maps/hands/ls.png
:10-29-2022 15:14:10 :gobj(error): Unable to find texture "phase_3/maps/hands/ls.png" on model-path /;/c/Toontown-Last-Laff-Workspace-10-21-2022/src/toontown/launcher;/c/Panda3D-1.11.0-x64/etc/..;/c/Panda3D-1.11.0-x64/etc/../models
:10-29-2022 15:14:10 :gobj(error): Texture::read() - couldn't read: phase_3/maps/hands/mb.png
:10-29-2022 15:14:10 :gobj(error): Unable to find texture "phase_3/maps/hands/mb.png" on model-path /;/c/Toontown-Last-Laff-Workspace-10-21-2022/src/toontown/launcher;/c/Panda3D-1.11.0-x64/etc/..;/c/Panda3D-1.11.0-x64/etc/../models
:10-29-2022 15:14:10 :gobj(error): Texture::read() - couldn't read: phase_3/maps/hands/mb.png
:10-29-2022 15:14:10 :gobj(error): Unable to find texture "phase_3/maps/hands/mb.png" on model-path /;/c/Toontown-Last-Laff-Workspace-10-21-2022/src/toontown/launcher;/c/Panda3D-1.11.0-x64/etc/..;/c/Panda3D-1.11.0-x64/etc/../models
:10-29-2022 15:14:10 :gobj(error): Texture::read() - couldn't read: phase_3/maps/hands/rb.png
:10-29-2022 15:14:10 :gobj(error): Unable to find texture "phase_3/maps/hands/rb.png" on model-path /;/c/Toontown-Last-Laff-Workspace-10-21-2022/src/toontown/launcher;/c/Panda3D-1.11.0-x64/etc/..;/c/Panda3D-1.11.0-x64/etc/../models
:10-29-2022 15:14:10 :gobj(error): Texture::read() - couldn't read: phase_3/maps/hands/ls.png
:10-29-2022 15:14:10 :gobj(error): Unable to find texture "phase_3/maps/hands/ls.png" on model-path /;/c/Toontown-Last-Laff-Workspace-10-21-2022/src/toontown/launcher;/c/Panda3D-1.11.0-x64/etc/..;/c/Panda3D-1.11.0-x64/etc/../models
:10-29-2022 15:14:10 :gobj(error): Texture::read() - couldn't read: phase_3/maps/hands/nc.png
:10-29-2022 15:14:10 :gobj(error): Unable to find texture "phase_3/maps/hands/nc.png" on model-path /;/c/Toontown-Last-Laff-Workspace-10-21-2022/src/toontown/launcher;/c/Panda3D-1.11.0-x64/etc/..;/c/Panda3D-1.11.0-x64/etc/../models
:10-29-2022 15:14:10 :gobj(error): Texture::read() - couldn't read: phase_3/maps/hands/ls.png
:10-29-2022 15:14:10 :gobj(error): Unable to find texture "phase_3/maps/hands/ls.png" on model-path /;/c/Toontown-Last-Laff-Workspace-10-21-2022/src/toontown/launcher;/c/Panda3D-1.11.0-x64/etc/..;/c/Panda3D-1.11.0-x64/etc/../models
:10-29-2022 15:14:10 :gobj(error): Texture::read() - couldn't read: phase_3/maps/hands/nc.png
:10-29-2022 15:14:10 :gobj(error): Unable to find texture "phase_3/maps/hands/nc.png" on model-path /;/c/Toontown-Last-Laff-Workspace-10-21-2022/src/toontown/launcher;/c/Panda3D-1.11.0-x64/etc/..;/c/Panda3D-1.11.0-x64/etc/../models
:10-29-2022 15:14:10 :gobj(error): Texture::read() - couldn't read: phase_3/maps/hands/ls.png
:10-29-2022 15:14:10 :gobj(error): Unable to find texture "phase_3/maps/hands/ls.png" on model-path /;/c/Toontown-Last-Laff-Workspace-10-21-2022/src/toontown/launcher;/c/Panda3D-1.11.0-x64/etc/..;/c/Panda3D-1.11.0-x64/etc/../models
:10-29-2022 15:14:10 :gobj(error): Texture::read() - couldn't read: phase_3/maps/hands/rb.png
:10-29-2022 15:14:10 :gobj(error): Unable to find texture "phase_3/maps/hands/rb.png" on model-path /;/c/Toontown-Last-Laff-Workspace-10-21-2022/src/toontown/launcher;/c/Panda3D-1.11.0-x64/etc/..;/c/Panda3D-1.11.0-x64/etc/../models
:10-29-2022 15:14:10 LocalAvatar(warning): redundant call to startUpdateSmartCamera
:10-29-2022 15:14:12 Teleport(debug): teleportInDone: walk
:10-29-2022 15:14:12 LocalAvatar(warning): redundant call to startUpdateSmartCamera
adding timeout task
adding timeout task
:10-29-2022 15:17:56 GarbageCollect(warning): garbage found, reverting gc threshold
frame rate: 35.9 fps|0.005d|32 avs||327|328||0x0000|0x0000|770.0MB|755.9MB|16302.1MB|1075|nt.2.6.2|3.601,3.601|4,8 cpus|OpenGL
adding timeout task
adding timeout task
:10-29-2022 15:19:20 MintInterior(warning): fsm.request('WaitForBattle') returned 0 (zone id 12600, avatar pos LPoint3f(44.0947, 498.625, 15.0249)).
spec = {'parentEntId': 10000, 'pos': LPoint3f(0, 0, 0)}
h = None
:10-29-2022 15:19:20 MintInterior: QA-REGRESSION: COGBATTLE: Enter Battle
Battle Event localtoon-battle-event-3
:10-29-2022 15:19:29 ToontownChatManager: QA-REGRESSION: CHAT: Speedchat Plus
:10-29-2022 15:19:32 TTOffMagicWordManager: Doctor Bumpy can now insta-kill Cogs!
:10-29-2022 15:19:47 DistributedMintBattle: enterReward()
:10-29-2022 15:19:51 DistributedMintBattle: exitReward()
:10-29-2022 15:19:51 LocalAvatar(warning): redundant call to startUpdateSmartCamera
:10-29-2022 15:19:51 MintInterior(warning): fsm.request('walk') returned 0 (zone id 12600, avatar pos LPoint3f(44.8498, 508.591, 15.0249)).
:10-29-2022 15:20:39 MintInterior(warning): fsm.request('WaitForBattle') returned 0 (zone id 12600, avatar pos LPoint3f(197.268, 675.187, 35.0249)).
spec = {'parentEntId': 10002, 'pos': LPoint3f(0, 0, 0)}
h = None
:10-29-2022 15:20:39 MintInterior: QA-REGRESSION: COGBATTLE: Enter Battle
Battle Event localtoon-battle-event-9
:10-29-2022 15:21:01 DistributedMintBattle: enterReward()
:10-29-2022 15:21:05 DistributedMintBattle: exitReward()
:10-29-2022 15:21:05 LocalAvatar(warning): redundant call to startUpdateSmartCamera
:10-29-2022 15:21:05 MintInterior(warning): fsm.request('walk') returned 0 (zone id 12600, avatar pos LPoint3f(207.218, 673.617, 35.0249)).
spec = {'parentEntId': 10010, 'pos': LPoint3f(0, 0, 0)}
h = None
:10-29-2022 15:21:10 MintInterior: QA-REGRESSION: COGBATTLE: Enter Battle
Battle Event localtoon-battle-event-15
:10-29-2022 15:21:15 ToontownChatManager: QA-REGRESSION: CHAT: Speedchat Plus
:10-29-2022 15:21:18 TTOffMagicWordManager: Doctor Bumpy can no longer insta-kill Cogs!
:10-29-2022 15:21:44 ToonBase: User closed main window.
:10-29-2022 15:21:44 TimeManager: Client disconnect reason 2.
:10-29-2022 15:21:44 Entity(warning): Entity 10177 destroyed after level??
:10-29-2022 15:21:44 Entity(warning): Entity 10178 destroyed after level??
:10-29-2022 15:21:44 Entity(warning): Entity 10181 destroyed after level??
:10-29-2022 15:21:44 Entity(warning): Entity 10016 destroyed after level??
:10-29-2022 15:21:44 Entity(warning): Entity 10054 destroyed after level??
:10-29-2022 15:21:44 Entity(warning): Entity 10055 destroyed after level??
:10-29-2022 15:21:44 Entity(warning): Entity 10056 destroyed after level??
:10-29-2022 15:21:44 Entity(warning): Entity 10057 destroyed after level??
:10-29-2022 15:21:44 Entity(warning): Entity 10058 destroyed after level??
:10-29-2022 15:21:44 Entity(warning): Entity 10155 destroyed after level??
:10-29-2022 15:21:44 Entity(warning): Entity 10166 destroyed after level??
:10-29-2022 15:21:44 Entity(warning): Entity 10167 destroyed after level??
:10-29-2022 15:21:44 Entity(warning): Entity 10169 destroyed after level??
:10-29-2022 15:21:44 Entity(warning): Entity 10171 destroyed after level??
:10-29-2022 15:21:44 Entity(warning): Entity 10172 destroyed after level??
:10-29-2022 15:21:44 Entity(warning): Entity 10009 destroyed after level??
:10-29-2022 15:21:44 Entity(warning): Entity 10010 destroyed after level??
:10-29-2022 15:21:44 Entity(warning): Entity 10001 destroyed after level??
:10-29-2022 15:21:44 Entity(warning): Entity 10004 destroyed after level??
:10-29-2022 15:21:44 Entity(warning): Entity 10005 destroyed after level??
:10-29-2022 15:21:44 Entity(warning): Entity 10037 destroyed after level??
:10-29-2022 15:21:44 Entity(warning): Entity 10049 destroyed after level??
:10-29-2022 15:21:44 Entity(warning): Entity 10045 destroyed after level??
:10-29-2022 15:21:44 Entity(warning): Entity 10047 destroyed after level??
:10-29-2022 15:21:44 Entity(warning): Entity 10054 destroyed after level??
:10-29-2022 15:21:44 Entity(warning): Entity 10001 destroyed after level??
:10-29-2022 15:21:44 Entity(warning): Entity 10003 destroyed after level??
:10-29-2022 15:21:44 Entity(warning): Entity 10001 destroyed after level??
:10-29-2022 15:21:44 Entity(warning): Entity 10015 destroyed after level??
:10-29-2022 15:21:44 Entity(warning): Entity 10000 destroyed after level??
:10-29-2022 15:21:44 Entity(warning): Entity 10001 destroyed after level??
:10-29-2022 15:21:44 Entity(warning): Entity 10002 destroyed after level??
:10-29-2022 15:21:44 Entity(warning): Entity 10018 destroyed after level??
:10-29-2022 15:21:44 Entity(warning): Entity 10004 destroyed after level??
:10-29-2022 15:21:44 Entity(warning): Entity 10002 destroyed after level??
:10-29-2022 15:21:44 Entity(warning): Entity 10015 destroyed after level??
:10-29-2022 15:21:44 Entity(warning): Entity 10017 destroyed after level??
:10-29-2022 15:21:44 Entity(warning): Entity 10018 destroyed after level??
:10-29-2022 15:21:44 Entity(warning): Entity 10019 destroyed after level??
:10-29-2022 15:21:44 Entity(warning): Entity 10014 destroyed after level??
:10-29-2022 15:21:44 DistributedGoon(warning): called actor.removeNode() on DistributedGoon-10014 without calling cleanup()
:10-29-2022 15:21:44 Entity(warning): Entity 10025 destroyed after level??
:10-29-2022 15:21:44 DistributedGoon(warning): called actor.removeNode() on DistributedGoon-10025 without calling cleanup()
:10-29-2022 15:21:44 Entity(warning): Entity 10016 destroyed after level??
:10-29-2022 15:21:44 Entity(warning): Entity 10015 destroyed after level??
:10-29-2022 15:21:44 DistributedMintBattle(warning): unlockLevelViz: couldn't find level 402005308
:10-29-2022 15:21:45 LocalAvatar(warning): redundant call to startUpdateSmartCamera
:10-29-2022 15:21:45 MintInterior: Unloading Place (12600). Fsm in final
:10-29-2022 15:21:45 OTPClientRepository(warning): unclean exit, abandoning shard
ignoring InputState-forward
:10-29-2022 15:21:45 OTPClientRepository: sending clientLogout
Assertion failed: _error_type != ET_not_found at line 592 of panda/src/pgraph/nodePath.cxx
Traceback (most recent call last):
  File "C:\Panda3D-1.11.0-x64\direct\showbase\EventManager.py", line 49, in eventLoopTask
    self.doEvents()
  File "C:\Panda3D-1.11.0-x64\direct\showbase\EventManager.py", line 43, in doEvents
    processFunc(dequeueFunc())
  File "C:\Panda3D-1.11.0-x64\direct\showbase\EventManager.py", line 99, in processEvent
    messenger.send(eventName, paramList)
  File "C:\Panda3D-1.11.0-x64\direct\showbase\Messenger.py", line 333, in send
    self.__dispatch(acceptorDict, event, sentArgs, foundWatch)
  File "C:\Panda3D-1.11.0-x64\direct\showbase\Messenger.py", line 418, in __dispatch
    result = method (*(extraArgs + sentArgs))
  File "toontown\toonbase\ToonBase.py", line 187, in windowEvent
    OTPBase.OTPBase.windowEvent(self, win)
  File "C:\Panda3D-1.11.0-x64\direct\showbase\ShowBase.py", line 2791, in windowEvent
    self.userExit()
  File "toontown\toonbase\ToonBase.py", line 422, in userExit
    self.cr.loginFSM.request('shutdown')
  File "C:\Panda3D-1.11.0-x64\direct\fsm\ClassicFSM.py", line 281, in request
    exitArgList)
  File "C:\Panda3D-1.11.0-x64\direct\fsm\ClassicFSM.py", line 227, in __transition
    self.__exitCurrent(exitArgList)
  File "C:\Panda3D-1.11.0-x64\direct\fsm\ClassicFSM.py", line 185, in __exitCurrent
    self.__currentState.exit(argList)
  File "C:\Panda3D-1.11.0-x64\direct\fsm\State.py", line 213, in exit
    self.__exitFunc(*argList)
  File "toontown\distributed\ToontownClientRepository.py", line 430, in exitPlayingGame
    base.localAvatar.deleteOrDelay()
  File "C:\Panda3D-1.11.0-x64\direct\distributed\DistributedObject.py", line 201, in deleteOrDelay
    self.disableAnnounceAndDelete()
  File "C:\Panda3D-1.11.0-x64\direct\distributed\DistributedObject.py", line 204, in disableAnnounceAndDelete
    self.disableAndAnnounce()
  File "C:\Panda3D-1.11.0-x64\direct\distributed\DistributedObject.py", line 230, in disableAndAnnounce
    self.disable()
  File "toontown\toon\LocalToon.py", line 256, in disable
    self.book.unload()
  File "toontown\shtiker\ShtikerBook.py", line 150, in unload
    page.unload()
  File "toontown\shtiker\SuitPage.py", line 240, in unload
    shadow.removeNode()
AssertionError: _error_type != ET_not_found at line 592 of panda/src/pgraph/nodePath.cxx
:10-29-2022 15:21:45 :task(error): Exception occurred in PythonTask eventManager
:10-29-2022 15:21:45 TTOffLauncher: setting panda error code to 12
:10-29-2022 15:21:45 TTOffLauncher(warning): Handling Python exception.
:10-29-2022 15:21:45 OTPClientRepository: Sent disconnect message to server
:10-29-2022 15:21:45 OTPClientRepository: Closing connection to server.
:10-29-2022 15:21:45 TTOffLauncher: Exception exit.

Traceback (most recent call last):
  File "otp\launcher\LauncherBase.py", line 1081, in mainLoop
    self._runTaskManager()
  File "otp\launcher\LauncherBase.py", line 1052, in _runTaskManager
    taskMgr.run()
  File "C:\Panda3D-1.11.0-x64\direct\task\Task.py", line 528, in run
    self.step()
  File "C:\Panda3D-1.11.0-x64\direct\task\Task.py", line 482, in step
    self.mgr.poll()
  File "C:\Panda3D-1.11.0-x64\direct\showbase\EventManager.py", line 49, in eventLoopTask
    self.doEvents()
  File "C:\Panda3D-1.11.0-x64\direct\showbase\EventManager.py", line 43, in doEvents
    processFunc(dequeueFunc())
  File "C:\Panda3D-1.11.0-x64\direct\showbase\EventManager.py", line 99, in processEvent
    messenger.send(eventName, paramList)
  File "C:\Panda3D-1.11.0-x64\direct\showbase\Messenger.py", line 333, in send
    self.__dispatch(acceptorDict, event, sentArgs, foundWatch)
  File "C:\Panda3D-1.11.0-x64\direct\showbase\Messenger.py", line 418, in __dispatch
    result = method (*(extraArgs + sentArgs))
  File "toontown\toonbase\ToonBase.py", line 187, in windowEvent
    OTPBase.OTPBase.windowEvent(self, win)
  File "C:\Panda3D-1.11.0-x64\direct\showbase\ShowBase.py", line 2791, in windowEvent
    self.userExit()
  File "toontown\toonbase\ToonBase.py", line 422, in userExit
    self.cr.loginFSM.request('shutdown')
  File "C:\Panda3D-1.11.0-x64\direct\fsm\ClassicFSM.py", line 281, in request
    exitArgList)
  File "C:\Panda3D-1.11.0-x64\direct\fsm\ClassicFSM.py", line 227, in __transition
    self.__exitCurrent(exitArgList)
  File "C:\Panda3D-1.11.0-x64\direct\fsm\ClassicFSM.py", line 185, in __exitCurrent
    self.__currentState.exit(argList)
  File "C:\Panda3D-1.11.0-x64\direct\fsm\State.py", line 213, in exit
    self.__exitFunc(*argList)
  File "toontown\distributed\ToontownClientRepository.py", line 430, in exitPlayingGame
    base.localAvatar.deleteOrDelay()
  File "C:\Panda3D-1.11.0-x64\direct\distributed\DistributedObject.py", line 201, in deleteOrDelay
    self.disableAnnounceAndDelete()
  File "C:\Panda3D-1.11.0-x64\direct\distributed\DistributedObject.py", line 204, in disableAnnounceAndDelete
    self.disableAndAnnounce()
  File "C:\Panda3D-1.11.0-x64\direct\distributed\DistributedObject.py", line 230, in disableAndAnnounce
    self.disable()
  File "toontown\toon\LocalToon.py", line 256, in disable
    self.book.unload()
  File "toontown\shtiker\ShtikerBook.py", line 150, in unload
    page.unload()
  File "toontown\shtiker\SuitPage.py", line 240, in unload
    shadow.removeNode()
AssertionError: _error_type != ET_not_found at line 592 of panda/src/pgraph/nodePath.cxx
