

Starting Toontown Online...
Current time: Mon Oct 24 19:03:44 2022 Eastern Standard Time
sys.path =  ['', 'C:\\Toontown-Last-Laff-Workspace-10-21-2022\\src\\Panda3D-1.11.0-x64\\python\\python27.zip', 'C:\\Panda3D-1.11.0-x64', 'C:\\Toontown-Last-Laff-Workspace-10-21-2022\\src\\Panda3D-1.11.0-x64\\python\\DLLs', 'C:\\Toontown-Last-Laff-Workspace-10-21-2022\\src\\Panda3D-1.11.0-x64\\python\\lib', 'C:\\Toontown-Last-Laff-Workspace-10-21-2022\\src\\Panda3D-1.11.0-x64\\python\\lib\\plat-win', 'C:\\Toontown-Last-Laff-Workspace-10-21-2022\\src\\Panda3D-1.11.0-x64\\python\\lib\\lib-tk', 'C:\\Toontown-Last-Laff-Workspace-10-21-2022\\src\\Panda3D-1.11.0-x64\\python', 'C:\\Toontown-Last-Laff-Workspace-10-21-2022\\src\\Panda3D-1.11.0-x64', 'C:\\Toontown-Last-Laff-Workspace-10-21-2022\\src\\Panda3D-1.11.0-x64\\bin', 'C:\\Toontown-Last-Laff-Workspace-10-21-2022\\src\\Panda3D-1.11.0-x64\\python\\lib\\site-packages']
sys.argv =  ['C:\\Toontown-Last-Laff-Workspace-10-21-2022\\src\\toontown\\launcher\\TTOffQuickStartLauncher.py']
generating standard configrc
os.environ =  {'TMP': 'C:\\Users\\Philip\\AppData\\Local\\Temp', 'COMPUTERNAME': 'PHILIP-JR', 'USERDOMAIN': 'PHILIP-JR', 'NEKO_INSTPATH': 'C:\\HaxeToolkit\\neko', 'PSMODULEPATH': 'C:\\WINDOWS\\system32\\WindowsPowerShell\\v1.0\\Modules\\', 'DOKANLIBRARY1': 'C:\\Program Files\\Dokan\\Dokan Library-1.4.1\\', 'ADSK_3DSMAX_X64_2021': 'C:\\Program Files\\Autodesk\\3ds Max 2021\\', 'PROCESSOR_IDENTIFIER': 'Intel64 Family 6 Model 45 Stepping 7, GenuineIntel', 'VBOX_MSI_INSTALL_PATH': 'C:\\Program Files\\Oracle\\VirtualBox\\', 'PROGRAMFILES': 'C:\\Program Files', 'PROCESSOR_REVISION': '2d07', 'PATH': 'C:\\Panda3D-1.11.0-x64\\panda3d\\..\\bin;C:\\Program Files (x86)\\Common Files\\Oracle\\Java\\javapath;C:\\Windows\\system32;C:\\Windows;C:\\Windows\\System32\\Wbem;C:\\Windows\\System32\\WindowsPowerShell\\v1.0\\;C:\\Program Files (x86)\\NVIDIA Corporation\\PhysX\\Common;C:\\Program Files\\Git\\cmd;C:\\WINDOWS\\system32;C:\\WINDOWS;C:\\WINDOWS\\System32\\Wbem;C:\\WINDOWS\\System32\\WindowsPowerShell\\v1.0\\;C:\\Program Files\\dotnet\\;C:\\Program Files\\Common Files\\Autodesk Shared\\;C:\\Program Files\\Microsoft SQL Server\\120\\Tools\\Binn\\;C:\\HaxeToolkit\\haxe;C:\\HaxeToolkit\\neko;C:\\Program Files\\Animation Paper\\gstreamer\\bin;C:\\Program Files\\PuTTY\\;C:\\Program Files\\NVIDIA Corporation\\NVIDIA NvDLISR;C:\\Program Files (x86)\\Windows Live\\Shared;C:\\HaxeToolkit\\haxe;C:\\HaxeToolkit\\neko;C:\\Program Files (x86)\\Windows Kits\\8.1\\Windows Performance Toolkit\\;C:\\Users\\Philip\\anaconda3;C:\\Users\\Philip\\anaconda3\\Library\\mingw-w64\\bin;C:\\Users\\Philip\\anaconda3\\Library\\usr\\bin;C:\\Users\\Philip\\anaconda3\\Library\\bin;C:\\Users\\Philip\\anaconda3\\Scripts;C:\\Program Files\\MySQL\\MySQL Shell 8.0\\bin\\;C:\\Panda3D-1.10.02\\python;C:\\Panda3D-1.10.02\\python\\Scripts;C:\\Panda3D-1.10.02\\bin;C:\\Panda3D-1.11.0-x64-py2\\python;C:\\Panda3D-1.11.0-x64-py2\\python\\Scripts;C:\\Panda3D-1.11.0-x64-py2\\bin;C:\\Users\\Philip\\AppData\\Local\\GitHubDesktop\\bin;C:\\Panda3D-1.9.0\\python;C:\\Panda3D-1.9.0\\python\\Scripts;C:\\Panda3D-1.9.0\\bin;C:\\Panda3D-1.10.0-x64\\python;C:\\Panda3D-1.10.0-x64\\python\\Scripts;C:\\Panda3D-1.10.0-x64\\bin;C:\\Users\\Philip\\AppData\\Local\\atom\\bin;C:\\Panda3D-1.10.0\\python;C:\\Panda3D-1.10.0\\python\\Scripts;C:\\Panda3D-1.10.0\\bin;C:\\Panda3D-1.11.0-x64-astron\\python;C:\\Panda3D-1.11.0-x64-astron\\python\\Scripts;C:\\Panda3D-1.11.0-x64-astron\\bin;C:\\Panda3D-1.11.0-x64\\python;C:\\Panda3D-1.11.0-x64\\python\\Scripts;C:\\Panda3D-1.11.0-x64\\bin;C:\\Panda3D-1.10.9-x64\\python;C:\\Panda3D-1.10.9-x64\\python\\Scrip;C:\\Users\\Philip\\AppData\\Local\\Programs\\Microsoft VS Code\\bin;C:\\Users\\Philip\\.dotnet\\tools;%C:\\Program Files (x86)\\Windows Kits\\8.1\\bin\\x86\\rc.exe%;%C:\\Program Files (x86)\\Microsoft Visual Studio\\2019\\BuildTools\\Common7\\IDE%;C:\\Program Files\\JetBrains\\PyCharm Community Edition 2022.2.3\\bin;', 'SYSTEMROOT': 'C:\\WINDOWS', 'NUMBER_OF_PROCESSORS': '8', 'PROGRAMFILES(X86)': 'C:\\Program Files (x86)', 'COMSPEC': 'C:\\WINDOWS\\system32\\cmd.exe', 'KMP_BLOCKTIME': '0', 'PPYTHON_PATH': '"Panda3D-1.11.0-x64\\python\\ppython.exe"', 'PYCHARM COMMUNITY EDITION': 'C:\\Program Files\\JetBrains\\PyCharm Community Edition 2022.2.3\\bin;', 'COMMONPROGRAMFILES(X86)': 'C:\\Program Files (x86)\\Common Files', 'PROCESSOR_ARCHITECTURE': 'AMD64', 'DOKANLIBRARY1_LIBRARYPATH_X64': 'C:\\Program Files\\Dokan\\Dokan Library-1.4.1\\lib\\', 'ALLUSERSPROFILE': 'C:\\ProgramData', 'LOCALAPPDATA': 'C:\\Users\\Philip\\AppData\\Local', 'HOMEPATH': '\\Users\\Philip', 'USERDOMAIN_ROAMINGPROFILE': 'PHILIP-JR', 'PROGRAMW6432': 'C:\\Program Files', 'USERNAME': 'Philip', 'FP_NO_HOST_CHECK': 'NO', 'DOKANLIBRARY1_LIBRARYPATH_X86': 'C:\\Program Files\\Dokan\\Dokan Library-1.4.1\\x86\\lib\\', 'LOGONSERVER': '\\\\MicrosoftAccount', 'PROMPT': '$P$G', 'SESSIONNAME': 'Console', 'PROGRAMDATA': 'C:\\ProgramData', 'COMMONPROGRAMFILES': 'C:\\Program Files\\Common Files', 'TEMP': 'C:\\Users\\Philip\\AppData\\Local\\Temp', 'HAXEPATH': 'C:\\HaxeToolkit\\haxe', 'PATHEXT': '.COM;.EXE;.BAT;.CMD;.VBS;.VBE;.JS;.JSE;.WSF;.WSH;.MSC', 'TTOFF_LOGIN_TOKEN': 'dev', 'VS160COMCOMNTOOLS': 'C:\\Program Files (x86)\\Microsoft Visual Studio\\2019\\Community\\Common7\\Tools\\', 'WINDIR': 'C:\\WINDOWS', 'OMP_WAIT_POLICY': 'PASSIVE', 'MONGO': 'C:\\mongodb-win32-x86_64-windows-4.4.4/bin', 'HOMEDRIVE': 'C:', 'SYSTEMDRIVE': 'C:', 'PUBLIC': 'C:\\Users\\Public', 'APPDATA': 'C:\\Users\\Philip\\AppData\\Roaming', 'PROCESSOR_LEVEL': '6', 'CIOENGINE': 'C:\\cio-panda3d', 'COMMONPROGRAMW6432': 'C:\\Program Files\\Common Files', 'OS': 'Windows_NT', 'ADSK_CLM_WPAD_PROXY_CHECK': 'FALSE', 'USERPROFILE': 'C:\\Users\\Philip'}
:10-24-2022 19:03:44 TTOffLauncher: isTestServer: 0
:10-24-2022 19:03:44 TTOffLauncher: Game Server 127.0.0.1
:10-24-2022 19:03:44 TTOffLauncher: Starting Toontown Online... 
:10-24-2022 19:03:44 TTOffLauncher: foreground: Launcher now operating in foreground
useTTOffSpecificLogin=True
:10-24-2022 19:03:44 TTOffLauncher: maybeStartGame: starting game
:10-24-2022 19:03:44 TTOffLauncher: Starting Toontown Online...
:10-24-2022 19:03:44 TTOffLauncher: background: Launcher now operating in background
ToontownStart: Polling for game2 to finish...
ToontownStart: Game2 is finished.
ToontownStart: Starting the game.
ToontownStart: setting default font
:10-24-2022 19:03:45 TTOffLauncher: setting panda error code to 7
Known pipe types:
  wglGraphicsPipe
(all display modules loaded.)
:10-24-2022 19:03:45 ToonBase: Default graphics pipe is wglGraphicsPipe (OpenGL).
:10-24-2022 19:03:45 :display(warning): FrameBufferProperties available less than requested.
  requested: depth_bits=24 color_bits=3 red_bits=1 green_bits=1 blue_bits=1 alpha_bits=1 multisamples=70 back_buffers=1 force_hardware 
  got: depth_bits=24 color_bits=24 red_bits=8 green_bits=8 blue_bits=8 alpha_bits=8 accum_bits=64 multisamples=16 back_buffers=1 force_hardware 
:10-24-2022 19:03:45 ToonBase: Successfully opened window of type wglGraphicsWindow (OpenGL)
:10-24-2022 19:03:45 ShowBase: __dev__ == False
:10-24-2022 19:03:45 TTOffLauncher: setting panda error code to 11
:10-24-2022 19:03:45 TTOffLauncher: setting panda error code to 0
ToontownStart: Loading default gui sounds
ToontownStart: serverVersion:  tto-dev
:10-24-2022 19:03:45 Loader: starting bulk load of block 'init'
:10-24-2022 19:03:46 :nativenet(error): Buffered_DatagramConnection Constructor rbufsize = 4096000 wbufsize = 4096000 write_flush_point = 1400
:10-24-2022 19:03:46 OTPClientRepository: Using connect method 'http'
:10-24-2022 19:03:47 TTOffLauncher: getRegistry ('DEPLOYMENT', None)
:10-24-2022 19:03:47 TTOffLauncher: checking env
:10-24-2022 19:03:47 TTOffLauncher: getRegistry ('GAME_DEPLOYMENT', None)
:10-24-2022 19:03:47 TTOffLauncher: checking env
:10-24-2022 19:03:47 OTPClientRepository: reg_deployment=
:10-24-2022 19:03:47 OTPClientRepository: required-login auto.
:10-24-2022 19:03:47 OTPClientRepository: loginInterface: LoginTTOffAccount
:10-24-2022 19:03:47 TTOffLauncher: getNeedPwForSecretKey using ttoff-specific-login
:10-24-2022 19:03:47 Loader: At end of block 'init', expected 138, loaded 7, duration=1.58841106385
:10-24-2022 19:03:47 OTPClientRepository: Connecting to gameserver directly (no proxy).
:10-24-2022 19:03:47 OTPClientRepository: Connecting to //127.0.0.1:7198 via HTTP interface.
:10-24-2022 19:03:47 TTOffLauncher: Stopping mini task manager.
:10-24-2022 19:03:47 OTPClientRepository: Successfully connected to //127.0.0.1:7198.
:10-24-2022 19:03:47 TTOffLauncher: Setting Disconnect Details normal
{401000001: <toontown.distributed.ToontownDistrict.ToontownDistrict instance at 0x000000001870CB48>}
:10-24-2022 19:03:48 StateData: AvatarChooser.enter
:10-24-2022 19:03:48 DisplayOptions: settingsFullScreen = False, embedded = False width=800 height=600
:10-24-2022 19:03:48 StateData: calling self.displayOptions.restrictToEmbedded(False)
:10-24-2022 19:03:49 OTPClientRepository: ================
:10-24-2022 19:03:49 OTPClientRepository: Chose avatar id: 100000001
:10-24-2022 19:03:49 OTPClientRepository: Chose avatar name: Wittybumble
:10-24-2022 19:03:49 OTPClientRepository: Chose avatar dna: ('dss', 'ms', 'm', 'm', 6, 0, 6, 6, 1, 9, 1, 9, 1, 18)
:10-24-2022 19:03:49 OTPClientRepository: Chose avatar position: 1
:10-24-2022 19:03:49 OTPClientRepository: isPaid: 1
:10-24-2022 19:03:49 OTPClientRepository: freeTimeLeft: 0
:10-24-2022 19:03:49 OTPClientRepository: allowSecretChat: True
:10-24-2022 19:03:49 OTPClientRepository: ================
:10-24-2022 19:03:50 Loader: starting bulk load of block 'localAvatarPlayGame'
:10-24-2022 19:03:50 ToontownTimeManager(warning): error parsing date string=
:10-24-2022 19:03:50 Actor(warning): no part named head-front*!
local
:10-24-2022 19:03:51 NewsPageButtonManager(warning): Should not get here. NewsPageButtonManager.exitOff
:10-24-2022 19:03:51 :pnmimage:png(warning): iCCP: known incorrect sRGB profile
:10-24-2022 19:03:53 Actor(warning): no part named head-front*!
:10-24-2022 19:03:54 OTPClientRepository: Entering shard 401000001
:10-24-2022 19:03:54 StreetSign: Street sign url is https://ttoffline.com/images/
:10-24-2022 19:03:55 TimeManager: Clock sync: TimeManager.announceGenerate
:10-24-2022 19:03:55 NewsManager: setHolidayId: Starting Holiday 26
:10-24-2022 19:03:55 NewsManager: setHolidayId: Starting Holiday 14
:10-24-2022 19:03:55 InGameNewsMgr: latestIssue=2013-08-22 16:49:46.000003-07:00
cpu info: GenuineIntel|        Intel(R) Core(TM) i7-3820 CPU @ 3.60GHz|132823|0|3.601,3.601|4,8 cpus
:10-24-2022 19:03:56 OTPClientRepository: No sync from TimeManager.
:10-24-2022 19:03:56 OTPClientRepository: gotTimeSync
:10-24-2022 19:03:56 Loader: At end of block 'localAvatarPlayGame', expected 400, loaded 25, duration=6.61573362832
:10-24-2022 19:03:56 TimeManager: Clock sync roundtrip took 1166.404 ms
:10-24-2022 19:03:56 TimeManager: AI time delta is -0:01 from server delta
:10-24-2022 19:03:56 TimeManager: Local clock uncertainty +/- 0.583 s
:10-24-2022 19:03:56 PlayGame: QA-REGRESSION: NEIGHBORHOODS: Visit Sellbot HQ
:10-24-2022 19:03:56 Loader: starting bulk load of block 'hood'
:10-24-2022 19:03:57 OTPClientRepository: Sending heartbeat mid-frame.
:10-24-2022 19:03:57 TownBattleSuitPanel: Loading Suit Battle Panel!
:10-24-2022 19:03:57 TownBattleSuitPanel: Loading Suit Battle Panel!
:10-24-2022 19:03:57 TownBattleSuitPanel: Loading Suit Battle Panel!
:10-24-2022 19:03:57 TownBattleSuitPanel: Loading Suit Battle Panel!
:10-24-2022 19:03:57 TownBattleSuitPanel: Loading Suit Battle Panel!
:10-24-2022 19:03:57 TownBattleSuitPanel: Loading Suit Battle Panel!
:10-24-2022 19:03:57 TownBattleSuitPanel: Loading Suit Battle Panel!
:10-24-2022 19:03:57 TownBattleSuitPanel: Loading Suit Battle Panel!
:10-24-2022 19:03:57 SellbotCogHQLoader: loadPlaceGeom: 11000
:10-24-2022 19:03:58 DistributedObject: DistributedSuitPlanner 401003555: generating
:10-24-2022 19:03:58 DistributedToon: calling LocalAvatar.startchat
:10-24-2022 19:03:58 :loader(error): Couldn't load file phase_4/models/questmap/cog_hq_sellbot_maps.bam: not found on model path (currently: "/;/c/Toontown-Last-Laff-Workspace-10-21-2022/src/toontown/launcher;/c/Panda3D-1.11.0-x64/etc/..;/c/Panda3D-1.11.0-x64/etc/../models")
:10-24-2022 19:03:58 Loader: At end of block 'hood', expected 43, loaded 7, duration=1.75201621104
:10-24-2022 19:03:59 Teleport(debug): teleportInDone: walk
:10-24-2022 19:03:59 :loader(error): Couldn't load file phase_4/models/questmap/cog_hq_sellbot_maps.bam: not found on model path (currently: "/;/c/Toontown-Last-Laff-Workspace-10-21-2022/src/toontown/launcher;/c/Panda3D-1.11.0-x64/etc/..;/c/Panda3D-1.11.0-x64/etc/../models")
:10-24-2022 19:04:11 SellbotHQExterior: QA-REGRESSION: COGBATTLE: Enter Battle
Battle Event localtoon-battle-event-3
Assertion failed: other._error_type == ET_ok at line 395 of panda/src/pgraph/nodePath.cxx
Exception occurred while processing Func-__showProp-114 of movie-track-with-cam-401004894:
movie-track-with-cam-401004894:
  0.000 movie-track-with-cam-401004894 {
  0.000   movie-track-401004894 {
  0.000     Sequence-57 {
  0.000       toon-attacks {
  0.000         Sequence-71 {
  0.000           Sequence-59 {
  0.000             Parallel-61 {
  0.000             }
  0.000           }
  0.000           Parallel-63 {
  0.000             Parallel-70 {
  0.000               Sequence-64 {
  0.000                 *Func-showProps-93
  0.000               }
  0.000               Sequence-65 {
  0.000                 Wait dur 2.3
  2.300                 *Func-reparentTo-94
  2.300                 *Func-update-95
  2.300                 Wait dur 0.2
  2.500                 Parallel-68 {
  2.500                   Sequence-66 {
  2.500                     *Func-calcOriginAndVelocity-96
  2.500                     *LerpFunctionInterval-throwPos-1 dur 0.9
  3.400                   }
  2.500                   LerpHprInterval-100: hpr from 173.112 -30.8396 10.6092 to 0 90 0 dur 0.9
  2.500                   LerpScaleInterval-101: scale from 0.85 0.85 0.85 to 1 1 1 dur 0.9
  2.500                   Sequence-67 {
  2.500                     Wait dur 0.8
  3.300                     *Sound-10 dur 0.7
  4.000                   }
  4.000                 }
  4.000                 *Func-placeTrap-97
  4.000                 *Func-start-98
  4.000                 *Func-removeProps-99
  4.000               }
  0.000               Sequence-69 {
  0.000                 *Func-headsUp-100
  0.000                 *Actor-toss-17 dur 4.375
  4.375                 *Func-loop-101
  4.375               }
  4.375             }
  4.375           }
  4.375           Parallel-62 {
  4.375             Parallel-60 {
  4.375             }
  4.375           }
  4.375         }
  4.375       }
  4.375       suit-attacks {
  4.375         Sequence-90 {
  4.375           Parallel-82 {
  4.375             Sequence-73 {
  4.375               Wait dur 1e-06
  4.375               *Func-setChatAbsolute-106
  4.375               *Func-reparentTrap-107
  4.375               *Func-headsUp-108
  4.375               *Actor-rubber-stamp-18 dur 4.66667
  9.042               *Func-setHpr-109
  9.042               *Func-returnTrapToSuit-110
  9.042               *Func-clearChat-111
  9.042             }
  4.375             Sequence-77 {
  4.375               *Func-headsUp-128
  4.375               Parallel-80 {
  4.375                 Sequence-78 {
  4.375                   Wait dur 3.4
  7.775                   *Actor-conked-19 dur 4.20833
 11.983                   *Func-loop-130
 11.983                 }
  4.375                 Sequence-79 {
  4.375                   Wait dur 3.41
  7.785                   *Func-__doDamage-129
  7.785                 }
 11.983               }
 11.983             }
  4.375             Sequence-75 {
  4.375               *Func-__showProp-114
  4.375               LerpScaleInterval-104: scale to 1 1 1 dur 0.5
  4.875               Wait dur 2.6
  7.475               *Func-needRestoreRenderProp-115
  7.475               *Func-reparentTo-116
  7.475               *Func-setScale-117
  7.475               *Func-setPosHpr-118
  7.475               *Func-setP-119
  7.475               *Func-setR-120
  7.475               Sequence-76 {
  7.475                 *Func-needRestoreRenderProp-121
  7.475                 *Func-wrtReparentTo-122
  7.475                 LerpPosInterval-105: pos to -42.9244 -144.949 3.7875 dur 0.5
  7.975                 *Func-removeProp-123
  7.975                 *Func-clearRenderProp-124
  7.975               }
  7.975               *Func-removeProp-125
  7.975               *Func-clearRenderProp-126
  7.975               Wait dur 0.3
  8.275               LerpScaleInterval-106: scale to 0.01 0.01 0.01 dur 0.5
  8.775               *Func-removeProp-127
  8.775             }
  4.375             Sequence-74 {
  4.375               Wait dur 1e-06
  4.375               *Func-__showProp-112
  4.375               LerpScaleInterval-102: scale from 0.01 0.01 0.01 to 1 1 1 dur 0.5
  4.875               Wait dur 3.2
  8.075               LerpScaleInterval-103: scale to 0.01 0.01 0.01 dur 0.5
  8.575               *Func-removeProp-113
  8.575             }
  4.375             Sequence-81 {
  4.375               Wait dur 1.3
  5.675               *Sound-11 dur 1.1
  6.775             }
 11.983           }
 11.983           *Func-loop-142
 11.983           Sequence-89 {
 11.983             *Func-headsUp-140
 11.983             *Func-loop-141
 11.983           }
 11.983         }
 11.983       }
 11.983       *Func-__handleMovieDone-143
 11.983     }
 11.983   }
  0.000   Sequence-91 {
  0.000     Sequence-58 {
  0.000       toon-attacks-cam {
  0.000         Sequence-72 {
  0.000           toonGroupShot {
  0.000             *Func-setPosHpr-102
  0.000             Wait
  0.000           }
  0.000           allGroupLowShot {
  0.000             *Func-setPosHpr-103
  0.000             Wait dur 3
  3.000           }
  3.000           allGroupLowShot {
  3.000             *Func-setPosHpr-104
  3.000             Wait dur 1.375
  4.375           }
  4.375           toonGroupShot {
  4.375             *Func-setPosHpr-105
  4.375             Wait
  4.375           }
  4.375         }
  4.375       }
  4.375       suit-attacks-cam {
  4.375         Parallel-88 {
  4.375           Sequence-83 {
  4.375             Sequence-86 {
  4.375               Sequence-84 {
  4.375                 *Func-setPos-131
  4.375                 *Func-lookAt-132
  4.375                 Wait dur 3.2
  7.575               }
  7.575               Sequence-85 {
  7.575                 *Func-setPos-133
  7.575                 *Func-lookAt-134
  7.575                 Wait dur 4.408
 11.983               }
 11.983             }
 11.983           }
  4.375           Sequence-87 {
  4.375             *Func-hide-135
  4.375             *Func-setFg-136
  4.375             Wait dur 0.7108
  5.086             *Func-setText-137
  5.086             *Func-show-138
  5.086             Wait dur 6.3972
 11.483             *Func-hide-139
 11.483           }
 11.983         }
 11.983       }
 11.983     }
 11.983   }
 11.983 }

Traceback (most recent call last):
  File "C:\Panda3D-1.11.0-x64\direct\showbase\ShowBase.py", line 1943, in __ivalLoop
    IntervalManager.ivalMgr.step()
  File "C:\Panda3D-1.11.0-x64\direct\interval\IntervalManager.py", line 95, in step
    self.__doPythonCallbacks()
  File "C:\Panda3D-1.11.0-x64\direct\interval\IntervalManager.py", line 123, in __doPythonCallbacks
    self.ivals[index].privPostEvent()
  File "C:\Panda3D-1.11.0-x64\direct\interval\MetaInterval.py", line 520, in privPostEvent
    self.__doPythonCallbacks()
  File "C:\Panda3D-1.11.0-x64\direct\interval\MetaInterval.py", line 496, in __doPythonCallbacks
    ival.privDoEvent(t, eventType)
  File "C:\Panda3D-1.11.0-x64\direct\interval\Interval.py", line 210, in privDoEvent
    self.privInstant()
  File "C:\Panda3D-1.11.0-x64\direct\interval\FunctionInterval.py", line 91, in privInstant
    self.function(*self.extraArgs, **self.kw)
  File "toontown\battle\MovieSuitAttacks.py", line 26, in __showProp
    prop.reparentTo(parent)
AssertionError: other._error_type == ET_ok at line 395 of panda/src/pgraph/nodePath.cxx
:10-24-2022 19:04:22 :task(error): Exception occurred in PythonTask ivalLoop
:10-24-2022 19:04:22 TTOffLauncher: setting panda error code to 12
:10-24-2022 19:04:22 TTOffLauncher(warning): Handling Python exception.
:10-24-2022 19:04:22 TimeManager: Client disconnect reason 3.
:10-24-2022 19:04:22 TimeManager: Client exception: toontown.battle.MovieSuitAttacks:26, direct.interval.FunctionInterval:91, direct.interval.Interval:210, direct.interval.MetaInterval:504, AssertionError: other._error_type == ET_ok at line 395 of panda/src/pgraph/nodePath.cxx
:10-24-2022 19:04:22 OTPClientRepository: Sent disconnect message to server
:10-24-2022 19:04:22 OTPClientRepository: Closing connection to server.
:10-24-2022 19:04:22 TTOffLauncher: Exception exit.

Traceback (most recent call last):
  File "otp\launcher\LauncherBase.py", line 1081, in mainLoop
    self._runTaskManager()
  File "otp\launcher\LauncherBase.py", line 1052, in _runTaskManager
    taskMgr.run()
  File "C:\Panda3D-1.11.0-x64\direct\task\Task.py", line 528, in run
    self.step()
  File "C:\Panda3D-1.11.0-x64\direct\task\Task.py", line 482, in step
    self.mgr.poll()
  File "C:\Panda3D-1.11.0-x64\direct\showbase\ShowBase.py", line 1943, in __ivalLoop
    IntervalManager.ivalMgr.step()
  File "C:\Panda3D-1.11.0-x64\direct\interval\IntervalManager.py", line 95, in step
    self.__doPythonCallbacks()
  File "C:\Panda3D-1.11.0-x64\direct\interval\IntervalManager.py", line 123, in __doPythonCallbacks
    self.ivals[index].privPostEvent()
  File "C:\Panda3D-1.11.0-x64\direct\interval\MetaInterval.py", line 520, in privPostEvent
    self.__doPythonCallbacks()
  File "C:\Panda3D-1.11.0-x64\direct\interval\MetaInterval.py", line 496, in __doPythonCallbacks
    ival.privDoEvent(t, eventType)
  File "C:\Panda3D-1.11.0-x64\direct\interval\Interval.py", line 210, in privDoEvent
    self.privInstant()
  File "C:\Panda3D-1.11.0-x64\direct\interval\FunctionInterval.py", line 91, in privInstant
    self.function(*self.extraArgs, **self.kw)
  File "toontown\battle\MovieSuitAttacks.py", line 26, in __showProp
    prop.reparentTo(parent)
AssertionError: other._error_type == ET_ok at line 395 of panda/src/pgraph/nodePath.cxx
