

Starting Toontown Online...
Current time: Sat Oct 29 12:06:04 2022 Eastern Standard Time
sys.path =  ['', 'C:\\Toontown-Last-Laff-Workspace-10-21-2022\\src\\Panda3D-1.11.0-x64\\python\\python27.zip', 'C:\\Panda3D-1.11.0-x64', 'C:\\Toontown-Last-Laff-Workspace-10-21-2022\\src\\Panda3D-1.11.0-x64\\python\\DLLs', 'C:\\Toontown-Last-Laff-Workspace-10-21-2022\\src\\Panda3D-1.11.0-x64\\python\\lib', 'C:\\Toontown-Last-Laff-Workspace-10-21-2022\\src\\Panda3D-1.11.0-x64\\python\\lib\\plat-win', 'C:\\Toontown-Last-Laff-Workspace-10-21-2022\\src\\Panda3D-1.11.0-x64\\python\\lib\\lib-tk', 'C:\\Toontown-Last-Laff-Workspace-10-21-2022\\src\\Panda3D-1.11.0-x64\\python', 'C:\\Toontown-Last-Laff-Workspace-10-21-2022\\src\\Panda3D-1.11.0-x64', 'C:\\Toontown-Last-Laff-Workspace-10-21-2022\\src\\Panda3D-1.11.0-x64\\bin', 'C:\\Toontown-Last-Laff-Workspace-10-21-2022\\src\\Panda3D-1.11.0-x64\\python\\lib\\site-packages']
sys.argv =  ['C:\\Toontown-Last-Laff-Workspace-10-21-2022\\src\\toontown\\launcher\\TTOffQuickStartLauncher.py']
generating standard configrc
os.environ =  {'TMP': 'C:\\Users\\Philip\\AppData\\Local\\Temp', 'COMPUTERNAME': 'PHILIP-JR', 'USERDOMAIN': 'PHILIP-JR', 'NEKO_INSTPATH': 'C:\\HaxeToolkit\\neko', 'PSMODULEPATH': 'C:\\WINDOWS\\system32\\WindowsPowerShell\\v1.0\\Modules\\', 'DOKANLIBRARY1': 'C:\\Program Files\\Dokan\\Dokan Library-1.4.1\\', 'ADSK_3DSMAX_X64_2021': 'C:\\Program Files\\Autodesk\\3ds Max 2021\\', 'PROCESSOR_IDENTIFIER': 'Intel64 Family 6 Model 45 Stepping 7, GenuineIntel', 'VBOX_MSI_INSTALL_PATH': 'C:\\Program Files\\Oracle\\VirtualBox\\', 'PROGRAMFILES': 'C:\\Program Files', 'PROCESSOR_REVISION': '2d07', 'PATH': 'C:\\Panda3D-1.11.0-x64\\panda3d\\..\\bin;C:\\Program Files (x86)\\Common Files\\Oracle\\Java\\javapath;C:\\Windows\\system32;C:\\Windows;C:\\Windows\\System32\\Wbem;C:\\Windows\\System32\\WindowsPowerShell\\v1.0\\;C:\\Program Files (x86)\\NVIDIA Corporation\\PhysX\\Common;C:\\Program Files\\Git\\cmd;C:\\WINDOWS\\system32;C:\\WINDOWS;C:\\WINDOWS\\System32\\Wbem;C:\\WINDOWS\\System32\\WindowsPowerShell\\v1.0\\;C:\\Program Files\\dotnet\\;C:\\Program Files\\Common Files\\Autodesk Shared\\;C:\\Program Files\\Microsoft SQL Server\\120\\Tools\\Binn\\;C:\\HaxeToolkit\\haxe;C:\\HaxeToolkit\\neko;C:\\Program Files\\Animation Paper\\gstreamer\\bin;C:\\Program Files\\PuTTY\\;C:\\Program Files\\NVIDIA Corporation\\NVIDIA NvDLISR;C:\\Program Files (x86)\\Windows Live\\Shared;C:\\HaxeToolkit\\haxe;C:\\HaxeToolkit\\neko;C:\\Program Files (x86)\\Windows Kits\\8.1\\Windows Performance Toolkit\\;C:\\Users\\Philip\\anaconda3;C:\\Users\\Philip\\anaconda3\\Library\\mingw-w64\\bin;C:\\Users\\Philip\\anaconda3\\Library\\usr\\bin;C:\\Users\\Philip\\anaconda3\\Library\\bin;C:\\Users\\Philip\\anaconda3\\Scripts;C:\\Program Files\\MySQL\\MySQL Shell 8.0\\bin\\;C:\\Panda3D-1.10.02\\python;C:\\Panda3D-1.10.02\\python\\Scripts;C:\\Panda3D-1.10.02\\bin;C:\\Panda3D-1.11.0-x64-py2\\python;C:\\Panda3D-1.11.0-x64-py2\\python\\Scripts;C:\\Panda3D-1.11.0-x64-py2\\bin;C:\\Users\\Philip\\AppData\\Local\\GitHubDesktop\\bin;C:\\Panda3D-1.9.0\\python;C:\\Panda3D-1.9.0\\python\\Scripts;C:\\Panda3D-1.9.0\\bin;C:\\Panda3D-1.10.0-x64\\python;C:\\Panda3D-1.10.0-x64\\python\\Scripts;C:\\Panda3D-1.10.0-x64\\bin;C:\\Users\\Philip\\AppData\\Local\\atom\\bin;C:\\Panda3D-1.10.0\\python;C:\\Panda3D-1.10.0\\python\\Scripts;C:\\Panda3D-1.10.0\\bin;C:\\Panda3D-1.11.0-x64-astron\\python;C:\\Panda3D-1.11.0-x64-astron\\python\\Scripts;C:\\Panda3D-1.11.0-x64-astron\\bin;C:\\Panda3D-1.11.0-x64\\python;C:\\Panda3D-1.11.0-x64\\python\\Scripts;C:\\Panda3D-1.11.0-x64\\bin;C:\\Panda3D-1.10.9-x64\\python;C:\\Panda3D-1.10.9-x64\\python\\Scrip;C:\\Users\\Philip\\AppData\\Local\\Programs\\Microsoft VS Code\\bin;C:\\Users\\Philip\\.dotnet\\tools;%C:\\Program Files (x86)\\Windows Kits\\8.1\\bin\\x86\\rc.exe%;%C:\\Program Files (x86)\\Microsoft Visual Studio\\2019\\BuildTools\\Common7\\IDE%;C:\\Program Files\\JetBrains\\PyCharm Community Edition 2022.2.3\\bin;', 'SYSTEMROOT': 'C:\\WINDOWS', 'NUMBER_OF_PROCESSORS': '8', 'PROGRAMFILES(X86)': 'C:\\Program Files (x86)', 'COMSPEC': 'C:\\WINDOWS\\system32\\cmd.exe', 'KMP_BLOCKTIME': '0', 'PPYTHON_PATH': '"Panda3D-1.11.0-x64\\python\\ppython.exe"', 'PYCHARM COMMUNITY EDITION': 'C:\\Program Files\\JetBrains\\PyCharm Community Edition 2022.2.3\\bin;', 'COMMONPROGRAMFILES(X86)': 'C:\\Program Files (x86)\\Common Files', 'PROCESSOR_ARCHITECTURE': 'AMD64', 'DOKANLIBRARY1_LIBRARYPATH_X64': 'C:\\Program Files\\Dokan\\Dokan Library-1.4.1\\lib\\', 'ALLUSERSPROFILE': 'C:\\ProgramData', 'LOCALAPPDATA': 'C:\\Users\\Philip\\AppData\\Local', 'HOMEPATH': '\\Users\\Philip', 'USERDOMAIN_ROAMINGPROFILE': 'PHILIP-JR', 'PROGRAMW6432': 'C:\\Program Files', 'USERNAME': 'Philip', 'FP_NO_HOST_CHECK': 'NO', 'DOKANLIBRARY1_LIBRARYPATH_X86': 'C:\\Program Files\\Dokan\\Dokan Library-1.4.1\\x86\\lib\\', 'LOGONSERVER': '\\\\MicrosoftAccount', 'PROMPT': '$P$G', 'SESSIONNAME': 'Console', 'PROGRAMDATA': 'C:\\ProgramData', 'COMMONPROGRAMFILES': 'C:\\Program Files\\Common Files', 'TEMP': 'C:\\Users\\Philip\\AppData\\Local\\Temp', 'HAXEPATH': 'C:\\HaxeToolkit\\haxe', 'PATHEXT': '.COM;.EXE;.BAT;.CMD;.VBS;.VBE;.JS;.JSE;.WSF;.WSH;.MSC', 'TTOFF_LOGIN_TOKEN': 'dev', 'VS160COMCOMNTOOLS': 'C:\\Program Files (x86)\\Microsoft Visual Studio\\2019\\Community\\Common7\\Tools\\', 'WINDIR': 'C:\\WINDOWS', 'OMP_WAIT_POLICY': 'PASSIVE', 'MONGO': 'C:\\mongodb-win32-x86_64-windows-4.4.4/bin', 'HOMEDRIVE': 'C:', 'SYSTEMDRIVE': 'C:', 'PUBLIC': 'C:\\Users\\Public', 'APPDATA': 'C:\\Users\\Philip\\AppData\\Roaming', 'PROCESSOR_LEVEL': '6', 'CIOENGINE': 'C:\\cio-panda3d', 'COMMONPROGRAMW6432': 'C:\\Program Files\\Common Files', 'OS': 'Windows_NT', 'ADSK_CLM_WPAD_PROXY_CHECK': 'FALSE', 'USERPROFILE': 'C:\\Users\\Philip'}
:10-29-2022 12:06:04 TTOffLauncher: isTestServer: 0
:10-29-2022 12:06:04 TTOffLauncher: Game Server 127.0.0.1
:10-29-2022 12:06:04 TTOffLauncher: Starting Toontown Online... 
:10-29-2022 12:06:04 TTOffLauncher: foreground: Launcher now operating in foreground
useTTOffSpecificLogin=True
:10-29-2022 12:06:04 TTOffLauncher: maybeStartGame: starting game
:10-29-2022 12:06:04 TTOffLauncher: Starting Toontown Online...
:10-29-2022 12:06:04 TTOffLauncher: background: Launcher now operating in background
ToontownStart: Polling for game2 to finish...
ToontownStart: Game2 is finished.
ToontownStart: Starting the game.
ToontownStart: setting default font
:10-29-2022 12:06:04 TTOffLauncher: setting panda error code to 7
Known pipe types:
  wglGraphicsPipe
(all display modules loaded.)
:10-29-2022 12:06:04 ToonBase: Default graphics pipe is wglGraphicsPipe (OpenGL).
:10-29-2022 12:06:04 :display(warning): FrameBufferProperties available less than requested.
  requested: depth_bits=24 color_bits=3 red_bits=1 green_bits=1 blue_bits=1 alpha_bits=1 multisamples=70 back_buffers=1 force_hardware 
  got: depth_bits=24 color_bits=24 red_bits=8 green_bits=8 blue_bits=8 alpha_bits=8 accum_bits=64 multisamples=16 back_buffers=1 force_hardware 
:10-29-2022 12:06:04 ToonBase: Successfully opened window of type wglGraphicsWindow (OpenGL)
:10-29-2022 12:06:05 ShowBase: __dev__ == False
:10-29-2022 12:06:05 TTOffLauncher: setting panda error code to 11
:10-29-2022 12:06:05 TTOffLauncher: setting panda error code to 0
ToontownStart: Loading default gui sounds
ToontownStart: serverVersion:  tto-dev
:10-29-2022 12:06:05 Loader: starting bulk load of block 'init'
:10-29-2022 12:06:06 :nativenet(error): Buffered_DatagramConnection Constructor rbufsize = 4096000 wbufsize = 4096000 write_flush_point = 1400
:10-29-2022 12:06:06 OTPClientRepository: Using connect method 'http'
:10-29-2022 12:06:06 TTOffLauncher: getRegistry ('DEPLOYMENT', None)
:10-29-2022 12:06:06 TTOffLauncher: checking env
:10-29-2022 12:06:06 TTOffLauncher: getRegistry ('GAME_DEPLOYMENT', None)
:10-29-2022 12:06:06 TTOffLauncher: checking env
:10-29-2022 12:06:06 OTPClientRepository: reg_deployment=
:10-29-2022 12:06:06 OTPClientRepository: required-login auto.
:10-29-2022 12:06:06 OTPClientRepository: loginInterface: LoginTTOffAccount
:10-29-2022 12:06:06 TTOffLauncher: getNeedPwForSecretKey using ttoff-specific-login
:10-29-2022 12:06:06 Loader: At end of block 'init', expected 138, loaded 8, duration=1.69054917073
:10-29-2022 12:06:06 OTPClientRepository: Connecting to gameserver directly (no proxy).
:10-29-2022 12:06:06 OTPClientRepository: Connecting to //127.0.0.1:7198 via HTTP interface.
:10-29-2022 12:06:06 TTOffLauncher: Stopping mini task manager.
:10-29-2022 12:06:06 OTPClientRepository: Successfully connected to //127.0.0.1:7198.
:10-29-2022 12:06:06 TTOffLauncher: Setting Disconnect Details normal
{402000001: <toontown.distributed.ToontownDistrict.ToontownDistrict instance at 0x0000000017BCBB88>}
:10-29-2022 12:06:09 StateData: AvatarChooser.enter
:10-29-2022 12:06:09 DisplayOptions: settingsFullScreen = False, embedded = False width=800 height=600
:10-29-2022 12:06:09 StateData: calling self.displayOptions.restrictToEmbedded(False)
:10-29-2022 12:06:20 OTPClientRepository: ================
:10-29-2022 12:06:20 OTPClientRepository: Chose avatar id: 100000001
:10-29-2022 12:06:20 OTPClientRepository: Chose avatar name: Wittybumble
:10-29-2022 12:06:20 OTPClientRepository: Chose avatar dna: ('dss', 'ms', 'm', 'm', 6, 0, 6, 6, 1, 9, 1, 9, 1, 18)
:10-29-2022 12:06:20 OTPClientRepository: Chose avatar position: 1
:10-29-2022 12:06:20 OTPClientRepository: isPaid: 1
:10-29-2022 12:06:20 OTPClientRepository: freeTimeLeft: 0
:10-29-2022 12:06:20 OTPClientRepository: allowSecretChat: True
:10-29-2022 12:06:20 OTPClientRepository: ================
:10-29-2022 12:06:20 Loader: starting bulk load of block 'localAvatarPlayGame'
:10-29-2022 12:06:21 ToontownTimeManager(warning): error parsing date string=
:10-29-2022 12:06:21 Actor(warning): no part named head-front*!
local
:10-29-2022 12:06:21 NewsPageButtonManager(warning): Should not get here. NewsPageButtonManager.exitOff
:10-29-2022 12:06:21 :pnmimage:png(warning): iCCP: known incorrect sRGB profile
:10-29-2022 12:06:24 Actor(warning): no part named head-front*!
:10-29-2022 12:06:24 OTPClientRepository: Entering shard 402000001
:10-29-2022 12:06:24 StreetSign: Street sign url is https://ttoffline.com/images/
:10-29-2022 12:06:25 TimeManager: Clock sync: TimeManager.announceGenerate
:10-29-2022 12:06:25 NewsManager: setHolidayId: Starting Holiday 26
:10-29-2022 12:06:25 NewsManager: setHolidayId: Starting Holiday 19
:10-29-2022 12:06:25 InGameNewsMgr: latestIssue=2013-08-22 16:49:46.000003-07:00
cpu info: GenuineIntel|        Intel(R) Core(TM) i7-3820 CPU @ 3.60GHz|132823|0|3.601,3.601|4,8 cpus
:10-29-2022 12:06:26 OTPClientRepository: No sync from TimeManager.
:10-29-2022 12:06:26 OTPClientRepository: gotTimeSync
:10-29-2022 12:06:26 Loader: At end of block 'localAvatarPlayGame', expected 400, loaded 23, duration=6.13459728959
:10-29-2022 12:06:26 OTPClientRepository: Sending heartbeat mid-frame.
:10-29-2022 12:06:26 TimeManager: Clock sync roundtrip took 1274.913 ms
:10-29-2022 12:06:26 TimeManager: AI time delta is -0:01 from server delta
:10-29-2022 12:06:26 TimeManager: Local clock uncertainty +/- 0.638 s
:10-29-2022 12:06:26 PlayGame: QA-REGRESSION: NEIGHBORHOODS: Visit Sellbot HQ
:10-29-2022 12:06:26 Loader: starting bulk load of block 'hood'
:10-29-2022 12:06:27 TownBattleSuitPanel: Loading Suit Battle Panel!
:10-29-2022 12:06:27 TownBattleSuitPanel: Loading Suit Battle Panel!
:10-29-2022 12:06:27 TownBattleSuitPanel: Loading Suit Battle Panel!
:10-29-2022 12:06:27 TownBattleSuitPanel: Loading Suit Battle Panel!
:10-29-2022 12:06:27 TownBattleSuitPanel: Loading Suit Battle Panel!
:10-29-2022 12:06:27 TownBattleSuitPanel: Loading Suit Battle Panel!
:10-29-2022 12:06:27 TownBattleSuitPanel: Loading Suit Battle Panel!
:10-29-2022 12:06:27 TownBattleSuitPanel: Loading Suit Battle Panel!
:10-29-2022 12:06:27 :pnmimage:png(warning): Interlace handling should be turned on when using png_read_image
:10-29-2022 12:06:28 SellbotCogHQLoader: loadPlaceGeom: 11000
:10-29-2022 12:06:28 DistributedObject: DistributedSuitPlanner 402002954: generating
:10-29-2022 12:06:28 :gobj(error): Texture::read() - couldn't read: phase_3/maps/hands/gh.png
:10-29-2022 12:06:28 :gobj(error): Unable to find texture "phase_3/maps/hands/gh.png" on model-path /;/c/Toontown-Last-Laff-Workspace-10-21-2022/src/toontown/launcher;/c/Panda3D-1.11.0-x64/etc/..;/c/Panda3D-1.11.0-x64/etc/../models
:10-29-2022 12:06:28 DistributedToon: calling LocalAvatar.startchat
:10-29-2022 12:06:28 :loader(error): Couldn't load file phase_4/models/questmap/cog_hq_sellbot_maps.bam: not found on model path (currently: "/;/c/Toontown-Last-Laff-Workspace-10-21-2022/src/toontown/launcher;/c/Panda3D-1.11.0-x64/etc/..;/c/Panda3D-1.11.0-x64/etc/../models")
:10-29-2022 12:06:28 Loader: At end of block 'hood', expected 43, loaded 7, duration=1.69598518387
:10-29-2022 12:06:28 :gobj(error): Texture::read() - couldn't read: phase_3/maps/hands/ms.png
:10-29-2022 12:06:28 :gobj(error): Unable to find texture "phase_3/maps/hands/ms.png" on model-path /;/c/Toontown-Last-Laff-Workspace-10-21-2022/src/toontown/launcher;/c/Panda3D-1.11.0-x64/etc/..;/c/Panda3D-1.11.0-x64/etc/../models
:10-29-2022 12:06:28 :gobj(error): Texture::read() - couldn't read: phase_3/maps/hands/gh.png
:10-29-2022 12:06:28 :gobj(error): Unable to find texture "phase_3/maps/hands/gh.png" on model-path /;/c/Toontown-Last-Laff-Workspace-10-21-2022/src/toontown/launcher;/c/Panda3D-1.11.0-x64/etc/..;/c/Panda3D-1.11.0-x64/etc/../models
:10-29-2022 12:06:28 :gobj(error): Texture::read() - couldn't read: phase_3/maps/hands/tm.png
:10-29-2022 12:06:28 :gobj(error): Unable to find texture "phase_3/maps/hands/tm.png" on model-path /;/c/Toontown-Last-Laff-Workspace-10-21-2022/src/toontown/launcher;/c/Panda3D-1.11.0-x64/etc/..;/c/Panda3D-1.11.0-x64/etc/../models
:10-29-2022 12:06:28 :gobj(error): Texture::read() - couldn't read: phase_3/maps/hands/tm.png
:10-29-2022 12:06:28 :gobj(error): Unable to find texture "phase_3/maps/hands/tm.png" on model-path /;/c/Toontown-Last-Laff-Workspace-10-21-2022/src/toontown/launcher;/c/Panda3D-1.11.0-x64/etc/..;/c/Panda3D-1.11.0-x64/etc/../models
:10-29-2022 12:06:28 :gobj(error): Texture::read() - couldn't read: phase_3/maps/hands/tf.png
:10-29-2022 12:06:28 :gobj(error): Unable to find texture "phase_3/maps/hands/tf.png" on model-path /;/c/Toontown-Last-Laff-Workspace-10-21-2022/src/toontown/launcher;/c/Panda3D-1.11.0-x64/etc/..;/c/Panda3D-1.11.0-x64/etc/../models
:10-29-2022 12:06:29 Teleport(debug): teleportInDone: walk
:10-29-2022 12:06:30 LocalAvatar(warning): redundant call to startUpdateSmartCamera
:10-29-2022 12:06:30 :loader(error): Couldn't load file phase_4/models/questmap/cog_hq_sellbot_maps.bam: not found on model path (currently: "/;/c/Toontown-Last-Laff-Workspace-10-21-2022/src/toontown/launcher;/c/Panda3D-1.11.0-x64/etc/..;/c/Panda3D-1.11.0-x64/etc/../models")
:10-29-2022 12:06:32 :gobj(error): Texture::read() - couldn't read: phase_3/maps/hands/tm.png
:10-29-2022 12:06:32 :gobj(error): Unable to find texture "phase_3/maps/hands/tm.png" on model-path /;/c/Toontown-Last-Laff-Workspace-10-21-2022/src/toontown/launcher;/c/Panda3D-1.11.0-x64/etc/..;/c/Panda3D-1.11.0-x64/etc/../models
:10-29-2022 12:06:32 :gobj(error): Texture::read() - couldn't read: phase_3/maps/hands/gh.png
:10-29-2022 12:06:32 :gobj(error): Unable to find texture "phase_3/maps/hands/gh.png" on model-path /;/c/Toontown-Last-Laff-Workspace-10-21-2022/src/toontown/launcher;/c/Panda3D-1.11.0-x64/etc/..;/c/Panda3D-1.11.0-x64/etc/../models
:10-29-2022 12:06:32 ClassicFSM(warning): [DistributedSuit]: no transition exists from Walk to FromCogHQ
:10-29-2022 12:06:42 :gobj(error): Texture::read() - couldn't read: phase_3/maps/hands/ms.png
:10-29-2022 12:06:42 :gobj(error): Unable to find texture "phase_3/maps/hands/ms.png" on model-path /;/c/Toontown-Last-Laff-Workspace-10-21-2022/src/toontown/launcher;/c/Panda3D-1.11.0-x64/etc/..;/c/Panda3D-1.11.0-x64/etc/../models
:10-29-2022 12:06:52 :gobj(error): Texture::read() - couldn't read: phase_3/maps/hands/tm.png
:10-29-2022 12:06:52 :gobj(error): Unable to find texture "phase_3/maps/hands/tm.png" on model-path /;/c/Toontown-Last-Laff-Workspace-10-21-2022/src/toontown/launcher;/c/Panda3D-1.11.0-x64/etc/..;/c/Panda3D-1.11.0-x64/etc/../models
:10-29-2022 12:07:06 :gobj(error): Texture::read() - couldn't read: phase_3/maps/hands/gh.png
:10-29-2022 12:07:06 :gobj(error): Unable to find texture "phase_3/maps/hands/gh.png" on model-path /;/c/Toontown-Last-Laff-Workspace-10-21-2022/src/toontown/launcher;/c/Panda3D-1.11.0-x64/etc/..;/c/Panda3D-1.11.0-x64/etc/../models
:10-29-2022 12:07:06 ClassicFSM(warning): [DistributedSuit]: no transition exists from Walk to FromCogHQ
:10-29-2022 12:07:08 :gobj(error): Texture::read() - couldn't read: phase_3/maps/hands/tf.png
:10-29-2022 12:07:08 :gobj(error): Unable to find texture "phase_3/maps/hands/tf.png" on model-path /;/c/Toontown-Last-Laff-Workspace-10-21-2022/src/toontown/launcher;/c/Panda3D-1.11.0-x64/etc/..;/c/Panda3D-1.11.0-x64/etc/../models
:10-29-2022 12:07:09 ClassicFSM(warning): [DistributedSuit]: no transition exists from Walk to FromCogHQ
:10-29-2022 12:07:27 SellbotHQExterior: QA-REGRESSION: COGBATTLE: Enter Battle
Battle Event localtoon-battle-event-3
:10-29-2022 12:07:28 :gobj(error): Texture::read() - couldn't read: phase_3/maps/hands/tm.png
:10-29-2022 12:07:28 :gobj(error): Unable to find texture "phase_3/maps/hands/tm.png" on model-path /;/c/Toontown-Last-Laff-Workspace-10-21-2022/src/toontown/launcher;/c/Panda3D-1.11.0-x64/etc/..;/c/Panda3D-1.11.0-x64/etc/../models
:10-29-2022 12:07:28 ClassicFSM(warning): [DistributedSuit]: no transition exists from Walk to FromCogHQ
:10-29-2022 12:07:45 :gobj(error): Texture::read() - couldn't read: phase_3/maps/hands/ms.png
:10-29-2022 12:07:45 :gobj(error): Unable to find texture "phase_3/maps/hands/ms.png" on model-path /;/c/Toontown-Last-Laff-Workspace-10-21-2022/src/toontown/launcher;/c/Panda3D-1.11.0-x64/etc/..;/c/Panda3D-1.11.0-x64/etc/../models
Assertion failed: !is_singleton() && !is_empty() at line 5124 of panda/src/pgraph/nodePath.cxx
Assertion failed: !is_singleton() && !is_empty() at line 5124 of panda/src/pgraph/nodePath.cxx
Assertion failed: !is_singleton() && !is_empty() at line 5124 of panda/src/pgraph/nodePath.cxx
Assertion failed: !is_singleton() && !is_empty() at line 5141 of panda/src/pgraph/nodePath.cxx
Assertion failed: !is_singleton() && !is_empty() at line 5124 of panda/src/pgraph/nodePath.cxx
Assertion failed: !is_singleton() && !is_empty() at line 5124 of panda/src/pgraph/nodePath.cxx
:10-29-2022 12:07:49 LocalAvatar(warning): redundant call to startUpdateSmartCamera
:10-29-2022 12:07:49 :loader(error): Couldn't load file phase_4/models/questmap/cog_hq_sellbot_maps.bam: not found on model path (currently: "/;/c/Toontown-Last-Laff-Workspace-10-21-2022/src/toontown/launcher;/c/Panda3D-1.11.0-x64/etc/..;/c/Panda3D-1.11.0-x64/etc/../models")
:10-29-2022 12:07:50 ShtikerBook: QA-REGRESSION: SHTICKERBOOK: Open
:10-29-2022 12:07:50 ShtikerBook: QA-REGRESSION: SHTICKERBOOK: Close
:10-29-2022 12:07:52 LocalAvatar(warning): redundant call to startUpdateSmartCamera
:10-29-2022 12:07:52 :loader(error): Couldn't load file phase_4/models/questmap/cog_hq_sellbot_maps.bam: not found on model path (currently: "/;/c/Toontown-Last-Laff-Workspace-10-21-2022/src/toontown/launcher;/c/Panda3D-1.11.0-x64/etc/..;/c/Panda3D-1.11.0-x64/etc/../models")
:10-29-2022 12:07:57 :gobj(error): Texture::read() - couldn't read: phase_3/maps/hands/ms.png
:10-29-2022 12:07:57 :gobj(error): Unable to find texture "phase_3/maps/hands/ms.png" on model-path /;/c/Toontown-Last-Laff-Workspace-10-21-2022/src/toontown/launcher;/c/Panda3D-1.11.0-x64/etc/..;/c/Panda3D-1.11.0-x64/etc/../models
:10-29-2022 12:07:58 :gobj(error): Texture::read() - couldn't read: phase_3/maps/hands/tm.png
:10-29-2022 12:07:58 :gobj(error): Unable to find texture "phase_3/maps/hands/tm.png" on model-path /;/c/Toontown-Last-Laff-Workspace-10-21-2022/src/toontown/launcher;/c/Panda3D-1.11.0-x64/etc/..;/c/Panda3D-1.11.0-x64/etc/../models
:10-29-2022 12:07:59 ClassicFSM(warning): [DistributedSuit]: no transition exists from Walk to FromCogHQ
:10-29-2022 12:08:08 :gobj(error): Texture::read() - couldn't read: phase_3/maps/hands/tm.png
:10-29-2022 12:08:08 :gobj(error): Unable to find texture "phase_3/maps/hands/tm.png" on model-path /;/c/Toontown-Last-Laff-Workspace-10-21-2022/src/toontown/launcher;/c/Panda3D-1.11.0-x64/etc/..;/c/Panda3D-1.11.0-x64/etc/../models
:10-29-2022 12:08:18 :gobj(error): Texture::read() - couldn't read: phase_3/maps/hands/ms.png
:10-29-2022 12:08:18 :gobj(error): Unable to find texture "phase_3/maps/hands/ms.png" on model-path /;/c/Toontown-Last-Laff-Workspace-10-21-2022/src/toontown/launcher;/c/Panda3D-1.11.0-x64/etc/..;/c/Panda3D-1.11.0-x64/etc/../models
:10-29-2022 12:08:19 ClassicFSM(warning): [DistributedSuit]: no transition exists from Walk to FromCogHQ
:10-29-2022 12:08:19 :gobj(error): Texture::read() - couldn't read: phase_3/maps/hands/nd.png
:10-29-2022 12:08:19 :gobj(error): Unable to find texture "phase_3/maps/hands/nd.png" on model-path /;/c/Toontown-Last-Laff-Workspace-10-21-2022/src/toontown/launcher;/c/Panda3D-1.11.0-x64/etc/..;/c/Panda3D-1.11.0-x64/etc/../models
:10-29-2022 12:08:35 :gobj(error): Texture::read() - couldn't read: phase_3/maps/hands/tf.png
:10-29-2022 12:08:35 :gobj(error): Unable to find texture "phase_3/maps/hands/tf.png" on model-path /;/c/Toontown-Last-Laff-Workspace-10-21-2022/src/toontown/launcher;/c/Panda3D-1.11.0-x64/etc/..;/c/Panda3D-1.11.0-x64/etc/../models
:10-29-2022 12:08:35 ClassicFSM(warning): [DistributedSuit]: no transition exists from Walk to FromCogHQ
:10-29-2022 12:08:50 :gobj(error): Texture::read() - couldn't read: phase_3/maps/hands/gh.png
:10-29-2022 12:08:50 :gobj(error): Unable to find texture "phase_3/maps/hands/gh.png" on model-path /;/c/Toontown-Last-Laff-Workspace-10-21-2022/src/toontown/launcher;/c/Panda3D-1.11.0-x64/etc/..;/c/Panda3D-1.11.0-x64/etc/../models
:10-29-2022 12:08:55 :gobj(error): Texture::read() - couldn't read: phase_3/maps/hands/tm.png
:10-29-2022 12:08:55 :gobj(error): Unable to find texture "phase_3/maps/hands/tm.png" on model-path /;/c/Toontown-Last-Laff-Workspace-10-21-2022/src/toontown/launcher;/c/Panda3D-1.11.0-x64/etc/..;/c/Panda3D-1.11.0-x64/etc/../models
:10-29-2022 12:08:55 ClassicFSM(warning): [DistributedSuit]: no transition exists from Walk to FromCogHQ
:10-29-2022 12:09:01 :gobj(error): Texture::read() - couldn't read: phase_3/maps/hands/gh.png
:10-29-2022 12:09:01 :gobj(error): Unable to find texture "phase_3/maps/hands/gh.png" on model-path /;/c/Toontown-Last-Laff-Workspace-10-21-2022/src/toontown/launcher;/c/Panda3D-1.11.0-x64/etc/..;/c/Panda3D-1.11.0-x64/etc/../models
:10-29-2022 12:09:11 :gobj(error): Texture::read() - couldn't read: phase_3/maps/hands/gh.png
:10-29-2022 12:09:11 :gobj(error): Unable to find texture "phase_3/maps/hands/gh.png" on model-path /;/c/Toontown-Last-Laff-Workspace-10-21-2022/src/toontown/launcher;/c/Panda3D-1.11.0-x64/etc/..;/c/Panda3D-1.11.0-x64/etc/../models
:10-29-2022 12:09:17 :gobj(error): Texture::read() - couldn't read: phase_3/maps/hands/ms.png
:10-29-2022 12:09:17 :gobj(error): Unable to find texture "phase_3/maps/hands/ms.png" on model-path /;/c/Toontown-Last-Laff-Workspace-10-21-2022/src/toontown/launcher;/c/Panda3D-1.11.0-x64/etc/..;/c/Panda3D-1.11.0-x64/etc/../models
:10-29-2022 12:09:17 ClassicFSM(warning): [DistributedSuit]: no transition exists from Walk to FromCogHQ
:10-29-2022 12:09:22 :gobj(error): Texture::read() - couldn't read: phase_3/maps/hands/ms.png
:10-29-2022 12:09:22 :gobj(error): Unable to find texture "phase_3/maps/hands/ms.png" on model-path /;/c/Toontown-Last-Laff-Workspace-10-21-2022/src/toontown/launcher;/c/Panda3D-1.11.0-x64/etc/..;/c/Panda3D-1.11.0-x64/etc/../models
:10-29-2022 12:09:37 :gobj(error): Texture::read() - couldn't read: phase_3/maps/hands/tm.png
:10-29-2022 12:09:37 :gobj(error): Unable to find texture "phase_3/maps/hands/tm.png" on model-path /;/c/Toontown-Last-Laff-Workspace-10-21-2022/src/toontown/launcher;/c/Panda3D-1.11.0-x64/etc/..;/c/Panda3D-1.11.0-x64/etc/../models
:10-29-2022 12:09:37 ClassicFSM(warning): [DistributedSuit]: no transition exists from Walk to FromCogHQ
:10-29-2022 12:09:44 :gobj(error): Texture::read() - couldn't read: phase_3/maps/hands/ms.png
:10-29-2022 12:09:44 :gobj(error): Unable to find texture "phase_3/maps/hands/ms.png" on model-path /;/c/Toontown-Last-Laff-Workspace-10-21-2022/src/toontown/launcher;/c/Panda3D-1.11.0-x64/etc/..;/c/Panda3D-1.11.0-x64/etc/../models
:10-29-2022 12:09:45 :gobj(error): Texture::read() - couldn't read: phase_3/maps/hands/ms.png
:10-29-2022 12:09:45 :gobj(error): Unable to find texture "phase_3/maps/hands/ms.png" on model-path /;/c/Toontown-Last-Laff-Workspace-10-21-2022/src/toontown/launcher;/c/Panda3D-1.11.0-x64/etc/..;/c/Panda3D-1.11.0-x64/etc/../models
:10-29-2022 12:09:45 ClassicFSM(warning): [DistributedSuit]: no transition exists from Walk to FromCogHQ
:10-29-2022 12:09:59 :gobj(error): Texture::read() - couldn't read: phase_3/maps/hands/gh.png
:10-29-2022 12:09:59 :gobj(error): Unable to find texture "phase_3/maps/hands/gh.png" on model-path /;/c/Toontown-Last-Laff-Workspace-10-21-2022/src/toontown/launcher;/c/Panda3D-1.11.0-x64/etc/..;/c/Panda3D-1.11.0-x64/etc/../models
:10-29-2022 12:10:00 ClassicFSM(warning): [DistributedSuit]: no transition exists from Walk to FromCogHQ
:10-29-2022 12:10:12 :gobj(error): Texture::read() - couldn't read: phase_3/maps/hands/gh.png
:10-29-2022 12:10:12 :gobj(error): Unable to find texture "phase_3/maps/hands/gh.png" on model-path /;/c/Toontown-Last-Laff-Workspace-10-21-2022/src/toontown/launcher;/c/Panda3D-1.11.0-x64/etc/..;/c/Panda3D-1.11.0-x64/etc/../models
:10-29-2022 12:10:12 ClassicFSM(warning): [DistributedSuit]: no transition exists from Walk to FromCogHQ
:10-29-2022 12:10:15 SellbotHQExterior: QA-REGRESSION: COGBATTLE: Enter Battle
Battle Event localtoon-battle-event-9
:10-29-2022 12:10:17 :gobj(error): Texture::read() - couldn't read: phase_3/maps/hands/tf.png
:10-29-2022 12:10:17 :gobj(error): Unable to find texture "phase_3/maps/hands/tf.png" on model-path /;/c/Toontown-Last-Laff-Workspace-10-21-2022/src/toontown/launcher;/c/Panda3D-1.11.0-x64/etc/..;/c/Panda3D-1.11.0-x64/etc/../models
:10-29-2022 12:10:21 :gobj(error): Texture::read() - couldn't read: phase_3/maps/hands/ms.png
:10-29-2022 12:10:21 :gobj(error): Unable to find texture "phase_3/maps/hands/ms.png" on model-path /;/c/Toontown-Last-Laff-Workspace-10-21-2022/src/toontown/launcher;/c/Panda3D-1.11.0-x64/etc/..;/c/Panda3D-1.11.0-x64/etc/../models
:10-29-2022 12:10:22 ClassicFSM(warning): [DistributedSuit]: no transition exists from Walk to FromCogHQ
:10-29-2022 12:10:36 :gobj(error): Texture::read() - couldn't read: phase_3/maps/hands/ms.png
:10-29-2022 12:10:36 :gobj(error): Unable to find texture "phase_3/maps/hands/ms.png" on model-path /;/c/Toontown-Last-Laff-Workspace-10-21-2022/src/toontown/launcher;/c/Panda3D-1.11.0-x64/etc/..;/c/Panda3D-1.11.0-x64/etc/../models
:10-29-2022 12:10:37 ClassicFSM(warning): [DistributedSuit]: no transition exists from Walk to FromCogHQ
:10-29-2022 12:10:40 :gobj(error): Texture::read() - couldn't read: phase_3/maps/hands/tf.png
:10-29-2022 12:10:40 :gobj(error): Unable to find texture "phase_3/maps/hands/tf.png" on model-path /;/c/Toontown-Last-Laff-Workspace-10-21-2022/src/toontown/launcher;/c/Panda3D-1.11.0-x64/etc/..;/c/Panda3D-1.11.0-x64/etc/../models
:10-29-2022 12:10:44 LocalAvatar(warning): redundant call to startUpdateSmartCamera
:10-29-2022 12:10:44 :loader(error): Couldn't load file phase_4/models/questmap/cog_hq_sellbot_maps.bam: not found on model path (currently: "/;/c/Toontown-Last-Laff-Workspace-10-21-2022/src/toontown/launcher;/c/Panda3D-1.11.0-x64/etc/..;/c/Panda3D-1.11.0-x64/etc/../models")
:10-29-2022 12:10:52 :gobj(error): Texture::read() - couldn't read: phase_3/maps/hands/ms.png
:10-29-2022 12:10:52 :gobj(error): Unable to find texture "phase_3/maps/hands/ms.png" on model-path /;/c/Toontown-Last-Laff-Workspace-10-21-2022/src/toontown/launcher;/c/Panda3D-1.11.0-x64/etc/..;/c/Panda3D-1.11.0-x64/etc/../models
:10-29-2022 12:11:02 :gobj(error): Texture::read() - couldn't read: phase_3/maps/hands/tm.png
:10-29-2022 12:11:02 :gobj(error): Unable to find texture "phase_3/maps/hands/tm.png" on model-path /;/c/Toontown-Last-Laff-Workspace-10-21-2022/src/toontown/launcher;/c/Panda3D-1.11.0-x64/etc/..;/c/Panda3D-1.11.0-x64/etc/../models
:10-29-2022 12:11:03 :gobj(error): Texture::read() - couldn't read: phase_3/maps/hands/tm.png
:10-29-2022 12:11:03 :gobj(error): Unable to find texture "phase_3/maps/hands/tm.png" on model-path /;/c/Toontown-Last-Laff-Workspace-10-21-2022/src/toontown/launcher;/c/Panda3D-1.11.0-x64/etc/..;/c/Panda3D-1.11.0-x64/etc/../models
:10-29-2022 12:11:04 ClassicFSM(warning): [DistributedSuit]: no transition exists from Walk to FromCogHQ
:10-29-2022 12:11:05 GarbageCollect(warning): garbage found, reverting gc threshold
:10-29-2022 12:11:13 :gobj(error): Texture::read() - couldn't read: phase_3/maps/hands/cc.png
:10-29-2022 12:11:13 :gobj(error): Unable to find texture "phase_3/maps/hands/cc.png" on model-path /;/c/Toontown-Last-Laff-Workspace-10-21-2022/src/toontown/launcher;/c/Panda3D-1.11.0-x64/etc/..;/c/Panda3D-1.11.0-x64/etc/../models
:10-29-2022 12:11:18 :gobj(error): Texture::read() - couldn't read: phase_3/maps/hands/tf.png
:10-29-2022 12:11:18 :gobj(error): Unable to find texture "phase_3/maps/hands/tf.png" on model-path /;/c/Toontown-Last-Laff-Workspace-10-21-2022/src/toontown/launcher;/c/Panda3D-1.11.0-x64/etc/..;/c/Panda3D-1.11.0-x64/etc/../models
:10-29-2022 12:11:19 ClassicFSM(warning): [DistributedSuit]: no transition exists from Walk to FromCogHQ
frame rate: 62.5 fps|0.005d|8 avs||319|320||0x0000|0x0000|729.6MB|710.3MB|16302.1MB|731|nt.2.6.2|3.601,3.601|4,8 cpus|OpenGL
:10-29-2022 12:11:48 :gobj(error): Texture::read() - couldn't read: phase_3/maps/hands/ms.png
:10-29-2022 12:11:48 :gobj(error): Unable to find texture "phase_3/maps/hands/ms.png" on model-path /;/c/Toontown-Last-Laff-Workspace-10-21-2022/src/toontown/launcher;/c/Panda3D-1.11.0-x64/etc/..;/c/Panda3D-1.11.0-x64/etc/../models
:10-29-2022 12:12:08 :gobj(error): Texture::read() - couldn't read: phase_3/maps/hands/tf.png
:10-29-2022 12:12:08 :gobj(error): Unable to find texture "phase_3/maps/hands/tf.png" on model-path /;/c/Toontown-Last-Laff-Workspace-10-21-2022/src/toontown/launcher;/c/Panda3D-1.11.0-x64/etc/..;/c/Panda3D-1.11.0-x64/etc/../models
:10-29-2022 12:12:09 ClassicFSM(warning): [DistributedSuit]: no transition exists from Walk to FromCogHQ
:10-29-2022 12:12:10 :gobj(error): Texture::read() - couldn't read: phase_3/maps/hands/cc.png
:10-29-2022 12:12:10 :gobj(error): Unable to find texture "phase_3/maps/hands/cc.png" on model-path /;/c/Toontown-Last-Laff-Workspace-10-21-2022/src/toontown/launcher;/c/Panda3D-1.11.0-x64/etc/..;/c/Panda3D-1.11.0-x64/etc/../models
:10-29-2022 12:12:10 ClassicFSM(warning): [DistributedSuit]: no transition exists from Walk to FromCogHQ
:10-29-2022 12:12:26 :gobj(error): Texture::read() - couldn't read: phase_3/maps/hands/ms.png
:10-29-2022 12:12:26 :gobj(error): Unable to find texture "phase_3/maps/hands/ms.png" on model-path /;/c/Toontown-Last-Laff-Workspace-10-21-2022/src/toontown/launcher;/c/Panda3D-1.11.0-x64/etc/..;/c/Panda3D-1.11.0-x64/etc/../models
:10-29-2022 12:12:27 ClassicFSM(warning): [DistributedSuit]: no transition exists from Walk to FromCogHQ
:10-29-2022 12:13:03 :gobj(error): Texture::read() - couldn't read: phase_3/maps/hands/ms.png
:10-29-2022 12:13:03 :gobj(error): Unable to find texture "phase_3/maps/hands/ms.png" on model-path /;/c/Toontown-Last-Laff-Workspace-10-21-2022/src/toontown/launcher;/c/Panda3D-1.11.0-x64/etc/..;/c/Panda3D-1.11.0-x64/etc/../models
adding timeout task
adding timeout task
:10-29-2022 12:13:35 :gobj(error): Texture::read() - couldn't read: phase_3/maps/hands/tf.png
:10-29-2022 12:13:35 :gobj(error): Unable to find texture "phase_3/maps/hands/tf.png" on model-path /;/c/Toontown-Last-Laff-Workspace-10-21-2022/src/toontown/launcher;/c/Panda3D-1.11.0-x64/etc/..;/c/Panda3D-1.11.0-x64/etc/../models
:10-29-2022 12:13:36 ClassicFSM(warning): [DistributedSuit]: no transition exists from Walk to FromCogHQ
:10-29-2022 12:13:36 :gobj(error): Texture::read() - couldn't read: phase_3/maps/hands/ms.png
:10-29-2022 12:13:36 :gobj(error): Unable to find texture "phase_3/maps/hands/ms.png" on model-path /;/c/Toontown-Last-Laff-Workspace-10-21-2022/src/toontown/launcher;/c/Panda3D-1.11.0-x64/etc/..;/c/Panda3D-1.11.0-x64/etc/../models
:10-29-2022 12:13:55 SellbotHQExterior: QA-REGRESSION: COGBATTLE: Enter Battle
Battle Event localtoon-battle-event-15
:10-29-2022 12:13:58 :gobj(error): Texture::read() - couldn't read: phase_3/maps/hands/tm.png
:10-29-2022 12:13:58 :gobj(error): Unable to find texture "phase_3/maps/hands/tm.png" on model-path /;/c/Toontown-Last-Laff-Workspace-10-21-2022/src/toontown/launcher;/c/Panda3D-1.11.0-x64/etc/..;/c/Panda3D-1.11.0-x64/etc/../models
:10-29-2022 12:14:11 :gobj(error): Texture::read() - couldn't read: phase_3/maps/hands/ms.png
:10-29-2022 12:14:11 :gobj(error): Unable to find texture "phase_3/maps/hands/ms.png" on model-path /;/c/Toontown-Last-Laff-Workspace-10-21-2022/src/toontown/launcher;/c/Panda3D-1.11.0-x64/etc/..;/c/Panda3D-1.11.0-x64/etc/../models
:10-29-2022 12:14:11 ClassicFSM(warning): [DistributedSuit]: no transition exists from Walk to FromCogHQ
:10-29-2022 12:14:13 :gobj(error): Texture::read() - couldn't read: phase_3/maps/hands/tm.png
:10-29-2022 12:14:13 :gobj(error): Unable to find texture "phase_3/maps/hands/tm.png" on model-path /;/c/Toontown-Last-Laff-Workspace-10-21-2022/src/toontown/launcher;/c/Panda3D-1.11.0-x64/etc/..;/c/Panda3D-1.11.0-x64/etc/../models
:10-29-2022 12:14:13 ClassicFSM(warning): [DistributedSuit]: no transition exists from Walk to FromCogHQ
:10-29-2022 12:14:19 :gobj(error): Texture::read() - couldn't read: phase_3/maps/hands/ms.png
:10-29-2022 12:14:19 :gobj(error): Unable to find texture "phase_3/maps/hands/ms.png" on model-path /;/c/Toontown-Last-Laff-Workspace-10-21-2022/src/toontown/launcher;/c/Panda3D-1.11.0-x64/etc/..;/c/Panda3D-1.11.0-x64/etc/../models
:10-29-2022 12:14:26 LocalAvatar(warning): redundant call to startUpdateSmartCamera
:10-29-2022 12:14:26 :loader(error): Couldn't load file phase_4/models/questmap/cog_hq_sellbot_maps.bam: not found on model path (currently: "/;/c/Toontown-Last-Laff-Workspace-10-21-2022/src/toontown/launcher;/c/Panda3D-1.11.0-x64/etc/..;/c/Panda3D-1.11.0-x64/etc/../models")
:10-29-2022 12:14:30 :gobj(error): Texture::read() - couldn't read: phase_3/maps/hands/tm.png
:10-29-2022 12:14:30 :gobj(error): Unable to find texture "phase_3/maps/hands/tm.png" on model-path /;/c/Toontown-Last-Laff-Workspace-10-21-2022/src/toontown/launcher;/c/Panda3D-1.11.0-x64/etc/..;/c/Panda3D-1.11.0-x64/etc/../models
:10-29-2022 12:14:40 :gobj(error): Texture::read() - couldn't read: phase_3/maps/hands/tm.png
:10-29-2022 12:14:40 :gobj(error): Unable to find texture "phase_3/maps/hands/tm.png" on model-path /;/c/Toontown-Last-Laff-Workspace-10-21-2022/src/toontown/launcher;/c/Panda3D-1.11.0-x64/etc/..;/c/Panda3D-1.11.0-x64/etc/../models
:10-29-2022 12:15:01 :gobj(error): Texture::read() - couldn't read: phase_3/maps/hands/ms.png
:10-29-2022 12:15:01 :gobj(error): Unable to find texture "phase_3/maps/hands/ms.png" on model-path /;/c/Toontown-Last-Laff-Workspace-10-21-2022/src/toontown/launcher;/c/Panda3D-1.11.0-x64/etc/..;/c/Panda3D-1.11.0-x64/etc/../models
:10-29-2022 12:15:02 ClassicFSM(warning): [DistributedSuit]: no transition exists from Walk to FromCogHQ
:10-29-2022 12:15:04 :gobj(error): Texture::read() - couldn't read: phase_3/maps/hands/cc.png
:10-29-2022 12:15:04 :gobj(error): Unable to find texture "phase_3/maps/hands/cc.png" on model-path /;/c/Toontown-Last-Laff-Workspace-10-21-2022/src/toontown/launcher;/c/Panda3D-1.11.0-x64/etc/..;/c/Panda3D-1.11.0-x64/etc/../models
:10-29-2022 12:15:12 :gobj(error): Texture::read() - couldn't read: phase_3/maps/hands/tm.png
:10-29-2022 12:15:12 :gobj(error): Unable to find texture "phase_3/maps/hands/tm.png" on model-path /;/c/Toontown-Last-Laff-Workspace-10-21-2022/src/toontown/launcher;/c/Panda3D-1.11.0-x64/etc/..;/c/Panda3D-1.11.0-x64/etc/../models
:10-29-2022 12:15:13 ClassicFSM(warning): [DistributedSuit]: no transition exists from Walk to FromCogHQ
:10-29-2022 12:15:26 :gobj(error): Texture::read() - couldn't read: phase_3/maps/hands/tf.png
:10-29-2022 12:15:26 :gobj(error): Unable to find texture "phase_3/maps/hands/tf.png" on model-path /;/c/Toontown-Last-Laff-Workspace-10-21-2022/src/toontown/launcher;/c/Panda3D-1.11.0-x64/etc/..;/c/Panda3D-1.11.0-x64/etc/../models
:10-29-2022 12:15:39 :gobj(error): Texture::read() - couldn't read: phase_3/maps/hands/tm.png
:10-29-2022 12:15:39 :gobj(error): Unable to find texture "phase_3/maps/hands/tm.png" on model-path /;/c/Toontown-Last-Laff-Workspace-10-21-2022/src/toontown/launcher;/c/Panda3D-1.11.0-x64/etc/..;/c/Panda3D-1.11.0-x64/etc/../models
:10-29-2022 12:15:40 ClassicFSM(warning): [DistributedSuit]: no transition exists from Walk to FromCogHQ
:10-29-2022 12:15:52 :gobj(error): Texture::read() - couldn't read: phase_3/maps/hands/tm.png
:10-29-2022 12:15:52 :gobj(error): Unable to find texture "phase_3/maps/hands/tm.png" on model-path /;/c/Toontown-Last-Laff-Workspace-10-21-2022/src/toontown/launcher;/c/Panda3D-1.11.0-x64/etc/..;/c/Panda3D-1.11.0-x64/etc/../models
:10-29-2022 12:15:52 ClassicFSM(warning): [DistributedSuit]: no transition exists from Walk to FromCogHQ
:10-29-2022 12:16:08 :gobj(error): Texture::read() - couldn't read: phase_3/maps/hands/ms.png
:10-29-2022 12:16:08 :gobj(error): Unable to find texture "phase_3/maps/hands/ms.png" on model-path /;/c/Toontown-Last-Laff-Workspace-10-21-2022/src/toontown/launcher;/c/Panda3D-1.11.0-x64/etc/..;/c/Panda3D-1.11.0-x64/etc/../models
:10-29-2022 12:16:09 ClassicFSM(warning): [DistributedSuit]: no transition exists from Walk to FromCogHQ
:10-29-2022 12:16:22 :gobj(error): Texture::read() - couldn't read: phase_3/maps/hands/nd.png
:10-29-2022 12:16:22 :gobj(error): Unable to find texture "phase_3/maps/hands/nd.png" on model-path /;/c/Toontown-Last-Laff-Workspace-10-21-2022/src/toontown/launcher;/c/Panda3D-1.11.0-x64/etc/..;/c/Panda3D-1.11.0-x64/etc/../models
frame rate: 59.6 fps|0.003d|9 avs||619|620||0x0000|0x0000|768.7MB|745.6MB|16302.1MB|743|nt.2.6.2|3.601,3.601|4,8 cpus|OpenGL
:10-29-2022 12:16:34 :gobj(error): Texture::read() - couldn't read: phase_3/maps/hands/gh.png
:10-29-2022 12:16:34 :gobj(error): Unable to find texture "phase_3/maps/hands/gh.png" on model-path /;/c/Toontown-Last-Laff-Workspace-10-21-2022/src/toontown/launcher;/c/Panda3D-1.11.0-x64/etc/..;/c/Panda3D-1.11.0-x64/etc/../models
:10-29-2022 12:16:45 :gobj(error): Texture::read() - couldn't read: phase_3/maps/hands/cc.png
:10-29-2022 12:16:45 :gobj(error): Unable to find texture "phase_3/maps/hands/cc.png" on model-path /;/c/Toontown-Last-Laff-Workspace-10-21-2022/src/toontown/launcher;/c/Panda3D-1.11.0-x64/etc/..;/c/Panda3D-1.11.0-x64/etc/../models
:10-29-2022 12:16:57 :gobj(error): Texture::read() - couldn't read: phase_3/maps/hands/nd.png
:10-29-2022 12:16:57 :gobj(error): Unable to find texture "phase_3/maps/hands/nd.png" on model-path /;/c/Toontown-Last-Laff-Workspace-10-21-2022/src/toontown/launcher;/c/Panda3D-1.11.0-x64/etc/..;/c/Panda3D-1.11.0-x64/etc/../models
adding timeout task
adding timeout task
:10-29-2022 12:17:19 :gobj(error): Texture::read() - couldn't read: phase_3/maps/hands/tm.png
:10-29-2022 12:17:19 :gobj(error): Unable to find texture "phase_3/maps/hands/tm.png" on model-path /;/c/Toontown-Last-Laff-Workspace-10-21-2022/src/toontown/launcher;/c/Panda3D-1.11.0-x64/etc/..;/c/Panda3D-1.11.0-x64/etc/../models
:10-29-2022 12:17:19 ClassicFSM(warning): [DistributedSuit]: no transition exists from Walk to FromCogHQ
:10-29-2022 12:17:45 :gobj(error): Texture::read() - couldn't read: phase_3/maps/hands/ms.png
:10-29-2022 12:17:45 :gobj(error): Unable to find texture "phase_3/maps/hands/ms.png" on model-path /;/c/Toontown-Last-Laff-Workspace-10-21-2022/src/toontown/launcher;/c/Panda3D-1.11.0-x64/etc/..;/c/Panda3D-1.11.0-x64/etc/../models
:10-29-2022 12:17:45 ClassicFSM(warning): [DistributedSuit]: no transition exists from Walk to FromCogHQ
:10-29-2022 12:17:57 :gobj(error): Texture::read() - couldn't read: phase_3/maps/hands/nd.png
:10-29-2022 12:17:57 :gobj(error): Unable to find texture "phase_3/maps/hands/nd.png" on model-path /;/c/Toontown-Last-Laff-Workspace-10-21-2022/src/toontown/launcher;/c/Panda3D-1.11.0-x64/etc/..;/c/Panda3D-1.11.0-x64/etc/../models
:10-29-2022 12:17:57 ClassicFSM(warning): [DistributedSuit]: no transition exists from Walk to FromCogHQ
:10-29-2022 12:18:11 :gobj(error): Texture::read() - couldn't read: phase_3/maps/hands/nd.png
:10-29-2022 12:18:11 :gobj(error): Unable to find texture "phase_3/maps/hands/nd.png" on model-path /;/c/Toontown-Last-Laff-Workspace-10-21-2022/src/toontown/launcher;/c/Panda3D-1.11.0-x64/etc/..;/c/Panda3D-1.11.0-x64/etc/../models
:10-29-2022 12:18:12 ClassicFSM(warning): [DistributedSuit]: no transition exists from Walk to FromCogHQ
:10-29-2022 12:18:14 :gobj(error): Texture::read() - couldn't read: phase_3/maps/hands/gh.png
:10-29-2022 12:18:14 :gobj(error): Unable to find texture "phase_3/maps/hands/gh.png" on model-path /;/c/Toontown-Last-Laff-Workspace-10-21-2022/src/toontown/launcher;/c/Panda3D-1.11.0-x64/etc/..;/c/Panda3D-1.11.0-x64/etc/../models
:10-29-2022 12:18:14 :gobj(error): Texture::read() - couldn't read: phase_3/maps/hands/gh.png
:10-29-2022 12:18:14 :gobj(error): Unable to find texture "phase_3/maps/hands/gh.png" on model-path /;/c/Toontown-Last-Laff-Workspace-10-21-2022/src/toontown/launcher;/c/Panda3D-1.11.0-x64/etc/..;/c/Panda3D-1.11.0-x64/etc/../models
:10-29-2022 12:18:14 ClassicFSM(warning): [DistributedSuit]: no transition exists from Walk to FromCogHQ
:10-29-2022 12:18:26 :gobj(error): Texture::read() - couldn't read: phase_3/maps/hands/gh.png
:10-29-2022 12:18:26 :gobj(error): Unable to find texture "phase_3/maps/hands/gh.png" on model-path /;/c/Toontown-Last-Laff-Workspace-10-21-2022/src/toontown/launcher;/c/Panda3D-1.11.0-x64/etc/..;/c/Panda3D-1.11.0-x64/etc/../models
:10-29-2022 12:18:37 :gobj(error): Texture::read() - couldn't read: phase_3/maps/hands/cc.png
:10-29-2022 12:18:37 :gobj(error): Unable to find texture "phase_3/maps/hands/cc.png" on model-path /;/c/Toontown-Last-Laff-Workspace-10-21-2022/src/toontown/launcher;/c/Panda3D-1.11.0-x64/etc/..;/c/Panda3D-1.11.0-x64/etc/../models
:10-29-2022 12:18:59 :gobj(error): Texture::read() - couldn't read: phase_3/maps/hands/gh.png
:10-29-2022 12:18:59 :gobj(error): Unable to find texture "phase_3/maps/hands/gh.png" on model-path /;/c/Toontown-Last-Laff-Workspace-10-21-2022/src/toontown/launcher;/c/Panda3D-1.11.0-x64/etc/..;/c/Panda3D-1.11.0-x64/etc/../models
:10-29-2022 12:19:11 :gobj(error): Texture::read() - couldn't read: phase_3/maps/hands/ms.png
:10-29-2022 12:19:11 :gobj(error): Unable to find texture "phase_3/maps/hands/ms.png" on model-path /;/c/Toontown-Last-Laff-Workspace-10-21-2022/src/toontown/launcher;/c/Panda3D-1.11.0-x64/etc/..;/c/Panda3D-1.11.0-x64/etc/../models
:10-29-2022 12:19:12 ClassicFSM(warning): [DistributedSuit]: no transition exists from Walk to FromCogHQ
:10-29-2022 12:19:21 :gobj(error): Texture::read() - couldn't read: phase_3/maps/hands/tm.png
:10-29-2022 12:19:21 :gobj(error): Unable to find texture "phase_3/maps/hands/tm.png" on model-path /;/c/Toontown-Last-Laff-Workspace-10-21-2022/src/toontown/launcher;/c/Panda3D-1.11.0-x64/etc/..;/c/Panda3D-1.11.0-x64/etc/../models
:10-29-2022 12:19:25 :gobj(error): Texture::read() - couldn't read: phase_3/maps/hands/gh.png
:10-29-2022 12:19:25 :gobj(error): Unable to find texture "phase_3/maps/hands/gh.png" on model-path /;/c/Toontown-Last-Laff-Workspace-10-21-2022/src/toontown/launcher;/c/Panda3D-1.11.0-x64/etc/..;/c/Panda3D-1.11.0-x64/etc/../models
:10-29-2022 12:19:26 ClassicFSM(warning): [DistributedSuit]: no transition exists from Walk to FromCogHQ
:10-29-2022 12:19:32 :gobj(error): Texture::read() - couldn't read: phase_3/maps/hands/tf.png
:10-29-2022 12:19:32 :gobj(error): Unable to find texture "phase_3/maps/hands/tf.png" on model-path /;/c/Toontown-Last-Laff-Workspace-10-21-2022/src/toontown/launcher;/c/Panda3D-1.11.0-x64/etc/..;/c/Panda3D-1.11.0-x64/etc/../models
:10-29-2022 12:20:03 :gobj(error): Texture::read() - couldn't read: phase_3/maps/hands/cc.png
:10-29-2022 12:20:03 :gobj(error): Unable to find texture "phase_3/maps/hands/cc.png" on model-path /;/c/Toontown-Last-Laff-Workspace-10-21-2022/src/toontown/launcher;/c/Panda3D-1.11.0-x64/etc/..;/c/Panda3D-1.11.0-x64/etc/../models
:10-29-2022 12:20:04 ClassicFSM(warning): [DistributedSuit]: no transition exists from Walk to FromCogHQ
:10-29-2022 12:20:06 ToonBase: User closed main window.
:10-29-2022 12:20:06 TimeManager: Client disconnect reason 2.
:10-29-2022 12:20:06 DistributedObject: DistributedSuitPlanner 402002954: disabling
:10-29-2022 12:20:06 SellbotHQExterior: Unloading Place (11006). Fsm in final
:10-29-2022 12:20:07 OTPClientRepository(warning): unclean exit, abandoning shard
ignoring InputState-forward
:10-29-2022 12:20:07 OTPClientRepository: sending clientLogout
Assertion failed: _error_type != ET_not_found at line 592 of panda/src/pgraph/nodePath.cxx
Traceback (most recent call last):
  File "C:\Panda3D-1.11.0-x64\direct\showbase\EventManager.py", line 49, in eventLoopTask
    self.doEvents()
  File "C:\Panda3D-1.11.0-x64\direct\showbase\EventManager.py", line 43, in doEvents
    processFunc(dequeueFunc())
  File "C:\Panda3D-1.11.0-x64\direct\showbase\EventManager.py", line 99, in processEvent
    messenger.send(eventName, paramList)
  File "C:\Panda3D-1.11.0-x64\direct\showbase\Messenger.py", line 333, in send
    self.__dispatch(acceptorDict, event, sentArgs, foundWatch)
  File "C:\Panda3D-1.11.0-x64\direct\showbase\Messenger.py", line 418, in __dispatch
    result = method (*(extraArgs + sentArgs))
  File "toontown\toonbase\ToonBase.py", line 187, in windowEvent
    OTPBase.OTPBase.windowEvent(self, win)
  File "C:\Panda3D-1.11.0-x64\direct\showbase\ShowBase.py", line 2791, in windowEvent
    self.userExit()
  File "toontown\toonbase\ToonBase.py", line 422, in userExit
    self.cr.loginFSM.request('shutdown')
  File "C:\Panda3D-1.11.0-x64\direct\fsm\ClassicFSM.py", line 281, in request
    exitArgList)
  File "C:\Panda3D-1.11.0-x64\direct\fsm\ClassicFSM.py", line 227, in __transition
    self.__exitCurrent(exitArgList)
  File "C:\Panda3D-1.11.0-x64\direct\fsm\ClassicFSM.py", line 185, in __exitCurrent
    self.__currentState.exit(argList)
  File "C:\Panda3D-1.11.0-x64\direct\fsm\State.py", line 213, in exit
    self.__exitFunc(*argList)
  File "toontown\distributed\ToontownClientRepository.py", line 430, in exitPlayingGame
    base.localAvatar.deleteOrDelay()
  File "C:\Panda3D-1.11.0-x64\direct\distributed\DistributedObject.py", line 201, in deleteOrDelay
    self.disableAnnounceAndDelete()
  File "C:\Panda3D-1.11.0-x64\direct\distributed\DistributedObject.py", line 204, in disableAnnounceAndDelete
    self.disableAndAnnounce()
  File "C:\Panda3D-1.11.0-x64\direct\distributed\DistributedObject.py", line 230, in disableAndAnnounce
    self.disable()
  File "toontown\toon\LocalToon.py", line 256, in disable
    self.book.unload()
  File "toontown\shtiker\ShtikerBook.py", line 150, in unload
    page.unload()
  File "toontown\shtiker\SuitPage.py", line 240, in unload
    shadow.removeNode()
AssertionError: _error_type != ET_not_found at line 592 of panda/src/pgraph/nodePath.cxx
:10-29-2022 12:20:07 :task(error): Exception occurred in PythonTask eventManager
:10-29-2022 12:20:07 TTOffLauncher: setting panda error code to 12
:10-29-2022 12:20:07 TTOffLauncher(warning): Handling Python exception.
:10-29-2022 12:20:07 OTPClientRepository: Sent disconnect message to server
:10-29-2022 12:20:07 OTPClientRepository: Closing connection to server.
:10-29-2022 12:20:07 TTOffLauncher: Exception exit.

Traceback (most recent call last):
  File "otp\launcher\LauncherBase.py", line 1081, in mainLoop
    self._runTaskManager()
  File "otp\launcher\LauncherBase.py", line 1052, in _runTaskManager
    taskMgr.run()
  File "C:\Panda3D-1.11.0-x64\direct\task\Task.py", line 528, in run
    self.step()
  File "C:\Panda3D-1.11.0-x64\direct\task\Task.py", line 482, in step
    self.mgr.poll()
  File "C:\Panda3D-1.11.0-x64\direct\showbase\EventManager.py", line 49, in eventLoopTask
    self.doEvents()
  File "C:\Panda3D-1.11.0-x64\direct\showbase\EventManager.py", line 43, in doEvents
    processFunc(dequeueFunc())
  File "C:\Panda3D-1.11.0-x64\direct\showbase\EventManager.py", line 99, in processEvent
    messenger.send(eventName, paramList)
  File "C:\Panda3D-1.11.0-x64\direct\showbase\Messenger.py", line 333, in send
    self.__dispatch(acceptorDict, event, sentArgs, foundWatch)
  File "C:\Panda3D-1.11.0-x64\direct\showbase\Messenger.py", line 418, in __dispatch
    result = method (*(extraArgs + sentArgs))
  File "toontown\toonbase\ToonBase.py", line 187, in windowEvent
    OTPBase.OTPBase.windowEvent(self, win)
  File "C:\Panda3D-1.11.0-x64\direct\showbase\ShowBase.py", line 2791, in windowEvent
    self.userExit()
  File "toontown\toonbase\ToonBase.py", line 422, in userExit
    self.cr.loginFSM.request('shutdown')
  File "C:\Panda3D-1.11.0-x64\direct\fsm\ClassicFSM.py", line 281, in request
    exitArgList)
  File "C:\Panda3D-1.11.0-x64\direct\fsm\ClassicFSM.py", line 227, in __transition
    self.__exitCurrent(exitArgList)
  File "C:\Panda3D-1.11.0-x64\direct\fsm\ClassicFSM.py", line 185, in __exitCurrent
    self.__currentState.exit(argList)
  File "C:\Panda3D-1.11.0-x64\direct\fsm\State.py", line 213, in exit
    self.__exitFunc(*argList)
  File "toontown\distributed\ToontownClientRepository.py", line 430, in exitPlayingGame
    base.localAvatar.deleteOrDelay()
  File "C:\Panda3D-1.11.0-x64\direct\distributed\DistributedObject.py", line 201, in deleteOrDelay
    self.disableAnnounceAndDelete()
  File "C:\Panda3D-1.11.0-x64\direct\distributed\DistributedObject.py", line 204, in disableAnnounceAndDelete
    self.disableAndAnnounce()
  File "C:\Panda3D-1.11.0-x64\direct\distributed\DistributedObject.py", line 230, in disableAndAnnounce
    self.disable()
  File "toontown\toon\LocalToon.py", line 256, in disable
    self.book.unload()
  File "toontown\shtiker\ShtikerBook.py", line 150, in unload
    page.unload()
  File "toontown\shtiker\SuitPage.py", line 240, in unload
    shadow.removeNode()
AssertionError: _error_type != ET_not_found at line 592 of panda/src/pgraph/nodePath.cxx
