

Starting Toontown Online...
Current time: Sat Sep 24 12:49:32 2022 Eastern Standard Time
sys.path =  ['', 'C:\\TTLastLaffFirstQA\\Toontown-Last-Laff-Workspace\\src\\Panda3D-1.11.0-x64\\python\\python27.zip', 'C:\\Panda3D-1.11.0-x64', 'C:\\TTLastLaffFirstQA\\Toontown-Last-Laff-Workspace\\src\\Panda3D-1.11.0-x64\\python\\DLLs', 'C:\\TTLastLaffFirstQA\\Toontown-Last-Laff-Workspace\\src\\Panda3D-1.11.0-x64\\python\\lib', 'C:\\TTLastLaffFirstQA\\Toontown-Last-Laff-Workspace\\src\\Panda3D-1.11.0-x64\\python\\lib\\plat-win', 'C:\\TTLastLaffFirstQA\\Toontown-Last-Laff-Workspace\\src\\Panda3D-1.11.0-x64\\python\\lib\\lib-tk', 'C:\\TTLastLaffFirstQA\\Toontown-Last-Laff-Workspace\\src\\Panda3D-1.11.0-x64\\python', 'C:\\TTLastLaffFirstQA\\Toontown-Last-Laff-Workspace\\src\\Panda3D-1.11.0-x64', 'C:\\TTLastLaffFirstQA\\Toontown-Last-Laff-Workspace\\src\\Panda3D-1.11.0-x64\\bin', 'C:\\TTLastLaffFirstQA\\Toontown-Last-Laff-Workspace\\src\\Panda3D-1.11.0-x64\\python\\lib\\site-packages']
sys.argv =  ['C:\\TTLastLaffFirstQA\\Toontown-Last-Laff-Workspace\\src\\toontown\\launcher\\TTOffQuickStartLauncher.py']
generating standard configrc
os.environ =  {'TMP': 'C:\\Users\\Philip\\AppData\\Local\\Temp', 'COMPUTERNAME': 'PHILIP-JR', 'USERDOMAIN': 'PHILIP-JR', 'NEKO_INSTPATH': 'C:\\HaxeToolkit\\neko', 'PSMODULEPATH': 'C:\\WINDOWS\\system32\\WindowsPowerShell\\v1.0\\Modules\\', 'DOKANLIBRARY1': 'C:\\Program Files\\Dokan\\Dokan Library-1.4.1\\', 'ADSK_3DSMAX_X64_2021': 'C:\\Program Files\\Autodesk\\3ds Max 2021\\', 'PROCESSOR_IDENTIFIER': 'Intel64 Family 6 Model 45 Stepping 7, GenuineIntel', 'VBOX_MSI_INSTALL_PATH': 'C:\\Program Files\\Oracle\\VirtualBox\\', 'PROGRAMFILES': 'C:\\Program Files', 'PROCESSOR_REVISION': '2d07', 'PATH': 'C:\\Panda3D-1.11.0-x64\\panda3d\\..\\bin;C:\\Program Files (x86)\\Common Files\\Oracle\\Java\\javapath;C:\\Windows\\system32;C:\\Windows;C:\\Windows\\System32\\Wbem;C:\\Windows\\System32\\WindowsPowerShell\\v1.0\\;C:\\Program Files (x86)\\NVIDIA Corporation\\PhysX\\Common;C:\\Program Files\\Git\\cmd;C:\\WINDOWS\\system32;C:\\WINDOWS;C:\\WINDOWS\\System32\\Wbem;C:\\WINDOWS\\System32\\WindowsPowerShell\\v1.0\\;C:\\Program Files\\dotnet\\;C:\\Program Files\\Common Files\\Autodesk Shared\\;C:\\Program Files\\Microsoft SQL Server\\120\\Tools\\Binn\\;C:\\HaxeToolkit\\haxe;C:\\HaxeToolkit\\neko;C:\\Program Files\\Animation Paper\\gstreamer\\bin;C:\\Program Files\\PuTTY\\;C:\\Program Files\\NVIDIA Corporation\\NVIDIA NvDLISR;C:\\Program Files (x86)\\Windows Live\\Shared;C:\\HaxeToolkit\\haxe;C:\\HaxeToolkit\\neko;C:\\Program Files (x86)\\Windows Kits\\8.1\\Windows Performance Toolkit\\;C:\\Users\\Philip\\anaconda3;C:\\Users\\Philip\\anaconda3\\Library\\mingw-w64\\bin;C:\\Users\\Philip\\anaconda3\\Library\\usr\\bin;C:\\Users\\Philip\\anaconda3\\Library\\bin;C:\\Users\\Philip\\anaconda3\\Scripts;C:\\Program Files\\MySQL\\MySQL Shell 8.0\\bin\\;C:\\Panda3D-1.10.02\\python;C:\\Panda3D-1.10.02\\python\\Scripts;C:\\Panda3D-1.10.02\\bin;C:\\Panda3D-1.11.0-x64-py2\\python;C:\\Panda3D-1.11.0-x64-py2\\python\\Scripts;C:\\Panda3D-1.11.0-x64-py2\\bin;C:\\Users\\Philip\\AppData\\Local\\GitHubDesktop\\bin;C:\\Panda3D-1.9.0\\python;C:\\Panda3D-1.9.0\\python\\Scripts;C:\\Panda3D-1.9.0\\bin;C:\\Panda3D-1.10.0-x64\\python;C:\\Panda3D-1.10.0-x64\\python\\Scripts;C:\\Panda3D-1.10.0-x64\\bin;C:\\Users\\Philip\\AppData\\Local\\atom\\bin;C:\\Panda3D-1.10.0\\python;C:\\Panda3D-1.10.0\\python\\Scripts;C:\\Panda3D-1.10.0\\bin;C:\\Panda3D-1.11.0-x64-astron\\python;C:\\Panda3D-1.11.0-x64-astron\\python\\Scripts;C:\\Panda3D-1.11.0-x64-astron\\bin;C:\\Panda3D-1.11.0-x64\\python;C:\\Panda3D-1.11.0-x64\\python\\Scripts;C:\\Panda3D-1.11.0-x64\\bin;C:\\Panda3D-1.10.9-x64\\python;C:\\Panda3D-1.10.9-x64\\python\\Scrip;C:\\Users\\Philip\\AppData\\Local\\Programs\\Microsoft VS Code\\bin;C:\\Users\\Philip\\.dotnet\\tools;%C:\\Program Files (x86)\\Windows Kits\\8.1\\bin\\x86\\rc.exe%;%C:\\Program Files (x86)\\Microsoft Visual Studio\\2019\\BuildTools\\Common7\\IDE%;C:\\Program Files\\JetBrains\\PyCharm Community Edition 2021.3.3\\bin;', 'SYSTEMROOT': 'C:\\WINDOWS', 'NUMBER_OF_PROCESSORS': '8', 'PROGRAMFILES(X86)': 'C:\\Program Files (x86)', 'COMSPEC': 'C:\\WINDOWS\\system32\\cmd.exe', 'KMP_BLOCKTIME': '0', 'PPYTHON_PATH': '"Panda3D-1.11.0-x64\\python\\ppython.exe"', 'PYCHARM COMMUNITY EDITION': 'C:\\Program Files\\JetBrains\\PyCharm Community Edition 2021.3.3\\bin;', 'COMMONPROGRAMFILES(X86)': 'C:\\Program Files (x86)\\Common Files', 'PROCESSOR_ARCHITECTURE': 'AMD64', 'DOKANLIBRARY1_LIBRARYPATH_X64': 'C:\\Program Files\\Dokan\\Dokan Library-1.4.1\\lib\\', 'ALLUSERSPROFILE': 'C:\\ProgramData', 'LOCALAPPDATA': 'C:\\Users\\Philip\\AppData\\Local', 'HOMEPATH': '\\Users\\Philip', 'USERDOMAIN_ROAMINGPROFILE': 'PHILIP-JR', 'PROGRAMW6432': 'C:\\Program Files', 'USERNAME': 'Philip', 'FP_NO_HOST_CHECK': 'NO', 'DOKANLIBRARY1_LIBRARYPATH_X86': 'C:\\Program Files\\Dokan\\Dokan Library-1.4.1\\x86\\lib\\', 'LOGONSERVER': '\\\\MicrosoftAccount', 'PROMPT': '$P$G', 'SESSIONNAME': 'Console', 'PROGRAMDATA': 'C:\\ProgramData', 'COMMONPROGRAMFILES': 'C:\\Program Files\\Common Files', 'TEMP': 'C:\\Users\\Philip\\AppData\\Local\\Temp', 'HAXEPATH': 'C:\\HaxeToolkit\\haxe', 'PATHEXT': '.COM;.EXE;.BAT;.CMD;.VBS;.VBE;.JS;.JSE;.WSF;.WSH;.MSC', 'TTOFF_LOGIN_TOKEN': 'dev', 'VS160COMCOMNTOOLS': 'C:\\Program Files (x86)\\Microsoft Visual Studio\\2019\\Community\\Common7\\Tools\\', 'WINDIR': 'C:\\WINDOWS', 'OMP_WAIT_POLICY': 'PASSIVE', 'MONGO': 'C:\\mongodb-win32-x86_64-windows-4.4.4/bin', 'HOMEDRIVE': 'C:', 'SYSTEMDRIVE': 'C:', 'PUBLIC': 'C:\\Users\\Public', 'APPDATA': 'C:\\Users\\Philip\\AppData\\Roaming', 'PROCESSOR_LEVEL': '6', 'CIOENGINE': 'C:\\cio-panda3d', 'COMMONPROGRAMW6432': 'C:\\Program Files\\Common Files', 'OS': 'Windows_NT', 'ADSK_CLM_WPAD_PROXY_CHECK': 'FALSE', 'USERPROFILE': 'C:\\Users\\Philip'}
:09-24-2022 12:49:32 TTOffLauncher: isTestServer: 0
:09-24-2022 12:49:32 TTOffLauncher: Game Server 127.0.0.1
:09-24-2022 12:49:32 TTOffLauncher: Starting Toontown Online... 
:09-24-2022 12:49:32 TTOffLauncher: foreground: Launcher now operating in foreground
useTTOffSpecificLogin=True
:09-24-2022 12:49:32 TTOffLauncher: maybeStartGame: starting game
:09-24-2022 12:49:32 TTOffLauncher: Starting Toontown Online...
:09-24-2022 12:49:32 TTOffLauncher: background: Launcher now operating in background
ToontownStart: Polling for game2 to finish...
ToontownStart: Game2 is finished.
ToontownStart: Starting the game.
ToontownStart: setting default font
:09-24-2022 12:49:32 TTOffLauncher: setting panda error code to 7
Known pipe types:
  wglGraphicsPipe
(all display modules loaded.)
:09-24-2022 12:49:32 ToonBase: Default graphics pipe is wglGraphicsPipe (OpenGL).
:09-24-2022 12:49:32 :display(warning): FrameBufferProperties available less than requested.
  requested: depth_bits=24 color_bits=3 red_bits=1 green_bits=1 blue_bits=1 alpha_bits=1 multisamples=70 back_buffers=1 force_hardware 
  got: depth_bits=24 color_bits=24 red_bits=8 green_bits=8 blue_bits=8 alpha_bits=8 accum_bits=64 multisamples=16 back_buffers=1 force_hardware 
:09-24-2022 12:49:32 ToonBase: Successfully opened window of type wglGraphicsWindow (OpenGL)
:09-24-2022 12:49:32 ShowBase: __dev__ == False
:09-24-2022 12:49:32 TTOffLauncher: setting panda error code to 11
:09-24-2022 12:49:32 TTOffLauncher: setting panda error code to 0
ToontownStart: Loading default gui sounds
ToontownStart: serverVersion:  tto-dev
:09-24-2022 12:49:33 Loader: starting bulk load of block 'init'
:09-24-2022 12:49:33 :nativenet(error): Buffered_DatagramConnection Constructor rbufsize = 4096000 wbufsize = 4096000 write_flush_point = 1400
:09-24-2022 12:49:33 OTPClientRepository: Using connect method 'http'
:09-24-2022 12:49:34 TTOffLauncher: getRegistry ('DEPLOYMENT', None)
:09-24-2022 12:49:34 TTOffLauncher: checking env
:09-24-2022 12:49:34 TTOffLauncher: getRegistry ('GAME_DEPLOYMENT', None)
:09-24-2022 12:49:34 TTOffLauncher: checking env
:09-24-2022 12:49:34 OTPClientRepository: reg_deployment=
:09-24-2022 12:49:34 OTPClientRepository: required-login auto.
:09-24-2022 12:49:34 OTPClientRepository: loginInterface: LoginTTOffAccount
:09-24-2022 12:49:34 TTOffLauncher: getNeedPwForSecretKey using ttoff-specific-login
:09-24-2022 12:49:34 Loader: At end of block 'init', expected 138, loaded 8, duration=1.70560619132
:09-24-2022 12:49:34 OTPClientRepository: Connecting to gameserver directly (no proxy).
:09-24-2022 12:49:34 OTPClientRepository: Connecting to //127.0.0.1:7198 via HTTP interface.
:09-24-2022 12:49:34 TTOffLauncher: Stopping mini task manager.
:09-24-2022 12:49:34 OTPClientRepository: Successfully connected to //127.0.0.1:7198.
:09-24-2022 12:49:34 TTOffLauncher: Setting Disconnect Details normal
{401000001: <toontown.distributed.ToontownDistrict.ToontownDistrict instance at 0x0000000017914288>}
:09-24-2022 12:49:36 StateData: AvatarChooser.enter
:09-24-2022 12:49:36 DisplayOptions: settingsFullScreen = False, embedded = False width=800 height=600
:09-24-2022 12:49:36 StateData: calling self.displayOptions.restrictToEmbedded(False)
:09-24-2022 12:49:37 OTPClientRepository: ================
:09-24-2022 12:49:37 OTPClientRepository: Chose avatar id: 100000001
:09-24-2022 12:49:37 OTPClientRepository: Chose avatar name: Tricky Hucklesmirk
:09-24-2022 12:49:37 OTPClientRepository: Chose avatar dna: ('dls', 'ss', 'm', 'm', 15, 0, 15, 15, 0, 11, 0, 11, 1, 15)
:09-24-2022 12:49:37 OTPClientRepository: Chose avatar position: 1
:09-24-2022 12:49:37 OTPClientRepository: isPaid: 1
:09-24-2022 12:49:37 OTPClientRepository: freeTimeLeft: 0
:09-24-2022 12:49:37 OTPClientRepository: allowSecretChat: True
:09-24-2022 12:49:37 OTPClientRepository: ================
:09-24-2022 12:49:37 Loader: starting bulk load of block 'localAvatarPlayGame'
:09-24-2022 12:49:37 ToontownTimeManager(warning): error parsing date string=
local
:09-24-2022 12:49:38 NewsPageButtonManager(warning): Should not get here. NewsPageButtonManager.exitOff
:09-24-2022 12:49:38 :pnmimage:png(warning): iCCP: known incorrect sRGB profile
:09-24-2022 12:49:41 OTPClientRepository: Entering shard 401000001
:09-24-2022 12:49:41 StreetSign: Street sign url is https://ttoffline.com/images/
:09-24-2022 12:49:42 TimeManager: Clock sync: TimeManager.announceGenerate
:09-24-2022 12:49:42 NewsManager: setHolidayId: Starting Holiday 26
:09-24-2022 12:49:42 NewsManager: setHolidayId: Starting Holiday 19
:09-24-2022 12:49:42 InGameNewsMgr: latestIssue=2013-08-22 16:49:46.000003-07:00
cpu info: GenuineIntel|        Intel(R) Core(TM) i7-3820 CPU @ 3.60GHz|132823|0|3.601,3.601|4,8 cpus
:09-24-2022 12:49:43 OTPClientRepository: No sync from TimeManager.
:09-24-2022 12:49:43 OTPClientRepository: gotTimeSync
:09-24-2022 12:49:43 Loader: At end of block 'localAvatarPlayGame', expected 400, loaded 25, duration=6.61482049737
:09-24-2022 12:49:43 TimeManager: Clock sync roundtrip took 1133.875 ms
:09-24-2022 12:49:43 TimeManager: AI time delta is -0:01 from server delta
:09-24-2022 12:49:43 TimeManager: Local clock uncertainty +/- 0.567 s
:09-24-2022 12:49:43 PlayGame: QA-REGRESSION: NEIGHBORHOODS: Visit Bossbot HQ
:09-24-2022 12:49:43 Loader: starting bulk load of block 'hood'
:09-24-2022 12:49:44 OTPClientRepository: Sending heartbeat mid-frame.
:09-24-2022 12:49:45 BossbotCogHQLoader: loadPlaceGeom: 10000
:09-24-2022 12:49:45 HoodMgr(warning): getPlaygroundCenterFromId: No such hood name as: 10000
:09-24-2022 12:49:45 DistributedToon: calling LocalAvatar.startchat
:09-24-2022 12:49:45 :loader(error): Couldn't load file phase_4/models/questmap/cog_hq_bossbot_maps.bam: not found on model path (currently: "/;/c/TTLastLaffFirstQA/Toontown-Last-Laff-Workspace/src/toontown/launcher;/c/Panda3D-1.11.0-x64/etc/..;/c/Panda3D-1.11.0-x64/etc/../models")
:09-24-2022 12:49:45 Loader: At end of block 'hood', expected 2, loaded 7, duration=1.62259292855
:09-24-2022 12:49:47 Teleport(debug): teleportInDone: walk
:09-24-2022 12:49:47 :loader(error): Couldn't load file phase_4/models/questmap/cog_hq_bossbot_maps.bam: not found on model path (currently: "/;/c/TTLastLaffFirstQA/Toontown-Last-Laff-Workspace/src/toontown/launcher;/c/Panda3D-1.11.0-x64/etc/..;/c/Panda3D-1.11.0-x64/etc/../models")
:09-24-2022 12:49:49 TTOffMagicWordManager: Maxed out Tricky Hucklesmirk's stats.
:09-24-2022 12:49:50 TTOffMagicWordManager: Run mode has been toggled.
:09-24-2022 12:49:55 BossbotCogHQLoader: loadPlaceGeom: 10100
:09-24-2022 12:49:55 BossbotCogHQLoader: QA-REGRESSION: COGHQ: Visit BossbotLobby
:09-24-2022 12:49:55 BossbotHQExterior: Unloading Place (10000). Fsm in final
:09-24-2022 12:49:55 DistributedToon: calling LocalAvatar.startchat
:09-24-2022 12:49:55 :loader(error): Couldn't load file phase_4/models/questmap/cog_hq_bossbot_maps.bam: not found on model path (currently: "/;/c/TTLastLaffFirstQA/Toontown-Last-Laff-Workspace/src/toontown/launcher;/c/Panda3D-1.11.0-x64/etc/..;/c/Panda3D-1.11.0-x64/etc/../models")
:09-24-2022 12:49:56 :loader(error): Couldn't load file phase_4/models/questmap/cog_hq_bossbot_maps.bam: not found on model path (currently: "/;/c/TTLastLaffFirstQA/Toontown-Last-Laff-Workspace/src/toontown/launcher;/c/Panda3D-1.11.0-x64/etc/..;/c/Panda3D-1.11.0-x64/etc/../models")
:09-24-2022 12:50:32 BossbotCogHQLoader: loadPlaceGeom: 61000
:09-24-2022 12:50:32 BossbotCogHQLoader(warning): loadPlaceGeom: unclassified zone 61000
:09-24-2022 12:50:32 CogHQLobby: Unloading Place (10100). Fsm in final
:09-24-2022 12:50:33 DistributedToon: calling LocalAvatar.startchat
:09-24-2022 12:50:33 BossbotHQBossBattle(warning): fsm.request('movie') returned 0 (zone id 61000, avatar pos LPoint3f(2.49858, -89.487, 0.0825828)).
:09-24-2022 12:50:36 OTPClientRepository(warning): Server is booting us out (153): The session object with id 100000001 has been unexpectedly deleted.
:09-24-2022 12:50:36 OTPClientRepository(warning): Lost connection to gameserver.
:09-24-2022 12:50:36 BossbotHQBossBattle: Unloading Place (61000). Fsm in final
:09-24-2022 12:50:36 OTPClientRepository(warning): unclean exit, abandoning shard
ignoring InputState-forward
:09-24-2022 12:50:37 OTPClientRepository: sending clientLogout
:09-24-2022 12:50:37 LocalAvatar(warning): redundant call to stopUpdateSmartCamera
:09-24-2022 12:50:37 TTOffLauncher: New Disconnect Details: 153 - The district you were playing on has been reset.  Everyone who was playing on that district has been disconnected.  However, you should be able to connect again and go right back into the game. 
:09-24-2022 12:50:37 OTPClientRepository(warning): Lost connection to server. Notifying user.
:09-24-2022 12:50:37 OTPClientRepository(warning): Disable failed. DistObj 401004105 is not in dictionary, ownerView=False
:09-24-2022 12:50:37 OTPClientRepository(warning): Disable failed. DistObj 401004107 is not in dictionary, ownerView=False
:09-24-2022 12:50:37 OTPClientRepository(warning): Disable failed. DistObj 401004110 is not in dictionary, ownerView=False
:09-24-2022 12:50:37 OTPClientRepository(warning): Disable failed. DistObj 401004111 is not in dictionary, ownerView=False
:09-24-2022 12:50:37 OTPClientRepository(warning): Disable failed. DistObj 401004113 is not in dictionary, ownerView=False
:09-24-2022 12:50:37 OTPClientRepository(warning): Disable failed. DistObj 401004114 is not in dictionary, ownerView=False
:09-24-2022 12:50:37 OTPClientRepository(warning): Disable failed. DistObj 401004116 is not in dictionary, ownerView=False
:09-24-2022 12:50:37 OTPClientRepository(warning): Disable failed. DistObj 401004121 is not in dictionary, ownerView=False
:09-24-2022 12:50:37 OTPClientRepository(warning): Disable failed. DistObj 401004124 is not in dictionary, ownerView=False
:09-24-2022 12:50:37 OTPClientRepository(warning): Disable failed. DistObj 401004127 is not in dictionary, ownerView=False
:09-24-2022 12:50:37 OTPClientRepository(warning): Disable failed. DistObj 401004133 is not in dictionary, ownerView=False
:09-24-2022 12:50:37 OTPClientRepository(warning): Disable failed. DistObj 401004134 is not in dictionary, ownerView=False
:09-24-2022 12:50:37 OTPClientRepository(warning): Disable failed. DistObj 401004137 is not in dictionary, ownerView=False
:09-24-2022 12:50:37 OTPClientRepository(warning): Disable failed. DistObj 401004141 is not in dictionary, ownerView=False
:09-24-2022 12:50:37 OTPClientRepository(warning): Disable failed. DistObj 401004142 is not in dictionary, ownerView=False
:09-24-2022 12:50:37 OTPClientRepository(warning): Disable failed. DistObj 401004143 is not in dictionary, ownerView=False
:09-24-2022 12:50:37 OTPClientRepository(warning): Disable failed. DistObj 401004144 is not in dictionary, ownerView=False
:09-24-2022 12:50:37 OTPClientRepository(warning): Disable failed. DistObj 401004145 is not in dictionary, ownerView=False
:09-24-2022 12:50:37 OTPClientRepository(warning): Disable failed. DistObj 401004146 is not in dictionary, ownerView=False
:09-24-2022 12:50:37 :downloader(warning): Windows error code: 10053
:09-24-2022 12:50:37 OTPClientRepository(warning): Lost connection to gameserver.
:09-24-2022 12:50:38 OTPClientRepository: Exiting cleanly
:09-24-2022 12:50:38 ToonBase: Exiting Toontown: errorCode = None
:09-24-2022 12:50:38 TTOffLauncher: setting panda error code to 0
:09-24-2022 12:50:38 TTOffLauncher: Normal exit.
