

Starting Toontown Online...
Current time: Wed Dec  7 19:43:50 2022 Eastern Standard Time
sys.path =  ['', 'C:\\Toontown\\Toontown - Programming\\SuitopiaUpdateLastLaff\\Toontown-Last-Laff-Workspace\\src\\Panda3D-1.11.0-x64\\python\\python27.zip', 'C:\\Panda3D-1.11.0-x64', 'C:\\Toontown\\Toontown - Programming\\SuitopiaUpdateLastLaff\\Toontown-Last-Laff-Workspace\\src\\Panda3D-1.11.0-x64\\python\\DLLs', 'C:\\Toontown\\Toontown - Programming\\SuitopiaUpdateLastLaff\\Toontown-Last-Laff-Workspace\\src\\Panda3D-1.11.0-x64\\python\\lib', 'C:\\Toontown\\Toontown - Programming\\SuitopiaUpdateLastLaff\\Toontown-Last-Laff-Workspace\\src\\Panda3D-1.11.0-x64\\python\\lib\\plat-win', 'C:\\Toontown\\Toontown - Programming\\SuitopiaUpdateLastLaff\\Toontown-Last-Laff-Workspace\\src\\Panda3D-1.11.0-x64\\python\\lib\\lib-tk', 'C:\\Toontown\\Toontown - Programming\\SuitopiaUpdateLastLaff\\Toontown-Last-Laff-Workspace\\src\\Panda3D-1.11.0-x64\\python', 'C:\\Toontown\\Toontown - Programming\\SuitopiaUpdateLastLaff\\Toontown-Last-Laff-Workspace\\src\\Panda3D-1.11.0-x64', 'C:\\Toontown\\Toontown - Programming\\SuitopiaUpdateLastLaff\\Toontown-Last-Laff-Workspace\\src\\Panda3D-1.11.0-x64\\bin', 'C:\\Toontown\\Toontown - Programming\\SuitopiaUpdateLastLaff\\Toontown-Last-Laff-Workspace\\src\\Panda3D-1.11.0-x64\\python\\lib\\site-packages']
sys.argv =  ['C:\\Toontown\\Toontown - Programming\\SuitopiaUpdateLastLaff\\Toontown-Last-Laff-Workspace\\src\\toontown\\launcher\\TTOffQuickStartLauncher.py']
generating standard configrc
os.environ =  {'TMP': 'C:\\Users\\theph\\AppData\\Local\\Temp', 'COMPUTERNAME': 'DESKTOP-7054VC9', 'USERDOMAIN': 'DESKTOP-7054VC9', 'NEKO_INSTPATH': 'C:\\HaxeToolkit\\neko', 'INTEL_DEV_REDIST': 'C:\\Program Files (x86)\\Common Files\\Intel\\Shared Libraries\\', 'PSMODULEPATH': 'C:\\Program Files\\WindowsPowerShell\\Modules;C:\\WINDOWS\\system32\\WindowsPowerShell\\v1.0\\Modules', 'COMMONPROGRAMFILES': 'C:\\Program Files\\Common Files', 'PROCESSOR_IDENTIFIER': 'Intel64 Family 6 Model 158 Stepping 13, GenuineIntel', 'PROGRAMFILES': 'C:\\Program Files', 'PROCESSOR_REVISION': '9e0d', 'PATH': 'C:\\Panda3D-1.11.0-x64\\panda3d\\..\\bin;C:\\Program Files (x86)\\Common Files\\Intel\\Shared Libraries\\redist\\intel64_win\\compiler;C:\\Program Files (x86)\\NVIDIA Corporation\\PhysX\\Common;C:\\Program Files\\Python38\\Scripts\\;C:\\Program Files\\Python38\\;C:\\WINDOWS\\system32;C:\\WINDOWS;C:\\WINDOWS\\System32\\Wbem;C:\\WINDOWS\\System32\\WindowsPowerShell\\v1.0\\;C:\\WINDOWS\\System32\\OpenSSH\\;C:\\Program Files\\NVIDIA Corporation\\NVIDIA NvDLISR;C:\\Program Files\\dotnet\\;C:\\Users\\theph\\AppData\\Local\\Programs\\Python\\Python39;C:\\Users\\theph\\AppData\\Local\\Programs\\Python\\Python39\\Scripts;C:\\Program Files\\Common Files\\Autodesk Shared\\;C:\\Program Files\\Git\\cmd;C:\\Program Files (x86)\\Windows Live\\Shared;C:\\HaxeToolkit\\haxe;C:\\HaxeToolkit\\neko;C:\\Program Files\\Microsoft SQL Server\\150\\Tools\\Binn\\;C:\\Program Files\\Microsoft SQL Server\\Client SDK\\ODBC\\170\\Tools\\Binn\\;C:\\Users\\theph\\AppData\\Local\\Microsoft\\WindowsApps;C:\\Users\\theph\\.dotnet\\tools;C:\\Program Files\\JetBrains\\PyCharm Community Edition 2020.3.3\\bin;C:\\Users\\theph\\AppData\\Local\\atom\\bin;C:\\Users\\theph\\AppData\\Local\\GitHubDesktop\\bin;C:\\Panda3D-1.9.0-x64\\python;C:\\Panda3D-1.9.0-x64\\python\\Scripts;C:\\Panda3D-1.9.0-x64\\bin;C:\\Panda3D-1.9.0\\python;C:\\Panda3D-1.9.0\\python\\Scripts;C:\\Panda3D-1.9.0\\bin;C:\\Panda3D-1.10.0\\python;C:\\Panda3D-1.10.0\\python\\Scripts;C:\\Panda3D-1.10.0\\bin;C:\\Program Files\\JetBrains\\PyCharm Community Edition 2022.2.2\\bin;;C:\\Users\\theph\\AppData\\Local\\Programs\\Microsoft VS Code\\bin;C:\\Panda3D-1.11.0\\python;C:\\Panda3D-1.11.0\\python\\Scripts;C:\\Panda3D-1.11.0\\bin;C:\\Users\\theph\\.dotnet\\tools;C:\\Panda3D-1.10.11-x64\\python;C:\\Panda3D-1.10.11-x64\\python\\Scripts;C:\\Panda3D-1.10.11-x64\\bin;C:\\Panda3D-1.11.0-x64\\python;C:\\Panda3D-1.11.0-x64\\python\\Scripts;C:\\Panda3D-1.11.0-x64\\bin;C:\\EventHorizon-battle-ng-teaser\\dependencies\\panda\\python;C:\\EventHorizon-battle-ng-teaser\\dependencies\\panda\\python\\Scripts;C:\\EventHorizon-battle-ng-teaser\\depe', 'SYSTEMROOT': 'C:\\WINDOWS', 'PROGRAMFILES(X86)': 'C:\\Program Files (x86)', 'COMSPEC': 'C:\\WINDOWS\\system32\\cmd.exe', 'DRIVERDATA': 'C:\\Windows\\System32\\Drivers\\DriverData', 'PPYTHON_PATH': '"Panda3D-1.11.0-x64\\python\\ppython.exe"', 'TEMP': 'C:\\Users\\theph\\AppData\\Local\\Temp', 'COMMONPROGRAMFILES(X86)': 'C:\\Program Files (x86)\\Common Files', 'PROCESSOR_ARCHITECTURE': 'AMD64', 'ALLUSERSPROFILE': 'C:\\ProgramData', 'LOCALAPPDATA': 'C:\\Users\\theph\\AppData\\Local', 'HOMEPATH': '\\Users\\theph', 'USERDOMAIN_ROAMINGPROFILE': 'DESKTOP-7054VC9', 'PROGRAMW6432': 'C:\\Program Files', 'USERNAME': 'theph', 'LOGONSERVER': '\\\\DESKTOP-7054VC9', 'PROMPT': '$P$G', 'SESSIONNAME': 'Console', 'PROGRAMDATA': 'C:\\ProgramData', 'ONEDRIVE': 'C:\\Users\\theph\\OneDrive', 'ADSK_3DSMAX_X64_2019': 'C:\\Program Files\\Autodesk\\3ds Max 2019\\', 'ZES_ENABLE_SYSMAN': '1', 'HAXEPATH': 'C:\\HaxeToolkit\\haxe', 'PATHEXT': '.COM;.EXE;.BAT;.CMD;.VBS;.VBE;.JS;.JSE;.WSF;.WSH;.MSC;.PY;.PYW', 'TTOFF_LOGIN_TOKEN': 'dev', 'WINDIR': 'C:\\WINDOWS', 'PYCHARM COMMUNITY EDITION': 'C:\\Program Files\\JetBrains\\PyCharm Community Edition 2022.2.2\\bin;', 'HOMEDRIVE': 'C:', 'SYSTEMDRIVE': 'C:', 'PUBLIC': 'C:\\Users\\Public', 'NUMBER_OF_PROCESSORS': '16', 'APPDATA': 'C:\\Users\\theph\\AppData\\Roaming', 'PROCESSOR_LEVEL': '6', 'COMMONPROGRAMW6432': 'C:\\Program Files\\Common Files', 'OS': 'Windows_NT', 'ADSK_CLM_WPAD_PROXY_CHECK': 'FALSE', 'USERPROFILE': 'C:\\Users\\theph'}
:12-07-2022 19:43:50 TTOffLauncher: isTestServer: 0
:12-07-2022 19:43:50 TTOffLauncher: Game Server 127.0.0.1
:12-07-2022 19:43:50 TTOffLauncher: Starting Toontown Online... 
:12-07-2022 19:43:50 TTOffLauncher: foreground: Launcher now operating in foreground
useTTOffSpecificLogin=True
:12-07-2022 19:43:50 TTOffLauncher: maybeStartGame: starting game
:12-07-2022 19:43:50 TTOffLauncher: Starting Toontown Online...
:12-07-2022 19:43:50 TTOffLauncher: background: Launcher now operating in background
ToontownStart: Polling for game2 to finish...
ToontownStart: Game2 is finished.
ToontownStart: Starting the game.
ToontownStart: setting default font
:12-07-2022 19:43:50 TTOffLauncher: setting panda error code to 7
Known pipe types:
  wglGraphicsPipe
(all display modules loaded.)
:12-07-2022 19:43:50 ToonBase: Default graphics pipe is wglGraphicsPipe (OpenGL).
:12-07-2022 19:43:50 :display(warning): FrameBufferProperties available less than requested.
  requested: depth_bits=24 color_bits=3 red_bits=1 green_bits=1 blue_bits=1 alpha_bits=1 multisamples=70 back_buffers=1 force_hardware 
  got: depth_bits=24 color_bits=24 red_bits=8 green_bits=8 blue_bits=8 alpha_bits=8 accum_bits=64 multisamples=16 back_buffers=1 force_hardware 
:12-07-2022 19:43:50 ToonBase: Successfully opened window of type wglGraphicsWindow (OpenGL)
:12-07-2022 19:43:50 ShowBase: __dev__ == False
:12-07-2022 19:43:51 TTOffLauncher: setting panda error code to 11
:12-07-2022 19:43:51 TTOffLauncher: setting panda error code to 0
ToontownStart: Loading default gui sounds
ToontownStart: serverVersion:  tto-dev
:12-07-2022 19:43:51 Loader: starting bulk load of block 'init'
:12-07-2022 19:43:52 :nativenet(error): Buffered_DatagramConnection Constructor rbufsize = 4096000 wbufsize = 4096000 write_flush_point = 1400
:12-07-2022 19:43:52 OTPClientRepository: Using connect method 'http'
:12-07-2022 19:43:52 TTOffLauncher: getRegistry ('DEPLOYMENT', None)
:12-07-2022 19:43:52 TTOffLauncher: checking env
:12-07-2022 19:43:52 TTOffLauncher: getRegistry ('GAME_DEPLOYMENT', None)
:12-07-2022 19:43:52 TTOffLauncher: checking env
:12-07-2022 19:43:52 OTPClientRepository: reg_deployment=
:12-07-2022 19:43:52 OTPClientRepository: required-login auto.
:12-07-2022 19:43:52 OTPClientRepository: loginInterface: LoginTTOffAccount
:12-07-2022 19:43:52 TTOffLauncher: getNeedPwForSecretKey using ttoff-specific-login
:12-07-2022 19:43:52 Loader: At end of block 'init', expected 138, loaded 6, duration=1.3407233
:12-07-2022 19:43:52 OTPClientRepository: Connecting to gameserver directly (no proxy).
:12-07-2022 19:43:52 OTPClientRepository: Connecting to //127.0.0.1:7198 via HTTP interface.
:12-07-2022 19:43:52 TTOffLauncher: Stopping mini task manager.
:12-07-2022 19:43:52 OTPClientRepository: Successfully connected to //127.0.0.1:7198.
:12-07-2022 19:43:52 TTOffLauncher: Setting Disconnect Details normal
{402000001: <toontown.distributed.ToontownDistrict.ToontownDistrict instance at 0x0000000020D0DB08>}
:12-07-2022 19:43:54 StateData: AvatarChooser.enter
:12-07-2022 19:43:54 DisplayOptions: settingsFullScreen = False, embedded = False width=800 height=600
:12-07-2022 19:43:54 StateData: calling self.displayOptions.restrictToEmbedded(False)
:12-07-2022 19:43:56 OTPClientRepository: ================
:12-07-2022 19:43:56 OTPClientRepository: Chose avatar id: 100000001
:12-07-2022 19:43:56 OTPClientRepository: Chose avatar name: Prof. Alvin Flippenhopper
:12-07-2022 19:43:56 OTPClientRepository: Chose avatar dna: ('dls', 'ss', 's', 'm', 15, 0, 15, 15, 1, 8, 1, 8, 1, 1)
:12-07-2022 19:43:56 OTPClientRepository: Chose avatar position: 1
:12-07-2022 19:43:56 OTPClientRepository: isPaid: 1
:12-07-2022 19:43:56 OTPClientRepository: freeTimeLeft: 0
:12-07-2022 19:43:56 OTPClientRepository: allowSecretChat: True
:12-07-2022 19:43:56 OTPClientRepository: ================
:12-07-2022 19:43:56 Loader: starting bulk load of block 'localAvatarPlayGame'
:12-07-2022 19:43:57 ToontownTimeManager(warning): error parsing date string=
local
:12-07-2022 19:43:57 NewsPageButtonManager(warning): Should not get here. NewsPageButtonManager.exitOff
:12-07-2022 19:43:58 :pnmimage:png(warning): iCCP: known incorrect sRGB profile
:12-07-2022 19:44:00 OTPClientRepository: Entering shard 402000001
:12-07-2022 19:44:00 StreetSign: Street sign url is https://ttoffline.com/images/
:12-07-2022 19:44:01 TimeManager: Clock sync: TimeManager.announceGenerate
:12-07-2022 19:44:01 NewsManager: setHolidayId: Starting Holiday 7
:12-07-2022 19:44:01 InGameNewsMgr: latestIssue=2013-08-22 16:49:46.000003-07:00
cpu info: GenuineIntel|Intel(R) Core(TM) i9-9900K CPU @ 3.60GHz|591597|0|3.600,3.600|8,16 cpus
:12-07-2022 19:44:02 OTPClientRepository: No sync from TimeManager.
:12-07-2022 19:44:02 OTPClientRepository: gotTimeSync
:12-07-2022 19:44:03 Loader: At end of block 'localAvatarPlayGame', expected 400, loaded 19, duration=6.2580086
:12-07-2022 19:44:03 OTPClientRepository: Sending heartbeat mid-frame.
:12-07-2022 19:44:03 TimeManager: Clock sync roundtrip took 1119.806 ms
:12-07-2022 19:44:03 TimeManager: AI time delta is -0:02 from server delta
:12-07-2022 19:44:03 TimeManager: Local clock uncertainty +/- 0.560 s
:12-07-2022 19:44:03 PlayGame: QA-REGRESSION: NEIGHBORHOODS: Visit Sellbot HQ
:12-07-2022 19:44:03 Loader: starting bulk load of block 'hood'
:12-07-2022 19:44:04 TownBattleSuitPanel: Loading Suit Battle Panel!
:12-07-2022 19:44:04 TownBattleSuitPanel: Loading Suit Battle Panel!
:12-07-2022 19:44:04 TownBattleSuitPanel: Loading Suit Battle Panel!
:12-07-2022 19:44:04 TownBattleSuitPanel: Loading Suit Battle Panel!
:12-07-2022 19:44:04 TownBattleSuitPanel: Loading Suit Battle Panel!
:12-07-2022 19:44:04 TownBattleSuitPanel: Loading Suit Battle Panel!
:12-07-2022 19:44:04 TownBattleSuitPanel: Loading Suit Battle Panel!
:12-07-2022 19:44:04 TownBattleSuitPanel: Loading Suit Battle Panel!
:12-07-2022 19:44:04 SellbotCogHQLoader: loadPlaceGeom: 11000
:12-07-2022 19:44:05 DistributedObject: DistributedSuitPlanner 402002963: generating
:12-07-2022 19:44:05 :gobj(error): Texture::read() - couldn't read: phase_3/maps/hands/tm.png
:12-07-2022 19:44:05 :gobj(error): Unable to find texture "phase_3/maps/hands/tm.png" on model-path /;/c/Toontown/Toontown - Programming/SuitopiaUpdateLastLaff/Toontown-Last-Laff-Workspace/src/toontown/launcher;/c/Panda3D-1.11.0-x64/etc/..;/c/Panda3D-1.11.0-x64/etc/../models
Assertion failed: other._error_type == ET_ok at line 395 of panda/src/pgraph/nodePath.cxx
:12-07-2022 19:44:05 DistributedToon: calling LocalAvatar.startchat
:12-07-2022 19:44:05 :loader(error): Couldn't load file phase_4/models/questmap/cog_hq_sellbot_maps.bam: not found on model path (currently: "/;/c/Toontown/Toontown - Programming/SuitopiaUpdateLastLaff/Toontown-Last-Laff-Workspace/src/toontown/launcher;/c/Panda3D-1.11.0-x64/etc/..;/c/Panda3D-1.11.0-x64/etc/../models")
:12-07-2022 19:44:05 Loader: At end of block 'hood', expected 43, loaded 12, duration=2.7022841
:12-07-2022 19:44:05 :gobj(error): Texture::read() - couldn't read: phase_3/maps/hands/nd.png
:12-07-2022 19:44:05 :gobj(error): Unable to find texture "phase_3/maps/hands/nd.png" on model-path /;/c/Toontown/Toontown - Programming/SuitopiaUpdateLastLaff/Toontown-Last-Laff-Workspace/src/toontown/launcher;/c/Panda3D-1.11.0-x64/etc/..;/c/Panda3D-1.11.0-x64/etc/../models
Assertion failed: other._error_type == ET_ok at line 395 of panda/src/pgraph/nodePath.cxx
:12-07-2022 19:44:05 :gobj(error): Texture::read() - couldn't read: phase_3/maps/hands/gh.png
:12-07-2022 19:44:05 :gobj(error): Unable to find texture "phase_3/maps/hands/gh.png" on model-path /;/c/Toontown/Toontown - Programming/SuitopiaUpdateLastLaff/Toontown-Last-Laff-Workspace/src/toontown/launcher;/c/Panda3D-1.11.0-x64/etc/..;/c/Panda3D-1.11.0-x64/etc/../models
Assertion failed: other._error_type == ET_ok at line 395 of panda/src/pgraph/nodePath.cxx
:12-07-2022 19:44:05 :gobj(error): Texture::read() - couldn't read: phase_3/maps/hands/ms.png
:12-07-2022 19:44:05 :gobj(error): Unable to find texture "phase_3/maps/hands/ms.png" on model-path /;/c/Toontown/Toontown - Programming/SuitopiaUpdateLastLaff/Toontown-Last-Laff-Workspace/src/toontown/launcher;/c/Panda3D-1.11.0-x64/etc/..;/c/Panda3D-1.11.0-x64/etc/../models
Assertion failed: other._error_type == ET_ok at line 395 of panda/src/pgraph/nodePath.cxx
:12-07-2022 19:44:05 :gobj(error): Texture::read() - couldn't read: phase_3/maps/hands/ms.png
:12-07-2022 19:44:05 :gobj(error): Unable to find texture "phase_3/maps/hands/ms.png" on model-path /;/c/Toontown/Toontown - Programming/SuitopiaUpdateLastLaff/Toontown-Last-Laff-Workspace/src/toontown/launcher;/c/Panda3D-1.11.0-x64/etc/..;/c/Panda3D-1.11.0-x64/etc/../models
Assertion failed: other._error_type == ET_ok at line 395 of panda/src/pgraph/nodePath.cxx
:12-07-2022 19:44:05 :gobj(error): Texture::read() - couldn't read: phase_3/maps/hands/tf.png
:12-07-2022 19:44:05 :gobj(error): Unable to find texture "phase_3/maps/hands/tf.png" on model-path /;/c/Toontown/Toontown - Programming/SuitopiaUpdateLastLaff/Toontown-Last-Laff-Workspace/src/toontown/launcher;/c/Panda3D-1.11.0-x64/etc/..;/c/Panda3D-1.11.0-x64/etc/../models
Assertion failed: other._error_type == ET_ok at line 395 of panda/src/pgraph/nodePath.cxx
:12-07-2022 19:44:05 :gobj(error): Texture::read() - couldn't read: phase_3/maps/hands/tf.png
:12-07-2022 19:44:05 :gobj(error): Unable to find texture "phase_3/maps/hands/tf.png" on model-path /;/c/Toontown/Toontown - Programming/SuitopiaUpdateLastLaff/Toontown-Last-Laff-Workspace/src/toontown/launcher;/c/Panda3D-1.11.0-x64/etc/..;/c/Panda3D-1.11.0-x64/etc/../models
Assertion failed: other._error_type == ET_ok at line 395 of panda/src/pgraph/nodePath.cxx
:12-07-2022 19:44:07 Teleport(debug): teleportInDone: walk
:12-07-2022 19:44:07 :loader(error): Couldn't load file phase_4/models/questmap/cog_hq_sellbot_maps.bam: not found on model path (currently: "/;/c/Toontown/Toontown - Programming/SuitopiaUpdateLastLaff/Toontown-Last-Laff-Workspace/src/toontown/launcher;/c/Panda3D-1.11.0-x64/etc/..;/c/Panda3D-1.11.0-x64/etc/../models")
:12-07-2022 19:44:13 :gobj(error): Texture::read() - couldn't read: phase_3/maps/hands/gh.png
:12-07-2022 19:44:13 :gobj(error): Unable to find texture "phase_3/maps/hands/gh.png" on model-path /;/c/Toontown/Toontown - Programming/SuitopiaUpdateLastLaff/Toontown-Last-Laff-Workspace/src/toontown/launcher;/c/Panda3D-1.11.0-x64/etc/..;/c/Panda3D-1.11.0-x64/etc/../models
Assertion failed: other._error_type == ET_ok at line 395 of panda/src/pgraph/nodePath.cxx
:12-07-2022 19:44:21 :gobj(error): Texture::read() - couldn't read: phase_3/maps/hands/tm.png
:12-07-2022 19:44:21 :gobj(error): Unable to find texture "phase_3/maps/hands/tm.png" on model-path /;/c/Toontown/Toontown - Programming/SuitopiaUpdateLastLaff/Toontown-Last-Laff-Workspace/src/toontown/launcher;/c/Panda3D-1.11.0-x64/etc/..;/c/Panda3D-1.11.0-x64/etc/../models
Assertion failed: other._error_type == ET_ok at line 395 of panda/src/pgraph/nodePath.cxx
:12-07-2022 19:44:22 ClassicFSM(warning): [DistributedSuit]: no transition exists from Walk to FromCogHQ
:12-07-2022 19:44:42 :gobj(error): Texture::read() - couldn't read: phase_3/maps/hands/gh.png
:12-07-2022 19:44:42 :gobj(error): Unable to find texture "phase_3/maps/hands/gh.png" on model-path /;/c/Toontown/Toontown - Programming/SuitopiaUpdateLastLaff/Toontown-Last-Laff-Workspace/src/toontown/launcher;/c/Panda3D-1.11.0-x64/etc/..;/c/Panda3D-1.11.0-x64/etc/../models
Assertion failed: other._error_type == ET_ok at line 395 of panda/src/pgraph/nodePath.cxx
:12-07-2022 19:44:42 :gobj(error): Texture::read() - couldn't read: phase_3/maps/hands/gh.png
:12-07-2022 19:44:42 :gobj(error): Unable to find texture "phase_3/maps/hands/gh.png" on model-path /;/c/Toontown/Toontown - Programming/SuitopiaUpdateLastLaff/Toontown-Last-Laff-Workspace/src/toontown/launcher;/c/Panda3D-1.11.0-x64/etc/..;/c/Panda3D-1.11.0-x64/etc/../models
Assertion failed: other._error_type == ET_ok at line 395 of panda/src/pgraph/nodePath.cxx
:12-07-2022 19:44:43 ClassicFSM(warning): [DistributedSuit]: no transition exists from Walk to FromCogHQ
:12-07-2022 19:44:43 ClassicFSM(warning): [DistributedSuit]: no transition exists from Walk to FromCogHQ
:12-07-2022 19:45:00 :gobj(error): Texture::read() - couldn't read: phase_3/maps/hands/tf.png
:12-07-2022 19:45:00 :gobj(error): Unable to find texture "phase_3/maps/hands/tf.png" on model-path /;/c/Toontown/Toontown - Programming/SuitopiaUpdateLastLaff/Toontown-Last-Laff-Workspace/src/toontown/launcher;/c/Panda3D-1.11.0-x64/etc/..;/c/Panda3D-1.11.0-x64/etc/../models
Assertion failed: other._error_type == ET_ok at line 395 of panda/src/pgraph/nodePath.cxx
:12-07-2022 19:45:00 ClassicFSM(warning): [DistributedSuit]: no transition exists from Walk to FromCogHQ
:12-07-2022 19:45:46 :gobj(error): Texture::read() - couldn't read: phase_3/maps/hands/ms.png
:12-07-2022 19:45:46 :gobj(error): Unable to find texture "phase_3/maps/hands/ms.png" on model-path /;/c/Toontown/Toontown - Programming/SuitopiaUpdateLastLaff/Toontown-Last-Laff-Workspace/src/toontown/launcher;/c/Panda3D-1.11.0-x64/etc/..;/c/Panda3D-1.11.0-x64/etc/../models
Assertion failed: other._error_type == ET_ok at line 395 of panda/src/pgraph/nodePath.cxx
:12-07-2022 19:45:47 ClassicFSM(warning): [DistributedSuit]: no transition exists from Walk to FromCogHQ
:12-07-2022 19:45:48 :gobj(error): Texture::read() - couldn't read: phase_3/maps/hands/tm.png
:12-07-2022 19:45:48 :gobj(error): Unable to find texture "phase_3/maps/hands/tm.png" on model-path /;/c/Toontown/Toontown - Programming/SuitopiaUpdateLastLaff/Toontown-Last-Laff-Workspace/src/toontown/launcher;/c/Panda3D-1.11.0-x64/etc/..;/c/Panda3D-1.11.0-x64/etc/../models
Assertion failed: other._error_type == ET_ok at line 395 of panda/src/pgraph/nodePath.cxx
:12-07-2022 19:45:48 ClassicFSM(warning): [DistributedSuit]: no transition exists from Walk to FromCogHQ
:12-07-2022 19:46:12 :gobj(error): Texture::read() - couldn't read: phase_3/maps/hands/ms.png
:12-07-2022 19:46:12 :gobj(error): Unable to find texture "phase_3/maps/hands/ms.png" on model-path /;/c/Toontown/Toontown - Programming/SuitopiaUpdateLastLaff/Toontown-Last-Laff-Workspace/src/toontown/launcher;/c/Panda3D-1.11.0-x64/etc/..;/c/Panda3D-1.11.0-x64/etc/../models
Assertion failed: other._error_type == ET_ok at line 395 of panda/src/pgraph/nodePath.cxx
:12-07-2022 19:47:08 :gobj(error): Texture::read() - couldn't read: phase_3/maps/hands/tm.png
:12-07-2022 19:47:08 :gobj(error): Unable to find texture "phase_3/maps/hands/tm.png" on model-path /;/c/Toontown/Toontown - Programming/SuitopiaUpdateLastLaff/Toontown-Last-Laff-Workspace/src/toontown/launcher;/c/Panda3D-1.11.0-x64/etc/..;/c/Panda3D-1.11.0-x64/etc/../models
Assertion failed: other._error_type == ET_ok at line 395 of panda/src/pgraph/nodePath.cxx
:12-07-2022 19:47:13 :gobj(error): Texture::read() - couldn't read: phase_3/maps/hands/ms.png
:12-07-2022 19:47:13 :gobj(error): Unable to find texture "phase_3/maps/hands/ms.png" on model-path /;/c/Toontown/Toontown - Programming/SuitopiaUpdateLastLaff/Toontown-Last-Laff-Workspace/src/toontown/launcher;/c/Panda3D-1.11.0-x64/etc/..;/c/Panda3D-1.11.0-x64/etc/../models
Assertion failed: other._error_type == ET_ok at line 395 of panda/src/pgraph/nodePath.cxx
:12-07-2022 19:47:13 ClassicFSM(warning): [DistributedSuit]: no transition exists from Walk to FromCogHQ
:12-07-2022 19:47:17 :gobj(error): Texture::read() - couldn't read: phase_3/maps/hands/nd.png
:12-07-2022 19:47:17 :gobj(error): Unable to find texture "phase_3/maps/hands/nd.png" on model-path /;/c/Toontown/Toontown - Programming/SuitopiaUpdateLastLaff/Toontown-Last-Laff-Workspace/src/toontown/launcher;/c/Panda3D-1.11.0-x64/etc/..;/c/Panda3D-1.11.0-x64/etc/../models
Assertion failed: other._error_type == ET_ok at line 395 of panda/src/pgraph/nodePath.cxx
:12-07-2022 19:47:18 ClassicFSM(warning): [DistributedSuit]: no transition exists from Walk to FromCogHQ
:12-07-2022 19:47:59 :gobj(error): Texture::read() - couldn't read: phase_3/maps/hands/tm.png
:12-07-2022 19:47:59 :gobj(error): Unable to find texture "phase_3/maps/hands/tm.png" on model-path /;/c/Toontown/Toontown - Programming/SuitopiaUpdateLastLaff/Toontown-Last-Laff-Workspace/src/toontown/launcher;/c/Panda3D-1.11.0-x64/etc/..;/c/Panda3D-1.11.0-x64/etc/../models
Assertion failed: other._error_type == ET_ok at line 395 of panda/src/pgraph/nodePath.cxx
:12-07-2022 19:47:59 ClassicFSM(warning): [DistributedSuit]: no transition exists from Walk to FromCogHQ
:12-07-2022 19:48:22 :gobj(error): Texture::read() - couldn't read: phase_3/maps/hands/tm.png
:12-07-2022 19:48:22 :gobj(error): Unable to find texture "phase_3/maps/hands/tm.png" on model-path /;/c/Toontown/Toontown - Programming/SuitopiaUpdateLastLaff/Toontown-Last-Laff-Workspace/src/toontown/launcher;/c/Panda3D-1.11.0-x64/etc/..;/c/Panda3D-1.11.0-x64/etc/../models
Assertion failed: other._error_type == ET_ok at line 395 of panda/src/pgraph/nodePath.cxx
:12-07-2022 19:48:22 ClassicFSM(warning): [DistributedSuit]: no transition exists from Walk to FromCogHQ
:12-07-2022 19:48:44 :gobj(error): Texture::read() - couldn't read: phase_3/maps/hands/nd.png
:12-07-2022 19:48:44 :gobj(error): Unable to find texture "phase_3/maps/hands/nd.png" on model-path /;/c/Toontown/Toontown - Programming/SuitopiaUpdateLastLaff/Toontown-Last-Laff-Workspace/src/toontown/launcher;/c/Panda3D-1.11.0-x64/etc/..;/c/Panda3D-1.11.0-x64/etc/../models
Assertion failed: other._error_type == ET_ok at line 395 of panda/src/pgraph/nodePath.cxx
:12-07-2022 19:48:44 ClassicFSM(warning): [DistributedSuit]: no transition exists from Walk to FromCogHQ
:12-07-2022 19:48:51 GarbageCollect(warning): garbage found, reverting gc threshold
frame rate: 143.3 fps|0.002d|6 avs||309|310||0x0000|0x0000|994.2MB|1818.8MB|32590.0MB|1308|nt.2.6.2|3.600,3.600|8,16 cpus|OpenGL
:12-07-2022 19:49:07 :gobj(error): Texture::read() - couldn't read: phase_3/maps/hands/gh.png
:12-07-2022 19:49:07 :gobj(error): Unable to find texture "phase_3/maps/hands/gh.png" on model-path /;/c/Toontown/Toontown - Programming/SuitopiaUpdateLastLaff/Toontown-Last-Laff-Workspace/src/toontown/launcher;/c/Panda3D-1.11.0-x64/etc/..;/c/Panda3D-1.11.0-x64/etc/../models
Assertion failed: other._error_type == ET_ok at line 395 of panda/src/pgraph/nodePath.cxx
:12-07-2022 19:49:08 ClassicFSM(warning): [DistributedSuit]: no transition exists from Walk to FromCogHQ
:12-07-2022 19:49:18 :gobj(error): Texture::read() - couldn't read: phase_3/maps/hands/ms.png
:12-07-2022 19:49:18 :gobj(error): Unable to find texture "phase_3/maps/hands/ms.png" on model-path /;/c/Toontown/Toontown - Programming/SuitopiaUpdateLastLaff/Toontown-Last-Laff-Workspace/src/toontown/launcher;/c/Panda3D-1.11.0-x64/etc/..;/c/Panda3D-1.11.0-x64/etc/../models
Assertion failed: other._error_type == ET_ok at line 395 of panda/src/pgraph/nodePath.cxx
:12-07-2022 19:49:25 :gobj(error): Texture::read() - couldn't read: phase_3/maps/hands/tm.png
:12-07-2022 19:49:25 :gobj(error): Unable to find texture "phase_3/maps/hands/tm.png" on model-path /;/c/Toontown/Toontown - Programming/SuitopiaUpdateLastLaff/Toontown-Last-Laff-Workspace/src/toontown/launcher;/c/Panda3D-1.11.0-x64/etc/..;/c/Panda3D-1.11.0-x64/etc/../models
Assertion failed: other._error_type == ET_ok at line 395 of panda/src/pgraph/nodePath.cxx
:12-07-2022 19:49:26 ClassicFSM(warning): [DistributedSuit]: no transition exists from Walk to FromCogHQ
:12-07-2022 19:49:28 :gobj(error): Texture::read() - couldn't read: phase_3/maps/hands/nd.png
:12-07-2022 19:49:29 :gobj(error): Unable to find texture "phase_3/maps/hands/nd.png" on model-path /;/c/Toontown/Toontown - Programming/SuitopiaUpdateLastLaff/Toontown-Last-Laff-Workspace/src/toontown/launcher;/c/Panda3D-1.11.0-x64/etc/..;/c/Panda3D-1.11.0-x64/etc/../models
Assertion failed: other._error_type == ET_ok at line 395 of panda/src/pgraph/nodePath.cxx
adding timeout task
adding timeout task
:12-07-2022 19:49:39 :gobj(error): Texture::read() - couldn't read: phase_3/maps/hands/nd.png
:12-07-2022 19:49:39 :gobj(error): Unable to find texture "phase_3/maps/hands/nd.png" on model-path /;/c/Toontown/Toontown - Programming/SuitopiaUpdateLastLaff/Toontown-Last-Laff-Workspace/src/toontown/launcher;/c/Panda3D-1.11.0-x64/etc/..;/c/Panda3D-1.11.0-x64/etc/../models
Assertion failed: other._error_type == ET_ok at line 395 of panda/src/pgraph/nodePath.cxx
:12-07-2022 19:49:42 :gobj(error): Texture::read() - couldn't read: phase_3/maps/hands/ms.png
:12-07-2022 19:49:42 :gobj(error): Unable to find texture "phase_3/maps/hands/ms.png" on model-path /;/c/Toontown/Toontown - Programming/SuitopiaUpdateLastLaff/Toontown-Last-Laff-Workspace/src/toontown/launcher;/c/Panda3D-1.11.0-x64/etc/..;/c/Panda3D-1.11.0-x64/etc/../models
Assertion failed: other._error_type == ET_ok at line 395 of panda/src/pgraph/nodePath.cxx
:12-07-2022 19:49:43 ClassicFSM(warning): [DistributedSuit]: no transition exists from Walk to FromCogHQ
:12-07-2022 19:49:50 :gobj(error): Texture::read() - couldn't read: phase_3/maps/hands/cc.png
:12-07-2022 19:49:50 :gobj(error): Unable to find texture "phase_3/maps/hands/cc.png" on model-path /;/c/Toontown/Toontown - Programming/SuitopiaUpdateLastLaff/Toontown-Last-Laff-Workspace/src/toontown/launcher;/c/Panda3D-1.11.0-x64/etc/..;/c/Panda3D-1.11.0-x64/etc/../models
Assertion failed: other._error_type == ET_ok at line 395 of panda/src/pgraph/nodePath.cxx
:12-07-2022 19:50:01 :gobj(error): Texture::read() - couldn't read: phase_3/maps/hands/ms.png
:12-07-2022 19:50:01 :gobj(error): Unable to find texture "phase_3/maps/hands/ms.png" on model-path /;/c/Toontown/Toontown - Programming/SuitopiaUpdateLastLaff/Toontown-Last-Laff-Workspace/src/toontown/launcher;/c/Panda3D-1.11.0-x64/etc/..;/c/Panda3D-1.11.0-x64/etc/../models
Assertion failed: other._error_type == ET_ok at line 395 of panda/src/pgraph/nodePath.cxx
:12-07-2022 19:50:01 ClassicFSM(warning): [DistributedSuit]: no transition exists from Walk to FromCogHQ
:12-07-2022 19:50:02 :gobj(error): Texture::read() - couldn't read: phase_3/maps/hands/gh.png
:12-07-2022 19:50:02 :gobj(error): Unable to find texture "phase_3/maps/hands/gh.png" on model-path /;/c/Toontown/Toontown - Programming/SuitopiaUpdateLastLaff/Toontown-Last-Laff-Workspace/src/toontown/launcher;/c/Panda3D-1.11.0-x64/etc/..;/c/Panda3D-1.11.0-x64/etc/../models
Assertion failed: other._error_type == ET_ok at line 395 of panda/src/pgraph/nodePath.cxx
:12-07-2022 19:50:13 :gobj(error): Texture::read() - couldn't read: phase_3/maps/hands/gh.png
:12-07-2022 19:50:13 :gobj(error): Unable to find texture "phase_3/maps/hands/gh.png" on model-path /;/c/Toontown/Toontown - Programming/SuitopiaUpdateLastLaff/Toontown-Last-Laff-Workspace/src/toontown/launcher;/c/Panda3D-1.11.0-x64/etc/..;/c/Panda3D-1.11.0-x64/etc/../models
Assertion failed: other._error_type == ET_ok at line 395 of panda/src/pgraph/nodePath.cxx
:12-07-2022 19:50:36 :gobj(error): Texture::read() - couldn't read: phase_3/maps/hands/tf.png
:12-07-2022 19:50:36 :gobj(error): Unable to find texture "phase_3/maps/hands/tf.png" on model-path /;/c/Toontown/Toontown - Programming/SuitopiaUpdateLastLaff/Toontown-Last-Laff-Workspace/src/toontown/launcher;/c/Panda3D-1.11.0-x64/etc/..;/c/Panda3D-1.11.0-x64/etc/../models
Assertion failed: other._error_type == ET_ok at line 395 of panda/src/pgraph/nodePath.cxx
:12-07-2022 19:50:39 :gobj(error): Texture::read() - couldn't read: phase_3/maps/hands/tm.png
:12-07-2022 19:50:39 :gobj(error): Unable to find texture "phase_3/maps/hands/tm.png" on model-path /;/c/Toontown/Toontown - Programming/SuitopiaUpdateLastLaff/Toontown-Last-Laff-Workspace/src/toontown/launcher;/c/Panda3D-1.11.0-x64/etc/..;/c/Panda3D-1.11.0-x64/etc/../models
Assertion failed: other._error_type == ET_ok at line 395 of panda/src/pgraph/nodePath.cxx
:12-07-2022 19:50:40 ClassicFSM(warning): [DistributedSuit]: no transition exists from Walk to FromCogHQ
:12-07-2022 19:51:07 :gobj(error): Texture::read() - couldn't read: phase_3/maps/hands/nd.png
:12-07-2022 19:51:07 :gobj(error): Unable to find texture "phase_3/maps/hands/nd.png" on model-path /;/c/Toontown/Toontown - Programming/SuitopiaUpdateLastLaff/Toontown-Last-Laff-Workspace/src/toontown/launcher;/c/Panda3D-1.11.0-x64/etc/..;/c/Panda3D-1.11.0-x64/etc/../models
Assertion failed: other._error_type == ET_ok at line 395 of panda/src/pgraph/nodePath.cxx
:12-07-2022 19:51:08 ClassicFSM(warning): [DistributedSuit]: no transition exists from Walk to FromCogHQ
:12-07-2022 19:51:09 :gobj(error): Texture::read() - couldn't read: phase_3/maps/hands/ms.png
:12-07-2022 19:51:09 :gobj(error): Unable to find texture "phase_3/maps/hands/ms.png" on model-path /;/c/Toontown/Toontown - Programming/SuitopiaUpdateLastLaff/Toontown-Last-Laff-Workspace/src/toontown/launcher;/c/Panda3D-1.11.0-x64/etc/..;/c/Panda3D-1.11.0-x64/etc/../models
Assertion failed: other._error_type == ET_ok at line 395 of panda/src/pgraph/nodePath.cxx
:12-07-2022 19:51:10 ClassicFSM(warning): [DistributedSuit]: no transition exists from Walk to FromCogHQ
:12-07-2022 19:51:21 :gobj(error): Texture::read() - couldn't read: phase_3/maps/hands/gh.png
:12-07-2022 19:51:21 :gobj(error): Unable to find texture "phase_3/maps/hands/gh.png" on model-path /;/c/Toontown/Toontown - Programming/SuitopiaUpdateLastLaff/Toontown-Last-Laff-Workspace/src/toontown/launcher;/c/Panda3D-1.11.0-x64/etc/..;/c/Panda3D-1.11.0-x64/etc/../models
Assertion failed: other._error_type == ET_ok at line 395 of panda/src/pgraph/nodePath.cxx
:12-07-2022 19:51:32 :gobj(error): Texture::read() - couldn't read: phase_3/maps/hands/cc.png
:12-07-2022 19:51:32 :gobj(error): Unable to find texture "phase_3/maps/hands/cc.png" on model-path /;/c/Toontown/Toontown - Programming/SuitopiaUpdateLastLaff/Toontown-Last-Laff-Workspace/src/toontown/launcher;/c/Panda3D-1.11.0-x64/etc/..;/c/Panda3D-1.11.0-x64/etc/../models
Assertion failed: other._error_type == ET_ok at line 395 of panda/src/pgraph/nodePath.cxx
:12-07-2022 19:51:33 :gobj(error): Texture::read() - couldn't read: phase_3/maps/hands/tf.png
:12-07-2022 19:51:33 :gobj(error): Unable to find texture "phase_3/maps/hands/tf.png" on model-path /;/c/Toontown/Toontown - Programming/SuitopiaUpdateLastLaff/Toontown-Last-Laff-Workspace/src/toontown/launcher;/c/Panda3D-1.11.0-x64/etc/..;/c/Panda3D-1.11.0-x64/etc/../models
Assertion failed: other._error_type == ET_ok at line 395 of panda/src/pgraph/nodePath.cxx
:12-07-2022 19:51:33 ClassicFSM(warning): [DistributedSuit]: no transition exists from Walk to FromCogHQ
:12-07-2022 19:51:42 :gobj(error): Texture::read() - couldn't read: phase_3/maps/hands/gh.png
:12-07-2022 19:51:42 :gobj(error): Unable to find texture "phase_3/maps/hands/gh.png" on model-path /;/c/Toontown/Toontown - Programming/SuitopiaUpdateLastLaff/Toontown-Last-Laff-Workspace/src/toontown/launcher;/c/Panda3D-1.11.0-x64/etc/..;/c/Panda3D-1.11.0-x64/etc/../models
Assertion failed: other._error_type == ET_ok at line 395 of panda/src/pgraph/nodePath.cxx
:12-07-2022 19:51:54 :gobj(error): Texture::read() - couldn't read: phase_3/maps/hands/nd.png
:12-07-2022 19:51:54 :gobj(error): Unable to find texture "phase_3/maps/hands/nd.png" on model-path /;/c/Toontown/Toontown - Programming/SuitopiaUpdateLastLaff/Toontown-Last-Laff-Workspace/src/toontown/launcher;/c/Panda3D-1.11.0-x64/etc/..;/c/Panda3D-1.11.0-x64/etc/../models
Assertion failed: other._error_type == ET_ok at line 395 of panda/src/pgraph/nodePath.cxx
:12-07-2022 19:52:15 :gobj(error): Texture::read() - couldn't read: phase_3/maps/hands/nd.png
:12-07-2022 19:52:15 :gobj(error): Unable to find texture "phase_3/maps/hands/nd.png" on model-path /;/c/Toontown/Toontown - Programming/SuitopiaUpdateLastLaff/Toontown-Last-Laff-Workspace/src/toontown/launcher;/c/Panda3D-1.11.0-x64/etc/..;/c/Panda3D-1.11.0-x64/etc/../models
Assertion failed: other._error_type == ET_ok at line 395 of panda/src/pgraph/nodePath.cxx
:12-07-2022 19:52:15 ClassicFSM(warning): [DistributedSuit]: no transition exists from Walk to FromCogHQ
:12-07-2022 19:52:22 :gobj(error): Texture::read() - couldn't read: phase_3/maps/hands/gh.png
:12-07-2022 19:52:22 :gobj(error): Unable to find texture "phase_3/maps/hands/gh.png" on model-path /;/c/Toontown/Toontown - Programming/SuitopiaUpdateLastLaff/Toontown-Last-Laff-Workspace/src/toontown/launcher;/c/Panda3D-1.11.0-x64/etc/..;/c/Panda3D-1.11.0-x64/etc/../models
Assertion failed: other._error_type == ET_ok at line 395 of panda/src/pgraph/nodePath.cxx
:12-07-2022 19:52:23 ClassicFSM(warning): [DistributedSuit]: no transition exists from Walk to FromCogHQ
:12-07-2022 19:52:48 :gobj(error): Texture::read() - couldn't read: phase_3/maps/hands/gh.png
:12-07-2022 19:52:48 :gobj(error): Unable to find texture "phase_3/maps/hands/gh.png" on model-path /;/c/Toontown/Toontown - Programming/SuitopiaUpdateLastLaff/Toontown-Last-Laff-Workspace/src/toontown/launcher;/c/Panda3D-1.11.0-x64/etc/..;/c/Panda3D-1.11.0-x64/etc/../models
Assertion failed: other._error_type == ET_ok at line 395 of panda/src/pgraph/nodePath.cxx
:12-07-2022 19:52:48 ClassicFSM(warning): [DistributedSuit]: no transition exists from Walk to FromCogHQ
:12-07-2022 19:53:00 :gobj(error): Texture::read() - couldn't read: phase_3/maps/hands/ms.png
:12-07-2022 19:53:00 :gobj(error): Unable to find texture "phase_3/maps/hands/ms.png" on model-path /;/c/Toontown/Toontown - Programming/SuitopiaUpdateLastLaff/Toontown-Last-Laff-Workspace/src/toontown/launcher;/c/Panda3D-1.11.0-x64/etc/..;/c/Panda3D-1.11.0-x64/etc/../models
Assertion failed: other._error_type == ET_ok at line 395 of panda/src/pgraph/nodePath.cxx
:12-07-2022 19:53:15 :gobj(error): Texture::read() - couldn't read: phase_3/maps/hands/nd.png
:12-07-2022 19:53:15 :gobj(error): Unable to find texture "phase_3/maps/hands/nd.png" on model-path /;/c/Toontown/Toontown - Programming/SuitopiaUpdateLastLaff/Toontown-Last-Laff-Workspace/src/toontown/launcher;/c/Panda3D-1.11.0-x64/etc/..;/c/Panda3D-1.11.0-x64/etc/../models
Assertion failed: other._error_type == ET_ok at line 395 of panda/src/pgraph/nodePath.cxx
:12-07-2022 19:53:15 ClassicFSM(warning): [DistributedSuit]: no transition exists from Walk to FromCogHQ
:12-07-2022 19:53:34 :gobj(error): Texture::read() - couldn't read: phase_3/maps/hands/ms.png
:12-07-2022 19:53:34 :gobj(error): Unable to find texture "phase_3/maps/hands/ms.png" on model-path /;/c/Toontown/Toontown - Programming/SuitopiaUpdateLastLaff/Toontown-Last-Laff-Workspace/src/toontown/launcher;/c/Panda3D-1.11.0-x64/etc/..;/c/Panda3D-1.11.0-x64/etc/../models
Assertion failed: other._error_type == ET_ok at line 395 of panda/src/pgraph/nodePath.cxx
:12-07-2022 19:53:35 ClassicFSM(warning): [DistributedSuit]: no transition exists from Walk to FromCogHQ
:12-07-2022 19:53:45 :gobj(error): Texture::read() - couldn't read: phase_3/maps/hands/ms.png
:12-07-2022 19:53:45 :gobj(error): Unable to find texture "phase_3/maps/hands/ms.png" on model-path /;/c/Toontown/Toontown - Programming/SuitopiaUpdateLastLaff/Toontown-Last-Laff-Workspace/src/toontown/launcher;/c/Panda3D-1.11.0-x64/etc/..;/c/Panda3D-1.11.0-x64/etc/../models
Assertion failed: other._error_type == ET_ok at line 395 of panda/src/pgraph/nodePath.cxx
:12-07-2022 19:53:56 :gobj(error): Texture::read() - couldn't read: phase_3/maps/hands/gh.png
:12-07-2022 19:53:56 :gobj(error): Unable to find texture "phase_3/maps/hands/gh.png" on model-path /;/c/Toontown/Toontown - Programming/SuitopiaUpdateLastLaff/Toontown-Last-Laff-Workspace/src/toontown/launcher;/c/Panda3D-1.11.0-x64/etc/..;/c/Panda3D-1.11.0-x64/etc/../models
Assertion failed: other._error_type == ET_ok at line 395 of panda/src/pgraph/nodePath.cxx
frame rate: 143.4 fps|0.001d|7 avs||609|610||0x0000|0x0000|1043.5MB|1869.3MB|32590.0MB|1397|nt.2.6.2|3.600,3.600|8,16 cpus|OpenGL
:12-07-2022 19:54:14 :gobj(error): Texture::read() - couldn't read: phase_3/maps/hands/ms.png
:12-07-2022 19:54:14 :gobj(error): Unable to find texture "phase_3/maps/hands/ms.png" on model-path /;/c/Toontown/Toontown - Programming/SuitopiaUpdateLastLaff/Toontown-Last-Laff-Workspace/src/toontown/launcher;/c/Panda3D-1.11.0-x64/etc/..;/c/Panda3D-1.11.0-x64/etc/../models
Assertion failed: other._error_type == ET_ok at line 395 of panda/src/pgraph/nodePath.cxx
:12-07-2022 19:54:15 ClassicFSM(warning): [DistributedSuit]: no transition exists from Walk to FromCogHQ
:12-07-2022 19:54:37 :gobj(error): Texture::read() - couldn't read: phase_3/maps/hands/gh.png
:12-07-2022 19:54:37 :gobj(error): Unable to find texture "phase_3/maps/hands/gh.png" on model-path /;/c/Toontown/Toontown - Programming/SuitopiaUpdateLastLaff/Toontown-Last-Laff-Workspace/src/toontown/launcher;/c/Panda3D-1.11.0-x64/etc/..;/c/Panda3D-1.11.0-x64/etc/../models
Assertion failed: other._error_type == ET_ok at line 395 of panda/src/pgraph/nodePath.cxx
:12-07-2022 19:54:38 ClassicFSM(warning): [DistributedSuit]: no transition exists from Walk to FromCogHQ
:12-07-2022 19:54:50 :gobj(error): Texture::read() - couldn't read: phase_3/maps/hands/nd.png
:12-07-2022 19:54:50 :gobj(error): Unable to find texture "phase_3/maps/hands/nd.png" on model-path /;/c/Toontown/Toontown - Programming/SuitopiaUpdateLastLaff/Toontown-Last-Laff-Workspace/src/toontown/launcher;/c/Panda3D-1.11.0-x64/etc/..;/c/Panda3D-1.11.0-x64/etc/../models
Assertion failed: other._error_type == ET_ok at line 395 of panda/src/pgraph/nodePath.cxx
:12-07-2022 19:55:00 :gobj(error): Texture::read() - couldn't read: phase_3/maps/hands/cc.png
:12-07-2022 19:55:00 :gobj(error): Unable to find texture "phase_3/maps/hands/cc.png" on model-path /;/c/Toontown/Toontown - Programming/SuitopiaUpdateLastLaff/Toontown-Last-Laff-Workspace/src/toontown/launcher;/c/Panda3D-1.11.0-x64/etc/..;/c/Panda3D-1.11.0-x64/etc/../models
Assertion failed: other._error_type == ET_ok at line 395 of panda/src/pgraph/nodePath.cxx
:12-07-2022 19:55:04 :gobj(error): Texture::read() - couldn't read: phase_3/maps/hands/tm.png
:12-07-2022 19:55:04 :gobj(error): Unable to find texture "phase_3/maps/hands/tm.png" on model-path /;/c/Toontown/Toontown - Programming/SuitopiaUpdateLastLaff/Toontown-Last-Laff-Workspace/src/toontown/launcher;/c/Panda3D-1.11.0-x64/etc/..;/c/Panda3D-1.11.0-x64/etc/../models
Assertion failed: other._error_type == ET_ok at line 395 of panda/src/pgraph/nodePath.cxx
:12-07-2022 19:55:05 ClassicFSM(warning): [DistributedSuit]: no transition exists from Walk to FromCogHQ
:12-07-2022 19:55:12 :gobj(error): Texture::read() - couldn't read: phase_3/maps/hands/ms.png
:12-07-2022 19:55:12 :gobj(error): Unable to find texture "phase_3/maps/hands/ms.png" on model-path /;/c/Toontown/Toontown - Programming/SuitopiaUpdateLastLaff/Toontown-Last-Laff-Workspace/src/toontown/launcher;/c/Panda3D-1.11.0-x64/etc/..;/c/Panda3D-1.11.0-x64/etc/../models
Assertion failed: other._error_type == ET_ok at line 395 of panda/src/pgraph/nodePath.cxx
:12-07-2022 19:55:20 :gobj(error): Texture::read() - couldn't read: phase_3/maps/hands/nd.png
:12-07-2022 19:55:20 :gobj(error): Unable to find texture "phase_3/maps/hands/nd.png" on model-path /;/c/Toontown/Toontown - Programming/SuitopiaUpdateLastLaff/Toontown-Last-Laff-Workspace/src/toontown/launcher;/c/Panda3D-1.11.0-x64/etc/..;/c/Panda3D-1.11.0-x64/etc/../models
Assertion failed: other._error_type == ET_ok at line 395 of panda/src/pgraph/nodePath.cxx
:12-07-2022 19:55:20 ClassicFSM(warning): [DistributedSuit]: no transition exists from Walk to FromCogHQ
:12-07-2022 19:55:35 :gobj(error): Texture::read() - couldn't read: phase_3/maps/hands/cc.png
:12-07-2022 19:55:35 :gobj(error): Unable to find texture "phase_3/maps/hands/cc.png" on model-path /;/c/Toontown/Toontown - Programming/SuitopiaUpdateLastLaff/Toontown-Last-Laff-Workspace/src/toontown/launcher;/c/Panda3D-1.11.0-x64/etc/..;/c/Panda3D-1.11.0-x64/etc/../models
Assertion failed: other._error_type == ET_ok at line 395 of panda/src/pgraph/nodePath.cxx
:12-07-2022 19:55:36 ClassicFSM(warning): [DistributedSuit]: no transition exists from Walk to FromCogHQ
:12-07-2022 19:55:47 :gobj(error): Texture::read() - couldn't read: phase_3/maps/hands/ms.png
:12-07-2022 19:55:47 :gobj(error): Unable to find texture "phase_3/maps/hands/ms.png" on model-path /;/c/Toontown/Toontown - Programming/SuitopiaUpdateLastLaff/Toontown-Last-Laff-Workspace/src/toontown/launcher;/c/Panda3D-1.11.0-x64/etc/..;/c/Panda3D-1.11.0-x64/etc/../models
Assertion failed: other._error_type == ET_ok at line 395 of panda/src/pgraph/nodePath.cxx
:12-07-2022 19:55:47 ClassicFSM(warning): [DistributedSuit]: no transition exists from Walk to FromCogHQ
:12-07-2022 19:55:51 :gobj(error): Texture::read() - couldn't read: phase_3/maps/hands/cc.png
:12-07-2022 19:55:51 :gobj(error): Unable to find texture "phase_3/maps/hands/cc.png" on model-path /;/c/Toontown/Toontown - Programming/SuitopiaUpdateLastLaff/Toontown-Last-Laff-Workspace/src/toontown/launcher;/c/Panda3D-1.11.0-x64/etc/..;/c/Panda3D-1.11.0-x64/etc/../models
Assertion failed: other._error_type == ET_ok at line 395 of panda/src/pgraph/nodePath.cxx
:12-07-2022 19:55:52 ClassicFSM(warning): [DistributedSuit]: no transition exists from Walk to FromCogHQ
:12-07-2022 19:56:19 :gobj(error): Texture::read() - couldn't read: phase_3/maps/hands/gh.png
:12-07-2022 19:56:19 :gobj(error): Unable to find texture "phase_3/maps/hands/gh.png" on model-path /;/c/Toontown/Toontown - Programming/SuitopiaUpdateLastLaff/Toontown-Last-Laff-Workspace/src/toontown/launcher;/c/Panda3D-1.11.0-x64/etc/..;/c/Panda3D-1.11.0-x64/etc/../models
Assertion failed: other._error_type == ET_ok at line 395 of panda/src/pgraph/nodePath.cxx
:12-07-2022 19:56:31 :gobj(error): Texture::read() - couldn't read: phase_3/maps/hands/tf.png
:12-07-2022 19:56:31 :gobj(error): Unable to find texture "phase_3/maps/hands/tf.png" on model-path /;/c/Toontown/Toontown - Programming/SuitopiaUpdateLastLaff/Toontown-Last-Laff-Workspace/src/toontown/launcher;/c/Panda3D-1.11.0-x64/etc/..;/c/Panda3D-1.11.0-x64/etc/../models
Assertion failed: other._error_type == ET_ok at line 395 of panda/src/pgraph/nodePath.cxx
:12-07-2022 19:57:15 :gobj(error): Texture::read() - couldn't read: phase_3/maps/hands/tf.png
:12-07-2022 19:57:15 :gobj(error): Unable to find texture "phase_3/maps/hands/tf.png" on model-path /;/c/Toontown/Toontown - Programming/SuitopiaUpdateLastLaff/Toontown-Last-Laff-Workspace/src/toontown/launcher;/c/Panda3D-1.11.0-x64/etc/..;/c/Panda3D-1.11.0-x64/etc/../models
Assertion failed: other._error_type == ET_ok at line 395 of panda/src/pgraph/nodePath.cxx
:12-07-2022 19:57:25 :gobj(error): Texture::read() - couldn't read: phase_3/maps/hands/gh.png
:12-07-2022 19:57:25 :gobj(error): Unable to find texture "phase_3/maps/hands/gh.png" on model-path /;/c/Toontown/Toontown - Programming/SuitopiaUpdateLastLaff/Toontown-Last-Laff-Workspace/src/toontown/launcher;/c/Panda3D-1.11.0-x64/etc/..;/c/Panda3D-1.11.0-x64/etc/../models
Assertion failed: other._error_type == ET_ok at line 395 of panda/src/pgraph/nodePath.cxx
:12-07-2022 19:57:31 :gobj(error): Texture::read() - couldn't read: phase_3/maps/hands/gh.png
:12-07-2022 19:57:31 :gobj(error): Unable to find texture "phase_3/maps/hands/gh.png" on model-path /;/c/Toontown/Toontown - Programming/SuitopiaUpdateLastLaff/Toontown-Last-Laff-Workspace/src/toontown/launcher;/c/Panda3D-1.11.0-x64/etc/..;/c/Panda3D-1.11.0-x64/etc/../models
Assertion failed: other._error_type == ET_ok at line 395 of panda/src/pgraph/nodePath.cxx
:12-07-2022 19:57:31 ClassicFSM(warning): [DistributedSuit]: no transition exists from Walk to FromCogHQ
:12-07-2022 19:58:03 :gobj(error): Texture::read() - couldn't read: phase_3/maps/hands/gh.png
:12-07-2022 19:58:03 :gobj(error): Unable to find texture "phase_3/maps/hands/gh.png" on model-path /;/c/Toontown/Toontown - Programming/SuitopiaUpdateLastLaff/Toontown-Last-Laff-Workspace/src/toontown/launcher;/c/Panda3D-1.11.0-x64/etc/..;/c/Panda3D-1.11.0-x64/etc/../models
Assertion failed: other._error_type == ET_ok at line 395 of panda/src/pgraph/nodePath.cxx
:12-07-2022 19:58:04 ClassicFSM(warning): [DistributedSuit]: no transition exists from Walk to FromCogHQ
:12-07-2022 19:58:07 :gobj(error): Texture::read() - couldn't read: phase_3/maps/hands/tf.png
:12-07-2022 19:58:07 :gobj(error): Unable to find texture "phase_3/maps/hands/tf.png" on model-path /;/c/Toontown/Toontown - Programming/SuitopiaUpdateLastLaff/Toontown-Last-Laff-Workspace/src/toontown/launcher;/c/Panda3D-1.11.0-x64/etc/..;/c/Panda3D-1.11.0-x64/etc/../models
Assertion failed: other._error_type == ET_ok at line 395 of panda/src/pgraph/nodePath.cxx
:12-07-2022 19:58:17 :gobj(error): Texture::read() - couldn't read: phase_3/maps/hands/tm.png
:12-07-2022 19:58:17 :gobj(error): Unable to find texture "phase_3/maps/hands/tm.png" on model-path /;/c/Toontown/Toontown - Programming/SuitopiaUpdateLastLaff/Toontown-Last-Laff-Workspace/src/toontown/launcher;/c/Panda3D-1.11.0-x64/etc/..;/c/Panda3D-1.11.0-x64/etc/../models
Assertion failed: other._error_type == ET_ok at line 395 of panda/src/pgraph/nodePath.cxx
:12-07-2022 19:58:28 :gobj(error): Texture::read() - couldn't read: phase_3/maps/hands/gh.png
:12-07-2022 19:58:28 :gobj(error): Unable to find texture "phase_3/maps/hands/gh.png" on model-path /;/c/Toontown/Toontown - Programming/SuitopiaUpdateLastLaff/Toontown-Last-Laff-Workspace/src/toontown/launcher;/c/Panda3D-1.11.0-x64/etc/..;/c/Panda3D-1.11.0-x64/etc/../models
Assertion failed: other._error_type == ET_ok at line 395 of panda/src/pgraph/nodePath.cxx
:12-07-2022 19:58:40 :gobj(error): Texture::read() - couldn't read: phase_3/maps/hands/tm.png
:12-07-2022 19:58:40 :gobj(error): Unable to find texture "phase_3/maps/hands/tm.png" on model-path /;/c/Toontown/Toontown - Programming/SuitopiaUpdateLastLaff/Toontown-Last-Laff-Workspace/src/toontown/launcher;/c/Panda3D-1.11.0-x64/etc/..;/c/Panda3D-1.11.0-x64/etc/../models
Assertion failed: other._error_type == ET_ok at line 395 of panda/src/pgraph/nodePath.cxx
:12-07-2022 19:58:41 :gobj(error): Texture::read() - couldn't read: phase_3/maps/hands/tf.png
:12-07-2022 19:58:41 :gobj(error): Unable to find texture "phase_3/maps/hands/tf.png" on model-path /;/c/Toontown/Toontown - Programming/SuitopiaUpdateLastLaff/Toontown-Last-Laff-Workspace/src/toontown/launcher;/c/Panda3D-1.11.0-x64/etc/..;/c/Panda3D-1.11.0-x64/etc/../models
Assertion failed: other._error_type == ET_ok at line 395 of panda/src/pgraph/nodePath.cxx
:12-07-2022 19:58:41 ClassicFSM(warning): [DistributedSuit]: no transition exists from Walk to FromCogHQ
:12-07-2022 19:58:51 :gobj(error): Texture::read() - couldn't read: phase_3/maps/hands/nd.png
:12-07-2022 19:58:51 :gobj(error): Unable to find texture "phase_3/maps/hands/nd.png" on model-path /;/c/Toontown/Toontown - Programming/SuitopiaUpdateLastLaff/Toontown-Last-Laff-Workspace/src/toontown/launcher;/c/Panda3D-1.11.0-x64/etc/..;/c/Panda3D-1.11.0-x64/etc/../models
Assertion failed: other._error_type == ET_ok at line 395 of panda/src/pgraph/nodePath.cxx
:12-07-2022 19:58:57 :gobj(error): Texture::read() - couldn't read: phase_3/maps/hands/gh.png
:12-07-2022 19:58:57 :gobj(error): Unable to find texture "phase_3/maps/hands/gh.png" on model-path /;/c/Toontown/Toontown - Programming/SuitopiaUpdateLastLaff/Toontown-Last-Laff-Workspace/src/toontown/launcher;/c/Panda3D-1.11.0-x64/etc/..;/c/Panda3D-1.11.0-x64/etc/../models
Assertion failed: other._error_type == ET_ok at line 395 of panda/src/pgraph/nodePath.cxx
:12-07-2022 19:58:58 ClassicFSM(warning): [DistributedSuit]: no transition exists from Walk to FromCogHQ
frame rate: 143.7 fps|0.001d|6 avs||909|910||0x0000|0x0000|1090.2MB|1915.6MB|32590.0MB|1466|nt.2.6.2|3.600,3.600|8,16 cpus|OpenGL
:12-07-2022 19:59:03 :gobj(error): Texture::read() - couldn't read: phase_3/maps/hands/ms.png
:12-07-2022 19:59:03 :gobj(error): Unable to find texture "phase_3/maps/hands/ms.png" on model-path /;/c/Toontown/Toontown - Programming/SuitopiaUpdateLastLaff/Toontown-Last-Laff-Workspace/src/toontown/launcher;/c/Panda3D-1.11.0-x64/etc/..;/c/Panda3D-1.11.0-x64/etc/../models
Assertion failed: other._error_type == ET_ok at line 395 of panda/src/pgraph/nodePath.cxx
:12-07-2022 19:59:14 :gobj(error): Texture::read() - couldn't read: phase_3/maps/hands/ms.png
:12-07-2022 19:59:14 :gobj(error): Unable to find texture "phase_3/maps/hands/ms.png" on model-path /;/c/Toontown/Toontown - Programming/SuitopiaUpdateLastLaff/Toontown-Last-Laff-Workspace/src/toontown/launcher;/c/Panda3D-1.11.0-x64/etc/..;/c/Panda3D-1.11.0-x64/etc/../models
Assertion failed: other._error_type == ET_ok at line 395 of panda/src/pgraph/nodePath.cxx
:12-07-2022 19:59:26 :gobj(error): Texture::read() - couldn't read: phase_3/maps/hands/nd.png
:12-07-2022 19:59:26 :gobj(error): Unable to find texture "phase_3/maps/hands/nd.png" on model-path /;/c/Toontown/Toontown - Programming/SuitopiaUpdateLastLaff/Toontown-Last-Laff-Workspace/src/toontown/launcher;/c/Panda3D-1.11.0-x64/etc/..;/c/Panda3D-1.11.0-x64/etc/../models
Assertion failed: other._error_type == ET_ok at line 395 of panda/src/pgraph/nodePath.cxx
:12-07-2022 19:59:30 :gobj(error): Texture::read() - couldn't read: phase_3/maps/hands/gh.png
:12-07-2022 19:59:30 :gobj(error): Unable to find texture "phase_3/maps/hands/gh.png" on model-path /;/c/Toontown/Toontown - Programming/SuitopiaUpdateLastLaff/Toontown-Last-Laff-Workspace/src/toontown/launcher;/c/Panda3D-1.11.0-x64/etc/..;/c/Panda3D-1.11.0-x64/etc/../models
Assertion failed: other._error_type == ET_ok at line 395 of panda/src/pgraph/nodePath.cxx
:12-07-2022 19:59:30 ClassicFSM(warning): [DistributedSuit]: no transition exists from Walk to FromCogHQ
handling timeout
:12-07-2022 19:59:36 DistributedToon: closing shard...
:12-07-2022 19:59:36 SellbotHQExterior: Unloading Place (11000). Fsm in final
:12-07-2022 19:59:36 OTPClientRepository: Exiting shard
:12-07-2022 19:59:36 DistributedObject: DistributedSuitPlanner 402002963: disabling
ignoring InputState-forward
:12-07-2022 19:59:36 OTPClientRepository: sending clientLogout
Assertion failed: _error_type != ET_not_found at line 592 of panda/src/pgraph/nodePath.cxx
Traceback (most recent call last):
  File "C:\Panda3D-1.11.0-x64\direct\distributed\ConnectionRepository.py", line 609, in readerPollUntilEmpty
    while self.readerPollOnce():
  File "C:\Panda3D-1.11.0-x64\direct\distributed\ConnectionRepository.py", line 616, in readerPollOnce
    self.handleDatagram(self.private__di)
  File "otp\distributed\OTPClientRepository.py", line 1838, in handleDatagram
    self.handler(msgType, di)
  File "toontown\distributed\ToontownClientRepository.py", line 528, in handleCloseShard
    self.handleMessageType(msgType, di)
  File "otp\distributed\OTPClientRepository.py", line 1732, in handleMessageType
    self.gotInterestDoneMessage(di)
  File "otp\distributed\OTPClientRepository.py", line 1759, in gotInterestDoneMessage
    self.handleInterestDoneMessage(di)
  File "C:\Panda3D-1.11.0-x64\direct\distributed\DoInterestManager.py", line 621, in handleInterestDoneMessage
    messenger.send(event)
  File "C:\Panda3D-1.11.0-x64\direct\showbase\Messenger.py", line 333, in send
    self.__dispatch(acceptorDict, event, sentArgs, foundWatch)
  File "C:\Panda3D-1.11.0-x64\direct\showbase\Messenger.py", line 418, in __dispatch
    result = method (*(extraArgs + sentArgs))
  File "C:\Panda3D-1.11.0-x64\direct\showbase\PythonUtil.py", line 124, in _do__call__
    return self._function(*(self._args + args), **_kargs)
  File "toontown\distributed\ToontownClientRepository.py", line 613, in _tcrRemoveShardInterestDone
    callback()
  File "otp\otpbase\PythonUtil.py", line 122, in _do__call__
    return self._function(*(self._args + args), **_kargs)
  File "otp\distributed\OTPClientRepository.py", line 1329, in _removeShardInterestComplete
    self._callRemoveShardInterestCallback(callback, None)
  File "otp\distributed\OTPClientRepository.py", line 1334, in _callRemoveShardInterestCallback
    callback()
  File "otp\otpbase\PythonUtil.py", line 122, in _do__call__
    return self._function(*(self._args + args), **_kargs)
  File "C:\Panda3D-1.11.0-x64\direct\fsm\ClassicFSM.py", line 281, in request
    exitArgList)
  File "C:\Panda3D-1.11.0-x64\direct\fsm\ClassicFSM.py", line 227, in __transition
    self.__exitCurrent(exitArgList)
  File "C:\Panda3D-1.11.0-x64\direct\fsm\ClassicFSM.py", line 185, in __exitCurrent
    self.__currentState.exit(argList)
  File "C:\Panda3D-1.11.0-x64\direct\fsm\State.py", line 213, in exit
    self.__exitFunc(*argList)
  File "toontown\distributed\ToontownClientRepository.py", line 430, in exitPlayingGame
    base.localAvatar.deleteOrDelay()
  File "C:\Panda3D-1.11.0-x64\direct\distributed\DistributedObject.py", line 201, in deleteOrDelay
    self.disableAnnounceAndDelete()
  File "C:\Panda3D-1.11.0-x64\direct\distributed\DistributedObject.py", line 204, in disableAnnounceAndDelete
    self.disableAndAnnounce()
  File "C:\Panda3D-1.11.0-x64\direct\distributed\DistributedObject.py", line 230, in disableAndAnnounce
    self.disable()
  File "toontown\toon\LocalToon.py", line 256, in disable
    self.book.unload()
  File "toontown\shtiker\ShtikerBook.py", line 150, in unload
    page.unload()
  File "toontown\shtiker\SuitPage.py", line 240, in unload
    shadow.removeNode()
AssertionError: _error_type != ET_not_found at line 592 of panda/src/pgraph/nodePath.cxx
:12-07-2022 19:59:36 :task(error): Exception occurred in PythonTask readerPollTask-184156160
:12-07-2022 19:59:36 TTOffLauncher: setting panda error code to 12
:12-07-2022 19:59:36 TTOffLauncher(warning): Handling Python exception.
:12-07-2022 19:59:36 OTPClientRepository: Sent disconnect message to server
:12-07-2022 19:59:36 OTPClientRepository: Closing connection to server.
:12-07-2022 19:59:36 TTOffLauncher: Exception exit.

Traceback (most recent call last):
  File "otp\launcher\LauncherBase.py", line 1081, in mainLoop
    self._runTaskManager()
  File "otp\launcher\LauncherBase.py", line 1052, in _runTaskManager
    taskMgr.run()
  File "C:\Panda3D-1.11.0-x64\direct\task\Task.py", line 528, in run
    self.step()
  File "C:\Panda3D-1.11.0-x64\direct\task\Task.py", line 482, in step
    self.mgr.poll()
  File "C:\Panda3D-1.11.0-x64\direct\distributed\ConnectionRepository.py", line 609, in readerPollUntilEmpty
    while self.readerPollOnce():
  File "C:\Panda3D-1.11.0-x64\direct\distributed\ConnectionRepository.py", line 616, in readerPollOnce
    self.handleDatagram(self.private__di)
  File "otp\distributed\OTPClientRepository.py", line 1838, in handleDatagram
    self.handler(msgType, di)
  File "toontown\distributed\ToontownClientRepository.py", line 528, in handleCloseShard
    self.handleMessageType(msgType, di)
  File "otp\distributed\OTPClientRepository.py", line 1732, in handleMessageType
    self.gotInterestDoneMessage(di)
  File "otp\distributed\OTPClientRepository.py", line 1759, in gotInterestDoneMessage
    self.handleInterestDoneMessage(di)
  File "C:\Panda3D-1.11.0-x64\direct\distributed\DoInterestManager.py", line 621, in handleInterestDoneMessage
    messenger.send(event)
  File "C:\Panda3D-1.11.0-x64\direct\showbase\Messenger.py", line 333, in send
    self.__dispatch(acceptorDict, event, sentArgs, foundWatch)
  File "C:\Panda3D-1.11.0-x64\direct\showbase\Messenger.py", line 418, in __dispatch
    result = method (*(extraArgs + sentArgs))
  File "C:\Panda3D-1.11.0-x64\direct\showbase\PythonUtil.py", line 124, in _do__call__
    return self._function(*(self._args + args), **_kargs)
  File "toontown\distributed\ToontownClientRepository.py", line 613, in _tcrRemoveShardInterestDone
    callback()
  File "otp\otpbase\PythonUtil.py", line 122, in _do__call__
    return self._function(*(self._args + args), **_kargs)
  File "otp\distributed\OTPClientRepository.py", line 1329, in _removeShardInterestComplete
    self._callRemoveShardInterestCallback(callback, None)
  File "otp\distributed\OTPClientRepository.py", line 1334, in _callRemoveShardInterestCallback
    callback()
  File "otp\otpbase\PythonUtil.py", line 122, in _do__call__
    return self._function(*(self._args + args), **_kargs)
  File "C:\Panda3D-1.11.0-x64\direct\fsm\ClassicFSM.py", line 281, in request
    exitArgList)
  File "C:\Panda3D-1.11.0-x64\direct\fsm\ClassicFSM.py", line 227, in __transition
    self.__exitCurrent(exitArgList)
  File "C:\Panda3D-1.11.0-x64\direct\fsm\ClassicFSM.py", line 185, in __exitCurrent
    self.__currentState.exit(argList)
  File "C:\Panda3D-1.11.0-x64\direct\fsm\State.py", line 213, in exit
    self.__exitFunc(*argList)
  File "toontown\distributed\ToontownClientRepository.py", line 430, in exitPlayingGame
    base.localAvatar.deleteOrDelay()
  File "C:\Panda3D-1.11.0-x64\direct\distributed\DistributedObject.py", line 201, in deleteOrDelay
    self.disableAnnounceAndDelete()
  File "C:\Panda3D-1.11.0-x64\direct\distributed\DistributedObject.py", line 204, in disableAnnounceAndDelete
    self.disableAndAnnounce()
  File "C:\Panda3D-1.11.0-x64\direct\distributed\DistributedObject.py", line 230, in disableAndAnnounce
    self.disable()
  File "toontown\toon\LocalToon.py", line 256, in disable
    self.book.unload()
  File "toontown\shtiker\ShtikerBook.py", line 150, in unload
    page.unload()
  File "toontown\shtiker\SuitPage.py", line 240, in unload
    shadow.removeNode()
AssertionError: _error_type != ET_not_found at line 592 of panda/src/pgraph/nodePath.cxx
