

Starting Toontown Online...
Current time: Wed Oct 19 16:53:54 2022 Eastern Standard Time
sys.path =  ['', 'C:\\Toontown-Last-Laff-Workspace\\src\\Panda3D-1.11.0-x64\\python\\python27.zip', 'C:\\Panda3D-1.10.12-x64', 'C:\\Toontown-Last-Laff-Workspace\\src\\Panda3D-1.11.0-x64\\python\\DLLs', 'C:\\Toontown-Last-Laff-Workspace\\src\\Panda3D-1.11.0-x64\\python\\lib', 'C:\\Toontown-Last-Laff-Workspace\\src\\Panda3D-1.11.0-x64\\python\\lib\\plat-win', 'C:\\Toontown-Last-Laff-Workspace\\src\\Panda3D-1.11.0-x64\\python\\lib\\lib-tk', 'C:\\Toontown-Last-Laff-Workspace\\src\\Panda3D-1.11.0-x64\\python', 'C:\\Toontown-Last-Laff-Workspace\\src\\Panda3D-1.11.0-x64', 'C:\\Toontown-Last-Laff-Workspace\\src\\Panda3D-1.11.0-x64\\bin', 'C:\\Toontown-Last-Laff-Workspace\\src\\Panda3D-1.11.0-x64\\python\\lib\\site-packages']
sys.argv =  ['C:\\Toontown-Last-Laff-Workspace\\src\\toontown\\launcher\\TTOffQuickStartLauncher.py']
generating standard configrc
os.environ =  {'TMP': 'C:\\Users\\theph\\AppData\\Local\\Temp', 'COMPUTERNAME': 'DESKTOP-7054VC9', 'USERDOMAIN': 'DESKTOP-7054VC9', 'NEKO_INSTPATH': 'C:\\HaxeToolkit\\neko', 'INTEL_DEV_REDIST': 'C:\\Program Files (x86)\\Common Files\\Intel\\Shared Libraries\\', 'PSMODULEPATH': 'C:\\Program Files\\WindowsPowerShell\\Modules;C:\\WINDOWS\\system32\\WindowsPowerShell\\v1.0\\Modules', 'COMMONPROGRAMFILES': 'C:\\Program Files\\Common Files', 'PROCESSOR_IDENTIFIER': 'Intel64 Family 6 Model 158 Stepping 13, GenuineIntel', 'PROGRAMFILES': 'C:\\Program Files', 'PROCESSOR_REVISION': '9e0d', 'PATH': 'C:\\Toontown-Last-Laff-Workspace\\src\\Panda3D-1.11.0-x64\\panda3d\\..\\bin;C:\\Program Files (x86)\\Common Files\\Intel\\Shared Libraries\\redist\\intel64_win\\compiler;C:\\Program Files (x86)\\NVIDIA Corporation\\PhysX\\Common;C:\\Program Files\\Python38\\Scripts\\;C:\\Program Files\\Python38\\;C:\\WINDOWS\\system32;C:\\WINDOWS;C:\\WINDOWS\\System32\\Wbem;C:\\WINDOWS\\System32\\WindowsPowerShell\\v1.0\\;C:\\WINDOWS\\System32\\OpenSSH\\;C:\\Program Files\\NVIDIA Corporation\\NVIDIA NvDLISR;C:\\Program Files\\dotnet\\;C:\\Users\\theph\\AppData\\Local\\Programs\\Python\\Python39;C:\\Users\\theph\\AppData\\Local\\Programs\\Python\\Python39\\Scripts;C:\\Program Files\\Common Files\\Autodesk Shared\\;C:\\Program Files\\Git\\cmd;C:\\Program Files (x86)\\Windows Live\\Shared;C:\\HaxeToolkit\\haxe;C:\\HaxeToolkit\\neko;C:\\Program Files\\Microsoft SQL Server\\150\\Tools\\Binn\\;C:\\Program Files\\Microsoft SQL Server\\Client SDK\\ODBC\\170\\Tools\\Binn\\;C:\\Users\\theph\\AppData\\Local\\Microsoft\\WindowsApps;C:\\Users\\theph\\.dotnet\\tools;C:\\Program Files\\JetBrains\\PyCharm Community Edition 2020.3.3\\bin;C:\\Users\\theph\\AppData\\Local\\atom\\bin;C:\\Users\\theph\\AppData\\Local\\GitHubDesktop\\bin;C:\\Panda3D-1.9.0-x64\\python;C:\\Panda3D-1.9.0-x64\\python\\Scripts;C:\\Panda3D-1.9.0-x64\\bin;C:\\Panda3D-1.9.0\\python;C:\\Panda3D-1.9.0\\python\\Scripts;C:\\Panda3D-1.9.0\\bin;C:\\Panda3D-1.10.0\\python;C:\\Panda3D-1.10.0\\python\\Scripts;C:\\Panda3D-1.10.0\\bin;C:\\Program Files\\JetBrains\\PyCharm Community Edition 2022.2.2\\bin;;C:\\Users\\theph\\AppData\\Local\\Programs\\Microsoft VS Code\\bin;C:\\Panda3D-1.11.0\\python;C:\\Panda3D-1.11.0\\python\\Scripts;C:\\Panda3D-1.11.0\\bin;C:\\Users\\theph\\.dotnet\\tools;C:\\Panda3D-1.10.11-x64\\python;C:\\Panda3D-1.10.11-x64\\python\\Scripts;C:\\Panda3D-1.10.11-x64\\bin;C:\\Panda3D-1.11.0-x64\\python;C:\\Panda3D-1.11.0-x64\\python\\Scripts;C:\\Panda3D-1.11.0-x64\\bin;C:\\EventHorizon-battle-ng-teaser\\dependencies\\panda\\python;C:\\EventHorizon-battle-ng-teaser\\dependencies\\panda\\python\\Scripts;C:\\EventHorizon-battle-ng-teaser\\depe', 'SYSTEMROOT': 'C:\\WINDOWS', 'PROGRAMFILES(X86)': 'C:\\Program Files (x86)', 'COMSPEC': 'C:\\WINDOWS\\system32\\cmd.exe', 'DRIVERDATA': 'C:\\Windows\\System32\\Drivers\\DriverData', 'PPYTHON_PATH': '"Panda3D-1.11.0-x64\\python\\ppython.exe"', 'TEMP': 'C:\\Users\\theph\\AppData\\Local\\Temp', 'FPS_BROWSER_APP_PROFILE_STRING': 'Internet Explorer', 'COMMONPROGRAMFILES(X86)': 'C:\\Program Files (x86)\\Common Files', 'PROCESSOR_ARCHITECTURE': 'AMD64', 'ALLUSERSPROFILE': 'C:\\ProgramData', 'LOCALAPPDATA': 'C:\\Users\\theph\\AppData\\Local', 'FPS_BROWSER_USER_PROFILE_STRING': 'Default', 'HOMEPATH': '\\Users\\theph', 'USERDOMAIN_ROAMINGPROFILE': 'DESKTOP-7054VC9', 'PROGRAMW6432': 'C:\\Program Files', 'USERNAME': 'theph', 'LOGONSERVER': '\\\\DESKTOP-7054VC9', 'PROMPT': '$P$G', 'SESSIONNAME': 'Console', 'PROGRAMDATA': 'C:\\ProgramData', 'ONEDRIVE': 'C:\\Users\\theph\\OneDrive', 'ADSK_3DSMAX_X64_2019': 'C:\\Program Files\\Autodesk\\3ds Max 2019\\', 'ZES_ENABLE_SYSMAN': '1', 'HAXEPATH': 'C:\\HaxeToolkit\\haxe', 'PATHEXT': '.COM;.EXE;.BAT;.CMD;.VBS;.VBE;.JS;.JSE;.WSF;.WSH;.MSC;.PY;.PYW', 'TTOFF_LOGIN_TOKEN': 'dev', 'WINDIR': 'C:\\WINDOWS', 'PYCHARM COMMUNITY EDITION': 'C:\\Program Files\\JetBrains\\PyCharm Community Edition 2022.2.2\\bin;', 'HOMEDRIVE': 'C:', 'SYSTEMDRIVE': 'C:', 'PUBLIC': 'C:\\Users\\Public', 'NUMBER_OF_PROCESSORS': '16', 'APPDATA': 'C:\\Users\\theph\\AppData\\Roaming', 'PROCESSOR_LEVEL': '6', 'COMMONPROGRAMW6432': 'C:\\Program Files\\Common Files', 'OS': 'Windows_NT', 'ADSK_CLM_WPAD_PROXY_CHECK': 'FALSE', 'USERPROFILE': 'C:\\Users\\theph'}
:10-19-2022 16:53:54 TTOffLauncher: isTestServer: 0
:10-19-2022 16:53:54 TTOffLauncher: Game Server 127.0.0.1
:10-19-2022 16:53:54 TTOffLauncher: Starting Toontown Online... 
:10-19-2022 16:53:54 TTOffLauncher: foreground: Launcher now operating in foreground
useTTOffSpecificLogin=True
:10-19-2022 16:53:54 TTOffLauncher: maybeStartGame: starting game
:10-19-2022 16:53:54 TTOffLauncher: Starting Toontown Online...
:10-19-2022 16:53:54 TTOffLauncher: background: Launcher now operating in background
ToontownStart: Polling for game2 to finish...
ToontownStart: Game2 is finished.
ToontownStart: Starting the game.
ToontownStart: setting default font
:10-19-2022 16:53:54 TTOffLauncher: setting panda error code to 7
Known pipe types:
  wglGraphicsPipe
(all display modules loaded.)
:10-19-2022 16:53:54 ToonBase: Default graphics pipe is wglGraphicsPipe (OpenGL).
:10-19-2022 16:53:54 :display(warning): FrameBufferProperties available less than requested.
  requested: depth_bits=24 color_bits=3 red_bits=1 green_bits=1 blue_bits=1 alpha_bits=1 multisamples=70 back_buffers=1 force_hardware 
  got: depth_bits=24 color_bits=24 red_bits=8 green_bits=8 blue_bits=8 alpha_bits=8 accum_bits=64 multisamples=16 back_buffers=1 force_hardware 
:10-19-2022 16:53:54 ToonBase: Successfully opened window of type wglGraphicsWindow (OpenGL)
:10-19-2022 16:53:54 ShowBase: __dev__ == False
:10-19-2022 16:53:54 TTOffLauncher: setting panda error code to 11
:10-19-2022 16:53:54 TTOffLauncher: setting panda error code to 0
ToontownStart: Loading default gui sounds
ToontownStart: serverVersion:  tto-dev
:10-19-2022 16:53:54 Loader: starting bulk load of block 'init'
:10-19-2022 16:53:55 :nativenet(error): Buffered_DatagramConnection Constructor rbufsize = 4096000 wbufsize = 4096000 write_flush_point = 1400
:10-19-2022 16:53:55 OTPClientRepository: Using connect method 'http'
:10-19-2022 16:53:55 TTOffLauncher: getRegistry ('DEPLOYMENT', None)
:10-19-2022 16:53:55 TTOffLauncher: checking env
:10-19-2022 16:53:55 TTOffLauncher: getRegistry ('GAME_DEPLOYMENT', None)
:10-19-2022 16:53:55 TTOffLauncher: checking env
:10-19-2022 16:53:55 OTPClientRepository: reg_deployment=
:10-19-2022 16:53:55 OTPClientRepository: required-login auto.
:10-19-2022 16:53:55 OTPClientRepository: loginInterface: LoginTTOffAccount
:10-19-2022 16:53:55 TTOffLauncher: getNeedPwForSecretKey using ttoff-specific-login
:10-19-2022 16:53:55 Loader: At end of block 'init', expected 138, loaded 4, duration=1.0498525
:10-19-2022 16:53:55 OTPClientRepository: Connecting to gameserver directly (no proxy).
:10-19-2022 16:53:55 OTPClientRepository: Connecting to //127.0.0.1:7198 via HTTP interface.
:10-19-2022 16:53:55 TTOffLauncher: Stopping mini task manager.
:10-19-2022 16:53:55 OTPClientRepository: Successfully connected to //127.0.0.1:7198.
:10-19-2022 16:53:55 TTOffLauncher: Setting Disconnect Details normal
{402000001: <toontown.distributed.ToontownDistrict.ToontownDistrict instance at 0x000000001F833C08>}
:10-19-2022 16:53:57 StateData: AvatarChooser.enter
:10-19-2022 16:53:57 DisplayOptions: settingsFullScreen = False, embedded = False width=800 height=600
:10-19-2022 16:53:57 StateData: calling self.displayOptions.restrictToEmbedded(False)
:10-19-2022 16:53:59 OTPClientRepository: ================
:10-19-2022 16:53:59 OTPClientRepository: Chose avatar id: 100000002
:10-19-2022 16:53:59 OTPClientRepository: Chose avatar name: Prince Bert Whiskerfuddy
:10-19-2022 16:53:59 OTPClientRepository: Chose avatar dna: ('dls', 'ls', 'l', 'm', 20, 0, 20, 20, 1, 0, 1, 0, 1, 14)
:10-19-2022 16:53:59 OTPClientRepository: Chose avatar position: 4
:10-19-2022 16:53:59 OTPClientRepository: isPaid: 1
:10-19-2022 16:53:59 OTPClientRepository: freeTimeLeft: 0
:10-19-2022 16:53:59 OTPClientRepository: allowSecretChat: True
:10-19-2022 16:53:59 OTPClientRepository: ================
:10-19-2022 16:53:59 Loader: starting bulk load of block 'localAvatarPlayGame'
:10-19-2022 16:54:00 ToontownTimeManager(warning): error parsing date string=
local
:10-19-2022 16:54:00 NewsPageButtonManager(warning): Should not get here. NewsPageButtonManager.exitOff
:10-19-2022 16:54:00 :pnmimage:png(warning): iCCP: known incorrect sRGB profile
:10-19-2022 16:54:01 OTPClientRepository: Entering shard 402000001
:10-19-2022 16:54:01 StreetSign: Street sign url is https://ttoffline.com/images/
:10-19-2022 16:54:02 TimeManager: Clock sync: TimeManager.announceGenerate
:10-19-2022 16:54:02 NewsManager: setHolidayId: Starting Holiday 26
:10-19-2022 16:54:02 NewsManager: setHolidayId: Starting Holiday 7
:10-19-2022 16:54:02 InGameNewsMgr: latestIssue=2013-08-22 16:49:46.000003-07:00
cpu info: GenuineIntel|Intel(R) Core(TM) i9-9900K CPU @ 3.60GHz|591597|0|3.600,3.600|8,16 cpus
:10-19-2022 16:54:04 OTPClientRepository: No sync from TimeManager.
:10-19-2022 16:54:04 OTPClientRepository: gotTimeSync
:10-19-2022 16:54:04 Loader: At end of block 'localAvatarPlayGame', expected 400, loaded 14, duration=4.28315
:10-19-2022 16:54:04 TimeManager: Clock sync roundtrip took 1171.158 ms
:10-19-2022 16:54:04 TimeManager: AI time delta is -0:02 from server delta
:10-19-2022 16:54:04 TimeManager: Local clock uncertainty +/- 0.586 s
:10-19-2022 16:54:04 PlayGame: QA-REGRESSION: NEIGHBORHOODS: Visit Daisy Gardens
:10-19-2022 16:54:04 Loader: starting bulk load of block 'hood'
:10-19-2022 16:54:05 DistributedObject(warning): no loader.getInteractiveProp self.interactiveProp is None
:10-19-2022 16:54:05 Actor(warning): no part named head-front*!
:10-19-2022 16:54:05 DistributedToon: calling LocalAvatar.startchat
:10-19-2022 16:54:05 Loader: At end of block 'hood', expected 11, loaded 8, duration=1.7179136
:10-19-2022 16:54:07 Teleport(debug): teleportInDone: walk
:10-19-2022 16:54:25 OTPClientRepository: Sending heartbeat mid-frame.
:10-19-2022 16:54:26 Playground: Unloading Place (5000). Fsm in final
:10-19-2022 16:54:26 Loader: starting bulk load of block 'hood'
:10-19-2022 16:54:26 TownBattleSuitPanel: Loading Suit Battle Panel!
:10-19-2022 16:54:26 TownBattleSuitPanel: Loading Suit Battle Panel!
:10-19-2022 16:54:26 TownBattleSuitPanel: Loading Suit Battle Panel!
:10-19-2022 16:54:26 TownBattleSuitPanel: Loading Suit Battle Panel!
:10-19-2022 16:54:27 TownLoader: skipping self.geom.flattenMedium
:10-19-2022 16:54:27 Loader: At end of block 'hood', expected 40, loaded 4, duration=1.0842364
:10-19-2022 16:54:27 DistributedObject: DistributedSuitPlanner 402001666: generating
:10-19-2022 16:54:39 Actor(warning): no part named head-front*!
:10-19-2022 16:54:46 ShtikerBook: QA-REGRESSION: SHTICKERBOOK: Open
:10-19-2022 16:54:46 ShtikerBook: QA-REGRESSION: SHTICKERBOOK: Browse tabs Options
:10-19-2022 16:54:48 ShtikerBook: QA-REGRESSION: SHTICKERBOOK: Close
:10-19-2022 16:54:53 TimeManager: Client disconnect reason 1.
:10-19-2022 16:54:53 Street: Unloading Place (None). Fsm in final
:10-19-2022 16:54:54 OTPClientRepository: Exiting shard
:10-19-2022 16:54:54 DistributedObject: DistributedSuitPlanner 402001666: disabling
ignoring InputState-forward
:10-19-2022 16:54:54 OTPClientRepository: sending clientLogout
:10-19-2022 16:54:54 LocalAvatar(warning): redundant call to stopUpdateSmartCamera
:10-19-2022 16:54:54 OTPClientRepository(warning): Disable failed. DistObj 100000002 is not in dictionary, ownerView=True
:10-19-2022 16:54:54 StateData: AvatarChooser.enter
:10-19-2022 16:54:54 DisplayOptions: settingsFullScreen = False, embedded = False width=800 height=600
:10-19-2022 16:54:54 StateData: calling self.displayOptions.restrictToEmbedded(False)
:10-19-2022 16:54:55 OTPClientRepository: ================
:10-19-2022 16:54:55 OTPClientRepository: Chose avatar id: 100000001
:10-19-2022 16:54:55 OTPClientRepository: Chose avatar name: Winky Megaberry
:10-19-2022 16:54:55 OTPClientRepository: Chose avatar dna: ('rls', 'ss', 's', 'm', 22, 0, 22, 22, 0, 27, 0, 27, 1, 18)
:10-19-2022 16:54:55 OTPClientRepository: Chose avatar position: 1
:10-19-2022 16:54:55 OTPClientRepository: isPaid: 1
:10-19-2022 16:54:55 OTPClientRepository: freeTimeLeft: 0
:10-19-2022 16:54:55 OTPClientRepository: allowSecretChat: True
:10-19-2022 16:54:55 OTPClientRepository: ================
:10-19-2022 16:54:55 Loader: starting bulk load of block 'localAvatarPlayGame'
:10-19-2022 16:54:56 OTPClientRepository: Sending heartbeat mid-frame.
local
:10-19-2022 16:54:56 NewsPageButtonManager(warning): Should not get here. NewsPageButtonManager.exitOff
:10-19-2022 16:54:56 :pnmimage:png(warning): iCCP: known incorrect sRGB profile
:10-19-2022 16:54:57 OTPClientRepository: Entering shard 402000001
:10-19-2022 16:54:57 TimeManager: Clock sync: TimeManager.announceGenerate
:10-19-2022 16:54:57 NewsManager: setHolidayId: Starting Holiday 26
:10-19-2022 16:54:57 NewsManager: setHolidayId: Starting Holiday 7
:10-19-2022 16:54:57 InGameNewsMgr: latestIssue=2013-08-22 16:49:46.000003-07:00
cpu info: GenuineIntel|Intel(R) Core(TM) i9-9900K CPU @ 3.60GHz|591597|0|3.600,3.600|8,16 cpus
:10-19-2022 16:54:57 OTPClientRepository: No sync from TimeManager.
:10-19-2022 16:54:57 OTPClientRepository: gotTimeSync
:10-19-2022 16:54:57 Loader: At end of block 'localAvatarPlayGame', expected 400, loaded 8, duration=1.8920551
:10-19-2022 16:54:57 TimeManager: Clock sync roundtrip took 116.848 ms
:10-19-2022 16:54:57 TimeManager: AI time delta is -0:00 from server delta
:10-19-2022 16:54:57 ClockDelta: previous delta at -2.108 s, +/- 0.601 s.
:10-19-2022 16:54:57 ClockDelta: new delta at -2.623 s, +/- 0.058 s.
:10-19-2022 16:54:57 ClockDelta: intersection at -2.623 s, +/- 0.058 s.
:10-19-2022 16:54:57 TimeManager: Local clock uncertainty +/- 0.058 s
:10-19-2022 16:54:57 PlayGame: QA-REGRESSION: NEIGHBORHOODS: Visit Daisy Gardens
:10-19-2022 16:54:57 Loader: starting bulk load of block 'hood'
:10-19-2022 16:54:59 DistributedObject(warning): no loader.getInteractiveProp self.interactiveProp is None
:10-19-2022 16:54:59 Actor(warning): no part named head-front*!
:10-19-2022 16:54:59 DistributedToon: calling LocalAvatar.startchat
:10-19-2022 16:54:59 Loader: At end of block 'hood', expected 11, loaded 7, duration=1.611221
:10-19-2022 16:55:00 Teleport(debug): teleportInDone: walk
:10-19-2022 16:55:05 Playground: Unloading Place (5000). Fsm in final
:10-19-2022 16:55:05 Loader: starting bulk load of block 'hood'
:10-19-2022 16:55:05 TownBattleSuitPanel: Loading Suit Battle Panel!
:10-19-2022 16:55:05 TownBattleSuitPanel: Loading Suit Battle Panel!
:10-19-2022 16:55:05 TownBattleSuitPanel: Loading Suit Battle Panel!
:10-19-2022 16:55:05 TownBattleSuitPanel: Loading Suit Battle Panel!
:10-19-2022 16:55:06 OTPClientRepository: Sending heartbeat mid-frame.
:10-19-2022 16:55:06 TownLoader: skipping self.geom.flattenMedium
:10-19-2022 16:55:06 Loader: At end of block 'hood', expected 40, loaded 4, duration=0.9680857
:10-19-2022 16:55:06 DistributedObject: DistributedSuitPlanner 402001666: generating
:10-19-2022 16:55:17 Actor(warning): no part named head-front*!
:10-19-2022 16:55:36 Street: Unloading Place (None). Fsm in final
:10-19-2022 16:55:36 DistributedObject: DistributedSuitPlanner 402001666: disabling
:10-19-2022 16:55:36 DistributedToon: calling LocalAvatar.startchat
:10-19-2022 16:55:42 ToonInterior: Unloading Place (5613). Fsm in final
:10-19-2022 16:55:42 DistributedSuit(warning): Suit 402004555 created before its suit planner, 402001666
:10-19-2022 16:55:42 DistributedSuit(warning): Suit 402004555 does not have a suit planner!  Expected SP doId 402001666.
:10-19-2022 16:55:42 DistributedSuit(warning): Suit 402004555 does not have a suit planner!  Expected SP doId 402001666.
:10-19-2022 16:55:42 DistributedSuit(warning): Suit 402004555 does not have a path!
:10-19-2022 16:55:42 DistributedToon: calling LocalAvatar.startchat
:10-19-2022 16:55:42 DistributedObject: DistributedSuitPlanner 402001666: generating
:10-19-2022 16:56:11 Actor(warning): no part named head-front*!
:10-19-2022 16:56:16 Street: Unloading Place (None). Fsm in final
:10-19-2022 16:56:16 DistributedObject: DistributedSuitPlanner 402001666: disabling
:10-19-2022 16:56:16 DistributedToon: calling LocalAvatar.startchat
:10-19-2022 16:56:28 ToonBase: User closed main window.
:10-19-2022 16:56:28 TimeManager: Client disconnect reason 2.
:10-19-2022 16:56:28 ToonInterior: Unloading Place (5607). Fsm in final
:10-19-2022 16:56:28 OTPClientRepository(warning): unclean exit, abandoning shard
ignoring InputState-forward
:10-19-2022 16:56:28 OTPClientRepository: sending clientLogout
:10-19-2022 16:56:28 LocalAvatar(warning): redundant call to stopUpdateSmartCamera
:10-19-2022 16:56:28 OTPClientRepository: Sent disconnect message to server
:10-19-2022 16:56:28 OTPClientRepository: Closing connection to server.
:10-19-2022 16:56:28 OTPClientRepository: Exiting cleanly
:10-19-2022 16:56:28 ToonBase: Exiting Toontown: errorCode = None
:10-19-2022 16:56:28 TTOffLauncher: setting panda error code to 0
:10-19-2022 16:56:28 TTOffLauncher: Normal exit.
