

Starting Toontown Online...
Current time: Fri Oct 21 16:55:11 2022 Eastern Standard Time
sys.path =  ['', 'C:\\Toontown-Last-Laff-Workspace-10-21-2022\\src\\Panda3D-1.11.0-x64\\python\\python27.zip', 'C:\\Panda3D-1.11.0-x64', 'C:\\Toontown-Last-Laff-Workspace-10-21-2022\\src\\Panda3D-1.11.0-x64\\python\\DLLs', 'C:\\Toontown-Last-Laff-Workspace-10-21-2022\\src\\Panda3D-1.11.0-x64\\python\\lib', 'C:\\Toontown-Last-Laff-Workspace-10-21-2022\\src\\Panda3D-1.11.0-x64\\python\\lib\\plat-win', 'C:\\Toontown-Last-Laff-Workspace-10-21-2022\\src\\Panda3D-1.11.0-x64\\python\\lib\\lib-tk', 'C:\\Toontown-Last-Laff-Workspace-10-21-2022\\src\\Panda3D-1.11.0-x64\\python', 'C:\\Toontown-Last-Laff-Workspace-10-21-2022\\src\\Panda3D-1.11.0-x64', 'C:\\Toontown-Last-Laff-Workspace-10-21-2022\\src\\Panda3D-1.11.0-x64\\bin', 'C:\\Toontown-Last-Laff-Workspace-10-21-2022\\src\\Panda3D-1.11.0-x64\\python\\lib\\site-packages']
sys.argv =  ['C:\\Toontown-Last-Laff-Workspace-10-21-2022\\src\\toontown\\launcher\\TTOffQuickStartLauncher.py']
generating standard configrc
os.environ =  {'TMP': 'C:\\Users\\Philip\\AppData\\Local\\Temp', 'COMPUTERNAME': 'PHILIP-JR', 'USERDOMAIN': 'PHILIP-JR', 'NEKO_INSTPATH': 'C:\\HaxeToolkit\\neko', 'PSMODULEPATH': 'C:\\WINDOWS\\system32\\WindowsPowerShell\\v1.0\\Modules\\', 'DOKANLIBRARY1': 'C:\\Program Files\\Dokan\\Dokan Library-1.4.1\\', 'ADSK_3DSMAX_X64_2021': 'C:\\Program Files\\Autodesk\\3ds Max 2021\\', 'PROCESSOR_IDENTIFIER': 'Intel64 Family 6 Model 45 Stepping 7, GenuineIntel', 'VBOX_MSI_INSTALL_PATH': 'C:\\Program Files\\Oracle\\VirtualBox\\', 'PROGRAMFILES': 'C:\\Program Files', 'PROCESSOR_REVISION': '2d07', 'PATH': 'C:\\Toontown-Last-Laff-Workspace-10-21-2022\\src\\Panda3D-1.11.0-x64\\panda3d\\..\\bin;C:\\Program Files (x86)\\Common Files\\Oracle\\Java\\javapath;C:\\Windows\\system32;C:\\Windows;C:\\Windows\\System32\\Wbem;C:\\Windows\\System32\\WindowsPowerShell\\v1.0\\;C:\\Program Files (x86)\\NVIDIA Corporation\\PhysX\\Common;C:\\Program Files\\Git\\cmd;C:\\WINDOWS\\system32;C:\\WINDOWS;C:\\WINDOWS\\System32\\Wbem;C:\\WINDOWS\\System32\\WindowsPowerShell\\v1.0\\;C:\\Program Files\\dotnet\\;C:\\Program Files\\Common Files\\Autodesk Shared\\;C:\\Program Files\\Microsoft SQL Server\\120\\Tools\\Binn\\;C:\\HaxeToolkit\\haxe;C:\\HaxeToolkit\\neko;C:\\Program Files\\Animation Paper\\gstreamer\\bin;C:\\Program Files\\PuTTY\\;C:\\Program Files\\NVIDIA Corporation\\NVIDIA NvDLISR;C:\\Program Files (x86)\\Windows Live\\Shared;C:\\HaxeToolkit\\haxe;C:\\HaxeToolkit\\neko;C:\\Program Files (x86)\\Windows Kits\\8.1\\Windows Performance Toolkit\\;C:\\Users\\Philip\\anaconda3;C:\\Users\\Philip\\anaconda3\\Library\\mingw-w64\\bin;C:\\Users\\Philip\\anaconda3\\Library\\usr\\bin;C:\\Users\\Philip\\anaconda3\\Library\\bin;C:\\Users\\Philip\\anaconda3\\Scripts;C:\\Program Files\\MySQL\\MySQL Shell 8.0\\bin\\;C:\\Panda3D-1.10.02\\python;C:\\Panda3D-1.10.02\\python\\Scripts;C:\\Panda3D-1.10.02\\bin;C:\\Panda3D-1.11.0-x64-py2\\python;C:\\Panda3D-1.11.0-x64-py2\\python\\Scripts;C:\\Panda3D-1.11.0-x64-py2\\bin;C:\\Users\\Philip\\AppData\\Local\\GitHubDesktop\\bin;C:\\Panda3D-1.9.0\\python;C:\\Panda3D-1.9.0\\python\\Scripts;C:\\Panda3D-1.9.0\\bin;C:\\Panda3D-1.10.0-x64\\python;C:\\Panda3D-1.10.0-x64\\python\\Scripts;C:\\Panda3D-1.10.0-x64\\bin;C:\\Users\\Philip\\AppData\\Local\\atom\\bin;C:\\Panda3D-1.10.0\\python;C:\\Panda3D-1.10.0\\python\\Scripts;C:\\Panda3D-1.10.0\\bin;C:\\Panda3D-1.11.0-x64-astron\\python;C:\\Panda3D-1.11.0-x64-astron\\python\\Scripts;C:\\Panda3D-1.11.0-x64-astron\\bin;C:\\Panda3D-1.11.0-x64\\python;C:\\Panda3D-1.11.0-x64\\python\\Scripts;C:\\Panda3D-1.11.0-x64\\bin;C:\\Panda3D-1.10.9-x64\\python;C:\\Panda3D-1.10.9-x64\\python\\Scrip;C:\\Users\\Philip\\AppData\\Local\\Programs\\Microsoft VS Code\\bin;C:\\Users\\Philip\\.dotnet\\tools;%C:\\Program Files (x86)\\Windows Kits\\8.1\\bin\\x86\\rc.exe%;%C:\\Program Files (x86)\\Microsoft Visual Studio\\2019\\BuildTools\\Common7\\IDE%;C:\\Program Files\\JetBrains\\PyCharm Community Edition 2022.2.3\\bin;', 'SYSTEMROOT': 'C:\\WINDOWS', 'NUMBER_OF_PROCESSORS': '8', 'PROGRAMFILES(X86)': 'C:\\Program Files (x86)', 'COMSPEC': 'C:\\WINDOWS\\system32\\cmd.exe', 'KMP_BLOCKTIME': '0', 'PPYTHON_PATH': '"Panda3D-1.11.0-x64\\python\\ppython.exe"', 'PYCHARM COMMUNITY EDITION': 'C:\\Program Files\\JetBrains\\PyCharm Community Edition 2022.2.3\\bin;', 'COMMONPROGRAMFILES(X86)': 'C:\\Program Files (x86)\\Common Files', 'PROCESSOR_ARCHITECTURE': 'AMD64', 'DOKANLIBRARY1_LIBRARYPATH_X64': 'C:\\Program Files\\Dokan\\Dokan Library-1.4.1\\lib\\', 'ALLUSERSPROFILE': 'C:\\ProgramData', 'LOCALAPPDATA': 'C:\\Users\\Philip\\AppData\\Local', 'HOMEPATH': '\\Users\\Philip', 'USERDOMAIN_ROAMINGPROFILE': 'PHILIP-JR', 'PROGRAMW6432': 'C:\\Program Files', 'USERNAME': 'Philip', 'FP_NO_HOST_CHECK': 'NO', 'DOKANLIBRARY1_LIBRARYPATH_X86': 'C:\\Program Files\\Dokan\\Dokan Library-1.4.1\\x86\\lib\\', 'LOGONSERVER': '\\\\MicrosoftAccount', 'PROMPT': '$P$G', 'SESSIONNAME': 'Console', 'PROGRAMDATA': 'C:\\ProgramData', 'COMMONPROGRAMFILES': 'C:\\Program Files\\Common Files', 'TEMP': 'C:\\Users\\Philip\\AppData\\Local\\Temp', 'HAXEPATH': 'C:\\HaxeToolkit\\haxe', 'PATHEXT': '.COM;.EXE;.BAT;.CMD;.VBS;.VBE;.JS;.JSE;.WSF;.WSH;.MSC', 'TTOFF_LOGIN_TOKEN': 'dev', 'VS160COMCOMNTOOLS': 'C:\\Program Files (x86)\\Microsoft Visual Studio\\2019\\Community\\Common7\\Tools\\', 'WINDIR': 'C:\\WINDOWS', 'OMP_WAIT_POLICY': 'PASSIVE', 'MONGO': 'C:\\mongodb-win32-x86_64-windows-4.4.4/bin', 'HOMEDRIVE': 'C:', 'SYSTEMDRIVE': 'C:', 'PUBLIC': 'C:\\Users\\Public', 'APPDATA': 'C:\\Users\\Philip\\AppData\\Roaming', 'PROCESSOR_LEVEL': '6', 'CIOENGINE': 'C:\\cio-panda3d', 'COMMONPROGRAMW6432': 'C:\\Program Files\\Common Files', 'OS': 'Windows_NT', 'ADSK_CLM_WPAD_PROXY_CHECK': 'FALSE', 'USERPROFILE': 'C:\\Users\\Philip'}
:10-21-2022 16:55:11 TTOffLauncher: isTestServer: 0
:10-21-2022 16:55:11 TTOffLauncher: Game Server 127.0.0.1
:10-21-2022 16:55:11 TTOffLauncher: Starting Toontown Online... 
:10-21-2022 16:55:11 TTOffLauncher: foreground: Launcher now operating in foreground
useTTOffSpecificLogin=True
:10-21-2022 16:55:11 TTOffLauncher: maybeStartGame: starting game
:10-21-2022 16:55:11 TTOffLauncher: Starting Toontown Online...
:10-21-2022 16:55:11 TTOffLauncher: background: Launcher now operating in background
ToontownStart: Polling for game2 to finish...
ToontownStart: Game2 is finished.
ToontownStart: Starting the game.
ToontownStart: setting default font
:10-21-2022 16:55:11 TTOffLauncher: setting panda error code to 7
Known pipe types:
  wglGraphicsPipe
(all display modules loaded.)
:10-21-2022 16:55:11 ToonBase: Default graphics pipe is wglGraphicsPipe (OpenGL).
:10-21-2022 16:55:11 :display(warning): FrameBufferProperties available less than requested.
  requested: depth_bits=24 color_bits=3 red_bits=1 green_bits=1 blue_bits=1 alpha_bits=1 multisamples=70 back_buffers=1 force_hardware 
  got: depth_bits=24 color_bits=24 red_bits=8 green_bits=8 blue_bits=8 alpha_bits=8 accum_bits=64 multisamples=16 back_buffers=1 force_hardware 
:10-21-2022 16:55:11 ToonBase: Successfully opened window of type wglGraphicsWindow (OpenGL)
:10-21-2022 16:55:11 ShowBase: __dev__ == False
:10-21-2022 16:55:11 TTOffLauncher: setting panda error code to 11
:10-21-2022 16:55:11 TTOffLauncher: setting panda error code to 0
ToontownStart: Loading default gui sounds
ToontownStart: serverVersion:  tto-dev
:10-21-2022 16:55:12 Loader: starting bulk load of block 'init'
:10-21-2022 16:55:14 :nativenet(error): Buffered_DatagramConnection Constructor rbufsize = 4096000 wbufsize = 4096000 write_flush_point = 1400
:10-21-2022 16:55:14 OTPClientRepository: Using connect method 'http'
:10-21-2022 16:55:18 TTOffLauncher: getRegistry ('DEPLOYMENT', None)
:10-21-2022 16:55:18 TTOffLauncher: checking env
:10-21-2022 16:55:18 TTOffLauncher: getRegistry ('GAME_DEPLOYMENT', None)
:10-21-2022 16:55:18 TTOffLauncher: checking env
:10-21-2022 16:55:18 OTPClientRepository: reg_deployment=
:10-21-2022 16:55:18 OTPClientRepository: required-login auto.
:10-21-2022 16:55:18 OTPClientRepository: loginInterface: LoginTTOffAccount
:10-21-2022 16:55:18 TTOffLauncher: getNeedPwForSecretKey using ttoff-specific-login
:10-21-2022 16:55:18 Loader: At end of block 'init', expected 138, loaded 8, duration=6.22314584389
:10-21-2022 16:55:18 OTPClientRepository: Connecting to gameserver directly (no proxy).
:10-21-2022 16:55:18 OTPClientRepository: Connecting to //127.0.0.1:7198 via HTTP interface.
:10-21-2022 16:55:18 TTOffLauncher: Stopping mini task manager.
:10-21-2022 16:55:18 OTPClientRepository: Successfully connected to //127.0.0.1:7198.
:10-21-2022 16:55:18 TTOffLauncher: Setting Disconnect Details normal
{402000001: <toontown.distributed.ToontownDistrict.ToontownDistrict instance at 0x000000001863F248>}
:10-21-2022 16:55:19 StateData: AvatarChooser.enter
:10-21-2022 16:55:19 DisplayOptions: settingsFullScreen = False, embedded = False width=800 height=600
:10-21-2022 16:55:19 StateData: calling self.displayOptions.restrictToEmbedded(False)
:10-21-2022 16:55:21 MakeAToon: QA-REGRESSION: MAKEATOON: Starting Make A Toon
:10-21-2022 16:55:32 Actor(warning): no part named head-front*!
:10-21-2022 16:55:40 NameShop: QA-REGRESSION: SKIPTUTORIAL: Skip Tutorial
:10-21-2022 16:55:41 NameShop(warning): No dislId, using 0
:10-21-2022 16:55:41 MakeAToon: QA-REGRESSION: MAKEATOON: Creating A Toon
:10-21-2022 16:55:42 Loader: starting bulk load of block 'localAvatarPlayGame'
:10-21-2022 16:55:42 ToontownTimeManager(warning): error parsing date string=
:10-21-2022 16:55:42 Actor(warning): no part named head-front*!
local
:10-21-2022 16:55:42 NewsPageButtonManager(warning): Should not get here. NewsPageButtonManager.exitOff
:10-21-2022 16:55:42 :gobj(error): Texture::read() - couldn't read: phase_3.5/maps/global_disabled.jpg
:10-21-2022 16:55:42 :gobj(error): Unable to find texture "phase_3.5/maps/global_disabled.jpg" on model-path /;/c/Toontown-Last-Laff-Workspace-10-21-2022/src/toontown/launcher;/c/Toontown-Last-Laff-Workspace-10-21-2022/src/Panda3D-1.11.0-x64/etc/..;/c/Toontown-Last-Laff-Workspace-10-21-2022/src/Panda3D-1.11.0-x64/etc/../models
:10-21-2022 16:55:42 :pnmimage:png(warning): iCCP: known incorrect sRGB profile
:10-21-2022 16:55:45 Actor(warning): no part named head-front*!
:10-21-2022 16:55:45 OTPClientRepository: Entering shard 402000001
:10-21-2022 16:55:45 StreetSign: Street sign url is https://ttoffline.com/images/
:10-21-2022 16:55:47 TimeManager: Clock sync: TimeManager.announceGenerate
:10-21-2022 16:55:47 NewsManager: setHolidayId: Starting Holiday 26
:10-21-2022 16:55:47 InGameNewsMgr: latestIssue=2013-08-22 16:49:46.000003-07:00
cpu info: GenuineIntel|        Intel(R) Core(TM) i7-3820 CPU @ 3.60GHz|132823|0|3.601,3.601|4,8 cpus
:10-21-2022 16:55:48 OTPClientRepository: No sync from TimeManager.
:10-21-2022 16:55:48 OTPClientRepository: gotTimeSync
:10-21-2022 16:55:48 Loader: At end of block 'localAvatarPlayGame', expected 400, loaded 22, duration=6.29367291031
:10-21-2022 16:55:48 TimeManager: Clock sync roundtrip took 1223.283 ms
:10-21-2022 16:55:48 TimeManager: AI time delta is -0:01 from server delta
:10-21-2022 16:55:48 TimeManager: Local clock uncertainty +/- 0.612 s
:10-21-2022 16:55:48 OTPClientRepository: Sending heartbeat mid-frame.
:10-21-2022 16:55:48 Loader(warning): Tried to end a block ('localAvatarPlayGame'), but not in one
:10-21-2022 16:55:48 QuietZoneState: Requesting AI redirect from zone 0.
:10-21-2022 16:55:48 QuietZoneState: Redirecting to zone 22000.
:10-21-2022 16:55:48 PlayGame: QA-REGRESSION: NEIGHBORHOODS: Visit Toontown Central
:10-21-2022 16:55:48 Loader: starting bulk load of block 'hood'
:10-21-2022 16:55:52 DistributedObject(warning): no loader.getInteractiveProp self.interactiveProp is None
:10-21-2022 16:55:52 DistributedObject(warning): no loader.getInteractiveProp self.interactiveProp is None
:10-21-2022 16:55:52 DistributedObject(warning): no loader.getInteractiveProp self.interactiveProp is None
:10-21-2022 16:55:52 DistributedObject(warning): no loader.getInteractiveProp self.interactiveProp is None
:10-21-2022 16:55:52 DistributedObject(warning): no loader.getInteractiveProp self.interactiveProp is None
:10-21-2022 16:55:52 DistributedToon: calling LocalAvatar.startchat
:10-21-2022 16:55:52 Loader: At end of block 'hood', expected 8, loaded 20, duration=4.10371714422
:10-21-2022 16:55:54 Teleport(debug): teleportInDone: popup
local
:10-21-2022 16:56:02 ShtikerBook: QA-REGRESSION: SHTICKERBOOK: Open
OnscreenText.configure: mayChange == 0
OnscreenText.configure: mayChange == 0
OnscreenText.configure: mayChange == 0
OnscreenText.configure: mayChange == 0
:10-21-2022 16:56:03 ShtikerBook: QA-REGRESSION: SHTICKERBOOK: Browse tabs Cog Gallery
:10-21-2022 16:56:04 ShtikerBook: QA-REGRESSION: SHTICKERBOOK: Close
:10-21-2022 16:56:24 TTOffMagicWordManager: Maxed out Wittybumble's stats.
:10-21-2022 16:56:25 ShtikerBook: QA-REGRESSION: SHTICKERBOOK: Open
OnscreenText.configure: mayChange == 0
OnscreenText.configure: mayChange == 0
OnscreenText.configure: mayChange == 0
OnscreenText.configure: mayChange == 0
:10-21-2022 16:56:26 ShtikerBook: QA-REGRESSION: SHTICKERBOOK: Browse tabs Map
:10-21-2022 16:56:28 ShtikerBook: QA-REGRESSION: SHTICKERBOOK: Close
:10-21-2022 16:56:34 Playground: Unloading Place (22000). Fsm in final
:10-21-2022 16:56:34 PlayGame: QA-REGRESSION: NEIGHBORHOODS: Visit Lawbot HQ
:10-21-2022 16:56:34 Loader: starting bulk load of block 'hood'
:10-21-2022 16:56:34 TownBattleSuitPanel: Loading Suit Battle Panel!
:10-21-2022 16:56:34 TownBattleSuitPanel: Loading Suit Battle Panel!
:10-21-2022 16:56:34 TownBattleSuitPanel: Loading Suit Battle Panel!
:10-21-2022 16:56:34 TownBattleSuitPanel: Loading Suit Battle Panel!
:10-21-2022 16:56:34 LawbotCogHQLoader: loadPlaceGeom: 13000
:10-21-2022 16:56:35 DistributedObject: DistributedSuitPlanner 402002976: generating
:10-21-2022 16:56:35 DistributedToon: calling LocalAvatar.startchat
:10-21-2022 16:56:35 :loader(error): Couldn't load file phase_4/models/questmap/cog_hq_lawbot_maps.bam: not found on model path (currently: "/;/c/Toontown-Last-Laff-Workspace-10-21-2022/src/toontown/launcher;/c/Toontown-Last-Laff-Workspace-10-21-2022/src/Panda3D-1.11.0-x64/etc/..;/c/Toontown-Last-Laff-Workspace-10-21-2022/src/Panda3D-1.11.0-x64/etc/../models")
:10-21-2022 16:56:35 Loader: At end of block 'hood', expected 2, loaded 5, duration=1.2399143937
:10-21-2022 16:56:37 Teleport(debug): teleportInDone: walk
:10-21-2022 16:56:37 :loader(error): Couldn't load file phase_4/models/questmap/cog_hq_lawbot_maps.bam: not found on model path (currently: "/;/c/Toontown-Last-Laff-Workspace-10-21-2022/src/toontown/launcher;/c/Toontown-Last-Laff-Workspace-10-21-2022/src/Panda3D-1.11.0-x64/etc/..;/c/Toontown-Last-Laff-Workspace-10-21-2022/src/Panda3D-1.11.0-x64/etc/../models")
:10-21-2022 16:56:55 LawbotCogHQLoader: loadPlaceGeom: 13200
:10-21-2022 16:56:55 LawbotHQExterior: Unloading Place (13000). Fsm in final
:10-21-2022 16:56:55 DistributedObject: DistributedSuitPlanner 402002976: disabling
:10-21-2022 16:56:55 DistributedToon: calling LocalAvatar.startchat
:10-21-2022 16:56:55 :loader(error): Couldn't load file phase_4/models/questmap/cog_hq_lawbot_maps.bam: not found on model path (currently: "/;/c/Toontown-Last-Laff-Workspace-10-21-2022/src/toontown/launcher;/c/Toontown-Last-Laff-Workspace-10-21-2022/src/Panda3D-1.11.0-x64/etc/..;/c/Toontown-Last-Laff-Workspace-10-21-2022/src/Panda3D-1.11.0-x64/etc/../models")
:10-21-2022 16:56:56 :loader(error): Couldn't load file phase_4/models/questmap/cog_hq_lawbot_maps.bam: not found on model path (currently: "/;/c/Toontown-Last-Laff-Workspace-10-21-2022/src/toontown/launcher;/c/Toontown-Last-Laff-Workspace-10-21-2022/src/Panda3D-1.11.0-x64/etc/..;/c/Toontown-Last-Laff-Workspace-10-21-2022/src/Panda3D-1.11.0-x64/etc/../models")
:10-21-2022 16:57:26 LawbotCogHQLoader: loadPlaceGeom: 61000
:10-21-2022 16:57:26 LawbotCogHQLoader(warning): loadPlaceGeom: unclassified zone 61000
:10-21-2022 16:57:26 LawbotOfficeExterior: Unloading Place (13200). Fsm in final
:10-21-2022 16:57:26 TimeManager: Clock sync: DistributedLevel.generate
:10-21-2022 16:57:27 Loader: loader.loadModelCopy() is deprecated; use loader.loadModel() instead.
:10-21-2022 16:57:27 Loader: loader.loadModelCopy() is deprecated; use loader.loadModel() instead.
:10-21-2022 16:57:27 Loader: loader.loadModelCopy() is deprecated; use loader.loadModel() instead.
:10-21-2022 16:57:27 Loader: loader.loadModelCopy() is deprecated; use loader.loadModel() instead.
:10-21-2022 16:57:27 Loader: loader.loadModelCopy() is deprecated; use loader.loadModel() instead.
:10-21-2022 16:57:27 Loader: loader.loadModelCopy() is deprecated; use loader.loadModel() instead.
:10-21-2022 16:57:27 Loader: loader.loadModelCopy() is deprecated; use loader.loadModel() instead.
:10-21-2022 16:57:27 Loader: loader.loadModelCopy() is deprecated; use loader.loadModel() instead.
:10-21-2022 16:57:27 Loader: loader.loadModelCopy() is deprecated; use loader.loadModel() instead.
:10-21-2022 16:57:27 Loader: loader.loadModelCopy() is deprecated; use loader.loadModel() instead.
:10-21-2022 16:57:27 Loader: loader.loadModelCopy() is deprecated; use loader.loadModel() instead.
:10-21-2022 16:57:27 Loader: loader.loadModelCopy() is deprecated; use loader.loadModel() instead.
:10-21-2022 16:57:27 Loader: loader.loadModelCopy() is deprecated; use loader.loadModel() instead.
:10-21-2022 16:57:27 Loader: loader.loadModelCopy() is deprecated; use loader.loadModel() instead.
:10-21-2022 16:57:27 Loader: loader.loadModelCopy() is deprecated; use loader.loadModel() instead.
:10-21-2022 16:57:27 Loader: loader.loadModelCopy() is deprecated; use loader.loadModel() instead.
:10-21-2022 16:57:27 Loader: loader.loadModelCopy() is deprecated; use loader.loadModel() instead.
:10-21-2022 16:57:27 Loader: loader.loadModelCopy() is deprecated; use loader.loadModel() instead.
:10-21-2022 16:57:27 Loader: loader.loadModelCopy() is deprecated; use loader.loadModel() instead.
:10-21-2022 16:57:27 Loader: loader.loadModelCopy() is deprecated; use loader.loadModel() instead.
:10-21-2022 16:57:27 Loader: loader.loadModelCopy() is deprecated; use loader.loadModel() instead.
:10-21-2022 16:57:27 Loader: loader.loadModelCopy() is deprecated; use loader.loadModel() instead.
:10-21-2022 16:57:27 Loader: loader.loadModelCopy() is deprecated; use loader.loadModel() instead.
:10-21-2022 16:57:27 Loader: loader.loadModelCopy() is deprecated; use loader.loadModel() instead.
:10-21-2022 16:57:27 Loader: loader.loadModelCopy() is deprecated; use loader.loadModel() instead.
:10-21-2022 16:57:27 Loader: loader.loadModelCopy() is deprecated; use loader.loadModel() instead.
:10-21-2022 16:57:27 Loader: loader.loadModelCopy() is deprecated; use loader.loadModel() instead.
:10-21-2022 16:57:27 Loader: loader.loadModelCopy() is deprecated; use loader.loadModel() instead.
:10-21-2022 16:57:27 Loader: loader.loadModelCopy() is deprecated; use loader.loadModel() instead.
:10-21-2022 16:57:27 Loader: loader.loadModelCopy() is deprecated; use loader.loadModel() instead.
:10-21-2022 16:57:27 Loader: loader.loadModelCopy() is deprecated; use loader.loadModel() instead.
:10-21-2022 16:57:27 DistributedStage: stageId 13300, floor 0, [100000001]
:10-21-2022 16:57:27 Loader: loader.loadModelCopy() is deprecated; use loader.loadModel() instead.
:10-21-2022 16:57:27 DistributedStage: CAMENTERROOM doID402004336 num0
:10-21-2022 16:57:27 DistributedStage: av: LPoint3f(2, 0, 0), cam: LPoint3f(0, -16, 5.5)
:10-21-2022 16:57:27 DistributedToon: calling LocalAvatar.startchat
Traceback (most recent call last):
  File "C:\Toontown-Last-Laff-Workspace-10-21-2022\src\Panda3D-1.11.0-x64\direct\distributed\ConnectionRepository.py", line 609, in readerPollUntilEmpty
    while self.readerPollOnce():
  File "C:\Toontown-Last-Laff-Workspace-10-21-2022\src\Panda3D-1.11.0-x64\direct\distributed\ConnectionRepository.py", line 616, in readerPollOnce
    self.handleDatagram(self.private__di)
  File "otp\distributed\OTPClientRepository.py", line 1838, in handleDatagram
    self.handler(msgType, di)
  File "otp\distributed\OTPClientRepository.py", line 1445, in handlePlayGame
    self.handleMessageType(msgType, di)
  File "otp\distributed\OTPClientRepository.py", line 1732, in handleMessageType
    self.gotInterestDoneMessage(di)
  File "otp\distributed\OTPClientRepository.py", line 1759, in gotInterestDoneMessage
    self.handleInterestDoneMessage(di)
  File "C:\Toontown-Last-Laff-Workspace-10-21-2022\src\Panda3D-1.11.0-x64\direct\distributed\DoInterestManager.py", line 621, in handleInterestDoneMessage
    messenger.send(event)
  File "C:\Toontown-Last-Laff-Workspace-10-21-2022\src\Panda3D-1.11.0-x64\direct\showbase\Messenger.py", line 333, in send
    self.__dispatch(acceptorDict, event, sentArgs, foundWatch)
  File "C:\Toontown-Last-Laff-Workspace-10-21-2022\src\Panda3D-1.11.0-x64\direct\showbase\Messenger.py", line 418, in __dispatch
    result = method (*(extraArgs + sentArgs))
  File "toontown\distributed\ToontownClientRepository.py", line 928, in _handleEmuSetZoneDone
    messenger.send(event)
  File "C:\Toontown-Last-Laff-Workspace-10-21-2022\src\Panda3D-1.11.0-x64\direct\showbase\Messenger.py", line 333, in send
    self.__dispatch(acceptorDict, event, sentArgs, foundWatch)
  File "C:\Toontown-Last-Laff-Workspace-10-21-2022\src\Panda3D-1.11.0-x64\direct\showbase\Messenger.py", line 418, in __dispatch
    result = method (*(extraArgs + sentArgs))
  File "toontown\hood\QuietZoneState.py", line 305, in _handleSetZoneComplete
    self.fsm.request('waitForLocalAvatarOnShard')
  File "C:\Toontown-Last-Laff-Workspace-10-21-2022\src\Panda3D-1.11.0-x64\direct\fsm\ClassicFSM.py", line 281, in request
    exitArgList)
  File "C:\Toontown-Last-Laff-Workspace-10-21-2022\src\Panda3D-1.11.0-x64\direct\fsm\ClassicFSM.py", line 228, in __transition
    self.__enter(aState, enterArgList)
  File "C:\Toontown-Last-Laff-Workspace-10-21-2022\src\Panda3D-1.11.0-x64\direct\fsm\ClassicFSM.py", line 214, in __enter
    aState.enter(argList)
  File "C:\Toontown-Last-Laff-Workspace-10-21-2022\src\Panda3D-1.11.0-x64\direct\fsm\State.py", line 202, in enter
    self.__enterFunc(*argList)
  File "toontown\hood\QuietZoneState.py", line 323, in enterWaitForLocalAvatarOnShard
    self._announceDone()
  File "toontown\hood\QuietZoneState.py", line 343, in _announceDone
    messenger.send(doneEvent)
  File "C:\Toontown-Last-Laff-Workspace-10-21-2022\src\Panda3D-1.11.0-x64\direct\showbase\Messenger.py", line 333, in send
    self.__dispatch(acceptorDict, event, sentArgs, foundWatch)
  File "C:\Toontown-Last-Laff-Workspace-10-21-2022\src\Panda3D-1.11.0-x64\direct\showbase\Messenger.py", line 418, in __dispatch
    result = method (*(extraArgs + sentArgs))
  File "toontown\coghq\CogHQLoader.py", line 87, in handleQuietZoneDone
    self.fsm.request(status['where'], [status])
  File "C:\Toontown-Last-Laff-Workspace-10-21-2022\src\Panda3D-1.11.0-x64\direct\fsm\ClassicFSM.py", line 281, in request
    exitArgList)
  File "C:\Toontown-Last-Laff-Workspace-10-21-2022\src\Panda3D-1.11.0-x64\direct\fsm\ClassicFSM.py", line 228, in __transition
    self.__enter(aState, enterArgList)
  File "C:\Toontown-Last-Laff-Workspace-10-21-2022\src\Panda3D-1.11.0-x64\direct\fsm\ClassicFSM.py", line 214, in __enter
    aState.enter(argList)
  File "C:\Toontown-Last-Laff-Workspace-10-21-2022\src\Panda3D-1.11.0-x64\direct\fsm\State.py", line 202, in enter
    self.__enterFunc(*argList)
  File "toontown\coghq\LawbotCogHQLoader.py", line 80, in enterStageInterior
    self.enterPlace(requestStatus)
  File "toontown\coghq\CogHQLoader.py", line 93, in enterPlace
    self.place.load()
  File "toontown\coghq\StageInterior.py", line 82, in load
    if self.confrontedBoss:
AttributeError: StageInterior instance has no attribute 'confrontedBoss'
:10-21-2022 16:57:27 :task(error): Exception occurred in PythonTask readerPollTask-102284368
:10-21-2022 16:57:27 TTOffLauncher: setting panda error code to 12
:10-21-2022 16:57:27 TTOffLauncher(warning): Handling Python exception.
:10-21-2022 16:57:27 TimeManager: Client disconnect reason 3.
:10-21-2022 16:57:27 TimeManager: Client exception: toontown.coghq.StageInterior:82, toontown.coghq.CogHQLoader:93, toontown.coghq.LawbotCogHQLoader:80, direct.fsm.State:202, AttributeError: StageInterior instance has no attribute 'confrontedBoss'
:10-21-2022 16:57:27 OTPClientRepository: Sent disconnect message to server
:10-21-2022 16:57:27 OTPClientRepository: Closing connection to server.
:10-21-2022 16:57:27 TTOffLauncher: Exception exit.

Traceback (most recent call last):
  File "otp\launcher\LauncherBase.py", line 1081, in mainLoop
    self._runTaskManager()
  File "otp\launcher\LauncherBase.py", line 1052, in _runTaskManager
    taskMgr.run()
  File "C:\Toontown-Last-Laff-Workspace-10-21-2022\src\Panda3D-1.11.0-x64\direct\task\Task.py", line 528, in run
    self.step()
  File "C:\Toontown-Last-Laff-Workspace-10-21-2022\src\Panda3D-1.11.0-x64\direct\task\Task.py", line 482, in step
    self.mgr.poll()
  File "C:\Toontown-Last-Laff-Workspace-10-21-2022\src\Panda3D-1.11.0-x64\direct\distributed\ConnectionRepository.py", line 609, in readerPollUntilEmpty
    while self.readerPollOnce():
  File "C:\Toontown-Last-Laff-Workspace-10-21-2022\src\Panda3D-1.11.0-x64\direct\distributed\ConnectionRepository.py", line 616, in readerPollOnce
    self.handleDatagram(self.private__di)
  File "otp\distributed\OTPClientRepository.py", line 1838, in handleDatagram
    self.handler(msgType, di)
  File "otp\distributed\OTPClientRepository.py", line 1445, in handlePlayGame
    self.handleMessageType(msgType, di)
  File "otp\distributed\OTPClientRepository.py", line 1732, in handleMessageType
    self.gotInterestDoneMessage(di)
  File "otp\distributed\OTPClientRepository.py", line 1759, in gotInterestDoneMessage
    self.handleInterestDoneMessage(di)
  File "C:\Toontown-Last-Laff-Workspace-10-21-2022\src\Panda3D-1.11.0-x64\direct\distributed\DoInterestManager.py", line 621, in handleInterestDoneMessage
    messenger.send(event)
  File "C:\Toontown-Last-Laff-Workspace-10-21-2022\src\Panda3D-1.11.0-x64\direct\showbase\Messenger.py", line 333, in send
    self.__dispatch(acceptorDict, event, sentArgs, foundWatch)
  File "C:\Toontown-Last-Laff-Workspace-10-21-2022\src\Panda3D-1.11.0-x64\direct\showbase\Messenger.py", line 418, in __dispatch
    result = method (*(extraArgs + sentArgs))
  File "toontown\distributed\ToontownClientRepository.py", line 928, in _handleEmuSetZoneDone
    messenger.send(event)
  File "C:\Toontown-Last-Laff-Workspace-10-21-2022\src\Panda3D-1.11.0-x64\direct\showbase\Messenger.py", line 333, in send
    self.__dispatch(acceptorDict, event, sentArgs, foundWatch)
  File "C:\Toontown-Last-Laff-Workspace-10-21-2022\src\Panda3D-1.11.0-x64\direct\showbase\Messenger.py", line 418, in __dispatch
    result = method (*(extraArgs + sentArgs))
  File "toontown\hood\QuietZoneState.py", line 305, in _handleSetZoneComplete
    self.fsm.request('waitForLocalAvatarOnShard')
  File "C:\Toontown-Last-Laff-Workspace-10-21-2022\src\Panda3D-1.11.0-x64\direct\fsm\ClassicFSM.py", line 281, in request
    exitArgList)
  File "C:\Toontown-Last-Laff-Workspace-10-21-2022\src\Panda3D-1.11.0-x64\direct\fsm\ClassicFSM.py", line 228, in __transition
    self.__enter(aState, enterArgList)
  File "C:\Toontown-Last-Laff-Workspace-10-21-2022\src\Panda3D-1.11.0-x64\direct\fsm\ClassicFSM.py", line 214, in __enter
    aState.enter(argList)
  File "C:\Toontown-Last-Laff-Workspace-10-21-2022\src\Panda3D-1.11.0-x64\direct\fsm\State.py", line 202, in enter
    self.__enterFunc(*argList)
  File "toontown\hood\QuietZoneState.py", line 323, in enterWaitForLocalAvatarOnShard
    self._announceDone()
  File "toontown\hood\QuietZoneState.py", line 343, in _announceDone
    messenger.send(doneEvent)
  File "C:\Toontown-Last-Laff-Workspace-10-21-2022\src\Panda3D-1.11.0-x64\direct\showbase\Messenger.py", line 333, in send
    self.__dispatch(acceptorDict, event, sentArgs, foundWatch)
  File "C:\Toontown-Last-Laff-Workspace-10-21-2022\src\Panda3D-1.11.0-x64\direct\showbase\Messenger.py", line 418, in __dispatch
    result = method (*(extraArgs + sentArgs))
  File "toontown\coghq\CogHQLoader.py", line 87, in handleQuietZoneDone
    self.fsm.request(status['where'], [status])
  File "C:\Toontown-Last-Laff-Workspace-10-21-2022\src\Panda3D-1.11.0-x64\direct\fsm\ClassicFSM.py", line 281, in request
    exitArgList)
  File "C:\Toontown-Last-Laff-Workspace-10-21-2022\src\Panda3D-1.11.0-x64\direct\fsm\ClassicFSM.py", line 228, in __transition
    self.__enter(aState, enterArgList)
  File "C:\Toontown-Last-Laff-Workspace-10-21-2022\src\Panda3D-1.11.0-x64\direct\fsm\ClassicFSM.py", line 214, in __enter
    aState.enter(argList)
  File "C:\Toontown-Last-Laff-Workspace-10-21-2022\src\Panda3D-1.11.0-x64\direct\fsm\State.py", line 202, in enter
    self.__enterFunc(*argList)
  File "toontown\coghq\LawbotCogHQLoader.py", line 80, in enterStageInterior
    self.enterPlace(requestStatus)
  File "toontown\coghq\CogHQLoader.py", line 93, in enterPlace
    self.place.load()
  File "toontown\coghq\StageInterior.py", line 82, in load
    if self.confrontedBoss:
AttributeError: StageInterior instance has no attribute 'confrontedBoss'
