

Starting Toontown Online...
Current time: Wed Dec  7 19:27:56 2022 Eastern Standard Time
sys.path =  ['', 'C:\\Toontown\\Toontown - Programming\\SuitopiaUpdateLastLaff\\Toontown-Last-Laff-Workspace\\src\\Panda3D-1.11.0-x64\\python\\python27.zip', 'C:\\Panda3D-1.11.0-x64', 'C:\\Toontown\\Toontown - Programming\\SuitopiaUpdateLastLaff\\Toontown-Last-Laff-Workspace\\src\\Panda3D-1.11.0-x64\\python\\DLLs', 'C:\\Toontown\\Toontown - Programming\\SuitopiaUpdateLastLaff\\Toontown-Last-Laff-Workspace\\src\\Panda3D-1.11.0-x64\\python\\lib', 'C:\\Toontown\\Toontown - Programming\\SuitopiaUpdateLastLaff\\Toontown-Last-Laff-Workspace\\src\\Panda3D-1.11.0-x64\\python\\lib\\plat-win', 'C:\\Toontown\\Toontown - Programming\\SuitopiaUpdateLastLaff\\Toontown-Last-Laff-Workspace\\src\\Panda3D-1.11.0-x64\\python\\lib\\lib-tk', 'C:\\Toontown\\Toontown - Programming\\SuitopiaUpdateLastLaff\\Toontown-Last-Laff-Workspace\\src\\Panda3D-1.11.0-x64\\python', 'C:\\Toontown\\Toontown - Programming\\SuitopiaUpdateLastLaff\\Toontown-Last-Laff-Workspace\\src\\Panda3D-1.11.0-x64', 'C:\\Toontown\\Toontown - Programming\\SuitopiaUpdateLastLaff\\Toontown-Last-Laff-Workspace\\src\\Panda3D-1.11.0-x64\\bin', 'C:\\Toontown\\Toontown - Programming\\SuitopiaUpdateLastLaff\\Toontown-Last-Laff-Workspace\\src\\Panda3D-1.11.0-x64\\python\\lib\\site-packages']
sys.argv =  ['C:\\Toontown\\Toontown - Programming\\SuitopiaUpdateLastLaff\\Toontown-Last-Laff-Workspace\\src\\toontown\\launcher\\TTOffQuickStartLauncher.py']
generating standard configrc
os.environ =  {'TMP': 'C:\\Users\\theph\\AppData\\Local\\Temp', 'COMPUTERNAME': 'DESKTOP-7054VC9', 'USERDOMAIN': 'DESKTOP-7054VC9', 'NEKO_INSTPATH': 'C:\\HaxeToolkit\\neko', 'INTEL_DEV_REDIST': 'C:\\Program Files (x86)\\Common Files\\Intel\\Shared Libraries\\', 'PSMODULEPATH': 'C:\\Program Files\\WindowsPowerShell\\Modules;C:\\WINDOWS\\system32\\WindowsPowerShell\\v1.0\\Modules', 'COMMONPROGRAMFILES': 'C:\\Program Files\\Common Files', 'PROCESSOR_IDENTIFIER': 'Intel64 Family 6 Model 158 Stepping 13, GenuineIntel', 'PROGRAMFILES': 'C:\\Program Files', 'PROCESSOR_REVISION': '9e0d', 'PATH': 'C:\\Panda3D-1.11.0-x64\\panda3d\\..\\bin;C:\\Program Files (x86)\\Common Files\\Intel\\Shared Libraries\\redist\\intel64_win\\compiler;C:\\Program Files (x86)\\NVIDIA Corporation\\PhysX\\Common;C:\\Program Files\\Python38\\Scripts\\;C:\\Program Files\\Python38\\;C:\\WINDOWS\\system32;C:\\WINDOWS;C:\\WINDOWS\\System32\\Wbem;C:\\WINDOWS\\System32\\WindowsPowerShell\\v1.0\\;C:\\WINDOWS\\System32\\OpenSSH\\;C:\\Program Files\\NVIDIA Corporation\\NVIDIA NvDLISR;C:\\Program Files\\dotnet\\;C:\\Users\\theph\\AppData\\Local\\Programs\\Python\\Python39;C:\\Users\\theph\\AppData\\Local\\Programs\\Python\\Python39\\Scripts;C:\\Program Files\\Common Files\\Autodesk Shared\\;C:\\Program Files\\Git\\cmd;C:\\Program Files (x86)\\Windows Live\\Shared;C:\\HaxeToolkit\\haxe;C:\\HaxeToolkit\\neko;C:\\Program Files\\Microsoft SQL Server\\150\\Tools\\Binn\\;C:\\Program Files\\Microsoft SQL Server\\Client SDK\\ODBC\\170\\Tools\\Binn\\;C:\\Users\\theph\\AppData\\Local\\Microsoft\\WindowsApps;C:\\Users\\theph\\.dotnet\\tools;C:\\Program Files\\JetBrains\\PyCharm Community Edition 2020.3.3\\bin;C:\\Users\\theph\\AppData\\Local\\atom\\bin;C:\\Users\\theph\\AppData\\Local\\GitHubDesktop\\bin;C:\\Panda3D-1.9.0-x64\\python;C:\\Panda3D-1.9.0-x64\\python\\Scripts;C:\\Panda3D-1.9.0-x64\\bin;C:\\Panda3D-1.9.0\\python;C:\\Panda3D-1.9.0\\python\\Scripts;C:\\Panda3D-1.9.0\\bin;C:\\Panda3D-1.10.0\\python;C:\\Panda3D-1.10.0\\python\\Scripts;C:\\Panda3D-1.10.0\\bin;C:\\Program Files\\JetBrains\\PyCharm Community Edition 2022.2.2\\bin;;C:\\Users\\theph\\AppData\\Local\\Programs\\Microsoft VS Code\\bin;C:\\Panda3D-1.11.0\\python;C:\\Panda3D-1.11.0\\python\\Scripts;C:\\Panda3D-1.11.0\\bin;C:\\Users\\theph\\.dotnet\\tools;C:\\Panda3D-1.10.11-x64\\python;C:\\Panda3D-1.10.11-x64\\python\\Scripts;C:\\Panda3D-1.10.11-x64\\bin;C:\\Panda3D-1.11.0-x64\\python;C:\\Panda3D-1.11.0-x64\\python\\Scripts;C:\\Panda3D-1.11.0-x64\\bin;C:\\EventHorizon-battle-ng-teaser\\dependencies\\panda\\python;C:\\EventHorizon-battle-ng-teaser\\dependencies\\panda\\python\\Scripts;C:\\EventHorizon-battle-ng-teaser\\depe', 'SYSTEMROOT': 'C:\\WINDOWS', 'PROGRAMFILES(X86)': 'C:\\Program Files (x86)', 'COMSPEC': 'C:\\WINDOWS\\system32\\cmd.exe', 'DRIVERDATA': 'C:\\Windows\\System32\\Drivers\\DriverData', 'PPYTHON_PATH': '"Panda3D-1.11.0-x64\\python\\ppython.exe"', 'TEMP': 'C:\\Users\\theph\\AppData\\Local\\Temp', 'COMMONPROGRAMFILES(X86)': 'C:\\Program Files (x86)\\Common Files', 'PROCESSOR_ARCHITECTURE': 'AMD64', 'ALLUSERSPROFILE': 'C:\\ProgramData', 'LOCALAPPDATA': 'C:\\Users\\theph\\AppData\\Local', 'HOMEPATH': '\\Users\\theph', 'USERDOMAIN_ROAMINGPROFILE': 'DESKTOP-7054VC9', 'PROGRAMW6432': 'C:\\Program Files', 'USERNAME': 'theph', 'LOGONSERVER': '\\\\DESKTOP-7054VC9', 'PROMPT': '$P$G', 'SESSIONNAME': 'Console', 'PROGRAMDATA': 'C:\\ProgramData', 'ONEDRIVE': 'C:\\Users\\theph\\OneDrive', 'ADSK_3DSMAX_X64_2019': 'C:\\Program Files\\Autodesk\\3ds Max 2019\\', 'ZES_ENABLE_SYSMAN': '1', 'HAXEPATH': 'C:\\HaxeToolkit\\haxe', 'PATHEXT': '.COM;.EXE;.BAT;.CMD;.VBS;.VBE;.JS;.JSE;.WSF;.WSH;.MSC;.PY;.PYW', 'TTOFF_LOGIN_TOKEN': 'dev', 'WINDIR': 'C:\\WINDOWS', 'PYCHARM COMMUNITY EDITION': 'C:\\Program Files\\JetBrains\\PyCharm Community Edition 2022.2.2\\bin;', 'HOMEDRIVE': 'C:', 'SYSTEMDRIVE': 'C:', 'PUBLIC': 'C:\\Users\\Public', 'NUMBER_OF_PROCESSORS': '16', 'APPDATA': 'C:\\Users\\theph\\AppData\\Roaming', 'PROCESSOR_LEVEL': '6', 'COMMONPROGRAMW6432': 'C:\\Program Files\\Common Files', 'OS': 'Windows_NT', 'ADSK_CLM_WPAD_PROXY_CHECK': 'FALSE', 'USERPROFILE': 'C:\\Users\\theph'}
:12-07-2022 19:27:56 TTOffLauncher: isTestServer: 0
:12-07-2022 19:27:56 TTOffLauncher: Game Server 127.0.0.1
:12-07-2022 19:27:56 TTOffLauncher: Starting Toontown Online... 
:12-07-2022 19:27:56 TTOffLauncher: foreground: Launcher now operating in foreground
useTTOffSpecificLogin=True
:12-07-2022 19:27:56 TTOffLauncher: maybeStartGame: starting game
:12-07-2022 19:27:56 TTOffLauncher: Starting Toontown Online...
:12-07-2022 19:27:56 TTOffLauncher: background: Launcher now operating in background
ToontownStart: Polling for game2 to finish...
ToontownStart: Game2 is finished.
ToontownStart: Starting the game.
ToontownStart: setting default font
:12-07-2022 19:27:56 TTOffLauncher: setting panda error code to 7
Known pipe types:
  wglGraphicsPipe
(all display modules loaded.)
:12-07-2022 19:27:56 ToonBase: Default graphics pipe is wglGraphicsPipe (OpenGL).
:12-07-2022 19:27:56 :display(warning): FrameBufferProperties available less than requested.
  requested: depth_bits=24 color_bits=3 red_bits=1 green_bits=1 blue_bits=1 alpha_bits=1 multisamples=70 back_buffers=1 force_hardware 
  got: depth_bits=24 color_bits=24 red_bits=8 green_bits=8 blue_bits=8 alpha_bits=8 accum_bits=64 multisamples=16 back_buffers=1 force_hardware 
:12-07-2022 19:27:56 ToonBase: Successfully opened window of type wglGraphicsWindow (OpenGL)
:12-07-2022 19:27:56 ShowBase: __dev__ == False
:12-07-2022 19:27:56 TTOffLauncher: setting panda error code to 11
:12-07-2022 19:27:56 TTOffLauncher: setting panda error code to 0
ToontownStart: Loading default gui sounds
ToontownStart: serverVersion:  tto-dev
:12-07-2022 19:27:57 Loader: starting bulk load of block 'init'
:12-07-2022 19:27:57 :nativenet(error): Buffered_DatagramConnection Constructor rbufsize = 4096000 wbufsize = 4096000 write_flush_point = 1400
:12-07-2022 19:27:57 OTPClientRepository: Using connect method 'http'
:12-07-2022 19:27:58 TTOffLauncher: getRegistry ('DEPLOYMENT', None)
:12-07-2022 19:27:58 TTOffLauncher: checking env
:12-07-2022 19:27:58 TTOffLauncher: getRegistry ('GAME_DEPLOYMENT', None)
:12-07-2022 19:27:58 TTOffLauncher: checking env
:12-07-2022 19:27:58 OTPClientRepository: reg_deployment=
:12-07-2022 19:27:58 OTPClientRepository: required-login auto.
:12-07-2022 19:27:58 OTPClientRepository: loginInterface: LoginTTOffAccount
:12-07-2022 19:27:58 TTOffLauncher: getNeedPwForSecretKey using ttoff-specific-login
:12-07-2022 19:27:58 Loader: At end of block 'init', expected 138, loaded 5, duration=1.1461264
:12-07-2022 19:27:58 OTPClientRepository: Connecting to gameserver directly (no proxy).
:12-07-2022 19:27:58 OTPClientRepository: Connecting to //127.0.0.1:7198 via HTTP interface.
:12-07-2022 19:27:58 TTOffLauncher: Stopping mini task manager.
:12-07-2022 19:27:58 OTPClientRepository: Successfully connected to //127.0.0.1:7198.
:12-07-2022 19:27:58 TTOffLauncher: Setting Disconnect Details normal
{402000001: <toontown.distributed.ToontownDistrict.ToontownDistrict instance at 0x000000001FD8A708>}
:12-07-2022 19:27:59 StateData: AvatarChooser.enter
:12-07-2022 19:27:59 DisplayOptions: settingsFullScreen = False, embedded = False width=800 height=600
:12-07-2022 19:27:59 StateData: calling self.displayOptions.restrictToEmbedded(False)
:12-07-2022 19:28:00 OTPClientRepository: ================
:12-07-2022 19:28:00 OTPClientRepository: Chose avatar id: 100000001
:12-07-2022 19:28:00 OTPClientRepository: Chose avatar name: Prof. Alvin Flippenhopper
:12-07-2022 19:28:00 OTPClientRepository: Chose avatar dna: ('dls', 'ss', 's', 'm', 15, 0, 15, 15, 1, 8, 1, 8, 1, 1)
:12-07-2022 19:28:00 OTPClientRepository: Chose avatar position: 1
:12-07-2022 19:28:00 OTPClientRepository: isPaid: 1
:12-07-2022 19:28:00 OTPClientRepository: freeTimeLeft: 0
:12-07-2022 19:28:00 OTPClientRepository: allowSecretChat: True
:12-07-2022 19:28:00 OTPClientRepository: ================
:12-07-2022 19:28:00 Loader: starting bulk load of block 'localAvatarPlayGame'
:12-07-2022 19:28:01 ToontownTimeManager(warning): error parsing date string=
local
:12-07-2022 19:28:01 NewsPageButtonManager(warning): Should not get here. NewsPageButtonManager.exitOff
:12-07-2022 19:28:01 :pnmimage:png(warning): iCCP: known incorrect sRGB profile
:12-07-2022 19:28:02 OTPClientRepository: Entering shard 402000001
:12-07-2022 19:28:02 StreetSign: Street sign url is https://ttoffline.com/images/
:12-07-2022 19:28:04 TimeManager: Clock sync: TimeManager.announceGenerate
:12-07-2022 19:28:04 NewsManager: setHolidayId: Starting Holiday 7
:12-07-2022 19:28:04 InGameNewsMgr: latestIssue=2013-08-22 16:49:46.000003-07:00
cpu info: GenuineIntel|Intel(R) Core(TM) i9-9900K CPU @ 3.60GHz|591597|0|3.600,3.600|8,16 cpus
:12-07-2022 19:28:05 OTPClientRepository: No sync from TimeManager.
:12-07-2022 19:28:05 OTPClientRepository: gotTimeSync
:12-07-2022 19:28:05 Loader: At end of block 'localAvatarPlayGame', expected 400, loaded 10, duration=4.3322082
:12-07-2022 19:28:05 TimeManager: Clock sync roundtrip took 1116.172 ms
:12-07-2022 19:28:05 TimeManager: AI time delta is -0:01 from server delta
:12-07-2022 19:28:05 TimeManager: Local clock uncertainty +/- 0.558 s
:12-07-2022 19:28:05 PlayGame: QA-REGRESSION: NEIGHBORHOODS: Visit Sellbot HQ
:12-07-2022 19:28:05 Loader: starting bulk load of block 'hood'
:12-07-2022 19:28:05 TownBattleSuitPanel: Loading Suit Battle Panel!
:12-07-2022 19:28:05 TownBattleSuitPanel: Loading Suit Battle Panel!
:12-07-2022 19:28:05 TownBattleSuitPanel: Loading Suit Battle Panel!
:12-07-2022 19:28:05 TownBattleSuitPanel: Loading Suit Battle Panel!
:12-07-2022 19:28:05 TownBattleSuitPanel: Loading Suit Battle Panel!
:12-07-2022 19:28:05 TownBattleSuitPanel: Loading Suit Battle Panel!
:12-07-2022 19:28:05 TownBattleSuitPanel: Loading Suit Battle Panel!
:12-07-2022 19:28:05 TownBattleSuitPanel: Loading Suit Battle Panel!
:12-07-2022 19:28:05 SellbotCogHQLoader: loadPlaceGeom: 11000
:12-07-2022 19:28:06 DistributedObject: DistributedSuitPlanner 402002966: generating
:12-07-2022 19:28:06 :gobj(error): Texture::read() - couldn't read: phase_3/maps/hands/ms.png
:12-07-2022 19:28:06 :gobj(error): Unable to find texture "phase_3/maps/hands/ms.png" on model-path /;/c/Toontown/Toontown - Programming/SuitopiaUpdateLastLaff/Toontown-Last-Laff-Workspace/src/toontown/launcher;/c/Panda3D-1.11.0-x64/etc/..;/c/Panda3D-1.11.0-x64/etc/../models
:12-07-2022 19:28:06 :loader(error): Couldn't load file phase_4/models/char/tt_a_ene_cgb_heads.bam: not found on model path (currently: "/;/c/Toontown/Toontown - Programming/SuitopiaUpdateLastLaff/Toontown-Last-Laff-Workspace/src/toontown/launcher;/c/Panda3D-1.11.0-x64/etc/..;/c/Panda3D-1.11.0-x64/etc/../models")
Traceback (most recent call last):
  File "C:\Panda3D-1.11.0-x64\direct\distributed\ConnectionRepository.py", line 609, in readerPollUntilEmpty
    while self.readerPollOnce():
  File "C:\Panda3D-1.11.0-x64\direct\distributed\ConnectionRepository.py", line 616, in readerPollOnce
    self.handleDatagram(self.private__di)
  File "otp\distributed\OTPClientRepository.py", line 1838, in handleDatagram
    self.handler(msgType, di)
  File "otp\distributed\OTPClientRepository.py", line 1445, in handlePlayGame
    self.handleMessageType(msgType, di)
  File "otp\distributed\OTPClientRepository.py", line 1732, in handleMessageType
    self.gotInterestDoneMessage(di)
  File "otp\distributed\OTPClientRepository.py", line 1758, in gotInterestDoneMessage
    self.__playBackGenerates(handle)
  File "otp\distributed\OTPClientRepository.py", line 1941, in __playBackGenerates
    self.__doGenerate(doId, parentId, zoneId, classId, di, other)
  File "otp\distributed\OTPClientRepository.py", line 1987, in __doGenerate
    distObj = self.generateWithRequiredFields(dclass, doId, di, parentId, zoneId)
  File "C:\Panda3D-1.11.0-x64\direct\distributed\ClientRepositoryBase.py", line 264, in generateWithRequiredFields
    distObj.updateRequiredFields(dclass, di)
  File "C:\Panda3D-1.11.0-x64\direct\distributed\DistributedObject.py", line 341, in updateRequiredFields
    dclass.receiveUpdateBroadcastRequired(self, di)
  File "toontown\suit\DistributedSuitBase.py", line 124, in setDNAString
    Suit.Suit.setDNAString(self, dnaString)
  File "toontown\suit\Suit.py", line 395, in setDNAString
    self.setDNA(self.dna)
  File "toontown\suit\DistributedSuitBase.py", line 127, in setDNA
    Suit.Suit.setDNA(self, dna)
  File "toontown\suit\Suit.py", line 408, in setDNA
    self.generateSuit()
  File "toontown\suit\Suit.py", line 601, in generateSuit
    self.generateHead('movershaker')
  File "toontown\suit\Suit.py", line 781, in generateHead
    headModel = loader.loadModel('phase_' + str(phase) + filePrefix + 'heads')
  File "toontown\toonbase\ToontownLoader.py", line 69, in loadModel
    ret = Loader.Loader.loadModel(self, *args, **kw)
  File "C:\Panda3D-1.11.0-x64\direct\showbase\Loader.py", line 270, in loadModel
    raise IOError(message)
IOError: Could not load model file(s): ['phase_4/models/char/tt_a_ene_cgb_heads']
:12-07-2022 19:28:06 :task(error): Exception occurred in PythonTask readerPollTask-89151216
:12-07-2022 19:28:06 TTOffLauncher: setting panda error code to 12
:12-07-2022 19:28:06 TTOffLauncher(warning): Handling Python exception.
:12-07-2022 19:28:06 TimeManager: Client disconnect reason 3.
:12-07-2022 19:28:06 TimeManager: Client exception: direct.showbase.Loader:270, toontown.toonbase.ToontownLoader:69, toontown.suit.Suit:781, toontown.suit.Suit:601, IOError: Could not load model file(s): ['phase_4/models/char/tt_a_ene_cgb_heads']
:12-07-2022 19:28:06 OTPClientRepository: Sent disconnect message to server
:12-07-2022 19:28:06 OTPClientRepository: Closing connection to server.
:12-07-2022 19:28:06 TTOffLauncher: Exception exit.

Traceback (most recent call last):
  File "otp\launcher\LauncherBase.py", line 1081, in mainLoop
    self._runTaskManager()
  File "otp\launcher\LauncherBase.py", line 1052, in _runTaskManager
    taskMgr.run()
  File "C:\Panda3D-1.11.0-x64\direct\task\Task.py", line 528, in run
    self.step()
  File "C:\Panda3D-1.11.0-x64\direct\task\Task.py", line 482, in step
    self.mgr.poll()
  File "C:\Panda3D-1.11.0-x64\direct\distributed\ConnectionRepository.py", line 609, in readerPollUntilEmpty
    while self.readerPollOnce():
  File "C:\Panda3D-1.11.0-x64\direct\distributed\ConnectionRepository.py", line 616, in readerPollOnce
    self.handleDatagram(self.private__di)
  File "otp\distributed\OTPClientRepository.py", line 1838, in handleDatagram
    self.handler(msgType, di)
  File "otp\distributed\OTPClientRepository.py", line 1445, in handlePlayGame
    self.handleMessageType(msgType, di)
  File "otp\distributed\OTPClientRepository.py", line 1732, in handleMessageType
    self.gotInterestDoneMessage(di)
  File "otp\distributed\OTPClientRepository.py", line 1758, in gotInterestDoneMessage
    self.__playBackGenerates(handle)
  File "otp\distributed\OTPClientRepository.py", line 1941, in __playBackGenerates
    self.__doGenerate(doId, parentId, zoneId, classId, di, other)
  File "otp\distributed\OTPClientRepository.py", line 1987, in __doGenerate
    distObj = self.generateWithRequiredFields(dclass, doId, di, parentId, zoneId)
  File "C:\Panda3D-1.11.0-x64\direct\distributed\ClientRepositoryBase.py", line 264, in generateWithRequiredFields
    distObj.updateRequiredFields(dclass, di)
  File "C:\Panda3D-1.11.0-x64\direct\distributed\DistributedObject.py", line 341, in updateRequiredFields
    dclass.receiveUpdateBroadcastRequired(self, di)
  File "toontown\suit\DistributedSuitBase.py", line 124, in setDNAString
    Suit.Suit.setDNAString(self, dnaString)
  File "toontown\suit\Suit.py", line 395, in setDNAString
    self.setDNA(self.dna)
  File "toontown\suit\DistributedSuitBase.py", line 127, in setDNA
    Suit.Suit.setDNA(self, dna)
  File "toontown\suit\Suit.py", line 408, in setDNA
    self.generateSuit()
  File "toontown\suit\Suit.py", line 601, in generateSuit
    self.generateHead('movershaker')
  File "toontown\suit\Suit.py", line 781, in generateHead
    headModel = loader.loadModel('phase_' + str(phase) + filePrefix + 'heads')
  File "toontown\toonbase\ToontownLoader.py", line 69, in loadModel
    ret = Loader.Loader.loadModel(self, *args, **kw)
  File "C:\Panda3D-1.11.0-x64\direct\showbase\Loader.py", line 270, in loadModel
    raise IOError(message)
IOError: Could not load model file(s): ['phase_4/models/char/tt_a_ene_cgb_heads']
