

Starting Toontown Online...
Current time: Wed Sep 21 21:17:56 2022 Eastern Standard Time
sys.path =  ['', 'C:\\Toontown-Last-Laff-Workspace\\src\\Panda3D-1.11.0-x64\\python\\python27.zip', 'C:\\Panda3D-1.11.0-x64', 'C:\\Toontown-Last-Laff-Workspace\\src\\Panda3D-1.11.0-x64\\python\\DLLs', 'C:\\Toontown-Last-Laff-Workspace\\src\\Panda3D-1.11.0-x64\\python\\lib', 'C:\\Toontown-Last-Laff-Workspace\\src\\Panda3D-1.11.0-x64\\python\\lib\\plat-win', 'C:\\Toontown-Last-Laff-Workspace\\src\\Panda3D-1.11.0-x64\\python\\lib\\lib-tk', 'C:\\Toontown-Last-Laff-Workspace\\src\\Panda3D-1.11.0-x64\\python', 'C:\\Toontown-Last-Laff-Workspace\\src\\Panda3D-1.11.0-x64', 'C:\\Toontown-Last-Laff-Workspace\\src\\Panda3D-1.11.0-x64\\bin', 'C:\\Toontown-Last-Laff-Workspace\\src\\Panda3D-1.11.0-x64\\python\\lib\\site-packages']
sys.argv =  ['C:\\Toontown-Last-Laff-Workspace\\src\\toontown\\launcher\\TTOffQuickStartLauncher.py']
generating standard configrc
os.environ =  {'TMP': 'C:\\Users\\theph\\AppData\\Local\\Temp', 'COMPUTERNAME': 'DESKTOP-7054VC9', 'USERDOMAIN': 'DESKTOP-7054VC9', 'NEKO_INSTPATH': 'C:\\HaxeToolkit\\neko', 'INTEL_DEV_REDIST': 'C:\\Program Files (x86)\\Common Files\\Intel\\Shared Libraries\\', 'PSMODULEPATH': 'C:\\Program Files\\WindowsPowerShell\\Modules;C:\\WINDOWS\\system32\\WindowsPowerShell\\v1.0\\Modules', 'COMMONPROGRAMFILES': 'C:\\Program Files\\Common Files', 'PROCESSOR_IDENTIFIER': 'Intel64 Family 6 Model 158 Stepping 13, GenuineIntel', 'PROGRAMFILES': 'C:\\Program Files', 'PROCESSOR_REVISION': '9e0d', 'PATH': 'C:\\Panda3D-1.11.0-x64\\panda3d\\..\\bin;C:\\Program Files (x86)\\Common Files\\Intel\\Shared Libraries\\redist\\intel64_win\\compiler;C:\\Program Files (x86)\\NVIDIA Corporation\\PhysX\\Common;C:\\Program Files\\Python38\\Scripts\\;C:\\Program Files\\Python38\\;C:\\WINDOWS\\system32;C:\\WINDOWS;C:\\WINDOWS\\System32\\Wbem;C:\\WINDOWS\\System32\\WindowsPowerShell\\v1.0\\;C:\\WINDOWS\\System32\\OpenSSH\\;C:\\Program Files\\NVIDIA Corporation\\NVIDIA NvDLISR;C:\\Program Files\\dotnet\\;C:\\Users\\theph\\AppData\\Local\\Programs\\Python\\Python39;C:\\Users\\theph\\AppData\\Local\\Programs\\Python\\Python39\\Scripts;C:\\Program Files\\Common Files\\Autodesk Shared\\;C:\\Program Files\\Git\\cmd;C:\\Program Files (x86)\\Windows Live\\Shared;C:\\HaxeToolkit\\haxe;C:\\HaxeToolkit\\neko;C:\\Program Files\\Microsoft SQL Server\\150\\Tools\\Binn\\;C:\\Program Files\\Microsoft SQL Server\\Client SDK\\ODBC\\170\\Tools\\Binn\\;C:\\Users\\theph\\AppData\\Local\\Microsoft\\WindowsApps;C:\\Users\\theph\\.dotnet\\tools;C:\\Program Files\\JetBrains\\PyCharm Community Edition 2020.3.3\\bin;C:\\Users\\theph\\AppData\\Local\\atom\\bin;C:\\Users\\theph\\AppData\\Local\\GitHubDesktop\\bin;C:\\Panda3D-1.9.0-x64\\python;C:\\Panda3D-1.9.0-x64\\python\\Scripts;C:\\Panda3D-1.9.0-x64\\bin;C:\\Panda3D-1.9.0\\python;C:\\Panda3D-1.9.0\\python\\Scripts;C:\\Panda3D-1.9.0\\bin;C:\\Panda3D-1.10.0\\python;C:\\Panda3D-1.10.0\\python\\Scripts;C:\\Panda3D-1.10.0\\bin;C:\\Program Files\\JetBrains\\PyCharm Community Edition 2022.1\\bin;;C:\\Users\\theph\\AppData\\Local\\Programs\\Microsoft VS Code\\bin;C:\\Panda3D-1.11.0\\python;C:\\Panda3D-1.11.0\\python\\Scripts;C:\\Panda3D-1.11.0\\bin;C:\\Users\\theph\\.dotnet\\tools;C:\\Panda3D-1.10.11-x64\\python;C:\\Panda3D-1.10.11-x64\\python\\Scripts;C:\\Panda3D-1.10.11-x64\\bin;C:\\Panda3D-1.11.0-x64\\python;C:\\Panda3D-1.11.0-x64\\python\\Scripts;C:\\Panda3D-1.11.0-x64\\bin;C:\\EventHorizon-battle-ng-teaser\\dependencies\\panda\\python;C:\\EventHorizon-battle-ng-teaser\\dependencies\\panda\\python\\Scripts;C:\\EventHorizon-battle-ng-teaser\\depe', 'SYSTEMROOT': 'C:\\WINDOWS', 'PROGRAMFILES(X86)': 'C:\\Program Files (x86)', 'COMSPEC': 'C:\\WINDOWS\\system32\\cmd.exe', 'DRIVERDATA': 'C:\\Windows\\System32\\Drivers\\DriverData', 'PPYTHON_PATH': '"Panda3D-1.11.0-x64\\python\\ppython.exe"', 'TEMP': 'C:\\Users\\theph\\AppData\\Local\\Temp', 'FPS_BROWSER_APP_PROFILE_STRING': 'Internet Explorer', 'COMMONPROGRAMFILES(X86)': 'C:\\Program Files (x86)\\Common Files', 'PROCESSOR_ARCHITECTURE': 'AMD64', 'ALLUSERSPROFILE': 'C:\\ProgramData', 'LOCALAPPDATA': 'C:\\Users\\theph\\AppData\\Local', 'FPS_BROWSER_USER_PROFILE_STRING': 'Default', 'HOMEPATH': '\\Users\\theph', 'USERDOMAIN_ROAMINGPROFILE': 'DESKTOP-7054VC9', 'PROGRAMW6432': 'C:\\Program Files', 'USERNAME': 'theph', 'LOGONSERVER': '\\\\DESKTOP-7054VC9', 'PROMPT': '$P$G', 'SESSIONNAME': 'Console', 'PROGRAMDATA': 'C:\\ProgramData', 'ONEDRIVE': 'C:\\Users\\theph\\OneDrive', 'ADSK_3DSMAX_X64_2019': 'C:\\Program Files\\Autodesk\\3ds Max 2019\\', 'ZES_ENABLE_SYSMAN': '1', 'HAXEPATH': 'C:\\HaxeToolkit\\haxe', 'PATHEXT': '.COM;.EXE;.BAT;.CMD;.VBS;.VBE;.JS;.JSE;.WSF;.WSH;.MSC;.PY;.PYW', 'TTOFF_LOGIN_TOKEN': 'dev', 'WINDIR': 'C:\\WINDOWS', 'PYCHARM COMMUNITY EDITION': 'C:\\Program Files\\JetBrains\\PyCharm Community Edition 2022.1\\bin;', 'HOMEDRIVE': 'C:', 'SYSTEMDRIVE': 'C:', 'PUBLIC': 'C:\\Users\\Public', 'NUMBER_OF_PROCESSORS': '16', 'APPDATA': 'C:\\Users\\theph\\AppData\\Roaming', 'PROCESSOR_LEVEL': '6', 'COMMONPROGRAMW6432': 'C:\\Program Files\\Common Files', 'OS': 'Windows_NT', 'ADSK_CLM_WPAD_PROXY_CHECK': 'FALSE', 'USERPROFILE': 'C:\\Users\\theph'}
:09-21-2022 21:17:56 TTOffLauncher: isTestServer: 0
:09-21-2022 21:17:56 TTOffLauncher: Game Server 127.0.0.1
:09-21-2022 21:17:56 TTOffLauncher: Starting Toontown Online... 
:09-21-2022 21:17:56 TTOffLauncher: foreground: Launcher now operating in foreground
useTTOffSpecificLogin=True
:09-21-2022 21:17:56 TTOffLauncher: maybeStartGame: starting game
:09-21-2022 21:17:56 TTOffLauncher: Starting Toontown Online...
:09-21-2022 21:17:56 TTOffLauncher: background: Launcher now operating in background
ToontownStart: Polling for game2 to finish...
ToontownStart: Game2 is finished.
ToontownStart: Starting the game.
ToontownStart: setting default font
:09-21-2022 21:17:56 TTOffLauncher: setting panda error code to 7
Known pipe types:
  wglGraphicsPipe
(all display modules loaded.)
:09-21-2022 21:17:56 ToonBase: Default graphics pipe is wglGraphicsPipe (OpenGL).
:09-21-2022 21:17:56 ToonBase: Successfully opened window of type wglGraphicsWindow (OpenGL)
:09-21-2022 21:17:56 ShowBase: __dev__ == False
:09-21-2022 21:17:57 TTOffLauncher: setting panda error code to 11
:09-21-2022 21:17:57 TTOffLauncher: setting panda error code to 0
ToontownStart: Loading default gui sounds
ToontownStart: serverVersion:  tto-dev
:09-21-2022 21:17:57 Loader: starting bulk load of block 'init'
:09-21-2022 21:17:57 :nativenet(error): Buffered_DatagramConnection Constructor rbufsize = 4096000 wbufsize = 4096000 write_flush_point = 1400
:09-21-2022 21:17:57 OTPClientRepository: Using connect method 'http'
:09-21-2022 21:17:58 TTOffLauncher: getRegistry ('DEPLOYMENT', None)
:09-21-2022 21:17:58 TTOffLauncher: checking env
:09-21-2022 21:17:58 TTOffLauncher: getRegistry ('GAME_DEPLOYMENT', None)
:09-21-2022 21:17:58 TTOffLauncher: checking env
:09-21-2022 21:17:58 OTPClientRepository: reg_deployment=
:09-21-2022 21:17:58 OTPClientRepository: required-login auto.
:09-21-2022 21:17:58 OTPClientRepository: loginInterface: LoginTTOffAccount
:09-21-2022 21:17:58 TTOffLauncher: getNeedPwForSecretKey using ttoff-specific-login
:09-21-2022 21:17:58 Loader: At end of block 'init', expected 138, loaded 5, duration=1.2109955
:09-21-2022 21:17:58 OTPClientRepository: Connecting to gameserver directly (no proxy).
:09-21-2022 21:17:58 OTPClientRepository: Connecting to //127.0.0.1:7198 via HTTP interface.
:09-21-2022 21:17:58 TTOffLauncher: Stopping mini task manager.
:09-21-2022 21:17:58 OTPClientRepository: Successfully connected to //127.0.0.1:7198.
:09-21-2022 21:17:58 TTOffLauncher: Setting Disconnect Details normal
{401000001: <toontown.distributed.ToontownDistrict.ToontownDistrict instance at 0x000000001B1BF0C8>, 403000001: <toontown.distributed.ToontownDistrict.ToontownDistrict instance at 0x000000001B1BF308>, 402000001: <toontown.distributed.ToontownDistrict.ToontownDistrict instance at 0x000000001B1BF288>}
:09-21-2022 21:18:00 StateData: AvatarChooser.enter
:09-21-2022 21:18:00 DisplayOptions: settingsFullScreen = False, embedded = False width=800 height=600
:09-21-2022 21:18:00 StateData: calling self.displayOptions.restrictToEmbedded(False)
:09-21-2022 21:18:01 OTPClientRepository: ================
:09-21-2022 21:18:01 OTPClientRepository: Chose avatar id: 100000003
:09-21-2022 21:18:01 OTPClientRepository: Chose avatar name: Deputy Skimpy
:09-21-2022 21:18:01 OTPClientRepository: Chose avatar dna: ('dls', 'ls', 'm', 'm', 18, 0, 18, 18, 1, 9, 1, 9, 1, 15)
:09-21-2022 21:18:01 OTPClientRepository: Chose avatar position: 2
:09-21-2022 21:18:01 OTPClientRepository: isPaid: 1
:09-21-2022 21:18:01 OTPClientRepository: freeTimeLeft: 0
:09-21-2022 21:18:01 OTPClientRepository: allowSecretChat: True
:09-21-2022 21:18:01 OTPClientRepository: ================
:09-21-2022 21:18:01 Loader: starting bulk load of block 'localAvatarPlayGame'
:09-21-2022 21:18:02 ToontownTimeManager(warning): error parsing date string=
local
:09-21-2022 21:18:02 NewsPageButtonManager(warning): Should not get here. NewsPageButtonManager.exitOff
:09-21-2022 21:18:02 :pnmimage:png(warning): iCCP: known incorrect sRGB profile
:09-21-2022 21:18:03 OTPClientRepository: Entering shard 401000001
:09-21-2022 21:18:03 StreetSign: Street sign url is https://ttoffline.com/images/
:09-21-2022 21:18:04 TimeManager: Clock sync: TimeManager.announceGenerate
:09-21-2022 21:18:04 NewsManager: setHolidayId: Starting Holiday 26
:09-21-2022 21:18:05 NewsManager: setHolidayId: Starting Holiday 7
:09-21-2022 21:18:05 InGameNewsMgr: latestIssue=2013-08-22 16:49:46.000003-07:00
cpu info: GenuineIntel|Intel(R) Core(TM) i9-9900K CPU @ 3.60GHz|591597|0|3.600,3.600|8,16 cpus
:09-21-2022 21:18:06 OTPClientRepository: No sync from TimeManager.
:09-21-2022 21:18:06 OTPClientRepository: gotTimeSync
:09-21-2022 21:18:06 Loader: At end of block 'localAvatarPlayGame', expected 400, loaded 14, duration=4.4040319
:09-21-2022 21:18:06 TimeManager: Clock sync roundtrip took 1289.610 ms
:09-21-2022 21:18:06 TimeManager: AI time delta is -0:02 from server delta
:09-21-2022 21:18:06 TimeManager: Local clock uncertainty +/- 0.645 s
:09-21-2022 21:18:06 TimeManager: Clock sync: TimeManager.announceGenerate
:09-21-2022 21:18:06 NewsManager: setHolidayId: Starting Holiday 26
:09-21-2022 21:18:06 InGameNewsMgr: latestIssue=2013-08-22 16:49:46.000003-07:00
:09-21-2022 21:18:06 PlayGame: QA-REGRESSION: NEIGHBORHOODS: Visit Sellbot HQ
:09-21-2022 21:18:06 Loader: starting bulk load of block 'hood'
:09-21-2022 21:18:07 SellbotCogHQLoader: loadPlaceGeom: 11000
:09-21-2022 21:18:07 LocalAvatar(warning): redundant call to stopUpdateSmartCamera
Traceback (most recent call last):
  File "C:\Panda3D-1.11.0-x64\direct\distributed\ConnectionRepository.py", line 609, in readerPollUntilEmpty
    while self.readerPollOnce():
  File "C:\Panda3D-1.11.0-x64\direct\distributed\ConnectionRepository.py", line 616, in readerPollOnce
    self.handleDatagram(self.private__di)
  File "otp\distributed\OTPClientRepository.py", line 1838, in handleDatagram
    self.handler(msgType, di)
  File "toontown\hood\QuietZoneState.py", line 153, in handleWaitForQuietZoneResponse
    base.cr.handlePlayGame(msgType, di)
  File "otp\distributed\OTPClientRepository.py", line 1445, in handlePlayGame
    self.handleMessageType(msgType, di)
  File "otp\distributed\OTPClientRepository.py", line 1732, in handleMessageType
    self.gotInterestDoneMessage(di)
  File "otp\distributed\OTPClientRepository.py", line 1759, in gotInterestDoneMessage
    self.handleInterestDoneMessage(di)
  File "C:\Panda3D-1.11.0-x64\direct\distributed\DoInterestManager.py", line 621, in handleInterestDoneMessage
    messenger.send(event)
  File "C:\Panda3D-1.11.0-x64\direct\showbase\Messenger.py", line 333, in send
    self.__dispatch(acceptorDict, event, sentArgs, foundWatch)
  File "C:\Panda3D-1.11.0-x64\direct\showbase\Messenger.py", line 418, in __dispatch
    result = method (*(extraArgs + sentArgs))
  File "toontown\distributed\ToontownClientRepository.py", line 928, in _handleEmuSetZoneDone
    messenger.send(event)
  File "C:\Panda3D-1.11.0-x64\direct\showbase\Messenger.py", line 333, in send
    self.__dispatch(acceptorDict, event, sentArgs, foundWatch)
  File "C:\Panda3D-1.11.0-x64\direct\showbase\Messenger.py", line 418, in __dispatch
    result = method (*(extraArgs + sentArgs))
  File "toontown\hood\QuietZoneState.py", line 196, in _handleQuietZoneComplete
    self.fsm.request('waitForZoneRedirect')
  File "C:\Panda3D-1.11.0-x64\direct\fsm\ClassicFSM.py", line 281, in request
    exitArgList)
  File "C:\Panda3D-1.11.0-x64\direct\fsm\ClassicFSM.py", line 228, in __transition
    self.__enter(aState, enterArgList)
  File "C:\Panda3D-1.11.0-x64\direct\fsm\ClassicFSM.py", line 214, in __enter
    aState.enter(argList)
  File "C:\Panda3D-1.11.0-x64\direct\fsm\State.py", line 202, in enter
    self.__enterFunc(*argList)
  File "toontown\hood\QuietZoneState.py", line 237, in enterWaitForZoneRedirect
    self.fsm.request('waitForSetZoneResponse')
  File "C:\Panda3D-1.11.0-x64\direct\fsm\ClassicFSM.py", line 281, in request
    exitArgList)
  File "C:\Panda3D-1.11.0-x64\direct\fsm\ClassicFSM.py", line 228, in __transition
    self.__enter(aState, enterArgList)
  File "C:\Panda3D-1.11.0-x64\direct\fsm\ClassicFSM.py", line 214, in __enter
    aState.enter(argList)
  File "C:\Panda3D-1.11.0-x64\direct\fsm\State.py", line 202, in enter
    self.__enterFunc(*argList)
  File "toontown\hood\QuietZoneState.py", line 263, in enterWaitForSetZoneResponse
    self.fsm.request('waitForSetZoneComplete')
  File "C:\Panda3D-1.11.0-x64\direct\fsm\ClassicFSM.py", line 281, in request
    exitArgList)
  File "C:\Panda3D-1.11.0-x64\direct\fsm\ClassicFSM.py", line 228, in __transition
    self.__enter(aState, enterArgList)
  File "C:\Panda3D-1.11.0-x64\direct\fsm\ClassicFSM.py", line 214, in __enter
    aState.enter(argList)
  File "C:\Panda3D-1.11.0-x64\direct\fsm\State.py", line 202, in enter
    self.__enterFunc(*argList)
  File "toontown\hood\QuietZoneState.py", line 301, in enterWaitForSetZoneComplete
    messenger.send(self.getQuietZoneLeftEvent())
  File "C:\Panda3D-1.11.0-x64\direct\showbase\Messenger.py", line 333, in send
    self.__dispatch(acceptorDict, event, sentArgs, foundWatch)
  File "C:\Panda3D-1.11.0-x64\direct\showbase\Messenger.py", line 418, in __dispatch
    result = method (*(extraArgs + sentArgs))
  File "toontown\distributed\PlayGame.py", line 288, in handleLeftQuietZone
    self.fsm.request(hoodState, [status])
  File "C:\Panda3D-1.11.0-x64\direct\fsm\ClassicFSM.py", line 281, in request
    exitArgList)
  File "C:\Panda3D-1.11.0-x64\direct\fsm\ClassicFSM.py", line 228, in __transition
    self.__enter(aState, enterArgList)
  File "C:\Panda3D-1.11.0-x64\direct\fsm\ClassicFSM.py", line 214, in __enter
    aState.enter(argList)
  File "C:\Panda3D-1.11.0-x64\direct\fsm\State.py", line 202, in enter
    self.__enterFunc(*argList)
  File "toontown\distributed\PlayGame.py", line 365, in enterSellbotHQ
    self.hood.enter(requestStatus)
  File "toontown\hood\SellbotHQ.py", line 27, in enter
    CogHood.CogHood.enter(self, *args)
  File "toontown\hood\Hood.py", line 41, in enter
    self.fsm.request(requestStatus['loader'], [requestStatus])
  File "C:\Panda3D-1.11.0-x64\direct\fsm\ClassicFSM.py", line 281, in request
    exitArgList)
  File "C:\Panda3D-1.11.0-x64\direct\fsm\ClassicFSM.py", line 228, in __transition
    self.__enter(aState, enterArgList)
  File "C:\Panda3D-1.11.0-x64\direct\fsm\ClassicFSM.py", line 214, in __enter
    aState.enter(argList)
  File "C:\Panda3D-1.11.0-x64\direct\fsm\State.py", line 202, in enter
    self.__enterFunc(*argList)
  File "toontown\hood\CogHood.py", line 39, in enterCogHQLoader
    self.loader.enter(requestStatus)
  File "toontown\coghq\CogHQLoader.py", line 61, in enter
    self.fsm.request(requestStatus['where'], [requestStatus])
  File "C:\Panda3D-1.11.0-x64\direct\fsm\ClassicFSM.py", line 281, in request
    exitArgList)
  File "C:\Panda3D-1.11.0-x64\direct\fsm\ClassicFSM.py", line 228, in __transition
    self.__enter(aState, enterArgList)
  File "C:\Panda3D-1.11.0-x64\direct\fsm\ClassicFSM.py", line 214, in __enter
    aState.enter(argList)
  File "C:\Panda3D-1.11.0-x64\direct\fsm\State.py", line 202, in enter
    self.__enterFunc(*argList)
  File "toontown\coghq\CogHQLoader.py", line 121, in enterCogHQExterior
    self.enterPlace(requestStatus)
  File "toontown\coghq\CogHQLoader.py", line 90, in enterPlace
    self.place.enter(requestStatus)
  File "toontown\coghq\SellbotHQExterior.py", line 8, in enter
    CogHQExterior.CogHQExterior.enter(self, requestStatus)
  File "toontown\coghq\CogHQExterior.py", line 76, in enter
    self.tunnelOriginList = base.cr.hoodMgr.addLinkTunnelHooks(self, self.nodeList, self.zoneId)
  File "toontown\distributed\HoodMgr.py", line 910, in addLinkTunnelHooks
    hood = base.localAvatar.cr.playGame.hood
AttributeError: 'NoneType' object has no attribute 'playGame'
:09-21-2022 21:18:07 :task(error): Exception occurred in PythonTask readerPollTask-81364224
:09-21-2022 21:18:07 TTOffLauncher: setting panda error code to 12
:09-21-2022 21:18:07 TTOffLauncher(warning): Handling Python exception.
:09-21-2022 21:18:07 TimeManager: Client disconnect reason 3.
:09-21-2022 21:18:07 TimeManager: Client exception: toontown.distributed.HoodMgr:910, toontown.coghq.CogHQExterior:76, toontown.coghq.SellbotHQExterior:8, toontown.coghq.CogHQLoader:90, AttributeError: 'NoneType' object has no attribute 'playGame'
:09-21-2022 21:18:07 OTPClientRepository: Sent disconnect message to server
:09-21-2022 21:18:07 OTPClientRepository: Closing connection to server.
:09-21-2022 21:18:07 TTOffLauncher: Exception exit.

Traceback (most recent call last):
  File "otp\launcher\LauncherBase.py", line 1081, in mainLoop
    self._runTaskManager()
  File "otp\launcher\LauncherBase.py", line 1052, in _runTaskManager
    taskMgr.run()
  File "C:\Panda3D-1.11.0-x64\direct\task\Task.py", line 528, in run
    self.step()
  File "C:\Panda3D-1.11.0-x64\direct\task\Task.py", line 482, in step
    self.mgr.poll()
  File "C:\Panda3D-1.11.0-x64\direct\distributed\ConnectionRepository.py", line 609, in readerPollUntilEmpty
    while self.readerPollOnce():
  File "C:\Panda3D-1.11.0-x64\direct\distributed\ConnectionRepository.py", line 616, in readerPollOnce
    self.handleDatagram(self.private__di)
  File "otp\distributed\OTPClientRepository.py", line 1838, in handleDatagram
    self.handler(msgType, di)
  File "toontown\hood\QuietZoneState.py", line 153, in handleWaitForQuietZoneResponse
    base.cr.handlePlayGame(msgType, di)
  File "otp\distributed\OTPClientRepository.py", line 1445, in handlePlayGame
    self.handleMessageType(msgType, di)
  File "otp\distributed\OTPClientRepository.py", line 1732, in handleMessageType
    self.gotInterestDoneMessage(di)
  File "otp\distributed\OTPClientRepository.py", line 1759, in gotInterestDoneMessage
    self.handleInterestDoneMessage(di)
  File "C:\Panda3D-1.11.0-x64\direct\distributed\DoInterestManager.py", line 621, in handleInterestDoneMessage
    messenger.send(event)
  File "C:\Panda3D-1.11.0-x64\direct\showbase\Messenger.py", line 333, in send
    self.__dispatch(acceptorDict, event, sentArgs, foundWatch)
  File "C:\Panda3D-1.11.0-x64\direct\showbase\Messenger.py", line 418, in __dispatch
    result = method (*(extraArgs + sentArgs))
  File "toontown\distributed\ToontownClientRepository.py", line 928, in _handleEmuSetZoneDone
    messenger.send(event)
  File "C:\Panda3D-1.11.0-x64\direct\showbase\Messenger.py", line 333, in send
    self.__dispatch(acceptorDict, event, sentArgs, foundWatch)
  File "C:\Panda3D-1.11.0-x64\direct\showbase\Messenger.py", line 418, in __dispatch
    result = method (*(extraArgs + sentArgs))
  File "toontown\hood\QuietZoneState.py", line 196, in _handleQuietZoneComplete
    self.fsm.request('waitForZoneRedirect')
  File "C:\Panda3D-1.11.0-x64\direct\fsm\ClassicFSM.py", line 281, in request
    exitArgList)
  File "C:\Panda3D-1.11.0-x64\direct\fsm\ClassicFSM.py", line 228, in __transition
    self.__enter(aState, enterArgList)
  File "C:\Panda3D-1.11.0-x64\direct\fsm\ClassicFSM.py", line 214, in __enter
    aState.enter(argList)
  File "C:\Panda3D-1.11.0-x64\direct\fsm\State.py", line 202, in enter
    self.__enterFunc(*argList)
  File "toontown\hood\QuietZoneState.py", line 237, in enterWaitForZoneRedirect
    self.fsm.request('waitForSetZoneResponse')
  File "C:\Panda3D-1.11.0-x64\direct\fsm\ClassicFSM.py", line 281, in request
    exitArgList)
  File "C:\Panda3D-1.11.0-x64\direct\fsm\ClassicFSM.py", line 228, in __transition
    self.__enter(aState, enterArgList)
  File "C:\Panda3D-1.11.0-x64\direct\fsm\ClassicFSM.py", line 214, in __enter
    aState.enter(argList)
  File "C:\Panda3D-1.11.0-x64\direct\fsm\State.py", line 202, in enter
    self.__enterFunc(*argList)
  File "toontown\hood\QuietZoneState.py", line 263, in enterWaitForSetZoneResponse
    self.fsm.request('waitForSetZoneComplete')
  File "C:\Panda3D-1.11.0-x64\direct\fsm\ClassicFSM.py", line 281, in request
    exitArgList)
  File "C:\Panda3D-1.11.0-x64\direct\fsm\ClassicFSM.py", line 228, in __transition
    self.__enter(aState, enterArgList)
  File "C:\Panda3D-1.11.0-x64\direct\fsm\ClassicFSM.py", line 214, in __enter
    aState.enter(argList)
  File "C:\Panda3D-1.11.0-x64\direct\fsm\State.py", line 202, in enter
    self.__enterFunc(*argList)
  File "toontown\hood\QuietZoneState.py", line 301, in enterWaitForSetZoneComplete
    messenger.send(self.getQuietZoneLeftEvent())
  File "C:\Panda3D-1.11.0-x64\direct\showbase\Messenger.py", line 333, in send
    self.__dispatch(acceptorDict, event, sentArgs, foundWatch)
  File "C:\Panda3D-1.11.0-x64\direct\showbase\Messenger.py", line 418, in __dispatch
    result = method (*(extraArgs + sentArgs))
  File "toontown\distributed\PlayGame.py", line 288, in handleLeftQuietZone
    self.fsm.request(hoodState, [status])
  File "C:\Panda3D-1.11.0-x64\direct\fsm\ClassicFSM.py", line 281, in request
    exitArgList)
  File "C:\Panda3D-1.11.0-x64\direct\fsm\ClassicFSM.py", line 228, in __transition
    self.__enter(aState, enterArgList)
  File "C:\Panda3D-1.11.0-x64\direct\fsm\ClassicFSM.py", line 214, in __enter
    aState.enter(argList)
  File "C:\Panda3D-1.11.0-x64\direct\fsm\State.py", line 202, in enter
    self.__enterFunc(*argList)
  File "toontown\distributed\PlayGame.py", line 365, in enterSellbotHQ
    self.hood.enter(requestStatus)
  File "toontown\hood\SellbotHQ.py", line 27, in enter
    CogHood.CogHood.enter(self, *args)
  File "toontown\hood\Hood.py", line 41, in enter
    self.fsm.request(requestStatus['loader'], [requestStatus])
  File "C:\Panda3D-1.11.0-x64\direct\fsm\ClassicFSM.py", line 281, in request
    exitArgList)
  File "C:\Panda3D-1.11.0-x64\direct\fsm\ClassicFSM.py", line 228, in __transition
    self.__enter(aState, enterArgList)
  File "C:\Panda3D-1.11.0-x64\direct\fsm\ClassicFSM.py", line 214, in __enter
    aState.enter(argList)
  File "C:\Panda3D-1.11.0-x64\direct\fsm\State.py", line 202, in enter
    self.__enterFunc(*argList)
  File "toontown\hood\CogHood.py", line 39, in enterCogHQLoader
    self.loader.enter(requestStatus)
  File "toontown\coghq\CogHQLoader.py", line 61, in enter
    self.fsm.request(requestStatus['where'], [requestStatus])
  File "C:\Panda3D-1.11.0-x64\direct\fsm\ClassicFSM.py", line 281, in request
    exitArgList)
  File "C:\Panda3D-1.11.0-x64\direct\fsm\ClassicFSM.py", line 228, in __transition
    self.__enter(aState, enterArgList)
  File "C:\Panda3D-1.11.0-x64\direct\fsm\ClassicFSM.py", line 214, in __enter
    aState.enter(argList)
  File "C:\Panda3D-1.11.0-x64\direct\fsm\State.py", line 202, in enter
    self.__enterFunc(*argList)
  File "toontown\coghq\CogHQLoader.py", line 121, in enterCogHQExterior
    self.enterPlace(requestStatus)
  File "toontown\coghq\CogHQLoader.py", line 90, in enterPlace
    self.place.enter(requestStatus)
  File "toontown\coghq\SellbotHQExterior.py", line 8, in enter
    CogHQExterior.CogHQExterior.enter(self, requestStatus)
  File "toontown\coghq\CogHQExterior.py", line 76, in enter
    self.tunnelOriginList = base.cr.hoodMgr.addLinkTunnelHooks(self, self.nodeList, self.zoneId)
  File "toontown\distributed\HoodMgr.py", line 910, in addLinkTunnelHooks
    hood = base.localAvatar.cr.playGame.hood
AttributeError: 'NoneType' object has no attribute 'playGame'
