

Starting Toontown Online...
Current time: Mon Oct 24 18:26:03 2022 Eastern Standard Time
sys.path =  ['', 'C:\\Toontown-Last-Laff-Workspace-10-21-2022\\src\\Panda3D-1.11.0-x64\\python\\python27.zip', 'C:\\Panda3D-1.11.0-x64', 'C:\\Toontown-Last-Laff-Workspace-10-21-2022\\src\\Panda3D-1.11.0-x64\\python\\DLLs', 'C:\\Toontown-Last-Laff-Workspace-10-21-2022\\src\\Panda3D-1.11.0-x64\\python\\lib', 'C:\\Toontown-Last-Laff-Workspace-10-21-2022\\src\\Panda3D-1.11.0-x64\\python\\lib\\plat-win', 'C:\\Toontown-Last-Laff-Workspace-10-21-2022\\src\\Panda3D-1.11.0-x64\\python\\lib\\lib-tk', 'C:\\Toontown-Last-Laff-Workspace-10-21-2022\\src\\Panda3D-1.11.0-x64\\python', 'C:\\Toontown-Last-Laff-Workspace-10-21-2022\\src\\Panda3D-1.11.0-x64', 'C:\\Toontown-Last-Laff-Workspace-10-21-2022\\src\\Panda3D-1.11.0-x64\\bin', 'C:\\Toontown-Last-Laff-Workspace-10-21-2022\\src\\Panda3D-1.11.0-x64\\python\\lib\\site-packages']
sys.argv =  ['C:\\Toontown-Last-Laff-Workspace-10-21-2022\\src\\toontown\\launcher\\TTOffQuickStartLauncher.py']
generating standard configrc
os.environ =  {'TMP': 'C:\\Users\\Philip\\AppData\\Local\\Temp', 'COMPUTERNAME': 'PHILIP-JR', 'USERDOMAIN': 'PHILIP-JR', 'NEKO_INSTPATH': 'C:\\HaxeToolkit\\neko', 'PSMODULEPATH': 'C:\\WINDOWS\\system32\\WindowsPowerShell\\v1.0\\Modules\\', 'DOKANLIBRARY1': 'C:\\Program Files\\Dokan\\Dokan Library-1.4.1\\', 'ADSK_3DSMAX_X64_2021': 'C:\\Program Files\\Autodesk\\3ds Max 2021\\', 'PROCESSOR_IDENTIFIER': 'Intel64 Family 6 Model 45 Stepping 7, GenuineIntel', 'VBOX_MSI_INSTALL_PATH': 'C:\\Program Files\\Oracle\\VirtualBox\\', 'PROGRAMFILES': 'C:\\Program Files', 'PROCESSOR_REVISION': '2d07', 'PATH': 'C:\\Panda3D-1.11.0-x64\\panda3d\\..\\bin;C:\\Program Files (x86)\\Common Files\\Oracle\\Java\\javapath;C:\\Windows\\system32;C:\\Windows;C:\\Windows\\System32\\Wbem;C:\\Windows\\System32\\WindowsPowerShell\\v1.0\\;C:\\Program Files (x86)\\NVIDIA Corporation\\PhysX\\Common;C:\\Program Files\\Git\\cmd;C:\\WINDOWS\\system32;C:\\WINDOWS;C:\\WINDOWS\\System32\\Wbem;C:\\WINDOWS\\System32\\WindowsPowerShell\\v1.0\\;C:\\Program Files\\dotnet\\;C:\\Program Files\\Common Files\\Autodesk Shared\\;C:\\Program Files\\Microsoft SQL Server\\120\\Tools\\Binn\\;C:\\HaxeToolkit\\haxe;C:\\HaxeToolkit\\neko;C:\\Program Files\\Animation Paper\\gstreamer\\bin;C:\\Program Files\\PuTTY\\;C:\\Program Files\\NVIDIA Corporation\\NVIDIA NvDLISR;C:\\Program Files (x86)\\Windows Live\\Shared;C:\\HaxeToolkit\\haxe;C:\\HaxeToolkit\\neko;C:\\Program Files (x86)\\Windows Kits\\8.1\\Windows Performance Toolkit\\;C:\\Users\\Philip\\anaconda3;C:\\Users\\Philip\\anaconda3\\Library\\mingw-w64\\bin;C:\\Users\\Philip\\anaconda3\\Library\\usr\\bin;C:\\Users\\Philip\\anaconda3\\Library\\bin;C:\\Users\\Philip\\anaconda3\\Scripts;C:\\Program Files\\MySQL\\MySQL Shell 8.0\\bin\\;C:\\Panda3D-1.10.02\\python;C:\\Panda3D-1.10.02\\python\\Scripts;C:\\Panda3D-1.10.02\\bin;C:\\Panda3D-1.11.0-x64-py2\\python;C:\\Panda3D-1.11.0-x64-py2\\python\\Scripts;C:\\Panda3D-1.11.0-x64-py2\\bin;C:\\Users\\Philip\\AppData\\Local\\GitHubDesktop\\bin;C:\\Panda3D-1.9.0\\python;C:\\Panda3D-1.9.0\\python\\Scripts;C:\\Panda3D-1.9.0\\bin;C:\\Panda3D-1.10.0-x64\\python;C:\\Panda3D-1.10.0-x64\\python\\Scripts;C:\\Panda3D-1.10.0-x64\\bin;C:\\Users\\Philip\\AppData\\Local\\atom\\bin;C:\\Panda3D-1.10.0\\python;C:\\Panda3D-1.10.0\\python\\Scripts;C:\\Panda3D-1.10.0\\bin;C:\\Panda3D-1.11.0-x64-astron\\python;C:\\Panda3D-1.11.0-x64-astron\\python\\Scripts;C:\\Panda3D-1.11.0-x64-astron\\bin;C:\\Panda3D-1.11.0-x64\\python;C:\\Panda3D-1.11.0-x64\\python\\Scripts;C:\\Panda3D-1.11.0-x64\\bin;C:\\Panda3D-1.10.9-x64\\python;C:\\Panda3D-1.10.9-x64\\python\\Scrip;C:\\Users\\Philip\\AppData\\Local\\Programs\\Microsoft VS Code\\bin;C:\\Users\\Philip\\.dotnet\\tools;%C:\\Program Files (x86)\\Windows Kits\\8.1\\bin\\x86\\rc.exe%;%C:\\Program Files (x86)\\Microsoft Visual Studio\\2019\\BuildTools\\Common7\\IDE%;C:\\Program Files\\JetBrains\\PyCharm Community Edition 2022.2.3\\bin;', 'SYSTEMROOT': 'C:\\WINDOWS', 'NUMBER_OF_PROCESSORS': '8', 'PROGRAMFILES(X86)': 'C:\\Program Files (x86)', 'COMSPEC': 'C:\\WINDOWS\\system32\\cmd.exe', 'KMP_BLOCKTIME': '0', 'PPYTHON_PATH': '"Panda3D-1.11.0-x64\\python\\ppython.exe"', 'PYCHARM COMMUNITY EDITION': 'C:\\Program Files\\JetBrains\\PyCharm Community Edition 2022.2.3\\bin;', 'COMMONPROGRAMFILES(X86)': 'C:\\Program Files (x86)\\Common Files', 'PROCESSOR_ARCHITECTURE': 'AMD64', 'DOKANLIBRARY1_LIBRARYPATH_X64': 'C:\\Program Files\\Dokan\\Dokan Library-1.4.1\\lib\\', 'ALLUSERSPROFILE': 'C:\\ProgramData', 'LOCALAPPDATA': 'C:\\Users\\Philip\\AppData\\Local', 'HOMEPATH': '\\Users\\Philip', 'USERDOMAIN_ROAMINGPROFILE': 'PHILIP-JR', 'PROGRAMW6432': 'C:\\Program Files', 'USERNAME': 'Philip', 'FP_NO_HOST_CHECK': 'NO', 'DOKANLIBRARY1_LIBRARYPATH_X86': 'C:\\Program Files\\Dokan\\Dokan Library-1.4.1\\x86\\lib\\', 'LOGONSERVER': '\\\\MicrosoftAccount', 'PROMPT': '$P$G', 'SESSIONNAME': 'Console', 'PROGRAMDATA': 'C:\\ProgramData', 'COMMONPROGRAMFILES': 'C:\\Program Files\\Common Files', 'TEMP': 'C:\\Users\\Philip\\AppData\\Local\\Temp', 'HAXEPATH': 'C:\\HaxeToolkit\\haxe', 'PATHEXT': '.COM;.EXE;.BAT;.CMD;.VBS;.VBE;.JS;.JSE;.WSF;.WSH;.MSC', 'TTOFF_LOGIN_TOKEN': 'dev', 'VS160COMCOMNTOOLS': 'C:\\Program Files (x86)\\Microsoft Visual Studio\\2019\\Community\\Common7\\Tools\\', 'WINDIR': 'C:\\WINDOWS', 'OMP_WAIT_POLICY': 'PASSIVE', 'MONGO': 'C:\\mongodb-win32-x86_64-windows-4.4.4/bin', 'HOMEDRIVE': 'C:', 'SYSTEMDRIVE': 'C:', 'PUBLIC': 'C:\\Users\\Public', 'APPDATA': 'C:\\Users\\Philip\\AppData\\Roaming', 'PROCESSOR_LEVEL': '6', 'CIOENGINE': 'C:\\cio-panda3d', 'COMMONPROGRAMW6432': 'C:\\Program Files\\Common Files', 'OS': 'Windows_NT', 'ADSK_CLM_WPAD_PROXY_CHECK': 'FALSE', 'USERPROFILE': 'C:\\Users\\Philip'}
:10-24-2022 18:26:03 TTOffLauncher: isTestServer: 0
:10-24-2022 18:26:03 TTOffLauncher: Game Server 127.0.0.1
:10-24-2022 18:26:03 TTOffLauncher: Starting Toontown Online... 
:10-24-2022 18:26:03 TTOffLauncher: foreground: Launcher now operating in foreground
useTTOffSpecificLogin=True
:10-24-2022 18:26:03 TTOffLauncher: maybeStartGame: starting game
:10-24-2022 18:26:03 TTOffLauncher: Starting Toontown Online...
:10-24-2022 18:26:03 TTOffLauncher: background: Launcher now operating in background
ToontownStart: Polling for game2 to finish...
ToontownStart: Game2 is finished.
ToontownStart: Starting the game.
ToontownStart: setting default font
:10-24-2022 18:26:03 TTOffLauncher: setting panda error code to 7
Known pipe types:
  wglGraphicsPipe
(all display modules loaded.)
:10-24-2022 18:26:04 ToonBase: Default graphics pipe is wglGraphicsPipe (OpenGL).
:10-24-2022 18:26:04 :display(warning): FrameBufferProperties available less than requested.
  requested: depth_bits=24 color_bits=3 red_bits=1 green_bits=1 blue_bits=1 alpha_bits=1 multisamples=70 back_buffers=1 force_hardware 
  got: depth_bits=24 color_bits=24 red_bits=8 green_bits=8 blue_bits=8 alpha_bits=8 accum_bits=64 multisamples=16 back_buffers=1 force_hardware 
:10-24-2022 18:26:04 ToonBase: Successfully opened window of type wglGraphicsWindow (OpenGL)
:10-24-2022 18:26:04 ShowBase: __dev__ == False
:10-24-2022 18:26:04 TTOffLauncher: setting panda error code to 11
:10-24-2022 18:26:04 TTOffLauncher: setting panda error code to 0
ToontownStart: Loading default gui sounds
ToontownStart: serverVersion:  tto-dev
:10-24-2022 18:26:04 Loader: starting bulk load of block 'init'
:10-24-2022 18:26:05 :nativenet(error): Buffered_DatagramConnection Constructor rbufsize = 4096000 wbufsize = 4096000 write_flush_point = 1400
:10-24-2022 18:26:05 OTPClientRepository: Using connect method 'http'
:10-24-2022 18:26:06 TTOffLauncher: getRegistry ('DEPLOYMENT', None)
:10-24-2022 18:26:06 TTOffLauncher: checking env
:10-24-2022 18:26:06 TTOffLauncher: getRegistry ('GAME_DEPLOYMENT', None)
:10-24-2022 18:26:06 TTOffLauncher: checking env
:10-24-2022 18:26:06 OTPClientRepository: reg_deployment=
:10-24-2022 18:26:06 OTPClientRepository: required-login auto.
:10-24-2022 18:26:06 OTPClientRepository: loginInterface: LoginTTOffAccount
:10-24-2022 18:26:06 TTOffLauncher: getNeedPwForSecretKey using ttoff-specific-login
:10-24-2022 18:26:06 Loader: At end of block 'init', expected 138, loaded 8, duration=1.73800164921
:10-24-2022 18:26:06 OTPClientRepository: Connecting to gameserver directly (no proxy).
:10-24-2022 18:26:06 OTPClientRepository: Connecting to //127.0.0.1:7198 via HTTP interface.
:10-24-2022 18:26:06 TTOffLauncher: Stopping mini task manager.
:10-24-2022 18:26:06 OTPClientRepository: Successfully connected to //127.0.0.1:7198.
:10-24-2022 18:26:06 TTOffLauncher: Setting Disconnect Details normal
{402000001: <toontown.distributed.ToontownDistrict.ToontownDistrict instance at 0x0000000017C68C88>}
:10-24-2022 18:26:08 StateData: AvatarChooser.enter
:10-24-2022 18:26:08 DisplayOptions: settingsFullScreen = False, embedded = False width=800 height=600
:10-24-2022 18:26:08 StateData: calling self.displayOptions.restrictToEmbedded(False)
:10-24-2022 18:26:19 OTPClientRepository: ================
:10-24-2022 18:26:19 OTPClientRepository: Chose avatar id: 100000001
:10-24-2022 18:26:19 OTPClientRepository: Chose avatar name: Wittybumble
:10-24-2022 18:26:19 OTPClientRepository: Chose avatar dna: ('dss', 'ms', 'm', 'm', 6, 0, 6, 6, 1, 9, 1, 9, 1, 18)
:10-24-2022 18:26:19 OTPClientRepository: Chose avatar position: 1
:10-24-2022 18:26:19 OTPClientRepository: isPaid: 1
:10-24-2022 18:26:19 OTPClientRepository: freeTimeLeft: 0
:10-24-2022 18:26:19 OTPClientRepository: allowSecretChat: True
:10-24-2022 18:26:19 OTPClientRepository: ================
:10-24-2022 18:26:20 Loader: starting bulk load of block 'localAvatarPlayGame'
:10-24-2022 18:26:20 ToontownTimeManager(warning): error parsing date string=
:10-24-2022 18:26:20 Actor(warning): no part named head-front*!
local
:10-24-2022 18:26:21 NewsPageButtonManager(warning): Should not get here. NewsPageButtonManager.exitOff
:10-24-2022 18:26:21 :pnmimage:png(warning): iCCP: known incorrect sRGB profile
:10-24-2022 18:26:23 Actor(warning): no part named head-front*!
:10-24-2022 18:26:24 OTPClientRepository: Entering shard 402000001
:10-24-2022 18:26:24 StreetSign: Street sign url is https://ttoffline.com/images/
:10-24-2022 18:26:25 TimeManager: Clock sync: TimeManager.announceGenerate
:10-24-2022 18:26:25 NewsManager: setHolidayId: Starting Holiday 26
:10-24-2022 18:26:25 NewsManager: setHolidayId: Starting Holiday 14
:10-24-2022 18:26:25 InGameNewsMgr: latestIssue=2013-08-22 16:49:46.000003-07:00
cpu info: GenuineIntel|        Intel(R) Core(TM) i7-3820 CPU @ 3.60GHz|132823|0|3.601,3.601|4,8 cpus
:10-24-2022 18:26:26 OTPClientRepository: No sync from TimeManager.
:10-24-2022 18:26:26 OTPClientRepository: gotTimeSync
:10-24-2022 18:26:26 Loader: At end of block 'localAvatarPlayGame', expected 400, loaded 26, duration=6.790524825
:10-24-2022 18:26:26 OTPClientRepository: Sending heartbeat mid-frame.
:10-24-2022 18:26:26 TimeManager: Clock sync roundtrip took 1183.441 ms
:10-24-2022 18:26:26 TimeManager: AI time delta is -0:01 from server delta
:10-24-2022 18:26:26 TimeManager: Local clock uncertainty +/- 0.592 s
:10-24-2022 18:26:26 PlayGame: QA-REGRESSION: NEIGHBORHOODS: Visit Sellbot HQ
:10-24-2022 18:26:26 Loader: starting bulk load of block 'hood'
:10-24-2022 18:26:27 TownBattleSuitPanel: Loading Suit Battle Panel!
:10-24-2022 18:26:27 TownBattleSuitPanel: Loading Suit Battle Panel!
:10-24-2022 18:26:27 TownBattleSuitPanel: Loading Suit Battle Panel!
:10-24-2022 18:26:27 TownBattleSuitPanel: Loading Suit Battle Panel!
:10-24-2022 18:26:27 TownBattleSuitPanel: Loading Suit Battle Panel!
:10-24-2022 18:26:27 TownBattleSuitPanel: Loading Suit Battle Panel!
:10-24-2022 18:26:27 TownBattleSuitPanel: Loading Suit Battle Panel!
:10-24-2022 18:26:27 TownBattleSuitPanel: Loading Suit Battle Panel!
:10-24-2022 18:26:27 SellbotCogHQLoader: loadPlaceGeom: 11000
:10-24-2022 18:26:28 NewsManager: setInvasionStatus: msgType: 3 cogType: mh, numRemaining: 1000000, skeleton: 1
:10-24-2022 18:26:28 DistributedObject: DistributedSuitPlanner 402002946: generating
:10-24-2022 18:26:28 DistributedToon: calling LocalAvatar.startchat
:10-24-2022 18:26:28 :loader(error): Couldn't load file phase_4/models/questmap/cog_hq_sellbot_maps.bam: not found on model path (currently: "/;/c/Toontown-Last-Laff-Workspace-10-21-2022/src/toontown/launcher;/c/Panda3D-1.11.0-x64/etc/..;/c/Panda3D-1.11.0-x64/etc/../models")
:10-24-2022 18:26:28 Loader: At end of block 'hood', expected 43, loaded 7, duration=1.64049392015
:10-24-2022 18:26:29 Teleport(debug): teleportInDone: walk
:10-24-2022 18:26:29 :loader(error): Couldn't load file phase_4/models/questmap/cog_hq_sellbot_maps.bam: not found on model path (currently: "/;/c/Toontown-Last-Laff-Workspace-10-21-2022/src/toontown/launcher;/c/Panda3D-1.11.0-x64/etc/..;/c/Panda3D-1.11.0-x64/etc/../models")
:10-24-2022 18:26:43 SellbotHQExterior: QA-REGRESSION: COGBATTLE: Enter Battle
Battle Event localtoon-battle-event-3
:10-24-2022 18:27:13 ClassicFSM(warning): [DistributedSuit]: no transition exists from Walk to FromCogHQ
Assertion failed: other._error_type == ET_ok at line 395 of panda/src/pgraph/nodePath.cxx
Exception occurred while processing Func-__showProp-173 of movie-track-with-cam-402004040:
movie-track-with-cam-402004040:
  0.000 movie-track-with-cam-402004040 {
  0.000   movie-track-402004040 {
  0.000     Sequence-72 {
  0.000       toon-attacks {
  0.000         Sequence-99 {
  0.000           Parallel-74 {
  0.000             Sequence-98 {
  0.000               Wait
  0.000               Parallel-75 {
  0.000                 Sequence-76 {
  0.000                   Wait
  0.000                   *Func-headsUp-125
  0.000                   *Actor-throw-23 dur 3.79167
  3.792                   *Func-loop-126
  3.792                   *Func-setHpr-127
  3.792                 }
  0.000                 Parallel-81 {
  0.000                   Sequence-79 {
  0.000                     Wait dur 2.6
  2.600                     *Sound-14 dur 0.470204
  3.070                   }
  0.000                   Sequence-80 {
  0.000                     Wait dur 2.7
  2.700                     *Sound-15 dur 0.496327
  3.196                   }
  3.196                 }
  0.000                 Sequence-78 {
  0.000                   Wait
  0.000                   *Func-showProps-128
  0.000                   *Func-__animProp-129
  0.000                   Parallel-77 {
  0.000                     LerpScaleInterval-151: scale from 0.01 0.01 0.01 to 1 1 1 dur 1
  0.000                     LerpScaleInterval-152: scale from 0.01 0.01 0.01 to 1 1 1 dur 1
  1.000                   }
  1.000                   *Func-needRestoreRenderProp-131
  1.000                   Wait dur 1.7
  2.700                   *Func-__propPreflight-130
  2.700                   MovieThrow-pieFly: pos from -0.22525 -2.6394 1.72546 to 0 5 8.95 dur 0.3
  3.000                   *Func-removeProps-132
  3.000                   *Func-clearRenderProp-136
  3.000                   *Func-__showProp-133
  3.000                   *Func-__billboardProp-134
  3.000                   *Actor-splat-birthday-cake-24 dur 0.416667
  3.417                   *Func-removeProp-135
  3.417                 }
  0.000                 Parallel-86 {
  0.000                   Sequence-82 {
  0.000                     Wait dur 3
  3.000                     *Func-showHpText-137 (!oe)
  3.000                     *Func-updateHealthBar-138
  3.000                     Parallel-84 {
  3.000                       *Actor-pie-small-react-25 dur 2.29167
  3.000                       Sequence-83 {
  3.000                         Wait dur 0.3
  3.300                         *Func-reparentTo-139
  3.300                         *Func-setZ-140
  3.300                         *Func-loop-141
  3.300                         Wait dur 1.3
  4.600                         *Func-cleanup-142
  4.600                         *Func-removeNode-143
  4.600                       }
  5.292                     }
  5.292                     *Func-loop-144
  5.292                   }
  0.000                   Sequence-85 {
  0.000                     Wait dur 3
  3.000                   }
  5.292                 }
  0.000                 Sequence-87 {
  0.000                   Wait
  0.000                   *Func-headsUp-145
  0.000                   *Actor-throw-26 dur 3.79167
  3.792                   *Func-loop-146
  3.792                   *Func-setHpr-147
  3.792                 }
  0.000                 Parallel-92 {
  0.000                   Sequence-90 {
  0.000                     Wait dur 2.6
  2.600                     *Sound-16 dur 0.470204
  3.070                   }
  0.000                   Sequence-91 {
  0.000                     Wait dur 2.7
  2.700                     *Sound-17 dur 0.496327
  3.196                   }
  3.196                 }
  0.000                 Sequence-89 {
  0.000                   Wait
  0.000                   *Func-showProps-148
  0.000                   *Func-__animProp-149
  0.000                   Parallel-88 {
  0.000                     LerpScaleInterval-153: scale from 0.01 0.01 0.01 to 1 1 1 dur 1
  0.000                     LerpScaleInterval-154: scale from 0.01 0.01 0.01 to 1 1 1 dur 1
  1.000                   }
  1.000                   *Func-needRestoreRenderProp-151
  1.000                   Wait dur 1.7
  2.700                   *Func-__propPreflight-150
  2.700                   MovieThrow-pieFly: pos from -0.22525 -2.6394 1.72546 to 0 5 8.95 dur 0.3
  3.000                   *Func-removeProps-152
  3.000                   *Func-clearRenderProp-156
  3.000                   *Func-__showProp-153
  3.000                   *Func-__billboardProp-154
  3.000                   *Actor-splat-birthday-cake-27 dur 0.416667
  3.417                   *Func-removeProp-155
  3.417                 }
  0.000                 Parallel-97 {
  0.000                   Sequence-93 {
  0.000                     Wait dur 3
  3.000                     *Func-showHpText-157 (!oe)
  3.000                     *Func-updateHealthBar-158
  3.000                     Parallel-95 {
  3.000                       *Actor-pie-small-react-28 dur 2.29167
  3.000                       Sequence-94 {
  3.000                         Wait dur 0.3
  3.300                         *Func-reparentTo-159
  3.300                         *Func-setZ-160
  3.300                         *Func-loop-161
  3.300                         Wait dur 1.3
  4.600                         *Func-cleanup-162
  4.600                         *Func-removeNode-163
  4.600                       }
  5.292                     }
  5.292                     *Func-loop-164
  5.292                   }
  0.000                   Sequence-96 {
  0.000                     Wait dur 3
  3.000                   }
  5.292                 }
  5.292               }
  5.292             }
  5.292           }
  5.292           Parallel-100 {
  5.292           }
  5.292         }
  5.292       }
  5.292       suit-attacks {
  5.292         Sequence-118 {
  5.292           Sequence-110 {
  5.292             Parallel-109 {
  5.292               Sequence-102 {
  5.292                 Wait dur 1e-06
  5.292                 *Func-setChatAbsolute-167
  5.292                 *Func-reparentTrap-168
  5.292                 *Func-headsUp-169
  5.292                 *Actor-smile-29 dur 3.875
  9.167                 *Func-setHpr-170
  9.167                 *Func-returnTrapToSuit-171
  9.167                 *Func-clearChat-172
  9.167               }
  5.292               Sequence-103 {
  5.292                 Wait dur 0.5
  5.792                 *Func-__showProp-173
  5.792                 LerpScaleInterval-155: scale to 1.39 1.39 1.39 dur 0.5
  6.292                 Wait dur 0.5
  6.792                 *Func-needRestoreParticleEffect-174
  6.792                 *Func-start-175
  6.792                 *Func-wrtReparentTo-176
  6.792                 *LerpPosInterval-156 dur 2
  8.792                 *Func-cleanup-177
  8.792                 *Func-clearRestoreParticleEffect-178
  8.792               }
  5.292               *Actor-smile-30 dur 4
  5.292               Sequence-104 {
  5.292                 *Func-headsUp-179
  5.292                 Parallel-107 {
  5.292                   Sequence-105 {
  5.292                     Wait dur 2.6
  7.892                     *Actor-cringe-31 dur 2.29167
 10.184                     *Func-loop-181
 10.184                   }
  5.292                   Sequence-106 {
  5.292                     Wait dur 2.61
  7.902                     *Func-__doDamage-180
  7.902                   }
 10.184                 }
 10.184               }
  5.292               Sequence-108 {
  5.292                 Wait dur 1.6
  6.892                 *Sound-18 dur 2.71673
  9.609               }
 10.184             }
 10.184             *Func-removeProp-182
 10.184           }
 10.184           *Func-loop-194
 10.184           Sequence-117 {
 10.184             *Func-headsUp-192
 10.184             *Func-loop-193
 10.184           }
 10.184         }
 10.184       }
 10.184       *Func-__handleMovieDone-195
 10.184     }
 10.184   }
  0.000   Sequence-119 {
  0.000     Sequence-73 {
  0.000       toon-attacks-cam {
  0.000         Sequence-101 {
  0.000           allGroupLowShot {
  0.000             *Func-setPosHpr-165
  0.000             Wait dur 3
  3.000           }
  3.000           suitGroupThreeQuarterLeftBehindShot {
  3.000             *Func-setPosHpr-166
  3.000             Wait dur 2.292
  5.292           }
  5.292         }
  5.292       }
  5.292       suit-attacks-cam {
  5.292         Parallel-116 {
  5.292           Sequence-111 {
  5.292             Sequence-114 {
  5.292               Sequence-112 {
  5.292                 *Func-setPos-183
  5.292                 *Func-focusCameraBetweenPoints-184
  5.292                 Wait dur 2.2
  7.492               }
  7.492               Sequence-113 {
  7.492                 *Func-setPos-185
  7.492                 *Func-lookAt-186
  7.492                 Wait dur 2.692
 10.184               }
 10.184             }
 10.184           }
  5.292           Sequence-115 {
  5.292             *Func-hide-187
  5.292             *Func-setFg-188
  5.292             Wait dur 0.4392
  5.731             *Func-setText-189
  5.731             *Func-show-190
  5.731             Wait dur 3.9528
  9.684             *Func-hide-191
  9.684           }
 10.184         }
 10.184       }
 10.184     }
 10.184   }
 10.184 }

Traceback (most recent call last):
  File "C:\Panda3D-1.11.0-x64\direct\showbase\ShowBase.py", line 1943, in __ivalLoop
    IntervalManager.ivalMgr.step()
  File "C:\Panda3D-1.11.0-x64\direct\interval\IntervalManager.py", line 95, in step
    self.__doPythonCallbacks()
  File "C:\Panda3D-1.11.0-x64\direct\interval\IntervalManager.py", line 123, in __doPythonCallbacks
    self.ivals[index].privPostEvent()
  File "C:\Panda3D-1.11.0-x64\direct\interval\MetaInterval.py", line 520, in privPostEvent
    self.__doPythonCallbacks()
  File "C:\Panda3D-1.11.0-x64\direct\interval\MetaInterval.py", line 496, in __doPythonCallbacks
    ival.privDoEvent(t, eventType)
  File "C:\Panda3D-1.11.0-x64\direct\interval\Interval.py", line 210, in privDoEvent
    self.privInstant()
  File "C:\Panda3D-1.11.0-x64\direct\interval\FunctionInterval.py", line 91, in privInstant
    self.function(*self.extraArgs, **self.kw)
  File "toontown\battle\MovieSuitAttacks.py", line 26, in __showProp
    prop.reparentTo(parent)
AssertionError: other._error_type == ET_ok at line 395 of panda/src/pgraph/nodePath.cxx
:10-24-2022 18:27:22 :task(error): Exception occurred in PythonTask ivalLoop
:10-24-2022 18:27:22 TTOffLauncher: setting panda error code to 12
:10-24-2022 18:27:22 TTOffLauncher(warning): Handling Python exception.
:10-24-2022 18:27:22 TimeManager: Client disconnect reason 3.
:10-24-2022 18:27:22 TimeManager: Client exception: toontown.battle.MovieSuitAttacks:26, direct.interval.FunctionInterval:91, direct.interval.Interval:210, direct.interval.MetaInterval:504, AssertionError: other._error_type == ET_ok at line 395 of panda/src/pgraph/nodePath.cxx
:10-24-2022 18:27:22 OTPClientRepository: Sent disconnect message to server
:10-24-2022 18:27:22 OTPClientRepository: Closing connection to server.
:10-24-2022 18:27:22 TTOffLauncher: Exception exit.

Traceback (most recent call last):
  File "otp\launcher\LauncherBase.py", line 1081, in mainLoop
    self._runTaskManager()
  File "otp\launcher\LauncherBase.py", line 1052, in _runTaskManager
    taskMgr.run()
  File "C:\Panda3D-1.11.0-x64\direct\task\Task.py", line 528, in run
    self.step()
  File "C:\Panda3D-1.11.0-x64\direct\task\Task.py", line 482, in step
    self.mgr.poll()
  File "C:\Panda3D-1.11.0-x64\direct\showbase\ShowBase.py", line 1943, in __ivalLoop
    IntervalManager.ivalMgr.step()
  File "C:\Panda3D-1.11.0-x64\direct\interval\IntervalManager.py", line 95, in step
    self.__doPythonCallbacks()
  File "C:\Panda3D-1.11.0-x64\direct\interval\IntervalManager.py", line 123, in __doPythonCallbacks
    self.ivals[index].privPostEvent()
  File "C:\Panda3D-1.11.0-x64\direct\interval\MetaInterval.py", line 520, in privPostEvent
    self.__doPythonCallbacks()
  File "C:\Panda3D-1.11.0-x64\direct\interval\MetaInterval.py", line 496, in __doPythonCallbacks
    ival.privDoEvent(t, eventType)
  File "C:\Panda3D-1.11.0-x64\direct\interval\Interval.py", line 210, in privDoEvent
    self.privInstant()
  File "C:\Panda3D-1.11.0-x64\direct\interval\FunctionInterval.py", line 91, in privInstant
    self.function(*self.extraArgs, **self.kw)
  File "toontown\battle\MovieSuitAttacks.py", line 26, in __showProp
    prop.reparentTo(parent)
AssertionError: other._error_type == ET_ok at line 395 of panda/src/pgraph/nodePath.cxx
