

Starting Toontown Online...
Current time: Fri Oct 21 17:25:17 2022 Eastern Standard Time
sys.path =  ['', 'C:\\Toontown-Last-Laff-Workspace-10-21-2022\\src\\Panda3D-1.11.0-x64\\python\\python27.zip', 'C:\\Panda3D-1.11.0-x64', 'C:\\Toontown-Last-Laff-Workspace-10-21-2022\\src\\Panda3D-1.11.0-x64\\python\\DLLs', 'C:\\Toontown-Last-Laff-Workspace-10-21-2022\\src\\Panda3D-1.11.0-x64\\python\\lib', 'C:\\Toontown-Last-Laff-Workspace-10-21-2022\\src\\Panda3D-1.11.0-x64\\python\\lib\\plat-win', 'C:\\Toontown-Last-Laff-Workspace-10-21-2022\\src\\Panda3D-1.11.0-x64\\python\\lib\\lib-tk', 'C:\\Toontown-Last-Laff-Workspace-10-21-2022\\src\\Panda3D-1.11.0-x64\\python', 'C:\\Toontown-Last-Laff-Workspace-10-21-2022\\src\\Panda3D-1.11.0-x64', 'C:\\Toontown-Last-Laff-Workspace-10-21-2022\\src\\Panda3D-1.11.0-x64\\bin', 'C:\\Toontown-Last-Laff-Workspace-10-21-2022\\src\\Panda3D-1.11.0-x64\\python\\lib\\site-packages']
sys.argv =  ['C:\\Toontown-Last-Laff-Workspace-10-21-2022\\src\\toontown\\launcher\\TTOffQuickStartLauncher.py']
generating standard configrc
os.environ =  {'TMP': 'C:\\Users\\Philip\\AppData\\Local\\Temp', 'COMPUTERNAME': 'PHILIP-JR', 'USERDOMAIN': 'PHILIP-JR', 'NEKO_INSTPATH': 'C:\\HaxeToolkit\\neko', 'PSMODULEPATH': 'C:\\WINDOWS\\system32\\WindowsPowerShell\\v1.0\\Modules\\', 'DOKANLIBRARY1': 'C:\\Program Files\\Dokan\\Dokan Library-1.4.1\\', 'ADSK_3DSMAX_X64_2021': 'C:\\Program Files\\Autodesk\\3ds Max 2021\\', 'PROCESSOR_IDENTIFIER': 'Intel64 Family 6 Model 45 Stepping 7, GenuineIntel', 'VBOX_MSI_INSTALL_PATH': 'C:\\Program Files\\Oracle\\VirtualBox\\', 'PROGRAMFILES': 'C:\\Program Files', 'PROCESSOR_REVISION': '2d07', 'PATH': 'C:\\Toontown-Last-Laff-Workspace-10-21-2022\\src\\Panda3D-1.11.0-x64\\panda3d\\..\\bin;C:\\Program Files (x86)\\Common Files\\Oracle\\Java\\javapath;C:\\Windows\\system32;C:\\Windows;C:\\Windows\\System32\\Wbem;C:\\Windows\\System32\\WindowsPowerShell\\v1.0\\;C:\\Program Files (x86)\\NVIDIA Corporation\\PhysX\\Common;C:\\Program Files\\Git\\cmd;C:\\WINDOWS\\system32;C:\\WINDOWS;C:\\WINDOWS\\System32\\Wbem;C:\\WINDOWS\\System32\\WindowsPowerShell\\v1.0\\;C:\\Program Files\\dotnet\\;C:\\Program Files\\Common Files\\Autodesk Shared\\;C:\\Program Files\\Microsoft SQL Server\\120\\Tools\\Binn\\;C:\\HaxeToolkit\\haxe;C:\\HaxeToolkit\\neko;C:\\Program Files\\Animation Paper\\gstreamer\\bin;C:\\Program Files\\PuTTY\\;C:\\Program Files\\NVIDIA Corporation\\NVIDIA NvDLISR;C:\\Program Files (x86)\\Windows Live\\Shared;C:\\HaxeToolkit\\haxe;C:\\HaxeToolkit\\neko;C:\\Program Files (x86)\\Windows Kits\\8.1\\Windows Performance Toolkit\\;C:\\Users\\Philip\\anaconda3;C:\\Users\\Philip\\anaconda3\\Library\\mingw-w64\\bin;C:\\Users\\Philip\\anaconda3\\Library\\usr\\bin;C:\\Users\\Philip\\anaconda3\\Library\\bin;C:\\Users\\Philip\\anaconda3\\Scripts;C:\\Program Files\\MySQL\\MySQL Shell 8.0\\bin\\;C:\\Panda3D-1.10.02\\python;C:\\Panda3D-1.10.02\\python\\Scripts;C:\\Panda3D-1.10.02\\bin;C:\\Panda3D-1.11.0-x64-py2\\python;C:\\Panda3D-1.11.0-x64-py2\\python\\Scripts;C:\\Panda3D-1.11.0-x64-py2\\bin;C:\\Users\\Philip\\AppData\\Local\\GitHubDesktop\\bin;C:\\Panda3D-1.9.0\\python;C:\\Panda3D-1.9.0\\python\\Scripts;C:\\Panda3D-1.9.0\\bin;C:\\Panda3D-1.10.0-x64\\python;C:\\Panda3D-1.10.0-x64\\python\\Scripts;C:\\Panda3D-1.10.0-x64\\bin;C:\\Users\\Philip\\AppData\\Local\\atom\\bin;C:\\Panda3D-1.10.0\\python;C:\\Panda3D-1.10.0\\python\\Scripts;C:\\Panda3D-1.10.0\\bin;C:\\Panda3D-1.11.0-x64-astron\\python;C:\\Panda3D-1.11.0-x64-astron\\python\\Scripts;C:\\Panda3D-1.11.0-x64-astron\\bin;C:\\Panda3D-1.11.0-x64\\python;C:\\Panda3D-1.11.0-x64\\python\\Scripts;C:\\Panda3D-1.11.0-x64\\bin;C:\\Panda3D-1.10.9-x64\\python;C:\\Panda3D-1.10.9-x64\\python\\Scrip;C:\\Users\\Philip\\AppData\\Local\\Programs\\Microsoft VS Code\\bin;C:\\Users\\Philip\\.dotnet\\tools;%C:\\Program Files (x86)\\Windows Kits\\8.1\\bin\\x86\\rc.exe%;%C:\\Program Files (x86)\\Microsoft Visual Studio\\2019\\BuildTools\\Common7\\IDE%;C:\\Program Files\\JetBrains\\PyCharm Community Edition 2022.2.3\\bin;', 'SYSTEMROOT': 'C:\\WINDOWS', 'NUMBER_OF_PROCESSORS': '8', 'PROGRAMFILES(X86)': 'C:\\Program Files (x86)', 'COMSPEC': 'C:\\WINDOWS\\system32\\cmd.exe', 'KMP_BLOCKTIME': '0', 'PPYTHON_PATH': '"Panda3D-1.11.0-x64\\python\\ppython.exe"', 'PYCHARM COMMUNITY EDITION': 'C:\\Program Files\\JetBrains\\PyCharm Community Edition 2022.2.3\\bin;', 'COMMONPROGRAMFILES(X86)': 'C:\\Program Files (x86)\\Common Files', 'PROCESSOR_ARCHITECTURE': 'AMD64', 'DOKANLIBRARY1_LIBRARYPATH_X64': 'C:\\Program Files\\Dokan\\Dokan Library-1.4.1\\lib\\', 'ALLUSERSPROFILE': 'C:\\ProgramData', 'LOCALAPPDATA': 'C:\\Users\\Philip\\AppData\\Local', 'HOMEPATH': '\\Users\\Philip', 'USERDOMAIN_ROAMINGPROFILE': 'PHILIP-JR', 'PROGRAMW6432': 'C:\\Program Files', 'USERNAME': 'Philip', 'FP_NO_HOST_CHECK': 'NO', 'DOKANLIBRARY1_LIBRARYPATH_X86': 'C:\\Program Files\\Dokan\\Dokan Library-1.4.1\\x86\\lib\\', 'LOGONSERVER': '\\\\MicrosoftAccount', 'PROMPT': '$P$G', 'SESSIONNAME': 'Console', 'PROGRAMDATA': 'C:\\ProgramData', 'COMMONPROGRAMFILES': 'C:\\Program Files\\Common Files', 'TEMP': 'C:\\Users\\Philip\\AppData\\Local\\Temp', 'HAXEPATH': 'C:\\HaxeToolkit\\haxe', 'PATHEXT': '.COM;.EXE;.BAT;.CMD;.VBS;.VBE;.JS;.JSE;.WSF;.WSH;.MSC', 'TTOFF_LOGIN_TOKEN': 'dev', 'VS160COMCOMNTOOLS': 'C:\\Program Files (x86)\\Microsoft Visual Studio\\2019\\Community\\Common7\\Tools\\', 'WINDIR': 'C:\\WINDOWS', 'OMP_WAIT_POLICY': 'PASSIVE', 'MONGO': 'C:\\mongodb-win32-x86_64-windows-4.4.4/bin', 'HOMEDRIVE': 'C:', 'SYSTEMDRIVE': 'C:', 'PUBLIC': 'C:\\Users\\Public', 'APPDATA': 'C:\\Users\\Philip\\AppData\\Roaming', 'PROCESSOR_LEVEL': '6', 'CIOENGINE': 'C:\\cio-panda3d', 'COMMONPROGRAMW6432': 'C:\\Program Files\\Common Files', 'OS': 'Windows_NT', 'ADSK_CLM_WPAD_PROXY_CHECK': 'FALSE', 'USERPROFILE': 'C:\\Users\\Philip'}
:10-21-2022 17:25:17 TTOffLauncher: isTestServer: 0
:10-21-2022 17:25:17 TTOffLauncher: Game Server 127.0.0.1
:10-21-2022 17:25:17 TTOffLauncher: Starting Toontown Online... 
:10-21-2022 17:25:17 TTOffLauncher: foreground: Launcher now operating in foreground
useTTOffSpecificLogin=True
:10-21-2022 17:25:17 TTOffLauncher: maybeStartGame: starting game
:10-21-2022 17:25:17 TTOffLauncher: Starting Toontown Online...
:10-21-2022 17:25:17 TTOffLauncher: background: Launcher now operating in background
ToontownStart: Polling for game2 to finish...
ToontownStart: Game2 is finished.
ToontownStart: Starting the game.
ToontownStart: setting default font
:10-21-2022 17:25:17 TTOffLauncher: setting panda error code to 7
Known pipe types:
  wglGraphicsPipe
(all display modules loaded.)
:10-21-2022 17:25:17 ToonBase: Default graphics pipe is wglGraphicsPipe (OpenGL).
:10-21-2022 17:25:17 :display(warning): FrameBufferProperties available less than requested.
  requested: depth_bits=24 color_bits=3 red_bits=1 green_bits=1 blue_bits=1 alpha_bits=1 multisamples=70 back_buffers=1 force_hardware 
  got: depth_bits=24 color_bits=24 red_bits=8 green_bits=8 blue_bits=8 alpha_bits=8 accum_bits=64 multisamples=16 back_buffers=1 force_hardware 
:10-21-2022 17:25:17 ToonBase: Successfully opened window of type wglGraphicsWindow (OpenGL)
:10-21-2022 17:25:17 ShowBase: __dev__ == False
:10-21-2022 17:25:18 TTOffLauncher: setting panda error code to 11
:10-21-2022 17:25:18 TTOffLauncher: setting panda error code to 0
ToontownStart: Loading default gui sounds
ToontownStart: serverVersion:  tto-dev
:10-21-2022 17:25:18 Loader: starting bulk load of block 'init'
:10-21-2022 17:25:18 :nativenet(error): Buffered_DatagramConnection Constructor rbufsize = 4096000 wbufsize = 4096000 write_flush_point = 1400
:10-21-2022 17:25:18 OTPClientRepository: Using connect method 'http'
:10-21-2022 17:25:19 TTOffLauncher: getRegistry ('DEPLOYMENT', None)
:10-21-2022 17:25:19 TTOffLauncher: checking env
:10-21-2022 17:25:19 TTOffLauncher: getRegistry ('GAME_DEPLOYMENT', None)
:10-21-2022 17:25:19 TTOffLauncher: checking env
:10-21-2022 17:25:19 OTPClientRepository: reg_deployment=
:10-21-2022 17:25:19 OTPClientRepository: required-login auto.
:10-21-2022 17:25:19 OTPClientRepository: loginInterface: LoginTTOffAccount
:10-21-2022 17:25:19 TTOffLauncher: getNeedPwForSecretKey using ttoff-specific-login
:10-21-2022 17:25:19 Loader: At end of block 'init', expected 138, loaded 5, duration=1.19628749222
:10-21-2022 17:25:19 OTPClientRepository: Connecting to gameserver directly (no proxy).
:10-21-2022 17:25:19 OTPClientRepository: Connecting to //127.0.0.1:7198 via HTTP interface.
:10-21-2022 17:25:19 TTOffLauncher: Stopping mini task manager.
:10-21-2022 17:25:19 OTPClientRepository: Successfully connected to //127.0.0.1:7198.
:10-21-2022 17:25:19 TTOffLauncher: Setting Disconnect Details normal
{402000001: <toontown.distributed.ToontownDistrict.ToontownDistrict instance at 0x0000000017D8FB88>}
:10-21-2022 17:25:21 StateData: AvatarChooser.enter
:10-21-2022 17:25:21 DisplayOptions: settingsFullScreen = False, embedded = False width=800 height=600
:10-21-2022 17:25:21 StateData: calling self.displayOptions.restrictToEmbedded(False)
:10-21-2022 17:25:22 OTPClientRepository: ================
:10-21-2022 17:25:22 OTPClientRepository: Chose avatar id: 100000001
:10-21-2022 17:25:22 OTPClientRepository: Chose avatar name: Wittybumble
:10-21-2022 17:25:22 OTPClientRepository: Chose avatar dna: ('dss', 'ms', 'm', 'm', 6, 0, 6, 6, 1, 9, 1, 9, 1, 18)
:10-21-2022 17:25:22 OTPClientRepository: Chose avatar position: 1
:10-21-2022 17:25:22 OTPClientRepository: isPaid: 1
:10-21-2022 17:25:22 OTPClientRepository: freeTimeLeft: 0
:10-21-2022 17:25:22 OTPClientRepository: allowSecretChat: True
:10-21-2022 17:25:22 OTPClientRepository: ================
:10-21-2022 17:25:22 Loader: starting bulk load of block 'localAvatarPlayGame'
:10-21-2022 17:25:23 ToontownTimeManager(warning): error parsing date string=
:10-21-2022 17:25:23 Actor(warning): no part named head-front*!
local
:10-21-2022 17:25:23 NewsPageButtonManager(warning): Should not get here. NewsPageButtonManager.exitOff
:10-21-2022 17:25:23 :pnmimage:png(warning): iCCP: known incorrect sRGB profile
:10-21-2022 17:25:25 Actor(warning): no part named head-front*!
:10-21-2022 17:25:25 OTPClientRepository: Entering shard 402000001
:10-21-2022 17:25:25 StreetSign: Street sign url is https://ttoffline.com/images/
:10-21-2022 17:25:26 TimeManager: Clock sync: TimeManager.announceGenerate
:10-21-2022 17:25:26 NewsManager: setHolidayId: Starting Holiday 26
:10-21-2022 17:25:26 InGameNewsMgr: latestIssue=2013-08-22 16:49:46.000003-07:00
cpu info: GenuineIntel|        Intel(R) Core(TM) i7-3820 CPU @ 3.60GHz|132823|0|3.601,3.601|4,8 cpus
:10-21-2022 17:25:27 OTPClientRepository: No sync from TimeManager.
:10-21-2022 17:25:27 OTPClientRepository: gotTimeSync
:10-21-2022 17:25:27 Loader: At end of block 'localAvatarPlayGame', expected 400, loaded 19, duration=5.15974097381
:10-21-2022 17:25:27 TimeManager: Clock sync roundtrip took 1135.648 ms
:10-21-2022 17:25:27 TimeManager: AI time delta is -0:01 from server delta
:10-21-2022 17:25:27 TimeManager: Local clock uncertainty +/- 0.568 s
:10-21-2022 17:25:27 PlayGame: QA-REGRESSION: NEIGHBORHOODS: Visit Lawbot HQ
:10-21-2022 17:25:27 Loader: starting bulk load of block 'hood'
:10-21-2022 17:25:28 TownBattleSuitPanel: Loading Suit Battle Panel!
:10-21-2022 17:25:28 TownBattleSuitPanel: Loading Suit Battle Panel!
:10-21-2022 17:25:28 TownBattleSuitPanel: Loading Suit Battle Panel!
:10-21-2022 17:25:28 TownBattleSuitPanel: Loading Suit Battle Panel!
:10-21-2022 17:25:28 TownBattleSuitPanel: Loading Suit Battle Panel!
:10-21-2022 17:25:28 TownBattleSuitPanel: Loading Suit Battle Panel!
:10-21-2022 17:25:28 TownBattleSuitPanel: Loading Suit Battle Panel!
:10-21-2022 17:25:28 TownBattleSuitPanel: Loading Suit Battle Panel!
:10-21-2022 17:25:28 LawbotCogHQLoader: loadPlaceGeom: 13000
:10-21-2022 17:25:29 DistributedObject: DistributedSuitPlanner 402002980: generating
:10-21-2022 17:25:29 DistributedToon: calling LocalAvatar.startchat
:10-21-2022 17:25:29 :loader(error): Couldn't load file phase_4/models/questmap/cog_hq_lawbot_maps.bam: not found on model path (currently: "/;/c/Toontown-Last-Laff-Workspace-10-21-2022/src/toontown/launcher;/c/Toontown-Last-Laff-Workspace-10-21-2022/src/Panda3D-1.11.0-x64/etc/..;/c/Toontown-Last-Laff-Workspace-10-21-2022/src/Panda3D-1.11.0-x64/etc/../models")
:10-21-2022 17:25:29 Loader: At end of block 'hood', expected 2, loaded 6, duration=1.39476947084
:10-21-2022 17:25:30 Teleport(debug): teleportInDone: walk
:10-21-2022 17:25:30 :loader(error): Couldn't load file phase_4/models/questmap/cog_hq_lawbot_maps.bam: not found on model path (currently: "/;/c/Toontown-Last-Laff-Workspace-10-21-2022/src/toontown/launcher;/c/Toontown-Last-Laff-Workspace-10-21-2022/src/Panda3D-1.11.0-x64/etc/..;/c/Toontown-Last-Laff-Workspace-10-21-2022/src/Panda3D-1.11.0-x64/etc/../models")
:10-21-2022 17:25:31 TTOffMagicWordManager: Run mode has been toggled.
:10-21-2022 17:25:35 ToontownChatManager: QA-REGRESSION: CHAT: Speedchat
:10-21-2022 17:25:40 LawbotCogHQLoader: loadPlaceGeom: 13200
:10-21-2022 17:25:40 LawbotHQExterior: Unloading Place (13000). Fsm in final
:10-21-2022 17:25:40 DistributedObject: DistributedSuitPlanner 402002980: disabling
:10-21-2022 17:25:40 DistributedToon: calling LocalAvatar.startchat
:10-21-2022 17:25:40 :loader(error): Couldn't load file phase_4/models/questmap/cog_hq_lawbot_maps.bam: not found on model path (currently: "/;/c/Toontown-Last-Laff-Workspace-10-21-2022/src/toontown/launcher;/c/Toontown-Last-Laff-Workspace-10-21-2022/src/Panda3D-1.11.0-x64/etc/..;/c/Toontown-Last-Laff-Workspace-10-21-2022/src/Panda3D-1.11.0-x64/etc/../models")
:10-21-2022 17:25:41 :loader(error): Couldn't load file phase_4/models/questmap/cog_hq_lawbot_maps.bam: not found on model path (currently: "/;/c/Toontown-Last-Laff-Workspace-10-21-2022/src/toontown/launcher;/c/Toontown-Last-Laff-Workspace-10-21-2022/src/Panda3D-1.11.0-x64/etc/..;/c/Toontown-Last-Laff-Workspace-10-21-2022/src/Panda3D-1.11.0-x64/etc/../models")
:10-21-2022 17:26:04 LawbotCogHQLoader: loadPlaceGeom: 61000
:10-21-2022 17:26:04 LawbotCogHQLoader(warning): loadPlaceGeom: unclassified zone 61000
:10-21-2022 17:26:04 LawbotOfficeExterior: Unloading Place (13200). Fsm in final
:10-21-2022 17:26:04 TimeManager: Clock sync: DistributedLevel.generate
:10-21-2022 17:26:04 Loader: loader.loadModelCopy() is deprecated; use loader.loadModel() instead.
:10-21-2022 17:26:04 Loader: loader.loadModelCopy() is deprecated; use loader.loadModel() instead.
:10-21-2022 17:26:04 Loader: loader.loadModelCopy() is deprecated; use loader.loadModel() instead.
:10-21-2022 17:26:04 Loader: loader.loadModelCopy() is deprecated; use loader.loadModel() instead.
:10-21-2022 17:26:04 Loader: loader.loadModelCopy() is deprecated; use loader.loadModel() instead.
:10-21-2022 17:26:04 Loader: loader.loadModelCopy() is deprecated; use loader.loadModel() instead.
:10-21-2022 17:26:04 Loader: loader.loadModelCopy() is deprecated; use loader.loadModel() instead.
:10-21-2022 17:26:04 Loader: loader.loadModelCopy() is deprecated; use loader.loadModel() instead.
:10-21-2022 17:26:04 Loader: loader.loadModelCopy() is deprecated; use loader.loadModel() instead.
:10-21-2022 17:26:04 Loader: loader.loadModelCopy() is deprecated; use loader.loadModel() instead.
:10-21-2022 17:26:04 Loader: loader.loadModelCopy() is deprecated; use loader.loadModel() instead.
:10-21-2022 17:26:04 Loader: loader.loadModelCopy() is deprecated; use loader.loadModel() instead.
:10-21-2022 17:26:04 DistributedStage: stageId 13300, floor 0, [100000001]
:10-21-2022 17:26:04 Loader: loader.loadModelCopy() is deprecated; use loader.loadModel() instead.
:10-21-2022 17:26:04 DistributedStage: CAMENTERROOM doID402004086 num0
:10-21-2022 17:26:04 DistributedStage: av: LPoint3f(1, 2, 0), cam: LPoint3f(0, -16, 5.5)
:10-21-2022 17:26:04 DistributedToon: calling LocalAvatar.startchat
:10-21-2022 17:26:04 TimeManager: Clock sync roundtrip took 371.511 ms
:10-21-2022 17:26:04 TimeManager: AI time delta is -0:00 from server delta
:10-21-2022 17:26:04 ClockDelta: previous delta at -2.174 s, +/- 0.578 s.
:10-21-2022 17:26:04 ClockDelta: new delta at -2.556 s, +/- 0.186 s.
:10-21-2022 17:26:04 ClockDelta: intersection at -2.556 s, +/- 0.186 s.
:10-21-2022 17:26:04 TimeManager: Local clock uncertainty +/- 0.186 s
:10-21-2022 17:26:05 :pgraph(warning): No bin named default; creating default bin.
:10-21-2022 17:26:05 DistributedStage: CAMENTERROOM doID402004086 num0
:10-21-2022 17:26:05 DistributedStage: av: LPoint3f(1, 2, 0), cam: LPoint3f(0, -11.0625, 3.6875)
CollisionEntry:
  from render/Wittybumble-100000001/camFloorRayNode/ccRay2Node
  into render/stage402004086/ZoneEntity-0/-PandaNode/Z03a_ALL/Collsion/stageFloorColl0 []
  at 1 -8.2625 -0.0318351
  normal 0 0 1
  respect_prev_transform = 1


:10-21-2022 17:26:05 DistributedStage: CAMENTERROOM doID402004086 num0
:10-21-2022 17:26:05 DistributedStage: av: LPoint3f(1, 2, 0), cam: LPoint3f(0, -11.0625, 3.6875)
:10-21-2022 17:26:07 DistributedStage: CAMENTERROOM doID402004086 num1
:10-21-2022 17:26:07 DistributedStage: av: LPoint3f(1, 48.8156, 4.91954), cam: LPoint3f(0, -11.0625, 3.6875)
CollisionEntry:
  from render/Wittybumble-100000001/camFloorRayNode/ccRay2Node
  into render/stage402004086/LB_connector_7cubeLR.egg/-PandaNode/connector_7cubeL/collison/stageFloorColl1 []
  at 1 38.5531 0.122972
  normal 0 0 1
  respect_prev_transform = 1


:10-21-2022 17:26:07 DistributedStage: CAMENTERROOM doID402004086 num1
:10-21-2022 17:26:07 DistributedStage: av: LPoint3f(1, 57.3033, 4.97638), cam: LPoint3f(0, -11.0625, 3.6875)
CollisionEntry:
  from render/Wittybumble-100000001/camFloorRayNode/ccRay2Node
  into render/stage402004086/LB_connector_7cubeLR.egg/-PandaNode/connector_7cubeL/collison/stageFloorColl1 []
  at -3.40636 48.0349 -0.0470648
  normal 0 0 1
  respect_prev_transform = 1


:10-21-2022 17:26:07 DistributedStage: CAMENTERROOM doID402004086 num1
:10-21-2022 17:26:07 DistributedStage: av: LPoint3f(2.4116, 60.0712, 4.97629), cam: LPoint3f(0, -11.0625, 3.6875)
CollisionEntry:
  from render/Wittybumble-100000001/camFloorRayNode/ccRay2Node
  into render/stage402004086/LB_connector_7cubeLR.egg/-PandaNode/connector_7cubeL/collison/stageFloorColl1 []
  at -2.31703 50.963 4.9517
  normal 0 0 1
  respect_prev_transform = 1


:10-21-2022 17:26:09 DistributedStage: CAMENTERROOM doID402004086 num2
:10-21-2022 17:26:09 DistributedStage: av: LPoint3f(27.5986, 121.312, 4.85507), cam: LPoint3f(0, -11.0303, 3.75586)
CollisionEntry:
  from render/Wittybumble-100000001/camFloorRayNode/ccRay2Node
  into render/stage402004086/ZoneEntity-0/-PandaNode/Z22a/room/collsion/stageFloorColl2 []
  at 30.3428 111.457 4.83013
  normal 0 0 1
  respect_prev_transform = 1


:10-21-2022 17:26:09 StageInterior(warning): fsm.request('WaitForBattle') returned 0 (zone id 13300, avatar pos LPoint3f(25.6804, 128.201, 4.85507)).
:10-21-2022 17:26:09 StageInterior(warning): fsm.request('WaitForBattle') returned 0 (zone id 13300, avatar pos LPoint3f(25.6804, 128.201, 4.85507)).
spec = {'parentEntId': 10000, 'pos': LPoint3f(0, 0, 0)}
h = None
:10-21-2022 17:26:09 StageInterior: QA-REGRESSION: COGBATTLE: Enter Battle
Battle Event localtoon-battle-event-3
:10-21-2022 17:27:19 ToontownChatManager: QA-REGRESSION: CHAT: Speedchat
:10-21-2022 17:27:24 TTOffMagicWordManager: Restocked 999 unites successfully!
:10-21-2022 17:27:26 ToontownChatManager: QA-REGRESSION: CHAT: Speedchat
:10-21-2022 17:27:29 OTPClientRepository(warning): Server is booting us out (153): The session object with id 100000001 has been unexpectedly deleted.
:10-21-2022 17:27:29 OTPClientRepository(warning): Lost connection to gameserver.
:10-21-2022 17:27:29 StageInterior: Unloading Place (13300). Fsm in final
:10-21-2022 17:27:29 OTPClientRepository(warning): unclean exit, abandoning shard
ignoring InputState-forward
:10-21-2022 17:27:29 OTPClientRepository: sending clientLogout
:10-21-2022 17:27:29 LocalAvatar(warning): redundant call to stopUpdateSmartCamera
:10-21-2022 17:27:29 TTOffLauncher: New Disconnect Details: 153 - The district you were playing on has been reset.  Everyone who was playing on that district has been disconnected.  However, you should be able to connect again and go right back into the game. 
:10-21-2022 17:27:29 OTPClientRepository(warning): Lost connection to server. Notifying user.
:10-21-2022 17:27:29 OTPClientRepository(warning): Disable failed. DistObj 402004091 is not in dictionary, ownerView=False
:10-21-2022 17:27:29 OTPClientRepository(warning): Disable failed. DistObj 402004086 is not in dictionary, ownerView=False
:10-21-2022 17:27:29 OTPClientRepository(warning): Disable failed. DistObj 402004087 is not in dictionary, ownerView=False
:10-21-2022 17:27:29 OTPClientRepository(warning): Disable failed. DistObj 402004088 is not in dictionary, ownerView=False
:10-21-2022 17:27:29 OTPClientRepository(warning): Disable failed. DistObj 402004092 is not in dictionary, ownerView=False
:10-21-2022 17:27:29 OTPClientRepository(warning): Disable failed. DistObj 402004093 is not in dictionary, ownerView=False
:10-21-2022 17:27:29 OTPClientRepository(warning): Disable failed. DistObj 402004094 is not in dictionary, ownerView=False
:10-21-2022 17:27:29 OTPClientRepository(warning): Disable failed. DistObj 402004095 is not in dictionary, ownerView=False
:10-21-2022 17:27:29 OTPClientRepository(warning): Disable failed. DistObj 402004096 is not in dictionary, ownerView=False
:10-21-2022 17:27:29 :downloader(warning): Windows error code: 0
:10-21-2022 17:27:29 OTPClientRepository(warning): Lost connection to gameserver.
:10-21-2022 17:27:30 OTPClientRepository: Exiting cleanly
:10-21-2022 17:27:30 ToonBase: Exiting Toontown: errorCode = None
:10-21-2022 17:27:30 TTOffLauncher: setting panda error code to 0
:10-21-2022 17:27:30 TTOffLauncher: Normal exit.
