

Starting Toontown Online...
Current time: Thu Sep 22 21:24:38 2022 Eastern Standard Time
sys.path =  ['', 'C:\\Toontown-Last-Laff-Workspace\\src\\Panda3D-1.11.0-x64\\python\\python27.zip', 'C:\\Panda3D-1.11.0-x64', 'C:\\Toontown-Last-Laff-Workspace\\src\\Panda3D-1.11.0-x64\\python\\DLLs', 'C:\\Toontown-Last-Laff-Workspace\\src\\Panda3D-1.11.0-x64\\python\\lib', 'C:\\Toontown-Last-Laff-Workspace\\src\\Panda3D-1.11.0-x64\\python\\lib\\plat-win', 'C:\\Toontown-Last-Laff-Workspace\\src\\Panda3D-1.11.0-x64\\python\\lib\\lib-tk', 'C:\\Toontown-Last-Laff-Workspace\\src\\Panda3D-1.11.0-x64\\python', 'C:\\Toontown-Last-Laff-Workspace\\src\\Panda3D-1.11.0-x64', 'C:\\Toontown-Last-Laff-Workspace\\src\\Panda3D-1.11.0-x64\\bin', 'C:\\Toontown-Last-Laff-Workspace\\src\\Panda3D-1.11.0-x64\\python\\lib\\site-packages']
sys.argv =  ['C:\\Toontown-Last-Laff-Workspace\\src\\toontown\\launcher\\TTOffQuickStartLauncher.py']
generating standard configrc
os.environ =  {'TMP': 'C:\\Users\\theph\\AppData\\Local\\Temp', 'COMPUTERNAME': 'DESKTOP-7054VC9', 'USERDOMAIN': 'DESKTOP-7054VC9', 'NEKO_INSTPATH': 'C:\\HaxeToolkit\\neko', 'INTEL_DEV_REDIST': 'C:\\Program Files (x86)\\Common Files\\Intel\\Shared Libraries\\', 'PSMODULEPATH': 'C:\\Program Files\\WindowsPowerShell\\Modules;C:\\WINDOWS\\system32\\WindowsPowerShell\\v1.0\\Modules', 'COMMONPROGRAMFILES': 'C:\\Program Files\\Common Files', 'PROCESSOR_IDENTIFIER': 'Intel64 Family 6 Model 158 Stepping 13, GenuineIntel', 'PROGRAMFILES': 'C:\\Program Files', 'PROCESSOR_REVISION': '9e0d', 'PATH': 'C:\\Panda3D-1.11.0-x64\\panda3d\\..\\bin;C:\\Program Files (x86)\\Common Files\\Intel\\Shared Libraries\\redist\\intel64_win\\compiler;C:\\Program Files (x86)\\NVIDIA Corporation\\PhysX\\Common;C:\\Program Files\\Python38\\Scripts\\;C:\\Program Files\\Python38\\;C:\\WINDOWS\\system32;C:\\WINDOWS;C:\\WINDOWS\\System32\\Wbem;C:\\WINDOWS\\System32\\WindowsPowerShell\\v1.0\\;C:\\WINDOWS\\System32\\OpenSSH\\;C:\\Program Files\\NVIDIA Corporation\\NVIDIA NvDLISR;C:\\Program Files\\dotnet\\;C:\\Users\\theph\\AppData\\Local\\Programs\\Python\\Python39;C:\\Users\\theph\\AppData\\Local\\Programs\\Python\\Python39\\Scripts;C:\\Program Files\\Common Files\\Autodesk Shared\\;C:\\Program Files\\Git\\cmd;C:\\Program Files (x86)\\Windows Live\\Shared;C:\\HaxeToolkit\\haxe;C:\\HaxeToolkit\\neko;C:\\Program Files\\Microsoft SQL Server\\150\\Tools\\Binn\\;C:\\Program Files\\Microsoft SQL Server\\Client SDK\\ODBC\\170\\Tools\\Binn\\;C:\\Users\\theph\\AppData\\Local\\Microsoft\\WindowsApps;C:\\Users\\theph\\.dotnet\\tools;C:\\Program Files\\JetBrains\\PyCharm Community Edition 2020.3.3\\bin;C:\\Users\\theph\\AppData\\Local\\atom\\bin;C:\\Users\\theph\\AppData\\Local\\GitHubDesktop\\bin;C:\\Panda3D-1.9.0-x64\\python;C:\\Panda3D-1.9.0-x64\\python\\Scripts;C:\\Panda3D-1.9.0-x64\\bin;C:\\Panda3D-1.9.0\\python;C:\\Panda3D-1.9.0\\python\\Scripts;C:\\Panda3D-1.9.0\\bin;C:\\Panda3D-1.10.0\\python;C:\\Panda3D-1.10.0\\python\\Scripts;C:\\Panda3D-1.10.0\\bin;C:\\Program Files\\JetBrains\\PyCharm Community Edition 2022.1\\bin;;C:\\Users\\theph\\AppData\\Local\\Programs\\Microsoft VS Code\\bin;C:\\Panda3D-1.11.0\\python;C:\\Panda3D-1.11.0\\python\\Scripts;C:\\Panda3D-1.11.0\\bin;C:\\Users\\theph\\.dotnet\\tools;C:\\Panda3D-1.10.11-x64\\python;C:\\Panda3D-1.10.11-x64\\python\\Scripts;C:\\Panda3D-1.10.11-x64\\bin;C:\\Panda3D-1.11.0-x64\\python;C:\\Panda3D-1.11.0-x64\\python\\Scripts;C:\\Panda3D-1.11.0-x64\\bin;C:\\EventHorizon-battle-ng-teaser\\dependencies\\panda\\python;C:\\EventHorizon-battle-ng-teaser\\dependencies\\panda\\python\\Scripts;C:\\EventHorizon-battle-ng-teaser\\depe', 'SYSTEMROOT': 'C:\\WINDOWS', 'PROGRAMFILES(X86)': 'C:\\Program Files (x86)', 'COMSPEC': 'C:\\WINDOWS\\system32\\cmd.exe', 'DRIVERDATA': 'C:\\Windows\\System32\\Drivers\\DriverData', 'PPYTHON_PATH': '"Panda3D-1.11.0-x64\\python\\ppython.exe"', 'TEMP': 'C:\\Users\\theph\\AppData\\Local\\Temp', 'FPS_BROWSER_APP_PROFILE_STRING': 'Internet Explorer', 'COMMONPROGRAMFILES(X86)': 'C:\\Program Files (x86)\\Common Files', 'PROCESSOR_ARCHITECTURE': 'AMD64', 'ALLUSERSPROFILE': 'C:\\ProgramData', 'LOCALAPPDATA': 'C:\\Users\\theph\\AppData\\Local', 'FPS_BROWSER_USER_PROFILE_STRING': 'Default', 'HOMEPATH': '\\Users\\theph', 'USERDOMAIN_ROAMINGPROFILE': 'DESKTOP-7054VC9', 'PROGRAMW6432': 'C:\\Program Files', 'USERNAME': 'theph', 'LOGONSERVER': '\\\\DESKTOP-7054VC9', 'PROMPT': '$P$G', 'SESSIONNAME': 'Console', 'PROGRAMDATA': 'C:\\ProgramData', 'ONEDRIVE': 'C:\\Users\\theph\\OneDrive', 'ADSK_3DSMAX_X64_2019': 'C:\\Program Files\\Autodesk\\3ds Max 2019\\', 'ZES_ENABLE_SYSMAN': '1', 'HAXEPATH': 'C:\\HaxeToolkit\\haxe', 'PATHEXT': '.COM;.EXE;.BAT;.CMD;.VBS;.VBE;.JS;.JSE;.WSF;.WSH;.MSC;.PY;.PYW', 'TTOFF_LOGIN_TOKEN': 'dev', 'WINDIR': 'C:\\WINDOWS', 'PYCHARM COMMUNITY EDITION': 'C:\\Program Files\\JetBrains\\PyCharm Community Edition 2022.1\\bin;', 'HOMEDRIVE': 'C:', 'SYSTEMDRIVE': 'C:', 'PUBLIC': 'C:\\Users\\Public', 'NUMBER_OF_PROCESSORS': '16', 'APPDATA': 'C:\\Users\\theph\\AppData\\Roaming', 'PROCESSOR_LEVEL': '6', 'COMMONPROGRAMW6432': 'C:\\Program Files\\Common Files', 'OS': 'Windows_NT', 'ADSK_CLM_WPAD_PROXY_CHECK': 'FALSE', 'USERPROFILE': 'C:\\Users\\theph'}
:09-22-2022 21:24:38 TTOffLauncher: isTestServer: 0
:09-22-2022 21:24:38 TTOffLauncher: Game Server 127.0.0.1
:09-22-2022 21:24:38 TTOffLauncher: Starting Toontown Online... 
:09-22-2022 21:24:38 TTOffLauncher: foreground: Launcher now operating in foreground
useTTOffSpecificLogin=True
:09-22-2022 21:24:38 TTOffLauncher: maybeStartGame: starting game
:09-22-2022 21:24:38 TTOffLauncher: Starting Toontown Online...
:09-22-2022 21:24:38 TTOffLauncher: background: Launcher now operating in background
ToontownStart: Polling for game2 to finish...
ToontownStart: Game2 is finished.
ToontownStart: Starting the game.
ToontownStart: setting default font
:09-22-2022 21:24:38 TTOffLauncher: setting panda error code to 7
Known pipe types:
  wglGraphicsPipe
(all display modules loaded.)
:09-22-2022 21:24:38 ToonBase: Default graphics pipe is wglGraphicsPipe (OpenGL).
:09-22-2022 21:24:38 ToonBase: Successfully opened window of type wglGraphicsWindow (OpenGL)
:09-22-2022 21:24:38 ShowBase: __dev__ == False
:09-22-2022 21:24:39 TTOffLauncher: setting panda error code to 11
:09-22-2022 21:24:39 TTOffLauncher: setting panda error code to 0
ToontownStart: Loading default gui sounds
ToontownStart: serverVersion:  tto-dev
:09-22-2022 21:24:39 Loader: starting bulk load of block 'init'
:09-22-2022 21:24:39 :nativenet(error): Buffered_DatagramConnection Constructor rbufsize = 4096000 wbufsize = 4096000 write_flush_point = 1400
:09-22-2022 21:24:39 OTPClientRepository: Using connect method 'http'
:09-22-2022 21:24:40 TTOffLauncher: getRegistry ('DEPLOYMENT', None)
:09-22-2022 21:24:40 TTOffLauncher: checking env
:09-22-2022 21:24:40 TTOffLauncher: getRegistry ('GAME_DEPLOYMENT', None)
:09-22-2022 21:24:40 TTOffLauncher: checking env
:09-22-2022 21:24:40 OTPClientRepository: reg_deployment=
:09-22-2022 21:24:40 OTPClientRepository: required-login auto.
:09-22-2022 21:24:40 OTPClientRepository: loginInterface: LoginTTOffAccount
:09-22-2022 21:24:40 TTOffLauncher: getNeedPwForSecretKey using ttoff-specific-login
:09-22-2022 21:24:40 Loader: At end of block 'init', expected 138, loaded 5, duration=1.222963
:09-22-2022 21:24:40 OTPClientRepository: Connecting to gameserver directly (no proxy).
:09-22-2022 21:24:40 OTPClientRepository: Connecting to //127.0.0.1:7198 via HTTP interface.
:09-22-2022 21:24:40 TTOffLauncher: Stopping mini task manager.
:09-22-2022 21:24:40 OTPClientRepository: Successfully connected to //127.0.0.1:7198.
:09-22-2022 21:24:40 TTOffLauncher: Setting Disconnect Details normal
{401000001: <toontown.distributed.ToontownDistrict.ToontownDistrict instance at 0x000000001AE71148>}
:09-22-2022 21:24:41 StateData: AvatarChooser.enter
:09-22-2022 21:24:41 DisplayOptions: settingsFullScreen = False, embedded = False width=800 height=600
:09-22-2022 21:24:41 StateData: calling self.displayOptions.restrictToEmbedded(False)
:09-22-2022 21:24:42 OTPClientRepository: ================
:09-22-2022 21:24:42 OTPClientRepository: Chose avatar id: 100000003
:09-22-2022 21:24:42 OTPClientRepository: Chose avatar name: Deputy Skimpy
:09-22-2022 21:24:42 OTPClientRepository: Chose avatar dna: ('dls', 'ls', 'm', 'm', 18, 0, 18, 18, 1, 9, 1, 9, 1, 15)
:09-22-2022 21:24:42 OTPClientRepository: Chose avatar position: 2
:09-22-2022 21:24:42 OTPClientRepository: isPaid: 1
:09-22-2022 21:24:42 OTPClientRepository: freeTimeLeft: 0
:09-22-2022 21:24:42 OTPClientRepository: allowSecretChat: True
:09-22-2022 21:24:42 OTPClientRepository: ================
:09-22-2022 21:24:43 Loader: starting bulk load of block 'localAvatarPlayGame'
:09-22-2022 21:24:43 ToontownTimeManager(warning): error parsing date string=
local
:09-22-2022 21:24:43 NewsPageButtonManager(warning): Should not get here. NewsPageButtonManager.exitOff
:09-22-2022 21:24:43 :pnmimage:png(warning): iCCP: known incorrect sRGB profile
:09-22-2022 21:24:45 OTPClientRepository: Entering shard 401000001
:09-22-2022 21:24:45 StreetSign: Street sign url is https://ttoffline.com/images/
:09-22-2022 21:24:46 TimeManager: Clock sync: TimeManager.announceGenerate
:09-22-2022 21:24:46 NewsManager: setHolidayId: Starting Holiday 26
:09-22-2022 21:24:46 InGameNewsMgr: latestIssue=2013-08-22 16:49:46.000003-07:00
cpu info: GenuineIntel|Intel(R) Core(TM) i9-9900K CPU @ 3.60GHz|591597|0|3.600,3.600|8,16 cpus
:09-22-2022 21:24:47 OTPClientRepository: No sync from TimeManager.
:09-22-2022 21:24:47 OTPClientRepository: gotTimeSync
:09-22-2022 21:24:47 Loader: At end of block 'localAvatarPlayGame', expected 400, loaded 14, duration=4.2627664
:09-22-2022 21:24:47 TimeManager: Clock sync roundtrip took 1162.406 ms
:09-22-2022 21:24:47 TimeManager: AI time delta is -0:01 from server delta
:09-22-2022 21:24:47 TimeManager: Local clock uncertainty +/- 0.581 s
:09-22-2022 21:24:47 PlayGame: QA-REGRESSION: NEIGHBORHOODS: Visit Sellbot HQ
:09-22-2022 21:24:47 Loader: starting bulk load of block 'hood'
:09-22-2022 21:24:48 SellbotCogHQLoader: loadPlaceGeom: 11000
:09-22-2022 21:24:48 DistributedObject: DistributedSuitPlanner 401002968: generating
:09-22-2022 21:24:48 DistributedToon: calling LocalAvatar.startchat
:09-22-2022 21:24:48 :loader(error): Couldn't load file phase_4/models/questmap/cog_hq_sellbot_maps.bam: not found on model path (currently: "/;/c/Toontown-Last-Laff-Workspace/src/toontown/launcher;/c/Panda3D-1.11.0-x64/etc/..;/c/Panda3D-1.11.0-x64/etc/../models")
:09-22-2022 21:24:48 Loader: At end of block 'hood', expected 43, loaded 4, duration=1.0900885
:09-22-2022 21:24:49 TTOffMagicWordManager: Run mode has been toggled.
:09-22-2022 21:24:49 Teleport(debug): teleportInDone: walk
:09-22-2022 21:24:49 :loader(error): Couldn't load file phase_4/models/questmap/cog_hq_sellbot_maps.bam: not found on model path (currently: "/;/c/Toontown-Last-Laff-Workspace/src/toontown/launcher;/c/Panda3D-1.11.0-x64/etc/..;/c/Panda3D-1.11.0-x64/etc/../models")
:09-22-2022 21:24:53 SellbotCogHQLoader: loadPlaceGeom: 11100
:09-22-2022 21:24:53 SellbotCogHQLoader: QA-REGRESSION: COGHQ: Visit SellbotLobby
:09-22-2022 21:24:53 SellbotHQExterior: Unloading Place (11000). Fsm in final
:09-22-2022 21:24:53 DistributedObject: DistributedSuitPlanner 401002968: disabling
:09-22-2022 21:24:53 DistributedToon: calling LocalAvatar.startchat
:09-22-2022 21:24:53 :loader(error): Couldn't load file phase_4/models/questmap/cog_hq_sellbot_maps.bam: not found on model path (currently: "/;/c/Toontown-Last-Laff-Workspace/src/toontown/launcher;/c/Panda3D-1.11.0-x64/etc/..;/c/Panda3D-1.11.0-x64/etc/../models")
:09-22-2022 21:24:55 :loader(error): Couldn't load file phase_4/models/questmap/cog_hq_sellbot_maps.bam: not found on model path (currently: "/;/c/Toontown-Last-Laff-Workspace/src/toontown/launcher;/c/Panda3D-1.11.0-x64/etc/..;/c/Panda3D-1.11.0-x64/etc/../models")
:09-22-2022 21:25:03 SellbotCogHQLoader: loadPlaceGeom: 61001
:09-22-2022 21:25:03 SellbotCogHQLoader(warning): loadPlaceGeom: unclassified zone 61000
:09-22-2022 21:25:03 CogHQLobby: Unloading Place (11100). Fsm in final
:09-22-2022 21:25:03 Actor(warning): no part named head-front*!
:09-22-2022 21:25:03 DistributedToon: calling LocalAvatar.startchat
:09-22-2022 21:25:03 SellbotHQBossBattle(warning): fsm.request('movie') returned 0 (zone id 61001, avatar pos LPoint3f(-2.57997, 95, 18.1093)).
:09-22-2022 21:25:17 SellbotHQBossBattle(warning): fsm.request('movie') returned 0 (zone id 61001, avatar pos LPoint3f(-2.57997, 95, 18.1093)).
:09-22-2022 21:25:27 SellbotHQBossBattle(warning): fsm.request('walk') returned 0 (zone id 61001, avatar pos LPoint3f(-35.4, -35, 5.69584)).
:09-22-2022 21:25:27 TTOffMagicWordManager: Skipping to final round...
Battle Event localtoon-battle-event-10
Traceback (most recent call last):
  File "C:\Panda3D-1.11.0-x64\direct\distributed\ConnectionRepository.py", line 609, in readerPollUntilEmpty
    while self.readerPollOnce():
  File "C:\Panda3D-1.11.0-x64\direct\distributed\ConnectionRepository.py", line 616, in readerPollOnce
    self.handleDatagram(self.private__di)
  File "otp\distributed\OTPClientRepository.py", line 1838, in handleDatagram
    self.handler(msgType, di)
  File "otp\distributed\OTPClientRepository.py", line 1441, in handlePlayGame
    self.handleUpdateField(di)
  File "C:\Panda3D-1.11.0-x64\direct\distributed\ClientRepositoryBase.py", line 437, in handleUpdateField
    self.__doUpdate(doId, di, ovUpdated)
  File "C:\Panda3D-1.11.0-x64\direct\distributed\ClientRepositoryBase.py", line 445, in __doUpdate
    do.dclass.receiveUpdate(do, di)
  File "toontown\battle\DistributedBattleBase.py", line 343, in setState
    self.fsm.request(state, [globalClockDelta.localElapsedTime(timestamp)])
  File "C:\Panda3D-1.11.0-x64\direct\fsm\ClassicFSM.py", line 281, in request
    exitArgList)
  File "C:\Panda3D-1.11.0-x64\direct\fsm\ClassicFSM.py", line 228, in __transition
    self.__enter(aState, enterArgList)
  File "C:\Panda3D-1.11.0-x64\direct\fsm\ClassicFSM.py", line 214, in __enter
    aState.enter(argList)
  File "C:\Panda3D-1.11.0-x64\direct\fsm\State.py", line 202, in enter
    self.__enterFunc(*argList)
  File "toontown\battle\DistributedBattleFinal.py", line 170, in enterReservesJoining
    self.showSuitsJoining(self.joiningSuits, ts, self.joiningSuitsName, self.__reservesJoiningDone)
  File "toontown\battle\DistributedBattleFinal.py", line 110, in showSuitsJoining
    suitTrack.append(Func(suit.setPlayRate, 'walk', 1.5), Track((delay, self.createAdjustInterval(suit, destPos, destHpr)), (delay + 1.5, suit.scaleInterval(1.5, 1))))
TypeError: append() takes exactly 2 arguments (3 given)
:09-22-2022 21:26:10 :task(error): Exception occurred in PythonTask readerPollTask-172078336
:09-22-2022 21:26:10 TTOffLauncher: setting panda error code to 12
:09-22-2022 21:26:10 TTOffLauncher(warning): Handling Python exception.
:09-22-2022 21:26:10 TimeManager: Client disconnect reason 3.
:09-22-2022 21:26:10 TimeManager: Client exception: toontown.battle.DistributedBattleFinal:110, toontown.battle.DistributedBattleFinal:170, direct.fsm.State:202, direct.fsm.ClassicFSM:214, TypeError: append() takes exactly 2 arguments (3 given)
:09-22-2022 21:26:10 OTPClientRepository: Sent disconnect message to server
:09-22-2022 21:26:10 OTPClientRepository: Closing connection to server.
:09-22-2022 21:26:10 TTOffLauncher: Exception exit.

Traceback (most recent call last):
  File "otp\launcher\LauncherBase.py", line 1081, in mainLoop
    self._runTaskManager()
  File "otp\launcher\LauncherBase.py", line 1052, in _runTaskManager
    taskMgr.run()
  File "C:\Panda3D-1.11.0-x64\direct\task\Task.py", line 528, in run
    self.step()
  File "C:\Panda3D-1.11.0-x64\direct\task\Task.py", line 482, in step
    self.mgr.poll()
  File "C:\Panda3D-1.11.0-x64\direct\distributed\ConnectionRepository.py", line 609, in readerPollUntilEmpty
    while self.readerPollOnce():
  File "C:\Panda3D-1.11.0-x64\direct\distributed\ConnectionRepository.py", line 616, in readerPollOnce
    self.handleDatagram(self.private__di)
  File "otp\distributed\OTPClientRepository.py", line 1838, in handleDatagram
    self.handler(msgType, di)
  File "otp\distributed\OTPClientRepository.py", line 1441, in handlePlayGame
    self.handleUpdateField(di)
  File "C:\Panda3D-1.11.0-x64\direct\distributed\ClientRepositoryBase.py", line 437, in handleUpdateField
    self.__doUpdate(doId, di, ovUpdated)
  File "C:\Panda3D-1.11.0-x64\direct\distributed\ClientRepositoryBase.py", line 445, in __doUpdate
    do.dclass.receiveUpdate(do, di)
  File "toontown\battle\DistributedBattleBase.py", line 343, in setState
    self.fsm.request(state, [globalClockDelta.localElapsedTime(timestamp)])
  File "C:\Panda3D-1.11.0-x64\direct\fsm\ClassicFSM.py", line 281, in request
    exitArgList)
  File "C:\Panda3D-1.11.0-x64\direct\fsm\ClassicFSM.py", line 228, in __transition
    self.__enter(aState, enterArgList)
  File "C:\Panda3D-1.11.0-x64\direct\fsm\ClassicFSM.py", line 214, in __enter
    aState.enter(argList)
  File "C:\Panda3D-1.11.0-x64\direct\fsm\State.py", line 202, in enter
    self.__enterFunc(*argList)
  File "toontown\battle\DistributedBattleFinal.py", line 170, in enterReservesJoining
    self.showSuitsJoining(self.joiningSuits, ts, self.joiningSuitsName, self.__reservesJoiningDone)
  File "toontown\battle\DistributedBattleFinal.py", line 110, in showSuitsJoining
    suitTrack.append(Func(suit.setPlayRate, 'walk', 1.5), Track((delay, self.createAdjustInterval(suit, destPos, destHpr)), (delay + 1.5, suit.scaleInterval(1.5, 1))))
TypeError: append() takes exactly 2 arguments (3 given)
