

Starting Toontown Online...
Current time: Wed Oct 19 20:28:19 2022 Eastern Standard Time
sys.path =  ['', 'C:\\Toontown-Last-Laff-Workspace\\src\\Panda3D-1.11.0-x64\\python\\python27.zip', 'C:\\Panda3D-1.10.12-x64', 'C:\\Toontown-Last-Laff-Workspace\\src\\Panda3D-1.11.0-x64\\python\\DLLs', 'C:\\Toontown-Last-Laff-Workspace\\src\\Panda3D-1.11.0-x64\\python\\lib', 'C:\\Toontown-Last-Laff-Workspace\\src\\Panda3D-1.11.0-x64\\python\\lib\\plat-win', 'C:\\Toontown-Last-Laff-Workspace\\src\\Panda3D-1.11.0-x64\\python\\lib\\lib-tk', 'C:\\Toontown-Last-Laff-Workspace\\src\\Panda3D-1.11.0-x64\\python', 'C:\\Toontown-Last-Laff-Workspace\\src\\Panda3D-1.11.0-x64', 'C:\\Toontown-Last-Laff-Workspace\\src\\Panda3D-1.11.0-x64\\bin', 'C:\\Toontown-Last-Laff-Workspace\\src\\Panda3D-1.11.0-x64\\python\\lib\\site-packages']
sys.argv =  ['C:\\Toontown-Last-Laff-Workspace\\src\\toontown\\launcher\\TTOffQuickStartLauncher.py']
generating standard configrc
os.environ =  {'TMP': 'C:\\Users\\theph\\AppData\\Local\\Temp', 'COMPUTERNAME': 'DESKTOP-7054VC9', 'USERDOMAIN': 'DESKTOP-7054VC9', 'NEKO_INSTPATH': 'C:\\HaxeToolkit\\neko', 'INTEL_DEV_REDIST': 'C:\\Program Files (x86)\\Common Files\\Intel\\Shared Libraries\\', 'PSMODULEPATH': 'C:\\Program Files\\WindowsPowerShell\\Modules;C:\\WINDOWS\\system32\\WindowsPowerShell\\v1.0\\Modules', 'COMMONPROGRAMFILES': 'C:\\Program Files\\Common Files', 'PROCESSOR_IDENTIFIER': 'Intel64 Family 6 Model 158 Stepping 13, GenuineIntel', 'PROGRAMFILES': 'C:\\Program Files', 'PROCESSOR_REVISION': '9e0d', 'PATH': 'C:\\Toontown-Last-Laff-Workspace\\src\\Panda3D-1.11.0-x64\\panda3d\\..\\bin;C:\\Program Files (x86)\\Common Files\\Intel\\Shared Libraries\\redist\\intel64_win\\compiler;C:\\Program Files (x86)\\NVIDIA Corporation\\PhysX\\Common;C:\\Program Files\\Python38\\Scripts\\;C:\\Program Files\\Python38\\;C:\\WINDOWS\\system32;C:\\WINDOWS;C:\\WINDOWS\\System32\\Wbem;C:\\WINDOWS\\System32\\WindowsPowerShell\\v1.0\\;C:\\WINDOWS\\System32\\OpenSSH\\;C:\\Program Files\\NVIDIA Corporation\\NVIDIA NvDLISR;C:\\Program Files\\dotnet\\;C:\\Users\\theph\\AppData\\Local\\Programs\\Python\\Python39;C:\\Users\\theph\\AppData\\Local\\Programs\\Python\\Python39\\Scripts;C:\\Program Files\\Common Files\\Autodesk Shared\\;C:\\Program Files\\Git\\cmd;C:\\Program Files (x86)\\Windows Live\\Shared;C:\\HaxeToolkit\\haxe;C:\\HaxeToolkit\\neko;C:\\Program Files\\Microsoft SQL Server\\150\\Tools\\Binn\\;C:\\Program Files\\Microsoft SQL Server\\Client SDK\\ODBC\\170\\Tools\\Binn\\;C:\\Users\\theph\\AppData\\Local\\Microsoft\\WindowsApps;C:\\Users\\theph\\.dotnet\\tools;C:\\Program Files\\JetBrains\\PyCharm Community Edition 2020.3.3\\bin;C:\\Users\\theph\\AppData\\Local\\atom\\bin;C:\\Users\\theph\\AppData\\Local\\GitHubDesktop\\bin;C:\\Panda3D-1.9.0-x64\\python;C:\\Panda3D-1.9.0-x64\\python\\Scripts;C:\\Panda3D-1.9.0-x64\\bin;C:\\Panda3D-1.9.0\\python;C:\\Panda3D-1.9.0\\python\\Scripts;C:\\Panda3D-1.9.0\\bin;C:\\Panda3D-1.10.0\\python;C:\\Panda3D-1.10.0\\python\\Scripts;C:\\Panda3D-1.10.0\\bin;C:\\Program Files\\JetBrains\\PyCharm Community Edition 2022.2.2\\bin;;C:\\Users\\theph\\AppData\\Local\\Programs\\Microsoft VS Code\\bin;C:\\Panda3D-1.11.0\\python;C:\\Panda3D-1.11.0\\python\\Scripts;C:\\Panda3D-1.11.0\\bin;C:\\Users\\theph\\.dotnet\\tools;C:\\Panda3D-1.10.11-x64\\python;C:\\Panda3D-1.10.11-x64\\python\\Scripts;C:\\Panda3D-1.10.11-x64\\bin;C:\\Panda3D-1.11.0-x64\\python;C:\\Panda3D-1.11.0-x64\\python\\Scripts;C:\\Panda3D-1.11.0-x64\\bin;C:\\EventHorizon-battle-ng-teaser\\dependencies\\panda\\python;C:\\EventHorizon-battle-ng-teaser\\dependencies\\panda\\python\\Scripts;C:\\EventHorizon-battle-ng-teaser\\depe', 'SYSTEMROOT': 'C:\\WINDOWS', 'PROGRAMFILES(X86)': 'C:\\Program Files (x86)', 'COMSPEC': 'C:\\WINDOWS\\system32\\cmd.exe', 'DRIVERDATA': 'C:\\Windows\\System32\\Drivers\\DriverData', 'PPYTHON_PATH': '"Panda3D-1.11.0-x64\\python\\ppython.exe"', 'TEMP': 'C:\\Users\\theph\\AppData\\Local\\Temp', 'FPS_BROWSER_APP_PROFILE_STRING': 'Internet Explorer', 'COMMONPROGRAMFILES(X86)': 'C:\\Program Files (x86)\\Common Files', 'PROCESSOR_ARCHITECTURE': 'AMD64', 'ALLUSERSPROFILE': 'C:\\ProgramData', 'LOCALAPPDATA': 'C:\\Users\\theph\\AppData\\Local', 'FPS_BROWSER_USER_PROFILE_STRING': 'Default', 'HOMEPATH': '\\Users\\theph', 'USERDOMAIN_ROAMINGPROFILE': 'DESKTOP-7054VC9', 'PROGRAMW6432': 'C:\\Program Files', 'USERNAME': 'theph', 'LOGONSERVER': '\\\\DESKTOP-7054VC9', 'PROMPT': '$P$G', 'SESSIONNAME': 'Console', 'PROGRAMDATA': 'C:\\ProgramData', 'ONEDRIVE': 'C:\\Users\\theph\\OneDrive', 'ADSK_3DSMAX_X64_2019': 'C:\\Program Files\\Autodesk\\3ds Max 2019\\', 'ZES_ENABLE_SYSMAN': '1', 'HAXEPATH': 'C:\\HaxeToolkit\\haxe', 'PATHEXT': '.COM;.EXE;.BAT;.CMD;.VBS;.VBE;.JS;.JSE;.WSF;.WSH;.MSC;.PY;.PYW', 'TTOFF_LOGIN_TOKEN': 'dev', 'WINDIR': 'C:\\WINDOWS', 'PYCHARM COMMUNITY EDITION': 'C:\\Program Files\\JetBrains\\PyCharm Community Edition 2022.2.2\\bin;', 'HOMEDRIVE': 'C:', 'SYSTEMDRIVE': 'C:', 'PUBLIC': 'C:\\Users\\Public', 'NUMBER_OF_PROCESSORS': '16', 'APPDATA': 'C:\\Users\\theph\\AppData\\Roaming', 'PROCESSOR_LEVEL': '6', 'COMMONPROGRAMW6432': 'C:\\Program Files\\Common Files', 'OS': 'Windows_NT', 'ADSK_CLM_WPAD_PROXY_CHECK': 'FALSE', 'USERPROFILE': 'C:\\Users\\theph'}
:10-19-2022 20:28:19 TTOffLauncher: isTestServer: 0
:10-19-2022 20:28:19 TTOffLauncher: Game Server 127.0.0.1
:10-19-2022 20:28:19 TTOffLauncher: Starting Toontown Online... 
:10-19-2022 20:28:19 TTOffLauncher: foreground: Launcher now operating in foreground
useTTOffSpecificLogin=True
:10-19-2022 20:28:19 TTOffLauncher: maybeStartGame: starting game
:10-19-2022 20:28:19 TTOffLauncher: Starting Toontown Online...
:10-19-2022 20:28:19 TTOffLauncher: background: Launcher now operating in background
ToontownStart: Polling for game2 to finish...
ToontownStart: Game2 is finished.
ToontownStart: Starting the game.
ToontownStart: setting default font
:10-19-2022 20:28:19 TTOffLauncher: setting panda error code to 7
Known pipe types:
  wglGraphicsPipe
(all display modules loaded.)
:10-19-2022 20:28:19 ToonBase: Default graphics pipe is wglGraphicsPipe (OpenGL).
:10-19-2022 20:28:20 :display(warning): FrameBufferProperties available less than requested.
  requested: depth_bits=24 color_bits=3 red_bits=1 green_bits=1 blue_bits=1 alpha_bits=1 multisamples=70 back_buffers=1 force_hardware 
  got: depth_bits=24 color_bits=24 red_bits=8 green_bits=8 blue_bits=8 alpha_bits=8 accum_bits=64 multisamples=16 back_buffers=1 force_hardware 
:10-19-2022 20:28:20 ToonBase: Successfully opened window of type wglGraphicsWindow (OpenGL)
:10-19-2022 20:28:20 ShowBase: __dev__ == False
:10-19-2022 20:28:20 TTOffLauncher: setting panda error code to 11
:10-19-2022 20:28:20 TTOffLauncher: setting panda error code to 0
ToontownStart: Loading default gui sounds
ToontownStart: serverVersion:  tto-dev
:10-19-2022 20:28:20 Loader: starting bulk load of block 'init'
:10-19-2022 20:28:21 :nativenet(error): Buffered_DatagramConnection Constructor rbufsize = 4096000 wbufsize = 4096000 write_flush_point = 1400
:10-19-2022 20:28:21 OTPClientRepository: Using connect method 'http'
:10-19-2022 20:28:21 TTOffLauncher: getRegistry ('DEPLOYMENT', None)
:10-19-2022 20:28:21 TTOffLauncher: checking env
:10-19-2022 20:28:21 TTOffLauncher: getRegistry ('GAME_DEPLOYMENT', None)
:10-19-2022 20:28:21 TTOffLauncher: checking env
:10-19-2022 20:28:21 OTPClientRepository: reg_deployment=
:10-19-2022 20:28:21 OTPClientRepository: required-login auto.
:10-19-2022 20:28:21 OTPClientRepository: loginInterface: LoginTTOffAccount
:10-19-2022 20:28:21 TTOffLauncher: getNeedPwForSecretKey using ttoff-specific-login
:10-19-2022 20:28:21 Loader: At end of block 'init', expected 138, loaded 5, duration=1.1889353
:10-19-2022 20:28:21 OTPClientRepository: Connecting to gameserver directly (no proxy).
:10-19-2022 20:28:21 OTPClientRepository: Connecting to //127.0.0.1:7198 via HTTP interface.
:10-19-2022 20:28:21 TTOffLauncher: Stopping mini task manager.
:10-19-2022 20:28:21 OTPClientRepository: Successfully connected to //127.0.0.1:7198.
:10-19-2022 20:28:21 TTOffLauncher: Setting Disconnect Details normal
{402000001: <toontown.distributed.ToontownDistrict.ToontownDistrict instance at 0x000000001F8BBB48>}
:10-19-2022 20:28:23 StateData: AvatarChooser.enter
:10-19-2022 20:28:23 DisplayOptions: settingsFullScreen = False, embedded = False width=800 height=600
:10-19-2022 20:28:23 StateData: calling self.displayOptions.restrictToEmbedded(False)
:10-19-2022 20:28:25 OTPClientRepository: ================
:10-19-2022 20:28:25 OTPClientRepository: Chose avatar id: 100000001
:10-19-2022 20:28:25 OTPClientRepository: Chose avatar name: Winky Megaberry
:10-19-2022 20:28:25 OTPClientRepository: Chose avatar dna: ('rls', 'ss', 's', 'm', 22, 0, 22, 22, 0, 27, 0, 27, 1, 18)
:10-19-2022 20:28:25 OTPClientRepository: Chose avatar position: 1
:10-19-2022 20:28:25 OTPClientRepository: isPaid: 1
:10-19-2022 20:28:25 OTPClientRepository: freeTimeLeft: 0
:10-19-2022 20:28:25 OTPClientRepository: allowSecretChat: True
:10-19-2022 20:28:25 OTPClientRepository: ================
:10-19-2022 20:28:25 Loader: starting bulk load of block 'localAvatarPlayGame'
:10-19-2022 20:28:26 ToontownTimeManager(warning): error parsing date string=
local
:10-19-2022 20:28:26 NewsPageButtonManager(warning): Should not get here. NewsPageButtonManager.exitOff
:10-19-2022 20:28:26 :gobj(error): Texture::read() - couldn't read: phase_3.5/maps/global_disabled.jpg
:10-19-2022 20:28:26 :gobj(error): Unable to find texture "phase_3.5/maps/global_disabled.jpg" on model-path /;/c/Toontown-Last-Laff-Workspace/src/toontown/launcher;/c/Toontown-Last-Laff-Workspace/src/Panda3D-1.11.0-x64/etc/..;/c/Toontown-Last-Laff-Workspace/src/Panda3D-1.11.0-x64/etc/../models
:10-19-2022 20:28:26 :pnmimage:png(warning): iCCP: known incorrect sRGB profile
:10-19-2022 20:28:28 OTPClientRepository: Entering shard 402000001
:10-19-2022 20:28:28 StreetSign: Street sign url is https://ttoffline.com/images/
:10-19-2022 20:28:29 TimeManager: Clock sync: TimeManager.announceGenerate
:10-19-2022 20:28:29 NewsManager: setHolidayId: Starting Holiday 26
:10-19-2022 20:28:29 NewsManager: setHolidayId: Starting Holiday 7
:10-19-2022 20:28:29 InGameNewsMgr: latestIssue=2013-08-22 16:49:46.000003-07:00
cpu info: GenuineIntel|Intel(R) Core(TM) i9-9900K CPU @ 3.60GHz|591597|0|3.600,3.600|8,16 cpus
:10-19-2022 20:28:30 OTPClientRepository: No sync from TimeManager.
:10-19-2022 20:28:30 OTPClientRepository: gotTimeSync
:10-19-2022 20:28:30 Loader: At end of block 'localAvatarPlayGame', expected 400, loaded 17, duration=4.8744056
:10-19-2022 20:28:30 TimeManager: Clock sync roundtrip took 1150.400 ms
:10-19-2022 20:28:30 TimeManager: AI time delta is -0:01 from server delta
:10-19-2022 20:28:30 TimeManager: Local clock uncertainty +/- 0.575 s
:10-19-2022 20:28:30 PlayGame: QA-REGRESSION: NEIGHBORHOODS: Visit Daisy Gardens
:10-19-2022 20:28:30 Loader: starting bulk load of block 'hood'
:10-19-2022 20:28:31 OTPClientRepository: Sending heartbeat mid-frame.
:10-19-2022 20:28:32 DistributedObject(warning): no loader.getInteractiveProp self.interactiveProp is None
:10-19-2022 20:28:32 Actor(warning): no part named head-front*!
:10-19-2022 20:28:32 DistributedToon: calling LocalAvatar.startchat
:10-19-2022 20:28:32 Loader: At end of block 'hood', expected 11, loaded 10, duration=2.2036768
:10-19-2022 20:28:34 Teleport(debug): teleportInDone: walk
:10-19-2022 20:28:34 ShtikerBook: QA-REGRESSION: SHTICKERBOOK: Open
OnscreenText.configure: mayChange == 0
OnscreenText.configure: mayChange == 0
OnscreenText.configure: mayChange == 0
OnscreenText.configure: mayChange == 0
:10-19-2022 20:28:35 ShtikerBook: QA-REGRESSION: SHTICKERBOOK: Close
:10-19-2022 20:28:40 Playground: Unloading Place (5000). Fsm in final
:10-19-2022 20:28:40 PlayGame: QA-REGRESSION: NEIGHBORHOODS: Visit Sellbot HQ
:10-19-2022 20:28:40 Loader: starting bulk load of block 'hood'
:10-19-2022 20:28:41 TownBattleSuitPanel: Loading Suit Battle Panel!
:10-19-2022 20:28:41 TownBattleSuitPanel: Loading Suit Battle Panel!
:10-19-2022 20:28:41 TownBattleSuitPanel: Loading Suit Battle Panel!
:10-19-2022 20:28:41 TownBattleSuitPanel: Loading Suit Battle Panel!
:10-19-2022 20:28:41 SellbotCogHQLoader: loadPlaceGeom: 11000
:10-19-2022 20:28:41 DistributedObject: DistributedSuitPlanner 402002950: generating
:10-19-2022 20:28:41 DistributedToon: calling LocalAvatar.startchat
:10-19-2022 20:28:41 :loader(error): Couldn't load file phase_4/models/questmap/cog_hq_sellbot_maps.bam: not found on model path (currently: "/;/c/Toontown-Last-Laff-Workspace/src/toontown/launcher;/c/Toontown-Last-Laff-Workspace/src/Panda3D-1.11.0-x64/etc/..;/c/Toontown-Last-Laff-Workspace/src/Panda3D-1.11.0-x64/etc/../models")
:10-19-2022 20:28:41 Loader: At end of block 'hood', expected 43, loaded 2, duration=0.6231329
:10-19-2022 20:28:41 Actor(warning): to_head not found!
:10-19-2022 20:28:42 Teleport(debug): teleportInDone: walk
:10-19-2022 20:28:42 :loader(error): Couldn't load file phase_4/models/questmap/cog_hq_sellbot_maps.bam: not found on model path (currently: "/;/c/Toontown-Last-Laff-Workspace/src/toontown/launcher;/c/Toontown-Last-Laff-Workspace/src/Panda3D-1.11.0-x64/etc/..;/c/Toontown-Last-Laff-Workspace/src/Panda3D-1.11.0-x64/etc/../models")
:10-19-2022 20:28:52 Actor(warning): to_head not found!
:10-19-2022 20:29:04 ToonBase: User closed main window.
:10-19-2022 20:29:04 TimeManager: Client disconnect reason 2.
:10-19-2022 20:29:04 DistributedObject: DistributedSuitPlanner 402002950: disabling
Traceback (most recent call last):
  File "C:\Toontown-Last-Laff-Workspace\src\Panda3D-1.11.0-x64\direct\showbase\EventManager.py", line 49, in eventLoopTask
    self.doEvents()
  File "C:\Toontown-Last-Laff-Workspace\src\Panda3D-1.11.0-x64\direct\showbase\EventManager.py", line 43, in doEvents
    processFunc(dequeueFunc())
  File "C:\Toontown-Last-Laff-Workspace\src\Panda3D-1.11.0-x64\direct\showbase\EventManager.py", line 99, in processEvent
    messenger.send(eventName, paramList)
  File "C:\Toontown-Last-Laff-Workspace\src\Panda3D-1.11.0-x64\direct\showbase\Messenger.py", line 333, in send
    self.__dispatch(acceptorDict, event, sentArgs, foundWatch)
  File "C:\Toontown-Last-Laff-Workspace\src\Panda3D-1.11.0-x64\direct\showbase\Messenger.py", line 418, in __dispatch
    result = method (*(extraArgs + sentArgs))
  File "toontown\toonbase\ToonBase.py", line 169, in windowEvent
    OTPBase.OTPBase.windowEvent(self, win)
  File "C:\Toontown-Last-Laff-Workspace\src\Panda3D-1.11.0-x64\direct\showbase\ShowBase.py", line 2791, in windowEvent
    self.userExit()
  File "toontown\toonbase\ToonBase.py", line 402, in userExit
    self.cr.dumpAllSubShardObjects()
  File "toontown\distributed\ToontownClientRepository.py", line 579, in dumpAllSubShardObjects
    self.deleteObject(doId)
  File "toontown\distributed\ToontownClientRepository.py", line 999, in deleteObject
    obj.deleteOrDelay()
  File "C:\Toontown-Last-Laff-Workspace\src\Panda3D-1.11.0-x64\direct\distributed\DistributedObject.py", line 201, in deleteOrDelay
    self.disableAnnounceAndDelete()
  File "C:\Toontown-Last-Laff-Workspace\src\Panda3D-1.11.0-x64\direct\distributed\DistributedObject.py", line 205, in disableAnnounceAndDelete
    self.delete()
  File "toontown\suit\DistributedSuit.py", line 207, in delete
    DistributedSuitBase.DistributedSuitBase.delete(self)
  File "toontown\suit\DistributedSuitBase.py", line 120, in delete
    Suit.Suit.delete(self)
  File "toontown\suit\Suit.py", line 376, in delete
    part.removeNode()
AttributeError: 'NoneType' object has no attribute 'removeNode'
:10-19-2022 20:29:04 :task(error): Exception occurred in PythonTask eventManager
:10-19-2022 20:29:04 TTOffLauncher: setting panda error code to 12
:10-19-2022 20:29:04 TTOffLauncher(warning): Handling Python exception.
:10-19-2022 20:29:04 TimeManager: Client disconnect reason 3.
:10-19-2022 20:29:04 TimeManager: Client exception: toontown.suit.Suit:376, toontown.suit.DistributedSuitBase:120, toontown.suit.DistributedSuit:207, direct.distributed.DistributedObject:205, AttributeError: 'NoneType' object has no attribute 'removeNode'
:10-19-2022 20:29:04 OTPClientRepository: Sent disconnect message to server
:10-19-2022 20:29:04 OTPClientRepository: Closing connection to server.
:10-19-2022 20:29:04 TTOffLauncher: Exception exit.

Traceback (most recent call last):
  File "otp\launcher\LauncherBase.py", line 1081, in mainLoop
    self._runTaskManager()
  File "otp\launcher\LauncherBase.py", line 1052, in _runTaskManager
    taskMgr.run()
  File "C:\Toontown-Last-Laff-Workspace\src\Panda3D-1.11.0-x64\direct\task\Task.py", line 528, in run
    self.step()
  File "C:\Toontown-Last-Laff-Workspace\src\Panda3D-1.11.0-x64\direct\task\Task.py", line 482, in step
    self.mgr.poll()
  File "C:\Toontown-Last-Laff-Workspace\src\Panda3D-1.11.0-x64\direct\showbase\EventManager.py", line 49, in eventLoopTask
    self.doEvents()
  File "C:\Toontown-Last-Laff-Workspace\src\Panda3D-1.11.0-x64\direct\showbase\EventManager.py", line 43, in doEvents
    processFunc(dequeueFunc())
  File "C:\Toontown-Last-Laff-Workspace\src\Panda3D-1.11.0-x64\direct\showbase\EventManager.py", line 99, in processEvent
    messenger.send(eventName, paramList)
  File "C:\Toontown-Last-Laff-Workspace\src\Panda3D-1.11.0-x64\direct\showbase\Messenger.py", line 333, in send
    self.__dispatch(acceptorDict, event, sentArgs, foundWatch)
  File "C:\Toontown-Last-Laff-Workspace\src\Panda3D-1.11.0-x64\direct\showbase\Messenger.py", line 418, in __dispatch
    result = method (*(extraArgs + sentArgs))
  File "toontown\toonbase\ToonBase.py", line 169, in windowEvent
    OTPBase.OTPBase.windowEvent(self, win)
  File "C:\Toontown-Last-Laff-Workspace\src\Panda3D-1.11.0-x64\direct\showbase\ShowBase.py", line 2791, in windowEvent
    self.userExit()
  File "toontown\toonbase\ToonBase.py", line 402, in userExit
    self.cr.dumpAllSubShardObjects()
  File "toontown\distributed\ToontownClientRepository.py", line 579, in dumpAllSubShardObjects
    self.deleteObject(doId)
  File "toontown\distributed\ToontownClientRepository.py", line 999, in deleteObject
    obj.deleteOrDelay()
  File "C:\Toontown-Last-Laff-Workspace\src\Panda3D-1.11.0-x64\direct\distributed\DistributedObject.py", line 201, in deleteOrDelay
    self.disableAnnounceAndDelete()
  File "C:\Toontown-Last-Laff-Workspace\src\Panda3D-1.11.0-x64\direct\distributed\DistributedObject.py", line 205, in disableAnnounceAndDelete
    self.delete()
  File "toontown\suit\DistributedSuit.py", line 207, in delete
    DistributedSuitBase.DistributedSuitBase.delete(self)
  File "toontown\suit\DistributedSuitBase.py", line 120, in delete
    Suit.Suit.delete(self)
  File "toontown\suit\Suit.py", line 376, in delete
    part.removeNode()
AttributeError: 'NoneType' object has no attribute 'removeNode'
